[2026-05-02T08:24:51.823+0000] {local_task_job_runner.py:120} INFO - ::group::Pre task execution logs
[2026-05-02T08:24:51.882+0000] {taskinstance.py:2073} INFO - Dependencies all met for dep_context=non-requeueable deps ti=<TaskInstance: etl_pipeline.ingestion manual__2026-05-02T08:24:48.784985+00:00 [queued]>
[2026-05-02T08:24:51.896+0000] {taskinstance.py:2073} INFO - Dependencies all met for dep_context=requeueable deps ti=<TaskInstance: etl_pipeline.ingestion manual__2026-05-02T08:24:48.784985+00:00 [queued]>
[2026-05-02T08:24:51.899+0000] {taskinstance.py:2303} INFO - Starting attempt 1 of 1
[2026-05-02T08:24:51.925+0000] {taskinstance.py:2327} INFO - Executing <Task(BashOperator): ingestion> on 2026-05-02 08:24:48.784985+00:00
[2026-05-02T08:24:51.948+0000] {standard_task_runner.py:90} INFO - Running: ['airflow', 'tasks', 'run', 'etl_pipeline', 'ingestion', 'manual__2026-05-02T08:24:48.784985+00:00', '--job-id', '38', '--raw', '--subdir', 'DAGS_FOLDER/retail_dag.py', '--cfg-path', '/tmp/tmpycutezs_']
[2026-05-02T08:24:51.954+0000] {standard_task_runner.py:91} INFO - Job 38: Subtask ingestion
[2026-05-02T08:24:51.955+0000] {logging_mixin.py:188} WARNING - /home/airflow/.local/lib/python3.12/site-packages/airflow/task/task_runner/standard_task_runner.py:61 DeprecationWarning: This process (pid=599) is multi-threaded, use of fork() may lead to deadlocks in the child.
[2026-05-02T08:24:51.956+0000] {standard_task_runner.py:63} INFO - Started process 689 to run task
[2026-05-02T08:24:52.093+0000] {task_command.py:426} INFO - Running <TaskInstance: etl_pipeline.ingestion manual__2026-05-02T08:24:48.784985+00:00 [running]> on host 30a8312511c7
[2026-05-02T08:24:52.232+0000] {taskinstance.py:2644} INFO - Exporting env vars: AIRFLOW_CTX_DAG_OWNER='airflow' AIRFLOW_CTX_DAG_ID='etl_pipeline' AIRFLOW_CTX_TASK_ID='ingestion' AIRFLOW_CTX_EXECUTION_DATE='2026-05-02T08:24:48.784985+00:00' AIRFLOW_CTX_TRY_NUMBER='1' AIRFLOW_CTX_DAG_RUN_ID='manual__2026-05-02T08:24:48.784985+00:00'
[2026-05-02T08:24:52.235+0000] {taskinstance.py:430} INFO - ::endgroup::
[2026-05-02T08:24:52.236+0000] {subprocess.py:63} INFO - Tmp dir root location: /tmp
[2026-05-02T08:24:52.238+0000] {subprocess.py:75} INFO - Running command: ['/usr/bin/bash', '-c', 'python /opt/airflow/ingestion/ingestion.py']
[2026-05-02T08:24:52.259+0000] {subprocess.py:86} INFO - Output:
[2026-05-02T08:24:54.546+0000] {subprocess.py:93} INFO - INGESTION COMPLETED SUCCESSFULLY
[2026-05-02T08:24:54.792+0000] {subprocess.py:97} INFO - Command exited with return code 0
[2026-05-02T08:24:54.794+0000] {taskinstance.py:441} INFO - ::group::Post task execution logs
[2026-05-02T08:24:54.853+0000] {taskinstance.py:1205} INFO - Marking task as SUCCESS. dag_id=etl_pipeline, task_id=ingestion, execution_date=20260502T082448, start_date=20260502T082451, end_date=20260502T082454
[2026-05-02T08:24:54.913+0000] {local_task_job_runner.py:240} INFO - Task exited with return code 0
[2026-05-02T08:24:54.956+0000] {taskinstance.py:3482} INFO - 1 downstream tasks scheduled from follow-on schedule check
[2026-05-02T08:24:54.959+0000] {local_task_job_runner.py:222} INFO - ::endgroup::
