[2026-04-27T23:30:11.122+0000] {local_task_job_runner.py:120} INFO - ::group::Pre task execution logs
[2026-04-27T23:30:11.143+0000] {taskinstance.py:2073} INFO - Dependencies all met for dep_context=non-requeueable deps ti=<TaskInstance: dbt_orchestration.dbt_run scheduled__2026-04-26T00:00:00+00:00 [queued]>
[2026-04-27T23:30:11.150+0000] {taskinstance.py:2073} INFO - Dependencies all met for dep_context=requeueable deps ti=<TaskInstance: dbt_orchestration.dbt_run scheduled__2026-04-26T00:00:00+00:00 [queued]>
[2026-04-27T23:30:11.151+0000] {taskinstance.py:2303} INFO - Starting attempt 1 of 1
[2026-04-27T23:30:12.189+0000] {taskinstance.py:2327} INFO - Executing <Task(BashOperator): dbt_run> on 2026-04-26 00:00:00+00:00
[2026-04-27T23:30:12.749+0000] {warnings.py:110} WARNING - /home/***/.local/lib/python3.12/site-packages/***/task/task_runner/standard_task_runner.py:61: DeprecationWarning: This process (pid=67) is multi-threaded, use of fork() may lead to deadlocks in the child.
  pid = os.fork()

[2026-04-27T23:30:12.751+0000] {standard_task_runner.py:63} INFO - Started process 72 to run task
[2026-04-27T23:30:12.749+0000] {standard_task_runner.py:90} INFO - Running: ['***', 'tasks', 'run', 'dbt_orchestration', 'dbt_run', 'scheduled__2026-04-26T00:00:00+00:00', '--job-id', '10', '--raw', '--subdir', 'DAGS_FOLDER/retail_dag.py', '--cfg-path', '/tmp/tmpj1ki_gxd']
[2026-04-27T23:30:12.834+0000] {standard_task_runner.py:91} INFO - Job 10: Subtask dbt_run
[2026-04-27T23:30:16.792+0000] {task_command.py:426} INFO - Running <TaskInstance: dbt_orchestration.dbt_run scheduled__2026-04-26T00:00:00+00:00 [running]> on host c5c97e16fd90
[2026-04-27T23:30:16.877+0000] {taskinstance.py:2644} INFO - Exporting env vars: AIRFLOW_CTX_DAG_OWNER='***' AIRFLOW_CTX_DAG_ID='dbt_orchestration' AIRFLOW_CTX_TASK_ID='dbt_run' AIRFLOW_CTX_EXECUTION_DATE='2026-04-26T00:00:00+00:00' AIRFLOW_CTX_TRY_NUMBER='1' AIRFLOW_CTX_DAG_RUN_ID='scheduled__2026-04-26T00:00:00+00:00'
[2026-04-27T23:30:16.880+0000] {taskinstance.py:430} INFO - ::endgroup::
[2026-04-27T23:30:16.881+0000] {subprocess.py:63} INFO - Tmp dir root location: /tmp
[2026-04-27T23:30:16.883+0000] {subprocess.py:75} INFO - Running command: ['/usr/bin/bash', '-c', 'dbt run --project-dir /opt/***/dbt_project']
[2026-04-27T23:30:16.895+0000] {subprocess.py:86} INFO - Output:
[2026-04-27T23:30:18.094+0000] {subprocess.py:93} INFO - /usr/bin/bash: line 1: dbt: command not found
[2026-04-27T23:30:18.315+0000] {subprocess.py:97} INFO - Command exited with return code 127
[2026-04-27T23:30:18.318+0000] {taskinstance.py:441} INFO - ::group::Post task execution logs
[2026-04-27T23:30:18.333+0000] {taskinstance.py:2890} ERROR - Task failed with exception
Traceback (most recent call last):
  File "/home/airflow/.local/lib/python3.12/site-packages/airflow/models/taskinstance.py", line 465, in _execute_task
    result = _execute_callable(context=context, **execute_callable_kwargs)
             ^^^^^^^^^^^^^^^^^^^^^^^^^^^^^^^^^^^^^^^^^^^^^^^^^^^^^^^^^^^^^
  File "/home/airflow/.local/lib/python3.12/site-packages/airflow/models/taskinstance.py", line 432, in _execute_callable
    return execute_callable(context=context, **execute_callable_kwargs)
           ^^^^^^^^^^^^^^^^^^^^^^^^^^^^^^^^^^^^^^^^^^^^^^^^^^^^^^^^^^^^
  File "/home/airflow/.local/lib/python3.12/site-packages/airflow/models/baseoperator.py", line 400, in wrapper
    return func(self, *args, **kwargs)
           ^^^^^^^^^^^^^^^^^^^^^^^^^^^
  File "/home/airflow/.local/lib/python3.12/site-packages/airflow/operators/bash.py", line 243, in execute
    raise AirflowException(
airflow.exceptions.AirflowException: Bash command failed. The command returned a non-zero exit code 127.
[2026-04-27T23:30:18.340+0000] {taskinstance.py:1205} INFO - Marking task as FAILED. dag_id=dbt_orchestration, task_id=dbt_run, execution_date=20260426T000000, start_date=20260427T233011, end_date=20260427T233018
[2026-04-27T23:30:19.278+0000] {standard_task_runner.py:110} ERROR - Failed to execute job 10 for task dbt_run (Bash command failed. The command returned a non-zero exit code 127.; 72)
[2026-04-27T23:30:19.300+0000] {local_task_job_runner.py:240} INFO - Task exited with return code 1
[2026-04-27T23:30:19.324+0000] {taskinstance.py:3482} INFO - 0 downstream tasks scheduled from follow-on schedule check
[2026-04-27T23:30:19.459+0000] {local_task_job_runner.py:222} INFO - ::endgroup::
