[2026-05-08T19:56:55.930+0000] {local_task_job_runner.py:120} INFO - ::group::Pre task execution logs
[2026-05-08T19:56:56.008+0000] {taskinstance.py:2073} INFO - Dependencies all met for dep_context=non-requeueable deps ti=<TaskInstance: etl_pipeline.dbt_deps manual__2026-05-08T19:56:43.495666+00:00 [queued]>
[2026-05-08T19:56:56.022+0000] {taskinstance.py:2073} INFO - Dependencies all met for dep_context=requeueable deps ti=<TaskInstance: etl_pipeline.dbt_deps manual__2026-05-08T19:56:43.495666+00:00 [queued]>
[2026-05-08T19:56:56.023+0000] {taskinstance.py:2303} INFO - Starting attempt 1 of 1
[2026-05-08T19:56:56.042+0000] {taskinstance.py:2327} INFO - Executing <Task(BashOperator): dbt_deps> on 2026-05-08 19:56:43.495666+00:00
[2026-05-08T19:56:56.053+0000] {standard_task_runner.py:90} INFO - Running: ['airflow', 'tasks', 'run', 'etl_pipeline', 'dbt_deps', 'manual__2026-05-08T19:56:43.495666+00:00', '--job-id', '24', '--raw', '--subdir', 'DAGS_FOLDER/retail_dag.py', '--cfg-path', '/tmp/tmp1y2s_ihw']
[2026-05-08T19:56:56.055+0000] {logging_mixin.py:188} WARNING - /home/airflow/.local/lib/python3.12/site-packages/airflow/task/task_runner/standard_task_runner.py:61 DeprecationWarning: This process (pid=942) is multi-threaded, use of fork() may lead to deadlocks in the child.
[2026-05-08T19:56:56.056+0000] {standard_task_runner.py:91} INFO - Job 24: Subtask dbt_deps
[2026-05-08T19:56:56.057+0000] {standard_task_runner.py:63} INFO - Started process 966 to run task
[2026-05-08T19:56:56.388+0000] {task_command.py:426} INFO - Running <TaskInstance: etl_pipeline.dbt_deps manual__2026-05-08T19:56:43.495666+00:00 [running]> on host 44fbe7c7daca
[2026-05-08T19:56:56.841+0000] {taskinstance.py:2644} INFO - Exporting env vars: AIRFLOW_CTX_DAG_OWNER='airflow' AIRFLOW_CTX_DAG_ID='etl_pipeline' AIRFLOW_CTX_TASK_ID='dbt_deps' AIRFLOW_CTX_EXECUTION_DATE='2026-05-08T19:56:43.495666+00:00' AIRFLOW_CTX_TRY_NUMBER='1' AIRFLOW_CTX_DAG_RUN_ID='manual__2026-05-08T19:56:43.495666+00:00'
[2026-05-08T19:56:56.845+0000] {taskinstance.py:430} INFO - ::endgroup::
[2026-05-08T19:56:56.847+0000] {subprocess.py:63} INFO - Tmp dir root location: /tmp
[2026-05-08T19:56:56.849+0000] {subprocess.py:75} INFO - Running command: ['/usr/bin/bash', '-c', 'cd /opt/airflow/dbt_project && dbt deps']
[2026-05-08T19:56:56.868+0000] {subprocess.py:86} INFO - Output:
[2026-05-08T19:57:01.980+0000] {subprocess.py:93} INFO - [0m19:57:01  Running with dbt=1.7.14
[2026-05-08T19:57:02.166+0000] {subprocess.py:93} INFO - [0m19:57:02  Warning: No packages were found in packages.yml
[2026-05-08T19:57:02.177+0000] {subprocess.py:93} INFO - [0m19:57:02  Warning: No packages were found in packages.yml
[2026-05-08T19:57:03.935+0000] {subprocess.py:97} INFO - Command exited with return code 0
[2026-05-08T19:57:03.937+0000] {taskinstance.py:441} INFO - ::group::Post task execution logs
[2026-05-08T19:57:04.097+0000] {taskinstance.py:1205} INFO - Marking task as SUCCESS. dag_id=etl_pipeline, task_id=dbt_deps, execution_date=20260508T195643, start_date=20260508T195656, end_date=20260508T195704
[2026-05-08T19:57:04.177+0000] {local_task_job_runner.py:240} INFO - Task exited with return code 0
[2026-05-08T19:57:04.261+0000] {taskinstance.py:3482} INFO - 1 downstream tasks scheduled from follow-on schedule check
[2026-05-08T19:57:04.264+0000] {local_task_job_runner.py:222} INFO - ::endgroup::
