[2026-05-01T21:11:21.122+0000] {local_task_job_runner.py:120} INFO - ::group::Pre task execution logs
[2026-05-01T21:11:21.160+0000] {taskinstance.py:2073} INFO - Dependencies all met for dep_context=non-requeueable deps ti=<TaskInstance: dbt_orchestration.dbt_deps manual__2026-05-01T21:11:19.300714+00:00 [queued]>
[2026-05-01T21:11:21.170+0000] {taskinstance.py:2073} INFO - Dependencies all met for dep_context=requeueable deps ti=<TaskInstance: dbt_orchestration.dbt_deps manual__2026-05-01T21:11:19.300714+00:00 [queued]>
[2026-05-01T21:11:21.171+0000] {taskinstance.py:2303} INFO - Starting attempt 1 of 1
[2026-05-01T21:11:21.186+0000] {taskinstance.py:2327} INFO - Executing <Task(BashOperator): dbt_deps> on 2026-05-01 21:11:19.300714+00:00
[2026-05-01T21:11:21.199+0000] {standard_task_runner.py:90} INFO - Running: ['***', 'tasks', 'run', 'dbt_orchestration', 'dbt_deps', 'manual__2026-05-01T21:11:19.300714+00:00', '--job-id', '3', '--raw', '--subdir', 'DAGS_FOLDER/retail_dag.py', '--cfg-path', '/tmp/tmpoys0ugm3']
[2026-05-01T21:11:21.208+0000] {standard_task_runner.py:91} INFO - Job 3: Subtask dbt_deps
[2026-05-01T21:11:21.210+0000] {logging_mixin.py:188} WARNING - /home/***/.local/lib/python3.12/site-packages/***/task/task_runner/standard_task_runner.py:61 DeprecationWarning: This process (pid=995) is multi-threaded, use of fork() may lead to deadlocks in the child.
[2026-05-01T21:11:21.211+0000] {standard_task_runner.py:63} INFO - Started process 997 to run task
[2026-05-01T21:11:22.051+0000] {task_command.py:426} INFO - Running <TaskInstance: dbt_orchestration.dbt_deps manual__2026-05-01T21:11:19.300714+00:00 [running]> on host b697035b158b
[2026-05-01T21:11:22.140+0000] {taskinstance.py:2644} INFO - Exporting env vars: AIRFLOW_CTX_DAG_OWNER='***' AIRFLOW_CTX_DAG_ID='dbt_orchestration' AIRFLOW_CTX_TASK_ID='dbt_deps' AIRFLOW_CTX_EXECUTION_DATE='2026-05-01T21:11:19.300714+00:00' AIRFLOW_CTX_TRY_NUMBER='1' AIRFLOW_CTX_DAG_RUN_ID='manual__2026-05-01T21:11:19.300714+00:00'
[2026-05-01T21:11:22.143+0000] {taskinstance.py:430} INFO - ::endgroup::
[2026-05-01T21:11:22.145+0000] {subprocess.py:63} INFO - Tmp dir root location: /tmp
[2026-05-01T21:11:22.146+0000] {subprocess.py:75} INFO - Running command: ['/usr/bin/bash', '-c', '\n        cd /opt/***/dbt_project && dbt deps --profiles-dir /opt/***/dbt_project\n        ']
[2026-05-01T21:11:22.161+0000] {subprocess.py:86} INFO - Output:
[2026-05-01T21:11:26.925+0000] {subprocess.py:93} INFO - [0m21:11:26  Running with dbt=1.7.14
[2026-05-01T21:11:27.056+0000] {subprocess.py:93} INFO - [0m21:11:27  Warning: No packages were found in packages.yml
[2026-05-01T21:11:27.067+0000] {subprocess.py:93} INFO - [0m21:11:27  Warning: No packages were found in packages.yml
[2026-05-01T21:11:28.311+0000] {subprocess.py:97} INFO - Command exited with return code 0
[2026-05-01T21:11:28.312+0000] {taskinstance.py:441} INFO - ::group::Post task execution logs
[2026-05-01T21:11:28.339+0000] {taskinstance.py:1205} INFO - Marking task as SUCCESS. dag_id=dbt_orchestration, task_id=dbt_deps, execution_date=20260501T211119, start_date=20260501T211121, end_date=20260501T211128
[2026-05-01T21:11:28.375+0000] {local_task_job_runner.py:240} INFO - Task exited with return code 0
[2026-05-01T21:11:28.409+0000] {taskinstance.py:3482} INFO - 1 downstream tasks scheduled from follow-on schedule check
[2026-05-01T21:11:28.412+0000] {local_task_job_runner.py:222} INFO - ::endgroup::
