[2026-05-09T08:57:29.911+0000] {local_task_job_runner.py:120} INFO - ::group::Pre task execution logs
[2026-05-09T08:57:30.154+0000] {taskinstance.py:2073} INFO - Dependencies all met for dep_context=non-requeueable deps ti=<TaskInstance: etl_pipeline.ingestion manual__2026-05-09T08:57:23.499757+00:00 [queued]>
[2026-05-09T08:57:30.196+0000] {taskinstance.py:2073} INFO - Dependencies all met for dep_context=requeueable deps ti=<TaskInstance: etl_pipeline.ingestion manual__2026-05-09T08:57:23.499757+00:00 [queued]>
[2026-05-09T08:57:30.197+0000] {taskinstance.py:2303} INFO - Starting attempt 1 of 1
[2026-05-09T08:57:30.249+0000] {taskinstance.py:2327} INFO - Executing <Task(BashOperator): ingestion> on 2026-05-09 08:57:23.499757+00:00
[2026-05-09T08:57:30.275+0000] {standard_task_runner.py:90} INFO - Running: ['airflow', 'tasks', 'run', 'etl_pipeline', 'ingestion', 'manual__2026-05-09T08:57:23.499757+00:00', '--job-id', '87', '--raw', '--subdir', 'DAGS_FOLDER/retail_dag.py', '--cfg-path', '/tmp/tmppuue9kmi']
[2026-05-09T08:57:30.282+0000] {standard_task_runner.py:91} INFO - Job 87: Subtask ingestion
[2026-05-09T08:57:30.282+0000] {logging_mixin.py:188} WARNING - /home/airflow/.local/lib/python3.12/site-packages/airflow/task/task_runner/standard_task_runner.py:61 DeprecationWarning: This process (pid=1010) is multi-threaded, use of fork() may lead to deadlocks in the child.
[2026-05-09T08:57:30.285+0000] {standard_task_runner.py:63} INFO - Started process 1060 to run task
[2026-05-09T08:57:31.357+0000] {task_command.py:426} INFO - Running <TaskInstance: etl_pipeline.ingestion manual__2026-05-09T08:57:23.499757+00:00 [running]> on host 9ddb6ee40fe8
[2026-05-09T08:57:34.425+0000] {taskinstance.py:2644} INFO - Exporting env vars: AIRFLOW_CTX_DAG_OWNER='airflow' AIRFLOW_CTX_DAG_ID='etl_pipeline' AIRFLOW_CTX_TASK_ID='ingestion' AIRFLOW_CTX_EXECUTION_DATE='2026-05-09T08:57:23.499757+00:00' AIRFLOW_CTX_TRY_NUMBER='1' AIRFLOW_CTX_DAG_RUN_ID='manual__2026-05-09T08:57:23.499757+00:00'
[2026-05-09T08:57:34.430+0000] {taskinstance.py:430} INFO - ::endgroup::
[2026-05-09T08:57:34.432+0000] {subprocess.py:63} INFO - Tmp dir root location: /tmp
[2026-05-09T08:57:34.436+0000] {subprocess.py:75} INFO - Running command: ['/usr/bin/bash', '-c', 'python /opt/airflow/ingestion/ingestion.py']
[2026-05-09T08:57:34.463+0000] {subprocess.py:86} INFO - Output:
[2026-05-09T08:57:40.242+0000] {subprocess.py:93} INFO - Successfully loaded 6435 rows.
[2026-05-09T08:57:40.424+0000] {subprocess.py:97} INFO - Command exited with return code 0
[2026-05-09T08:57:40.425+0000] {taskinstance.py:441} INFO - ::group::Post task execution logs
[2026-05-09T08:57:40.770+0000] {taskinstance.py:1205} INFO - Marking task as SUCCESS. dag_id=etl_pipeline, task_id=ingestion, execution_date=20260509T085723, start_date=20260509T085730, end_date=20260509T085740
[2026-05-09T08:57:40.813+0000] {local_task_job_runner.py:240} INFO - Task exited with return code 0
[2026-05-09T08:57:40.919+0000] {taskinstance.py:3482} INFO - 1 downstream tasks scheduled from follow-on schedule check
[2026-05-09T08:57:40.923+0000] {local_task_job_runner.py:222} INFO - ::endgroup::
