[2026-05-02T09:20:39.944+0000] {local_task_job_runner.py:120} INFO - ::group::Pre task execution logs
[2026-05-02T09:20:39.975+0000] {taskinstance.py:2073} INFO - Dependencies all met for dep_context=non-requeueable deps ti=<TaskInstance: etl_pipeline.dbt_run manual__2026-05-02T09:20:15.054827+00:00 [queued]>
[2026-05-02T09:20:39.985+0000] {taskinstance.py:2073} INFO - Dependencies all met for dep_context=requeueable deps ti=<TaskInstance: etl_pipeline.dbt_run manual__2026-05-02T09:20:15.054827+00:00 [queued]>
[2026-05-02T09:20:39.985+0000] {taskinstance.py:2303} INFO - Starting attempt 1 of 1
[2026-05-02T09:20:39.998+0000] {taskinstance.py:2327} INFO - Executing <Task(BashOperator): dbt_run> on 2026-05-02 09:20:15.054827+00:00
[2026-05-02T09:20:40.008+0000] {standard_task_runner.py:90} INFO - Running: ['airflow', 'tasks', 'run', 'etl_pipeline', 'dbt_run', 'manual__2026-05-02T09:20:15.054827+00:00', '--job-id', '63', '--raw', '--subdir', 'DAGS_FOLDER/retail_dag.py', '--cfg-path', '/tmp/tmp91o1smp0']
[2026-05-02T09:20:40.010+0000] {logging_mixin.py:188} WARNING - /home/airflow/.local/lib/python3.12/site-packages/airflow/task/task_runner/standard_task_runner.py:61 DeprecationWarning: This process (pid=753) is multi-threaded, use of fork() may lead to deadlocks in the child.
[2026-05-02T09:20:40.011+0000] {standard_task_runner.py:91} INFO - Job 63: Subtask dbt_run
[2026-05-02T09:20:40.011+0000] {standard_task_runner.py:63} INFO - Started process 785 to run task
[2026-05-02T09:20:40.073+0000] {task_command.py:426} INFO - Running <TaskInstance: etl_pipeline.dbt_run manual__2026-05-02T09:20:15.054827+00:00 [running]> on host f526e8c25ee5
[2026-05-02T09:20:40.161+0000] {taskinstance.py:2644} INFO - Exporting env vars: AIRFLOW_CTX_DAG_OWNER='airflow' AIRFLOW_CTX_DAG_ID='etl_pipeline' AIRFLOW_CTX_TASK_ID='dbt_run' AIRFLOW_CTX_EXECUTION_DATE='2026-05-02T09:20:15.054827+00:00' AIRFLOW_CTX_TRY_NUMBER='1' AIRFLOW_CTX_DAG_RUN_ID='manual__2026-05-02T09:20:15.054827+00:00'
[2026-05-02T09:20:40.163+0000] {taskinstance.py:430} INFO - ::endgroup::
[2026-05-02T09:20:40.164+0000] {subprocess.py:63} INFO - Tmp dir root location: /tmp
[2026-05-02T09:20:40.166+0000] {subprocess.py:75} INFO - Running command: ['/usr/bin/bash', '-c', 'cd /opt/airflow/dbt_project && dbt run']
[2026-05-02T09:20:40.180+0000] {subprocess.py:86} INFO - Output:
[2026-05-02T09:20:43.653+0000] {subprocess.py:93} INFO - [0m09:20:43  Running with dbt=1.7.14
[2026-05-02T09:20:44.295+0000] {subprocess.py:93} INFO - [0m09:20:44  Registered adapter: postgres=1.7.14
[2026-05-02T09:20:45.253+0000] {subprocess.py:93} INFO - [0m09:20:45  Found 4 models, 1 source, 0 exposures, 0 metrics, 401 macros, 0 groups, 0 semantic models
[2026-05-02T09:20:45.259+0000] {subprocess.py:93} INFO - [0m09:20:45
[2026-05-02T09:20:47.008+0000] {subprocess.py:93} INFO - [0m09:20:47  Concurrency: 4 threads (target='dev')
[2026-05-02T09:20:47.010+0000] {subprocess.py:93} INFO - [0m09:20:47
[2026-05-02T09:20:47.041+0000] {subprocess.py:93} INFO - [0m09:20:47  1 of 4 START sql table model raw.my_first_dbt_model ............................ [RUN]
[2026-05-02T09:20:47.043+0000] {subprocess.py:93} INFO - [0m09:20:47  2 of 4 START sql view model raw.stg_walmart .................................... [RUN]
[2026-05-02T09:20:47.505+0000] {subprocess.py:93} INFO - [0m09:20:47  2 of 4 OK created sql view model raw.stg_walmart ............................... [[32mCREATE VIEW[0m in 0.45s]
[2026-05-02T09:20:47.511+0000] {subprocess.py:93} INFO - [0m09:20:47  3 of 4 START sql view model raw.fact_sales ..................................... [RUN]
[2026-05-02T09:20:47.536+0000] {subprocess.py:93} INFO - [0m09:20:47  1 of 4 OK created sql table model raw.my_first_dbt_model ....................... [[32mSELECT 2[0m in 0.49s]
[2026-05-02T09:20:47.544+0000] {subprocess.py:93} INFO - [0m09:20:47  4 of 4 START sql view model raw.my_second_dbt_model ............................ [RUN]
[2026-05-02T09:20:47.751+0000] {subprocess.py:93} INFO - [0m09:20:47  3 of 4 OK created sql view model raw.fact_sales ................................ [[32mCREATE VIEW[0m in 0.23s]
[2026-05-02T09:20:47.767+0000] {subprocess.py:93} INFO - [0m09:20:47  4 of 4 OK created sql view model raw.my_second_dbt_model ....................... [[32mCREATE VIEW[0m in 0.21s]
[2026-05-02T09:20:47.796+0000] {subprocess.py:93} INFO - [0m09:20:47
[2026-05-02T09:20:47.798+0000] {subprocess.py:93} INFO - [0m09:20:47  Finished running 3 view models, 1 table model in 0 hours 0 minutes and 2.53 seconds (2.53s).
[2026-05-02T09:20:48.025+0000] {subprocess.py:93} INFO - [0m09:20:48
[2026-05-02T09:20:48.027+0000] {subprocess.py:93} INFO - [0m09:20:48  [32mCompleted successfully[0m
[2026-05-02T09:20:48.028+0000] {subprocess.py:93} INFO - [0m09:20:48
[2026-05-02T09:20:48.031+0000] {subprocess.py:93} INFO - [0m09:20:48  Done. PASS=4 WARN=0 ERROR=0 SKIP=0 TOTAL=4
[2026-05-02T09:20:49.015+0000] {subprocess.py:97} INFO - Command exited with return code 0
[2026-05-02T09:20:49.017+0000] {taskinstance.py:441} INFO - ::group::Post task execution logs
[2026-05-02T09:20:49.058+0000] {taskinstance.py:1205} INFO - Marking task as SUCCESS. dag_id=etl_pipeline, task_id=dbt_run, execution_date=20260502T092015, start_date=20260502T092039, end_date=20260502T092049
[2026-05-02T09:20:49.581+0000] {local_task_job_runner.py:240} INFO - Task exited with return code 0
[2026-05-02T09:20:49.602+0000] {taskinstance.py:3482} INFO - 1 downstream tasks scheduled from follow-on schedule check
[2026-05-02T09:20:49.605+0000] {local_task_job_runner.py:222} INFO - ::endgroup::
