[2026-05-01T22:29:30.935+0000] {local_task_job_runner.py:120} INFO - ::group::Pre task execution logs
[2026-05-01T22:29:30.964+0000] {taskinstance.py:2073} INFO - Dependencies all met for dep_context=non-requeueable deps ti=<TaskInstance: etl_pipeline.ingestion manual__2026-05-01T22:29:28.234314+00:00 [queued]>
[2026-05-01T22:29:30.971+0000] {taskinstance.py:2073} INFO - Dependencies all met for dep_context=requeueable deps ti=<TaskInstance: etl_pipeline.ingestion manual__2026-05-01T22:29:28.234314+00:00 [queued]>
[2026-05-01T22:29:30.972+0000] {taskinstance.py:2303} INFO - Starting attempt 1 of 1
[2026-05-01T22:29:30.986+0000] {taskinstance.py:2327} INFO - Executing <Task(BashOperator): ingestion> on 2026-05-01 22:29:28.234314+00:00
[2026-05-01T22:29:30.995+0000] {standard_task_runner.py:90} INFO - Running: ['***', 'tasks', 'run', 'etl_pipeline', 'ingestion', 'manual__2026-05-01T22:29:28.234314+00:00', '--job-id', '61', '--raw', '--subdir', 'DAGS_FOLDER/retail_dag.py', '--cfg-path', '/tmp/tmp6pdmu644']
[2026-05-01T22:29:30.999+0000] {logging_mixin.py:188} WARNING - /home/***/.local/lib/python3.12/site-packages/***/task/task_runner/standard_task_runner.py:61 DeprecationWarning: This process (pid=2351) is multi-threaded, use of fork() may lead to deadlocks in the child.
[2026-05-01T22:29:30.999+0000] {standard_task_runner.py:91} INFO - Job 61: Subtask ingestion
[2026-05-01T22:29:31.000+0000] {standard_task_runner.py:63} INFO - Started process 2353 to run task
[2026-05-01T22:29:31.114+0000] {task_command.py:426} INFO - Running <TaskInstance: etl_pipeline.ingestion manual__2026-05-01T22:29:28.234314+00:00 [running]> on host a24e5b2fdb7b
[2026-05-01T22:29:31.190+0000] {taskinstance.py:2644} INFO - Exporting env vars: AIRFLOW_CTX_DAG_OWNER='***' AIRFLOW_CTX_DAG_ID='etl_pipeline' AIRFLOW_CTX_TASK_ID='ingestion' AIRFLOW_CTX_EXECUTION_DATE='2026-05-01T22:29:28.234314+00:00' AIRFLOW_CTX_TRY_NUMBER='1' AIRFLOW_CTX_DAG_RUN_ID='manual__2026-05-01T22:29:28.234314+00:00'
[2026-05-01T22:29:31.193+0000] {taskinstance.py:430} INFO - ::endgroup::
[2026-05-01T22:29:31.194+0000] {subprocess.py:63} INFO - Tmp dir root location: /tmp
[2026-05-01T22:29:31.196+0000] {subprocess.py:75} INFO - Running command: ['/usr/bin/bash', '-c', 'python /opt/***/ingestion/ingestion.py']
[2026-05-01T22:29:31.209+0000] {subprocess.py:86} INFO - Output:
[2026-05-01T22:29:33.641+0000] {subprocess.py:93} INFO - Loaded rows: 6435
[2026-05-01T22:29:33.641+0000] {subprocess.py:93} INFO - Saved parquet file
[2026-05-01T22:29:33.644+0000] {subprocess.py:93} INFO - Traceback (most recent call last):
[2026-05-01T22:29:33.704+0000] {subprocess.py:93} INFO -   File "/home/***/.local/lib/python3.12/site-packages/sqlalchemy/engine/base.py", line 3371, in _wrap_pool_connect
[2026-05-01T22:29:33.705+0000] {subprocess.py:93} INFO -     return fn()
[2026-05-01T22:29:33.706+0000] {subprocess.py:93} INFO -            ^^^^
[2026-05-01T22:29:33.706+0000] {subprocess.py:93} INFO -   File "/home/***/.local/lib/python3.12/site-packages/sqlalchemy/pool/base.py", line 327, in connect
[2026-05-01T22:29:33.707+0000] {subprocess.py:93} INFO -     return _ConnectionFairy._checkout(self)
[2026-05-01T22:29:33.708+0000] {subprocess.py:93} INFO -            ^^^^^^^^^^^^^^^^^^^^^^^^^^^^^^^^
[2026-05-01T22:29:33.708+0000] {subprocess.py:93} INFO -   File "/home/***/.local/lib/python3.12/site-packages/sqlalchemy/pool/base.py", line 894, in _checkout
[2026-05-01T22:29:33.709+0000] {subprocess.py:93} INFO -     fairy = _ConnectionRecord.checkout(pool)
[2026-05-01T22:29:33.709+0000] {subprocess.py:93} INFO -             ^^^^^^^^^^^^^^^^^^^^^^^^^^^^^^^^
[2026-05-01T22:29:33.710+0000] {subprocess.py:93} INFO -   File "/home/***/.local/lib/python3.12/site-packages/sqlalchemy/pool/base.py", line 493, in checkout
[2026-05-01T22:29:33.711+0000] {subprocess.py:93} INFO -     rec = pool._do_get()
[2026-05-01T22:29:33.711+0000] {subprocess.py:93} INFO -           ^^^^^^^^^^^^^^
[2026-05-01T22:29:33.712+0000] {subprocess.py:93} INFO -   File "/home/***/.local/lib/python3.12/site-packages/sqlalchemy/pool/impl.py", line 145, in _do_get
[2026-05-01T22:29:33.713+0000] {subprocess.py:93} INFO -     with util.safe_reraise():
[2026-05-01T22:29:33.714+0000] {subprocess.py:93} INFO -   File "/home/***/.local/lib/python3.12/site-packages/sqlalchemy/util/langhelpers.py", line 70, in __exit__
[2026-05-01T22:29:33.715+0000] {subprocess.py:93} INFO -     compat.raise_(
[2026-05-01T22:29:33.715+0000] {subprocess.py:93} INFO -   File "/home/***/.local/lib/python3.12/site-packages/sqlalchemy/util/compat.py", line 211, in raise_
[2026-05-01T22:29:33.716+0000] {subprocess.py:93} INFO -     raise exception
[2026-05-01T22:29:33.716+0000] {subprocess.py:93} INFO -   File "/home/***/.local/lib/python3.12/site-packages/sqlalchemy/pool/impl.py", line 143, in _do_get
[2026-05-01T22:29:33.717+0000] {subprocess.py:93} INFO -     return self._create_connection()
[2026-05-01T22:29:33.718+0000] {subprocess.py:93} INFO -            ^^^^^^^^^^^^^^^^^^^^^^^^^
[2026-05-01T22:29:33.718+0000] {subprocess.py:93} INFO -   File "/home/***/.local/lib/python3.12/site-packages/sqlalchemy/pool/base.py", line 273, in _create_connection
[2026-05-01T22:29:33.719+0000] {subprocess.py:93} INFO -     return _ConnectionRecord(self)
[2026-05-01T22:29:33.720+0000] {subprocess.py:93} INFO -            ^^^^^^^^^^^^^^^^^^^^^^^
[2026-05-01T22:29:33.720+0000] {subprocess.py:93} INFO -   File "/home/***/.local/lib/python3.12/site-packages/sqlalchemy/pool/base.py", line 388, in __init__
[2026-05-01T22:29:33.721+0000] {subprocess.py:93} INFO -     self.__connect()
[2026-05-01T22:29:33.721+0000] {subprocess.py:93} INFO -   File "/home/***/.local/lib/python3.12/site-packages/sqlalchemy/pool/base.py", line 690, in __connect
[2026-05-01T22:29:33.722+0000] {subprocess.py:93} INFO -     with util.safe_reraise():
[2026-05-01T22:29:33.722+0000] {subprocess.py:93} INFO -   File "/home/***/.local/lib/python3.12/site-packages/sqlalchemy/util/langhelpers.py", line 70, in __exit__
[2026-05-01T22:29:33.723+0000] {subprocess.py:93} INFO -     compat.raise_(
[2026-05-01T22:29:33.724+0000] {subprocess.py:93} INFO -   File "/home/***/.local/lib/python3.12/site-packages/sqlalchemy/util/compat.py", line 211, in raise_
[2026-05-01T22:29:33.724+0000] {subprocess.py:93} INFO -     raise exception
[2026-05-01T22:29:33.725+0000] {subprocess.py:93} INFO -   File "/home/***/.local/lib/python3.12/site-packages/sqlalchemy/pool/base.py", line 686, in __connect
[2026-05-01T22:29:33.726+0000] {subprocess.py:93} INFO -     self.dbapi_connection = connection = pool._invoke_creator(self)
[2026-05-01T22:29:33.726+0000] {subprocess.py:93} INFO -                                          ^^^^^^^^^^^^^^^^^^^^^^^^^^
[2026-05-01T22:29:33.727+0000] {subprocess.py:93} INFO -   File "/home/***/.local/lib/python3.12/site-packages/sqlalchemy/engine/create.py", line 574, in connect
[2026-05-01T22:29:33.728+0000] {subprocess.py:93} INFO -     return dialect.connect(*cargs, **cparams)
[2026-05-01T22:29:33.729+0000] {subprocess.py:93} INFO -            ^^^^^^^^^^^^^^^^^^^^^^^^^^^^^^^^^^
[2026-05-01T22:29:33.729+0000] {subprocess.py:93} INFO -   File "/home/***/.local/lib/python3.12/site-packages/sqlalchemy/engine/default.py", line 598, in connect
[2026-05-01T22:29:33.730+0000] {subprocess.py:93} INFO -     return self.dbapi.connect(*cargs, **cparams)
[2026-05-01T22:29:33.731+0000] {subprocess.py:93} INFO -            ^^^^^^^^^^^^^^^^^^^^^^^^^^^^^^^^^^^^^
[2026-05-01T22:29:33.732+0000] {subprocess.py:93} INFO -   File "/home/***/.local/lib/python3.12/site-packages/psycopg2/__init__.py", line 122, in connect
[2026-05-01T22:29:33.732+0000] {subprocess.py:93} INFO -     conn = _connect(dsn, connection_factory=connection_factory, **kwasync)
[2026-05-01T22:29:33.733+0000] {subprocess.py:93} INFO -            ^^^^^^^^^^^^^^^^^^^^^^^^^^^^^^^^^^^^^^^^^^^^^^^^^^^^^^^^^^^^^^^
[2026-05-01T22:29:33.733+0000] {subprocess.py:93} INFO - psycopg2.OperationalError: connection to server at "localhost" (::1), port 5432 failed: Connection refused
[2026-05-01T22:29:33.734+0000] {subprocess.py:93} INFO - 	Is the server running on that host and accepting TCP/IP connections?
[2026-05-01T22:29:33.735+0000] {subprocess.py:93} INFO - connection to server at "localhost" (127.0.0.1), port 5432 failed: Connection refused
[2026-05-01T22:29:33.735+0000] {subprocess.py:93} INFO - 	Is the server running on that host and accepting TCP/IP connections?
[2026-05-01T22:29:33.736+0000] {subprocess.py:93} INFO - 
[2026-05-01T22:29:33.736+0000] {subprocess.py:93} INFO - 
[2026-05-01T22:29:33.736+0000] {subprocess.py:93} INFO - The above exception was the direct cause of the following exception:
[2026-05-01T22:29:33.737+0000] {subprocess.py:93} INFO - 
[2026-05-01T22:29:33.737+0000] {subprocess.py:93} INFO - Traceback (most recent call last):
[2026-05-01T22:29:33.738+0000] {subprocess.py:93} INFO -   File "/opt/***/ingestion/ingestion.py", line 33, in <module>
[2026-05-01T22:29:33.738+0000] {subprocess.py:93} INFO -     with engine.begin() as conn:
[2026-05-01T22:29:33.739+0000] {subprocess.py:93} INFO -          ^^^^^^^^^^^^^^
[2026-05-01T22:29:33.739+0000] {subprocess.py:93} INFO -   File "/home/***/.local/lib/python3.12/site-packages/sqlalchemy/engine/base.py", line 3153, in begin
[2026-05-01T22:29:33.740+0000] {subprocess.py:93} INFO -     conn = self.connect(close_with_result=close_with_result)
[2026-05-01T22:29:33.740+0000] {subprocess.py:93} INFO -            ^^^^^^^^^^^^^^^^^^^^^^^^^^^^^^^^^^^^^^^^^^^^^^^^^
[2026-05-01T22:29:33.741+0000] {subprocess.py:93} INFO -   File "/home/***/.local/lib/python3.12/site-packages/sqlalchemy/engine/base.py", line 3325, in connect
[2026-05-01T22:29:33.741+0000] {subprocess.py:93} INFO -     return self._connection_cls(self, close_with_result=close_with_result)
[2026-05-01T22:29:33.742+0000] {subprocess.py:93} INFO -            ^^^^^^^^^^^^^^^^^^^^^^^^^^^^^^^^^^^^^^^^^^^^^^^^^^^^^^^^^^^^^^^
[2026-05-01T22:29:33.742+0000] {subprocess.py:93} INFO -   File "/home/***/.local/lib/python3.12/site-packages/sqlalchemy/engine/base.py", line 96, in __init__
[2026-05-01T22:29:33.742+0000] {subprocess.py:93} INFO -     else engine.raw_connection()
[2026-05-01T22:29:33.743+0000] {subprocess.py:93} INFO -          ^^^^^^^^^^^^^^^^^^^^^^^
[2026-05-01T22:29:33.743+0000] {subprocess.py:93} INFO -   File "/home/***/.local/lib/python3.12/site-packages/sqlalchemy/engine/base.py", line 3404, in raw_connection
[2026-05-01T22:29:33.744+0000] {subprocess.py:93} INFO -     return self._wrap_pool_connect(self.pool.connect, _connection)
[2026-05-01T22:29:33.744+0000] {subprocess.py:93} INFO -            ^^^^^^^^^^^^^^^^^^^^^^^^^^^^^^^^^^^^^^^^^^^^^^^^^^^^^^^
[2026-05-01T22:29:33.745+0000] {subprocess.py:93} INFO -   File "/home/***/.local/lib/python3.12/site-packages/sqlalchemy/engine/base.py", line 3374, in _wrap_pool_connect
[2026-05-01T22:29:33.745+0000] {subprocess.py:93} INFO -     Connection._handle_dbapi_exception_noconnection(
[2026-05-01T22:29:33.746+0000] {subprocess.py:93} INFO -   File "/home/***/.local/lib/python3.12/site-packages/sqlalchemy/engine/base.py", line 2208, in _handle_dbapi_exception_noconnection
[2026-05-01T22:29:33.747+0000] {subprocess.py:93} INFO -     util.raise_(
[2026-05-01T22:29:33.748+0000] {subprocess.py:93} INFO -   File "/home/***/.local/lib/python3.12/site-packages/sqlalchemy/util/compat.py", line 211, in raise_
[2026-05-01T22:29:33.748+0000] {subprocess.py:93} INFO -     raise exception
[2026-05-01T22:29:33.749+0000] {subprocess.py:93} INFO -   File "/home/***/.local/lib/python3.12/site-packages/sqlalchemy/engine/base.py", line 3371, in _wrap_pool_connect
[2026-05-01T22:29:33.749+0000] {subprocess.py:93} INFO -     return fn()
[2026-05-01T22:29:33.750+0000] {subprocess.py:93} INFO -            ^^^^
[2026-05-01T22:29:33.751+0000] {subprocess.py:93} INFO -   File "/home/***/.local/lib/python3.12/site-packages/sqlalchemy/pool/base.py", line 327, in connect
[2026-05-01T22:29:33.751+0000] {subprocess.py:93} INFO -     return _ConnectionFairy._checkout(self)
[2026-05-01T22:29:33.752+0000] {subprocess.py:93} INFO -            ^^^^^^^^^^^^^^^^^^^^^^^^^^^^^^^^
[2026-05-01T22:29:33.753+0000] {subprocess.py:93} INFO -   File "/home/***/.local/lib/python3.12/site-packages/sqlalchemy/pool/base.py", line 894, in _checkout
[2026-05-01T22:29:33.753+0000] {subprocess.py:93} INFO -     fairy = _ConnectionRecord.checkout(pool)
[2026-05-01T22:29:33.754+0000] {subprocess.py:93} INFO -             ^^^^^^^^^^^^^^^^^^^^^^^^^^^^^^^^
[2026-05-01T22:29:33.755+0000] {subprocess.py:93} INFO -   File "/home/***/.local/lib/python3.12/site-packages/sqlalchemy/pool/base.py", line 493, in checkout
[2026-05-01T22:29:33.755+0000] {subprocess.py:93} INFO -     rec = pool._do_get()
[2026-05-01T22:29:33.756+0000] {subprocess.py:93} INFO -           ^^^^^^^^^^^^^^
[2026-05-01T22:29:33.757+0000] {subprocess.py:93} INFO -   File "/home/***/.local/lib/python3.12/site-packages/sqlalchemy/pool/impl.py", line 145, in _do_get
[2026-05-01T22:29:33.757+0000] {subprocess.py:93} INFO -     with util.safe_reraise():
[2026-05-01T22:29:33.758+0000] {subprocess.py:93} INFO -   File "/home/***/.local/lib/python3.12/site-packages/sqlalchemy/util/langhelpers.py", line 70, in __exit__
[2026-05-01T22:29:33.759+0000] {subprocess.py:93} INFO -     compat.raise_(
[2026-05-01T22:29:33.759+0000] {subprocess.py:93} INFO -   File "/home/***/.local/lib/python3.12/site-packages/sqlalchemy/util/compat.py", line 211, in raise_
[2026-05-01T22:29:33.760+0000] {subprocess.py:93} INFO -     raise exception
[2026-05-01T22:29:33.761+0000] {subprocess.py:93} INFO -   File "/home/***/.local/lib/python3.12/site-packages/sqlalchemy/pool/impl.py", line 143, in _do_get
[2026-05-01T22:29:33.762+0000] {subprocess.py:93} INFO -     return self._create_connection()
[2026-05-01T22:29:33.763+0000] {subprocess.py:93} INFO -            ^^^^^^^^^^^^^^^^^^^^^^^^^
[2026-05-01T22:29:33.764+0000] {subprocess.py:93} INFO -   File "/home/***/.local/lib/python3.12/site-packages/sqlalchemy/pool/base.py", line 273, in _create_connection
[2026-05-01T22:29:33.765+0000] {subprocess.py:93} INFO -     return _ConnectionRecord(self)
[2026-05-01T22:29:33.765+0000] {subprocess.py:93} INFO -            ^^^^^^^^^^^^^^^^^^^^^^^
[2026-05-01T22:29:33.766+0000] {subprocess.py:93} INFO -   File "/home/***/.local/lib/python3.12/site-packages/sqlalchemy/pool/base.py", line 388, in __init__
[2026-05-01T22:29:33.766+0000] {subprocess.py:93} INFO -     self.__connect()
[2026-05-01T22:29:33.767+0000] {subprocess.py:93} INFO -   File "/home/***/.local/lib/python3.12/site-packages/sqlalchemy/pool/base.py", line 690, in __connect
[2026-05-01T22:29:33.768+0000] {subprocess.py:93} INFO -     with util.safe_reraise():
[2026-05-01T22:29:33.768+0000] {subprocess.py:93} INFO -   File "/home/***/.local/lib/python3.12/site-packages/sqlalchemy/util/langhelpers.py", line 70, in __exit__
[2026-05-01T22:29:33.769+0000] {subprocess.py:93} INFO -     compat.raise_(
[2026-05-01T22:29:33.769+0000] {subprocess.py:93} INFO -   File "/home/***/.local/lib/python3.12/site-packages/sqlalchemy/util/compat.py", line 211, in raise_
[2026-05-01T22:29:33.770+0000] {subprocess.py:93} INFO -     raise exception
[2026-05-01T22:29:33.770+0000] {subprocess.py:93} INFO -   File "/home/***/.local/lib/python3.12/site-packages/sqlalchemy/pool/base.py", line 686, in __connect
[2026-05-01T22:29:33.771+0000] {subprocess.py:93} INFO -     self.dbapi_connection = connection = pool._invoke_creator(self)
[2026-05-01T22:29:33.772+0000] {subprocess.py:93} INFO -                                          ^^^^^^^^^^^^^^^^^^^^^^^^^^
[2026-05-01T22:29:33.772+0000] {subprocess.py:93} INFO -   File "/home/***/.local/lib/python3.12/site-packages/sqlalchemy/engine/create.py", line 574, in connect
[2026-05-01T22:29:33.773+0000] {subprocess.py:93} INFO -     return dialect.connect(*cargs, **cparams)
[2026-05-01T22:29:33.773+0000] {subprocess.py:93} INFO -            ^^^^^^^^^^^^^^^^^^^^^^^^^^^^^^^^^^
[2026-05-01T22:29:33.774+0000] {subprocess.py:93} INFO -   File "/home/***/.local/lib/python3.12/site-packages/sqlalchemy/engine/default.py", line 598, in connect
[2026-05-01T22:29:33.774+0000] {subprocess.py:93} INFO -     return self.dbapi.connect(*cargs, **cparams)
[2026-05-01T22:29:33.775+0000] {subprocess.py:93} INFO -            ^^^^^^^^^^^^^^^^^^^^^^^^^^^^^^^^^^^^^
[2026-05-01T22:29:33.775+0000] {subprocess.py:93} INFO -   File "/home/***/.local/lib/python3.12/site-packages/psycopg2/__init__.py", line 122, in connect
[2026-05-01T22:29:33.776+0000] {subprocess.py:93} INFO -     conn = _connect(dsn, connection_factory=connection_factory, **kwasync)
[2026-05-01T22:29:33.776+0000] {subprocess.py:93} INFO -            ^^^^^^^^^^^^^^^^^^^^^^^^^^^^^^^^^^^^^^^^^^^^^^^^^^^^^^^^^^^^^^^
[2026-05-01T22:29:33.777+0000] {subprocess.py:93} INFO - sqlalchemy.exc.OperationalError: (psycopg2.OperationalError) connection to server at "localhost" (::1), port 5432 failed: Connection refused
[2026-05-01T22:29:33.777+0000] {subprocess.py:93} INFO - 	Is the server running on that host and accepting TCP/IP connections?
[2026-05-01T22:29:33.778+0000] {subprocess.py:93} INFO - connection to server at "localhost" (127.0.0.1), port 5432 failed: Connection refused
[2026-05-01T22:29:33.779+0000] {subprocess.py:93} INFO - 	Is the server running on that host and accepting TCP/IP connections?
[2026-05-01T22:29:33.779+0000] {subprocess.py:93} INFO - 
[2026-05-01T22:29:33.780+0000] {subprocess.py:93} INFO - (Background on this error at: https://sqlalche.me/e/14/e3q8)
[2026-05-01T22:29:34.034+0000] {subprocess.py:97} INFO - Command exited with return code 1
[2026-05-01T22:29:34.035+0000] {taskinstance.py:441} INFO - ::group::Post task execution logs
[2026-05-01T22:29:34.045+0000] {taskinstance.py:2890} ERROR - Task failed with exception
Traceback (most recent call last):
  File "/home/airflow/.local/lib/python3.12/site-packages/airflow/models/taskinstance.py", line 465, in _execute_task
    result = _execute_callable(context=context, **execute_callable_kwargs)
             ^^^^^^^^^^^^^^^^^^^^^^^^^^^^^^^^^^^^^^^^^^^^^^^^^^^^^^^^^^^^^
  File "/home/airflow/.local/lib/python3.12/site-packages/airflow/models/taskinstance.py", line 432, in _execute_callable
    return execute_callable(context=context, **execute_callable_kwargs)
           ^^^^^^^^^^^^^^^^^^^^^^^^^^^^^^^^^^^^^^^^^^^^^^^^^^^^^^^^^^^^
  File "/home/airflow/.local/lib/python3.12/site-packages/airflow/models/baseoperator.py", line 400, in wrapper
    return func(self, *args, **kwargs)
           ^^^^^^^^^^^^^^^^^^^^^^^^^^^
  File "/home/airflow/.local/lib/python3.12/site-packages/airflow/operators/bash.py", line 243, in execute
    raise AirflowException(
airflow.exceptions.AirflowException: Bash command failed. The command returned a non-zero exit code 1.
[2026-05-01T22:29:34.050+0000] {taskinstance.py:1205} INFO - Marking task as FAILED. dag_id=etl_pipeline, task_id=ingestion, execution_date=20260501T222928, start_date=20260501T222930, end_date=20260501T222934
[2026-05-01T22:29:34.134+0000] {standard_task_runner.py:110} ERROR - Failed to execute job 61 for task ingestion (Bash command failed. The command returned a non-zero exit code 1.; 2353)
[2026-05-01T22:29:34.182+0000] {local_task_job_runner.py:240} INFO - Task exited with return code 1
[2026-05-01T22:29:34.203+0000] {taskinstance.py:3482} INFO - 0 downstream tasks scheduled from follow-on schedule check
[2026-05-01T22:29:34.207+0000] {local_task_job_runner.py:222} INFO - ::endgroup::
