[2026-05-02T08:10:36.048+0000] {local_task_job_runner.py:120} INFO - ::group::Pre task execution logs
[2026-05-02T08:10:36.094+0000] {taskinstance.py:2073} INFO - Dependencies all met for dep_context=non-requeueable deps ti=<TaskInstance: etl_pipeline.ingestion manual__2026-05-02T08:10:33.244229+00:00 [queued]>
[2026-05-02T08:10:36.106+0000] {taskinstance.py:2073} INFO - Dependencies all met for dep_context=requeueable deps ti=<TaskInstance: etl_pipeline.ingestion manual__2026-05-02T08:10:33.244229+00:00 [queued]>
[2026-05-02T08:10:36.107+0000] {taskinstance.py:2303} INFO - Starting attempt 1 of 1
[2026-05-02T08:10:36.158+0000] {taskinstance.py:2327} INFO - Executing <Task(BashOperator): ingestion> on 2026-05-02 08:10:33.244229+00:00
[2026-05-02T08:10:36.180+0000] {standard_task_runner.py:90} INFO - Running: ['airflow', 'tasks', 'run', 'etl_pipeline', 'ingestion', 'manual__2026-05-02T08:10:33.244229+00:00', '--job-id', '23', '--raw', '--subdir', 'DAGS_FOLDER/retail_dag.py', '--cfg-path', '/tmp/tmpkzmq8udi']
[2026-05-02T08:10:36.185+0000] {standard_task_runner.py:91} INFO - Job 23: Subtask ingestion
[2026-05-02T08:10:36.188+0000] {logging_mixin.py:188} WARNING - /home/airflow/.local/lib/python3.12/site-packages/airflow/task/task_runner/standard_task_runner.py:61 DeprecationWarning: This process (pid=723) is multi-threaded, use of fork() may lead to deadlocks in the child.
[2026-05-02T08:10:36.190+0000] {standard_task_runner.py:63} INFO - Started process 731 to run task
[2026-05-02T08:10:36.578+0000] {task_command.py:426} INFO - Running <TaskInstance: etl_pipeline.ingestion manual__2026-05-02T08:10:33.244229+00:00 [running]> on host aefd8f28fba0
[2026-05-02T08:10:36.716+0000] {taskinstance.py:2644} INFO - Exporting env vars: AIRFLOW_CTX_DAG_OWNER='airflow' AIRFLOW_CTX_DAG_ID='etl_pipeline' AIRFLOW_CTX_TASK_ID='ingestion' AIRFLOW_CTX_EXECUTION_DATE='2026-05-02T08:10:33.244229+00:00' AIRFLOW_CTX_TRY_NUMBER='1' AIRFLOW_CTX_DAG_RUN_ID='manual__2026-05-02T08:10:33.244229+00:00'
[2026-05-02T08:10:36.719+0000] {taskinstance.py:430} INFO - ::endgroup::
[2026-05-02T08:10:36.721+0000] {subprocess.py:63} INFO - Tmp dir root location: /tmp
[2026-05-02T08:10:36.725+0000] {subprocess.py:75} INFO - Running command: ['/usr/bin/bash', '-c', 'python /opt/airflow/ingestion/ingestion.py']
[2026-05-02T08:10:36.742+0000] {subprocess.py:86} INFO - Output:
[2026-05-02T08:10:43.977+0000] {subprocess.py:93} INFO - [INGESTION] Loaded rows: 6435
[2026-05-02T08:10:43.979+0000] {subprocess.py:93} INFO - [INGESTION] Saved parquet → /opt/airflow/data/bronze/Walmart.parquet
[2026-05-02T08:10:43.980+0000] {subprocess.py:93} INFO - [INGESTION] Loaded 6435 rows into raw.walmart_sales
[2026-05-02T08:10:44.233+0000] {subprocess.py:97} INFO - Command exited with return code 0
[2026-05-02T08:10:44.234+0000] {taskinstance.py:441} INFO - ::group::Post task execution logs
[2026-05-02T08:10:44.269+0000] {taskinstance.py:1205} INFO - Marking task as SUCCESS. dag_id=etl_pipeline, task_id=ingestion, execution_date=20260502T081033, start_date=20260502T081036, end_date=20260502T081044
[2026-05-02T08:10:44.327+0000] {local_task_job_runner.py:240} INFO - Task exited with return code 0
[2026-05-02T08:10:44.364+0000] {taskinstance.py:3482} INFO - 1 downstream tasks scheduled from follow-on schedule check
[2026-05-02T08:10:44.367+0000] {local_task_job_runner.py:222} INFO - ::endgroup::
