[2026-05-02T08:25:03.377+0000] {local_task_job_runner.py:120} INFO - ::group::Pre task execution logs
[2026-05-02T08:25:03.405+0000] {taskinstance.py:2073} INFO - Dependencies all met for dep_context=non-requeueable deps ti=<TaskInstance: etl_pipeline.dbt_run manual__2026-05-02T08:24:48.784985+00:00 [queued]>
[2026-05-02T08:25:03.414+0000] {taskinstance.py:2073} INFO - Dependencies all met for dep_context=requeueable deps ti=<TaskInstance: etl_pipeline.dbt_run manual__2026-05-02T08:24:48.784985+00:00 [queued]>
[2026-05-02T08:25:03.414+0000] {taskinstance.py:2303} INFO - Starting attempt 1 of 1
[2026-05-02T08:25:03.591+0000] {taskinstance.py:2327} INFO - Executing <Task(BashOperator): dbt_run> on 2026-05-02 08:24:48.784985+00:00
[2026-05-02T08:25:03.605+0000] {standard_task_runner.py:90} INFO - Running: ['airflow', 'tasks', 'run', 'etl_pipeline', 'dbt_run', 'manual__2026-05-02T08:24:48.784985+00:00', '--job-id', '40', '--raw', '--subdir', 'DAGS_FOLDER/retail_dag.py', '--cfg-path', '/tmp/tmpgigb4ts4']
[2026-05-02T08:25:03.608+0000] {standard_task_runner.py:91} INFO - Job 40: Subtask dbt_run
[2026-05-02T08:25:03.609+0000] {logging_mixin.py:188} WARNING - /home/airflow/.local/lib/python3.12/site-packages/airflow/task/task_runner/standard_task_runner.py:61 DeprecationWarning: This process (pid=743) is multi-threaded, use of fork() may lead to deadlocks in the child.
[2026-05-02T08:25:03.610+0000] {standard_task_runner.py:63} INFO - Started process 745 to run task
[2026-05-02T08:25:03.691+0000] {task_command.py:426} INFO - Running <TaskInstance: etl_pipeline.dbt_run manual__2026-05-02T08:24:48.784985+00:00 [running]> on host 30a8312511c7
[2026-05-02T08:25:03.852+0000] {taskinstance.py:2644} INFO - Exporting env vars: AIRFLOW_CTX_DAG_OWNER='airflow' AIRFLOW_CTX_DAG_ID='etl_pipeline' AIRFLOW_CTX_TASK_ID='dbt_run' AIRFLOW_CTX_EXECUTION_DATE='2026-05-02T08:24:48.784985+00:00' AIRFLOW_CTX_TRY_NUMBER='1' AIRFLOW_CTX_DAG_RUN_ID='manual__2026-05-02T08:24:48.784985+00:00'
[2026-05-02T08:25:03.854+0000] {taskinstance.py:430} INFO - ::endgroup::
[2026-05-02T08:25:03.855+0000] {subprocess.py:63} INFO - Tmp dir root location: /tmp
[2026-05-02T08:25:03.859+0000] {subprocess.py:75} INFO - Running command: ['/usr/bin/bash', '-c', 'cd /opt/airflow/dbt_project && dbt run']
[2026-05-02T08:25:03.881+0000] {subprocess.py:86} INFO - Output:
[2026-05-02T08:25:07.290+0000] {subprocess.py:93} INFO - [0m08:25:07  Running with dbt=1.7.14
[2026-05-02T08:25:07.586+0000] {subprocess.py:93} INFO - [0m08:25:07  Registered adapter: postgres=1.7.14
[2026-05-02T08:25:08.313+0000] {subprocess.py:93} INFO - [0m08:25:08  Found 4 models, 1 source, 0 exposures, 0 metrics, 401 macros, 0 groups, 0 semantic models
[2026-05-02T08:25:08.317+0000] {subprocess.py:93} INFO - [0m08:25:08
[2026-05-02T08:25:08.430+0000] {subprocess.py:93} INFO - [0m08:25:08  Concurrency: 4 threads (target='dev')
[2026-05-02T08:25:08.432+0000] {subprocess.py:93} INFO - [0m08:25:08
[2026-05-02T08:25:08.446+0000] {subprocess.py:93} INFO - [0m08:25:08  1 of 4 START sql table model raw.my_first_dbt_model ............................ [RUN]
[2026-05-02T08:25:08.448+0000] {subprocess.py:93} INFO - [0m08:25:08  2 of 4 START sql view model raw.stg_walmart .................................... [RUN]
[2026-05-02T08:25:08.790+0000] {subprocess.py:93} INFO - [0m08:25:08  2 of 4 OK created sql view model raw.stg_walmart ............................... [[32mCREATE VIEW[0m in 0.33s]
[2026-05-02T08:25:08.792+0000] {subprocess.py:93} INFO - [0m08:25:08  1 of 4 OK created sql table model raw.my_first_dbt_model ....................... [[32mSELECT 2[0m in 0.33s]
[2026-05-02T08:25:08.805+0000] {subprocess.py:93} INFO - [0m08:25:08  3 of 4 START sql view model raw.fact_sales ..................................... [RUN]
[2026-05-02T08:25:08.807+0000] {subprocess.py:93} INFO - [0m08:25:08  4 of 4 START sql view model raw.my_second_dbt_model ............................ [RUN]
[2026-05-02T08:25:08.895+0000] {subprocess.py:93} INFO - [0m08:25:08  4 of 4 OK created sql view model raw.my_second_dbt_model ....................... [[32mCREATE VIEW[0m in 0.08s]
[2026-05-02T08:25:08.953+0000] {subprocess.py:93} INFO - [0m08:25:08  3 of 4 OK created sql view model raw.fact_sales ................................ [[32mCREATE VIEW[0m in 0.14s]
[2026-05-02T08:25:08.982+0000] {subprocess.py:93} INFO - [0m08:25:08
[2026-05-02T08:25:08.984+0000] {subprocess.py:93} INFO - [0m08:25:08  Finished running 3 view models, 1 table model in 0 hours 0 minutes and 0.66 seconds (0.66s).
[2026-05-02T08:25:09.025+0000] {subprocess.py:93} INFO - [0m08:25:09
[2026-05-02T08:25:09.027+0000] {subprocess.py:93} INFO - [0m08:25:09  [32mCompleted successfully[0m
[2026-05-02T08:25:09.028+0000] {subprocess.py:93} INFO - [0m08:25:09
[2026-05-02T08:25:09.030+0000] {subprocess.py:93} INFO - [0m08:25:09  Done. PASS=4 WARN=0 ERROR=0 SKIP=0 TOTAL=4
[2026-05-02T08:25:10.027+0000] {subprocess.py:97} INFO - Command exited with return code 0
[2026-05-02T08:25:10.028+0000] {taskinstance.py:441} INFO - ::group::Post task execution logs
[2026-05-02T08:25:10.105+0000] {taskinstance.py:1205} INFO - Marking task as SUCCESS. dag_id=etl_pipeline, task_id=dbt_run, execution_date=20260502T082448, start_date=20260502T082503, end_date=20260502T082510
[2026-05-02T08:25:10.137+0000] {local_task_job_runner.py:240} INFO - Task exited with return code 0
[2026-05-02T08:25:10.160+0000] {taskinstance.py:3482} INFO - 1 downstream tasks scheduled from follow-on schedule check
[2026-05-02T08:25:10.162+0000] {local_task_job_runner.py:222} INFO - ::endgroup::
