[2026-04-25T22:20:02.118+0000] {local_task_job_runner.py:120} INFO - ::group::Pre task execution logs
[2026-04-25T22:20:02.139+0000] {taskinstance.py:2073} INFO - Dependencies all met for dep_context=non-requeueable deps ti=<TaskInstance: retail_pipeline.ingest scheduled__2026-04-25T22:15:00+00:00 [queued]>
[2026-04-25T22:20:02.149+0000] {taskinstance.py:2073} INFO - Dependencies all met for dep_context=requeueable deps ti=<TaskInstance: retail_pipeline.ingest scheduled__2026-04-25T22:15:00+00:00 [queued]>
[2026-04-25T22:20:02.150+0000] {taskinstance.py:2303} INFO - Starting attempt 1 of 1
[2026-04-25T22:20:02.164+0000] {taskinstance.py:2327} INFO - Executing <Task(BashOperator): ingest> on 2026-04-25 22:15:00+00:00
[2026-04-25T22:20:02.172+0000] {warnings.py:110} WARNING - /home/***/.local/lib/python3.12/site-packages/***/task/task_runner/standard_task_runner.py:61: DeprecationWarning: This process (pid=104) is multi-threaded, use of fork() may lead to deadlocks in the child.
  pid = os.fork()

[2026-04-25T22:20:02.175+0000] {standard_task_runner.py:63} INFO - Started process 106 to run task
[2026-04-25T22:20:02.174+0000] {standard_task_runner.py:90} INFO - Running: ['***', 'tasks', 'run', 'retail_pipeline', 'ingest', 'scheduled__2026-04-25T22:15:00+00:00', '--job-id', '28', '--raw', '--subdir', 'DAGS_FOLDER/retail_dag.py', '--cfg-path', '/tmp/tmp2rxfj2ve']
[2026-04-25T22:20:02.178+0000] {standard_task_runner.py:91} INFO - Job 28: Subtask ingest
[2026-04-25T22:20:02.314+0000] {task_command.py:426} INFO - Running <TaskInstance: retail_pipeline.ingest scheduled__2026-04-25T22:15:00+00:00 [running]> on host 15a4ea50604a
[2026-04-25T22:20:02.414+0000] {taskinstance.py:2644} INFO - Exporting env vars: AIRFLOW_CTX_DAG_OWNER='***' AIRFLOW_CTX_DAG_ID='retail_pipeline' AIRFLOW_CTX_TASK_ID='ingest' AIRFLOW_CTX_EXECUTION_DATE='2026-04-25T22:15:00+00:00' AIRFLOW_CTX_TRY_NUMBER='1' AIRFLOW_CTX_DAG_RUN_ID='scheduled__2026-04-25T22:15:00+00:00'
[2026-04-25T22:20:02.418+0000] {taskinstance.py:430} INFO - ::endgroup::
[2026-04-25T22:20:02.420+0000] {subprocess.py:63} INFO - Tmp dir root location: /tmp
[2026-04-25T22:20:02.421+0000] {subprocess.py:75} INFO - Running command: ['/usr/bin/bash', '-c', 'python /opt/***/ingestion/ingestion.ipynb']
[2026-04-25T22:20:02.435+0000] {subprocess.py:86} INFO - Output:
[2026-04-25T22:20:02.684+0000] {subprocess.py:97} INFO - Command exited with return code 0
[2026-04-25T22:20:02.686+0000] {taskinstance.py:441} INFO - ::group::Post task execution logs
[2026-04-25T22:20:02.714+0000] {taskinstance.py:1205} INFO - Marking task as SUCCESS. dag_id=retail_pipeline, task_id=ingest, execution_date=20260425T221500, start_date=20260425T222002, end_date=20260425T222002
[2026-04-25T22:20:02.758+0000] {local_task_job_runner.py:240} INFO - Task exited with return code 0
[2026-04-25T22:20:02.815+0000] {taskinstance.py:3482} INFO - 1 downstream tasks scheduled from follow-on schedule check
[2026-04-25T22:20:02.818+0000] {local_task_job_runner.py:222} INFO - ::endgroup::
