[2026-05-02T08:21:47.356+0000] {local_task_job_runner.py:120} INFO - ::group::Pre task execution logs
[2026-05-02T08:21:47.397+0000] {taskinstance.py:2073} INFO - Dependencies all met for dep_context=non-requeueable deps ti=<TaskInstance: etl_pipeline.dbt_deps manual__2026-05-02T08:21:39.133158+00:00 [queued]>
[2026-05-02T08:21:47.414+0000] {taskinstance.py:2073} INFO - Dependencies all met for dep_context=requeueable deps ti=<TaskInstance: etl_pipeline.dbt_deps manual__2026-05-02T08:21:39.133158+00:00 [queued]>
[2026-05-02T08:21:47.414+0000] {taskinstance.py:2303} INFO - Starting attempt 1 of 1
[2026-05-02T08:21:48.057+0000] {taskinstance.py:2327} INFO - Executing <Task(BashOperator): dbt_deps> on 2026-05-02 08:21:39.133158+00:00
[2026-05-02T08:21:48.072+0000] {standard_task_runner.py:90} INFO - Running: ['airflow', 'tasks', 'run', 'etl_pipeline', 'dbt_deps', 'manual__2026-05-02T08:21:39.133158+00:00', '--job-id', '34', '--raw', '--subdir', 'DAGS_FOLDER/retail_dag.py', '--cfg-path', '/tmp/tmpflazcudo']
[2026-05-02T08:21:48.079+0000] {logging_mixin.py:188} WARNING - /home/airflow/.local/lib/python3.12/site-packages/airflow/task/task_runner/standard_task_runner.py:61 DeprecationWarning: This process (pid=737) is multi-threaded, use of fork() may lead to deadlocks in the child.
[2026-05-02T08:21:48.080+0000] {standard_task_runner.py:91} INFO - Job 34: Subtask dbt_deps
[2026-05-02T08:21:48.081+0000] {standard_task_runner.py:63} INFO - Started process 741 to run task
[2026-05-02T08:21:48.186+0000] {task_command.py:426} INFO - Running <TaskInstance: etl_pipeline.dbt_deps manual__2026-05-02T08:21:39.133158+00:00 [running]> on host 4f0b79290008
[2026-05-02T08:21:48.313+0000] {taskinstance.py:2644} INFO - Exporting env vars: AIRFLOW_CTX_DAG_OWNER='airflow' AIRFLOW_CTX_DAG_ID='etl_pipeline' AIRFLOW_CTX_TASK_ID='dbt_deps' AIRFLOW_CTX_EXECUTION_DATE='2026-05-02T08:21:39.133158+00:00' AIRFLOW_CTX_TRY_NUMBER='1' AIRFLOW_CTX_DAG_RUN_ID='manual__2026-05-02T08:21:39.133158+00:00'
[2026-05-02T08:21:48.316+0000] {taskinstance.py:430} INFO - ::endgroup::
[2026-05-02T08:21:48.317+0000] {subprocess.py:63} INFO - Tmp dir root location: /tmp
[2026-05-02T08:21:48.319+0000] {subprocess.py:75} INFO - Running command: ['/usr/bin/bash', '-c', 'cd /opt/airflow/dbt_project && dbt deps']
[2026-05-02T08:21:48.337+0000] {subprocess.py:86} INFO - Output:
[2026-05-02T08:21:53.036+0000] {subprocess.py:93} INFO - [0m08:21:53  Running with dbt=1.7.14
[2026-05-02T08:21:53.160+0000] {subprocess.py:93} INFO - [0m08:21:53  Warning: No packages were found in packages.yml
[2026-05-02T08:21:53.170+0000] {subprocess.py:93} INFO - [0m08:21:53  Warning: No packages were found in packages.yml
[2026-05-02T08:21:54.229+0000] {subprocess.py:97} INFO - Command exited with return code 0
[2026-05-02T08:21:54.230+0000] {taskinstance.py:441} INFO - ::group::Post task execution logs
[2026-05-02T08:21:54.254+0000] {taskinstance.py:1205} INFO - Marking task as SUCCESS. dag_id=etl_pipeline, task_id=dbt_deps, execution_date=20260502T082139, start_date=20260502T082147, end_date=20260502T082154
[2026-05-02T08:21:54.294+0000] {local_task_job_runner.py:240} INFO - Task exited with return code 0
[2026-05-02T08:21:54.316+0000] {taskinstance.py:3482} INFO - 1 downstream tasks scheduled from follow-on schedule check
[2026-05-02T08:21:54.318+0000] {local_task_job_runner.py:222} INFO - ::endgroup::
