[2026-05-02T08:10:56.986+0000] {local_task_job_runner.py:120} INFO - ::group::Pre task execution logs
[2026-05-02T08:10:57.017+0000] {taskinstance.py:2073} INFO - Dependencies all met for dep_context=non-requeueable deps ti=<TaskInstance: etl_pipeline.dbt_run manual__2026-05-02T08:10:33.244229+00:00 [queued]>
[2026-05-02T08:10:57.025+0000] {taskinstance.py:2073} INFO - Dependencies all met for dep_context=requeueable deps ti=<TaskInstance: etl_pipeline.dbt_run manual__2026-05-02T08:10:33.244229+00:00 [queued]>
[2026-05-02T08:10:57.026+0000] {taskinstance.py:2303} INFO - Starting attempt 1 of 1
[2026-05-02T08:10:57.044+0000] {taskinstance.py:2327} INFO - Executing <Task(BashOperator): dbt_run> on 2026-05-02 08:10:33.244229+00:00
[2026-05-02T08:10:57.056+0000] {standard_task_runner.py:90} INFO - Running: ['airflow', 'tasks', 'run', 'etl_pipeline', 'dbt_run', 'manual__2026-05-02T08:10:33.244229+00:00', '--job-id', '25', '--raw', '--subdir', 'DAGS_FOLDER/retail_dag.py', '--cfg-path', '/tmp/tmpwbv3w3zl']
[2026-05-02T08:10:57.060+0000] {standard_task_runner.py:91} INFO - Job 25: Subtask dbt_run
[2026-05-02T08:10:57.060+0000] {logging_mixin.py:188} WARNING - /home/airflow/.local/lib/python3.12/site-packages/airflow/task/task_runner/standard_task_runner.py:61 DeprecationWarning: This process (pid=1020) is multi-threaded, use of fork() may lead to deadlocks in the child.
[2026-05-02T08:10:57.061+0000] {standard_task_runner.py:63} INFO - Started process 1022 to run task
[2026-05-02T08:10:57.134+0000] {task_command.py:426} INFO - Running <TaskInstance: etl_pipeline.dbt_run manual__2026-05-02T08:10:33.244229+00:00 [running]> on host aefd8f28fba0
[2026-05-02T08:10:57.240+0000] {taskinstance.py:2644} INFO - Exporting env vars: AIRFLOW_CTX_DAG_OWNER='airflow' AIRFLOW_CTX_DAG_ID='etl_pipeline' AIRFLOW_CTX_TASK_ID='dbt_run' AIRFLOW_CTX_EXECUTION_DATE='2026-05-02T08:10:33.244229+00:00' AIRFLOW_CTX_TRY_NUMBER='1' AIRFLOW_CTX_DAG_RUN_ID='manual__2026-05-02T08:10:33.244229+00:00'
[2026-05-02T08:10:57.243+0000] {taskinstance.py:430} INFO - ::endgroup::
[2026-05-02T08:10:57.245+0000] {subprocess.py:63} INFO - Tmp dir root location: /tmp
[2026-05-02T08:10:57.247+0000] {subprocess.py:75} INFO - Running command: ['/usr/bin/bash', '-c', 'cd /opt/airflow/dbt_project && dbt run']
[2026-05-02T08:10:57.262+0000] {subprocess.py:86} INFO - Output:
[2026-05-02T08:11:00.747+0000] {subprocess.py:93} INFO - [0m08:11:00  Running with dbt=1.7.14
[2026-05-02T08:11:01.170+0000] {subprocess.py:93} INFO - [0m08:11:01  Registered adapter: postgres=1.7.14
[2026-05-02T08:11:02.251+0000] {subprocess.py:93} INFO - [0m08:11:02  Found 4 models, 1 source, 0 exposures, 0 metrics, 401 macros, 0 groups, 0 semantic models
[2026-05-02T08:11:02.255+0000] {subprocess.py:93} INFO - [0m08:11:02
[2026-05-02T08:11:04.110+0000] {subprocess.py:93} INFO - [0m08:11:04  Concurrency: 4 threads (target='dev')
[2026-05-02T08:11:04.112+0000] {subprocess.py:93} INFO - [0m08:11:04
[2026-05-02T08:11:04.126+0000] {subprocess.py:93} INFO - [0m08:11:04  1 of 4 START sql table model raw.my_first_dbt_model ............................ [RUN]
[2026-05-02T08:11:04.128+0000] {subprocess.py:93} INFO - [0m08:11:04  2 of 4 START sql view model raw.stg_walmart .................................... [RUN]
[2026-05-02T08:11:04.430+0000] {subprocess.py:93} INFO - [0m08:11:04  2 of 4 ERROR creating sql view model raw.stg_walmart ........................... [[31mERROR[0m in 0.30s]
[2026-05-02T08:11:04.437+0000] {subprocess.py:93} INFO - [0m08:11:04  3 of 4 SKIP relation raw.fact_sales ............................................ [[33mSKIP[0m]
[2026-05-02T08:11:04.945+0000] {subprocess.py:93} INFO - [0m08:11:04  1 of 4 OK created sql table model raw.my_first_dbt_model ....................... [[32mSELECT 2[0m in 0.81s]
[2026-05-02T08:11:04.954+0000] {subprocess.py:93} INFO - [0m08:11:04  4 of 4 START sql view model raw.my_second_dbt_model ............................ [RUN]
[2026-05-02T08:11:05.115+0000] {subprocess.py:93} INFO - [0m08:11:05  4 of 4 OK created sql view model raw.my_second_dbt_model ....................... [[32mCREATE VIEW[0m in 0.16s]
[2026-05-02T08:11:05.299+0000] {subprocess.py:93} INFO - [0m08:11:05
[2026-05-02T08:11:05.301+0000] {subprocess.py:93} INFO - [0m08:11:05  Finished running 3 view models, 1 table model in 0 hours 0 minutes and 3.04 seconds (3.04s).
[2026-05-02T08:11:05.333+0000] {subprocess.py:93} INFO - [0m08:11:05
[2026-05-02T08:11:05.335+0000] {subprocess.py:93} INFO - [0m08:11:05  [31mCompleted with 1 error and 0 warnings:[0m
[2026-05-02T08:11:05.336+0000] {subprocess.py:93} INFO - [0m08:11:05
[2026-05-02T08:11:05.338+0000] {subprocess.py:93} INFO - [0m08:11:05    Database Error in model stg_walmart (models/staging/stg_walmart.sql)
[2026-05-02T08:11:05.339+0000] {subprocess.py:93} INFO -   relation "raw.walmart_sales" does not exist
[2026-05-02T08:11:05.339+0000] {subprocess.py:93} INFO -   LINE 16: FROM "retail_db"."raw"."walmart_sales"
[2026-05-02T08:11:05.340+0000] {subprocess.py:93} INFO -                 ^
[2026-05-02T08:11:05.341+0000] {subprocess.py:93} INFO -   compiled Code at target/run/dbt_project/models/staging/stg_walmart.sql
[2026-05-02T08:11:05.342+0000] {subprocess.py:93} INFO - [0m08:11:05
[2026-05-02T08:11:05.343+0000] {subprocess.py:93} INFO - [0m08:11:05  Done. PASS=2 WARN=0 ERROR=1 SKIP=1 TOTAL=4
[2026-05-02T08:11:06.464+0000] {subprocess.py:97} INFO - Command exited with return code 1
[2026-05-02T08:11:06.465+0000] {taskinstance.py:441} INFO - ::group::Post task execution logs
[2026-05-02T08:11:06.480+0000] {taskinstance.py:2890} ERROR - Task failed with exception
Traceback (most recent call last):
  File "/home/airflow/.local/lib/python3.12/site-packages/airflow/models/taskinstance.py", line 465, in _execute_task
    result = _execute_callable(context=context, **execute_callable_kwargs)
             ^^^^^^^^^^^^^^^^^^^^^^^^^^^^^^^^^^^^^^^^^^^^^^^^^^^^^^^^^^^^^
  File "/home/airflow/.local/lib/python3.12/site-packages/airflow/models/taskinstance.py", line 432, in _execute_callable
    return execute_callable(context=context, **execute_callable_kwargs)
           ^^^^^^^^^^^^^^^^^^^^^^^^^^^^^^^^^^^^^^^^^^^^^^^^^^^^^^^^^^^^
  File "/home/airflow/.local/lib/python3.12/site-packages/airflow/models/baseoperator.py", line 400, in wrapper
    return func(self, *args, **kwargs)
           ^^^^^^^^^^^^^^^^^^^^^^^^^^^
  File "/home/airflow/.local/lib/python3.12/site-packages/airflow/operators/bash.py", line 243, in execute
    raise AirflowException(
airflow.exceptions.AirflowException: Bash command failed. The command returned a non-zero exit code 1.
[2026-05-02T08:11:06.486+0000] {taskinstance.py:1205} INFO - Marking task as FAILED. dag_id=etl_pipeline, task_id=dbt_run, execution_date=20260502T081033, start_date=20260502T081057, end_date=20260502T081106
[2026-05-02T08:11:06.536+0000] {standard_task_runner.py:110} ERROR - Failed to execute job 25 for task dbt_run (Bash command failed. The command returned a non-zero exit code 1.; 1022)
[2026-05-02T08:11:06.550+0000] {local_task_job_runner.py:240} INFO - Task exited with return code 1
[2026-05-02T08:11:06.577+0000] {taskinstance.py:3482} INFO - 0 downstream tasks scheduled from follow-on schedule check
[2026-05-02T08:11:06.582+0000] {local_task_job_runner.py:222} INFO - ::endgroup::
