[2026-04-28T00:00:10.656+0000] {processor.py:161} INFO - Started process (PID=123) to work on /opt/airflow/dags/retail_dag.py
[2026-04-28T00:00:10.657+0000] {processor.py:830} INFO - Processing file /opt/airflow/dags/retail_dag.py for tasks to queue
[2026-04-28T00:00:10.660+0000] {logging_mixin.py:188} INFO - [2026-04-28T00:00:10.660+0000] {dagbag.py:540} INFO - Filling up the DagBag from /opt/airflow/dags/retail_dag.py
[2026-04-28T00:00:10.691+0000] {processor.py:840} INFO - DAG(s) 'dbt_orchestration' retrieved from /opt/airflow/dags/retail_dag.py
[2026-04-28T00:00:10.726+0000] {logging_mixin.py:188} INFO - [2026-04-28T00:00:10.726+0000] {dag.py:3096} INFO - Sync 1 DAGs
[2026-04-28T00:00:10.760+0000] {logging_mixin.py:188} INFO - [2026-04-28T00:00:10.759+0000] {dag.py:3954} INFO - Setting next_dagrun for dbt_orchestration to 2026-04-28 00:00:00+00:00, run_after=2026-04-29 00:00:00+00:00
[2026-04-28T00:00:10.858+0000] {processor.py:183} INFO - Processing /opt/airflow/dags/retail_dag.py took 0.212 seconds
[2026-04-28T00:00:51.356+0000] {processor.py:161} INFO - Started process (PID=176) to work on /opt/airflow/dags/retail_dag.py
[2026-04-28T00:00:51.561+0000] {processor.py:830} INFO - Processing file /opt/airflow/dags/retail_dag.py for tasks to queue
[2026-04-28T00:00:52.825+0000] {logging_mixin.py:188} INFO - [2026-04-28T00:00:52.825+0000] {dagbag.py:540} INFO - Filling up the DagBag from /opt/airflow/dags/retail_dag.py
[2026-04-28T00:00:56.169+0000] {processor.py:840} INFO - DAG(s) 'dbt_orchestration' retrieved from /opt/airflow/dags/retail_dag.py
[2026-04-28T00:01:00.523+0000] {logging_mixin.py:188} INFO - [2026-04-28T00:01:00.523+0000] {dag.py:3096} INFO - Sync 1 DAGs
[2026-04-28T00:01:14.644+0000] {logging_mixin.py:188} INFO - [2026-04-28T00:01:14.644+0000] {dag.py:3954} INFO - Setting next_dagrun for dbt_orchestration to 2026-04-28 00:00:00+00:00, run_after=2026-04-29 00:00:00+00:00
[2026-04-28T00:01:19.615+0000] {processor.py:183} INFO - Processing /opt/airflow/dags/retail_dag.py took 31.489 seconds
[2026-04-28T00:03:05.040+0000] {processor.py:161} INFO - Started process (PID=209) to work on /opt/airflow/dags/retail_dag.py
[2026-04-28T00:03:05.043+0000] {processor.py:830} INFO - Processing file /opt/airflow/dags/retail_dag.py for tasks to queue
[2026-04-28T00:03:05.078+0000] {logging_mixin.py:188} INFO - [2026-04-28T00:03:05.078+0000] {dagbag.py:540} INFO - Filling up the DagBag from /opt/airflow/dags/retail_dag.py
[2026-04-28T00:03:05.108+0000] {processor.py:840} INFO - DAG(s) 'dbt_orchestration' retrieved from /opt/airflow/dags/retail_dag.py
[2026-04-28T00:03:05.229+0000] {logging_mixin.py:188} INFO - [2026-04-28T00:03:05.228+0000] {dag.py:3096} INFO - Sync 1 DAGs
[2026-04-28T00:03:05.469+0000] {logging_mixin.py:188} INFO - [2026-04-28T00:03:05.469+0000] {dag.py:3954} INFO - Setting next_dagrun for dbt_orchestration to 2026-04-28 00:00:00+00:00, run_after=2026-04-29 00:00:00+00:00
[2026-04-28T00:03:05.500+0000] {processor.py:183} INFO - Processing /opt/airflow/dags/retail_dag.py took 0.469 seconds
[2026-04-28T00:04:29.317+0000] {processor.py:161} INFO - Started process (PID=264) to work on /opt/airflow/dags/retail_dag.py
[2026-04-28T00:04:29.319+0000] {processor.py:830} INFO - Processing file /opt/airflow/dags/retail_dag.py for tasks to queue
[2026-04-28T00:04:29.321+0000] {logging_mixin.py:188} INFO - [2026-04-28T00:04:29.320+0000] {dagbag.py:540} INFO - Filling up the DagBag from /opt/airflow/dags/retail_dag.py
[2026-04-28T00:04:29.360+0000] {processor.py:840} INFO - DAG(s) 'dbt_orchestration' retrieved from /opt/airflow/dags/retail_dag.py
[2026-04-28T00:04:29.395+0000] {logging_mixin.py:188} INFO - [2026-04-28T00:04:29.395+0000] {dag.py:3096} INFO - Sync 1 DAGs
[2026-04-28T00:04:29.424+0000] {logging_mixin.py:188} INFO - [2026-04-28T00:04:29.424+0000] {dag.py:3954} INFO - Setting next_dagrun for dbt_orchestration to 2026-04-28 00:00:00+00:00, run_after=2026-04-29 00:00:00+00:00
[2026-04-28T00:04:29.460+0000] {processor.py:183} INFO - Processing /opt/airflow/dags/retail_dag.py took 0.618 seconds
[2026-04-28T00:05:02.287+0000] {processor.py:161} INFO - Started process (PID=297) to work on /opt/airflow/dags/retail_dag.py
[2026-04-28T00:05:02.288+0000] {processor.py:830} INFO - Processing file /opt/airflow/dags/retail_dag.py for tasks to queue
[2026-04-28T00:05:02.289+0000] {logging_mixin.py:188} INFO - [2026-04-28T00:05:02.289+0000] {dagbag.py:540} INFO - Filling up the DagBag from /opt/airflow/dags/retail_dag.py
[2026-04-28T00:05:02.932+0000] {processor.py:840} INFO - DAG(s) 'dbt_orchestration' retrieved from /opt/airflow/dags/retail_dag.py
[2026-04-28T00:05:03.664+0000] {logging_mixin.py:188} INFO - [2026-04-28T00:05:03.664+0000] {dag.py:3096} INFO - Sync 1 DAGs
[2026-04-28T00:05:03.705+0000] {logging_mixin.py:188} INFO - [2026-04-28T00:05:03.705+0000] {dag.py:3954} INFO - Setting next_dagrun for dbt_orchestration to 2026-04-28 00:00:00+00:00, run_after=2026-04-29 00:00:00+00:00
[2026-04-28T00:05:03.729+0000] {processor.py:183} INFO - Processing /opt/airflow/dags/retail_dag.py took 1.474 seconds
[2026-04-28T00:06:10.675+0000] {processor.py:161} INFO - Started process (PID=332) to work on /opt/airflow/dags/retail_dag.py
[2026-04-28T00:06:10.676+0000] {processor.py:830} INFO - Processing file /opt/airflow/dags/retail_dag.py for tasks to queue
[2026-04-28T00:06:10.678+0000] {logging_mixin.py:188} INFO - [2026-04-28T00:06:10.677+0000] {dagbag.py:540} INFO - Filling up the DagBag from /opt/airflow/dags/retail_dag.py
[2026-04-28T00:06:10.701+0000] {processor.py:840} INFO - DAG(s) 'dbt_orchestration' retrieved from /opt/airflow/dags/retail_dag.py
[2026-04-28T00:06:10.723+0000] {logging_mixin.py:188} INFO - [2026-04-28T00:06:10.723+0000] {dag.py:3096} INFO - Sync 1 DAGs
[2026-04-28T00:06:10.747+0000] {logging_mixin.py:188} INFO - [2026-04-28T00:06:10.747+0000] {dag.py:3954} INFO - Setting next_dagrun for dbt_orchestration to 2026-04-28 00:00:00+00:00, run_after=2026-04-29 00:00:00+00:00
[2026-04-28T00:06:10.768+0000] {processor.py:183} INFO - Processing /opt/airflow/dags/retail_dag.py took 0.100 seconds
[2026-04-28T00:06:41.061+0000] {processor.py:161} INFO - Started process (PID=381) to work on /opt/airflow/dags/retail_dag.py
[2026-04-28T00:06:41.062+0000] {processor.py:830} INFO - Processing file /opt/airflow/dags/retail_dag.py for tasks to queue
[2026-04-28T00:06:41.064+0000] {logging_mixin.py:188} INFO - [2026-04-28T00:06:41.063+0000] {dagbag.py:540} INFO - Filling up the DagBag from /opt/airflow/dags/retail_dag.py
[2026-04-28T00:06:41.088+0000] {processor.py:840} INFO - DAG(s) 'dbt_orchestration' retrieved from /opt/airflow/dags/retail_dag.py
[2026-04-28T00:06:41.110+0000] {logging_mixin.py:188} INFO - [2026-04-28T00:06:41.110+0000] {dag.py:3096} INFO - Sync 1 DAGs
[2026-04-28T00:06:41.133+0000] {logging_mixin.py:188} INFO - [2026-04-28T00:06:41.133+0000] {dag.py:3954} INFO - Setting next_dagrun for dbt_orchestration to 2026-04-28 00:00:00+00:00, run_after=2026-04-29 00:00:00+00:00
[2026-04-28T00:06:41.155+0000] {processor.py:183} INFO - Processing /opt/airflow/dags/retail_dag.py took 0.100 seconds
[2026-04-28T00:07:11.209+0000] {processor.py:161} INFO - Started process (PID=440) to work on /opt/airflow/dags/retail_dag.py
[2026-04-28T00:07:11.210+0000] {processor.py:830} INFO - Processing file /opt/airflow/dags/retail_dag.py for tasks to queue
[2026-04-28T00:07:11.211+0000] {logging_mixin.py:188} INFO - [2026-04-28T00:07:11.211+0000] {dagbag.py:540} INFO - Filling up the DagBag from /opt/airflow/dags/retail_dag.py
[2026-04-28T00:07:11.233+0000] {processor.py:840} INFO - DAG(s) 'dbt_orchestration' retrieved from /opt/airflow/dags/retail_dag.py
[2026-04-28T00:07:11.256+0000] {logging_mixin.py:188} INFO - [2026-04-28T00:07:11.256+0000] {dag.py:3096} INFO - Sync 1 DAGs
[2026-04-28T00:07:11.280+0000] {logging_mixin.py:188} INFO - [2026-04-28T00:07:11.280+0000] {dag.py:3954} INFO - Setting next_dagrun for dbt_orchestration to 2026-04-28 00:00:00+00:00, run_after=2026-04-29 00:00:00+00:00
[2026-04-28T00:07:11.302+0000] {processor.py:183} INFO - Processing /opt/airflow/dags/retail_dag.py took 0.100 seconds
[2026-04-28T00:07:41.455+0000] {processor.py:161} INFO - Started process (PID=499) to work on /opt/airflow/dags/retail_dag.py
[2026-04-28T00:07:41.456+0000] {processor.py:830} INFO - Processing file /opt/airflow/dags/retail_dag.py for tasks to queue
[2026-04-28T00:07:41.458+0000] {logging_mixin.py:188} INFO - [2026-04-28T00:07:41.457+0000] {dagbag.py:540} INFO - Filling up the DagBag from /opt/airflow/dags/retail_dag.py
[2026-04-28T00:07:41.483+0000] {processor.py:840} INFO - DAG(s) 'dbt_orchestration' retrieved from /opt/airflow/dags/retail_dag.py
[2026-04-28T00:07:41.511+0000] {logging_mixin.py:188} INFO - [2026-04-28T00:07:41.510+0000] {dag.py:3096} INFO - Sync 1 DAGs
[2026-04-28T00:07:41.543+0000] {logging_mixin.py:188} INFO - [2026-04-28T00:07:41.543+0000] {dag.py:3954} INFO - Setting next_dagrun for dbt_orchestration to 2026-04-28 00:00:00+00:00, run_after=2026-04-29 00:00:00+00:00
[2026-04-28T00:07:41.574+0000] {processor.py:183} INFO - Processing /opt/airflow/dags/retail_dag.py took 0.126 seconds
[2026-04-28T00:08:11.844+0000] {processor.py:161} INFO - Started process (PID=555) to work on /opt/airflow/dags/retail_dag.py
[2026-04-28T00:08:11.846+0000] {processor.py:830} INFO - Processing file /opt/airflow/dags/retail_dag.py for tasks to queue
[2026-04-28T00:08:11.847+0000] {logging_mixin.py:188} INFO - [2026-04-28T00:08:11.846+0000] {dagbag.py:540} INFO - Filling up the DagBag from /opt/airflow/dags/retail_dag.py
[2026-04-28T00:08:11.870+0000] {processor.py:840} INFO - DAG(s) 'dbt_orchestration' retrieved from /opt/airflow/dags/retail_dag.py
[2026-04-28T00:08:11.896+0000] {logging_mixin.py:188} INFO - [2026-04-28T00:08:11.896+0000] {dag.py:3096} INFO - Sync 1 DAGs
[2026-04-28T00:08:11.934+0000] {logging_mixin.py:188} INFO - [2026-04-28T00:08:11.933+0000] {dag.py:3954} INFO - Setting next_dagrun for dbt_orchestration to 2026-04-28 00:00:00+00:00, run_after=2026-04-29 00:00:00+00:00
[2026-04-28T00:08:11.959+0000] {processor.py:183} INFO - Processing /opt/airflow/dags/retail_dag.py took 0.122 seconds
[2026-04-28T00:08:42.471+0000] {processor.py:161} INFO - Started process (PID=614) to work on /opt/airflow/dags/retail_dag.py
[2026-04-28T00:08:42.473+0000] {processor.py:830} INFO - Processing file /opt/airflow/dags/retail_dag.py for tasks to queue
[2026-04-28T00:08:42.474+0000] {logging_mixin.py:188} INFO - [2026-04-28T00:08:42.473+0000] {dagbag.py:540} INFO - Filling up the DagBag from /opt/airflow/dags/retail_dag.py
[2026-04-28T00:08:42.495+0000] {processor.py:840} INFO - DAG(s) 'dbt_orchestration' retrieved from /opt/airflow/dags/retail_dag.py
[2026-04-28T00:08:42.517+0000] {logging_mixin.py:188} INFO - [2026-04-28T00:08:42.517+0000] {dag.py:3096} INFO - Sync 1 DAGs
[2026-04-28T00:08:42.542+0000] {logging_mixin.py:188} INFO - [2026-04-28T00:08:42.542+0000] {dag.py:3954} INFO - Setting next_dagrun for dbt_orchestration to 2026-04-28 00:00:00+00:00, run_after=2026-04-29 00:00:00+00:00
[2026-04-28T00:08:42.565+0000] {processor.py:183} INFO - Processing /opt/airflow/dags/retail_dag.py took 0.100 seconds
[2026-04-28T00:09:12.699+0000] {processor.py:161} INFO - Started process (PID=673) to work on /opt/airflow/dags/retail_dag.py
[2026-04-28T00:09:12.700+0000] {processor.py:830} INFO - Processing file /opt/airflow/dags/retail_dag.py for tasks to queue
[2026-04-28T00:09:12.702+0000] {logging_mixin.py:188} INFO - [2026-04-28T00:09:12.701+0000] {dagbag.py:540} INFO - Filling up the DagBag from /opt/airflow/dags/retail_dag.py
[2026-04-28T00:09:12.725+0000] {processor.py:840} INFO - DAG(s) 'dbt_orchestration' retrieved from /opt/airflow/dags/retail_dag.py
[2026-04-28T00:09:12.747+0000] {logging_mixin.py:188} INFO - [2026-04-28T00:09:12.747+0000] {dag.py:3096} INFO - Sync 1 DAGs
[2026-04-28T00:09:12.772+0000] {logging_mixin.py:188} INFO - [2026-04-28T00:09:12.772+0000] {dag.py:3954} INFO - Setting next_dagrun for dbt_orchestration to 2026-04-28 00:00:00+00:00, run_after=2026-04-29 00:00:00+00:00
[2026-04-28T00:09:12.795+0000] {processor.py:183} INFO - Processing /opt/airflow/dags/retail_dag.py took 0.105 seconds
[2026-04-28T00:09:42.860+0000] {processor.py:161} INFO - Started process (PID=732) to work on /opt/airflow/dags/retail_dag.py
[2026-04-28T00:09:42.861+0000] {processor.py:830} INFO - Processing file /opt/airflow/dags/retail_dag.py for tasks to queue
[2026-04-28T00:09:42.863+0000] {logging_mixin.py:188} INFO - [2026-04-28T00:09:42.862+0000] {dagbag.py:540} INFO - Filling up the DagBag from /opt/airflow/dags/retail_dag.py
[2026-04-28T00:09:42.884+0000] {processor.py:840} INFO - DAG(s) 'dbt_orchestration' retrieved from /opt/airflow/dags/retail_dag.py
[2026-04-28T00:09:42.909+0000] {logging_mixin.py:188} INFO - [2026-04-28T00:09:42.909+0000] {dag.py:3096} INFO - Sync 1 DAGs
[2026-04-28T00:09:42.935+0000] {logging_mixin.py:188} INFO - [2026-04-28T00:09:42.935+0000] {dag.py:3954} INFO - Setting next_dagrun for dbt_orchestration to 2026-04-28 00:00:00+00:00, run_after=2026-04-29 00:00:00+00:00
[2026-04-28T00:09:42.961+0000] {processor.py:183} INFO - Processing /opt/airflow/dags/retail_dag.py took 0.109 seconds
[2026-04-28T00:10:13.094+0000] {processor.py:161} INFO - Started process (PID=791) to work on /opt/airflow/dags/retail_dag.py
[2026-04-28T00:10:13.095+0000] {processor.py:830} INFO - Processing file /opt/airflow/dags/retail_dag.py for tasks to queue
[2026-04-28T00:10:13.096+0000] {logging_mixin.py:188} INFO - [2026-04-28T00:10:13.096+0000] {dagbag.py:540} INFO - Filling up the DagBag from /opt/airflow/dags/retail_dag.py
[2026-04-28T00:10:13.121+0000] {processor.py:840} INFO - DAG(s) 'dbt_orchestration' retrieved from /opt/airflow/dags/retail_dag.py
[2026-04-28T00:10:13.148+0000] {logging_mixin.py:188} INFO - [2026-04-28T00:10:13.148+0000] {dag.py:3096} INFO - Sync 1 DAGs
[2026-04-28T00:10:13.178+0000] {logging_mixin.py:188} INFO - [2026-04-28T00:10:13.178+0000] {dag.py:3954} INFO - Setting next_dagrun for dbt_orchestration to 2026-04-28 00:00:00+00:00, run_after=2026-04-29 00:00:00+00:00
[2026-04-28T00:10:13.206+0000] {processor.py:183} INFO - Processing /opt/airflow/dags/retail_dag.py took 0.121 seconds
[2026-04-28T00:10:47.054+0000] {processor.py:161} INFO - Started process (PID=850) to work on /opt/airflow/dags/retail_dag.py
[2026-04-28T00:10:47.055+0000] {processor.py:830} INFO - Processing file /opt/airflow/dags/retail_dag.py for tasks to queue
[2026-04-28T00:10:47.056+0000] {logging_mixin.py:188} INFO - [2026-04-28T00:10:47.056+0000] {dagbag.py:540} INFO - Filling up the DagBag from /opt/airflow/dags/retail_dag.py
[2026-04-28T00:10:47.075+0000] {processor.py:840} INFO - DAG(s) 'dbt_orchestration' retrieved from /opt/airflow/dags/retail_dag.py
[2026-04-28T00:10:47.097+0000] {logging_mixin.py:188} INFO - [2026-04-28T00:10:47.097+0000] {dag.py:3096} INFO - Sync 1 DAGs
[2026-04-28T00:10:47.120+0000] {logging_mixin.py:188} INFO - [2026-04-28T00:10:47.120+0000] {dag.py:3954} INFO - Setting next_dagrun for dbt_orchestration to 2026-04-28 00:00:00+00:00, run_after=2026-04-29 00:00:00+00:00
[2026-04-28T00:10:47.141+0000] {processor.py:183} INFO - Processing /opt/airflow/dags/retail_dag.py took 0.094 seconds
[2026-04-28T00:11:17.359+0000] {processor.py:161} INFO - Started process (PID=909) to work on /opt/airflow/dags/retail_dag.py
[2026-04-28T00:11:17.361+0000] {processor.py:830} INFO - Processing file /opt/airflow/dags/retail_dag.py for tasks to queue
[2026-04-28T00:11:17.362+0000] {logging_mixin.py:188} INFO - [2026-04-28T00:11:17.361+0000] {dagbag.py:540} INFO - Filling up the DagBag from /opt/airflow/dags/retail_dag.py
[2026-04-28T00:11:17.386+0000] {processor.py:840} INFO - DAG(s) 'dbt_orchestration' retrieved from /opt/airflow/dags/retail_dag.py
[2026-04-28T00:11:17.410+0000] {logging_mixin.py:188} INFO - [2026-04-28T00:11:17.409+0000] {dag.py:3096} INFO - Sync 1 DAGs
[2026-04-28T00:11:17.461+0000] {logging_mixin.py:188} INFO - [2026-04-28T00:11:17.461+0000] {dag.py:3954} INFO - Setting next_dagrun for dbt_orchestration to 2026-04-28 00:00:00+00:00, run_after=2026-04-29 00:00:00+00:00
[2026-04-28T00:11:17.502+0000] {processor.py:183} INFO - Processing /opt/airflow/dags/retail_dag.py took 0.149 seconds
[2026-04-28T00:11:49.351+0000] {processor.py:161} INFO - Started process (PID=966) to work on /opt/airflow/dags/retail_dag.py
[2026-04-28T00:11:49.353+0000] {processor.py:830} INFO - Processing file /opt/airflow/dags/retail_dag.py for tasks to queue
[2026-04-28T00:11:49.354+0000] {logging_mixin.py:188} INFO - [2026-04-28T00:11:49.353+0000] {dagbag.py:540} INFO - Filling up the DagBag from /opt/airflow/dags/retail_dag.py
[2026-04-28T00:11:49.375+0000] {processor.py:840} INFO - DAG(s) 'dbt_orchestration' retrieved from /opt/airflow/dags/retail_dag.py
[2026-04-28T00:11:49.398+0000] {logging_mixin.py:188} INFO - [2026-04-28T00:11:49.398+0000] {dag.py:3096} INFO - Sync 1 DAGs
[2026-04-28T00:11:49.422+0000] {logging_mixin.py:188} INFO - [2026-04-28T00:11:49.422+0000] {dag.py:3954} INFO - Setting next_dagrun for dbt_orchestration to 2026-04-28 00:00:00+00:00, run_after=2026-04-29 00:00:00+00:00
[2026-04-28T00:11:49.444+0000] {processor.py:183} INFO - Processing /opt/airflow/dags/retail_dag.py took 0.099 seconds
[2026-04-28T00:12:19.606+0000] {processor.py:161} INFO - Started process (PID=1025) to work on /opt/airflow/dags/retail_dag.py
[2026-04-28T00:12:19.608+0000] {processor.py:830} INFO - Processing file /opt/airflow/dags/retail_dag.py for tasks to queue
[2026-04-28T00:12:19.609+0000] {logging_mixin.py:188} INFO - [2026-04-28T00:12:19.608+0000] {dagbag.py:540} INFO - Filling up the DagBag from /opt/airflow/dags/retail_dag.py
[2026-04-28T00:12:19.635+0000] {processor.py:840} INFO - DAG(s) 'dbt_orchestration' retrieved from /opt/airflow/dags/retail_dag.py
[2026-04-28T00:12:19.660+0000] {logging_mixin.py:188} INFO - [2026-04-28T00:12:19.660+0000] {dag.py:3096} INFO - Sync 1 DAGs
[2026-04-28T00:12:19.684+0000] {logging_mixin.py:188} INFO - [2026-04-28T00:12:19.684+0000] {dag.py:3954} INFO - Setting next_dagrun for dbt_orchestration to 2026-04-28 00:00:00+00:00, run_after=2026-04-29 00:00:00+00:00
[2026-04-28T00:12:19.869+0000] {processor.py:183} INFO - Processing /opt/airflow/dags/retail_dag.py took 0.271 seconds
[2026-04-28T00:12:50.053+0000] {processor.py:161} INFO - Started process (PID=1084) to work on /opt/airflow/dags/retail_dag.py
[2026-04-28T00:12:50.054+0000] {processor.py:830} INFO - Processing file /opt/airflow/dags/retail_dag.py for tasks to queue
[2026-04-28T00:12:50.055+0000] {logging_mixin.py:188} INFO - [2026-04-28T00:12:50.055+0000] {dagbag.py:540} INFO - Filling up the DagBag from /opt/airflow/dags/retail_dag.py
[2026-04-28T00:12:50.077+0000] {processor.py:840} INFO - DAG(s) 'dbt_orchestration' retrieved from /opt/airflow/dags/retail_dag.py
[2026-04-28T00:12:50.099+0000] {logging_mixin.py:188} INFO - [2026-04-28T00:12:50.099+0000] {dag.py:3096} INFO - Sync 1 DAGs
[2026-04-28T00:12:50.122+0000] {logging_mixin.py:188} INFO - [2026-04-28T00:12:50.122+0000] {dag.py:3954} INFO - Setting next_dagrun for dbt_orchestration to 2026-04-28 00:00:00+00:00, run_after=2026-04-29 00:00:00+00:00
[2026-04-28T00:12:50.144+0000] {processor.py:183} INFO - Processing /opt/airflow/dags/retail_dag.py took 0.098 seconds
