[2026-05-02T09:30:22.865+0000] {local_task_job_runner.py:120} INFO - ::group::Pre task execution logs
[2026-05-02T09:30:22.950+0000] {taskinstance.py:2073} INFO - Dependencies all met for dep_context=non-requeueable deps ti=<TaskInstance: etl_pipeline.dbt_run manual__2026-05-02T09:29:58.487829+00:00 [queued]>
[2026-05-02T09:30:22.964+0000] {taskinstance.py:2073} INFO - Dependencies all met for dep_context=requeueable deps ti=<TaskInstance: etl_pipeline.dbt_run manual__2026-05-02T09:29:58.487829+00:00 [queued]>
[2026-05-02T09:30:22.964+0000] {taskinstance.py:2303} INFO - Starting attempt 1 of 1
[2026-05-02T09:30:22.980+0000] {taskinstance.py:2327} INFO - Executing <Task(BashOperator): dbt_run> on 2026-05-02 09:29:58.487829+00:00
[2026-05-02T09:30:22.995+0000] {logging_mixin.py:188} WARNING - /home/airflow/.local/lib/python3.12/site-packages/airflow/task/task_runner/standard_task_runner.py:61 DeprecationWarning: This process (pid=1019) is multi-threaded, use of fork() may lead to deadlocks in the child.
[2026-05-02T09:30:22.992+0000] {standard_task_runner.py:90} INFO - Running: ['airflow', 'tasks', 'run', 'etl_pipeline', 'dbt_run', 'manual__2026-05-02T09:29:58.487829+00:00', '--job-id', '6', '--raw', '--subdir', 'DAGS_FOLDER/retail_dag.py', '--cfg-path', '/tmp/tmpm8sw9_uv']
[2026-05-02T09:30:22.997+0000] {standard_task_runner.py:63} INFO - Started process 1027 to run task
[2026-05-02T09:30:22.997+0000] {standard_task_runner.py:91} INFO - Job 6: Subtask dbt_run
[2026-05-02T09:30:23.323+0000] {task_command.py:426} INFO - Running <TaskInstance: etl_pipeline.dbt_run manual__2026-05-02T09:29:58.487829+00:00 [running]> on host b5207b5e7597
[2026-05-02T09:30:23.831+0000] {taskinstance.py:2644} INFO - Exporting env vars: AIRFLOW_CTX_DAG_OWNER='airflow' AIRFLOW_CTX_DAG_ID='etl_pipeline' AIRFLOW_CTX_TASK_ID='dbt_run' AIRFLOW_CTX_EXECUTION_DATE='2026-05-02T09:29:58.487829+00:00' AIRFLOW_CTX_TRY_NUMBER='1' AIRFLOW_CTX_DAG_RUN_ID='manual__2026-05-02T09:29:58.487829+00:00'
[2026-05-02T09:30:23.834+0000] {taskinstance.py:430} INFO - ::endgroup::
[2026-05-02T09:30:23.835+0000] {subprocess.py:63} INFO - Tmp dir root location: /tmp
[2026-05-02T09:30:23.837+0000] {subprocess.py:75} INFO - Running command: ['/usr/bin/bash', '-c', 'cd /opt/airflow/dbt_project && dbt run']
[2026-05-02T09:30:23.857+0000] {subprocess.py:86} INFO - Output:
[2026-05-02T09:30:27.956+0000] {subprocess.py:93} INFO - [0m09:30:27  Running with dbt=1.7.14
[2026-05-02T09:30:27.968+0000] {subprocess.py:93} INFO - [0m09:30:27  Encountered an error:
[2026-05-02T09:30:27.969+0000] {subprocess.py:93} INFO - Runtime Error
[2026-05-02T09:30:27.969+0000] {subprocess.py:93} INFO - 
[2026-05-02T09:30:27.970+0000] {subprocess.py:93} INFO -   dbt encountered an error while trying to read your profiles.yml file.
[2026-05-02T09:30:27.970+0000] {subprocess.py:93} INFO - 
[2026-05-02T09:30:27.971+0000] {subprocess.py:93} INFO -   Runtime Error
[2026-05-02T09:30:27.971+0000] {subprocess.py:93} INFO -     Syntax error near line 6
[2026-05-02T09:30:27.972+0000] {subprocess.py:93} INFO -     ------------------------------
[2026-05-02T09:30:27.972+0000] {subprocess.py:93} INFO -     3  |   outputs:
[2026-05-02T09:30:27.973+0000] {subprocess.py:93} INFO -     4  |     dev:
[2026-05-02T09:30:27.973+0000] {subprocess.py:93} INFO -     5  |       type: postgres
[2026-05-02T09:30:27.973+0000] {subprocess.py:93} INFO -     6  |       host: host: host.docker.internal
[2026-05-02T09:30:27.974+0000] {subprocess.py:93} INFO -     7  |       user: postgres
[2026-05-02T09:30:27.974+0000] {subprocess.py:93} INFO -     8  |       password: "***"
[2026-05-02T09:30:27.975+0000] {subprocess.py:93} INFO -     9  |       port: 5432
[2026-05-02T09:30:27.975+0000] {subprocess.py:93} INFO - 
[2026-05-02T09:30:27.976+0000] {subprocess.py:93} INFO -     Raw Error:
[2026-05-02T09:30:27.976+0000] {subprocess.py:93} INFO -     ------------------------------
[2026-05-02T09:30:27.976+0000] {subprocess.py:93} INFO -     mapping values are not allowed in this context
[2026-05-02T09:30:27.977+0000] {subprocess.py:93} INFO -       in "<unicode string>", line 6, column 17
[2026-05-02T09:30:27.977+0000] {subprocess.py:93} INFO - 
[2026-05-02T09:30:28.922+0000] {subprocess.py:97} INFO - Command exited with return code 2
[2026-05-02T09:30:28.923+0000] {taskinstance.py:441} INFO - ::group::Post task execution logs
[2026-05-02T09:30:28.997+0000] {taskinstance.py:2890} ERROR - Task failed with exception
Traceback (most recent call last):
  File "/home/airflow/.local/lib/python3.12/site-packages/airflow/models/taskinstance.py", line 465, in _execute_task
    result = _execute_callable(context=context, **execute_callable_kwargs)
             ^^^^^^^^^^^^^^^^^^^^^^^^^^^^^^^^^^^^^^^^^^^^^^^^^^^^^^^^^^^^^
  File "/home/airflow/.local/lib/python3.12/site-packages/airflow/models/taskinstance.py", line 432, in _execute_callable
    return execute_callable(context=context, **execute_callable_kwargs)
           ^^^^^^^^^^^^^^^^^^^^^^^^^^^^^^^^^^^^^^^^^^^^^^^^^^^^^^^^^^^^
  File "/home/airflow/.local/lib/python3.12/site-packages/airflow/models/baseoperator.py", line 400, in wrapper
    return func(self, *args, **kwargs)
           ^^^^^^^^^^^^^^^^^^^^^^^^^^^
  File "/home/airflow/.local/lib/python3.12/site-packages/airflow/operators/bash.py", line 243, in execute
    raise AirflowException(
airflow.exceptions.AirflowException: Bash command failed. The command returned a non-zero exit code 2.
[2026-05-02T09:30:29.010+0000] {taskinstance.py:1205} INFO - Marking task as FAILED. dag_id=etl_pipeline, task_id=dbt_run, execution_date=20260502T092958, start_date=20260502T093022, end_date=20260502T093029
[2026-05-02T09:30:29.059+0000] {standard_task_runner.py:110} ERROR - Failed to execute job 6 for task dbt_run (Bash command failed. The command returned a non-zero exit code 2.; 1027)
[2026-05-02T09:30:29.113+0000] {local_task_job_runner.py:240} INFO - Task exited with return code 1
[2026-05-02T09:30:29.279+0000] {taskinstance.py:3482} INFO - 0 downstream tasks scheduled from follow-on schedule check
[2026-05-02T09:30:29.296+0000] {local_task_job_runner.py:222} INFO - ::endgroup::
