[2026-05-01T20:56:57.902+0000] {local_task_job_runner.py:120} INFO - ::group::Pre task execution logs
[2026-05-01T20:56:57.934+0000] {taskinstance.py:2073} INFO - Dependencies all met for dep_context=non-requeueable deps ti=<TaskInstance: dbt_orchestration.dbt_debug manual__2026-05-01T20:56:55.155402+00:00 [queued]>
[2026-05-01T20:56:57.946+0000] {taskinstance.py:2073} INFO - Dependencies all met for dep_context=requeueable deps ti=<TaskInstance: dbt_orchestration.dbt_debug manual__2026-05-01T20:56:55.155402+00:00 [queued]>
[2026-05-01T20:56:57.947+0000] {taskinstance.py:2303} INFO - Starting attempt 1 of 1
[2026-05-01T20:56:57.965+0000] {taskinstance.py:2327} INFO - Executing <Task(BashOperator): dbt_debug> on 2026-05-01 20:56:55.155402+00:00
[2026-05-01T20:56:57.975+0000] {standard_task_runner.py:90} INFO - Running: ['***', 'tasks', 'run', 'dbt_orchestration', 'dbt_debug', 'manual__2026-05-01T20:56:55.155402+00:00', '--job-id', '3', '--raw', '--subdir', 'DAGS_FOLDER/retail_dag.py', '--cfg-path', '/tmp/tmp85lg1h0s']
[2026-05-01T20:56:57.978+0000] {logging_mixin.py:188} WARNING - /home/***/.local/lib/python3.12/site-packages/***/task/task_runner/standard_task_runner.py:61 DeprecationWarning: This process (pid=766) is multi-threaded, use of fork() may lead to deadlocks in the child.
[2026-05-01T20:56:57.980+0000] {standard_task_runner.py:91} INFO - Job 3: Subtask dbt_debug
[2026-05-01T20:56:57.980+0000] {standard_task_runner.py:63} INFO - Started process 792 to run task
[2026-05-01T20:56:58.057+0000] {task_command.py:426} INFO - Running <TaskInstance: dbt_orchestration.dbt_debug manual__2026-05-01T20:56:55.155402+00:00 [running]> on host 50aeeba6924f
[2026-05-01T20:56:58.154+0000] {taskinstance.py:2644} INFO - Exporting env vars: AIRFLOW_CTX_DAG_OWNER='***' AIRFLOW_CTX_DAG_ID='dbt_orchestration' AIRFLOW_CTX_TASK_ID='dbt_debug' AIRFLOW_CTX_EXECUTION_DATE='2026-05-01T20:56:55.155402+00:00' AIRFLOW_CTX_TRY_NUMBER='1' AIRFLOW_CTX_DAG_RUN_ID='manual__2026-05-01T20:56:55.155402+00:00'
[2026-05-01T20:56:58.158+0000] {taskinstance.py:430} INFO - ::endgroup::
[2026-05-01T20:56:58.159+0000] {subprocess.py:63} INFO - Tmp dir root location: /tmp
[2026-05-01T20:56:58.161+0000] {subprocess.py:75} INFO - Running command: ['/usr/bin/bash', '-c', '\n        cd /opt/***/dbt_project && dbt debug --profiles-dir /opt/***/dbt_project\n        ']
[2026-05-01T20:56:58.178+0000] {subprocess.py:86} INFO - Output:
[2026-05-01T20:57:03.094+0000] {subprocess.py:93} INFO - [0m20:57:03  Running with dbt=1.7.14
[2026-05-01T20:57:03.098+0000] {subprocess.py:93} INFO - [0m20:57:03  dbt version: 1.7.14
[2026-05-01T20:57:03.100+0000] {subprocess.py:93} INFO - [0m20:57:03  python version: 3.12.2
[2026-05-01T20:57:03.101+0000] {subprocess.py:93} INFO - [0m20:57:03  python path: /home/***/.local/bin/python
[2026-05-01T20:57:03.103+0000] {subprocess.py:93} INFO - [0m20:57:03  os info: Linux-6.6.87.1-microsoft-standard-WSL2-x86_64-with-glibc2.36
[2026-05-01T20:57:03.383+0000] {subprocess.py:93} INFO - [0m20:57:03  Using profiles dir at /opt/***/dbt_project
[2026-05-01T20:57:03.384+0000] {subprocess.py:93} INFO - [0m20:57:03  Using profiles.yml file at /opt/***/dbt_project/profiles.yml
[2026-05-01T20:57:03.386+0000] {subprocess.py:93} INFO - [0m20:57:03  Using dbt_project.yml file at /opt/***/dbt_project/dbt_project.yml
[2026-05-01T20:57:03.388+0000] {subprocess.py:93} INFO - [0m20:57:03  adapter type: postgres
[2026-05-01T20:57:03.390+0000] {subprocess.py:93} INFO - [0m20:57:03  adapter version: 1.7.14
[2026-05-01T20:57:03.480+0000] {subprocess.py:93} INFO - [0m20:57:03  Configuration:
[2026-05-01T20:57:03.481+0000] {subprocess.py:93} INFO - [0m20:57:03    profiles.yml file [[32mOK found and valid[0m]
[2026-05-01T20:57:03.483+0000] {subprocess.py:93} INFO - [0m20:57:03    dbt_project.yml file [[32mOK found and valid[0m]
[2026-05-01T20:57:03.484+0000] {subprocess.py:93} INFO - [0m20:57:03  Required dependencies:
[2026-05-01T20:57:03.488+0000] {subprocess.py:93} INFO - [0m20:57:03   - git [[31mERROR[0m]
[2026-05-01T20:57:03.489+0000] {subprocess.py:93} INFO - 
[2026-05-01T20:57:03.490+0000] {subprocess.py:93} INFO - [0m20:57:03  Connection:
[2026-05-01T20:57:03.492+0000] {subprocess.py:93} INFO - [0m20:57:03    host: host.docker.internal
[2026-05-01T20:57:03.493+0000] {subprocess.py:93} INFO - [0m20:57:03    port: 5432
[2026-05-01T20:57:03.495+0000] {subprocess.py:93} INFO - [0m20:57:03    user: postgres
[2026-05-01T20:57:03.496+0000] {subprocess.py:93} INFO - [0m20:57:03    database: retail_db
[2026-05-01T20:57:03.497+0000] {subprocess.py:93} INFO - [0m20:57:03    schema: raw
[2026-05-01T20:57:03.499+0000] {subprocess.py:93} INFO - [0m20:57:03    connect_timeout: 10
[2026-05-01T20:57:03.500+0000] {subprocess.py:93} INFO - [0m20:57:03    role: None
[2026-05-01T20:57:03.502+0000] {subprocess.py:93} INFO - [0m20:57:03    search_path: None
[2026-05-01T20:57:03.503+0000] {subprocess.py:93} INFO - [0m20:57:03    keepalives_idle: 0
[2026-05-01T20:57:03.505+0000] {subprocess.py:93} INFO - [0m20:57:03    sslmode: None
[2026-05-01T20:57:03.507+0000] {subprocess.py:93} INFO - [0m20:57:03    sslcert: None
[2026-05-01T20:57:03.509+0000] {subprocess.py:93} INFO - [0m20:57:03    sslkey: None
[2026-05-01T20:57:03.510+0000] {subprocess.py:93} INFO - [0m20:57:03    sslrootcert: None
[2026-05-01T20:57:03.512+0000] {subprocess.py:93} INFO - [0m20:57:03    application_name: dbt
[2026-05-01T20:57:03.513+0000] {subprocess.py:93} INFO - [0m20:57:03    retries: 1
[2026-05-01T20:57:03.514+0000] {subprocess.py:93} INFO - [0m20:57:03  Registered adapter: postgres=1.7.14
[2026-05-01T20:57:04.224+0000] {subprocess.py:93} INFO - [0m20:57:04    Connection test: [[32mOK connection ok[0m]
[2026-05-01T20:57:04.225+0000] {subprocess.py:93} INFO - 
[2026-05-01T20:57:04.226+0000] {subprocess.py:93} INFO - [0m20:57:04  [31m1 check failed:[0m
[2026-05-01T20:57:04.228+0000] {subprocess.py:93} INFO - [0m20:57:04  Error from git --help: User does not have permissions for this command: "git"
[2026-05-01T20:57:04.229+0000] {subprocess.py:93} INFO - 
[2026-05-01T20:57:05.384+0000] {subprocess.py:97} INFO - Command exited with return code 1
[2026-05-01T20:57:05.385+0000] {taskinstance.py:441} INFO - ::group::Post task execution logs
[2026-05-01T20:57:05.396+0000] {taskinstance.py:2890} ERROR - Task failed with exception
Traceback (most recent call last):
  File "/home/airflow/.local/lib/python3.12/site-packages/airflow/models/taskinstance.py", line 465, in _execute_task
    result = _execute_callable(context=context, **execute_callable_kwargs)
             ^^^^^^^^^^^^^^^^^^^^^^^^^^^^^^^^^^^^^^^^^^^^^^^^^^^^^^^^^^^^^
  File "/home/airflow/.local/lib/python3.12/site-packages/airflow/models/taskinstance.py", line 432, in _execute_callable
    return execute_callable(context=context, **execute_callable_kwargs)
           ^^^^^^^^^^^^^^^^^^^^^^^^^^^^^^^^^^^^^^^^^^^^^^^^^^^^^^^^^^^^
  File "/home/airflow/.local/lib/python3.12/site-packages/airflow/models/baseoperator.py", line 400, in wrapper
    return func(self, *args, **kwargs)
           ^^^^^^^^^^^^^^^^^^^^^^^^^^^
  File "/home/airflow/.local/lib/python3.12/site-packages/airflow/operators/bash.py", line 243, in execute
    raise AirflowException(
airflow.exceptions.AirflowException: Bash command failed. The command returned a non-zero exit code 1.
[2026-05-01T20:57:05.401+0000] {taskinstance.py:1205} INFO - Marking task as FAILED. dag_id=dbt_orchestration, task_id=dbt_debug, execution_date=20260501T205655, start_date=20260501T205657, end_date=20260501T205705
[2026-05-01T20:57:05.416+0000] {standard_task_runner.py:110} ERROR - Failed to execute job 3 for task dbt_debug (Bash command failed. The command returned a non-zero exit code 1.; 792)
[2026-05-01T20:57:05.467+0000] {local_task_job_runner.py:240} INFO - Task exited with return code 1
[2026-05-01T20:57:05.490+0000] {taskinstance.py:3482} INFO - 0 downstream tasks scheduled from follow-on schedule check
[2026-05-01T20:57:05.495+0000] {local_task_job_runner.py:222} INFO - ::endgroup::
