[2026-05-02T07:34:54.042+0000] {local_task_job_runner.py:120} INFO - ::group::Pre task execution logs
[2026-05-02T07:34:54.091+0000] {taskinstance.py:2073} INFO - Dependencies all met for dep_context=non-requeueable deps ti=<TaskInstance: etl_pipeline.dbt_run manual__2026-05-02T07:34:27.591495+00:00 [queued]>
[2026-05-02T07:34:54.102+0000] {taskinstance.py:2073} INFO - Dependencies all met for dep_context=requeueable deps ti=<TaskInstance: etl_pipeline.dbt_run manual__2026-05-02T07:34:27.591495+00:00 [queued]>
[2026-05-02T07:34:54.105+0000] {taskinstance.py:2303} INFO - Starting attempt 1 of 1
[2026-05-02T07:34:54.120+0000] {taskinstance.py:2327} INFO - Executing <Task(BashOperator): dbt_run> on 2026-05-02 07:34:27.591495+00:00
[2026-05-02T07:34:54.130+0000] {standard_task_runner.py:90} INFO - Running: ['airflow', 'tasks', 'run', 'etl_pipeline', 'dbt_run', 'manual__2026-05-02T07:34:27.591495+00:00', '--job-id', '15', '--raw', '--subdir', 'DAGS_FOLDER/retail_dag.py', '--cfg-path', '/tmp/tmpak3q9igb']
[2026-05-02T07:34:54.133+0000] {standard_task_runner.py:91} INFO - Job 15: Subtask dbt_run
[2026-05-02T07:34:54.134+0000] {logging_mixin.py:188} WARNING - /home/airflow/.local/lib/python3.12/site-packages/airflow/task/task_runner/standard_task_runner.py:61 DeprecationWarning: This process (pid=743) is multi-threaded, use of fork() may lead to deadlocks in the child.
[2026-05-02T07:34:54.135+0000] {standard_task_runner.py:63} INFO - Started process 781 to run task
[2026-05-02T07:34:54.191+0000] {task_command.py:426} INFO - Running <TaskInstance: etl_pipeline.dbt_run manual__2026-05-02T07:34:27.591495+00:00 [running]> on host 5d1dca2f9acc
[2026-05-02T07:34:54.277+0000] {taskinstance.py:2644} INFO - Exporting env vars: AIRFLOW_CTX_DAG_OWNER='airflow' AIRFLOW_CTX_DAG_ID='etl_pipeline' AIRFLOW_CTX_TASK_ID='dbt_run' AIRFLOW_CTX_EXECUTION_DATE='2026-05-02T07:34:27.591495+00:00' AIRFLOW_CTX_TRY_NUMBER='1' AIRFLOW_CTX_DAG_RUN_ID='manual__2026-05-02T07:34:27.591495+00:00'
[2026-05-02T07:34:54.279+0000] {taskinstance.py:430} INFO - ::endgroup::
[2026-05-02T07:34:54.280+0000] {subprocess.py:63} INFO - Tmp dir root location: /tmp
[2026-05-02T07:34:54.282+0000] {subprocess.py:75} INFO - Running command: ['/usr/bin/bash', '-c', 'cd /opt/airflow/dbt_project && dbt run']
[2026-05-02T07:34:54.296+0000] {subprocess.py:86} INFO - Output:
[2026-05-02T07:34:58.104+0000] {subprocess.py:93} INFO - [0m07:34:58  Running with dbt=1.7.14
[2026-05-02T07:34:58.608+0000] {subprocess.py:93} INFO - [0m07:34:58  Registered adapter: postgres=1.7.14
[2026-05-02T07:35:05.225+0000] {subprocess.py:93} INFO - [0m07:35:05  Found 5 models, 1 source, 0 exposures, 0 metrics, 401 macros, 0 groups, 0 semantic models
[2026-05-02T07:35:05.230+0000] {subprocess.py:93} INFO - [0m07:35:05
[2026-05-02T07:35:22.926+0000] {subprocess.py:93} INFO - [0m07:35:22  Concurrency: 4 threads (target='dev')
[2026-05-02T07:35:22.928+0000] {subprocess.py:93} INFO - [0m07:35:22
[2026-05-02T07:35:22.944+0000] {subprocess.py:93} INFO - [0m07:35:22  1 of 5 START sql table model raw.my_first_dbt_model ............................ [RUN]
[2026-05-02T07:35:22.946+0000] {subprocess.py:93} INFO - [0m07:35:22  2 of 5 START sql view model raw.raw_walmart_sales .............................. [RUN]
[2026-05-02T07:35:22.948+0000] {subprocess.py:93} INFO - [0m07:35:22  3 of 5 START sql view model raw.stg_walmart .................................... [RUN]
[2026-05-02T07:35:24.532+0000] {subprocess.py:93} INFO - [0m07:35:24  2 of 5 ERROR creating sql view model raw.raw_walmart_sales ..................... [[31mERROR[0m in 1.58s]
[2026-05-02T07:35:24.533+0000] {subprocess.py:93} INFO - [0m07:35:24  3 of 5 ERROR creating sql view model raw.stg_walmart ........................... [[31mERROR[0m in 1.58s]
[2026-05-02T07:35:24.543+0000] {subprocess.py:93} INFO - [0m07:35:24  4 of 5 SKIP relation raw.fact_sales ............................................ [[33mSKIP[0m]
[2026-05-02T07:35:28.376+0000] {subprocess.py:93} INFO - [0m07:35:28  1 of 5 OK created sql table model raw.my_first_dbt_model ....................... [[32mSELECT 2[0m in 5.42s]
[2026-05-02T07:35:28.383+0000] {subprocess.py:93} INFO - [0m07:35:28  5 of 5 START sql view model raw.my_second_dbt_model ............................ [RUN]
[2026-05-02T07:35:28.994+0000] {subprocess.py:93} INFO - [0m07:35:28  5 of 5 OK created sql view model raw.my_second_dbt_model ....................... [[32mCREATE VIEW[0m in 0.61s]
[2026-05-02T07:35:29.097+0000] {subprocess.py:93} INFO - [0m07:35:29
[2026-05-02T07:35:29.099+0000] {subprocess.py:93} INFO - [0m07:35:29  Finished running 4 view models, 1 table model in 0 hours 0 minutes and 23.86 seconds (23.86s).
[2026-05-02T07:35:29.405+0000] {subprocess.py:93} INFO - [0m07:35:29
[2026-05-02T07:35:29.408+0000] {subprocess.py:93} INFO - [0m07:35:29  [31mCompleted with 2 errors and 0 warnings:[0m
[2026-05-02T07:35:29.410+0000] {subprocess.py:93} INFO - [0m07:35:29
[2026-05-02T07:35:29.412+0000] {subprocess.py:93} INFO - [0m07:35:29    Database Error in model raw_walmart_sales (models/raw/raw_walmart_sales.sql)
[2026-05-02T07:35:29.412+0000] {subprocess.py:93} INFO -   relation "raw.walmart_sales" does not exist
[2026-05-02T07:35:29.413+0000] {subprocess.py:93} INFO -   LINE 9: FROM "retail_db"."raw"."walmart_sales"
[2026-05-02T07:35:29.414+0000] {subprocess.py:93} INFO -                ^
[2026-05-02T07:35:29.414+0000] {subprocess.py:93} INFO -   compiled Code at target/run/dbt_project/models/raw/raw_walmart_sales.sql
[2026-05-02T07:35:29.415+0000] {subprocess.py:93} INFO - [0m07:35:29
[2026-05-02T07:35:29.415+0000] {subprocess.py:93} INFO - [0m07:35:29    Database Error in model stg_walmart (models/staging/stg_walmart.sql)
[2026-05-02T07:35:29.416+0000] {subprocess.py:93} INFO -   relation "raw.walmart_sales" does not exist
[2026-05-02T07:35:29.417+0000] {subprocess.py:93} INFO -   LINE 16: FROM "retail_db"."raw"."walmart_sales"
[2026-05-02T07:35:29.417+0000] {subprocess.py:93} INFO -                 ^
[2026-05-02T07:35:29.418+0000] {subprocess.py:93} INFO -   compiled Code at target/run/dbt_project/models/staging/stg_walmart.sql
[2026-05-02T07:35:29.418+0000] {subprocess.py:93} INFO - [0m07:35:29
[2026-05-02T07:35:29.419+0000] {subprocess.py:93} INFO - [0m07:35:29  Done. PASS=2 WARN=0 ERROR=2 SKIP=1 TOTAL=5
[2026-05-02T07:35:30.861+0000] {subprocess.py:97} INFO - Command exited with return code 1
[2026-05-02T07:35:30.863+0000] {taskinstance.py:441} INFO - ::group::Post task execution logs
[2026-05-02T07:35:30.878+0000] {taskinstance.py:2890} ERROR - Task failed with exception
Traceback (most recent call last):
  File "/home/airflow/.local/lib/python3.12/site-packages/airflow/models/taskinstance.py", line 465, in _execute_task
    result = _execute_callable(context=context, **execute_callable_kwargs)
             ^^^^^^^^^^^^^^^^^^^^^^^^^^^^^^^^^^^^^^^^^^^^^^^^^^^^^^^^^^^^^
  File "/home/airflow/.local/lib/python3.12/site-packages/airflow/models/taskinstance.py", line 432, in _execute_callable
    return execute_callable(context=context, **execute_callable_kwargs)
           ^^^^^^^^^^^^^^^^^^^^^^^^^^^^^^^^^^^^^^^^^^^^^^^^^^^^^^^^^^^^
  File "/home/airflow/.local/lib/python3.12/site-packages/airflow/models/baseoperator.py", line 400, in wrapper
    return func(self, *args, **kwargs)
           ^^^^^^^^^^^^^^^^^^^^^^^^^^^
  File "/home/airflow/.local/lib/python3.12/site-packages/airflow/operators/bash.py", line 243, in execute
    raise AirflowException(
airflow.exceptions.AirflowException: Bash command failed. The command returned a non-zero exit code 1.
[2026-05-02T07:35:30.889+0000] {taskinstance.py:1205} INFO - Marking task as FAILED. dag_id=etl_pipeline, task_id=dbt_run, execution_date=20260502T073427, start_date=20260502T073454, end_date=20260502T073530
[2026-05-02T07:35:30.907+0000] {standard_task_runner.py:110} ERROR - Failed to execute job 15 for task dbt_run (Bash command failed. The command returned a non-zero exit code 1.; 781)
[2026-05-02T07:35:30.930+0000] {local_task_job_runner.py:240} INFO - Task exited with return code 1
[2026-05-02T07:35:30.951+0000] {taskinstance.py:3482} INFO - 0 downstream tasks scheduled from follow-on schedule check
[2026-05-02T07:35:30.955+0000] {local_task_job_runner.py:222} INFO - ::endgroup::
