[2026-05-02T09:30:02.031+0000] {local_task_job_runner.py:120} INFO - ::group::Pre task execution logs
[2026-05-02T09:30:02.220+0000] {taskinstance.py:2073} INFO - Dependencies all met for dep_context=non-requeueable deps ti=<TaskInstance: etl_pipeline.ingestion manual__2026-05-02T09:29:58.487829+00:00 [queued]>
[2026-05-02T09:30:02.248+0000] {taskinstance.py:2073} INFO - Dependencies all met for dep_context=requeueable deps ti=<TaskInstance: etl_pipeline.ingestion manual__2026-05-02T09:29:58.487829+00:00 [queued]>
[2026-05-02T09:30:02.249+0000] {taskinstance.py:2303} INFO - Starting attempt 1 of 1
[2026-05-02T09:30:02.302+0000] {taskinstance.py:2327} INFO - Executing <Task(BashOperator): ingestion> on 2026-05-02 09:29:58.487829+00:00
[2026-05-02T09:30:02.327+0000] {standard_task_runner.py:90} INFO - Running: ['airflow', 'tasks', 'run', 'etl_pipeline', 'ingestion', 'manual__2026-05-02T09:29:58.487829+00:00', '--job-id', '3', '--raw', '--subdir', 'DAGS_FOLDER/retail_dag.py', '--cfg-path', '/tmp/tmpvu1m77pf']
[2026-05-02T09:30:02.334+0000] {standard_task_runner.py:91} INFO - Job 3: Subtask ingestion
[2026-05-02T09:30:02.334+0000] {logging_mixin.py:188} WARNING - /home/airflow/.local/lib/python3.12/site-packages/airflow/task/task_runner/standard_task_runner.py:61 DeprecationWarning: This process (pid=721) is multi-threaded, use of fork() may lead to deadlocks in the child.
[2026-05-02T09:30:02.337+0000] {standard_task_runner.py:63} INFO - Started process 737 to run task
[2026-05-02T09:30:02.927+0000] {task_command.py:426} INFO - Running <TaskInstance: etl_pipeline.ingestion manual__2026-05-02T09:29:58.487829+00:00 [running]> on host b5207b5e7597
[2026-05-02T09:30:03.938+0000] {taskinstance.py:2644} INFO - Exporting env vars: AIRFLOW_CTX_DAG_OWNER='airflow' AIRFLOW_CTX_DAG_ID='etl_pipeline' AIRFLOW_CTX_TASK_ID='ingestion' AIRFLOW_CTX_EXECUTION_DATE='2026-05-02T09:29:58.487829+00:00' AIRFLOW_CTX_TRY_NUMBER='1' AIRFLOW_CTX_DAG_RUN_ID='manual__2026-05-02T09:29:58.487829+00:00'
[2026-05-02T09:30:03.948+0000] {taskinstance.py:430} INFO - ::endgroup::
[2026-05-02T09:30:03.950+0000] {subprocess.py:63} INFO - Tmp dir root location: /tmp
[2026-05-02T09:30:03.953+0000] {subprocess.py:75} INFO - Running command: ['/usr/bin/bash', '-c', 'python /opt/airflow/ingestion/ingestion.py']
[2026-05-02T09:30:03.986+0000] {subprocess.py:86} INFO - Output:
[2026-05-02T09:30:09.804+0000] {subprocess.py:93} INFO - Successfully loaded 6435 rows.
[2026-05-02T09:30:09.983+0000] {subprocess.py:97} INFO - Command exited with return code 0
[2026-05-02T09:30:09.984+0000] {taskinstance.py:441} INFO - ::group::Post task execution logs
[2026-05-02T09:30:10.247+0000] {taskinstance.py:1205} INFO - Marking task as SUCCESS. dag_id=etl_pipeline, task_id=ingestion, execution_date=20260502T092958, start_date=20260502T093002, end_date=20260502T093010
[2026-05-02T09:30:10.289+0000] {local_task_job_runner.py:240} INFO - Task exited with return code 0
[2026-05-02T09:30:10.567+0000] {taskinstance.py:3482} INFO - 1 downstream tasks scheduled from follow-on schedule check
[2026-05-02T09:30:10.570+0000] {local_task_job_runner.py:222} INFO - ::endgroup::
