[2026-04-28T00:00:11.255+0000] {processor.py:161} INFO - Started process (PID=127) to work on /home/airflow/.local/lib/python3.12/site-packages/airflow/example_dags/example_external_task_marker_dag.py
[2026-04-28T00:00:11.256+0000] {processor.py:830} INFO - Processing file /home/airflow/.local/lib/python3.12/site-packages/airflow/example_dags/example_external_task_marker_dag.py for tasks to queue
[2026-04-28T00:00:11.259+0000] {logging_mixin.py:188} INFO - [2026-04-28T00:00:11.258+0000] {dagbag.py:540} INFO - Filling up the DagBag from /home/airflow/.local/lib/python3.12/site-packages/airflow/example_dags/example_external_task_marker_dag.py
[2026-04-28T00:00:11.275+0000] {processor.py:840} INFO - DAG(s) 'example_external_task_marker_child', 'example_external_task_marker_parent' retrieved from /home/airflow/.local/lib/python3.12/site-packages/airflow/example_dags/example_external_task_marker_dag.py
[2026-04-28T00:00:11.301+0000] {logging_mixin.py:188} INFO - [2026-04-28T00:00:11.301+0000] {dag.py:3096} INFO - Sync 2 DAGs
[2026-04-28T00:00:11.315+0000] {logging_mixin.py:188} INFO - [2026-04-28T00:00:11.315+0000] {dag.py:3954} INFO - Setting next_dagrun for example_external_task_marker_child to None, run_after=None
[2026-04-28T00:00:11.319+0000] {logging_mixin.py:188} INFO - [2026-04-28T00:00:11.319+0000] {dag.py:3954} INFO - Setting next_dagrun for example_external_task_marker_parent to None, run_after=None
[2026-04-28T00:00:11.340+0000] {processor.py:183} INFO - Processing /home/airflow/.local/lib/python3.12/site-packages/airflow/example_dags/example_external_task_marker_dag.py took 0.091 seconds
[2026-04-28T00:01:23.658+0000] {processor.py:161} INFO - Started process (PID=187) to work on /home/airflow/.local/lib/python3.12/site-packages/airflow/example_dags/example_external_task_marker_dag.py
[2026-04-28T00:01:23.659+0000] {processor.py:830} INFO - Processing file /home/airflow/.local/lib/python3.12/site-packages/airflow/example_dags/example_external_task_marker_dag.py for tasks to queue
[2026-04-28T00:01:23.662+0000] {logging_mixin.py:188} INFO - [2026-04-28T00:01:23.662+0000] {dagbag.py:540} INFO - Filling up the DagBag from /home/airflow/.local/lib/python3.12/site-packages/airflow/example_dags/example_external_task_marker_dag.py
[2026-04-28T00:01:23.669+0000] {processor.py:840} INFO - DAG(s) 'example_external_task_marker_child', 'example_external_task_marker_parent' retrieved from /home/airflow/.local/lib/python3.12/site-packages/airflow/example_dags/example_external_task_marker_dag.py
[2026-04-28T00:01:23.716+0000] {logging_mixin.py:188} INFO - [2026-04-28T00:01:23.716+0000] {dag.py:3096} INFO - Sync 2 DAGs
[2026-04-28T00:01:24.461+0000] {logging_mixin.py:188} INFO - [2026-04-28T00:01:24.460+0000] {dag.py:3954} INFO - Setting next_dagrun for example_external_task_marker_child to None, run_after=None
[2026-04-28T00:01:24.995+0000] {logging_mixin.py:188} INFO - [2026-04-28T00:01:24.994+0000] {dag.py:3954} INFO - Setting next_dagrun for example_external_task_marker_parent to None, run_after=None
[2026-04-28T00:01:25.503+0000] {processor.py:183} INFO - Processing /home/airflow/.local/lib/python3.12/site-packages/airflow/example_dags/example_external_task_marker_dag.py took 1.852 seconds
[2026-04-28T00:03:07.230+0000] {processor.py:161} INFO - Started process (PID=213) to work on /home/airflow/.local/lib/python3.12/site-packages/airflow/example_dags/example_external_task_marker_dag.py
[2026-04-28T00:03:07.232+0000] {processor.py:830} INFO - Processing file /home/airflow/.local/lib/python3.12/site-packages/airflow/example_dags/example_external_task_marker_dag.py for tasks to queue
[2026-04-28T00:03:07.234+0000] {logging_mixin.py:188} INFO - [2026-04-28T00:03:07.233+0000] {dagbag.py:540} INFO - Filling up the DagBag from /home/airflow/.local/lib/python3.12/site-packages/airflow/example_dags/example_external_task_marker_dag.py
[2026-04-28T00:03:07.240+0000] {processor.py:840} INFO - DAG(s) 'example_external_task_marker_child', 'example_external_task_marker_parent' retrieved from /home/airflow/.local/lib/python3.12/site-packages/airflow/example_dags/example_external_task_marker_dag.py
[2026-04-28T00:03:07.554+0000] {logging_mixin.py:188} INFO - [2026-04-28T00:03:07.554+0000] {dag.py:3096} INFO - Sync 2 DAGs
[2026-04-28T00:03:07.572+0000] {logging_mixin.py:188} INFO - [2026-04-28T00:03:07.572+0000] {dag.py:3954} INFO - Setting next_dagrun for example_external_task_marker_child to None, run_after=None
[2026-04-28T00:03:07.578+0000] {logging_mixin.py:188} INFO - [2026-04-28T00:03:07.578+0000] {dag.py:3954} INFO - Setting next_dagrun for example_external_task_marker_parent to None, run_after=None
[2026-04-28T00:03:07.870+0000] {processor.py:183} INFO - Processing /home/airflow/.local/lib/python3.12/site-packages/airflow/example_dags/example_external_task_marker_dag.py took 0.647 seconds
[2026-04-28T00:04:30.099+0000] {processor.py:161} INFO - Started process (PID=268) to work on /home/airflow/.local/lib/python3.12/site-packages/airflow/example_dags/example_external_task_marker_dag.py
[2026-04-28T00:04:30.228+0000] {processor.py:830} INFO - Processing file /home/airflow/.local/lib/python3.12/site-packages/airflow/example_dags/example_external_task_marker_dag.py for tasks to queue
[2026-04-28T00:04:30.230+0000] {logging_mixin.py:188} INFO - [2026-04-28T00:04:30.230+0000] {dagbag.py:540} INFO - Filling up the DagBag from /home/airflow/.local/lib/python3.12/site-packages/airflow/example_dags/example_external_task_marker_dag.py
[2026-04-28T00:04:30.246+0000] {processor.py:840} INFO - DAG(s) 'example_external_task_marker_parent', 'example_external_task_marker_child' retrieved from /home/airflow/.local/lib/python3.12/site-packages/airflow/example_dags/example_external_task_marker_dag.py
[2026-04-28T00:04:30.288+0000] {logging_mixin.py:188} INFO - [2026-04-28T00:04:30.287+0000] {dag.py:3096} INFO - Sync 2 DAGs
[2026-04-28T00:04:30.311+0000] {logging_mixin.py:188} INFO - [2026-04-28T00:04:30.311+0000] {dag.py:3954} INFO - Setting next_dagrun for example_external_task_marker_child to None, run_after=None
[2026-04-28T00:04:30.574+0000] {logging_mixin.py:188} INFO - [2026-04-28T00:04:30.574+0000] {dag.py:3954} INFO - Setting next_dagrun for example_external_task_marker_parent to None, run_after=None
[2026-04-28T00:04:30.600+0000] {processor.py:183} INFO - Processing /home/airflow/.local/lib/python3.12/site-packages/airflow/example_dags/example_external_task_marker_dag.py took 0.511 seconds
[2026-04-28T00:06:11.475+0000] {processor.py:161} INFO - Started process (PID=336) to work on /home/airflow/.local/lib/python3.12/site-packages/airflow/example_dags/example_external_task_marker_dag.py
[2026-04-28T00:06:11.477+0000] {processor.py:830} INFO - Processing file /home/airflow/.local/lib/python3.12/site-packages/airflow/example_dags/example_external_task_marker_dag.py for tasks to queue
[2026-04-28T00:06:11.478+0000] {logging_mixin.py:188} INFO - [2026-04-28T00:06:11.477+0000] {dagbag.py:540} INFO - Filling up the DagBag from /home/airflow/.local/lib/python3.12/site-packages/airflow/example_dags/example_external_task_marker_dag.py
[2026-04-28T00:06:11.484+0000] {processor.py:840} INFO - DAG(s) 'example_external_task_marker_parent', 'example_external_task_marker_child' retrieved from /home/airflow/.local/lib/python3.12/site-packages/airflow/example_dags/example_external_task_marker_dag.py
[2026-04-28T00:06:11.510+0000] {logging_mixin.py:188} INFO - [2026-04-28T00:06:11.510+0000] {dag.py:3096} INFO - Sync 2 DAGs
[2026-04-28T00:06:11.524+0000] {logging_mixin.py:188} INFO - [2026-04-28T00:06:11.523+0000] {dag.py:3954} INFO - Setting next_dagrun for example_external_task_marker_child to None, run_after=None
[2026-04-28T00:06:11.528+0000] {logging_mixin.py:188} INFO - [2026-04-28T00:06:11.528+0000] {dag.py:3954} INFO - Setting next_dagrun for example_external_task_marker_parent to None, run_after=None
[2026-04-28T00:06:11.546+0000] {processor.py:183} INFO - Processing /home/airflow/.local/lib/python3.12/site-packages/airflow/example_dags/example_external_task_marker_dag.py took 0.077 seconds
[2026-04-28T00:06:41.829+0000] {processor.py:161} INFO - Started process (PID=393) to work on /home/airflow/.local/lib/python3.12/site-packages/airflow/example_dags/example_external_task_marker_dag.py
[2026-04-28T00:06:41.831+0000] {processor.py:830} INFO - Processing file /home/airflow/.local/lib/python3.12/site-packages/airflow/example_dags/example_external_task_marker_dag.py for tasks to queue
[2026-04-28T00:06:41.832+0000] {logging_mixin.py:188} INFO - [2026-04-28T00:06:41.832+0000] {dagbag.py:540} INFO - Filling up the DagBag from /home/airflow/.local/lib/python3.12/site-packages/airflow/example_dags/example_external_task_marker_dag.py
[2026-04-28T00:06:41.839+0000] {processor.py:840} INFO - DAG(s) 'example_external_task_marker_child', 'example_external_task_marker_parent' retrieved from /home/airflow/.local/lib/python3.12/site-packages/airflow/example_dags/example_external_task_marker_dag.py
[2026-04-28T00:06:41.868+0000] {logging_mixin.py:188} INFO - [2026-04-28T00:06:41.868+0000] {dag.py:3096} INFO - Sync 2 DAGs
[2026-04-28T00:06:41.886+0000] {logging_mixin.py:188} INFO - [2026-04-28T00:06:41.885+0000] {dag.py:3954} INFO - Setting next_dagrun for example_external_task_marker_child to None, run_after=None
[2026-04-28T00:06:41.890+0000] {logging_mixin.py:188} INFO - [2026-04-28T00:06:41.890+0000] {dag.py:3954} INFO - Setting next_dagrun for example_external_task_marker_parent to None, run_after=None
[2026-04-28T00:06:41.911+0000] {processor.py:183} INFO - Processing /home/airflow/.local/lib/python3.12/site-packages/airflow/example_dags/example_external_task_marker_dag.py took 0.089 seconds
[2026-04-28T00:07:12.043+0000] {processor.py:161} INFO - Started process (PID=452) to work on /home/airflow/.local/lib/python3.12/site-packages/airflow/example_dags/example_external_task_marker_dag.py
[2026-04-28T00:07:12.044+0000] {processor.py:830} INFO - Processing file /home/airflow/.local/lib/python3.12/site-packages/airflow/example_dags/example_external_task_marker_dag.py for tasks to queue
[2026-04-28T00:07:12.045+0000] {logging_mixin.py:188} INFO - [2026-04-28T00:07:12.045+0000] {dagbag.py:540} INFO - Filling up the DagBag from /home/airflow/.local/lib/python3.12/site-packages/airflow/example_dags/example_external_task_marker_dag.py
[2026-04-28T00:07:12.054+0000] {processor.py:840} INFO - DAG(s) 'example_external_task_marker_child', 'example_external_task_marker_parent' retrieved from /home/airflow/.local/lib/python3.12/site-packages/airflow/example_dags/example_external_task_marker_dag.py
[2026-04-28T00:07:12.080+0000] {logging_mixin.py:188} INFO - [2026-04-28T00:07:12.080+0000] {dag.py:3096} INFO - Sync 2 DAGs
[2026-04-28T00:07:12.094+0000] {logging_mixin.py:188} INFO - [2026-04-28T00:07:12.094+0000] {dag.py:3954} INFO - Setting next_dagrun for example_external_task_marker_child to None, run_after=None
[2026-04-28T00:07:12.099+0000] {logging_mixin.py:188} INFO - [2026-04-28T00:07:12.099+0000] {dag.py:3954} INFO - Setting next_dagrun for example_external_task_marker_parent to None, run_after=None
[2026-04-28T00:07:12.117+0000] {processor.py:183} INFO - Processing /home/airflow/.local/lib/python3.12/site-packages/airflow/example_dags/example_external_task_marker_dag.py took 0.081 seconds
[2026-04-28T00:07:42.607+0000] {processor.py:161} INFO - Started process (PID=510) to work on /home/airflow/.local/lib/python3.12/site-packages/airflow/example_dags/example_external_task_marker_dag.py
[2026-04-28T00:07:42.609+0000] {processor.py:830} INFO - Processing file /home/airflow/.local/lib/python3.12/site-packages/airflow/example_dags/example_external_task_marker_dag.py for tasks to queue
[2026-04-28T00:07:42.610+0000] {logging_mixin.py:188} INFO - [2026-04-28T00:07:42.610+0000] {dagbag.py:540} INFO - Filling up the DagBag from /home/airflow/.local/lib/python3.12/site-packages/airflow/example_dags/example_external_task_marker_dag.py
[2026-04-28T00:07:42.618+0000] {processor.py:840} INFO - DAG(s) 'example_external_task_marker_parent', 'example_external_task_marker_child' retrieved from /home/airflow/.local/lib/python3.12/site-packages/airflow/example_dags/example_external_task_marker_dag.py
[2026-04-28T00:07:42.650+0000] {logging_mixin.py:188} INFO - [2026-04-28T00:07:42.649+0000] {dag.py:3096} INFO - Sync 2 DAGs
[2026-04-28T00:07:42.667+0000] {logging_mixin.py:188} INFO - [2026-04-28T00:07:42.667+0000] {dag.py:3954} INFO - Setting next_dagrun for example_external_task_marker_child to None, run_after=None
[2026-04-28T00:07:42.676+0000] {logging_mixin.py:188} INFO - [2026-04-28T00:07:42.675+0000] {dag.py:3954} INFO - Setting next_dagrun for example_external_task_marker_parent to None, run_after=None
[2026-04-28T00:07:42.696+0000] {processor.py:183} INFO - Processing /home/airflow/.local/lib/python3.12/site-packages/airflow/example_dags/example_external_task_marker_dag.py took 0.096 seconds
[2026-04-28T00:08:14.027+0000] {processor.py:161} INFO - Started process (PID=563) to work on /home/airflow/.local/lib/python3.12/site-packages/airflow/example_dags/example_external_task_marker_dag.py
[2026-04-28T00:08:14.028+0000] {processor.py:830} INFO - Processing file /home/airflow/.local/lib/python3.12/site-packages/airflow/example_dags/example_external_task_marker_dag.py for tasks to queue
[2026-04-28T00:08:14.030+0000] {logging_mixin.py:188} INFO - [2026-04-28T00:08:14.029+0000] {dagbag.py:540} INFO - Filling up the DagBag from /home/airflow/.local/lib/python3.12/site-packages/airflow/example_dags/example_external_task_marker_dag.py
[2026-04-28T00:08:14.037+0000] {processor.py:840} INFO - DAG(s) 'example_external_task_marker_child', 'example_external_task_marker_parent' retrieved from /home/airflow/.local/lib/python3.12/site-packages/airflow/example_dags/example_external_task_marker_dag.py
[2026-04-28T00:08:14.065+0000] {logging_mixin.py:188} INFO - [2026-04-28T00:08:14.065+0000] {dag.py:3096} INFO - Sync 2 DAGs
[2026-04-28T00:08:14.080+0000] {logging_mixin.py:188} INFO - [2026-04-28T00:08:14.080+0000] {dag.py:3954} INFO - Setting next_dagrun for example_external_task_marker_child to None, run_after=None
[2026-04-28T00:08:14.084+0000] {logging_mixin.py:188} INFO - [2026-04-28T00:08:14.084+0000] {dag.py:3954} INFO - Setting next_dagrun for example_external_task_marker_parent to None, run_after=None
[2026-04-28T00:08:14.104+0000] {processor.py:183} INFO - Processing /home/airflow/.local/lib/python3.12/site-packages/airflow/example_dags/example_external_task_marker_dag.py took 0.083 seconds
[2026-04-28T00:08:44.993+0000] {processor.py:161} INFO - Started process (PID=622) to work on /home/airflow/.local/lib/python3.12/site-packages/airflow/example_dags/example_external_task_marker_dag.py
[2026-04-28T00:08:44.995+0000] {processor.py:830} INFO - Processing file /home/airflow/.local/lib/python3.12/site-packages/airflow/example_dags/example_external_task_marker_dag.py for tasks to queue
[2026-04-28T00:08:44.996+0000] {logging_mixin.py:188} INFO - [2026-04-28T00:08:44.996+0000] {dagbag.py:540} INFO - Filling up the DagBag from /home/airflow/.local/lib/python3.12/site-packages/airflow/example_dags/example_external_task_marker_dag.py
[2026-04-28T00:08:45.005+0000] {processor.py:840} INFO - DAG(s) 'example_external_task_marker_child', 'example_external_task_marker_parent' retrieved from /home/airflow/.local/lib/python3.12/site-packages/airflow/example_dags/example_external_task_marker_dag.py
[2026-04-28T00:08:45.034+0000] {logging_mixin.py:188} INFO - [2026-04-28T00:08:45.034+0000] {dag.py:3096} INFO - Sync 2 DAGs
[2026-04-28T00:08:45.049+0000] {logging_mixin.py:188} INFO - [2026-04-28T00:08:45.048+0000] {dag.py:3954} INFO - Setting next_dagrun for example_external_task_marker_child to None, run_after=None
[2026-04-28T00:08:45.053+0000] {logging_mixin.py:188} INFO - [2026-04-28T00:08:45.053+0000] {dag.py:3954} INFO - Setting next_dagrun for example_external_task_marker_parent to None, run_after=None
[2026-04-28T00:08:45.071+0000] {processor.py:183} INFO - Processing /home/airflow/.local/lib/python3.12/site-packages/airflow/example_dags/example_external_task_marker_dag.py took 0.086 seconds
[2026-04-28T00:09:15.216+0000] {processor.py:161} INFO - Started process (PID=681) to work on /home/airflow/.local/lib/python3.12/site-packages/airflow/example_dags/example_external_task_marker_dag.py
[2026-04-28T00:09:15.218+0000] {processor.py:830} INFO - Processing file /home/airflow/.local/lib/python3.12/site-packages/airflow/example_dags/example_external_task_marker_dag.py for tasks to queue
[2026-04-28T00:09:15.219+0000] {logging_mixin.py:188} INFO - [2026-04-28T00:09:15.219+0000] {dagbag.py:540} INFO - Filling up the DagBag from /home/airflow/.local/lib/python3.12/site-packages/airflow/example_dags/example_external_task_marker_dag.py
[2026-04-28T00:09:15.228+0000] {processor.py:840} INFO - DAG(s) 'example_external_task_marker_parent', 'example_external_task_marker_child' retrieved from /home/airflow/.local/lib/python3.12/site-packages/airflow/example_dags/example_external_task_marker_dag.py
[2026-04-28T00:09:15.255+0000] {logging_mixin.py:188} INFO - [2026-04-28T00:09:15.255+0000] {dag.py:3096} INFO - Sync 2 DAGs
[2026-04-28T00:09:15.271+0000] {logging_mixin.py:188} INFO - [2026-04-28T00:09:15.270+0000] {dag.py:3954} INFO - Setting next_dagrun for example_external_task_marker_child to None, run_after=None
[2026-04-28T00:09:15.275+0000] {logging_mixin.py:188} INFO - [2026-04-28T00:09:15.275+0000] {dag.py:3954} INFO - Setting next_dagrun for example_external_task_marker_parent to None, run_after=None
[2026-04-28T00:09:15.294+0000] {processor.py:183} INFO - Processing /home/airflow/.local/lib/python3.12/site-packages/airflow/example_dags/example_external_task_marker_dag.py took 0.086 seconds
[2026-04-28T00:09:45.466+0000] {processor.py:161} INFO - Started process (PID=740) to work on /home/airflow/.local/lib/python3.12/site-packages/airflow/example_dags/example_external_task_marker_dag.py
[2026-04-28T00:09:45.467+0000] {processor.py:830} INFO - Processing file /home/airflow/.local/lib/python3.12/site-packages/airflow/example_dags/example_external_task_marker_dag.py for tasks to queue
[2026-04-28T00:09:45.468+0000] {logging_mixin.py:188} INFO - [2026-04-28T00:09:45.468+0000] {dagbag.py:540} INFO - Filling up the DagBag from /home/airflow/.local/lib/python3.12/site-packages/airflow/example_dags/example_external_task_marker_dag.py
[2026-04-28T00:09:45.475+0000] {processor.py:840} INFO - DAG(s) 'example_external_task_marker_child', 'example_external_task_marker_parent' retrieved from /home/airflow/.local/lib/python3.12/site-packages/airflow/example_dags/example_external_task_marker_dag.py
[2026-04-28T00:09:45.502+0000] {logging_mixin.py:188} INFO - [2026-04-28T00:09:45.502+0000] {dag.py:3096} INFO - Sync 2 DAGs
[2026-04-28T00:09:45.518+0000] {logging_mixin.py:188} INFO - [2026-04-28T00:09:45.518+0000] {dag.py:3954} INFO - Setting next_dagrun for example_external_task_marker_child to None, run_after=None
[2026-04-28T00:09:45.524+0000] {logging_mixin.py:188} INFO - [2026-04-28T00:09:45.524+0000] {dag.py:3954} INFO - Setting next_dagrun for example_external_task_marker_parent to None, run_after=None
[2026-04-28T00:09:45.545+0000] {processor.py:183} INFO - Processing /home/airflow/.local/lib/python3.12/site-packages/airflow/example_dags/example_external_task_marker_dag.py took 0.086 seconds
[2026-04-28T00:10:16.359+0000] {processor.py:161} INFO - Started process (PID=799) to work on /home/airflow/.local/lib/python3.12/site-packages/airflow/example_dags/example_external_task_marker_dag.py
[2026-04-28T00:10:16.360+0000] {processor.py:830} INFO - Processing file /home/airflow/.local/lib/python3.12/site-packages/airflow/example_dags/example_external_task_marker_dag.py for tasks to queue
[2026-04-28T00:10:16.361+0000] {logging_mixin.py:188} INFO - [2026-04-28T00:10:16.361+0000] {dagbag.py:540} INFO - Filling up the DagBag from /home/airflow/.local/lib/python3.12/site-packages/airflow/example_dags/example_external_task_marker_dag.py
[2026-04-28T00:10:16.368+0000] {processor.py:840} INFO - DAG(s) 'example_external_task_marker_child', 'example_external_task_marker_parent' retrieved from /home/airflow/.local/lib/python3.12/site-packages/airflow/example_dags/example_external_task_marker_dag.py
[2026-04-28T00:10:16.394+0000] {logging_mixin.py:188} INFO - [2026-04-28T00:10:16.394+0000] {dag.py:3096} INFO - Sync 2 DAGs
[2026-04-28T00:10:16.408+0000] {logging_mixin.py:188} INFO - [2026-04-28T00:10:16.408+0000] {dag.py:3954} INFO - Setting next_dagrun for example_external_task_marker_child to None, run_after=None
[2026-04-28T00:10:16.412+0000] {logging_mixin.py:188} INFO - [2026-04-28T00:10:16.412+0000] {dag.py:3954} INFO - Setting next_dagrun for example_external_task_marker_parent to None, run_after=None
[2026-04-28T00:10:16.430+0000] {processor.py:183} INFO - Processing /home/airflow/.local/lib/python3.12/site-packages/airflow/example_dags/example_external_task_marker_dag.py took 0.078 seconds
[2026-04-28T00:10:49.529+0000] {processor.py:161} INFO - Started process (PID=854) to work on /home/airflow/.local/lib/python3.12/site-packages/airflow/example_dags/example_external_task_marker_dag.py
[2026-04-28T00:10:49.530+0000] {processor.py:830} INFO - Processing file /home/airflow/.local/lib/python3.12/site-packages/airflow/example_dags/example_external_task_marker_dag.py for tasks to queue
[2026-04-28T00:10:49.532+0000] {logging_mixin.py:188} INFO - [2026-04-28T00:10:49.531+0000] {dagbag.py:540} INFO - Filling up the DagBag from /home/airflow/.local/lib/python3.12/site-packages/airflow/example_dags/example_external_task_marker_dag.py
[2026-04-28T00:10:49.540+0000] {processor.py:840} INFO - DAG(s) 'example_external_task_marker_parent', 'example_external_task_marker_child' retrieved from /home/airflow/.local/lib/python3.12/site-packages/airflow/example_dags/example_external_task_marker_dag.py
[2026-04-28T00:10:49.570+0000] {logging_mixin.py:188} INFO - [2026-04-28T00:10:49.570+0000] {dag.py:3096} INFO - Sync 2 DAGs
[2026-04-28T00:10:49.587+0000] {logging_mixin.py:188} INFO - [2026-04-28T00:10:49.587+0000] {dag.py:3954} INFO - Setting next_dagrun for example_external_task_marker_child to None, run_after=None
[2026-04-28T00:10:49.592+0000] {logging_mixin.py:188} INFO - [2026-04-28T00:10:49.592+0000] {dag.py:3954} INFO - Setting next_dagrun for example_external_task_marker_parent to None, run_after=None
[2026-04-28T00:10:49.613+0000] {processor.py:183} INFO - Processing /home/airflow/.local/lib/python3.12/site-packages/airflow/example_dags/example_external_task_marker_dag.py took 0.092 seconds
[2026-04-28T00:11:19.687+0000] {processor.py:161} INFO - Started process (PID=912) to work on /home/airflow/.local/lib/python3.12/site-packages/airflow/example_dags/example_external_task_marker_dag.py
[2026-04-28T00:11:19.689+0000] {processor.py:830} INFO - Processing file /home/airflow/.local/lib/python3.12/site-packages/airflow/example_dags/example_external_task_marker_dag.py for tasks to queue
[2026-04-28T00:11:19.690+0000] {logging_mixin.py:188} INFO - [2026-04-28T00:11:19.690+0000] {dagbag.py:540} INFO - Filling up the DagBag from /home/airflow/.local/lib/python3.12/site-packages/airflow/example_dags/example_external_task_marker_dag.py
[2026-04-28T00:11:19.699+0000] {processor.py:840} INFO - DAG(s) 'example_external_task_marker_child', 'example_external_task_marker_parent' retrieved from /home/airflow/.local/lib/python3.12/site-packages/airflow/example_dags/example_external_task_marker_dag.py
[2026-04-28T00:11:19.726+0000] {logging_mixin.py:188} INFO - [2026-04-28T00:11:19.725+0000] {dag.py:3096} INFO - Sync 2 DAGs
[2026-04-28T00:11:19.740+0000] {logging_mixin.py:188} INFO - [2026-04-28T00:11:19.740+0000] {dag.py:3954} INFO - Setting next_dagrun for example_external_task_marker_child to None, run_after=None
[2026-04-28T00:11:19.745+0000] {logging_mixin.py:188} INFO - [2026-04-28T00:11:19.745+0000] {dag.py:3954} INFO - Setting next_dagrun for example_external_task_marker_parent to None, run_after=None
[2026-04-28T00:11:19.764+0000] {processor.py:183} INFO - Processing /home/airflow/.local/lib/python3.12/site-packages/airflow/example_dags/example_external_task_marker_dag.py took 0.083 seconds
[2026-04-28T00:11:50.874+0000] {processor.py:161} INFO - Started process (PID=971) to work on /home/airflow/.local/lib/python3.12/site-packages/airflow/example_dags/example_external_task_marker_dag.py
[2026-04-28T00:11:50.876+0000] {processor.py:830} INFO - Processing file /home/airflow/.local/lib/python3.12/site-packages/airflow/example_dags/example_external_task_marker_dag.py for tasks to queue
[2026-04-28T00:11:50.877+0000] {logging_mixin.py:188} INFO - [2026-04-28T00:11:50.876+0000] {dagbag.py:540} INFO - Filling up the DagBag from /home/airflow/.local/lib/python3.12/site-packages/airflow/example_dags/example_external_task_marker_dag.py
[2026-04-28T00:11:50.885+0000] {processor.py:840} INFO - DAG(s) 'example_external_task_marker_child', 'example_external_task_marker_parent' retrieved from /home/airflow/.local/lib/python3.12/site-packages/airflow/example_dags/example_external_task_marker_dag.py
[2026-04-28T00:11:50.912+0000] {logging_mixin.py:188} INFO - [2026-04-28T00:11:50.912+0000] {dag.py:3096} INFO - Sync 2 DAGs
[2026-04-28T00:11:50.930+0000] {logging_mixin.py:188} INFO - [2026-04-28T00:11:50.930+0000] {dag.py:3954} INFO - Setting next_dagrun for example_external_task_marker_child to None, run_after=None
[2026-04-28T00:11:50.936+0000] {logging_mixin.py:188} INFO - [2026-04-28T00:11:50.935+0000] {dag.py:3954} INFO - Setting next_dagrun for example_external_task_marker_parent to None, run_after=None
[2026-04-28T00:11:50.953+0000] {processor.py:183} INFO - Processing /home/airflow/.local/lib/python3.12/site-packages/airflow/example_dags/example_external_task_marker_dag.py took 0.087 seconds
[2026-04-28T00:12:21.398+0000] {processor.py:161} INFO - Started process (PID=1031) to work on /home/airflow/.local/lib/python3.12/site-packages/airflow/example_dags/example_external_task_marker_dag.py
[2026-04-28T00:12:21.400+0000] {processor.py:830} INFO - Processing file /home/airflow/.local/lib/python3.12/site-packages/airflow/example_dags/example_external_task_marker_dag.py for tasks to queue
[2026-04-28T00:12:21.401+0000] {logging_mixin.py:188} INFO - [2026-04-28T00:12:21.401+0000] {dagbag.py:540} INFO - Filling up the DagBag from /home/airflow/.local/lib/python3.12/site-packages/airflow/example_dags/example_external_task_marker_dag.py
[2026-04-28T00:12:21.408+0000] {processor.py:840} INFO - DAG(s) 'example_external_task_marker_parent', 'example_external_task_marker_child' retrieved from /home/airflow/.local/lib/python3.12/site-packages/airflow/example_dags/example_external_task_marker_dag.py
[2026-04-28T00:12:21.435+0000] {logging_mixin.py:188} INFO - [2026-04-28T00:12:21.435+0000] {dag.py:3096} INFO - Sync 2 DAGs
[2026-04-28T00:12:21.450+0000] {logging_mixin.py:188} INFO - [2026-04-28T00:12:21.449+0000] {dag.py:3954} INFO - Setting next_dagrun for example_external_task_marker_child to None, run_after=None
[2026-04-28T00:12:21.454+0000] {logging_mixin.py:188} INFO - [2026-04-28T00:12:21.454+0000] {dag.py:3954} INFO - Setting next_dagrun for example_external_task_marker_parent to None, run_after=None
[2026-04-28T00:12:21.473+0000] {processor.py:183} INFO - Processing /home/airflow/.local/lib/python3.12/site-packages/airflow/example_dags/example_external_task_marker_dag.py took 0.082 seconds
[2026-04-28T00:12:51.574+0000] {processor.py:161} INFO - Started process (PID=1090) to work on /home/airflow/.local/lib/python3.12/site-packages/airflow/example_dags/example_external_task_marker_dag.py
[2026-04-28T00:12:51.575+0000] {processor.py:830} INFO - Processing file /home/airflow/.local/lib/python3.12/site-packages/airflow/example_dags/example_external_task_marker_dag.py for tasks to queue
[2026-04-28T00:12:51.576+0000] {logging_mixin.py:188} INFO - [2026-04-28T00:12:51.576+0000] {dagbag.py:540} INFO - Filling up the DagBag from /home/airflow/.local/lib/python3.12/site-packages/airflow/example_dags/example_external_task_marker_dag.py
[2026-04-28T00:12:51.583+0000] {processor.py:840} INFO - DAG(s) 'example_external_task_marker_parent', 'example_external_task_marker_child' retrieved from /home/airflow/.local/lib/python3.12/site-packages/airflow/example_dags/example_external_task_marker_dag.py
[2026-04-28T00:12:51.610+0000] {logging_mixin.py:188} INFO - [2026-04-28T00:12:51.610+0000] {dag.py:3096} INFO - Sync 2 DAGs
[2026-04-28T00:12:51.623+0000] {logging_mixin.py:188} INFO - [2026-04-28T00:12:51.623+0000] {dag.py:3954} INFO - Setting next_dagrun for example_external_task_marker_child to None, run_after=None
[2026-04-28T00:12:51.628+0000] {logging_mixin.py:188} INFO - [2026-04-28T00:12:51.627+0000] {dag.py:3954} INFO - Setting next_dagrun for example_external_task_marker_parent to None, run_after=None
[2026-04-28T00:12:51.645+0000] {processor.py:183} INFO - Processing /home/airflow/.local/lib/python3.12/site-packages/airflow/example_dags/example_external_task_marker_dag.py took 0.078 seconds
