[2026-04-28T00:00:22.583+0000] {processor.py:161} INFO - Started process (PID=151) to work on /home/airflow/.local/lib/python3.12/site-packages/airflow/example_dags/example_trigger_target_dag.py
[2026-04-28T00:00:22.584+0000] {processor.py:830} INFO - Processing file /home/airflow/.local/lib/python3.12/site-packages/airflow/example_dags/example_trigger_target_dag.py for tasks to queue
[2026-04-28T00:00:22.586+0000] {logging_mixin.py:188} INFO - [2026-04-28T00:00:22.586+0000] {dagbag.py:540} INFO - Filling up the DagBag from /home/airflow/.local/lib/python3.12/site-packages/airflow/example_dags/example_trigger_target_dag.py
[2026-04-28T00:00:22.634+0000] {processor.py:840} INFO - DAG(s) 'example_trigger_target_dag' retrieved from /home/airflow/.local/lib/python3.12/site-packages/airflow/example_dags/example_trigger_target_dag.py
[2026-04-28T00:00:22.662+0000] {logging_mixin.py:188} INFO - [2026-04-28T00:00:22.661+0000] {dag.py:3096} INFO - Sync 1 DAGs
[2026-04-28T00:00:22.677+0000] {logging_mixin.py:188} INFO - [2026-04-28T00:00:22.677+0000] {dag.py:3954} INFO - Setting next_dagrun for example_trigger_target_dag to None, run_after=None
[2026-04-28T00:00:22.844+0000] {processor.py:183} INFO - Processing /home/airflow/.local/lib/python3.12/site-packages/airflow/example_dags/example_trigger_target_dag.py took 0.270 seconds
[2026-04-28T00:04:06.718+0000] {processor.py:161} INFO - Started process (PID=239) to work on /home/airflow/.local/lib/python3.12/site-packages/airflow/example_dags/example_trigger_target_dag.py
[2026-04-28T00:04:06.738+0000] {processor.py:830} INFO - Processing file /home/airflow/.local/lib/python3.12/site-packages/airflow/example_dags/example_trigger_target_dag.py for tasks to queue
[2026-04-28T00:04:06.739+0000] {logging_mixin.py:188} INFO - [2026-04-28T00:04:06.739+0000] {dagbag.py:540} INFO - Filling up the DagBag from /home/airflow/.local/lib/python3.12/site-packages/airflow/example_dags/example_trigger_target_dag.py
[2026-04-28T00:04:06.747+0000] {processor.py:840} INFO - DAG(s) 'example_trigger_target_dag' retrieved from /home/airflow/.local/lib/python3.12/site-packages/airflow/example_dags/example_trigger_target_dag.py
[2026-04-28T00:04:06.973+0000] {logging_mixin.py:188} INFO - [2026-04-28T00:04:06.973+0000] {dag.py:3096} INFO - Sync 1 DAGs
[2026-04-28T00:04:06.988+0000] {logging_mixin.py:188} INFO - [2026-04-28T00:04:06.988+0000] {dag.py:3954} INFO - Setting next_dagrun for example_trigger_target_dag to None, run_after=None
[2026-04-28T00:04:07.069+0000] {processor.py:183} INFO - Processing /home/airflow/.local/lib/python3.12/site-packages/airflow/example_dags/example_trigger_target_dag.py took 0.358 seconds
[2026-04-28T00:05:04.805+0000] {processor.py:161} INFO - Started process (PID=301) to work on /home/airflow/.local/lib/python3.12/site-packages/airflow/example_dags/example_trigger_target_dag.py
[2026-04-28T00:05:04.806+0000] {processor.py:830} INFO - Processing file /home/airflow/.local/lib/python3.12/site-packages/airflow/example_dags/example_trigger_target_dag.py for tasks to queue
[2026-04-28T00:05:04.808+0000] {logging_mixin.py:188} INFO - [2026-04-28T00:05:04.807+0000] {dagbag.py:540} INFO - Filling up the DagBag from /home/airflow/.local/lib/python3.12/site-packages/airflow/example_dags/example_trigger_target_dag.py
[2026-04-28T00:05:04.818+0000] {processor.py:840} INFO - DAG(s) 'example_trigger_target_dag' retrieved from /home/airflow/.local/lib/python3.12/site-packages/airflow/example_dags/example_trigger_target_dag.py
[2026-04-28T00:05:06.466+0000] {logging_mixin.py:188} INFO - [2026-04-28T00:05:06.466+0000] {dag.py:3096} INFO - Sync 1 DAGs
[2026-04-28T00:05:09.115+0000] {logging_mixin.py:188} INFO - [2026-04-28T00:05:09.114+0000] {dag.py:3954} INFO - Setting next_dagrun for example_trigger_target_dag to None, run_after=None
[2026-04-28T00:05:13.203+0000] {processor.py:183} INFO - Processing /home/airflow/.local/lib/python3.12/site-packages/airflow/example_dags/example_trigger_target_dag.py took 8.405 seconds
[2026-04-28T00:06:14.278+0000] {processor.py:161} INFO - Started process (PID=360) to work on /home/airflow/.local/lib/python3.12/site-packages/airflow/example_dags/example_trigger_target_dag.py
[2026-04-28T00:06:14.280+0000] {processor.py:830} INFO - Processing file /home/airflow/.local/lib/python3.12/site-packages/airflow/example_dags/example_trigger_target_dag.py for tasks to queue
[2026-04-28T00:06:14.281+0000] {logging_mixin.py:188} INFO - [2026-04-28T00:06:14.280+0000] {dagbag.py:540} INFO - Filling up the DagBag from /home/airflow/.local/lib/python3.12/site-packages/airflow/example_dags/example_trigger_target_dag.py
[2026-04-28T00:06:14.288+0000] {processor.py:840} INFO - DAG(s) 'example_trigger_target_dag' retrieved from /home/airflow/.local/lib/python3.12/site-packages/airflow/example_dags/example_trigger_target_dag.py
[2026-04-28T00:06:14.310+0000] {logging_mixin.py:188} INFO - [2026-04-28T00:06:14.309+0000] {dag.py:3096} INFO - Sync 1 DAGs
[2026-04-28T00:06:14.323+0000] {logging_mixin.py:188} INFO - [2026-04-28T00:06:14.323+0000] {dag.py:3954} INFO - Setting next_dagrun for example_trigger_target_dag to None, run_after=None
[2026-04-28T00:06:14.343+0000] {processor.py:183} INFO - Processing /home/airflow/.local/lib/python3.12/site-packages/airflow/example_dags/example_trigger_target_dag.py took 0.072 seconds
[2026-04-28T00:06:44.824+0000] {processor.py:161} INFO - Started process (PID=419) to work on /home/airflow/.local/lib/python3.12/site-packages/airflow/example_dags/example_trigger_target_dag.py
[2026-04-28T00:06:44.826+0000] {processor.py:830} INFO - Processing file /home/airflow/.local/lib/python3.12/site-packages/airflow/example_dags/example_trigger_target_dag.py for tasks to queue
[2026-04-28T00:06:44.827+0000] {logging_mixin.py:188} INFO - [2026-04-28T00:06:44.826+0000] {dagbag.py:540} INFO - Filling up the DagBag from /home/airflow/.local/lib/python3.12/site-packages/airflow/example_dags/example_trigger_target_dag.py
[2026-04-28T00:06:44.834+0000] {processor.py:840} INFO - DAG(s) 'example_trigger_target_dag' retrieved from /home/airflow/.local/lib/python3.12/site-packages/airflow/example_dags/example_trigger_target_dag.py
[2026-04-28T00:06:44.858+0000] {logging_mixin.py:188} INFO - [2026-04-28T00:06:44.858+0000] {dag.py:3096} INFO - Sync 1 DAGs
[2026-04-28T00:06:44.872+0000] {logging_mixin.py:188} INFO - [2026-04-28T00:06:44.872+0000] {dag.py:3954} INFO - Setting next_dagrun for example_trigger_target_dag to None, run_after=None
[2026-04-28T00:06:44.895+0000] {processor.py:183} INFO - Processing /home/airflow/.local/lib/python3.12/site-packages/airflow/example_dags/example_trigger_target_dag.py took 0.079 seconds
[2026-04-28T00:07:15.067+0000] {processor.py:161} INFO - Started process (PID=478) to work on /home/airflow/.local/lib/python3.12/site-packages/airflow/example_dags/example_trigger_target_dag.py
[2026-04-28T00:07:15.068+0000] {processor.py:830} INFO - Processing file /home/airflow/.local/lib/python3.12/site-packages/airflow/example_dags/example_trigger_target_dag.py for tasks to queue
[2026-04-28T00:07:15.069+0000] {logging_mixin.py:188} INFO - [2026-04-28T00:07:15.069+0000] {dagbag.py:540} INFO - Filling up the DagBag from /home/airflow/.local/lib/python3.12/site-packages/airflow/example_dags/example_trigger_target_dag.py
[2026-04-28T00:07:15.077+0000] {processor.py:840} INFO - DAG(s) 'example_trigger_target_dag' retrieved from /home/airflow/.local/lib/python3.12/site-packages/airflow/example_dags/example_trigger_target_dag.py
[2026-04-28T00:07:15.099+0000] {logging_mixin.py:188} INFO - [2026-04-28T00:07:15.099+0000] {dag.py:3096} INFO - Sync 1 DAGs
[2026-04-28T00:07:15.112+0000] {logging_mixin.py:188} INFO - [2026-04-28T00:07:15.112+0000] {dag.py:3954} INFO - Setting next_dagrun for example_trigger_target_dag to None, run_after=None
[2026-04-28T00:07:15.133+0000] {processor.py:183} INFO - Processing /home/airflow/.local/lib/python3.12/site-packages/airflow/example_dags/example_trigger_target_dag.py took 0.073 seconds
[2026-04-28T00:07:46.697+0000] {processor.py:161} INFO - Started process (PID=537) to work on /home/airflow/.local/lib/python3.12/site-packages/airflow/example_dags/example_trigger_target_dag.py
[2026-04-28T00:07:46.698+0000] {processor.py:830} INFO - Processing file /home/airflow/.local/lib/python3.12/site-packages/airflow/example_dags/example_trigger_target_dag.py for tasks to queue
[2026-04-28T00:07:46.699+0000] {logging_mixin.py:188} INFO - [2026-04-28T00:07:46.699+0000] {dagbag.py:540} INFO - Filling up the DagBag from /home/airflow/.local/lib/python3.12/site-packages/airflow/example_dags/example_trigger_target_dag.py
[2026-04-28T00:07:46.708+0000] {processor.py:840} INFO - DAG(s) 'example_trigger_target_dag' retrieved from /home/airflow/.local/lib/python3.12/site-packages/airflow/example_dags/example_trigger_target_dag.py
[2026-04-28T00:07:46.733+0000] {logging_mixin.py:188} INFO - [2026-04-28T00:07:46.733+0000] {dag.py:3096} INFO - Sync 1 DAGs
[2026-04-28T00:07:46.748+0000] {logging_mixin.py:188} INFO - [2026-04-28T00:07:46.748+0000] {dag.py:3954} INFO - Setting next_dagrun for example_trigger_target_dag to None, run_after=None
[2026-04-28T00:07:46.770+0000] {processor.py:183} INFO - Processing /home/airflow/.local/lib/python3.12/site-packages/airflow/example_dags/example_trigger_target_dag.py took 0.080 seconds
[2026-04-28T00:08:16.990+0000] {processor.py:161} INFO - Started process (PID=596) to work on /home/airflow/.local/lib/python3.12/site-packages/airflow/example_dags/example_trigger_target_dag.py
[2026-04-28T00:08:16.992+0000] {processor.py:830} INFO - Processing file /home/airflow/.local/lib/python3.12/site-packages/airflow/example_dags/example_trigger_target_dag.py for tasks to queue
[2026-04-28T00:08:16.993+0000] {logging_mixin.py:188} INFO - [2026-04-28T00:08:16.992+0000] {dagbag.py:540} INFO - Filling up the DagBag from /home/airflow/.local/lib/python3.12/site-packages/airflow/example_dags/example_trigger_target_dag.py
[2026-04-28T00:08:17.000+0000] {processor.py:840} INFO - DAG(s) 'example_trigger_target_dag' retrieved from /home/airflow/.local/lib/python3.12/site-packages/airflow/example_dags/example_trigger_target_dag.py
[2026-04-28T00:08:17.029+0000] {logging_mixin.py:188} INFO - [2026-04-28T00:08:17.028+0000] {dag.py:3096} INFO - Sync 1 DAGs
[2026-04-28T00:08:17.056+0000] {logging_mixin.py:188} INFO - [2026-04-28T00:08:17.056+0000] {dag.py:3954} INFO - Setting next_dagrun for example_trigger_target_dag to None, run_after=None
[2026-04-28T00:08:17.090+0000] {processor.py:183} INFO - Processing /home/airflow/.local/lib/python3.12/site-packages/airflow/example_dags/example_trigger_target_dag.py took 0.107 seconds
[2026-04-28T00:08:47.256+0000] {processor.py:161} INFO - Started process (PID=653) to work on /home/airflow/.local/lib/python3.12/site-packages/airflow/example_dags/example_trigger_target_dag.py
[2026-04-28T00:08:47.258+0000] {processor.py:830} INFO - Processing file /home/airflow/.local/lib/python3.12/site-packages/airflow/example_dags/example_trigger_target_dag.py for tasks to queue
[2026-04-28T00:08:47.259+0000] {logging_mixin.py:188} INFO - [2026-04-28T00:08:47.258+0000] {dagbag.py:540} INFO - Filling up the DagBag from /home/airflow/.local/lib/python3.12/site-packages/airflow/example_dags/example_trigger_target_dag.py
[2026-04-28T00:08:47.268+0000] {processor.py:840} INFO - DAG(s) 'example_trigger_target_dag' retrieved from /home/airflow/.local/lib/python3.12/site-packages/airflow/example_dags/example_trigger_target_dag.py
[2026-04-28T00:08:47.292+0000] {logging_mixin.py:188} INFO - [2026-04-28T00:08:47.292+0000] {dag.py:3096} INFO - Sync 1 DAGs
[2026-04-28T00:08:47.307+0000] {logging_mixin.py:188} INFO - [2026-04-28T00:08:47.307+0000] {dag.py:3954} INFO - Setting next_dagrun for example_trigger_target_dag to None, run_after=None
[2026-04-28T00:08:47.331+0000] {processor.py:183} INFO - Processing /home/airflow/.local/lib/python3.12/site-packages/airflow/example_dags/example_trigger_target_dag.py took 0.082 seconds
[2026-04-28T00:09:17.829+0000] {processor.py:161} INFO - Started process (PID=712) to work on /home/airflow/.local/lib/python3.12/site-packages/airflow/example_dags/example_trigger_target_dag.py
[2026-04-28T00:09:17.832+0000] {processor.py:830} INFO - Processing file /home/airflow/.local/lib/python3.12/site-packages/airflow/example_dags/example_trigger_target_dag.py for tasks to queue
[2026-04-28T00:09:17.834+0000] {logging_mixin.py:188} INFO - [2026-04-28T00:09:17.833+0000] {dagbag.py:540} INFO - Filling up the DagBag from /home/airflow/.local/lib/python3.12/site-packages/airflow/example_dags/example_trigger_target_dag.py
[2026-04-28T00:09:17.843+0000] {processor.py:840} INFO - DAG(s) 'example_trigger_target_dag' retrieved from /home/airflow/.local/lib/python3.12/site-packages/airflow/example_dags/example_trigger_target_dag.py
[2026-04-28T00:09:17.870+0000] {logging_mixin.py:188} INFO - [2026-04-28T00:09:17.869+0000] {dag.py:3096} INFO - Sync 1 DAGs
[2026-04-28T00:09:17.891+0000] {logging_mixin.py:188} INFO - [2026-04-28T00:09:17.890+0000] {dag.py:3954} INFO - Setting next_dagrun for example_trigger_target_dag to None, run_after=None
[2026-04-28T00:09:17.924+0000] {processor.py:183} INFO - Processing /home/airflow/.local/lib/python3.12/site-packages/airflow/example_dags/example_trigger_target_dag.py took 0.106 seconds
[2026-04-28T00:09:48.809+0000] {processor.py:161} INFO - Started process (PID=771) to work on /home/airflow/.local/lib/python3.12/site-packages/airflow/example_dags/example_trigger_target_dag.py
[2026-04-28T00:09:48.810+0000] {processor.py:830} INFO - Processing file /home/airflow/.local/lib/python3.12/site-packages/airflow/example_dags/example_trigger_target_dag.py for tasks to queue
[2026-04-28T00:09:48.811+0000] {logging_mixin.py:188} INFO - [2026-04-28T00:09:48.811+0000] {dagbag.py:540} INFO - Filling up the DagBag from /home/airflow/.local/lib/python3.12/site-packages/airflow/example_dags/example_trigger_target_dag.py
[2026-04-28T00:09:48.821+0000] {processor.py:840} INFO - DAG(s) 'example_trigger_target_dag' retrieved from /home/airflow/.local/lib/python3.12/site-packages/airflow/example_dags/example_trigger_target_dag.py
[2026-04-28T00:09:48.843+0000] {logging_mixin.py:188} INFO - [2026-04-28T00:09:48.843+0000] {dag.py:3096} INFO - Sync 1 DAGs
[2026-04-28T00:09:48.857+0000] {logging_mixin.py:188} INFO - [2026-04-28T00:09:48.857+0000] {dag.py:3954} INFO - Setting next_dagrun for example_trigger_target_dag to None, run_after=None
[2026-04-28T00:09:48.881+0000] {processor.py:183} INFO - Processing /home/airflow/.local/lib/python3.12/site-packages/airflow/example_dags/example_trigger_target_dag.py took 0.079 seconds
[2026-04-28T00:10:21.947+0000] {processor.py:161} INFO - Started process (PID=830) to work on /home/airflow/.local/lib/python3.12/site-packages/airflow/example_dags/example_trigger_target_dag.py
[2026-04-28T00:10:21.949+0000] {processor.py:830} INFO - Processing file /home/airflow/.local/lib/python3.12/site-packages/airflow/example_dags/example_trigger_target_dag.py for tasks to queue
[2026-04-28T00:10:21.950+0000] {logging_mixin.py:188} INFO - [2026-04-28T00:10:21.950+0000] {dagbag.py:540} INFO - Filling up the DagBag from /home/airflow/.local/lib/python3.12/site-packages/airflow/example_dags/example_trigger_target_dag.py
[2026-04-28T00:10:21.959+0000] {processor.py:840} INFO - DAG(s) 'example_trigger_target_dag' retrieved from /home/airflow/.local/lib/python3.12/site-packages/airflow/example_dags/example_trigger_target_dag.py
[2026-04-28T00:10:21.990+0000] {logging_mixin.py:188} INFO - [2026-04-28T00:10:21.989+0000] {dag.py:3096} INFO - Sync 1 DAGs
[2026-04-28T00:10:22.007+0000] {logging_mixin.py:188} INFO - [2026-04-28T00:10:22.007+0000] {dag.py:3954} INFO - Setting next_dagrun for example_trigger_target_dag to None, run_after=None
[2026-04-28T00:10:22.027+0000] {processor.py:183} INFO - Processing /home/airflow/.local/lib/python3.12/site-packages/airflow/example_dags/example_trigger_target_dag.py took 0.088 seconds
[2026-04-28T00:10:52.738+0000] {processor.py:161} INFO - Started process (PID=889) to work on /home/airflow/.local/lib/python3.12/site-packages/airflow/example_dags/example_trigger_target_dag.py
[2026-04-28T00:10:52.739+0000] {processor.py:830} INFO - Processing file /home/airflow/.local/lib/python3.12/site-packages/airflow/example_dags/example_trigger_target_dag.py for tasks to queue
[2026-04-28T00:10:52.741+0000] {logging_mixin.py:188} INFO - [2026-04-28T00:10:52.740+0000] {dagbag.py:540} INFO - Filling up the DagBag from /home/airflow/.local/lib/python3.12/site-packages/airflow/example_dags/example_trigger_target_dag.py
[2026-04-28T00:10:52.747+0000] {processor.py:840} INFO - DAG(s) 'example_trigger_target_dag' retrieved from /home/airflow/.local/lib/python3.12/site-packages/airflow/example_dags/example_trigger_target_dag.py
[2026-04-28T00:10:52.770+0000] {logging_mixin.py:188} INFO - [2026-04-28T00:10:52.770+0000] {dag.py:3096} INFO - Sync 1 DAGs
[2026-04-28T00:10:52.783+0000] {logging_mixin.py:188} INFO - [2026-04-28T00:10:52.783+0000] {dag.py:3954} INFO - Setting next_dagrun for example_trigger_target_dag to None, run_after=None
[2026-04-28T00:10:52.805+0000] {processor.py:183} INFO - Processing /home/airflow/.local/lib/python3.12/site-packages/airflow/example_dags/example_trigger_target_dag.py took 0.074 seconds
[2026-04-28T00:11:23.933+0000] {processor.py:161} INFO - Started process (PID=948) to work on /home/airflow/.local/lib/python3.12/site-packages/airflow/example_dags/example_trigger_target_dag.py
[2026-04-28T00:11:23.934+0000] {processor.py:830} INFO - Processing file /home/airflow/.local/lib/python3.12/site-packages/airflow/example_dags/example_trigger_target_dag.py for tasks to queue
[2026-04-28T00:11:23.935+0000] {logging_mixin.py:188} INFO - [2026-04-28T00:11:23.934+0000] {dagbag.py:540} INFO - Filling up the DagBag from /home/airflow/.local/lib/python3.12/site-packages/airflow/example_dags/example_trigger_target_dag.py
[2026-04-28T00:11:23.941+0000] {processor.py:840} INFO - DAG(s) 'example_trigger_target_dag' retrieved from /home/airflow/.local/lib/python3.12/site-packages/airflow/example_dags/example_trigger_target_dag.py
[2026-04-28T00:11:23.969+0000] {logging_mixin.py:188} INFO - [2026-04-28T00:11:23.968+0000] {dag.py:3096} INFO - Sync 1 DAGs
[2026-04-28T00:11:23.996+0000] {logging_mixin.py:188} INFO - [2026-04-28T00:11:23.996+0000] {dag.py:3954} INFO - Setting next_dagrun for example_trigger_target_dag to None, run_after=None
[2026-04-28T00:11:24.020+0000] {processor.py:183} INFO - Processing /home/airflow/.local/lib/python3.12/site-packages/airflow/example_dags/example_trigger_target_dag.py took 0.094 seconds
[2026-04-28T00:11:58.129+0000] {processor.py:161} INFO - Started process (PID=1007) to work on /home/airflow/.local/lib/python3.12/site-packages/airflow/example_dags/example_trigger_target_dag.py
[2026-04-28T00:11:58.130+0000] {processor.py:830} INFO - Processing file /home/airflow/.local/lib/python3.12/site-packages/airflow/example_dags/example_trigger_target_dag.py for tasks to queue
[2026-04-28T00:11:58.132+0000] {logging_mixin.py:188} INFO - [2026-04-28T00:11:58.132+0000] {dagbag.py:540} INFO - Filling up the DagBag from /home/airflow/.local/lib/python3.12/site-packages/airflow/example_dags/example_trigger_target_dag.py
[2026-04-28T00:11:58.142+0000] {processor.py:840} INFO - DAG(s) 'example_trigger_target_dag' retrieved from /home/airflow/.local/lib/python3.12/site-packages/airflow/example_dags/example_trigger_target_dag.py
[2026-04-28T00:11:58.169+0000] {logging_mixin.py:188} INFO - [2026-04-28T00:11:58.169+0000] {dag.py:3096} INFO - Sync 1 DAGs
[2026-04-28T00:11:58.185+0000] {logging_mixin.py:188} INFO - [2026-04-28T00:11:58.184+0000] {dag.py:3954} INFO - Setting next_dagrun for example_trigger_target_dag to None, run_after=None
[2026-04-28T00:11:58.209+0000] {processor.py:183} INFO - Processing /home/airflow/.local/lib/python3.12/site-packages/airflow/example_dags/example_trigger_target_dag.py took 0.088 seconds
[2026-04-28T00:12:29.030+0000] {processor.py:161} INFO - Started process (PID=1066) to work on /home/airflow/.local/lib/python3.12/site-packages/airflow/example_dags/example_trigger_target_dag.py
[2026-04-28T00:12:29.032+0000] {processor.py:830} INFO - Processing file /home/airflow/.local/lib/python3.12/site-packages/airflow/example_dags/example_trigger_target_dag.py for tasks to queue
[2026-04-28T00:12:29.033+0000] {logging_mixin.py:188} INFO - [2026-04-28T00:12:29.033+0000] {dagbag.py:540} INFO - Filling up the DagBag from /home/airflow/.local/lib/python3.12/site-packages/airflow/example_dags/example_trigger_target_dag.py
[2026-04-28T00:12:29.040+0000] {processor.py:840} INFO - DAG(s) 'example_trigger_target_dag' retrieved from /home/airflow/.local/lib/python3.12/site-packages/airflow/example_dags/example_trigger_target_dag.py
[2026-04-28T00:12:29.064+0000] {logging_mixin.py:188} INFO - [2026-04-28T00:12:29.064+0000] {dag.py:3096} INFO - Sync 1 DAGs
[2026-04-28T00:12:29.078+0000] {logging_mixin.py:188} INFO - [2026-04-28T00:12:29.078+0000] {dag.py:3954} INFO - Setting next_dagrun for example_trigger_target_dag to None, run_after=None
[2026-04-28T00:12:29.101+0000] {processor.py:183} INFO - Processing /home/airflow/.local/lib/python3.12/site-packages/airflow/example_dags/example_trigger_target_dag.py took 0.078 seconds
[2026-04-28T00:13:00.159+0000] {processor.py:161} INFO - Started process (PID=1125) to work on /home/airflow/.local/lib/python3.12/site-packages/airflow/example_dags/example_trigger_target_dag.py
[2026-04-28T00:13:00.160+0000] {processor.py:830} INFO - Processing file /home/airflow/.local/lib/python3.12/site-packages/airflow/example_dags/example_trigger_target_dag.py for tasks to queue
[2026-04-28T00:13:00.162+0000] {logging_mixin.py:188} INFO - [2026-04-28T00:13:00.161+0000] {dagbag.py:540} INFO - Filling up the DagBag from /home/airflow/.local/lib/python3.12/site-packages/airflow/example_dags/example_trigger_target_dag.py
[2026-04-28T00:13:00.169+0000] {processor.py:840} INFO - DAG(s) 'example_trigger_target_dag' retrieved from /home/airflow/.local/lib/python3.12/site-packages/airflow/example_dags/example_trigger_target_dag.py
[2026-04-28T00:13:00.191+0000] {logging_mixin.py:188} INFO - [2026-04-28T00:13:00.191+0000] {dag.py:3096} INFO - Sync 1 DAGs
[2026-04-28T00:13:00.205+0000] {logging_mixin.py:188} INFO - [2026-04-28T00:13:00.205+0000] {dag.py:3954} INFO - Setting next_dagrun for example_trigger_target_dag to None, run_after=None
[2026-04-28T00:13:00.225+0000] {processor.py:183} INFO - Processing /home/airflow/.local/lib/python3.12/site-packages/airflow/example_dags/example_trigger_target_dag.py took 0.073 seconds
