[2026-04-28T00:00:23.647+0000] {processor.py:161} INFO - Started process (PID=158) to work on /home/airflow/.local/lib/python3.12/site-packages/airflow/example_dags/example_latest_only.py
[2026-04-28T00:00:23.649+0000] {processor.py:830} INFO - Processing file /home/airflow/.local/lib/python3.12/site-packages/airflow/example_dags/example_latest_only.py for tasks to queue
[2026-04-28T00:00:23.651+0000] {logging_mixin.py:188} INFO - [2026-04-28T00:00:23.651+0000] {dagbag.py:540} INFO - Filling up the DagBag from /home/airflow/.local/lib/python3.12/site-packages/airflow/example_dags/example_latest_only.py
[2026-04-28T00:00:23.742+0000] {processor.py:840} INFO - DAG(s) 'latest_only' retrieved from /home/airflow/.local/lib/python3.12/site-packages/airflow/example_dags/example_latest_only.py
[2026-04-28T00:00:23.764+0000] {logging_mixin.py:188} INFO - [2026-04-28T00:00:23.764+0000] {dag.py:3096} INFO - Sync 1 DAGs
[2026-04-28T00:00:23.790+0000] {logging_mixin.py:188} INFO - [2026-04-28T00:00:23.789+0000] {dag.py:3954} INFO - Setting next_dagrun for latest_only to 2026-04-27 20:00:00+00:00, run_after=2026-04-28 00:00:00+00:00
[2026-04-28T00:00:23.814+0000] {processor.py:183} INFO - Processing /home/airflow/.local/lib/python3.12/site-packages/airflow/example_dags/example_latest_only.py took 0.174 seconds
[2026-04-28T00:04:10.402+0000] {processor.py:161} INFO - Started process (PID=246) to work on /home/airflow/.local/lib/python3.12/site-packages/airflow/example_dags/example_latest_only.py
[2026-04-28T00:04:10.404+0000] {processor.py:830} INFO - Processing file /home/airflow/.local/lib/python3.12/site-packages/airflow/example_dags/example_latest_only.py for tasks to queue
[2026-04-28T00:04:10.406+0000] {logging_mixin.py:188} INFO - [2026-04-28T00:04:10.405+0000] {dagbag.py:540} INFO - Filling up the DagBag from /home/airflow/.local/lib/python3.12/site-packages/airflow/example_dags/example_latest_only.py
[2026-04-28T00:04:10.421+0000] {processor.py:840} INFO - DAG(s) 'latest_only' retrieved from /home/airflow/.local/lib/python3.12/site-packages/airflow/example_dags/example_latest_only.py
[2026-04-28T00:04:10.468+0000] {logging_mixin.py:188} INFO - [2026-04-28T00:04:10.467+0000] {dag.py:3096} INFO - Sync 1 DAGs
[2026-04-28T00:04:10.509+0000] {logging_mixin.py:188} INFO - [2026-04-28T00:04:10.509+0000] {dag.py:3954} INFO - Setting next_dagrun for latest_only to 2026-04-27 20:00:00+00:00, run_after=2026-04-28 00:00:00+00:00
[2026-04-28T00:04:10.537+0000] {processor.py:183} INFO - Processing /home/airflow/.local/lib/python3.12/site-packages/airflow/example_dags/example_latest_only.py took 0.148 seconds
[2026-04-28T00:06:06.374+0000] {processor.py:161} INFO - Started process (PID=314) to work on /home/airflow/.local/lib/python3.12/site-packages/airflow/example_dags/example_latest_only.py
[2026-04-28T00:06:06.376+0000] {processor.py:830} INFO - Processing file /home/airflow/.local/lib/python3.12/site-packages/airflow/example_dags/example_latest_only.py for tasks to queue
[2026-04-28T00:06:06.377+0000] {logging_mixin.py:188} INFO - [2026-04-28T00:06:06.376+0000] {dagbag.py:540} INFO - Filling up the DagBag from /home/airflow/.local/lib/python3.12/site-packages/airflow/example_dags/example_latest_only.py
[2026-04-28T00:06:06.383+0000] {processor.py:840} INFO - DAG(s) 'latest_only' retrieved from /home/airflow/.local/lib/python3.12/site-packages/airflow/example_dags/example_latest_only.py
[2026-04-28T00:06:06.611+0000] {logging_mixin.py:188} INFO - [2026-04-28T00:06:06.610+0000] {dag.py:3096} INFO - Sync 1 DAGs
[2026-04-28T00:06:06.637+0000] {logging_mixin.py:188} INFO - [2026-04-28T00:06:06.637+0000] {dag.py:3954} INFO - Setting next_dagrun for latest_only to 2026-04-27 20:00:00+00:00, run_after=2026-04-28 00:00:00+00:00
[2026-04-28T00:06:06.659+0000] {processor.py:183} INFO - Processing /home/airflow/.local/lib/python3.12/site-packages/airflow/example_dags/example_latest_only.py took 0.291 seconds
[2026-04-28T00:06:37.441+0000] {processor.py:161} INFO - Started process (PID=373) to work on /home/airflow/.local/lib/python3.12/site-packages/airflow/example_dags/example_latest_only.py
[2026-04-28T00:06:37.443+0000] {processor.py:830} INFO - Processing file /home/airflow/.local/lib/python3.12/site-packages/airflow/example_dags/example_latest_only.py for tasks to queue
[2026-04-28T00:06:37.446+0000] {logging_mixin.py:188} INFO - [2026-04-28T00:06:37.445+0000] {dagbag.py:540} INFO - Filling up the DagBag from /home/airflow/.local/lib/python3.12/site-packages/airflow/example_dags/example_latest_only.py
[2026-04-28T00:06:37.452+0000] {processor.py:840} INFO - DAG(s) 'latest_only' retrieved from /home/airflow/.local/lib/python3.12/site-packages/airflow/example_dags/example_latest_only.py
[2026-04-28T00:06:37.475+0000] {logging_mixin.py:188} INFO - [2026-04-28T00:06:37.475+0000] {dag.py:3096} INFO - Sync 1 DAGs
[2026-04-28T00:06:37.498+0000] {logging_mixin.py:188} INFO - [2026-04-28T00:06:37.498+0000] {dag.py:3954} INFO - Setting next_dagrun for latest_only to 2026-04-27 20:00:00+00:00, run_after=2026-04-28 00:00:00+00:00
[2026-04-28T00:06:37.517+0000] {processor.py:183} INFO - Processing /home/airflow/.local/lib/python3.12/site-packages/airflow/example_dags/example_latest_only.py took 0.083 seconds
[2026-04-28T00:07:07.651+0000] {processor.py:161} INFO - Started process (PID=432) to work on /home/airflow/.local/lib/python3.12/site-packages/airflow/example_dags/example_latest_only.py
[2026-04-28T00:07:07.652+0000] {processor.py:830} INFO - Processing file /home/airflow/.local/lib/python3.12/site-packages/airflow/example_dags/example_latest_only.py for tasks to queue
[2026-04-28T00:07:07.654+0000] {logging_mixin.py:188} INFO - [2026-04-28T00:07:07.654+0000] {dagbag.py:540} INFO - Filling up the DagBag from /home/airflow/.local/lib/python3.12/site-packages/airflow/example_dags/example_latest_only.py
[2026-04-28T00:07:07.660+0000] {processor.py:840} INFO - DAG(s) 'latest_only' retrieved from /home/airflow/.local/lib/python3.12/site-packages/airflow/example_dags/example_latest_only.py
[2026-04-28T00:07:07.682+0000] {logging_mixin.py:188} INFO - [2026-04-28T00:07:07.682+0000] {dag.py:3096} INFO - Sync 1 DAGs
[2026-04-28T00:07:07.704+0000] {logging_mixin.py:188} INFO - [2026-04-28T00:07:07.704+0000] {dag.py:3954} INFO - Setting next_dagrun for latest_only to 2026-04-27 20:00:00+00:00, run_after=2026-04-28 00:00:00+00:00
[2026-04-28T00:07:07.724+0000] {processor.py:183} INFO - Processing /home/airflow/.local/lib/python3.12/site-packages/airflow/example_dags/example_latest_only.py took 0.080 seconds
[2026-04-28T00:07:37.804+0000] {processor.py:161} INFO - Started process (PID=491) to work on /home/airflow/.local/lib/python3.12/site-packages/airflow/example_dags/example_latest_only.py
[2026-04-28T00:07:37.805+0000] {processor.py:830} INFO - Processing file /home/airflow/.local/lib/python3.12/site-packages/airflow/example_dags/example_latest_only.py for tasks to queue
[2026-04-28T00:07:37.807+0000] {logging_mixin.py:188} INFO - [2026-04-28T00:07:37.806+0000] {dagbag.py:540} INFO - Filling up the DagBag from /home/airflow/.local/lib/python3.12/site-packages/airflow/example_dags/example_latest_only.py
[2026-04-28T00:07:37.813+0000] {processor.py:840} INFO - DAG(s) 'latest_only' retrieved from /home/airflow/.local/lib/python3.12/site-packages/airflow/example_dags/example_latest_only.py
[2026-04-28T00:07:37.839+0000] {logging_mixin.py:188} INFO - [2026-04-28T00:07:37.839+0000] {dag.py:3096} INFO - Sync 1 DAGs
[2026-04-28T00:07:37.861+0000] {logging_mixin.py:188} INFO - [2026-04-28T00:07:37.861+0000] {dag.py:3954} INFO - Setting next_dagrun for latest_only to 2026-04-27 20:00:00+00:00, run_after=2026-04-28 00:00:00+00:00
[2026-04-28T00:07:37.881+0000] {processor.py:183} INFO - Processing /home/airflow/.local/lib/python3.12/site-packages/airflow/example_dags/example_latest_only.py took 0.086 seconds
[2026-04-28T00:08:08.576+0000] {processor.py:161} INFO - Started process (PID=550) to work on /home/airflow/.local/lib/python3.12/site-packages/airflow/example_dags/example_latest_only.py
[2026-04-28T00:08:08.577+0000] {processor.py:830} INFO - Processing file /home/airflow/.local/lib/python3.12/site-packages/airflow/example_dags/example_latest_only.py for tasks to queue
[2026-04-28T00:08:08.578+0000] {logging_mixin.py:188} INFO - [2026-04-28T00:08:08.578+0000] {dagbag.py:540} INFO - Filling up the DagBag from /home/airflow/.local/lib/python3.12/site-packages/airflow/example_dags/example_latest_only.py
[2026-04-28T00:08:08.585+0000] {processor.py:840} INFO - DAG(s) 'latest_only' retrieved from /home/airflow/.local/lib/python3.12/site-packages/airflow/example_dags/example_latest_only.py
[2026-04-28T00:08:08.606+0000] {logging_mixin.py:188} INFO - [2026-04-28T00:08:08.606+0000] {dag.py:3096} INFO - Sync 1 DAGs
[2026-04-28T00:08:08.628+0000] {logging_mixin.py:188} INFO - [2026-04-28T00:08:08.628+0000] {dag.py:3954} INFO - Setting next_dagrun for latest_only to 2026-04-27 20:00:00+00:00, run_after=2026-04-28 00:00:00+00:00
[2026-04-28T00:08:08.649+0000] {processor.py:183} INFO - Processing /home/airflow/.local/lib/python3.12/site-packages/airflow/example_dags/example_latest_only.py took 0.080 seconds
[2026-04-28T00:08:39.163+0000] {processor.py:161} INFO - Started process (PID=609) to work on /home/airflow/.local/lib/python3.12/site-packages/airflow/example_dags/example_latest_only.py
[2026-04-28T00:08:39.165+0000] {processor.py:830} INFO - Processing file /home/airflow/.local/lib/python3.12/site-packages/airflow/example_dags/example_latest_only.py for tasks to queue
[2026-04-28T00:08:39.166+0000] {logging_mixin.py:188} INFO - [2026-04-28T00:08:39.166+0000] {dagbag.py:540} INFO - Filling up the DagBag from /home/airflow/.local/lib/python3.12/site-packages/airflow/example_dags/example_latest_only.py
[2026-04-28T00:08:39.172+0000] {processor.py:840} INFO - DAG(s) 'latest_only' retrieved from /home/airflow/.local/lib/python3.12/site-packages/airflow/example_dags/example_latest_only.py
[2026-04-28T00:08:39.194+0000] {logging_mixin.py:188} INFO - [2026-04-28T00:08:39.194+0000] {dag.py:3096} INFO - Sync 1 DAGs
[2026-04-28T00:08:39.218+0000] {logging_mixin.py:188} INFO - [2026-04-28T00:08:39.218+0000] {dag.py:3954} INFO - Setting next_dagrun for latest_only to 2026-04-27 20:00:00+00:00, run_after=2026-04-28 00:00:00+00:00
[2026-04-28T00:08:39.238+0000] {processor.py:183} INFO - Processing /home/airflow/.local/lib/python3.12/site-packages/airflow/example_dags/example_latest_only.py took 0.081 seconds
[2026-04-28T00:09:09.413+0000] {processor.py:161} INFO - Started process (PID=668) to work on /home/airflow/.local/lib/python3.12/site-packages/airflow/example_dags/example_latest_only.py
[2026-04-28T00:09:09.415+0000] {processor.py:830} INFO - Processing file /home/airflow/.local/lib/python3.12/site-packages/airflow/example_dags/example_latest_only.py for tasks to queue
[2026-04-28T00:09:09.416+0000] {logging_mixin.py:188} INFO - [2026-04-28T00:09:09.415+0000] {dagbag.py:540} INFO - Filling up the DagBag from /home/airflow/.local/lib/python3.12/site-packages/airflow/example_dags/example_latest_only.py
[2026-04-28T00:09:09.423+0000] {processor.py:840} INFO - DAG(s) 'latest_only' retrieved from /home/airflow/.local/lib/python3.12/site-packages/airflow/example_dags/example_latest_only.py
[2026-04-28T00:09:09.446+0000] {logging_mixin.py:188} INFO - [2026-04-28T00:09:09.446+0000] {dag.py:3096} INFO - Sync 1 DAGs
[2026-04-28T00:09:09.471+0000] {logging_mixin.py:188} INFO - [2026-04-28T00:09:09.470+0000] {dag.py:3954} INFO - Setting next_dagrun for latest_only to 2026-04-27 20:00:00+00:00, run_after=2026-04-28 00:00:00+00:00
[2026-04-28T00:09:09.496+0000] {processor.py:183} INFO - Processing /home/airflow/.local/lib/python3.12/site-packages/airflow/example_dags/example_latest_only.py took 0.091 seconds
[2026-04-28T00:09:40.445+0000] {processor.py:161} INFO - Started process (PID=727) to work on /home/airflow/.local/lib/python3.12/site-packages/airflow/example_dags/example_latest_only.py
[2026-04-28T00:09:40.446+0000] {processor.py:830} INFO - Processing file /home/airflow/.local/lib/python3.12/site-packages/airflow/example_dags/example_latest_only.py for tasks to queue
[2026-04-28T00:09:40.447+0000] {logging_mixin.py:188} INFO - [2026-04-28T00:09:40.447+0000] {dagbag.py:540} INFO - Filling up the DagBag from /home/airflow/.local/lib/python3.12/site-packages/airflow/example_dags/example_latest_only.py
[2026-04-28T00:09:40.457+0000] {processor.py:840} INFO - DAG(s) 'latest_only' retrieved from /home/airflow/.local/lib/python3.12/site-packages/airflow/example_dags/example_latest_only.py
[2026-04-28T00:09:40.481+0000] {logging_mixin.py:188} INFO - [2026-04-28T00:09:40.481+0000] {dag.py:3096} INFO - Sync 1 DAGs
[2026-04-28T00:09:40.505+0000] {logging_mixin.py:188} INFO - [2026-04-28T00:09:40.505+0000] {dag.py:3954} INFO - Setting next_dagrun for latest_only to 2026-04-27 20:00:00+00:00, run_after=2026-04-28 00:00:00+00:00
[2026-04-28T00:09:40.530+0000] {processor.py:183} INFO - Processing /home/airflow/.local/lib/python3.12/site-packages/airflow/example_dags/example_latest_only.py took 0.093 seconds
[2026-04-28T00:10:10.709+0000] {processor.py:161} INFO - Started process (PID=786) to work on /home/airflow/.local/lib/python3.12/site-packages/airflow/example_dags/example_latest_only.py
[2026-04-28T00:10:10.710+0000] {processor.py:830} INFO - Processing file /home/airflow/.local/lib/python3.12/site-packages/airflow/example_dags/example_latest_only.py for tasks to queue
[2026-04-28T00:10:10.712+0000] {logging_mixin.py:188} INFO - [2026-04-28T00:10:10.711+0000] {dagbag.py:540} INFO - Filling up the DagBag from /home/airflow/.local/lib/python3.12/site-packages/airflow/example_dags/example_latest_only.py
[2026-04-28T00:10:10.719+0000] {processor.py:840} INFO - DAG(s) 'latest_only' retrieved from /home/airflow/.local/lib/python3.12/site-packages/airflow/example_dags/example_latest_only.py
[2026-04-28T00:10:10.742+0000] {logging_mixin.py:188} INFO - [2026-04-28T00:10:10.742+0000] {dag.py:3096} INFO - Sync 1 DAGs
[2026-04-28T00:10:10.766+0000] {logging_mixin.py:188} INFO - [2026-04-28T00:10:10.766+0000] {dag.py:3954} INFO - Setting next_dagrun for latest_only to 2026-04-27 20:00:00+00:00, run_after=2026-04-28 00:00:00+00:00
[2026-04-28T00:10:10.787+0000] {processor.py:183} INFO - Processing /home/airflow/.local/lib/python3.12/site-packages/airflow/example_dags/example_latest_only.py took 0.085 seconds
[2026-04-28T00:10:41.128+0000] {processor.py:161} INFO - Started process (PID=845) to work on /home/airflow/.local/lib/python3.12/site-packages/airflow/example_dags/example_latest_only.py
[2026-04-28T00:10:41.129+0000] {processor.py:830} INFO - Processing file /home/airflow/.local/lib/python3.12/site-packages/airflow/example_dags/example_latest_only.py for tasks to queue
[2026-04-28T00:10:41.130+0000] {logging_mixin.py:188} INFO - [2026-04-28T00:10:41.130+0000] {dagbag.py:540} INFO - Filling up the DagBag from /home/airflow/.local/lib/python3.12/site-packages/airflow/example_dags/example_latest_only.py
[2026-04-28T00:10:41.138+0000] {processor.py:840} INFO - DAG(s) 'latest_only' retrieved from /home/airflow/.local/lib/python3.12/site-packages/airflow/example_dags/example_latest_only.py
[2026-04-28T00:10:41.161+0000] {logging_mixin.py:188} INFO - [2026-04-28T00:10:41.161+0000] {dag.py:3096} INFO - Sync 1 DAGs
[2026-04-28T00:10:41.183+0000] {logging_mixin.py:188} INFO - [2026-04-28T00:10:41.183+0000] {dag.py:3954} INFO - Setting next_dagrun for latest_only to 2026-04-27 20:00:00+00:00, run_after=2026-04-28 00:00:00+00:00
[2026-04-28T00:10:41.203+0000] {processor.py:183} INFO - Processing /home/airflow/.local/lib/python3.12/site-packages/airflow/example_dags/example_latest_only.py took 0.082 seconds
[2026-04-28T00:11:11.682+0000] {processor.py:161} INFO - Started process (PID=904) to work on /home/airflow/.local/lib/python3.12/site-packages/airflow/example_dags/example_latest_only.py
[2026-04-28T00:11:11.683+0000] {processor.py:830} INFO - Processing file /home/airflow/.local/lib/python3.12/site-packages/airflow/example_dags/example_latest_only.py for tasks to queue
[2026-04-28T00:11:11.685+0000] {logging_mixin.py:188} INFO - [2026-04-28T00:11:11.684+0000] {dagbag.py:540} INFO - Filling up the DagBag from /home/airflow/.local/lib/python3.12/site-packages/airflow/example_dags/example_latest_only.py
[2026-04-28T00:11:11.691+0000] {processor.py:840} INFO - DAG(s) 'latest_only' retrieved from /home/airflow/.local/lib/python3.12/site-packages/airflow/example_dags/example_latest_only.py
[2026-04-28T00:11:11.714+0000] {logging_mixin.py:188} INFO - [2026-04-28T00:11:11.714+0000] {dag.py:3096} INFO - Sync 1 DAGs
[2026-04-28T00:11:11.741+0000] {logging_mixin.py:188} INFO - [2026-04-28T00:11:11.741+0000] {dag.py:3954} INFO - Setting next_dagrun for latest_only to 2026-04-27 20:00:00+00:00, run_after=2026-04-28 00:00:00+00:00
[2026-04-28T00:11:11.772+0000] {processor.py:183} INFO - Processing /home/airflow/.local/lib/python3.12/site-packages/airflow/example_dags/example_latest_only.py took 0.098 seconds
[2026-04-28T00:11:44.162+0000] {processor.py:161} INFO - Started process (PID=963) to work on /home/airflow/.local/lib/python3.12/site-packages/airflow/example_dags/example_latest_only.py
[2026-04-28T00:11:44.163+0000] {processor.py:830} INFO - Processing file /home/airflow/.local/lib/python3.12/site-packages/airflow/example_dags/example_latest_only.py for tasks to queue
[2026-04-28T00:11:44.164+0000] {logging_mixin.py:188} INFO - [2026-04-28T00:11:44.164+0000] {dagbag.py:540} INFO - Filling up the DagBag from /home/airflow/.local/lib/python3.12/site-packages/airflow/example_dags/example_latest_only.py
[2026-04-28T00:11:44.171+0000] {processor.py:840} INFO - DAG(s) 'latest_only' retrieved from /home/airflow/.local/lib/python3.12/site-packages/airflow/example_dags/example_latest_only.py
[2026-04-28T00:11:44.193+0000] {logging_mixin.py:188} INFO - [2026-04-28T00:11:44.192+0000] {dag.py:3096} INFO - Sync 1 DAGs
[2026-04-28T00:11:44.214+0000] {logging_mixin.py:188} INFO - [2026-04-28T00:11:44.214+0000] {dag.py:3954} INFO - Setting next_dagrun for latest_only to 2026-04-27 20:00:00+00:00, run_after=2026-04-28 00:00:00+00:00
[2026-04-28T00:11:44.235+0000] {processor.py:183} INFO - Processing /home/airflow/.local/lib/python3.12/site-packages/airflow/example_dags/example_latest_only.py took 0.080 seconds
[2026-04-28T00:12:14.309+0000] {processor.py:161} INFO - Started process (PID=1022) to work on /home/airflow/.local/lib/python3.12/site-packages/airflow/example_dags/example_latest_only.py
[2026-04-28T00:12:14.310+0000] {processor.py:830} INFO - Processing file /home/airflow/.local/lib/python3.12/site-packages/airflow/example_dags/example_latest_only.py for tasks to queue
[2026-04-28T00:12:14.312+0000] {logging_mixin.py:188} INFO - [2026-04-28T00:12:14.311+0000] {dagbag.py:540} INFO - Filling up the DagBag from /home/airflow/.local/lib/python3.12/site-packages/airflow/example_dags/example_latest_only.py
[2026-04-28T00:12:14.318+0000] {processor.py:840} INFO - DAG(s) 'latest_only' retrieved from /home/airflow/.local/lib/python3.12/site-packages/airflow/example_dags/example_latest_only.py
[2026-04-28T00:12:14.340+0000] {logging_mixin.py:188} INFO - [2026-04-28T00:12:14.340+0000] {dag.py:3096} INFO - Sync 1 DAGs
[2026-04-28T00:12:14.362+0000] {logging_mixin.py:188} INFO - [2026-04-28T00:12:14.362+0000] {dag.py:3954} INFO - Setting next_dagrun for latest_only to 2026-04-27 20:00:00+00:00, run_after=2026-04-28 00:00:00+00:00
[2026-04-28T00:12:14.384+0000] {processor.py:183} INFO - Processing /home/airflow/.local/lib/python3.12/site-packages/airflow/example_dags/example_latest_only.py took 0.081 seconds
[2026-04-28T00:12:44.707+0000] {processor.py:161} INFO - Started process (PID=1081) to work on /home/airflow/.local/lib/python3.12/site-packages/airflow/example_dags/example_latest_only.py
[2026-04-28T00:12:44.708+0000] {processor.py:830} INFO - Processing file /home/airflow/.local/lib/python3.12/site-packages/airflow/example_dags/example_latest_only.py for tasks to queue
[2026-04-28T00:12:44.709+0000] {logging_mixin.py:188} INFO - [2026-04-28T00:12:44.709+0000] {dagbag.py:540} INFO - Filling up the DagBag from /home/airflow/.local/lib/python3.12/site-packages/airflow/example_dags/example_latest_only.py
[2026-04-28T00:12:44.715+0000] {processor.py:840} INFO - DAG(s) 'latest_only' retrieved from /home/airflow/.local/lib/python3.12/site-packages/airflow/example_dags/example_latest_only.py
[2026-04-28T00:12:44.738+0000] {logging_mixin.py:188} INFO - [2026-04-28T00:12:44.738+0000] {dag.py:3096} INFO - Sync 1 DAGs
[2026-04-28T00:12:44.761+0000] {logging_mixin.py:188} INFO - [2026-04-28T00:12:44.761+0000] {dag.py:3954} INFO - Setting next_dagrun for latest_only to 2026-04-27 20:00:00+00:00, run_after=2026-04-28 00:00:00+00:00
[2026-04-28T00:12:44.782+0000] {processor.py:183} INFO - Processing /home/airflow/.local/lib/python3.12/site-packages/airflow/example_dags/example_latest_only.py took 0.082 seconds
