[2026-04-28T00:00:21.581+0000] {processor.py:161} INFO - Started process (PID=150) to work on /home/airflow/.local/lib/python3.12/site-packages/airflow/example_dags/example_skip_dag.py
[2026-04-28T00:00:21.584+0000] {processor.py:830} INFO - Processing file /home/airflow/.local/lib/python3.12/site-packages/airflow/example_dags/example_skip_dag.py for tasks to queue
[2026-04-28T00:00:21.589+0000] {logging_mixin.py:188} INFO - [2026-04-28T00:00:21.588+0000] {dagbag.py:540} INFO - Filling up the DagBag from /home/airflow/.local/lib/python3.12/site-packages/airflow/example_dags/example_skip_dag.py
[2026-04-28T00:00:21.782+0000] {processor.py:840} INFO - DAG(s) 'example_skip_dag' retrieved from /home/airflow/.local/lib/python3.12/site-packages/airflow/example_dags/example_skip_dag.py
[2026-04-28T00:00:21.807+0000] {logging_mixin.py:188} INFO - [2026-04-28T00:00:21.807+0000] {dag.py:3096} INFO - Sync 1 DAGs
[2026-04-28T00:00:21.835+0000] {logging_mixin.py:188} INFO - [2026-04-28T00:00:21.835+0000] {dag.py:3954} INFO - Setting next_dagrun for example_skip_dag to 2026-04-27 00:00:00+00:00, run_after=2026-04-28 00:00:00+00:00
[2026-04-28T00:00:21.858+0000] {processor.py:183} INFO - Processing /home/airflow/.local/lib/python3.12/site-packages/airflow/example_dags/example_skip_dag.py took 0.285 seconds
[2026-04-28T00:04:05.155+0000] {processor.py:161} INFO - Started process (PID=238) to work on /home/airflow/.local/lib/python3.12/site-packages/airflow/example_dags/example_skip_dag.py
[2026-04-28T00:04:05.163+0000] {processor.py:830} INFO - Processing file /home/airflow/.local/lib/python3.12/site-packages/airflow/example_dags/example_skip_dag.py for tasks to queue
[2026-04-28T00:04:05.164+0000] {logging_mixin.py:188} INFO - [2026-04-28T00:04:05.164+0000] {dagbag.py:540} INFO - Filling up the DagBag from /home/airflow/.local/lib/python3.12/site-packages/airflow/example_dags/example_skip_dag.py
[2026-04-28T00:04:05.172+0000] {processor.py:840} INFO - DAG(s) 'example_skip_dag' retrieved from /home/airflow/.local/lib/python3.12/site-packages/airflow/example_dags/example_skip_dag.py
[2026-04-28T00:04:05.209+0000] {logging_mixin.py:188} INFO - [2026-04-28T00:04:05.208+0000] {dag.py:3096} INFO - Sync 1 DAGs
[2026-04-28T00:04:05.234+0000] {logging_mixin.py:188} INFO - [2026-04-28T00:04:05.234+0000] {dag.py:3954} INFO - Setting next_dagrun for example_skip_dag to 2026-04-27 00:00:00+00:00, run_after=2026-04-28 00:00:00+00:00
[2026-04-28T00:04:07.130+0000] {processor.py:183} INFO - Processing /home/airflow/.local/lib/python3.12/site-packages/airflow/example_dags/example_skip_dag.py took 1.982 seconds
[2026-04-28T00:05:04.716+0000] {processor.py:161} INFO - Started process (PID=300) to work on /home/airflow/.local/lib/python3.12/site-packages/airflow/example_dags/example_skip_dag.py
[2026-04-28T00:05:04.717+0000] {processor.py:830} INFO - Processing file /home/airflow/.local/lib/python3.12/site-packages/airflow/example_dags/example_skip_dag.py for tasks to queue
[2026-04-28T00:05:04.719+0000] {logging_mixin.py:188} INFO - [2026-04-28T00:05:04.718+0000] {dagbag.py:540} INFO - Filling up the DagBag from /home/airflow/.local/lib/python3.12/site-packages/airflow/example_dags/example_skip_dag.py
[2026-04-28T00:05:04.730+0000] {processor.py:840} INFO - DAG(s) 'example_skip_dag' retrieved from /home/airflow/.local/lib/python3.12/site-packages/airflow/example_dags/example_skip_dag.py
[2026-04-28T00:05:04.811+0000] {logging_mixin.py:188} INFO - [2026-04-28T00:05:04.811+0000] {dag.py:3096} INFO - Sync 1 DAGs
[2026-04-28T00:05:04.867+0000] {logging_mixin.py:188} INFO - [2026-04-28T00:05:04.867+0000] {dag.py:3954} INFO - Setting next_dagrun for example_skip_dag to 2026-04-27 00:00:00+00:00, run_after=2026-04-28 00:00:00+00:00
[2026-04-28T00:05:05.416+0000] {processor.py:183} INFO - Processing /home/airflow/.local/lib/python3.12/site-packages/airflow/example_dags/example_skip_dag.py took 0.707 seconds
[2026-04-28T00:06:14.225+0000] {processor.py:161} INFO - Started process (PID=359) to work on /home/airflow/.local/lib/python3.12/site-packages/airflow/example_dags/example_skip_dag.py
[2026-04-28T00:06:14.226+0000] {processor.py:830} INFO - Processing file /home/airflow/.local/lib/python3.12/site-packages/airflow/example_dags/example_skip_dag.py for tasks to queue
[2026-04-28T00:06:14.227+0000] {logging_mixin.py:188} INFO - [2026-04-28T00:06:14.227+0000] {dagbag.py:540} INFO - Filling up the DagBag from /home/airflow/.local/lib/python3.12/site-packages/airflow/example_dags/example_skip_dag.py
[2026-04-28T00:06:14.235+0000] {processor.py:840} INFO - DAG(s) 'example_skip_dag' retrieved from /home/airflow/.local/lib/python3.12/site-packages/airflow/example_dags/example_skip_dag.py
[2026-04-28T00:06:14.258+0000] {logging_mixin.py:188} INFO - [2026-04-28T00:06:14.258+0000] {dag.py:3096} INFO - Sync 1 DAGs
[2026-04-28T00:06:14.282+0000] {logging_mixin.py:188} INFO - [2026-04-28T00:06:14.281+0000] {dag.py:3954} INFO - Setting next_dagrun for example_skip_dag to 2026-04-27 00:00:00+00:00, run_after=2026-04-28 00:00:00+00:00
[2026-04-28T00:06:14.301+0000] {processor.py:183} INFO - Processing /home/airflow/.local/lib/python3.12/site-packages/airflow/example_dags/example_skip_dag.py took 0.083 seconds
[2026-04-28T00:06:44.787+0000] {processor.py:161} INFO - Started process (PID=418) to work on /home/airflow/.local/lib/python3.12/site-packages/airflow/example_dags/example_skip_dag.py
[2026-04-28T00:06:44.788+0000] {processor.py:830} INFO - Processing file /home/airflow/.local/lib/python3.12/site-packages/airflow/example_dags/example_skip_dag.py for tasks to queue
[2026-04-28T00:06:44.790+0000] {logging_mixin.py:188} INFO - [2026-04-28T00:06:44.789+0000] {dagbag.py:540} INFO - Filling up the DagBag from /home/airflow/.local/lib/python3.12/site-packages/airflow/example_dags/example_skip_dag.py
[2026-04-28T00:06:44.799+0000] {processor.py:840} INFO - DAG(s) 'example_skip_dag' retrieved from /home/airflow/.local/lib/python3.12/site-packages/airflow/example_dags/example_skip_dag.py
[2026-04-28T00:06:44.824+0000] {logging_mixin.py:188} INFO - [2026-04-28T00:06:44.824+0000] {dag.py:3096} INFO - Sync 1 DAGs
[2026-04-28T00:06:44.849+0000] {logging_mixin.py:188} INFO - [2026-04-28T00:06:44.849+0000] {dag.py:3954} INFO - Setting next_dagrun for example_skip_dag to 2026-04-27 00:00:00+00:00, run_after=2026-04-28 00:00:00+00:00
[2026-04-28T00:06:44.871+0000] {processor.py:183} INFO - Processing /home/airflow/.local/lib/python3.12/site-packages/airflow/example_dags/example_skip_dag.py took 0.092 seconds
[2026-04-28T00:07:15.040+0000] {processor.py:161} INFO - Started process (PID=477) to work on /home/airflow/.local/lib/python3.12/site-packages/airflow/example_dags/example_skip_dag.py
[2026-04-28T00:07:15.041+0000] {processor.py:830} INFO - Processing file /home/airflow/.local/lib/python3.12/site-packages/airflow/example_dags/example_skip_dag.py for tasks to queue
[2026-04-28T00:07:15.042+0000] {logging_mixin.py:188} INFO - [2026-04-28T00:07:15.042+0000] {dagbag.py:540} INFO - Filling up the DagBag from /home/airflow/.local/lib/python3.12/site-packages/airflow/example_dags/example_skip_dag.py
[2026-04-28T00:07:15.051+0000] {processor.py:840} INFO - DAG(s) 'example_skip_dag' retrieved from /home/airflow/.local/lib/python3.12/site-packages/airflow/example_dags/example_skip_dag.py
[2026-04-28T00:07:15.074+0000] {logging_mixin.py:188} INFO - [2026-04-28T00:07:15.074+0000] {dag.py:3096} INFO - Sync 1 DAGs
[2026-04-28T00:07:15.096+0000] {logging_mixin.py:188} INFO - [2026-04-28T00:07:15.096+0000] {dag.py:3954} INFO - Setting next_dagrun for example_skip_dag to 2026-04-27 00:00:00+00:00, run_after=2026-04-28 00:00:00+00:00
[2026-04-28T00:07:15.117+0000] {processor.py:183} INFO - Processing /home/airflow/.local/lib/python3.12/site-packages/airflow/example_dags/example_skip_dag.py took 0.084 seconds
[2026-04-28T00:07:46.696+0000] {processor.py:161} INFO - Started process (PID=536) to work on /home/airflow/.local/lib/python3.12/site-packages/airflow/example_dags/example_skip_dag.py
[2026-04-28T00:07:46.698+0000] {processor.py:830} INFO - Processing file /home/airflow/.local/lib/python3.12/site-packages/airflow/example_dags/example_skip_dag.py for tasks to queue
[2026-04-28T00:07:46.699+0000] {logging_mixin.py:188} INFO - [2026-04-28T00:07:46.699+0000] {dagbag.py:540} INFO - Filling up the DagBag from /home/airflow/.local/lib/python3.12/site-packages/airflow/example_dags/example_skip_dag.py
[2026-04-28T00:07:46.707+0000] {processor.py:840} INFO - DAG(s) 'example_skip_dag' retrieved from /home/airflow/.local/lib/python3.12/site-packages/airflow/example_dags/example_skip_dag.py
[2026-04-28T00:07:46.735+0000] {logging_mixin.py:188} INFO - [2026-04-28T00:07:46.735+0000] {dag.py:3096} INFO - Sync 1 DAGs
[2026-04-28T00:07:46.759+0000] {logging_mixin.py:188} INFO - [2026-04-28T00:07:46.759+0000] {dag.py:3954} INFO - Setting next_dagrun for example_skip_dag to 2026-04-27 00:00:00+00:00, run_after=2026-04-28 00:00:00+00:00
[2026-04-28T00:07:46.784+0000] {processor.py:183} INFO - Processing /home/airflow/.local/lib/python3.12/site-packages/airflow/example_dags/example_skip_dag.py took 0.094 seconds
[2026-04-28T00:08:16.867+0000] {processor.py:161} INFO - Started process (PID=595) to work on /home/airflow/.local/lib/python3.12/site-packages/airflow/example_dags/example_skip_dag.py
[2026-04-28T00:08:16.868+0000] {processor.py:830} INFO - Processing file /home/airflow/.local/lib/python3.12/site-packages/airflow/example_dags/example_skip_dag.py for tasks to queue
[2026-04-28T00:08:16.869+0000] {logging_mixin.py:188} INFO - [2026-04-28T00:08:16.868+0000] {dagbag.py:540} INFO - Filling up the DagBag from /home/airflow/.local/lib/python3.12/site-packages/airflow/example_dags/example_skip_dag.py
[2026-04-28T00:08:16.877+0000] {processor.py:840} INFO - DAG(s) 'example_skip_dag' retrieved from /home/airflow/.local/lib/python3.12/site-packages/airflow/example_dags/example_skip_dag.py
[2026-04-28T00:08:16.903+0000] {logging_mixin.py:188} INFO - [2026-04-28T00:08:16.903+0000] {dag.py:3096} INFO - Sync 1 DAGs
[2026-04-28T00:08:16.930+0000] {logging_mixin.py:188} INFO - [2026-04-28T00:08:16.930+0000] {dag.py:3954} INFO - Setting next_dagrun for example_skip_dag to 2026-04-27 00:00:00+00:00, run_after=2026-04-28 00:00:00+00:00
[2026-04-28T00:08:16.952+0000] {processor.py:183} INFO - Processing /home/airflow/.local/lib/python3.12/site-packages/airflow/example_dags/example_skip_dag.py took 0.095 seconds
[2026-04-28T00:08:47.134+0000] {processor.py:161} INFO - Started process (PID=652) to work on /home/airflow/.local/lib/python3.12/site-packages/airflow/example_dags/example_skip_dag.py
[2026-04-28T00:08:47.135+0000] {processor.py:830} INFO - Processing file /home/airflow/.local/lib/python3.12/site-packages/airflow/example_dags/example_skip_dag.py for tasks to queue
[2026-04-28T00:08:47.137+0000] {logging_mixin.py:188} INFO - [2026-04-28T00:08:47.136+0000] {dagbag.py:540} INFO - Filling up the DagBag from /home/airflow/.local/lib/python3.12/site-packages/airflow/example_dags/example_skip_dag.py
[2026-04-28T00:08:47.144+0000] {processor.py:840} INFO - DAG(s) 'example_skip_dag' retrieved from /home/airflow/.local/lib/python3.12/site-packages/airflow/example_dags/example_skip_dag.py
[2026-04-28T00:08:47.170+0000] {logging_mixin.py:188} INFO - [2026-04-28T00:08:47.169+0000] {dag.py:3096} INFO - Sync 1 DAGs
[2026-04-28T00:08:47.195+0000] {logging_mixin.py:188} INFO - [2026-04-28T00:08:47.195+0000] {dag.py:3954} INFO - Setting next_dagrun for example_skip_dag to 2026-04-27 00:00:00+00:00, run_after=2026-04-28 00:00:00+00:00
[2026-04-28T00:08:47.218+0000] {processor.py:183} INFO - Processing /home/airflow/.local/lib/python3.12/site-packages/airflow/example_dags/example_skip_dag.py took 0.091 seconds
[2026-04-28T00:09:17.727+0000] {processor.py:161} INFO - Started process (PID=711) to work on /home/airflow/.local/lib/python3.12/site-packages/airflow/example_dags/example_skip_dag.py
[2026-04-28T00:09:17.728+0000] {processor.py:830} INFO - Processing file /home/airflow/.local/lib/python3.12/site-packages/airflow/example_dags/example_skip_dag.py for tasks to queue
[2026-04-28T00:09:17.730+0000] {logging_mixin.py:188} INFO - [2026-04-28T00:09:17.729+0000] {dagbag.py:540} INFO - Filling up the DagBag from /home/airflow/.local/lib/python3.12/site-packages/airflow/example_dags/example_skip_dag.py
[2026-04-28T00:09:17.738+0000] {processor.py:840} INFO - DAG(s) 'example_skip_dag' retrieved from /home/airflow/.local/lib/python3.12/site-packages/airflow/example_dags/example_skip_dag.py
[2026-04-28T00:09:17.763+0000] {logging_mixin.py:188} INFO - [2026-04-28T00:09:17.763+0000] {dag.py:3096} INFO - Sync 1 DAGs
[2026-04-28T00:09:17.790+0000] {logging_mixin.py:188} INFO - [2026-04-28T00:09:17.790+0000] {dag.py:3954} INFO - Setting next_dagrun for example_skip_dag to 2026-04-27 00:00:00+00:00, run_after=2026-04-28 00:00:00+00:00
[2026-04-28T00:09:17.813+0000] {processor.py:183} INFO - Processing /home/airflow/.local/lib/python3.12/site-packages/airflow/example_dags/example_skip_dag.py took 0.094 seconds
[2026-04-28T00:09:48.726+0000] {processor.py:161} INFO - Started process (PID=770) to work on /home/airflow/.local/lib/python3.12/site-packages/airflow/example_dags/example_skip_dag.py
[2026-04-28T00:09:48.728+0000] {processor.py:830} INFO - Processing file /home/airflow/.local/lib/python3.12/site-packages/airflow/example_dags/example_skip_dag.py for tasks to queue
[2026-04-28T00:09:48.729+0000] {logging_mixin.py:188} INFO - [2026-04-28T00:09:48.728+0000] {dagbag.py:540} INFO - Filling up the DagBag from /home/airflow/.local/lib/python3.12/site-packages/airflow/example_dags/example_skip_dag.py
[2026-04-28T00:09:48.737+0000] {processor.py:840} INFO - DAG(s) 'example_skip_dag' retrieved from /home/airflow/.local/lib/python3.12/site-packages/airflow/example_dags/example_skip_dag.py
[2026-04-28T00:09:48.765+0000] {logging_mixin.py:188} INFO - [2026-04-28T00:09:48.765+0000] {dag.py:3096} INFO - Sync 1 DAGs
[2026-04-28T00:09:48.790+0000] {logging_mixin.py:188} INFO - [2026-04-28T00:09:48.789+0000] {dag.py:3954} INFO - Setting next_dagrun for example_skip_dag to 2026-04-27 00:00:00+00:00, run_after=2026-04-28 00:00:00+00:00
[2026-04-28T00:09:48.811+0000] {processor.py:183} INFO - Processing /home/airflow/.local/lib/python3.12/site-packages/airflow/example_dags/example_skip_dag.py took 0.091 seconds
[2026-04-28T00:10:21.811+0000] {processor.py:161} INFO - Started process (PID=829) to work on /home/airflow/.local/lib/python3.12/site-packages/airflow/example_dags/example_skip_dag.py
[2026-04-28T00:10:21.812+0000] {processor.py:830} INFO - Processing file /home/airflow/.local/lib/python3.12/site-packages/airflow/example_dags/example_skip_dag.py for tasks to queue
[2026-04-28T00:10:21.814+0000] {logging_mixin.py:188} INFO - [2026-04-28T00:10:21.813+0000] {dagbag.py:540} INFO - Filling up the DagBag from /home/airflow/.local/lib/python3.12/site-packages/airflow/example_dags/example_skip_dag.py
[2026-04-28T00:10:21.822+0000] {processor.py:840} INFO - DAG(s) 'example_skip_dag' retrieved from /home/airflow/.local/lib/python3.12/site-packages/airflow/example_dags/example_skip_dag.py
[2026-04-28T00:10:21.862+0000] {logging_mixin.py:188} INFO - [2026-04-28T00:10:21.862+0000] {dag.py:3096} INFO - Sync 1 DAGs
[2026-04-28T00:10:21.907+0000] {logging_mixin.py:188} INFO - [2026-04-28T00:10:21.907+0000] {dag.py:3954} INFO - Setting next_dagrun for example_skip_dag to 2026-04-27 00:00:00+00:00, run_after=2026-04-28 00:00:00+00:00
[2026-04-28T00:10:21.942+0000] {processor.py:183} INFO - Processing /home/airflow/.local/lib/python3.12/site-packages/airflow/example_dags/example_skip_dag.py took 0.141 seconds
[2026-04-28T00:10:52.700+0000] {processor.py:161} INFO - Started process (PID=888) to work on /home/airflow/.local/lib/python3.12/site-packages/airflow/example_dags/example_skip_dag.py
[2026-04-28T00:10:52.702+0000] {processor.py:830} INFO - Processing file /home/airflow/.local/lib/python3.12/site-packages/airflow/example_dags/example_skip_dag.py for tasks to queue
[2026-04-28T00:10:52.703+0000] {logging_mixin.py:188} INFO - [2026-04-28T00:10:52.703+0000] {dagbag.py:540} INFO - Filling up the DagBag from /home/airflow/.local/lib/python3.12/site-packages/airflow/example_dags/example_skip_dag.py
[2026-04-28T00:10:52.711+0000] {processor.py:840} INFO - DAG(s) 'example_skip_dag' retrieved from /home/airflow/.local/lib/python3.12/site-packages/airflow/example_dags/example_skip_dag.py
[2026-04-28T00:10:52.735+0000] {logging_mixin.py:188} INFO - [2026-04-28T00:10:52.735+0000] {dag.py:3096} INFO - Sync 1 DAGs
[2026-04-28T00:10:52.758+0000] {logging_mixin.py:188} INFO - [2026-04-28T00:10:52.758+0000] {dag.py:3954} INFO - Setting next_dagrun for example_skip_dag to 2026-04-27 00:00:00+00:00, run_after=2026-04-28 00:00:00+00:00
[2026-04-28T00:10:52.779+0000] {processor.py:183} INFO - Processing /home/airflow/.local/lib/python3.12/site-packages/airflow/example_dags/example_skip_dag.py took 0.085 seconds
[2026-04-28T00:11:23.932+0000] {processor.py:161} INFO - Started process (PID=947) to work on /home/airflow/.local/lib/python3.12/site-packages/airflow/example_dags/example_skip_dag.py
[2026-04-28T00:11:23.933+0000] {processor.py:830} INFO - Processing file /home/airflow/.local/lib/python3.12/site-packages/airflow/example_dags/example_skip_dag.py for tasks to queue
[2026-04-28T00:11:23.934+0000] {logging_mixin.py:188} INFO - [2026-04-28T00:11:23.934+0000] {dagbag.py:540} INFO - Filling up the DagBag from /home/airflow/.local/lib/python3.12/site-packages/airflow/example_dags/example_skip_dag.py
[2026-04-28T00:11:23.941+0000] {processor.py:840} INFO - DAG(s) 'example_skip_dag' retrieved from /home/airflow/.local/lib/python3.12/site-packages/airflow/example_dags/example_skip_dag.py
[2026-04-28T00:11:23.967+0000] {logging_mixin.py:188} INFO - [2026-04-28T00:11:23.967+0000] {dag.py:3096} INFO - Sync 1 DAGs
[2026-04-28T00:11:24.005+0000] {logging_mixin.py:188} INFO - [2026-04-28T00:11:24.005+0000] {dag.py:3954} INFO - Setting next_dagrun for example_skip_dag to 2026-04-27 00:00:00+00:00, run_after=2026-04-28 00:00:00+00:00
[2026-04-28T00:11:24.030+0000] {processor.py:183} INFO - Processing /home/airflow/.local/lib/python3.12/site-packages/airflow/example_dags/example_skip_dag.py took 0.104 seconds
[2026-04-28T00:11:58.012+0000] {processor.py:161} INFO - Started process (PID=1006) to work on /home/airflow/.local/lib/python3.12/site-packages/airflow/example_dags/example_skip_dag.py
[2026-04-28T00:11:58.014+0000] {processor.py:830} INFO - Processing file /home/airflow/.local/lib/python3.12/site-packages/airflow/example_dags/example_skip_dag.py for tasks to queue
[2026-04-28T00:11:58.015+0000] {logging_mixin.py:188} INFO - [2026-04-28T00:11:58.015+0000] {dagbag.py:540} INFO - Filling up the DagBag from /home/airflow/.local/lib/python3.12/site-packages/airflow/example_dags/example_skip_dag.py
[2026-04-28T00:11:58.024+0000] {processor.py:840} INFO - DAG(s) 'example_skip_dag' retrieved from /home/airflow/.local/lib/python3.12/site-packages/airflow/example_dags/example_skip_dag.py
[2026-04-28T00:11:58.051+0000] {logging_mixin.py:188} INFO - [2026-04-28T00:11:58.050+0000] {dag.py:3096} INFO - Sync 1 DAGs
[2026-04-28T00:11:58.087+0000] {logging_mixin.py:188} INFO - [2026-04-28T00:11:58.087+0000] {dag.py:3954} INFO - Setting next_dagrun for example_skip_dag to 2026-04-27 00:00:00+00:00, run_after=2026-04-28 00:00:00+00:00
[2026-04-28T00:11:58.121+0000] {processor.py:183} INFO - Processing /home/airflow/.local/lib/python3.12/site-packages/airflow/example_dags/example_skip_dag.py took 0.120 seconds
[2026-04-28T00:12:28.952+0000] {processor.py:161} INFO - Started process (PID=1065) to work on /home/airflow/.local/lib/python3.12/site-packages/airflow/example_dags/example_skip_dag.py
[2026-04-28T00:12:28.954+0000] {processor.py:830} INFO - Processing file /home/airflow/.local/lib/python3.12/site-packages/airflow/example_dags/example_skip_dag.py for tasks to queue
[2026-04-28T00:12:28.955+0000] {logging_mixin.py:188} INFO - [2026-04-28T00:12:28.954+0000] {dagbag.py:540} INFO - Filling up the DagBag from /home/airflow/.local/lib/python3.12/site-packages/airflow/example_dags/example_skip_dag.py
[2026-04-28T00:12:28.962+0000] {processor.py:840} INFO - DAG(s) 'example_skip_dag' retrieved from /home/airflow/.local/lib/python3.12/site-packages/airflow/example_dags/example_skip_dag.py
[2026-04-28T00:12:28.985+0000] {logging_mixin.py:188} INFO - [2026-04-28T00:12:28.985+0000] {dag.py:3096} INFO - Sync 1 DAGs
[2026-04-28T00:12:29.009+0000] {logging_mixin.py:188} INFO - [2026-04-28T00:12:29.008+0000] {dag.py:3954} INFO - Setting next_dagrun for example_skip_dag to 2026-04-27 00:00:00+00:00, run_after=2026-04-28 00:00:00+00:00
[2026-04-28T00:12:29.029+0000] {processor.py:183} INFO - Processing /home/airflow/.local/lib/python3.12/site-packages/airflow/example_dags/example_skip_dag.py took 0.083 seconds
[2026-04-28T00:13:00.159+0000] {processor.py:161} INFO - Started process (PID=1124) to work on /home/airflow/.local/lib/python3.12/site-packages/airflow/example_dags/example_skip_dag.py
[2026-04-28T00:13:00.161+0000] {processor.py:830} INFO - Processing file /home/airflow/.local/lib/python3.12/site-packages/airflow/example_dags/example_skip_dag.py for tasks to queue
[2026-04-28T00:13:00.162+0000] {logging_mixin.py:188} INFO - [2026-04-28T00:13:00.161+0000] {dagbag.py:540} INFO - Filling up the DagBag from /home/airflow/.local/lib/python3.12/site-packages/airflow/example_dags/example_skip_dag.py
[2026-04-28T00:13:00.170+0000] {processor.py:840} INFO - DAG(s) 'example_skip_dag' retrieved from /home/airflow/.local/lib/python3.12/site-packages/airflow/example_dags/example_skip_dag.py
[2026-04-28T00:13:00.192+0000] {logging_mixin.py:188} INFO - [2026-04-28T00:13:00.192+0000] {dag.py:3096} INFO - Sync 1 DAGs
[2026-04-28T00:13:00.214+0000] {logging_mixin.py:188} INFO - [2026-04-28T00:13:00.214+0000] {dag.py:3954} INFO - Setting next_dagrun for example_skip_dag to 2026-04-27 00:00:00+00:00, run_after=2026-04-28 00:00:00+00:00
[2026-04-28T00:13:00.235+0000] {processor.py:183} INFO - Processing /home/airflow/.local/lib/python3.12/site-packages/airflow/example_dags/example_skip_dag.py took 0.082 seconds
