[2026-04-28T00:00:12.911+0000] {processor.py:161} INFO - Started process (PID=134) to work on /home/airflow/.local/lib/python3.12/site-packages/airflow/example_dags/example_datasets.py
[2026-04-28T00:00:12.912+0000] {processor.py:830} INFO - Processing file /home/airflow/.local/lib/python3.12/site-packages/airflow/example_dags/example_datasets.py for tasks to queue
[2026-04-28T00:00:12.915+0000] {logging_mixin.py:188} INFO - [2026-04-28T00:00:12.915+0000] {dagbag.py:540} INFO - Filling up the DagBag from /home/airflow/.local/lib/python3.12/site-packages/airflow/example_dags/example_datasets.py
[2026-04-28T00:00:12.932+0000] {processor.py:840} INFO - DAG(s) 'dataset_consumes_unknown_never_scheduled', 'dataset_consumes_1_never_scheduled', 'consume_1_or_both_2_and_3_with_dataset_expressions', 'dataset_consumes_1_and_2', 'consume_1_and_2_with_dataset_expressions', 'dataset_produces_2', 'conditional_dataset_and_time_based_timetable', 'dataset_consumes_1', 'dataset_produces_1', 'consume_1_or_2_with_dataset_expressions' retrieved from /home/airflow/.local/lib/python3.12/site-packages/airflow/example_dags/example_datasets.py
[2026-04-28T00:00:12.984+0000] {logging_mixin.py:188} INFO - [2026-04-28T00:00:12.984+0000] {dag.py:3096} INFO - Sync 10 DAGs
[2026-04-28T00:00:13.013+0000] {logging_mixin.py:188} INFO - [2026-04-28T00:00:13.012+0000] {dag.py:3954} INFO - Setting next_dagrun for conditional_dataset_and_time_based_timetable to 2026-04-22 01:00:00+00:00, run_after=2026-04-22 01:00:00+00:00
[2026-04-28T00:00:13.017+0000] {logging_mixin.py:188} INFO - [2026-04-28T00:00:13.017+0000] {dag.py:3954} INFO - Setting next_dagrun for consume_1_and_2_with_dataset_expressions to None, run_after=None
[2026-04-28T00:00:13.018+0000] {logging_mixin.py:188} INFO - [2026-04-28T00:00:13.018+0000] {dag.py:3954} INFO - Setting next_dagrun for consume_1_or_2_with_dataset_expressions to None, run_after=None
[2026-04-28T00:00:13.020+0000] {logging_mixin.py:188} INFO - [2026-04-28T00:00:13.020+0000] {dag.py:3954} INFO - Setting next_dagrun for consume_1_or_both_2_and_3_with_dataset_expressions to None, run_after=None
[2026-04-28T00:00:13.022+0000] {logging_mixin.py:188} INFO - [2026-04-28T00:00:13.021+0000] {dag.py:3954} INFO - Setting next_dagrun for dataset_consumes_1 to None, run_after=None
[2026-04-28T00:00:13.024+0000] {logging_mixin.py:188} INFO - [2026-04-28T00:00:13.023+0000] {dag.py:3954} INFO - Setting next_dagrun for dataset_consumes_1_and_2 to None, run_after=None
[2026-04-28T00:00:13.025+0000] {logging_mixin.py:188} INFO - [2026-04-28T00:00:13.025+0000] {dag.py:3954} INFO - Setting next_dagrun for dataset_consumes_1_never_scheduled to None, run_after=None
[2026-04-28T00:00:13.027+0000] {logging_mixin.py:188} INFO - [2026-04-28T00:00:13.027+0000] {dag.py:3954} INFO - Setting next_dagrun for dataset_consumes_unknown_never_scheduled to None, run_after=None
[2026-04-28T00:00:13.030+0000] {logging_mixin.py:188} INFO - [2026-04-28T00:00:13.030+0000] {dag.py:3954} INFO - Setting next_dagrun for dataset_produces_1 to 2026-04-27 00:00:00+00:00, run_after=2026-04-28 00:00:00+00:00
[2026-04-28T00:00:13.032+0000] {logging_mixin.py:188} INFO - [2026-04-28T00:00:13.031+0000] {dag.py:3954} INFO - Setting next_dagrun for dataset_produces_2 to None, run_after=None
[2026-04-28T00:00:13.071+0000] {processor.py:183} INFO - Processing /home/airflow/.local/lib/python3.12/site-packages/airflow/example_dags/example_datasets.py took 0.169 seconds
[2026-04-28T00:03:04.101+0000] {processor.py:161} INFO - Started process (PID=200) to work on /home/airflow/.local/lib/python3.12/site-packages/airflow/example_dags/example_datasets.py
[2026-04-28T00:03:04.102+0000] {processor.py:830} INFO - Processing file /home/airflow/.local/lib/python3.12/site-packages/airflow/example_dags/example_datasets.py for tasks to queue
[2026-04-28T00:03:04.105+0000] {logging_mixin.py:188} INFO - [2026-04-28T00:03:04.104+0000] {dagbag.py:540} INFO - Filling up the DagBag from /home/airflow/.local/lib/python3.12/site-packages/airflow/example_dags/example_datasets.py
[2026-04-28T00:03:04.125+0000] {processor.py:840} INFO - DAG(s) 'consume_1_or_both_2_and_3_with_dataset_expressions', 'dataset_consumes_1_never_scheduled', 'dataset_consumes_1_and_2', 'conditional_dataset_and_time_based_timetable', 'dataset_produces_1', 'dataset_consumes_1', 'consume_1_or_2_with_dataset_expressions', 'consume_1_and_2_with_dataset_expressions', 'dataset_consumes_unknown_never_scheduled', 'dataset_produces_2' retrieved from /home/airflow/.local/lib/python3.12/site-packages/airflow/example_dags/example_datasets.py
[2026-04-28T00:03:04.181+0000] {logging_mixin.py:188} INFO - [2026-04-28T00:03:04.181+0000] {dag.py:3096} INFO - Sync 10 DAGs
[2026-04-28T00:03:04.209+0000] {logging_mixin.py:188} INFO - [2026-04-28T00:03:04.209+0000] {dag.py:3954} INFO - Setting next_dagrun for conditional_dataset_and_time_based_timetable to 2026-04-22 01:00:00+00:00, run_after=2026-04-22 01:00:00+00:00
[2026-04-28T00:03:04.214+0000] {logging_mixin.py:188} INFO - [2026-04-28T00:03:04.214+0000] {dag.py:3954} INFO - Setting next_dagrun for consume_1_and_2_with_dataset_expressions to None, run_after=None
[2026-04-28T00:03:04.215+0000] {logging_mixin.py:188} INFO - [2026-04-28T00:03:04.215+0000] {dag.py:3954} INFO - Setting next_dagrun for consume_1_or_2_with_dataset_expressions to None, run_after=None
[2026-04-28T00:03:04.217+0000] {logging_mixin.py:188} INFO - [2026-04-28T00:03:04.217+0000] {dag.py:3954} INFO - Setting next_dagrun for consume_1_or_both_2_and_3_with_dataset_expressions to None, run_after=None
[2026-04-28T00:03:04.219+0000] {logging_mixin.py:188} INFO - [2026-04-28T00:03:04.218+0000] {dag.py:3954} INFO - Setting next_dagrun for dataset_consumes_1 to None, run_after=None
[2026-04-28T00:03:04.220+0000] {logging_mixin.py:188} INFO - [2026-04-28T00:03:04.220+0000] {dag.py:3954} INFO - Setting next_dagrun for dataset_consumes_1_and_2 to None, run_after=None
[2026-04-28T00:03:04.222+0000] {logging_mixin.py:188} INFO - [2026-04-28T00:03:04.222+0000] {dag.py:3954} INFO - Setting next_dagrun for dataset_consumes_1_never_scheduled to None, run_after=None
[2026-04-28T00:03:04.224+0000] {logging_mixin.py:188} INFO - [2026-04-28T00:03:04.224+0000] {dag.py:3954} INFO - Setting next_dagrun for dataset_consumes_unknown_never_scheduled to None, run_after=None
[2026-04-28T00:03:04.228+0000] {logging_mixin.py:188} INFO - [2026-04-28T00:03:04.227+0000] {dag.py:3954} INFO - Setting next_dagrun for dataset_produces_1 to 2026-04-27 00:00:00+00:00, run_after=2026-04-28 00:00:00+00:00
[2026-04-28T00:03:04.230+0000] {logging_mixin.py:188} INFO - [2026-04-28T00:03:04.230+0000] {dag.py:3954} INFO - Setting next_dagrun for dataset_produces_2 to None, run_after=None
[2026-04-28T00:03:04.541+0000] {processor.py:183} INFO - Processing /home/airflow/.local/lib/python3.12/site-packages/airflow/example_dags/example_datasets.py took 0.446 seconds
[2026-04-28T00:04:31.173+0000] {processor.py:161} INFO - Started process (PID=275) to work on /home/airflow/.local/lib/python3.12/site-packages/airflow/example_dags/example_datasets.py
[2026-04-28T00:04:31.175+0000] {processor.py:830} INFO - Processing file /home/airflow/.local/lib/python3.12/site-packages/airflow/example_dags/example_datasets.py for tasks to queue
[2026-04-28T00:04:31.176+0000] {logging_mixin.py:188} INFO - [2026-04-28T00:04:31.176+0000] {dagbag.py:540} INFO - Filling up the DagBag from /home/airflow/.local/lib/python3.12/site-packages/airflow/example_dags/example_datasets.py
[2026-04-28T00:04:31.197+0000] {processor.py:840} INFO - DAG(s) 'consume_1_or_2_with_dataset_expressions', 'conditional_dataset_and_time_based_timetable', 'consume_1_or_both_2_and_3_with_dataset_expressions', 'dataset_produces_2', 'dataset_consumes_unknown_never_scheduled', 'dataset_consumes_1_never_scheduled', 'consume_1_and_2_with_dataset_expressions', 'dataset_consumes_1', 'dataset_consumes_1_and_2', 'dataset_produces_1' retrieved from /home/airflow/.local/lib/python3.12/site-packages/airflow/example_dags/example_datasets.py
[2026-04-28T00:04:31.255+0000] {logging_mixin.py:188} INFO - [2026-04-28T00:04:31.254+0000] {dag.py:3096} INFO - Sync 10 DAGs
[2026-04-28T00:04:31.284+0000] {logging_mixin.py:188} INFO - [2026-04-28T00:04:31.283+0000] {dag.py:3954} INFO - Setting next_dagrun for conditional_dataset_and_time_based_timetable to 2026-04-22 01:00:00+00:00, run_after=2026-04-22 01:00:00+00:00
[2026-04-28T00:04:31.288+0000] {logging_mixin.py:188} INFO - [2026-04-28T00:04:31.288+0000] {dag.py:3954} INFO - Setting next_dagrun for consume_1_and_2_with_dataset_expressions to None, run_after=None
[2026-04-28T00:04:31.291+0000] {logging_mixin.py:188} INFO - [2026-04-28T00:04:31.291+0000] {dag.py:3954} INFO - Setting next_dagrun for consume_1_or_2_with_dataset_expressions to None, run_after=None
[2026-04-28T00:04:31.293+0000] {logging_mixin.py:188} INFO - [2026-04-28T00:04:31.293+0000] {dag.py:3954} INFO - Setting next_dagrun for consume_1_or_both_2_and_3_with_dataset_expressions to None, run_after=None
[2026-04-28T00:04:31.295+0000] {logging_mixin.py:188} INFO - [2026-04-28T00:04:31.295+0000] {dag.py:3954} INFO - Setting next_dagrun for dataset_consumes_1 to None, run_after=None
[2026-04-28T00:04:31.297+0000] {logging_mixin.py:188} INFO - [2026-04-28T00:04:31.297+0000] {dag.py:3954} INFO - Setting next_dagrun for dataset_consumes_1_and_2 to None, run_after=None
[2026-04-28T00:04:31.298+0000] {logging_mixin.py:188} INFO - [2026-04-28T00:04:31.298+0000] {dag.py:3954} INFO - Setting next_dagrun for dataset_consumes_1_never_scheduled to None, run_after=None
[2026-04-28T00:04:31.300+0000] {logging_mixin.py:188} INFO - [2026-04-28T00:04:31.300+0000] {dag.py:3954} INFO - Setting next_dagrun for dataset_consumes_unknown_never_scheduled to None, run_after=None
[2026-04-28T00:04:31.303+0000] {logging_mixin.py:188} INFO - [2026-04-28T00:04:31.303+0000] {dag.py:3954} INFO - Setting next_dagrun for dataset_produces_1 to 2026-04-27 00:00:00+00:00, run_after=2026-04-28 00:00:00+00:00
[2026-04-28T00:04:31.305+0000] {logging_mixin.py:188} INFO - [2026-04-28T00:04:31.305+0000] {dag.py:3954} INFO - Setting next_dagrun for dataset_produces_2 to None, run_after=None
[2026-04-28T00:04:31.341+0000] {processor.py:183} INFO - Processing /home/airflow/.local/lib/python3.12/site-packages/airflow/example_dags/example_datasets.py took 0.177 seconds
[2026-04-28T00:06:11.953+0000] {processor.py:161} INFO - Started process (PID=343) to work on /home/airflow/.local/lib/python3.12/site-packages/airflow/example_dags/example_datasets.py
[2026-04-28T00:06:11.954+0000] {processor.py:830} INFO - Processing file /home/airflow/.local/lib/python3.12/site-packages/airflow/example_dags/example_datasets.py for tasks to queue
[2026-04-28T00:06:11.955+0000] {logging_mixin.py:188} INFO - [2026-04-28T00:06:11.955+0000] {dagbag.py:540} INFO - Filling up the DagBag from /home/airflow/.local/lib/python3.12/site-packages/airflow/example_dags/example_datasets.py
[2026-04-28T00:06:11.972+0000] {processor.py:840} INFO - DAG(s) 'dataset_consumes_unknown_never_scheduled', 'consume_1_and_2_with_dataset_expressions', 'consume_1_or_both_2_and_3_with_dataset_expressions', 'dataset_consumes_1', 'dataset_produces_1', 'consume_1_or_2_with_dataset_expressions', 'conditional_dataset_and_time_based_timetable', 'dataset_consumes_1_and_2', 'dataset_produces_2', 'dataset_consumes_1_never_scheduled' retrieved from /home/airflow/.local/lib/python3.12/site-packages/airflow/example_dags/example_datasets.py
[2026-04-28T00:06:12.022+0000] {logging_mixin.py:188} INFO - [2026-04-28T00:06:12.021+0000] {dag.py:3096} INFO - Sync 10 DAGs
[2026-04-28T00:06:12.047+0000] {logging_mixin.py:188} INFO - [2026-04-28T00:06:12.047+0000] {dag.py:3954} INFO - Setting next_dagrun for conditional_dataset_and_time_based_timetable to 2026-04-22 01:00:00+00:00, run_after=2026-04-22 01:00:00+00:00
[2026-04-28T00:06:12.051+0000] {logging_mixin.py:188} INFO - [2026-04-28T00:06:12.051+0000] {dag.py:3954} INFO - Setting next_dagrun for consume_1_and_2_with_dataset_expressions to None, run_after=None
[2026-04-28T00:06:12.052+0000] {logging_mixin.py:188} INFO - [2026-04-28T00:06:12.052+0000] {dag.py:3954} INFO - Setting next_dagrun for consume_1_or_2_with_dataset_expressions to None, run_after=None
[2026-04-28T00:06:12.054+0000] {logging_mixin.py:188} INFO - [2026-04-28T00:06:12.054+0000] {dag.py:3954} INFO - Setting next_dagrun for consume_1_or_both_2_and_3_with_dataset_expressions to None, run_after=None
[2026-04-28T00:06:12.056+0000] {logging_mixin.py:188} INFO - [2026-04-28T00:06:12.056+0000] {dag.py:3954} INFO - Setting next_dagrun for dataset_consumes_1 to None, run_after=None
[2026-04-28T00:06:12.057+0000] {logging_mixin.py:188} INFO - [2026-04-28T00:06:12.057+0000] {dag.py:3954} INFO - Setting next_dagrun for dataset_consumes_1_and_2 to None, run_after=None
[2026-04-28T00:06:12.059+0000] {logging_mixin.py:188} INFO - [2026-04-28T00:06:12.059+0000] {dag.py:3954} INFO - Setting next_dagrun for dataset_consumes_1_never_scheduled to None, run_after=None
[2026-04-28T00:06:12.061+0000] {logging_mixin.py:188} INFO - [2026-04-28T00:06:12.061+0000] {dag.py:3954} INFO - Setting next_dagrun for dataset_consumes_unknown_never_scheduled to None, run_after=None
[2026-04-28T00:06:12.063+0000] {logging_mixin.py:188} INFO - [2026-04-28T00:06:12.063+0000] {dag.py:3954} INFO - Setting next_dagrun for dataset_produces_1 to 2026-04-27 00:00:00+00:00, run_after=2026-04-28 00:00:00+00:00
[2026-04-28T00:06:12.065+0000] {logging_mixin.py:188} INFO - [2026-04-28T00:06:12.065+0000] {dag.py:3954} INFO - Setting next_dagrun for dataset_produces_2 to None, run_after=None
[2026-04-28T00:06:12.111+0000] {processor.py:183} INFO - Processing /home/airflow/.local/lib/python3.12/site-packages/airflow/example_dags/example_datasets.py took 0.165 seconds
[2026-04-28T00:06:43.016+0000] {processor.py:161} INFO - Started process (PID=402) to work on /home/airflow/.local/lib/python3.12/site-packages/airflow/example_dags/example_datasets.py
[2026-04-28T00:06:43.017+0000] {processor.py:830} INFO - Processing file /home/airflow/.local/lib/python3.12/site-packages/airflow/example_dags/example_datasets.py for tasks to queue
[2026-04-28T00:06:43.018+0000] {logging_mixin.py:188} INFO - [2026-04-28T00:06:43.018+0000] {dagbag.py:540} INFO - Filling up the DagBag from /home/airflow/.local/lib/python3.12/site-packages/airflow/example_dags/example_datasets.py
[2026-04-28T00:06:43.035+0000] {processor.py:840} INFO - DAG(s) 'dataset_consumes_1', 'dataset_produces_2', 'dataset_consumes_1_never_scheduled', 'consume_1_or_both_2_and_3_with_dataset_expressions', 'dataset_consumes_1_and_2', 'dataset_produces_1', 'consume_1_or_2_with_dataset_expressions', 'dataset_consumes_unknown_never_scheduled', 'conditional_dataset_and_time_based_timetable', 'consume_1_and_2_with_dataset_expressions' retrieved from /home/airflow/.local/lib/python3.12/site-packages/airflow/example_dags/example_datasets.py
[2026-04-28T00:06:43.097+0000] {logging_mixin.py:188} INFO - [2026-04-28T00:06:43.097+0000] {dag.py:3096} INFO - Sync 10 DAGs
[2026-04-28T00:06:43.123+0000] {logging_mixin.py:188} INFO - [2026-04-28T00:06:43.122+0000] {dag.py:3954} INFO - Setting next_dagrun for conditional_dataset_and_time_based_timetable to 2026-04-22 01:00:00+00:00, run_after=2026-04-22 01:00:00+00:00
[2026-04-28T00:06:43.127+0000] {logging_mixin.py:188} INFO - [2026-04-28T00:06:43.127+0000] {dag.py:3954} INFO - Setting next_dagrun for consume_1_and_2_with_dataset_expressions to None, run_after=None
[2026-04-28T00:06:43.129+0000] {logging_mixin.py:188} INFO - [2026-04-28T00:06:43.129+0000] {dag.py:3954} INFO - Setting next_dagrun for consume_1_or_2_with_dataset_expressions to None, run_after=None
[2026-04-28T00:06:43.132+0000] {logging_mixin.py:188} INFO - [2026-04-28T00:06:43.131+0000] {dag.py:3954} INFO - Setting next_dagrun for consume_1_or_both_2_and_3_with_dataset_expressions to None, run_after=None
[2026-04-28T00:06:43.133+0000] {logging_mixin.py:188} INFO - [2026-04-28T00:06:43.133+0000] {dag.py:3954} INFO - Setting next_dagrun for dataset_consumes_1 to None, run_after=None
[2026-04-28T00:06:43.135+0000] {logging_mixin.py:188} INFO - [2026-04-28T00:06:43.135+0000] {dag.py:3954} INFO - Setting next_dagrun for dataset_consumes_1_and_2 to None, run_after=None
[2026-04-28T00:06:43.137+0000] {logging_mixin.py:188} INFO - [2026-04-28T00:06:43.136+0000] {dag.py:3954} INFO - Setting next_dagrun for dataset_consumes_1_never_scheduled to None, run_after=None
[2026-04-28T00:06:43.138+0000] {logging_mixin.py:188} INFO - [2026-04-28T00:06:43.138+0000] {dag.py:3954} INFO - Setting next_dagrun for dataset_consumes_unknown_never_scheduled to None, run_after=None
[2026-04-28T00:06:43.141+0000] {logging_mixin.py:188} INFO - [2026-04-28T00:06:43.141+0000] {dag.py:3954} INFO - Setting next_dagrun for dataset_produces_1 to 2026-04-27 00:00:00+00:00, run_after=2026-04-28 00:00:00+00:00
[2026-04-28T00:06:43.143+0000] {logging_mixin.py:188} INFO - [2026-04-28T00:06:43.143+0000] {dag.py:3954} INFO - Setting next_dagrun for dataset_produces_2 to None, run_after=None
[2026-04-28T00:06:43.198+0000] {processor.py:183} INFO - Processing /home/airflow/.local/lib/python3.12/site-packages/airflow/example_dags/example_datasets.py took 0.189 seconds
[2026-04-28T00:07:13.641+0000] {processor.py:161} INFO - Started process (PID=459) to work on /home/airflow/.local/lib/python3.12/site-packages/airflow/example_dags/example_datasets.py
[2026-04-28T00:07:13.643+0000] {processor.py:830} INFO - Processing file /home/airflow/.local/lib/python3.12/site-packages/airflow/example_dags/example_datasets.py for tasks to queue
[2026-04-28T00:07:13.644+0000] {logging_mixin.py:188} INFO - [2026-04-28T00:07:13.643+0000] {dagbag.py:540} INFO - Filling up the DagBag from /home/airflow/.local/lib/python3.12/site-packages/airflow/example_dags/example_datasets.py
[2026-04-28T00:07:13.659+0000] {processor.py:840} INFO - DAG(s) 'consume_1_and_2_with_dataset_expressions', 'dataset_produces_1', 'dataset_consumes_1_and_2', 'conditional_dataset_and_time_based_timetable', 'consume_1_or_2_with_dataset_expressions', 'dataset_consumes_unknown_never_scheduled', 'dataset_produces_2', 'dataset_consumes_1_never_scheduled', 'consume_1_or_both_2_and_3_with_dataset_expressions', 'dataset_consumes_1' retrieved from /home/airflow/.local/lib/python3.12/site-packages/airflow/example_dags/example_datasets.py
[2026-04-28T00:07:13.709+0000] {logging_mixin.py:188} INFO - [2026-04-28T00:07:13.709+0000] {dag.py:3096} INFO - Sync 10 DAGs
[2026-04-28T00:07:13.734+0000] {logging_mixin.py:188} INFO - [2026-04-28T00:07:13.734+0000] {dag.py:3954} INFO - Setting next_dagrun for conditional_dataset_and_time_based_timetable to 2026-04-22 01:00:00+00:00, run_after=2026-04-22 01:00:00+00:00
[2026-04-28T00:07:13.739+0000] {logging_mixin.py:188} INFO - [2026-04-28T00:07:13.739+0000] {dag.py:3954} INFO - Setting next_dagrun for consume_1_and_2_with_dataset_expressions to None, run_after=None
[2026-04-28T00:07:13.742+0000] {logging_mixin.py:188} INFO - [2026-04-28T00:07:13.741+0000] {dag.py:3954} INFO - Setting next_dagrun for consume_1_or_2_with_dataset_expressions to None, run_after=None
[2026-04-28T00:07:13.744+0000] {logging_mixin.py:188} INFO - [2026-04-28T00:07:13.744+0000] {dag.py:3954} INFO - Setting next_dagrun for consume_1_or_both_2_and_3_with_dataset_expressions to None, run_after=None
[2026-04-28T00:07:13.746+0000] {logging_mixin.py:188} INFO - [2026-04-28T00:07:13.746+0000] {dag.py:3954} INFO - Setting next_dagrun for dataset_consumes_1 to None, run_after=None
[2026-04-28T00:07:13.748+0000] {logging_mixin.py:188} INFO - [2026-04-28T00:07:13.748+0000] {dag.py:3954} INFO - Setting next_dagrun for dataset_consumes_1_and_2 to None, run_after=None
[2026-04-28T00:07:13.750+0000] {logging_mixin.py:188} INFO - [2026-04-28T00:07:13.750+0000] {dag.py:3954} INFO - Setting next_dagrun for dataset_consumes_1_never_scheduled to None, run_after=None
[2026-04-28T00:07:13.752+0000] {logging_mixin.py:188} INFO - [2026-04-28T00:07:13.752+0000] {dag.py:3954} INFO - Setting next_dagrun for dataset_consumes_unknown_never_scheduled to None, run_after=None
[2026-04-28T00:07:13.756+0000] {logging_mixin.py:188} INFO - [2026-04-28T00:07:13.756+0000] {dag.py:3954} INFO - Setting next_dagrun for dataset_produces_1 to 2026-04-27 00:00:00+00:00, run_after=2026-04-28 00:00:00+00:00
[2026-04-28T00:07:13.758+0000] {logging_mixin.py:188} INFO - [2026-04-28T00:07:13.758+0000] {dag.py:3954} INFO - Setting next_dagrun for dataset_produces_2 to None, run_after=None
[2026-04-28T00:07:13.793+0000] {processor.py:183} INFO - Processing /home/airflow/.local/lib/python3.12/site-packages/airflow/example_dags/example_datasets.py took 0.158 seconds
[2026-04-28T00:07:44.727+0000] {processor.py:161} INFO - Started process (PID=518) to work on /home/airflow/.local/lib/python3.12/site-packages/airflow/example_dags/example_datasets.py
[2026-04-28T00:07:44.729+0000] {processor.py:830} INFO - Processing file /home/airflow/.local/lib/python3.12/site-packages/airflow/example_dags/example_datasets.py for tasks to queue
[2026-04-28T00:07:44.730+0000] {logging_mixin.py:188} INFO - [2026-04-28T00:07:44.729+0000] {dagbag.py:540} INFO - Filling up the DagBag from /home/airflow/.local/lib/python3.12/site-packages/airflow/example_dags/example_datasets.py
[2026-04-28T00:07:44.748+0000] {processor.py:840} INFO - DAG(s) 'dataset_consumes_1_never_scheduled', 'consume_1_and_2_with_dataset_expressions', 'dataset_produces_1', 'dataset_consumes_unknown_never_scheduled', 'conditional_dataset_and_time_based_timetable', 'dataset_consumes_1_and_2', 'dataset_consumes_1', 'consume_1_or_both_2_and_3_with_dataset_expressions', 'consume_1_or_2_with_dataset_expressions', 'dataset_produces_2' retrieved from /home/airflow/.local/lib/python3.12/site-packages/airflow/example_dags/example_datasets.py
[2026-04-28T00:07:44.804+0000] {logging_mixin.py:188} INFO - [2026-04-28T00:07:44.804+0000] {dag.py:3096} INFO - Sync 10 DAGs
[2026-04-28T00:07:44.836+0000] {logging_mixin.py:188} INFO - [2026-04-28T00:07:44.836+0000] {dag.py:3954} INFO - Setting next_dagrun for conditional_dataset_and_time_based_timetable to 2026-04-22 01:00:00+00:00, run_after=2026-04-22 01:00:00+00:00
[2026-04-28T00:07:44.840+0000] {logging_mixin.py:188} INFO - [2026-04-28T00:07:44.840+0000] {dag.py:3954} INFO - Setting next_dagrun for consume_1_and_2_with_dataset_expressions to None, run_after=None
[2026-04-28T00:07:44.842+0000] {logging_mixin.py:188} INFO - [2026-04-28T00:07:44.842+0000] {dag.py:3954} INFO - Setting next_dagrun for consume_1_or_2_with_dataset_expressions to None, run_after=None
[2026-04-28T00:07:44.844+0000] {logging_mixin.py:188} INFO - [2026-04-28T00:07:44.844+0000] {dag.py:3954} INFO - Setting next_dagrun for consume_1_or_both_2_and_3_with_dataset_expressions to None, run_after=None
[2026-04-28T00:07:44.845+0000] {logging_mixin.py:188} INFO - [2026-04-28T00:07:44.845+0000] {dag.py:3954} INFO - Setting next_dagrun for dataset_consumes_1 to None, run_after=None
[2026-04-28T00:07:44.847+0000] {logging_mixin.py:188} INFO - [2026-04-28T00:07:44.847+0000] {dag.py:3954} INFO - Setting next_dagrun for dataset_consumes_1_and_2 to None, run_after=None
[2026-04-28T00:07:44.849+0000] {logging_mixin.py:188} INFO - [2026-04-28T00:07:44.848+0000] {dag.py:3954} INFO - Setting next_dagrun for dataset_consumes_1_never_scheduled to None, run_after=None
[2026-04-28T00:07:44.850+0000] {logging_mixin.py:188} INFO - [2026-04-28T00:07:44.850+0000] {dag.py:3954} INFO - Setting next_dagrun for dataset_consumes_unknown_never_scheduled to None, run_after=None
[2026-04-28T00:07:44.856+0000] {logging_mixin.py:188} INFO - [2026-04-28T00:07:44.855+0000] {dag.py:3954} INFO - Setting next_dagrun for dataset_produces_1 to 2026-04-27 00:00:00+00:00, run_after=2026-04-28 00:00:00+00:00
[2026-04-28T00:07:44.860+0000] {logging_mixin.py:188} INFO - [2026-04-28T00:07:44.859+0000] {dag.py:3954} INFO - Setting next_dagrun for dataset_produces_2 to None, run_after=None
[2026-04-28T00:07:44.904+0000] {processor.py:183} INFO - Processing /home/airflow/.local/lib/python3.12/site-packages/airflow/example_dags/example_datasets.py took 0.184 seconds
[2026-04-28T00:08:15.100+0000] {processor.py:161} INFO - Started process (PID=577) to work on /home/airflow/.local/lib/python3.12/site-packages/airflow/example_dags/example_datasets.py
[2026-04-28T00:08:15.101+0000] {processor.py:830} INFO - Processing file /home/airflow/.local/lib/python3.12/site-packages/airflow/example_dags/example_datasets.py for tasks to queue
[2026-04-28T00:08:15.103+0000] {logging_mixin.py:188} INFO - [2026-04-28T00:08:15.102+0000] {dagbag.py:540} INFO - Filling up the DagBag from /home/airflow/.local/lib/python3.12/site-packages/airflow/example_dags/example_datasets.py
[2026-04-28T00:08:15.138+0000] {processor.py:840} INFO - DAG(s) 'dataset_consumes_1_and_2', 'dataset_produces_2', 'dataset_produces_1', 'dataset_consumes_1', 'dataset_consumes_1_never_scheduled', 'conditional_dataset_and_time_based_timetable', 'consume_1_or_2_with_dataset_expressions', 'dataset_consumes_unknown_never_scheduled', 'consume_1_and_2_with_dataset_expressions', 'consume_1_or_both_2_and_3_with_dataset_expressions' retrieved from /home/airflow/.local/lib/python3.12/site-packages/airflow/example_dags/example_datasets.py
[2026-04-28T00:08:15.222+0000] {logging_mixin.py:188} INFO - [2026-04-28T00:08:15.222+0000] {dag.py:3096} INFO - Sync 10 DAGs
[2026-04-28T00:08:15.249+0000] {logging_mixin.py:188} INFO - [2026-04-28T00:08:15.249+0000] {dag.py:3954} INFO - Setting next_dagrun for conditional_dataset_and_time_based_timetable to 2026-04-22 01:00:00+00:00, run_after=2026-04-22 01:00:00+00:00
[2026-04-28T00:08:15.253+0000] {logging_mixin.py:188} INFO - [2026-04-28T00:08:15.253+0000] {dag.py:3954} INFO - Setting next_dagrun for consume_1_and_2_with_dataset_expressions to None, run_after=None
[2026-04-28T00:08:15.255+0000] {logging_mixin.py:188} INFO - [2026-04-28T00:08:15.255+0000] {dag.py:3954} INFO - Setting next_dagrun for consume_1_or_2_with_dataset_expressions to None, run_after=None
[2026-04-28T00:08:15.256+0000] {logging_mixin.py:188} INFO - [2026-04-28T00:08:15.256+0000] {dag.py:3954} INFO - Setting next_dagrun for consume_1_or_both_2_and_3_with_dataset_expressions to None, run_after=None
[2026-04-28T00:08:15.258+0000] {logging_mixin.py:188} INFO - [2026-04-28T00:08:15.257+0000] {dag.py:3954} INFO - Setting next_dagrun for dataset_consumes_1 to None, run_after=None
[2026-04-28T00:08:15.259+0000] {logging_mixin.py:188} INFO - [2026-04-28T00:08:15.259+0000] {dag.py:3954} INFO - Setting next_dagrun for dataset_consumes_1_and_2 to None, run_after=None
[2026-04-28T00:08:15.260+0000] {logging_mixin.py:188} INFO - [2026-04-28T00:08:15.260+0000] {dag.py:3954} INFO - Setting next_dagrun for dataset_consumes_1_never_scheduled to None, run_after=None
[2026-04-28T00:08:15.262+0000] {logging_mixin.py:188} INFO - [2026-04-28T00:08:15.262+0000] {dag.py:3954} INFO - Setting next_dagrun for dataset_consumes_unknown_never_scheduled to None, run_after=None
[2026-04-28T00:08:15.265+0000] {logging_mixin.py:188} INFO - [2026-04-28T00:08:15.264+0000] {dag.py:3954} INFO - Setting next_dagrun for dataset_produces_1 to 2026-04-27 00:00:00+00:00, run_after=2026-04-28 00:00:00+00:00
[2026-04-28T00:08:15.266+0000] {logging_mixin.py:188} INFO - [2026-04-28T00:08:15.266+0000] {dag.py:3954} INFO - Setting next_dagrun for dataset_produces_2 to None, run_after=None
[2026-04-28T00:08:15.313+0000] {processor.py:183} INFO - Processing /home/airflow/.local/lib/python3.12/site-packages/airflow/example_dags/example_datasets.py took 0.220 seconds
[2026-04-28T00:08:45.916+0000] {processor.py:161} INFO - Started process (PID=635) to work on /home/airflow/.local/lib/python3.12/site-packages/airflow/example_dags/example_datasets.py
[2026-04-28T00:08:45.918+0000] {processor.py:830} INFO - Processing file /home/airflow/.local/lib/python3.12/site-packages/airflow/example_dags/example_datasets.py for tasks to queue
[2026-04-28T00:08:45.919+0000] {logging_mixin.py:188} INFO - [2026-04-28T00:08:45.918+0000] {dagbag.py:540} INFO - Filling up the DagBag from /home/airflow/.local/lib/python3.12/site-packages/airflow/example_dags/example_datasets.py
[2026-04-28T00:08:45.936+0000] {processor.py:840} INFO - DAG(s) 'dataset_consumes_1', 'dataset_produces_1', 'conditional_dataset_and_time_based_timetable', 'consume_1_or_both_2_and_3_with_dataset_expressions', 'dataset_consumes_1_never_scheduled', 'dataset_produces_2', 'dataset_consumes_1_and_2', 'consume_1_and_2_with_dataset_expressions', 'dataset_consumes_unknown_never_scheduled', 'consume_1_or_2_with_dataset_expressions' retrieved from /home/airflow/.local/lib/python3.12/site-packages/airflow/example_dags/example_datasets.py
[2026-04-28T00:08:45.989+0000] {logging_mixin.py:188} INFO - [2026-04-28T00:08:45.988+0000] {dag.py:3096} INFO - Sync 10 DAGs
[2026-04-28T00:08:46.014+0000] {logging_mixin.py:188} INFO - [2026-04-28T00:08:46.014+0000] {dag.py:3954} INFO - Setting next_dagrun for conditional_dataset_and_time_based_timetable to 2026-04-22 01:00:00+00:00, run_after=2026-04-22 01:00:00+00:00
[2026-04-28T00:08:46.019+0000] {logging_mixin.py:188} INFO - [2026-04-28T00:08:46.019+0000] {dag.py:3954} INFO - Setting next_dagrun for consume_1_and_2_with_dataset_expressions to None, run_after=None
[2026-04-28T00:08:46.021+0000] {logging_mixin.py:188} INFO - [2026-04-28T00:08:46.021+0000] {dag.py:3954} INFO - Setting next_dagrun for consume_1_or_2_with_dataset_expressions to None, run_after=None
[2026-04-28T00:08:46.022+0000] {logging_mixin.py:188} INFO - [2026-04-28T00:08:46.022+0000] {dag.py:3954} INFO - Setting next_dagrun for consume_1_or_both_2_and_3_with_dataset_expressions to None, run_after=None
[2026-04-28T00:08:46.024+0000] {logging_mixin.py:188} INFO - [2026-04-28T00:08:46.024+0000] {dag.py:3954} INFO - Setting next_dagrun for dataset_consumes_1 to None, run_after=None
[2026-04-28T00:08:46.026+0000] {logging_mixin.py:188} INFO - [2026-04-28T00:08:46.026+0000] {dag.py:3954} INFO - Setting next_dagrun for dataset_consumes_1_and_2 to None, run_after=None
[2026-04-28T00:08:46.027+0000] {logging_mixin.py:188} INFO - [2026-04-28T00:08:46.027+0000] {dag.py:3954} INFO - Setting next_dagrun for dataset_consumes_1_never_scheduled to None, run_after=None
[2026-04-28T00:08:46.029+0000] {logging_mixin.py:188} INFO - [2026-04-28T00:08:46.029+0000] {dag.py:3954} INFO - Setting next_dagrun for dataset_consumes_unknown_never_scheduled to None, run_after=None
[2026-04-28T00:08:46.032+0000] {logging_mixin.py:188} INFO - [2026-04-28T00:08:46.032+0000] {dag.py:3954} INFO - Setting next_dagrun for dataset_produces_1 to 2026-04-27 00:00:00+00:00, run_after=2026-04-28 00:00:00+00:00
[2026-04-28T00:08:46.034+0000] {logging_mixin.py:188} INFO - [2026-04-28T00:08:46.034+0000] {dag.py:3954} INFO - Setting next_dagrun for dataset_produces_2 to None, run_after=None
[2026-04-28T00:08:46.073+0000] {processor.py:183} INFO - Processing /home/airflow/.local/lib/python3.12/site-packages/airflow/example_dags/example_datasets.py took 0.163 seconds
[2026-04-28T00:09:16.233+0000] {processor.py:161} INFO - Started process (PID=694) to work on /home/airflow/.local/lib/python3.12/site-packages/airflow/example_dags/example_datasets.py
[2026-04-28T00:09:16.234+0000] {processor.py:830} INFO - Processing file /home/airflow/.local/lib/python3.12/site-packages/airflow/example_dags/example_datasets.py for tasks to queue
[2026-04-28T00:09:16.235+0000] {logging_mixin.py:188} INFO - [2026-04-28T00:09:16.235+0000] {dagbag.py:540} INFO - Filling up the DagBag from /home/airflow/.local/lib/python3.12/site-packages/airflow/example_dags/example_datasets.py
[2026-04-28T00:09:16.252+0000] {processor.py:840} INFO - DAG(s) 'dataset_produces_2', 'consume_1_or_both_2_and_3_with_dataset_expressions', 'consume_1_and_2_with_dataset_expressions', 'dataset_produces_1', 'conditional_dataset_and_time_based_timetable', 'dataset_consumes_1', 'dataset_consumes_1_never_scheduled', 'consume_1_or_2_with_dataset_expressions', 'dataset_consumes_unknown_never_scheduled', 'dataset_consumes_1_and_2' retrieved from /home/airflow/.local/lib/python3.12/site-packages/airflow/example_dags/example_datasets.py
[2026-04-28T00:09:16.304+0000] {logging_mixin.py:188} INFO - [2026-04-28T00:09:16.304+0000] {dag.py:3096} INFO - Sync 10 DAGs
[2026-04-28T00:09:16.331+0000] {logging_mixin.py:188} INFO - [2026-04-28T00:09:16.331+0000] {dag.py:3954} INFO - Setting next_dagrun for conditional_dataset_and_time_based_timetable to 2026-04-22 01:00:00+00:00, run_after=2026-04-22 01:00:00+00:00
[2026-04-28T00:09:16.335+0000] {logging_mixin.py:188} INFO - [2026-04-28T00:09:16.335+0000] {dag.py:3954} INFO - Setting next_dagrun for consume_1_and_2_with_dataset_expressions to None, run_after=None
[2026-04-28T00:09:16.336+0000] {logging_mixin.py:188} INFO - [2026-04-28T00:09:16.336+0000] {dag.py:3954} INFO - Setting next_dagrun for consume_1_or_2_with_dataset_expressions to None, run_after=None
[2026-04-28T00:09:16.338+0000] {logging_mixin.py:188} INFO - [2026-04-28T00:09:16.338+0000] {dag.py:3954} INFO - Setting next_dagrun for consume_1_or_both_2_and_3_with_dataset_expressions to None, run_after=None
[2026-04-28T00:09:16.340+0000] {logging_mixin.py:188} INFO - [2026-04-28T00:09:16.339+0000] {dag.py:3954} INFO - Setting next_dagrun for dataset_consumes_1 to None, run_after=None
[2026-04-28T00:09:16.342+0000] {logging_mixin.py:188} INFO - [2026-04-28T00:09:16.341+0000] {dag.py:3954} INFO - Setting next_dagrun for dataset_consumes_1_and_2 to None, run_after=None
[2026-04-28T00:09:16.343+0000] {logging_mixin.py:188} INFO - [2026-04-28T00:09:16.343+0000] {dag.py:3954} INFO - Setting next_dagrun for dataset_consumes_1_never_scheduled to None, run_after=None
[2026-04-28T00:09:16.345+0000] {logging_mixin.py:188} INFO - [2026-04-28T00:09:16.345+0000] {dag.py:3954} INFO - Setting next_dagrun for dataset_consumes_unknown_never_scheduled to None, run_after=None
[2026-04-28T00:09:16.348+0000] {logging_mixin.py:188} INFO - [2026-04-28T00:09:16.348+0000] {dag.py:3954} INFO - Setting next_dagrun for dataset_produces_1 to 2026-04-27 00:00:00+00:00, run_after=2026-04-28 00:00:00+00:00
[2026-04-28T00:09:16.350+0000] {logging_mixin.py:188} INFO - [2026-04-28T00:09:16.350+0000] {dag.py:3954} INFO - Setting next_dagrun for dataset_produces_2 to None, run_after=None
[2026-04-28T00:09:16.385+0000] {processor.py:183} INFO - Processing /home/airflow/.local/lib/python3.12/site-packages/airflow/example_dags/example_datasets.py took 0.160 seconds
[2026-04-28T00:09:47.417+0000] {processor.py:161} INFO - Started process (PID=754) to work on /home/airflow/.local/lib/python3.12/site-packages/airflow/example_dags/example_datasets.py
[2026-04-28T00:09:47.418+0000] {processor.py:830} INFO - Processing file /home/airflow/.local/lib/python3.12/site-packages/airflow/example_dags/example_datasets.py for tasks to queue
[2026-04-28T00:09:47.419+0000] {logging_mixin.py:188} INFO - [2026-04-28T00:09:47.419+0000] {dagbag.py:540} INFO - Filling up the DagBag from /home/airflow/.local/lib/python3.12/site-packages/airflow/example_dags/example_datasets.py
[2026-04-28T00:09:47.436+0000] {processor.py:840} INFO - DAG(s) 'dataset_consumes_1_never_scheduled', 'consume_1_and_2_with_dataset_expressions', 'consume_1_or_2_with_dataset_expressions', 'consume_1_or_both_2_and_3_with_dataset_expressions', 'conditional_dataset_and_time_based_timetable', 'dataset_consumes_unknown_never_scheduled', 'dataset_produces_1', 'dataset_consumes_1_and_2', 'dataset_consumes_1', 'dataset_produces_2' retrieved from /home/airflow/.local/lib/python3.12/site-packages/airflow/example_dags/example_datasets.py
[2026-04-28T00:09:47.485+0000] {logging_mixin.py:188} INFO - [2026-04-28T00:09:47.485+0000] {dag.py:3096} INFO - Sync 10 DAGs
[2026-04-28T00:09:47.510+0000] {logging_mixin.py:188} INFO - [2026-04-28T00:09:47.510+0000] {dag.py:3954} INFO - Setting next_dagrun for conditional_dataset_and_time_based_timetable to 2026-04-22 01:00:00+00:00, run_after=2026-04-22 01:00:00+00:00
[2026-04-28T00:09:47.514+0000] {logging_mixin.py:188} INFO - [2026-04-28T00:09:47.514+0000] {dag.py:3954} INFO - Setting next_dagrun for consume_1_and_2_with_dataset_expressions to None, run_after=None
[2026-04-28T00:09:47.515+0000] {logging_mixin.py:188} INFO - [2026-04-28T00:09:47.515+0000] {dag.py:3954} INFO - Setting next_dagrun for consume_1_or_2_with_dataset_expressions to None, run_after=None
[2026-04-28T00:09:47.517+0000] {logging_mixin.py:188} INFO - [2026-04-28T00:09:47.517+0000] {dag.py:3954} INFO - Setting next_dagrun for consume_1_or_both_2_and_3_with_dataset_expressions to None, run_after=None
[2026-04-28T00:09:47.519+0000] {logging_mixin.py:188} INFO - [2026-04-28T00:09:47.519+0000] {dag.py:3954} INFO - Setting next_dagrun for dataset_consumes_1 to None, run_after=None
[2026-04-28T00:09:47.521+0000] {logging_mixin.py:188} INFO - [2026-04-28T00:09:47.521+0000] {dag.py:3954} INFO - Setting next_dagrun for dataset_consumes_1_and_2 to None, run_after=None
[2026-04-28T00:09:47.523+0000] {logging_mixin.py:188} INFO - [2026-04-28T00:09:47.523+0000] {dag.py:3954} INFO - Setting next_dagrun for dataset_consumes_1_never_scheduled to None, run_after=None
[2026-04-28T00:09:47.524+0000] {logging_mixin.py:188} INFO - [2026-04-28T00:09:47.524+0000] {dag.py:3954} INFO - Setting next_dagrun for dataset_consumes_unknown_never_scheduled to None, run_after=None
[2026-04-28T00:09:47.527+0000] {logging_mixin.py:188} INFO - [2026-04-28T00:09:47.527+0000] {dag.py:3954} INFO - Setting next_dagrun for dataset_produces_1 to 2026-04-27 00:00:00+00:00, run_after=2026-04-28 00:00:00+00:00
[2026-04-28T00:09:47.529+0000] {logging_mixin.py:188} INFO - [2026-04-28T00:09:47.529+0000] {dag.py:3954} INFO - Setting next_dagrun for dataset_produces_2 to None, run_after=None
[2026-04-28T00:09:47.715+0000] {processor.py:183} INFO - Processing /home/airflow/.local/lib/python3.12/site-packages/airflow/example_dags/example_datasets.py took 0.305 seconds
[2026-04-28T00:10:20.749+0000] {processor.py:161} INFO - Started process (PID=813) to work on /home/airflow/.local/lib/python3.12/site-packages/airflow/example_dags/example_datasets.py
[2026-04-28T00:10:20.751+0000] {processor.py:830} INFO - Processing file /home/airflow/.local/lib/python3.12/site-packages/airflow/example_dags/example_datasets.py for tasks to queue
[2026-04-28T00:10:20.753+0000] {logging_mixin.py:188} INFO - [2026-04-28T00:10:20.752+0000] {dagbag.py:540} INFO - Filling up the DagBag from /home/airflow/.local/lib/python3.12/site-packages/airflow/example_dags/example_datasets.py
[2026-04-28T00:10:20.781+0000] {processor.py:840} INFO - DAG(s) 'conditional_dataset_and_time_based_timetable', 'dataset_consumes_unknown_never_scheduled', 'consume_1_or_both_2_and_3_with_dataset_expressions', 'dataset_consumes_1_and_2', 'dataset_produces_2', 'consume_1_and_2_with_dataset_expressions', 'dataset_consumes_1', 'dataset_produces_1', 'consume_1_or_2_with_dataset_expressions', 'dataset_consumes_1_never_scheduled' retrieved from /home/airflow/.local/lib/python3.12/site-packages/airflow/example_dags/example_datasets.py
[2026-04-28T00:10:20.837+0000] {logging_mixin.py:188} INFO - [2026-04-28T00:10:20.837+0000] {dag.py:3096} INFO - Sync 10 DAGs
[2026-04-28T00:10:20.866+0000] {logging_mixin.py:188} INFO - [2026-04-28T00:10:20.866+0000] {dag.py:3954} INFO - Setting next_dagrun for conditional_dataset_and_time_based_timetable to 2026-04-22 01:00:00+00:00, run_after=2026-04-22 01:00:00+00:00
[2026-04-28T00:10:20.871+0000] {logging_mixin.py:188} INFO - [2026-04-28T00:10:20.871+0000] {dag.py:3954} INFO - Setting next_dagrun for consume_1_and_2_with_dataset_expressions to None, run_after=None
[2026-04-28T00:10:20.875+0000] {logging_mixin.py:188} INFO - [2026-04-28T00:10:20.875+0000] {dag.py:3954} INFO - Setting next_dagrun for consume_1_or_2_with_dataset_expressions to None, run_after=None
[2026-04-28T00:10:20.878+0000] {logging_mixin.py:188} INFO - [2026-04-28T00:10:20.877+0000] {dag.py:3954} INFO - Setting next_dagrun for consume_1_or_both_2_and_3_with_dataset_expressions to None, run_after=None
[2026-04-28T00:10:20.880+0000] {logging_mixin.py:188} INFO - [2026-04-28T00:10:20.880+0000] {dag.py:3954} INFO - Setting next_dagrun for dataset_consumes_1 to None, run_after=None
[2026-04-28T00:10:20.882+0000] {logging_mixin.py:188} INFO - [2026-04-28T00:10:20.882+0000] {dag.py:3954} INFO - Setting next_dagrun for dataset_consumes_1_and_2 to None, run_after=None
[2026-04-28T00:10:20.884+0000] {logging_mixin.py:188} INFO - [2026-04-28T00:10:20.884+0000] {dag.py:3954} INFO - Setting next_dagrun for dataset_consumes_1_never_scheduled to None, run_after=None
[2026-04-28T00:10:20.886+0000] {logging_mixin.py:188} INFO - [2026-04-28T00:10:20.886+0000] {dag.py:3954} INFO - Setting next_dagrun for dataset_consumes_unknown_never_scheduled to None, run_after=None
[2026-04-28T00:10:20.890+0000] {logging_mixin.py:188} INFO - [2026-04-28T00:10:20.889+0000] {dag.py:3954} INFO - Setting next_dagrun for dataset_produces_1 to 2026-04-27 00:00:00+00:00, run_after=2026-04-28 00:00:00+00:00
[2026-04-28T00:10:20.892+0000] {logging_mixin.py:188} INFO - [2026-04-28T00:10:20.892+0000] {dag.py:3954} INFO - Setting next_dagrun for dataset_produces_2 to None, run_after=None
[2026-04-28T00:10:20.929+0000] {processor.py:183} INFO - Processing /home/airflow/.local/lib/python3.12/site-packages/airflow/example_dags/example_datasets.py took 0.187 seconds
[2026-04-28T00:10:51.155+0000] {processor.py:161} INFO - Started process (PID=873) to work on /home/airflow/.local/lib/python3.12/site-packages/airflow/example_dags/example_datasets.py
[2026-04-28T00:10:51.156+0000] {processor.py:830} INFO - Processing file /home/airflow/.local/lib/python3.12/site-packages/airflow/example_dags/example_datasets.py for tasks to queue
[2026-04-28T00:10:51.158+0000] {logging_mixin.py:188} INFO - [2026-04-28T00:10:51.157+0000] {dagbag.py:540} INFO - Filling up the DagBag from /home/airflow/.local/lib/python3.12/site-packages/airflow/example_dags/example_datasets.py
[2026-04-28T00:10:51.182+0000] {processor.py:840} INFO - DAG(s) 'conditional_dataset_and_time_based_timetable', 'consume_1_or_2_with_dataset_expressions', 'consume_1_and_2_with_dataset_expressions', 'dataset_consumes_1', 'dataset_produces_2', 'consume_1_or_both_2_and_3_with_dataset_expressions', 'dataset_consumes_1_never_scheduled', 'dataset_consumes_unknown_never_scheduled', 'dataset_produces_1', 'dataset_consumes_1_and_2' retrieved from /home/airflow/.local/lib/python3.12/site-packages/airflow/example_dags/example_datasets.py
[2026-04-28T00:10:51.258+0000] {logging_mixin.py:188} INFO - [2026-04-28T00:10:51.257+0000] {dag.py:3096} INFO - Sync 10 DAGs
[2026-04-28T00:10:51.297+0000] {logging_mixin.py:188} INFO - [2026-04-28T00:10:51.297+0000] {dag.py:3954} INFO - Setting next_dagrun for conditional_dataset_and_time_based_timetable to 2026-04-22 01:00:00+00:00, run_after=2026-04-22 01:00:00+00:00
[2026-04-28T00:10:51.304+0000] {logging_mixin.py:188} INFO - [2026-04-28T00:10:51.303+0000] {dag.py:3954} INFO - Setting next_dagrun for consume_1_and_2_with_dataset_expressions to None, run_after=None
[2026-04-28T00:10:51.307+0000] {logging_mixin.py:188} INFO - [2026-04-28T00:10:51.306+0000] {dag.py:3954} INFO - Setting next_dagrun for consume_1_or_2_with_dataset_expressions to None, run_after=None
[2026-04-28T00:10:51.494+0000] {logging_mixin.py:188} INFO - [2026-04-28T00:10:51.493+0000] {dag.py:3954} INFO - Setting next_dagrun for consume_1_or_both_2_and_3_with_dataset_expressions to None, run_after=None
[2026-04-28T00:10:51.496+0000] {logging_mixin.py:188} INFO - [2026-04-28T00:10:51.495+0000] {dag.py:3954} INFO - Setting next_dagrun for dataset_consumes_1 to None, run_after=None
[2026-04-28T00:10:51.497+0000] {logging_mixin.py:188} INFO - [2026-04-28T00:10:51.497+0000] {dag.py:3954} INFO - Setting next_dagrun for dataset_consumes_1_and_2 to None, run_after=None
[2026-04-28T00:10:51.499+0000] {logging_mixin.py:188} INFO - [2026-04-28T00:10:51.499+0000] {dag.py:3954} INFO - Setting next_dagrun for dataset_consumes_1_never_scheduled to None, run_after=None
[2026-04-28T00:10:51.501+0000] {logging_mixin.py:188} INFO - [2026-04-28T00:10:51.501+0000] {dag.py:3954} INFO - Setting next_dagrun for dataset_consumes_unknown_never_scheduled to None, run_after=None
[2026-04-28T00:10:51.504+0000] {logging_mixin.py:188} INFO - [2026-04-28T00:10:51.504+0000] {dag.py:3954} INFO - Setting next_dagrun for dataset_produces_1 to 2026-04-27 00:00:00+00:00, run_after=2026-04-28 00:00:00+00:00
[2026-04-28T00:10:51.506+0000] {logging_mixin.py:188} INFO - [2026-04-28T00:10:51.506+0000] {dag.py:3954} INFO - Setting next_dagrun for dataset_produces_2 to None, run_after=None
[2026-04-28T00:10:51.585+0000] {processor.py:183} INFO - Processing /home/airflow/.local/lib/python3.12/site-packages/airflow/example_dags/example_datasets.py took 0.438 seconds
[2026-04-28T00:11:22.331+0000] {processor.py:161} INFO - Started process (PID=934) to work on /home/airflow/.local/lib/python3.12/site-packages/airflow/example_dags/example_datasets.py
[2026-04-28T00:11:22.332+0000] {processor.py:830} INFO - Processing file /home/airflow/.local/lib/python3.12/site-packages/airflow/example_dags/example_datasets.py for tasks to queue
[2026-04-28T00:11:22.334+0000] {logging_mixin.py:188} INFO - [2026-04-28T00:11:22.333+0000] {dagbag.py:540} INFO - Filling up the DagBag from /home/airflow/.local/lib/python3.12/site-packages/airflow/example_dags/example_datasets.py
[2026-04-28T00:11:22.352+0000] {processor.py:840} INFO - DAG(s) 'consume_1_or_2_with_dataset_expressions', 'dataset_produces_2', 'dataset_consumes_1_and_2', 'dataset_consumes_1', 'dataset_consumes_unknown_never_scheduled', 'consume_1_or_both_2_and_3_with_dataset_expressions', 'dataset_consumes_1_never_scheduled', 'conditional_dataset_and_time_based_timetable', 'consume_1_and_2_with_dataset_expressions', 'dataset_produces_1' retrieved from /home/airflow/.local/lib/python3.12/site-packages/airflow/example_dags/example_datasets.py
[2026-04-28T00:11:22.407+0000] {logging_mixin.py:188} INFO - [2026-04-28T00:11:22.407+0000] {dag.py:3096} INFO - Sync 10 DAGs
[2026-04-28T00:11:22.437+0000] {logging_mixin.py:188} INFO - [2026-04-28T00:11:22.437+0000] {dag.py:3954} INFO - Setting next_dagrun for conditional_dataset_and_time_based_timetable to 2026-04-22 01:00:00+00:00, run_after=2026-04-22 01:00:00+00:00
[2026-04-28T00:11:22.442+0000] {logging_mixin.py:188} INFO - [2026-04-28T00:11:22.442+0000] {dag.py:3954} INFO - Setting next_dagrun for consume_1_and_2_with_dataset_expressions to None, run_after=None
[2026-04-28T00:11:22.444+0000] {logging_mixin.py:188} INFO - [2026-04-28T00:11:22.444+0000] {dag.py:3954} INFO - Setting next_dagrun for consume_1_or_2_with_dataset_expressions to None, run_after=None
[2026-04-28T00:11:22.446+0000] {logging_mixin.py:188} INFO - [2026-04-28T00:11:22.446+0000] {dag.py:3954} INFO - Setting next_dagrun for consume_1_or_both_2_and_3_with_dataset_expressions to None, run_after=None
[2026-04-28T00:11:22.448+0000] {logging_mixin.py:188} INFO - [2026-04-28T00:11:22.448+0000] {dag.py:3954} INFO - Setting next_dagrun for dataset_consumes_1 to None, run_after=None
[2026-04-28T00:11:22.450+0000] {logging_mixin.py:188} INFO - [2026-04-28T00:11:22.450+0000] {dag.py:3954} INFO - Setting next_dagrun for dataset_consumes_1_and_2 to None, run_after=None
[2026-04-28T00:11:22.452+0000] {logging_mixin.py:188} INFO - [2026-04-28T00:11:22.452+0000] {dag.py:3954} INFO - Setting next_dagrun for dataset_consumes_1_never_scheduled to None, run_after=None
[2026-04-28T00:11:22.454+0000] {logging_mixin.py:188} INFO - [2026-04-28T00:11:22.454+0000] {dag.py:3954} INFO - Setting next_dagrun for dataset_consumes_unknown_never_scheduled to None, run_after=None
[2026-04-28T00:11:22.457+0000] {logging_mixin.py:188} INFO - [2026-04-28T00:11:22.457+0000] {dag.py:3954} INFO - Setting next_dagrun for dataset_produces_1 to 2026-04-27 00:00:00+00:00, run_after=2026-04-28 00:00:00+00:00
[2026-04-28T00:11:22.459+0000] {logging_mixin.py:188} INFO - [2026-04-28T00:11:22.459+0000] {dag.py:3954} INFO - Setting next_dagrun for dataset_produces_2 to None, run_after=None
[2026-04-28T00:11:22.750+0000] {processor.py:183} INFO - Processing /home/airflow/.local/lib/python3.12/site-packages/airflow/example_dags/example_datasets.py took 0.426 seconds
[2026-04-28T00:11:53.311+0000] {processor.py:161} INFO - Started process (PID=981) to work on /home/airflow/.local/lib/python3.12/site-packages/airflow/example_dags/example_datasets.py
[2026-04-28T00:11:53.312+0000] {processor.py:830} INFO - Processing file /home/airflow/.local/lib/python3.12/site-packages/airflow/example_dags/example_datasets.py for tasks to queue
[2026-04-28T00:11:53.313+0000] {logging_mixin.py:188} INFO - [2026-04-28T00:11:53.313+0000] {dagbag.py:540} INFO - Filling up the DagBag from /home/airflow/.local/lib/python3.12/site-packages/airflow/example_dags/example_datasets.py
[2026-04-28T00:11:53.329+0000] {processor.py:840} INFO - DAG(s) 'dataset_produces_1', 'dataset_consumes_1_never_scheduled', 'consume_1_and_2_with_dataset_expressions', 'dataset_produces_2', 'dataset_consumes_1', 'consume_1_or_both_2_and_3_with_dataset_expressions', 'dataset_consumes_1_and_2', 'dataset_consumes_unknown_never_scheduled', 'conditional_dataset_and_time_based_timetable', 'consume_1_or_2_with_dataset_expressions' retrieved from /home/airflow/.local/lib/python3.12/site-packages/airflow/example_dags/example_datasets.py
[2026-04-28T00:11:55.032+0000] {logging_mixin.py:188} INFO - [2026-04-28T00:11:55.032+0000] {dag.py:3096} INFO - Sync 10 DAGs
[2026-04-28T00:11:55.058+0000] {logging_mixin.py:188} INFO - [2026-04-28T00:11:55.058+0000] {dag.py:3954} INFO - Setting next_dagrun for conditional_dataset_and_time_based_timetable to 2026-04-22 01:00:00+00:00, run_after=2026-04-22 01:00:00+00:00
[2026-04-28T00:11:55.062+0000] {logging_mixin.py:188} INFO - [2026-04-28T00:11:55.062+0000] {dag.py:3954} INFO - Setting next_dagrun for consume_1_and_2_with_dataset_expressions to None, run_after=None
[2026-04-28T00:11:55.064+0000] {logging_mixin.py:188} INFO - [2026-04-28T00:11:55.064+0000] {dag.py:3954} INFO - Setting next_dagrun for consume_1_or_2_with_dataset_expressions to None, run_after=None
[2026-04-28T00:11:55.065+0000] {logging_mixin.py:188} INFO - [2026-04-28T00:11:55.065+0000] {dag.py:3954} INFO - Setting next_dagrun for consume_1_or_both_2_and_3_with_dataset_expressions to None, run_after=None
[2026-04-28T00:11:55.067+0000] {logging_mixin.py:188} INFO - [2026-04-28T00:11:55.067+0000] {dag.py:3954} INFO - Setting next_dagrun for dataset_consumes_1 to None, run_after=None
[2026-04-28T00:11:55.069+0000] {logging_mixin.py:188} INFO - [2026-04-28T00:11:55.068+0000] {dag.py:3954} INFO - Setting next_dagrun for dataset_consumes_1_and_2 to None, run_after=None
[2026-04-28T00:11:55.071+0000] {logging_mixin.py:188} INFO - [2026-04-28T00:11:55.070+0000] {dag.py:3954} INFO - Setting next_dagrun for dataset_consumes_1_never_scheduled to None, run_after=None
[2026-04-28T00:11:55.072+0000] {logging_mixin.py:188} INFO - [2026-04-28T00:11:55.072+0000] {dag.py:3954} INFO - Setting next_dagrun for dataset_consumes_unknown_never_scheduled to None, run_after=None
[2026-04-28T00:11:55.075+0000] {logging_mixin.py:188} INFO - [2026-04-28T00:11:55.075+0000] {dag.py:3954} INFO - Setting next_dagrun for dataset_produces_1 to 2026-04-27 00:00:00+00:00, run_after=2026-04-28 00:00:00+00:00
[2026-04-28T00:11:55.076+0000] {logging_mixin.py:188} INFO - [2026-04-28T00:11:55.076+0000] {dag.py:3954} INFO - Setting next_dagrun for dataset_produces_2 to None, run_after=None
[2026-04-28T00:11:55.112+0000] {processor.py:183} INFO - Processing /home/airflow/.local/lib/python3.12/site-packages/airflow/example_dags/example_datasets.py took 1.808 seconds
[2026-04-28T00:12:25.958+0000] {processor.py:161} INFO - Started process (PID=1040) to work on /home/airflow/.local/lib/python3.12/site-packages/airflow/example_dags/example_datasets.py
[2026-04-28T00:12:25.960+0000] {processor.py:830} INFO - Processing file /home/airflow/.local/lib/python3.12/site-packages/airflow/example_dags/example_datasets.py for tasks to queue
[2026-04-28T00:12:25.961+0000] {logging_mixin.py:188} INFO - [2026-04-28T00:12:25.961+0000] {dagbag.py:540} INFO - Filling up the DagBag from /home/airflow/.local/lib/python3.12/site-packages/airflow/example_dags/example_datasets.py
[2026-04-28T00:12:25.977+0000] {processor.py:840} INFO - DAG(s) 'dataset_consumes_1_and_2', 'dataset_produces_2', 'consume_1_or_2_with_dataset_expressions', 'dataset_consumes_unknown_never_scheduled', 'dataset_consumes_1_never_scheduled', 'consume_1_or_both_2_and_3_with_dataset_expressions', 'consume_1_and_2_with_dataset_expressions', 'dataset_consumes_1', 'dataset_produces_1', 'conditional_dataset_and_time_based_timetable' retrieved from /home/airflow/.local/lib/python3.12/site-packages/airflow/example_dags/example_datasets.py
[2026-04-28T00:12:26.027+0000] {logging_mixin.py:188} INFO - [2026-04-28T00:12:26.027+0000] {dag.py:3096} INFO - Sync 10 DAGs
[2026-04-28T00:12:26.053+0000] {logging_mixin.py:188} INFO - [2026-04-28T00:12:26.053+0000] {dag.py:3954} INFO - Setting next_dagrun for conditional_dataset_and_time_based_timetable to 2026-04-22 01:00:00+00:00, run_after=2026-04-22 01:00:00+00:00
[2026-04-28T00:12:26.057+0000] {logging_mixin.py:188} INFO - [2026-04-28T00:12:26.057+0000] {dag.py:3954} INFO - Setting next_dagrun for consume_1_and_2_with_dataset_expressions to None, run_after=None
[2026-04-28T00:12:26.059+0000] {logging_mixin.py:188} INFO - [2026-04-28T00:12:26.059+0000] {dag.py:3954} INFO - Setting next_dagrun for consume_1_or_2_with_dataset_expressions to None, run_after=None
[2026-04-28T00:12:26.061+0000] {logging_mixin.py:188} INFO - [2026-04-28T00:12:26.061+0000] {dag.py:3954} INFO - Setting next_dagrun for consume_1_or_both_2_and_3_with_dataset_expressions to None, run_after=None
[2026-04-28T00:12:26.063+0000] {logging_mixin.py:188} INFO - [2026-04-28T00:12:26.062+0000] {dag.py:3954} INFO - Setting next_dagrun for dataset_consumes_1 to None, run_after=None
[2026-04-28T00:12:26.064+0000] {logging_mixin.py:188} INFO - [2026-04-28T00:12:26.064+0000] {dag.py:3954} INFO - Setting next_dagrun for dataset_consumes_1_and_2 to None, run_after=None
[2026-04-28T00:12:26.066+0000] {logging_mixin.py:188} INFO - [2026-04-28T00:12:26.065+0000] {dag.py:3954} INFO - Setting next_dagrun for dataset_consumes_1_never_scheduled to None, run_after=None
[2026-04-28T00:12:26.067+0000] {logging_mixin.py:188} INFO - [2026-04-28T00:12:26.067+0000] {dag.py:3954} INFO - Setting next_dagrun for dataset_consumes_unknown_never_scheduled to None, run_after=None
[2026-04-28T00:12:26.069+0000] {logging_mixin.py:188} INFO - [2026-04-28T00:12:26.069+0000] {dag.py:3954} INFO - Setting next_dagrun for dataset_produces_1 to 2026-04-27 00:00:00+00:00, run_after=2026-04-28 00:00:00+00:00
[2026-04-28T00:12:26.071+0000] {logging_mixin.py:188} INFO - [2026-04-28T00:12:26.071+0000] {dag.py:3954} INFO - Setting next_dagrun for dataset_produces_2 to None, run_after=None
[2026-04-28T00:12:26.104+0000] {processor.py:183} INFO - Processing /home/airflow/.local/lib/python3.12/site-packages/airflow/example_dags/example_datasets.py took 0.152 seconds
[2026-04-28T00:12:56.520+0000] {processor.py:161} INFO - Started process (PID=1099) to work on /home/airflow/.local/lib/python3.12/site-packages/airflow/example_dags/example_datasets.py
[2026-04-28T00:12:56.522+0000] {processor.py:830} INFO - Processing file /home/airflow/.local/lib/python3.12/site-packages/airflow/example_dags/example_datasets.py for tasks to queue
[2026-04-28T00:12:56.523+0000] {logging_mixin.py:188} INFO - [2026-04-28T00:12:56.523+0000] {dagbag.py:540} INFO - Filling up the DagBag from /home/airflow/.local/lib/python3.12/site-packages/airflow/example_dags/example_datasets.py
[2026-04-28T00:12:56.541+0000] {processor.py:840} INFO - DAG(s) 'dataset_consumes_1_and_2', 'dataset_consumes_1', 'consume_1_or_2_with_dataset_expressions', 'consume_1_or_both_2_and_3_with_dataset_expressions', 'dataset_produces_2', 'conditional_dataset_and_time_based_timetable', 'consume_1_and_2_with_dataset_expressions', 'dataset_consumes_1_never_scheduled', 'dataset_produces_1', 'dataset_consumes_unknown_never_scheduled' retrieved from /home/airflow/.local/lib/python3.12/site-packages/airflow/example_dags/example_datasets.py
[2026-04-28T00:12:56.604+0000] {logging_mixin.py:188} INFO - [2026-04-28T00:12:56.604+0000] {dag.py:3096} INFO - Sync 10 DAGs
[2026-04-28T00:12:56.829+0000] {logging_mixin.py:188} INFO - [2026-04-28T00:12:56.829+0000] {dag.py:3954} INFO - Setting next_dagrun for conditional_dataset_and_time_based_timetable to 2026-04-22 01:00:00+00:00, run_after=2026-04-22 01:00:00+00:00
[2026-04-28T00:12:56.834+0000] {logging_mixin.py:188} INFO - [2026-04-28T00:12:56.834+0000] {dag.py:3954} INFO - Setting next_dagrun for consume_1_and_2_with_dataset_expressions to None, run_after=None
[2026-04-28T00:12:56.836+0000] {logging_mixin.py:188} INFO - [2026-04-28T00:12:56.836+0000] {dag.py:3954} INFO - Setting next_dagrun for consume_1_or_2_with_dataset_expressions to None, run_after=None
[2026-04-28T00:12:56.839+0000] {logging_mixin.py:188} INFO - [2026-04-28T00:12:56.838+0000] {dag.py:3954} INFO - Setting next_dagrun for consume_1_or_both_2_and_3_with_dataset_expressions to None, run_after=None
[2026-04-28T00:12:56.841+0000] {logging_mixin.py:188} INFO - [2026-04-28T00:12:56.840+0000] {dag.py:3954} INFO - Setting next_dagrun for dataset_consumes_1 to None, run_after=None
[2026-04-28T00:12:56.843+0000] {logging_mixin.py:188} INFO - [2026-04-28T00:12:56.842+0000] {dag.py:3954} INFO - Setting next_dagrun for dataset_consumes_1_and_2 to None, run_after=None
[2026-04-28T00:12:56.844+0000] {logging_mixin.py:188} INFO - [2026-04-28T00:12:56.844+0000] {dag.py:3954} INFO - Setting next_dagrun for dataset_consumes_1_never_scheduled to None, run_after=None
[2026-04-28T00:12:56.846+0000] {logging_mixin.py:188} INFO - [2026-04-28T00:12:56.846+0000] {dag.py:3954} INFO - Setting next_dagrun for dataset_consumes_unknown_never_scheduled to None, run_after=None
[2026-04-28T00:12:56.849+0000] {logging_mixin.py:188} INFO - [2026-04-28T00:12:56.849+0000] {dag.py:3954} INFO - Setting next_dagrun for dataset_produces_1 to 2026-04-27 00:00:00+00:00, run_after=2026-04-28 00:00:00+00:00
[2026-04-28T00:12:56.852+0000] {logging_mixin.py:188} INFO - [2026-04-28T00:12:56.852+0000] {dag.py:3954} INFO - Setting next_dagrun for dataset_produces_2 to None, run_after=None
[2026-04-28T00:12:56.893+0000] {processor.py:183} INFO - Processing /home/airflow/.local/lib/python3.12/site-packages/airflow/example_dags/example_datasets.py took 0.379 seconds
