[2026-04-28T00:00:24.898+0000] {processor.py:161} INFO - Started process (PID=164) to work on /home/airflow/.local/lib/python3.12/site-packages/airflow/example_dags/example_sensor_decorator.py
[2026-04-28T00:00:24.926+0000] {processor.py:830} INFO - Processing file /home/airflow/.local/lib/python3.12/site-packages/airflow/example_dags/example_sensor_decorator.py for tasks to queue
[2026-04-28T00:00:24.929+0000] {logging_mixin.py:188} INFO - [2026-04-28T00:00:24.928+0000] {dagbag.py:540} INFO - Filling up the DagBag from /home/airflow/.local/lib/python3.12/site-packages/airflow/example_dags/example_sensor_decorator.py
[2026-04-28T00:00:24.938+0000] {processor.py:840} INFO - DAG(s) 'example_sensor_decorator' retrieved from /home/airflow/.local/lib/python3.12/site-packages/airflow/example_dags/example_sensor_decorator.py
[2026-04-28T00:00:25.022+0000] {logging_mixin.py:188} INFO - [2026-04-28T00:00:25.022+0000] {dag.py:3096} INFO - Sync 1 DAGs
[2026-04-28T00:00:25.037+0000] {logging_mixin.py:188} INFO - [2026-04-28T00:00:25.037+0000] {dag.py:3954} INFO - Setting next_dagrun for example_sensor_decorator to None, run_after=None
[2026-04-28T00:00:25.104+0000] {processor.py:183} INFO - Processing /home/airflow/.local/lib/python3.12/site-packages/airflow/example_dags/example_sensor_decorator.py took 0.214 seconds
[2026-04-28T00:04:10.909+0000] {processor.py:161} INFO - Started process (PID=252) to work on /home/airflow/.local/lib/python3.12/site-packages/airflow/example_dags/example_sensor_decorator.py
[2026-04-28T00:04:10.911+0000] {processor.py:830} INFO - Processing file /home/airflow/.local/lib/python3.12/site-packages/airflow/example_dags/example_sensor_decorator.py for tasks to queue
[2026-04-28T00:04:10.912+0000] {logging_mixin.py:188} INFO - [2026-04-28T00:04:10.911+0000] {dagbag.py:540} INFO - Filling up the DagBag from /home/airflow/.local/lib/python3.12/site-packages/airflow/example_dags/example_sensor_decorator.py
[2026-04-28T00:04:10.923+0000] {processor.py:840} INFO - DAG(s) 'example_sensor_decorator' retrieved from /home/airflow/.local/lib/python3.12/site-packages/airflow/example_dags/example_sensor_decorator.py
[2026-04-28T00:04:10.958+0000] {logging_mixin.py:188} INFO - [2026-04-28T00:04:10.958+0000] {dag.py:3096} INFO - Sync 1 DAGs
[2026-04-28T00:04:10.986+0000] {logging_mixin.py:188} INFO - [2026-04-28T00:04:10.986+0000] {dag.py:3954} INFO - Setting next_dagrun for example_sensor_decorator to None, run_after=None
[2026-04-28T00:04:11.033+0000] {processor.py:183} INFO - Processing /home/airflow/.local/lib/python3.12/site-packages/airflow/example_dags/example_sensor_decorator.py took 0.131 seconds
[2026-04-28T00:06:09.307+0000] {processor.py:161} INFO - Started process (PID=320) to work on /home/airflow/.local/lib/python3.12/site-packages/airflow/example_dags/example_sensor_decorator.py
[2026-04-28T00:06:09.308+0000] {processor.py:830} INFO - Processing file /home/airflow/.local/lib/python3.12/site-packages/airflow/example_dags/example_sensor_decorator.py for tasks to queue
[2026-04-28T00:06:09.309+0000] {logging_mixin.py:188} INFO - [2026-04-28T00:06:09.309+0000] {dagbag.py:540} INFO - Filling up the DagBag from /home/airflow/.local/lib/python3.12/site-packages/airflow/example_dags/example_sensor_decorator.py
[2026-04-28T00:06:09.316+0000] {processor.py:840} INFO - DAG(s) 'example_sensor_decorator' retrieved from /home/airflow/.local/lib/python3.12/site-packages/airflow/example_dags/example_sensor_decorator.py
[2026-04-28T00:06:09.510+0000] {logging_mixin.py:188} INFO - [2026-04-28T00:06:09.509+0000] {dag.py:3096} INFO - Sync 1 DAGs
[2026-04-28T00:06:09.523+0000] {logging_mixin.py:188} INFO - [2026-04-28T00:06:09.523+0000] {dag.py:3954} INFO - Setting next_dagrun for example_sensor_decorator to None, run_after=None
[2026-04-28T00:06:09.554+0000] {processor.py:183} INFO - Processing /home/airflow/.local/lib/python3.12/site-packages/airflow/example_dags/example_sensor_decorator.py took 0.254 seconds
[2026-04-28T00:06:40.036+0000] {processor.py:161} INFO - Started process (PID=380) to work on /home/airflow/.local/lib/python3.12/site-packages/airflow/example_dags/example_sensor_decorator.py
[2026-04-28T00:06:40.038+0000] {processor.py:830} INFO - Processing file /home/airflow/.local/lib/python3.12/site-packages/airflow/example_dags/example_sensor_decorator.py for tasks to queue
[2026-04-28T00:06:40.039+0000] {logging_mixin.py:188} INFO - [2026-04-28T00:06:40.039+0000] {dagbag.py:540} INFO - Filling up the DagBag from /home/airflow/.local/lib/python3.12/site-packages/airflow/example_dags/example_sensor_decorator.py
[2026-04-28T00:06:40.046+0000] {processor.py:840} INFO - DAG(s) 'example_sensor_decorator' retrieved from /home/airflow/.local/lib/python3.12/site-packages/airflow/example_dags/example_sensor_decorator.py
[2026-04-28T00:06:40.072+0000] {logging_mixin.py:188} INFO - [2026-04-28T00:06:40.071+0000] {dag.py:3096} INFO - Sync 1 DAGs
[2026-04-28T00:06:40.086+0000] {logging_mixin.py:188} INFO - [2026-04-28T00:06:40.085+0000] {dag.py:3954} INFO - Setting next_dagrun for example_sensor_decorator to None, run_after=None
[2026-04-28T00:06:40.108+0000] {processor.py:183} INFO - Processing /home/airflow/.local/lib/python3.12/site-packages/airflow/example_dags/example_sensor_decorator.py took 0.079 seconds
[2026-04-28T00:07:10.974+0000] {processor.py:161} INFO - Started process (PID=438) to work on /home/airflow/.local/lib/python3.12/site-packages/airflow/example_dags/example_sensor_decorator.py
[2026-04-28T00:07:10.975+0000] {processor.py:830} INFO - Processing file /home/airflow/.local/lib/python3.12/site-packages/airflow/example_dags/example_sensor_decorator.py for tasks to queue
[2026-04-28T00:07:10.977+0000] {logging_mixin.py:188} INFO - [2026-04-28T00:07:10.976+0000] {dagbag.py:540} INFO - Filling up the DagBag from /home/airflow/.local/lib/python3.12/site-packages/airflow/example_dags/example_sensor_decorator.py
[2026-04-28T00:07:10.983+0000] {processor.py:840} INFO - DAG(s) 'example_sensor_decorator' retrieved from /home/airflow/.local/lib/python3.12/site-packages/airflow/example_dags/example_sensor_decorator.py
[2026-04-28T00:07:11.007+0000] {logging_mixin.py:188} INFO - [2026-04-28T00:07:11.007+0000] {dag.py:3096} INFO - Sync 1 DAGs
[2026-04-28T00:07:11.021+0000] {logging_mixin.py:188} INFO - [2026-04-28T00:07:11.020+0000] {dag.py:3954} INFO - Setting next_dagrun for example_sensor_decorator to None, run_after=None
[2026-04-28T00:07:11.043+0000] {processor.py:183} INFO - Processing /home/airflow/.local/lib/python3.12/site-packages/airflow/example_dags/example_sensor_decorator.py took 0.075 seconds
[2026-04-28T00:07:41.125+0000] {processor.py:161} INFO - Started process (PID=497) to work on /home/airflow/.local/lib/python3.12/site-packages/airflow/example_dags/example_sensor_decorator.py
[2026-04-28T00:07:41.126+0000] {processor.py:830} INFO - Processing file /home/airflow/.local/lib/python3.12/site-packages/airflow/example_dags/example_sensor_decorator.py for tasks to queue
[2026-04-28T00:07:41.128+0000] {logging_mixin.py:188} INFO - [2026-04-28T00:07:41.127+0000] {dagbag.py:540} INFO - Filling up the DagBag from /home/airflow/.local/lib/python3.12/site-packages/airflow/example_dags/example_sensor_decorator.py
[2026-04-28T00:07:41.136+0000] {processor.py:840} INFO - DAG(s) 'example_sensor_decorator' retrieved from /home/airflow/.local/lib/python3.12/site-packages/airflow/example_dags/example_sensor_decorator.py
[2026-04-28T00:07:41.164+0000] {logging_mixin.py:188} INFO - [2026-04-28T00:07:41.163+0000] {dag.py:3096} INFO - Sync 1 DAGs
[2026-04-28T00:07:41.184+0000] {logging_mixin.py:188} INFO - [2026-04-28T00:07:41.183+0000] {dag.py:3954} INFO - Setting next_dagrun for example_sensor_decorator to None, run_after=None
[2026-04-28T00:07:41.265+0000] {processor.py:183} INFO - Processing /home/airflow/.local/lib/python3.12/site-packages/airflow/example_dags/example_sensor_decorator.py took 0.149 seconds
[2026-04-28T00:08:12.107+0000] {processor.py:161} INFO - Started process (PID=558) to work on /home/airflow/.local/lib/python3.12/site-packages/airflow/example_dags/example_sensor_decorator.py
[2026-04-28T00:08:12.108+0000] {processor.py:830} INFO - Processing file /home/airflow/.local/lib/python3.12/site-packages/airflow/example_dags/example_sensor_decorator.py for tasks to queue
[2026-04-28T00:08:12.110+0000] {logging_mixin.py:188} INFO - [2026-04-28T00:08:12.109+0000] {dagbag.py:540} INFO - Filling up the DagBag from /home/airflow/.local/lib/python3.12/site-packages/airflow/example_dags/example_sensor_decorator.py
[2026-04-28T00:08:12.749+0000] {processor.py:840} INFO - DAG(s) 'example_sensor_decorator' retrieved from /home/airflow/.local/lib/python3.12/site-packages/airflow/example_dags/example_sensor_decorator.py
[2026-04-28T00:08:12.777+0000] {logging_mixin.py:188} INFO - [2026-04-28T00:08:12.777+0000] {dag.py:3096} INFO - Sync 1 DAGs
[2026-04-28T00:08:12.790+0000] {logging_mixin.py:188} INFO - [2026-04-28T00:08:12.790+0000] {dag.py:3954} INFO - Setting next_dagrun for example_sensor_decorator to None, run_after=None
[2026-04-28T00:08:12.809+0000] {processor.py:183} INFO - Processing /home/airflow/.local/lib/python3.12/site-packages/airflow/example_dags/example_sensor_decorator.py took 0.713 seconds
[2026-04-28T00:08:43.609+0000] {processor.py:161} INFO - Started process (PID=617) to work on /home/airflow/.local/lib/python3.12/site-packages/airflow/example_dags/example_sensor_decorator.py
[2026-04-28T00:08:43.610+0000] {processor.py:830} INFO - Processing file /home/airflow/.local/lib/python3.12/site-packages/airflow/example_dags/example_sensor_decorator.py for tasks to queue
[2026-04-28T00:08:43.612+0000] {logging_mixin.py:188} INFO - [2026-04-28T00:08:43.611+0000] {dagbag.py:540} INFO - Filling up the DagBag from /home/airflow/.local/lib/python3.12/site-packages/airflow/example_dags/example_sensor_decorator.py
[2026-04-28T00:08:43.619+0000] {processor.py:840} INFO - DAG(s) 'example_sensor_decorator' retrieved from /home/airflow/.local/lib/python3.12/site-packages/airflow/example_dags/example_sensor_decorator.py
[2026-04-28T00:08:43.642+0000] {logging_mixin.py:188} INFO - [2026-04-28T00:08:43.642+0000] {dag.py:3096} INFO - Sync 1 DAGs
[2026-04-28T00:08:43.657+0000] {logging_mixin.py:188} INFO - [2026-04-28T00:08:43.657+0000] {dag.py:3954} INFO - Setting next_dagrun for example_sensor_decorator to None, run_after=None
[2026-04-28T00:08:43.678+0000] {processor.py:183} INFO - Processing /home/airflow/.local/lib/python3.12/site-packages/airflow/example_dags/example_sensor_decorator.py took 0.075 seconds
[2026-04-28T00:09:13.826+0000] {processor.py:161} INFO - Started process (PID=676) to work on /home/airflow/.local/lib/python3.12/site-packages/airflow/example_dags/example_sensor_decorator.py
[2026-04-28T00:09:13.827+0000] {processor.py:830} INFO - Processing file /home/airflow/.local/lib/python3.12/site-packages/airflow/example_dags/example_sensor_decorator.py for tasks to queue
[2026-04-28T00:09:13.829+0000] {logging_mixin.py:188} INFO - [2026-04-28T00:09:13.828+0000] {dagbag.py:540} INFO - Filling up the DagBag from /home/airflow/.local/lib/python3.12/site-packages/airflow/example_dags/example_sensor_decorator.py
[2026-04-28T00:09:13.836+0000] {processor.py:840} INFO - DAG(s) 'example_sensor_decorator' retrieved from /home/airflow/.local/lib/python3.12/site-packages/airflow/example_dags/example_sensor_decorator.py
[2026-04-28T00:09:13.859+0000] {logging_mixin.py:188} INFO - [2026-04-28T00:09:13.859+0000] {dag.py:3096} INFO - Sync 1 DAGs
[2026-04-28T00:09:13.872+0000] {logging_mixin.py:188} INFO - [2026-04-28T00:09:13.872+0000] {dag.py:3954} INFO - Setting next_dagrun for example_sensor_decorator to None, run_after=None
[2026-04-28T00:09:13.893+0000] {processor.py:183} INFO - Processing /home/airflow/.local/lib/python3.12/site-packages/airflow/example_dags/example_sensor_decorator.py took 0.073 seconds
[2026-04-28T00:09:44.007+0000] {processor.py:161} INFO - Started process (PID=735) to work on /home/airflow/.local/lib/python3.12/site-packages/airflow/example_dags/example_sensor_decorator.py
[2026-04-28T00:09:44.008+0000] {processor.py:830} INFO - Processing file /home/airflow/.local/lib/python3.12/site-packages/airflow/example_dags/example_sensor_decorator.py for tasks to queue
[2026-04-28T00:09:44.010+0000] {logging_mixin.py:188} INFO - [2026-04-28T00:09:44.010+0000] {dagbag.py:540} INFO - Filling up the DagBag from /home/airflow/.local/lib/python3.12/site-packages/airflow/example_dags/example_sensor_decorator.py
[2026-04-28T00:09:44.017+0000] {processor.py:840} INFO - DAG(s) 'example_sensor_decorator' retrieved from /home/airflow/.local/lib/python3.12/site-packages/airflow/example_dags/example_sensor_decorator.py
[2026-04-28T00:09:44.046+0000] {logging_mixin.py:188} INFO - [2026-04-28T00:09:44.045+0000] {dag.py:3096} INFO - Sync 1 DAGs
[2026-04-28T00:09:44.061+0000] {logging_mixin.py:188} INFO - [2026-04-28T00:09:44.060+0000] {dag.py:3954} INFO - Setting next_dagrun for example_sensor_decorator to None, run_after=None
[2026-04-28T00:09:44.086+0000] {processor.py:183} INFO - Processing /home/airflow/.local/lib/python3.12/site-packages/airflow/example_dags/example_sensor_decorator.py took 0.086 seconds
[2026-04-28T00:10:14.254+0000] {processor.py:161} INFO - Started process (PID=794) to work on /home/airflow/.local/lib/python3.12/site-packages/airflow/example_dags/example_sensor_decorator.py
[2026-04-28T00:10:14.256+0000] {processor.py:830} INFO - Processing file /home/airflow/.local/lib/python3.12/site-packages/airflow/example_dags/example_sensor_decorator.py for tasks to queue
[2026-04-28T00:10:14.257+0000] {logging_mixin.py:188} INFO - [2026-04-28T00:10:14.257+0000] {dagbag.py:540} INFO - Filling up the DagBag from /home/airflow/.local/lib/python3.12/site-packages/airflow/example_dags/example_sensor_decorator.py
[2026-04-28T00:10:14.268+0000] {processor.py:840} INFO - DAG(s) 'example_sensor_decorator' retrieved from /home/airflow/.local/lib/python3.12/site-packages/airflow/example_dags/example_sensor_decorator.py
[2026-04-28T00:10:15.586+0000] {logging_mixin.py:188} INFO - [2026-04-28T00:10:15.585+0000] {dag.py:3096} INFO - Sync 1 DAGs
[2026-04-28T00:10:15.599+0000] {logging_mixin.py:188} INFO - [2026-04-28T00:10:15.599+0000] {dag.py:3954} INFO - Setting next_dagrun for example_sensor_decorator to None, run_after=None
[2026-04-28T00:10:15.623+0000] {processor.py:183} INFO - Processing /home/airflow/.local/lib/python3.12/site-packages/airflow/example_dags/example_sensor_decorator.py took 1.378 seconds
[2026-04-28T00:10:50.167+0000] {processor.py:161} INFO - Started process (PID=859) to work on /home/airflow/.local/lib/python3.12/site-packages/airflow/example_dags/example_sensor_decorator.py
[2026-04-28T00:10:50.169+0000] {processor.py:830} INFO - Processing file /home/airflow/.local/lib/python3.12/site-packages/airflow/example_dags/example_sensor_decorator.py for tasks to queue
[2026-04-28T00:10:50.170+0000] {logging_mixin.py:188} INFO - [2026-04-28T00:10:50.170+0000] {dagbag.py:540} INFO - Filling up the DagBag from /home/airflow/.local/lib/python3.12/site-packages/airflow/example_dags/example_sensor_decorator.py
[2026-04-28T00:10:50.177+0000] {processor.py:840} INFO - DAG(s) 'example_sensor_decorator' retrieved from /home/airflow/.local/lib/python3.12/site-packages/airflow/example_dags/example_sensor_decorator.py
[2026-04-28T00:10:50.200+0000] {logging_mixin.py:188} INFO - [2026-04-28T00:10:50.200+0000] {dag.py:3096} INFO - Sync 1 DAGs
[2026-04-28T00:10:50.215+0000] {logging_mixin.py:188} INFO - [2026-04-28T00:10:50.215+0000] {dag.py:3954} INFO - Setting next_dagrun for example_sensor_decorator to None, run_after=None
[2026-04-28T00:10:50.304+0000] {processor.py:183} INFO - Processing /home/airflow/.local/lib/python3.12/site-packages/airflow/example_dags/example_sensor_decorator.py took 0.143 seconds
[2026-04-28T00:11:21.036+0000] {processor.py:161} INFO - Started process (PID=918) to work on /home/airflow/.local/lib/python3.12/site-packages/airflow/example_dags/example_sensor_decorator.py
[2026-04-28T00:11:21.037+0000] {processor.py:830} INFO - Processing file /home/airflow/.local/lib/python3.12/site-packages/airflow/example_dags/example_sensor_decorator.py for tasks to queue
[2026-04-28T00:11:21.038+0000] {logging_mixin.py:188} INFO - [2026-04-28T00:11:21.038+0000] {dagbag.py:540} INFO - Filling up the DagBag from /home/airflow/.local/lib/python3.12/site-packages/airflow/example_dags/example_sensor_decorator.py
[2026-04-28T00:11:21.046+0000] {processor.py:840} INFO - DAG(s) 'example_sensor_decorator' retrieved from /home/airflow/.local/lib/python3.12/site-packages/airflow/example_dags/example_sensor_decorator.py
[2026-04-28T00:11:21.072+0000] {logging_mixin.py:188} INFO - [2026-04-28T00:11:21.072+0000] {dag.py:3096} INFO - Sync 1 DAGs
[2026-04-28T00:11:21.087+0000] {logging_mixin.py:188} INFO - [2026-04-28T00:11:21.087+0000] {dag.py:3954} INFO - Setting next_dagrun for example_sensor_decorator to None, run_after=None
[2026-04-28T00:11:21.112+0000] {processor.py:183} INFO - Processing /home/airflow/.local/lib/python3.12/site-packages/airflow/example_dags/example_sensor_decorator.py took 0.083 seconds
[2026-04-28T00:11:51.248+0000] {processor.py:161} INFO - Started process (PID=977) to work on /home/airflow/.local/lib/python3.12/site-packages/airflow/example_dags/example_sensor_decorator.py
[2026-04-28T00:11:51.252+0000] {processor.py:830} INFO - Processing file /home/airflow/.local/lib/python3.12/site-packages/airflow/example_dags/example_sensor_decorator.py for tasks to queue
[2026-04-28T00:11:51.254+0000] {logging_mixin.py:188} INFO - [2026-04-28T00:11:51.253+0000] {dagbag.py:540} INFO - Filling up the DagBag from /home/airflow/.local/lib/python3.12/site-packages/airflow/example_dags/example_sensor_decorator.py
[2026-04-28T00:11:51.261+0000] {processor.py:840} INFO - DAG(s) 'example_sensor_decorator' retrieved from /home/airflow/.local/lib/python3.12/site-packages/airflow/example_dags/example_sensor_decorator.py
[2026-04-28T00:11:51.283+0000] {logging_mixin.py:188} INFO - [2026-04-28T00:11:51.282+0000] {dag.py:3096} INFO - Sync 1 DAGs
[2026-04-28T00:11:51.296+0000] {logging_mixin.py:188} INFO - [2026-04-28T00:11:51.296+0000] {dag.py:3954} INFO - Setting next_dagrun for example_sensor_decorator to None, run_after=None
[2026-04-28T00:11:51.317+0000] {processor.py:183} INFO - Processing /home/airflow/.local/lib/python3.12/site-packages/airflow/example_dags/example_sensor_decorator.py took 0.074 seconds
[2026-04-28T00:12:22.755+0000] {processor.py:161} INFO - Started process (PID=1036) to work on /home/airflow/.local/lib/python3.12/site-packages/airflow/example_dags/example_sensor_decorator.py
[2026-04-28T00:12:22.756+0000] {processor.py:830} INFO - Processing file /home/airflow/.local/lib/python3.12/site-packages/airflow/example_dags/example_sensor_decorator.py for tasks to queue
[2026-04-28T00:12:22.758+0000] {logging_mixin.py:188} INFO - [2026-04-28T00:12:22.757+0000] {dagbag.py:540} INFO - Filling up the DagBag from /home/airflow/.local/lib/python3.12/site-packages/airflow/example_dags/example_sensor_decorator.py
[2026-04-28T00:12:22.765+0000] {processor.py:840} INFO - DAG(s) 'example_sensor_decorator' retrieved from /home/airflow/.local/lib/python3.12/site-packages/airflow/example_dags/example_sensor_decorator.py
[2026-04-28T00:12:22.786+0000] {logging_mixin.py:188} INFO - [2026-04-28T00:12:22.786+0000] {dag.py:3096} INFO - Sync 1 DAGs
[2026-04-28T00:12:22.799+0000] {logging_mixin.py:188} INFO - [2026-04-28T00:12:22.799+0000] {dag.py:3954} INFO - Setting next_dagrun for example_sensor_decorator to None, run_after=None
[2026-04-28T00:12:22.819+0000] {processor.py:183} INFO - Processing /home/airflow/.local/lib/python3.12/site-packages/airflow/example_dags/example_sensor_decorator.py took 0.070 seconds
[2026-04-28T00:12:53.114+0000] {processor.py:161} INFO - Started process (PID=1095) to work on /home/airflow/.local/lib/python3.12/site-packages/airflow/example_dags/example_sensor_decorator.py
[2026-04-28T00:12:53.116+0000] {processor.py:830} INFO - Processing file /home/airflow/.local/lib/python3.12/site-packages/airflow/example_dags/example_sensor_decorator.py for tasks to queue
[2026-04-28T00:12:53.117+0000] {logging_mixin.py:188} INFO - [2026-04-28T00:12:53.117+0000] {dagbag.py:540} INFO - Filling up the DagBag from /home/airflow/.local/lib/python3.12/site-packages/airflow/example_dags/example_sensor_decorator.py
[2026-04-28T00:12:53.125+0000] {processor.py:840} INFO - DAG(s) 'example_sensor_decorator' retrieved from /home/airflow/.local/lib/python3.12/site-packages/airflow/example_dags/example_sensor_decorator.py
[2026-04-28T00:12:53.152+0000] {logging_mixin.py:188} INFO - [2026-04-28T00:12:53.151+0000] {dag.py:3096} INFO - Sync 1 DAGs
[2026-04-28T00:12:53.169+0000] {logging_mixin.py:188} INFO - [2026-04-28T00:12:53.169+0000] {dag.py:3954} INFO - Setting next_dagrun for example_sensor_decorator to None, run_after=None
[2026-04-28T00:12:53.199+0000] {processor.py:183} INFO - Processing /home/airflow/.local/lib/python3.12/site-packages/airflow/example_dags/example_sensor_decorator.py took 0.092 seconds
