[2026-04-28T00:00:20.352+0000] {processor.py:161} INFO - Started process (PID=147) to work on /home/airflow/.local/lib/python3.12/site-packages/airflow/example_dags/example_branch_python_dop_operator_3.py
[2026-04-28T00:00:20.353+0000] {processor.py:830} INFO - Processing file /home/airflow/.local/lib/python3.12/site-packages/airflow/example_dags/example_branch_python_dop_operator_3.py for tasks to queue
[2026-04-28T00:00:20.357+0000] {logging_mixin.py:188} INFO - [2026-04-28T00:00:20.356+0000] {dagbag.py:540} INFO - Filling up the DagBag from /home/airflow/.local/lib/python3.12/site-packages/airflow/example_dags/example_branch_python_dop_operator_3.py
[2026-04-28T00:00:20.436+0000] {processor.py:840} INFO - DAG(s) 'example_branch_dop_operator_v3' retrieved from /home/airflow/.local/lib/python3.12/site-packages/airflow/example_dags/example_branch_python_dop_operator_3.py
[2026-04-28T00:00:20.463+0000] {logging_mixin.py:188} INFO - [2026-04-28T00:00:20.463+0000] {dag.py:3096} INFO - Sync 1 DAGs
[2026-04-28T00:00:20.617+0000] {logging_mixin.py:188} INFO - [2026-04-28T00:00:20.616+0000] {dag.py:3954} INFO - Setting next_dagrun for example_branch_dop_operator_v3 to 2026-04-27 23:59:00+00:00, run_after=2026-04-28 00:00:00+00:00
[2026-04-28T00:00:20.732+0000] {processor.py:183} INFO - Processing /home/airflow/.local/lib/python3.12/site-packages/airflow/example_dags/example_branch_python_dop_operator_3.py took 0.390 seconds
[2026-04-28T00:03:14.912+0000] {processor.py:161} INFO - Started process (PID=228) to work on /home/airflow/.local/lib/python3.12/site-packages/airflow/example_dags/example_branch_python_dop_operator_3.py
[2026-04-28T00:03:14.914+0000] {processor.py:830} INFO - Processing file /home/airflow/.local/lib/python3.12/site-packages/airflow/example_dags/example_branch_python_dop_operator_3.py for tasks to queue
[2026-04-28T00:03:14.916+0000] {logging_mixin.py:188} INFO - [2026-04-28T00:03:14.916+0000] {dagbag.py:540} INFO - Filling up the DagBag from /home/airflow/.local/lib/python3.12/site-packages/airflow/example_dags/example_branch_python_dop_operator_3.py
[2026-04-28T00:03:14.928+0000] {processor.py:840} INFO - DAG(s) 'example_branch_dop_operator_v3' retrieved from /home/airflow/.local/lib/python3.12/site-packages/airflow/example_dags/example_branch_python_dop_operator_3.py
[2026-04-28T00:03:15.058+0000] {logging_mixin.py:188} INFO - [2026-04-28T00:03:15.058+0000] {dag.py:3096} INFO - Sync 1 DAGs
[2026-04-28T00:03:15.095+0000] {logging_mixin.py:188} INFO - [2026-04-28T00:03:15.095+0000] {dag.py:3954} INFO - Setting next_dagrun for example_branch_dop_operator_v3 to 2026-04-28 00:02:00+00:00, run_after=2026-04-28 00:03:00+00:00
[2026-04-28T00:03:16.261+0000] {processor.py:183} INFO - Processing /home/airflow/.local/lib/python3.12/site-packages/airflow/example_dags/example_branch_python_dop_operator_3.py took 1.355 seconds
[2026-04-28T00:04:34.113+0000] {processor.py:161} INFO - Started process (PID=287) to work on /home/airflow/.local/lib/python3.12/site-packages/airflow/example_dags/example_branch_python_dop_operator_3.py
[2026-04-28T00:04:34.115+0000] {processor.py:830} INFO - Processing file /home/airflow/.local/lib/python3.12/site-packages/airflow/example_dags/example_branch_python_dop_operator_3.py for tasks to queue
[2026-04-28T00:04:34.116+0000] {logging_mixin.py:188} INFO - [2026-04-28T00:04:34.116+0000] {dagbag.py:540} INFO - Filling up the DagBag from /home/airflow/.local/lib/python3.12/site-packages/airflow/example_dags/example_branch_python_dop_operator_3.py
[2026-04-28T00:04:34.129+0000] {processor.py:840} INFO - DAG(s) 'example_branch_dop_operator_v3' retrieved from /home/airflow/.local/lib/python3.12/site-packages/airflow/example_dags/example_branch_python_dop_operator_3.py
[2026-04-28T00:04:34.384+0000] {logging_mixin.py:188} INFO - [2026-04-28T00:04:34.384+0000] {dag.py:3096} INFO - Sync 1 DAGs
[2026-04-28T00:04:34.630+0000] {logging_mixin.py:188} INFO - [2026-04-28T00:04:34.630+0000] {dag.py:3954} INFO - Setting next_dagrun for example_branch_dop_operator_v3 to 2026-04-28 00:03:00+00:00, run_after=2026-04-28 00:04:00+00:00
[2026-04-28T00:04:34.758+0000] {processor.py:183} INFO - Processing /home/airflow/.local/lib/python3.12/site-packages/airflow/example_dags/example_branch_python_dop_operator_3.py took 0.657 seconds
[2026-04-28T00:06:13.990+0000] {processor.py:161} INFO - Started process (PID=356) to work on /home/airflow/.local/lib/python3.12/site-packages/airflow/example_dags/example_branch_python_dop_operator_3.py
[2026-04-28T00:06:13.992+0000] {processor.py:830} INFO - Processing file /home/airflow/.local/lib/python3.12/site-packages/airflow/example_dags/example_branch_python_dop_operator_3.py for tasks to queue
[2026-04-28T00:06:13.993+0000] {logging_mixin.py:188} INFO - [2026-04-28T00:06:13.992+0000] {dagbag.py:540} INFO - Filling up the DagBag from /home/airflow/.local/lib/python3.12/site-packages/airflow/example_dags/example_branch_python_dop_operator_3.py
[2026-04-28T00:06:14.002+0000] {processor.py:840} INFO - DAG(s) 'example_branch_dop_operator_v3' retrieved from /home/airflow/.local/lib/python3.12/site-packages/airflow/example_dags/example_branch_python_dop_operator_3.py
[2026-04-28T00:06:14.026+0000] {logging_mixin.py:188} INFO - [2026-04-28T00:06:14.026+0000] {dag.py:3096} INFO - Sync 1 DAGs
[2026-04-28T00:06:14.053+0000] {logging_mixin.py:188} INFO - [2026-04-28T00:06:14.052+0000] {dag.py:3954} INFO - Setting next_dagrun for example_branch_dop_operator_v3 to 2026-04-28 00:05:00+00:00, run_after=2026-04-28 00:06:00+00:00
[2026-04-28T00:06:14.077+0000] {processor.py:183} INFO - Processing /home/airflow/.local/lib/python3.12/site-packages/airflow/example_dags/example_branch_python_dop_operator_3.py took 0.093 seconds
[2026-04-28T00:06:44.427+0000] {processor.py:161} INFO - Started process (PID=415) to work on /home/airflow/.local/lib/python3.12/site-packages/airflow/example_dags/example_branch_python_dop_operator_3.py
[2026-04-28T00:06:44.428+0000] {processor.py:830} INFO - Processing file /home/airflow/.local/lib/python3.12/site-packages/airflow/example_dags/example_branch_python_dop_operator_3.py for tasks to queue
[2026-04-28T00:06:44.430+0000] {logging_mixin.py:188} INFO - [2026-04-28T00:06:44.429+0000] {dagbag.py:540} INFO - Filling up the DagBag from /home/airflow/.local/lib/python3.12/site-packages/airflow/example_dags/example_branch_python_dop_operator_3.py
[2026-04-28T00:06:44.440+0000] {processor.py:840} INFO - DAG(s) 'example_branch_dop_operator_v3' retrieved from /home/airflow/.local/lib/python3.12/site-packages/airflow/example_dags/example_branch_python_dop_operator_3.py
[2026-04-28T00:06:44.465+0000] {logging_mixin.py:188} INFO - [2026-04-28T00:06:44.464+0000] {dag.py:3096} INFO - Sync 1 DAGs
[2026-04-28T00:06:44.491+0000] {logging_mixin.py:188} INFO - [2026-04-28T00:06:44.491+0000] {dag.py:3954} INFO - Setting next_dagrun for example_branch_dop_operator_v3 to 2026-04-28 00:05:00+00:00, run_after=2026-04-28 00:06:00+00:00
[2026-04-28T00:06:44.515+0000] {processor.py:183} INFO - Processing /home/airflow/.local/lib/python3.12/site-packages/airflow/example_dags/example_branch_python_dop_operator_3.py took 0.095 seconds
[2026-04-28T00:07:14.749+0000] {processor.py:161} INFO - Started process (PID=473) to work on /home/airflow/.local/lib/python3.12/site-packages/airflow/example_dags/example_branch_python_dop_operator_3.py
[2026-04-28T00:07:14.750+0000] {processor.py:830} INFO - Processing file /home/airflow/.local/lib/python3.12/site-packages/airflow/example_dags/example_branch_python_dop_operator_3.py for tasks to queue
[2026-04-28T00:07:14.752+0000] {logging_mixin.py:188} INFO - [2026-04-28T00:07:14.751+0000] {dagbag.py:540} INFO - Filling up the DagBag from /home/airflow/.local/lib/python3.12/site-packages/airflow/example_dags/example_branch_python_dop_operator_3.py
[2026-04-28T00:07:14.762+0000] {processor.py:840} INFO - DAG(s) 'example_branch_dop_operator_v3' retrieved from /home/airflow/.local/lib/python3.12/site-packages/airflow/example_dags/example_branch_python_dop_operator_3.py
[2026-04-28T00:07:14.785+0000] {logging_mixin.py:188} INFO - [2026-04-28T00:07:14.785+0000] {dag.py:3096} INFO - Sync 1 DAGs
[2026-04-28T00:07:14.811+0000] {logging_mixin.py:188} INFO - [2026-04-28T00:07:14.811+0000] {dag.py:3954} INFO - Setting next_dagrun for example_branch_dop_operator_v3 to 2026-04-28 00:06:00+00:00, run_after=2026-04-28 00:07:00+00:00
[2026-04-28T00:07:14.830+0000] {processor.py:183} INFO - Processing /home/airflow/.local/lib/python3.12/site-packages/airflow/example_dags/example_branch_python_dop_operator_3.py took 0.088 seconds
[2026-04-28T00:07:45.869+0000] {processor.py:161} INFO - Started process (PID=531) to work on /home/airflow/.local/lib/python3.12/site-packages/airflow/example_dags/example_branch_python_dop_operator_3.py
[2026-04-28T00:07:45.871+0000] {processor.py:830} INFO - Processing file /home/airflow/.local/lib/python3.12/site-packages/airflow/example_dags/example_branch_python_dop_operator_3.py for tasks to queue
[2026-04-28T00:07:45.872+0000] {logging_mixin.py:188} INFO - [2026-04-28T00:07:45.871+0000] {dagbag.py:540} INFO - Filling up the DagBag from /home/airflow/.local/lib/python3.12/site-packages/airflow/example_dags/example_branch_python_dop_operator_3.py
[2026-04-28T00:07:45.881+0000] {processor.py:840} INFO - DAG(s) 'example_branch_dop_operator_v3' retrieved from /home/airflow/.local/lib/python3.12/site-packages/airflow/example_dags/example_branch_python_dop_operator_3.py
[2026-04-28T00:07:45.904+0000] {logging_mixin.py:188} INFO - [2026-04-28T00:07:45.904+0000] {dag.py:3096} INFO - Sync 1 DAGs
[2026-04-28T00:07:45.931+0000] {logging_mixin.py:188} INFO - [2026-04-28T00:07:45.931+0000] {dag.py:3954} INFO - Setting next_dagrun for example_branch_dop_operator_v3 to 2026-04-28 00:06:00+00:00, run_after=2026-04-28 00:07:00+00:00
[2026-04-28T00:07:45.952+0000] {processor.py:183} INFO - Processing /home/airflow/.local/lib/python3.12/site-packages/airflow/example_dags/example_branch_python_dop_operator_3.py took 0.089 seconds
[2026-04-28T00:08:16.442+0000] {processor.py:161} INFO - Started process (PID=590) to work on /home/airflow/.local/lib/python3.12/site-packages/airflow/example_dags/example_branch_python_dop_operator_3.py
[2026-04-28T00:08:16.444+0000] {processor.py:830} INFO - Processing file /home/airflow/.local/lib/python3.12/site-packages/airflow/example_dags/example_branch_python_dop_operator_3.py for tasks to queue
[2026-04-28T00:08:16.446+0000] {logging_mixin.py:188} INFO - [2026-04-28T00:08:16.445+0000] {dagbag.py:540} INFO - Filling up the DagBag from /home/airflow/.local/lib/python3.12/site-packages/airflow/example_dags/example_branch_python_dop_operator_3.py
[2026-04-28T00:08:16.464+0000] {processor.py:840} INFO - DAG(s) 'example_branch_dop_operator_v3' retrieved from /home/airflow/.local/lib/python3.12/site-packages/airflow/example_dags/example_branch_python_dop_operator_3.py
[2026-04-28T00:08:16.493+0000] {logging_mixin.py:188} INFO - [2026-04-28T00:08:16.493+0000] {dag.py:3096} INFO - Sync 1 DAGs
[2026-04-28T00:08:16.529+0000] {logging_mixin.py:188} INFO - [2026-04-28T00:08:16.528+0000] {dag.py:3954} INFO - Setting next_dagrun for example_branch_dop_operator_v3 to 2026-04-28 00:07:00+00:00, run_after=2026-04-28 00:08:00+00:00
[2026-04-28T00:08:16.555+0000] {processor.py:183} INFO - Processing /home/airflow/.local/lib/python3.12/site-packages/airflow/example_dags/example_branch_python_dop_operator_3.py took 0.121 seconds
[2026-04-28T00:08:46.790+0000] {processor.py:161} INFO - Started process (PID=648) to work on /home/airflow/.local/lib/python3.12/site-packages/airflow/example_dags/example_branch_python_dop_operator_3.py
[2026-04-28T00:08:46.792+0000] {processor.py:830} INFO - Processing file /home/airflow/.local/lib/python3.12/site-packages/airflow/example_dags/example_branch_python_dop_operator_3.py for tasks to queue
[2026-04-28T00:08:46.793+0000] {logging_mixin.py:188} INFO - [2026-04-28T00:08:46.793+0000] {dagbag.py:540} INFO - Filling up the DagBag from /home/airflow/.local/lib/python3.12/site-packages/airflow/example_dags/example_branch_python_dop_operator_3.py
[2026-04-28T00:08:46.802+0000] {processor.py:840} INFO - DAG(s) 'example_branch_dop_operator_v3' retrieved from /home/airflow/.local/lib/python3.12/site-packages/airflow/example_dags/example_branch_python_dop_operator_3.py
[2026-04-28T00:08:46.825+0000] {logging_mixin.py:188} INFO - [2026-04-28T00:08:46.825+0000] {dag.py:3096} INFO - Sync 1 DAGs
[2026-04-28T00:08:46.850+0000] {logging_mixin.py:188} INFO - [2026-04-28T00:08:46.850+0000] {dag.py:3954} INFO - Setting next_dagrun for example_branch_dop_operator_v3 to 2026-04-28 00:07:00+00:00, run_after=2026-04-28 00:08:00+00:00
[2026-04-28T00:08:46.871+0000] {processor.py:183} INFO - Processing /home/airflow/.local/lib/python3.12/site-packages/airflow/example_dags/example_branch_python_dop_operator_3.py took 0.086 seconds
[2026-04-28T00:09:17.340+0000] {processor.py:161} INFO - Started process (PID=707) to work on /home/airflow/.local/lib/python3.12/site-packages/airflow/example_dags/example_branch_python_dop_operator_3.py
[2026-04-28T00:09:17.341+0000] {processor.py:830} INFO - Processing file /home/airflow/.local/lib/python3.12/site-packages/airflow/example_dags/example_branch_python_dop_operator_3.py for tasks to queue
[2026-04-28T00:09:17.342+0000] {logging_mixin.py:188} INFO - [2026-04-28T00:09:17.342+0000] {dagbag.py:540} INFO - Filling up the DagBag from /home/airflow/.local/lib/python3.12/site-packages/airflow/example_dags/example_branch_python_dop_operator_3.py
[2026-04-28T00:09:17.352+0000] {processor.py:840} INFO - DAG(s) 'example_branch_dop_operator_v3' retrieved from /home/airflow/.local/lib/python3.12/site-packages/airflow/example_dags/example_branch_python_dop_operator_3.py
[2026-04-28T00:09:17.377+0000] {logging_mixin.py:188} INFO - [2026-04-28T00:09:17.377+0000] {dag.py:3096} INFO - Sync 1 DAGs
[2026-04-28T00:09:17.404+0000] {logging_mixin.py:188} INFO - [2026-04-28T00:09:17.404+0000] {dag.py:3954} INFO - Setting next_dagrun for example_branch_dop_operator_v3 to 2026-04-28 00:08:00+00:00, run_after=2026-04-28 00:09:00+00:00
[2026-04-28T00:09:17.426+0000] {processor.py:183} INFO - Processing /home/airflow/.local/lib/python3.12/site-packages/airflow/example_dags/example_branch_python_dop_operator_3.py took 0.093 seconds
[2026-04-28T00:09:48.399+0000] {processor.py:161} INFO - Started process (PID=767) to work on /home/airflow/.local/lib/python3.12/site-packages/airflow/example_dags/example_branch_python_dop_operator_3.py
[2026-04-28T00:09:48.400+0000] {processor.py:830} INFO - Processing file /home/airflow/.local/lib/python3.12/site-packages/airflow/example_dags/example_branch_python_dop_operator_3.py for tasks to queue
[2026-04-28T00:09:48.401+0000] {logging_mixin.py:188} INFO - [2026-04-28T00:09:48.401+0000] {dagbag.py:540} INFO - Filling up the DagBag from /home/airflow/.local/lib/python3.12/site-packages/airflow/example_dags/example_branch_python_dop_operator_3.py
[2026-04-28T00:09:48.412+0000] {processor.py:840} INFO - DAG(s) 'example_branch_dop_operator_v3' retrieved from /home/airflow/.local/lib/python3.12/site-packages/airflow/example_dags/example_branch_python_dop_operator_3.py
[2026-04-28T00:09:48.439+0000] {logging_mixin.py:188} INFO - [2026-04-28T00:09:48.439+0000] {dag.py:3096} INFO - Sync 1 DAGs
[2026-04-28T00:09:48.468+0000] {logging_mixin.py:188} INFO - [2026-04-28T00:09:48.468+0000] {dag.py:3954} INFO - Setting next_dagrun for example_branch_dop_operator_v3 to 2026-04-28 00:08:00+00:00, run_after=2026-04-28 00:09:00+00:00
[2026-04-28T00:09:48.497+0000] {processor.py:183} INFO - Processing /home/airflow/.local/lib/python3.12/site-packages/airflow/example_dags/example_branch_python_dop_operator_3.py took 0.104 seconds
[2026-04-28T00:10:21.658+0000] {processor.py:161} INFO - Started process (PID=826) to work on /home/airflow/.local/lib/python3.12/site-packages/airflow/example_dags/example_branch_python_dop_operator_3.py
[2026-04-28T00:10:21.660+0000] {processor.py:830} INFO - Processing file /home/airflow/.local/lib/python3.12/site-packages/airflow/example_dags/example_branch_python_dop_operator_3.py for tasks to queue
[2026-04-28T00:10:21.661+0000] {logging_mixin.py:188} INFO - [2026-04-28T00:10:21.660+0000] {dagbag.py:540} INFO - Filling up the DagBag from /home/airflow/.local/lib/python3.12/site-packages/airflow/example_dags/example_branch_python_dop_operator_3.py
[2026-04-28T00:10:21.670+0000] {processor.py:840} INFO - DAG(s) 'example_branch_dop_operator_v3' retrieved from /home/airflow/.local/lib/python3.12/site-packages/airflow/example_dags/example_branch_python_dop_operator_3.py
[2026-04-28T00:10:21.695+0000] {logging_mixin.py:188} INFO - [2026-04-28T00:10:21.695+0000] {dag.py:3096} INFO - Sync 1 DAGs
[2026-04-28T00:10:21.722+0000] {logging_mixin.py:188} INFO - [2026-04-28T00:10:21.721+0000] {dag.py:3954} INFO - Setting next_dagrun for example_branch_dop_operator_v3 to 2026-04-28 00:09:00+00:00, run_after=2026-04-28 00:10:00+00:00
[2026-04-28T00:10:21.743+0000] {processor.py:183} INFO - Processing /home/airflow/.local/lib/python3.12/site-packages/airflow/example_dags/example_branch_python_dop_operator_3.py took 0.092 seconds
[2026-04-28T00:10:52.491+0000] {processor.py:161} INFO - Started process (PID=885) to work on /home/airflow/.local/lib/python3.12/site-packages/airflow/example_dags/example_branch_python_dop_operator_3.py
[2026-04-28T00:10:52.492+0000] {processor.py:830} INFO - Processing file /home/airflow/.local/lib/python3.12/site-packages/airflow/example_dags/example_branch_python_dop_operator_3.py for tasks to queue
[2026-04-28T00:10:52.493+0000] {logging_mixin.py:188} INFO - [2026-04-28T00:10:52.493+0000] {dagbag.py:540} INFO - Filling up the DagBag from /home/airflow/.local/lib/python3.12/site-packages/airflow/example_dags/example_branch_python_dop_operator_3.py
[2026-04-28T00:10:52.503+0000] {processor.py:840} INFO - DAG(s) 'example_branch_dop_operator_v3' retrieved from /home/airflow/.local/lib/python3.12/site-packages/airflow/example_dags/example_branch_python_dop_operator_3.py
[2026-04-28T00:10:52.527+0000] {logging_mixin.py:188} INFO - [2026-04-28T00:10:52.526+0000] {dag.py:3096} INFO - Sync 1 DAGs
[2026-04-28T00:10:52.554+0000] {logging_mixin.py:188} INFO - [2026-04-28T00:10:52.554+0000] {dag.py:3954} INFO - Setting next_dagrun for example_branch_dop_operator_v3 to 2026-04-28 00:09:00+00:00, run_after=2026-04-28 00:10:00+00:00
[2026-04-28T00:10:52.576+0000] {processor.py:183} INFO - Processing /home/airflow/.local/lib/python3.12/site-packages/airflow/example_dags/example_branch_python_dop_operator_3.py took 0.092 seconds
[2026-04-28T00:11:23.484+0000] {processor.py:161} INFO - Started process (PID=944) to work on /home/airflow/.local/lib/python3.12/site-packages/airflow/example_dags/example_branch_python_dop_operator_3.py
[2026-04-28T00:11:23.486+0000] {processor.py:830} INFO - Processing file /home/airflow/.local/lib/python3.12/site-packages/airflow/example_dags/example_branch_python_dop_operator_3.py for tasks to queue
[2026-04-28T00:11:23.487+0000] {logging_mixin.py:188} INFO - [2026-04-28T00:11:23.487+0000] {dagbag.py:540} INFO - Filling up the DagBag from /home/airflow/.local/lib/python3.12/site-packages/airflow/example_dags/example_branch_python_dop_operator_3.py
[2026-04-28T00:11:23.497+0000] {processor.py:840} INFO - DAG(s) 'example_branch_dop_operator_v3' retrieved from /home/airflow/.local/lib/python3.12/site-packages/airflow/example_dags/example_branch_python_dop_operator_3.py
[2026-04-28T00:11:23.522+0000] {logging_mixin.py:188} INFO - [2026-04-28T00:11:23.522+0000] {dag.py:3096} INFO - Sync 1 DAGs
[2026-04-28T00:11:23.554+0000] {logging_mixin.py:188} INFO - [2026-04-28T00:11:23.554+0000] {dag.py:3954} INFO - Setting next_dagrun for example_branch_dop_operator_v3 to 2026-04-28 00:10:00+00:00, run_after=2026-04-28 00:11:00+00:00
[2026-04-28T00:11:23.580+0000] {processor.py:183} INFO - Processing /home/airflow/.local/lib/python3.12/site-packages/airflow/example_dags/example_branch_python_dop_operator_3.py took 0.103 seconds
[2026-04-28T00:11:57.732+0000] {processor.py:161} INFO - Started process (PID=1003) to work on /home/airflow/.local/lib/python3.12/site-packages/airflow/example_dags/example_branch_python_dop_operator_3.py
[2026-04-28T00:11:57.733+0000] {processor.py:830} INFO - Processing file /home/airflow/.local/lib/python3.12/site-packages/airflow/example_dags/example_branch_python_dop_operator_3.py for tasks to queue
[2026-04-28T00:11:57.735+0000] {logging_mixin.py:188} INFO - [2026-04-28T00:11:57.734+0000] {dagbag.py:540} INFO - Filling up the DagBag from /home/airflow/.local/lib/python3.12/site-packages/airflow/example_dags/example_branch_python_dop_operator_3.py
[2026-04-28T00:11:57.745+0000] {processor.py:840} INFO - DAG(s) 'example_branch_dop_operator_v3' retrieved from /home/airflow/.local/lib/python3.12/site-packages/airflow/example_dags/example_branch_python_dop_operator_3.py
[2026-04-28T00:11:57.771+0000] {logging_mixin.py:188} INFO - [2026-04-28T00:11:57.771+0000] {dag.py:3096} INFO - Sync 1 DAGs
[2026-04-28T00:11:57.805+0000] {logging_mixin.py:188} INFO - [2026-04-28T00:11:57.805+0000] {dag.py:3954} INFO - Setting next_dagrun for example_branch_dop_operator_v3 to 2026-04-28 00:10:00+00:00, run_after=2026-04-28 00:11:00+00:00
[2026-04-28T00:11:57.829+0000] {processor.py:183} INFO - Processing /home/airflow/.local/lib/python3.12/site-packages/airflow/example_dags/example_branch_python_dop_operator_3.py took 0.104 seconds
[2026-04-28T00:12:28.715+0000] {processor.py:161} INFO - Started process (PID=1062) to work on /home/airflow/.local/lib/python3.12/site-packages/airflow/example_dags/example_branch_python_dop_operator_3.py
[2026-04-28T00:12:28.717+0000] {processor.py:830} INFO - Processing file /home/airflow/.local/lib/python3.12/site-packages/airflow/example_dags/example_branch_python_dop_operator_3.py for tasks to queue
[2026-04-28T00:12:28.718+0000] {logging_mixin.py:188} INFO - [2026-04-28T00:12:28.717+0000] {dagbag.py:540} INFO - Filling up the DagBag from /home/airflow/.local/lib/python3.12/site-packages/airflow/example_dags/example_branch_python_dop_operator_3.py
[2026-04-28T00:12:28.727+0000] {processor.py:840} INFO - DAG(s) 'example_branch_dop_operator_v3' retrieved from /home/airflow/.local/lib/python3.12/site-packages/airflow/example_dags/example_branch_python_dop_operator_3.py
[2026-04-28T00:12:28.751+0000] {logging_mixin.py:188} INFO - [2026-04-28T00:12:28.751+0000] {dag.py:3096} INFO - Sync 1 DAGs
[2026-04-28T00:12:28.775+0000] {logging_mixin.py:188} INFO - [2026-04-28T00:12:28.775+0000] {dag.py:3954} INFO - Setting next_dagrun for example_branch_dop_operator_v3 to 2026-04-28 00:11:00+00:00, run_after=2026-04-28 00:12:00+00:00
[2026-04-28T00:12:28.799+0000] {processor.py:183} INFO - Processing /home/airflow/.local/lib/python3.12/site-packages/airflow/example_dags/example_branch_python_dop_operator_3.py took 0.091 seconds
[2026-04-28T00:12:59.312+0000] {processor.py:161} INFO - Started process (PID=1114) to work on /home/airflow/.local/lib/python3.12/site-packages/airflow/example_dags/example_branch_python_dop_operator_3.py
[2026-04-28T00:12:59.314+0000] {processor.py:830} INFO - Processing file /home/airflow/.local/lib/python3.12/site-packages/airflow/example_dags/example_branch_python_dop_operator_3.py for tasks to queue
[2026-04-28T00:12:59.315+0000] {logging_mixin.py:188} INFO - [2026-04-28T00:12:59.314+0000] {dagbag.py:540} INFO - Filling up the DagBag from /home/airflow/.local/lib/python3.12/site-packages/airflow/example_dags/example_branch_python_dop_operator_3.py
[2026-04-28T00:12:59.325+0000] {processor.py:840} INFO - DAG(s) 'example_branch_dop_operator_v3' retrieved from /home/airflow/.local/lib/python3.12/site-packages/airflow/example_dags/example_branch_python_dop_operator_3.py
[2026-04-28T00:12:59.349+0000] {logging_mixin.py:188} INFO - [2026-04-28T00:12:59.348+0000] {dag.py:3096} INFO - Sync 1 DAGs
[2026-04-28T00:12:59.378+0000] {logging_mixin.py:188} INFO - [2026-04-28T00:12:59.378+0000] {dag.py:3954} INFO - Setting next_dagrun for example_branch_dop_operator_v3 to 2026-04-28 00:11:00+00:00, run_after=2026-04-28 00:12:00+00:00
[2026-04-28T00:12:59.401+0000] {processor.py:183} INFO - Processing /home/airflow/.local/lib/python3.12/site-packages/airflow/example_dags/example_branch_python_dop_operator_3.py took 0.095 seconds
