[2026-04-28T00:00:23.107+0000] {processor.py:161} INFO - Started process (PID=155) to work on /home/airflow/.local/lib/python3.12/site-packages/airflow/example_dags/example_sla_dag.py
[2026-04-28T00:00:23.108+0000] {processor.py:830} INFO - Processing file /home/airflow/.local/lib/python3.12/site-packages/airflow/example_dags/example_sla_dag.py for tasks to queue
[2026-04-28T00:00:23.111+0000] {logging_mixin.py:188} INFO - [2026-04-28T00:00:23.111+0000] {dagbag.py:540} INFO - Filling up the DagBag from /home/airflow/.local/lib/python3.12/site-packages/airflow/example_dags/example_sla_dag.py
[2026-04-28T00:00:23.129+0000] {processor.py:840} INFO - DAG(s) 'example_sla_dag' retrieved from /home/airflow/.local/lib/python3.12/site-packages/airflow/example_dags/example_sla_dag.py
[2026-04-28T00:00:23.149+0000] {logging_mixin.py:188} INFO - [2026-04-28T00:00:23.149+0000] {dag.py:3096} INFO - Sync 1 DAGs
[2026-04-28T00:00:23.177+0000] {logging_mixin.py:188} INFO - [2026-04-28T00:00:23.177+0000] {dag.py:3954} INFO - Setting next_dagrun for example_sla_dag to 2026-04-27 23:58:00+00:00, run_after=2026-04-28 00:00:00+00:00
[2026-04-28T00:00:23.198+0000] {processor.py:183} INFO - Processing /home/airflow/.local/lib/python3.12/site-packages/airflow/example_dags/example_sla_dag.py took 0.098 seconds
[2026-04-28T00:04:09.122+0000] {processor.py:161} INFO - Started process (PID=243) to work on /home/airflow/.local/lib/python3.12/site-packages/airflow/example_dags/example_sla_dag.py
[2026-04-28T00:04:09.134+0000] {processor.py:830} INFO - Processing file /home/airflow/.local/lib/python3.12/site-packages/airflow/example_dags/example_sla_dag.py for tasks to queue
[2026-04-28T00:04:09.136+0000] {logging_mixin.py:188} INFO - [2026-04-28T00:04:09.135+0000] {dagbag.py:540} INFO - Filling up the DagBag from /home/airflow/.local/lib/python3.12/site-packages/airflow/example_dags/example_sla_dag.py
[2026-04-28T00:04:09.154+0000] {processor.py:840} INFO - DAG(s) 'example_sla_dag' retrieved from /home/airflow/.local/lib/python3.12/site-packages/airflow/example_dags/example_sla_dag.py
[2026-04-28T00:04:09.179+0000] {logging_mixin.py:188} INFO - [2026-04-28T00:04:09.179+0000] {dag.py:3096} INFO - Sync 1 DAGs
[2026-04-28T00:04:09.204+0000] {logging_mixin.py:188} INFO - [2026-04-28T00:04:09.204+0000] {dag.py:3954} INFO - Setting next_dagrun for example_sla_dag to 2026-04-28 00:02:00+00:00, run_after=2026-04-28 00:04:00+00:00
[2026-04-28T00:04:10.287+0000] {processor.py:183} INFO - Processing /home/airflow/.local/lib/python3.12/site-packages/airflow/example_dags/example_sla_dag.py took 1.175 seconds
[2026-04-28T00:05:37.025+0000] {processor.py:161} INFO - Started process (PID=305) to work on /home/airflow/.local/lib/python3.12/site-packages/airflow/example_dags/example_sla_dag.py
[2026-04-28T00:05:37.620+0000] {processor.py:830} INFO - Processing file /home/airflow/.local/lib/python3.12/site-packages/airflow/example_dags/example_sla_dag.py for tasks to queue
[2026-04-28T00:05:37.622+0000] {logging_mixin.py:188} INFO - [2026-04-28T00:05:37.621+0000] {dagbag.py:540} INFO - Filling up the DagBag from /home/airflow/.local/lib/python3.12/site-packages/airflow/example_dags/example_sla_dag.py
[2026-04-28T00:05:45.396+0000] {processor.py:840} INFO - DAG(s) 'example_sla_dag' retrieved from /home/airflow/.local/lib/python3.12/site-packages/airflow/example_dags/example_sla_dag.py
[2026-04-28T00:05:46.391+0000] {logging_mixin.py:188} INFO - [2026-04-28T00:05:46.390+0000] {dag.py:3096} INFO - Sync 1 DAGs
[2026-04-28T00:05:46.506+0000] {logging_mixin.py:188} INFO - [2026-04-28T00:05:46.506+0000] {dag.py:3954} INFO - Setting next_dagrun for example_sla_dag to 2026-04-28 00:02:00+00:00, run_after=2026-04-28 00:04:00+00:00
[2026-04-28T00:05:46.551+0000] {processor.py:183} INFO - Processing /home/airflow/.local/lib/python3.12/site-packages/airflow/example_dags/example_sla_dag.py took 13.907 seconds
[2026-04-28T00:06:17.767+0000] {processor.py:161} INFO - Started process (PID=364) to work on /home/airflow/.local/lib/python3.12/site-packages/airflow/example_dags/example_sla_dag.py
[2026-04-28T00:06:17.768+0000] {processor.py:830} INFO - Processing file /home/airflow/.local/lib/python3.12/site-packages/airflow/example_dags/example_sla_dag.py for tasks to queue
[2026-04-28T00:06:17.769+0000] {logging_mixin.py:188} INFO - [2026-04-28T00:06:17.769+0000] {dagbag.py:540} INFO - Filling up the DagBag from /home/airflow/.local/lib/python3.12/site-packages/airflow/example_dags/example_sla_dag.py
[2026-04-28T00:06:17.778+0000] {processor.py:840} INFO - DAG(s) 'example_sla_dag' retrieved from /home/airflow/.local/lib/python3.12/site-packages/airflow/example_dags/example_sla_dag.py
[2026-04-28T00:06:17.800+0000] {logging_mixin.py:188} INFO - [2026-04-28T00:06:17.799+0000] {dag.py:3096} INFO - Sync 1 DAGs
[2026-04-28T00:06:17.824+0000] {logging_mixin.py:188} INFO - [2026-04-28T00:06:17.823+0000] {dag.py:3954} INFO - Setting next_dagrun for example_sla_dag to 2026-04-28 00:04:00+00:00, run_after=2026-04-28 00:06:00+00:00
[2026-04-28T00:06:17.843+0000] {processor.py:183} INFO - Processing /home/airflow/.local/lib/python3.12/site-packages/airflow/example_dags/example_sla_dag.py took 0.083 seconds
[2026-04-28T00:06:48.230+0000] {processor.py:161} INFO - Started process (PID=423) to work on /home/airflow/.local/lib/python3.12/site-packages/airflow/example_dags/example_sla_dag.py
[2026-04-28T00:06:48.232+0000] {processor.py:830} INFO - Processing file /home/airflow/.local/lib/python3.12/site-packages/airflow/example_dags/example_sla_dag.py for tasks to queue
[2026-04-28T00:06:48.233+0000] {logging_mixin.py:188} INFO - [2026-04-28T00:06:48.232+0000] {dagbag.py:540} INFO - Filling up the DagBag from /home/airflow/.local/lib/python3.12/site-packages/airflow/example_dags/example_sla_dag.py
[2026-04-28T00:06:48.243+0000] {processor.py:840} INFO - DAG(s) 'example_sla_dag' retrieved from /home/airflow/.local/lib/python3.12/site-packages/airflow/example_dags/example_sla_dag.py
[2026-04-28T00:06:48.268+0000] {logging_mixin.py:188} INFO - [2026-04-28T00:06:48.268+0000] {dag.py:3096} INFO - Sync 1 DAGs
[2026-04-28T00:06:48.294+0000] {logging_mixin.py:188} INFO - [2026-04-28T00:06:48.294+0000] {dag.py:3954} INFO - Setting next_dagrun for example_sla_dag to 2026-04-28 00:04:00+00:00, run_after=2026-04-28 00:06:00+00:00
[2026-04-28T00:06:48.315+0000] {processor.py:183} INFO - Processing /home/airflow/.local/lib/python3.12/site-packages/airflow/example_dags/example_sla_dag.py took 0.092 seconds
[2026-04-28T00:07:18.530+0000] {processor.py:161} INFO - Started process (PID=482) to work on /home/airflow/.local/lib/python3.12/site-packages/airflow/example_dags/example_sla_dag.py
[2026-04-28T00:07:18.531+0000] {processor.py:830} INFO - Processing file /home/airflow/.local/lib/python3.12/site-packages/airflow/example_dags/example_sla_dag.py for tasks to queue
[2026-04-28T00:07:18.532+0000] {logging_mixin.py:188} INFO - [2026-04-28T00:07:18.532+0000] {dagbag.py:540} INFO - Filling up the DagBag from /home/airflow/.local/lib/python3.12/site-packages/airflow/example_dags/example_sla_dag.py
[2026-04-28T00:07:18.542+0000] {processor.py:840} INFO - DAG(s) 'example_sla_dag' retrieved from /home/airflow/.local/lib/python3.12/site-packages/airflow/example_dags/example_sla_dag.py
[2026-04-28T00:07:18.566+0000] {logging_mixin.py:188} INFO - [2026-04-28T00:07:18.566+0000] {dag.py:3096} INFO - Sync 1 DAGs
[2026-04-28T00:07:18.592+0000] {logging_mixin.py:188} INFO - [2026-04-28T00:07:18.592+0000] {dag.py:3954} INFO - Setting next_dagrun for example_sla_dag to 2026-04-28 00:04:00+00:00, run_after=2026-04-28 00:06:00+00:00
[2026-04-28T00:07:18.612+0000] {processor.py:183} INFO - Processing /home/airflow/.local/lib/python3.12/site-packages/airflow/example_dags/example_sla_dag.py took 0.089 seconds
[2026-04-28T00:07:49.028+0000] {processor.py:161} INFO - Started process (PID=541) to work on /home/airflow/.local/lib/python3.12/site-packages/airflow/example_dags/example_sla_dag.py
[2026-04-28T00:07:49.030+0000] {processor.py:830} INFO - Processing file /home/airflow/.local/lib/python3.12/site-packages/airflow/example_dags/example_sla_dag.py for tasks to queue
[2026-04-28T00:07:49.032+0000] {logging_mixin.py:188} INFO - [2026-04-28T00:07:49.031+0000] {dagbag.py:540} INFO - Filling up the DagBag from /home/airflow/.local/lib/python3.12/site-packages/airflow/example_dags/example_sla_dag.py
[2026-04-28T00:07:49.046+0000] {processor.py:840} INFO - DAG(s) 'example_sla_dag' retrieved from /home/airflow/.local/lib/python3.12/site-packages/airflow/example_dags/example_sla_dag.py
[2026-04-28T00:07:49.074+0000] {logging_mixin.py:188} INFO - [2026-04-28T00:07:49.074+0000] {dag.py:3096} INFO - Sync 1 DAGs
[2026-04-28T00:07:49.102+0000] {logging_mixin.py:188} INFO - [2026-04-28T00:07:49.101+0000] {dag.py:3954} INFO - Setting next_dagrun for example_sla_dag to 2026-04-28 00:04:00+00:00, run_after=2026-04-28 00:06:00+00:00
[2026-04-28T00:07:49.125+0000] {processor.py:183} INFO - Processing /home/airflow/.local/lib/python3.12/site-packages/airflow/example_dags/example_sla_dag.py took 0.103 seconds
[2026-04-28T00:08:19.483+0000] {processor.py:161} INFO - Started process (PID=600) to work on /home/airflow/.local/lib/python3.12/site-packages/airflow/example_dags/example_sla_dag.py
[2026-04-28T00:08:19.484+0000] {processor.py:830} INFO - Processing file /home/airflow/.local/lib/python3.12/site-packages/airflow/example_dags/example_sla_dag.py for tasks to queue
[2026-04-28T00:08:19.485+0000] {logging_mixin.py:188} INFO - [2026-04-28T00:08:19.485+0000] {dagbag.py:540} INFO - Filling up the DagBag from /home/airflow/.local/lib/python3.12/site-packages/airflow/example_dags/example_sla_dag.py
[2026-04-28T00:08:19.496+0000] {processor.py:840} INFO - DAG(s) 'example_sla_dag' retrieved from /home/airflow/.local/lib/python3.12/site-packages/airflow/example_dags/example_sla_dag.py
[2026-04-28T00:08:19.524+0000] {logging_mixin.py:188} INFO - [2026-04-28T00:08:19.524+0000] {dag.py:3096} INFO - Sync 1 DAGs
[2026-04-28T00:08:19.551+0000] {logging_mixin.py:188} INFO - [2026-04-28T00:08:19.550+0000] {dag.py:3954} INFO - Setting next_dagrun for example_sla_dag to 2026-04-28 00:06:00+00:00, run_after=2026-04-28 00:08:00+00:00
[2026-04-28T00:08:19.577+0000] {processor.py:183} INFO - Processing /home/airflow/.local/lib/python3.12/site-packages/airflow/example_dags/example_sla_dag.py took 0.101 seconds
[2026-04-28T00:08:49.685+0000] {processor.py:161} INFO - Started process (PID=659) to work on /home/airflow/.local/lib/python3.12/site-packages/airflow/example_dags/example_sla_dag.py
[2026-04-28T00:08:49.686+0000] {processor.py:830} INFO - Processing file /home/airflow/.local/lib/python3.12/site-packages/airflow/example_dags/example_sla_dag.py for tasks to queue
[2026-04-28T00:08:49.688+0000] {logging_mixin.py:188} INFO - [2026-04-28T00:08:49.687+0000] {dagbag.py:540} INFO - Filling up the DagBag from /home/airflow/.local/lib/python3.12/site-packages/airflow/example_dags/example_sla_dag.py
[2026-04-28T00:08:49.700+0000] {processor.py:840} INFO - DAG(s) 'example_sla_dag' retrieved from /home/airflow/.local/lib/python3.12/site-packages/airflow/example_dags/example_sla_dag.py
[2026-04-28T00:08:49.725+0000] {logging_mixin.py:188} INFO - [2026-04-28T00:08:49.725+0000] {dag.py:3096} INFO - Sync 1 DAGs
[2026-04-28T00:08:49.752+0000] {logging_mixin.py:188} INFO - [2026-04-28T00:08:49.752+0000] {dag.py:3954} INFO - Setting next_dagrun for example_sla_dag to 2026-04-28 00:06:00+00:00, run_after=2026-04-28 00:08:00+00:00
[2026-04-28T00:08:49.774+0000] {processor.py:183} INFO - Processing /home/airflow/.local/lib/python3.12/site-packages/airflow/example_dags/example_sla_dag.py took 0.097 seconds
[2026-04-28T00:09:20.158+0000] {processor.py:161} INFO - Started process (PID=718) to work on /home/airflow/.local/lib/python3.12/site-packages/airflow/example_dags/example_sla_dag.py
[2026-04-28T00:09:20.159+0000] {processor.py:830} INFO - Processing file /home/airflow/.local/lib/python3.12/site-packages/airflow/example_dags/example_sla_dag.py for tasks to queue
[2026-04-28T00:09:20.160+0000] {logging_mixin.py:188} INFO - [2026-04-28T00:09:20.160+0000] {dagbag.py:540} INFO - Filling up the DagBag from /home/airflow/.local/lib/python3.12/site-packages/airflow/example_dags/example_sla_dag.py
[2026-04-28T00:09:20.175+0000] {processor.py:840} INFO - DAG(s) 'example_sla_dag' retrieved from /home/airflow/.local/lib/python3.12/site-packages/airflow/example_dags/example_sla_dag.py
[2026-04-28T00:09:20.205+0000] {logging_mixin.py:188} INFO - [2026-04-28T00:09:20.205+0000] {dag.py:3096} INFO - Sync 1 DAGs
[2026-04-28T00:09:20.232+0000] {logging_mixin.py:188} INFO - [2026-04-28T00:09:20.232+0000] {dag.py:3954} INFO - Setting next_dagrun for example_sla_dag to 2026-04-28 00:06:00+00:00, run_after=2026-04-28 00:08:00+00:00
[2026-04-28T00:09:20.252+0000] {processor.py:183} INFO - Processing /home/airflow/.local/lib/python3.12/site-packages/airflow/example_dags/example_sla_dag.py took 0.103 seconds
[2026-04-28T00:09:50.558+0000] {processor.py:161} INFO - Started process (PID=777) to work on /home/airflow/.local/lib/python3.12/site-packages/airflow/example_dags/example_sla_dag.py
[2026-04-28T00:09:50.559+0000] {processor.py:830} INFO - Processing file /home/airflow/.local/lib/python3.12/site-packages/airflow/example_dags/example_sla_dag.py for tasks to queue
[2026-04-28T00:09:50.560+0000] {logging_mixin.py:188} INFO - [2026-04-28T00:09:50.560+0000] {dagbag.py:540} INFO - Filling up the DagBag from /home/airflow/.local/lib/python3.12/site-packages/airflow/example_dags/example_sla_dag.py
[2026-04-28T00:09:50.570+0000] {processor.py:840} INFO - DAG(s) 'example_sla_dag' retrieved from /home/airflow/.local/lib/python3.12/site-packages/airflow/example_dags/example_sla_dag.py
[2026-04-28T00:09:50.594+0000] {logging_mixin.py:188} INFO - [2026-04-28T00:09:50.593+0000] {dag.py:3096} INFO - Sync 1 DAGs
[2026-04-28T00:09:50.620+0000] {logging_mixin.py:188} INFO - [2026-04-28T00:09:50.620+0000] {dag.py:3954} INFO - Setting next_dagrun for example_sla_dag to 2026-04-28 00:06:00+00:00, run_after=2026-04-28 00:08:00+00:00
[2026-04-28T00:09:50.642+0000] {processor.py:183} INFO - Processing /home/airflow/.local/lib/python3.12/site-packages/airflow/example_dags/example_sla_dag.py took 0.091 seconds
[2026-04-28T00:10:22.191+0000] {processor.py:161} INFO - Started process (PID=834) to work on /home/airflow/.local/lib/python3.12/site-packages/airflow/example_dags/example_sla_dag.py
[2026-04-28T00:10:22.192+0000] {processor.py:830} INFO - Processing file /home/airflow/.local/lib/python3.12/site-packages/airflow/example_dags/example_sla_dag.py for tasks to queue
[2026-04-28T00:10:22.193+0000] {logging_mixin.py:188} INFO - [2026-04-28T00:10:22.193+0000] {dagbag.py:540} INFO - Filling up the DagBag from /home/airflow/.local/lib/python3.12/site-packages/airflow/example_dags/example_sla_dag.py
[2026-04-28T00:10:22.204+0000] {processor.py:840} INFO - DAG(s) 'example_sla_dag' retrieved from /home/airflow/.local/lib/python3.12/site-packages/airflow/example_dags/example_sla_dag.py
[2026-04-28T00:10:22.226+0000] {logging_mixin.py:188} INFO - [2026-04-28T00:10:22.226+0000] {dag.py:3096} INFO - Sync 1 DAGs
[2026-04-28T00:10:22.254+0000] {logging_mixin.py:188} INFO - [2026-04-28T00:10:22.254+0000] {dag.py:3954} INFO - Setting next_dagrun for example_sla_dag to 2026-04-28 00:08:00+00:00, run_after=2026-04-28 00:10:00+00:00
[2026-04-28T00:10:22.282+0000] {processor.py:183} INFO - Processing /home/airflow/.local/lib/python3.12/site-packages/airflow/example_dags/example_sla_dag.py took 0.098 seconds
[2026-04-28T00:10:52.986+0000] {processor.py:161} INFO - Started process (PID=893) to work on /home/airflow/.local/lib/python3.12/site-packages/airflow/example_dags/example_sla_dag.py
[2026-04-28T00:10:52.988+0000] {processor.py:830} INFO - Processing file /home/airflow/.local/lib/python3.12/site-packages/airflow/example_dags/example_sla_dag.py for tasks to queue
[2026-04-28T00:10:52.989+0000] {logging_mixin.py:188} INFO - [2026-04-28T00:10:52.989+0000] {dagbag.py:540} INFO - Filling up the DagBag from /home/airflow/.local/lib/python3.12/site-packages/airflow/example_dags/example_sla_dag.py
[2026-04-28T00:10:53.004+0000] {processor.py:840} INFO - DAG(s) 'example_sla_dag' retrieved from /home/airflow/.local/lib/python3.12/site-packages/airflow/example_dags/example_sla_dag.py
[2026-04-28T00:10:53.038+0000] {logging_mixin.py:188} INFO - [2026-04-28T00:10:53.038+0000] {dag.py:3096} INFO - Sync 1 DAGs
[2026-04-28T00:10:53.090+0000] {logging_mixin.py:188} INFO - [2026-04-28T00:10:53.088+0000] {dag.py:3954} INFO - Setting next_dagrun for example_sla_dag to 2026-04-28 00:08:00+00:00, run_after=2026-04-28 00:10:00+00:00
[2026-04-28T00:10:53.115+0000] {processor.py:183} INFO - Processing /home/airflow/.local/lib/python3.12/site-packages/airflow/example_dags/example_sla_dag.py took 0.139 seconds
[2026-04-28T00:11:24.326+0000] {processor.py:161} INFO - Started process (PID=952) to work on /home/airflow/.local/lib/python3.12/site-packages/airflow/example_dags/example_sla_dag.py
[2026-04-28T00:11:24.327+0000] {processor.py:830} INFO - Processing file /home/airflow/.local/lib/python3.12/site-packages/airflow/example_dags/example_sla_dag.py for tasks to queue
[2026-04-28T00:11:24.329+0000] {logging_mixin.py:188} INFO - [2026-04-28T00:11:24.328+0000] {dagbag.py:540} INFO - Filling up the DagBag from /home/airflow/.local/lib/python3.12/site-packages/airflow/example_dags/example_sla_dag.py
[2026-04-28T00:11:24.338+0000] {processor.py:840} INFO - DAG(s) 'example_sla_dag' retrieved from /home/airflow/.local/lib/python3.12/site-packages/airflow/example_dags/example_sla_dag.py
[2026-04-28T00:11:24.361+0000] {logging_mixin.py:188} INFO - [2026-04-28T00:11:24.360+0000] {dag.py:3096} INFO - Sync 1 DAGs
[2026-04-28T00:11:24.387+0000] {logging_mixin.py:188} INFO - [2026-04-28T00:11:24.386+0000] {dag.py:3954} INFO - Setting next_dagrun for example_sla_dag to 2026-04-28 00:08:00+00:00, run_after=2026-04-28 00:10:00+00:00
[2026-04-28T00:11:24.408+0000] {processor.py:183} INFO - Processing /home/airflow/.local/lib/python3.12/site-packages/airflow/example_dags/example_sla_dag.py took 0.089 seconds
[2026-04-28T00:11:58.387+0000] {processor.py:161} INFO - Started process (PID=1011) to work on /home/airflow/.local/lib/python3.12/site-packages/airflow/example_dags/example_sla_dag.py
[2026-04-28T00:11:58.389+0000] {processor.py:830} INFO - Processing file /home/airflow/.local/lib/python3.12/site-packages/airflow/example_dags/example_sla_dag.py for tasks to queue
[2026-04-28T00:11:58.390+0000] {logging_mixin.py:188} INFO - [2026-04-28T00:11:58.390+0000] {dagbag.py:540} INFO - Filling up the DagBag from /home/airflow/.local/lib/python3.12/site-packages/airflow/example_dags/example_sla_dag.py
[2026-04-28T00:11:58.401+0000] {processor.py:840} INFO - DAG(s) 'example_sla_dag' retrieved from /home/airflow/.local/lib/python3.12/site-packages/airflow/example_dags/example_sla_dag.py
[2026-04-28T00:11:58.426+0000] {logging_mixin.py:188} INFO - [2026-04-28T00:11:58.426+0000] {dag.py:3096} INFO - Sync 1 DAGs
[2026-04-28T00:11:58.454+0000] {logging_mixin.py:188} INFO - [2026-04-28T00:11:58.454+0000] {dag.py:3954} INFO - Setting next_dagrun for example_sla_dag to 2026-04-28 00:08:00+00:00, run_after=2026-04-28 00:10:00+00:00
[2026-04-28T00:11:58.477+0000] {processor.py:183} INFO - Processing /home/airflow/.local/lib/python3.12/site-packages/airflow/example_dags/example_sla_dag.py took 0.097 seconds
[2026-04-28T00:12:29.260+0000] {processor.py:161} INFO - Started process (PID=1070) to work on /home/airflow/.local/lib/python3.12/site-packages/airflow/example_dags/example_sla_dag.py
[2026-04-28T00:12:29.261+0000] {processor.py:830} INFO - Processing file /home/airflow/.local/lib/python3.12/site-packages/airflow/example_dags/example_sla_dag.py for tasks to queue
[2026-04-28T00:12:29.263+0000] {logging_mixin.py:188} INFO - [2026-04-28T00:12:29.262+0000] {dagbag.py:540} INFO - Filling up the DagBag from /home/airflow/.local/lib/python3.12/site-packages/airflow/example_dags/example_sla_dag.py
[2026-04-28T00:12:29.272+0000] {processor.py:840} INFO - DAG(s) 'example_sla_dag' retrieved from /home/airflow/.local/lib/python3.12/site-packages/airflow/example_dags/example_sla_dag.py
[2026-04-28T00:12:29.295+0000] {logging_mixin.py:188} INFO - [2026-04-28T00:12:29.294+0000] {dag.py:3096} INFO - Sync 1 DAGs
[2026-04-28T00:12:29.319+0000] {logging_mixin.py:188} INFO - [2026-04-28T00:12:29.319+0000] {dag.py:3954} INFO - Setting next_dagrun for example_sla_dag to 2026-04-28 00:10:00+00:00, run_after=2026-04-28 00:12:00+00:00
[2026-04-28T00:12:29.338+0000] {processor.py:183} INFO - Processing /home/airflow/.local/lib/python3.12/site-packages/airflow/example_dags/example_sla_dag.py took 0.085 seconds
[2026-04-28T00:13:00.521+0000] {processor.py:161} INFO - Started process (PID=1129) to work on /home/airflow/.local/lib/python3.12/site-packages/airflow/example_dags/example_sla_dag.py
[2026-04-28T00:13:00.522+0000] {processor.py:830} INFO - Processing file /home/airflow/.local/lib/python3.12/site-packages/airflow/example_dags/example_sla_dag.py for tasks to queue
[2026-04-28T00:13:00.523+0000] {logging_mixin.py:188} INFO - [2026-04-28T00:13:00.523+0000] {dagbag.py:540} INFO - Filling up the DagBag from /home/airflow/.local/lib/python3.12/site-packages/airflow/example_dags/example_sla_dag.py
[2026-04-28T00:13:00.532+0000] {processor.py:840} INFO - DAG(s) 'example_sla_dag' retrieved from /home/airflow/.local/lib/python3.12/site-packages/airflow/example_dags/example_sla_dag.py
[2026-04-28T00:13:00.556+0000] {logging_mixin.py:188} INFO - [2026-04-28T00:13:00.555+0000] {dag.py:3096} INFO - Sync 1 DAGs
[2026-04-28T00:13:00.580+0000] {logging_mixin.py:188} INFO - [2026-04-28T00:13:00.579+0000] {dag.py:3954} INFO - Setting next_dagrun for example_sla_dag to 2026-04-28 00:10:00+00:00, run_after=2026-04-28 00:12:00+00:00
[2026-04-28T00:13:00.598+0000] {processor.py:183} INFO - Processing /home/airflow/.local/lib/python3.12/site-packages/airflow/example_dags/example_sla_dag.py took 0.084 seconds
