[2026-04-28T00:00:18.139+0000] {processor.py:161} INFO - Started process (PID=142) to work on /home/airflow/.local/lib/python3.12/site-packages/airflow/example_dags/example_branch_labels.py
[2026-04-28T00:00:18.140+0000] {processor.py:830} INFO - Processing file /home/airflow/.local/lib/python3.12/site-packages/airflow/example_dags/example_branch_labels.py for tasks to queue
[2026-04-28T00:00:18.143+0000] {logging_mixin.py:188} INFO - [2026-04-28T00:00:18.143+0000] {dagbag.py:540} INFO - Filling up the DagBag from /home/airflow/.local/lib/python3.12/site-packages/airflow/example_dags/example_branch_labels.py
[2026-04-28T00:00:18.152+0000] {processor.py:840} INFO - DAG(s) 'example_branch_labels' retrieved from /home/airflow/.local/lib/python3.12/site-packages/airflow/example_dags/example_branch_labels.py
[2026-04-28T00:00:18.175+0000] {logging_mixin.py:188} INFO - [2026-04-28T00:00:18.175+0000] {dag.py:3096} INFO - Sync 1 DAGs
[2026-04-28T00:00:18.200+0000] {logging_mixin.py:188} INFO - [2026-04-28T00:00:18.200+0000] {dag.py:3954} INFO - Setting next_dagrun for example_branch_labels to 2026-04-27 00:00:00+00:00, run_after=2026-04-28 00:00:00+00:00
[2026-04-28T00:00:18.257+0000] {processor.py:183} INFO - Processing /home/airflow/.local/lib/python3.12/site-packages/airflow/example_dags/example_branch_labels.py took 0.124 seconds
[2026-04-28T00:03:13.586+0000] {processor.py:161} INFO - Started process (PID=223) to work on /home/airflow/.local/lib/python3.12/site-packages/airflow/example_dags/example_branch_labels.py
[2026-04-28T00:03:13.615+0000] {processor.py:830} INFO - Processing file /home/airflow/.local/lib/python3.12/site-packages/airflow/example_dags/example_branch_labels.py for tasks to queue
[2026-04-28T00:03:13.617+0000] {logging_mixin.py:188} INFO - [2026-04-28T00:03:13.617+0000] {dagbag.py:540} INFO - Filling up the DagBag from /home/airflow/.local/lib/python3.12/site-packages/airflow/example_dags/example_branch_labels.py
[2026-04-28T00:03:13.626+0000] {processor.py:840} INFO - DAG(s) 'example_branch_labels' retrieved from /home/airflow/.local/lib/python3.12/site-packages/airflow/example_dags/example_branch_labels.py
[2026-04-28T00:03:13.817+0000] {logging_mixin.py:188} INFO - [2026-04-28T00:03:13.816+0000] {dag.py:3096} INFO - Sync 1 DAGs
[2026-04-28T00:03:13.843+0000] {logging_mixin.py:188} INFO - [2026-04-28T00:03:13.842+0000] {dag.py:3954} INFO - Setting next_dagrun for example_branch_labels to 2026-04-27 00:00:00+00:00, run_after=2026-04-28 00:00:00+00:00
[2026-04-28T00:03:13.865+0000] {processor.py:183} INFO - Processing /home/airflow/.local/lib/python3.12/site-packages/airflow/example_dags/example_branch_labels.py took 0.286 seconds
[2026-04-28T00:04:33.209+0000] {processor.py:161} INFO - Started process (PID=283) to work on /home/airflow/.local/lib/python3.12/site-packages/airflow/example_dags/example_branch_labels.py
[2026-04-28T00:04:33.211+0000] {processor.py:830} INFO - Processing file /home/airflow/.local/lib/python3.12/site-packages/airflow/example_dags/example_branch_labels.py for tasks to queue
[2026-04-28T00:04:33.212+0000] {logging_mixin.py:188} INFO - [2026-04-28T00:04:33.212+0000] {dagbag.py:540} INFO - Filling up the DagBag from /home/airflow/.local/lib/python3.12/site-packages/airflow/example_dags/example_branch_labels.py
[2026-04-28T00:04:33.222+0000] {processor.py:840} INFO - DAG(s) 'example_branch_labels' retrieved from /home/airflow/.local/lib/python3.12/site-packages/airflow/example_dags/example_branch_labels.py
[2026-04-28T00:04:33.246+0000] {logging_mixin.py:188} INFO - [2026-04-28T00:04:33.246+0000] {dag.py:3096} INFO - Sync 1 DAGs
[2026-04-28T00:04:33.761+0000] {logging_mixin.py:188} INFO - [2026-04-28T00:04:33.760+0000] {dag.py:3954} INFO - Setting next_dagrun for example_branch_labels to 2026-04-27 00:00:00+00:00, run_after=2026-04-28 00:00:00+00:00
[2026-04-28T00:04:33.782+0000] {processor.py:183} INFO - Processing /home/airflow/.local/lib/python3.12/site-packages/airflow/example_dags/example_branch_labels.py took 0.580 seconds
[2026-04-28T00:06:12.680+0000] {processor.py:161} INFO - Started process (PID=351) to work on /home/airflow/.local/lib/python3.12/site-packages/airflow/example_dags/example_branch_labels.py
[2026-04-28T00:06:12.681+0000] {processor.py:830} INFO - Processing file /home/airflow/.local/lib/python3.12/site-packages/airflow/example_dags/example_branch_labels.py for tasks to queue
[2026-04-28T00:06:12.683+0000] {logging_mixin.py:188} INFO - [2026-04-28T00:06:12.682+0000] {dagbag.py:540} INFO - Filling up the DagBag from /home/airflow/.local/lib/python3.12/site-packages/airflow/example_dags/example_branch_labels.py
[2026-04-28T00:06:12.691+0000] {processor.py:840} INFO - DAG(s) 'example_branch_labels' retrieved from /home/airflow/.local/lib/python3.12/site-packages/airflow/example_dags/example_branch_labels.py
[2026-04-28T00:06:12.714+0000] {logging_mixin.py:188} INFO - [2026-04-28T00:06:12.714+0000] {dag.py:3096} INFO - Sync 1 DAGs
[2026-04-28T00:06:12.736+0000] {logging_mixin.py:188} INFO - [2026-04-28T00:06:12.736+0000] {dag.py:3954} INFO - Setting next_dagrun for example_branch_labels to 2026-04-27 00:00:00+00:00, run_after=2026-04-28 00:00:00+00:00
[2026-04-28T00:06:12.756+0000] {processor.py:183} INFO - Processing /home/airflow/.local/lib/python3.12/site-packages/airflow/example_dags/example_branch_labels.py took 0.083 seconds
[2026-04-28T00:06:43.911+0000] {processor.py:161} INFO - Started process (PID=410) to work on /home/airflow/.local/lib/python3.12/site-packages/airflow/example_dags/example_branch_labels.py
[2026-04-28T00:06:43.912+0000] {processor.py:830} INFO - Processing file /home/airflow/.local/lib/python3.12/site-packages/airflow/example_dags/example_branch_labels.py for tasks to queue
[2026-04-28T00:06:43.913+0000] {logging_mixin.py:188} INFO - [2026-04-28T00:06:43.913+0000] {dagbag.py:540} INFO - Filling up the DagBag from /home/airflow/.local/lib/python3.12/site-packages/airflow/example_dags/example_branch_labels.py
[2026-04-28T00:06:43.924+0000] {processor.py:840} INFO - DAG(s) 'example_branch_labels' retrieved from /home/airflow/.local/lib/python3.12/site-packages/airflow/example_dags/example_branch_labels.py
[2026-04-28T00:06:43.954+0000] {logging_mixin.py:188} INFO - [2026-04-28T00:06:43.954+0000] {dag.py:3096} INFO - Sync 1 DAGs
[2026-04-28T00:06:43.985+0000] {logging_mixin.py:188} INFO - [2026-04-28T00:06:43.985+0000] {dag.py:3954} INFO - Setting next_dagrun for example_branch_labels to 2026-04-27 00:00:00+00:00, run_after=2026-04-28 00:00:00+00:00
[2026-04-28T00:06:44.011+0000] {processor.py:183} INFO - Processing /home/airflow/.local/lib/python3.12/site-packages/airflow/example_dags/example_branch_labels.py took 0.110 seconds
[2026-04-28T00:07:14.505+0000] {processor.py:161} INFO - Started process (PID=469) to work on /home/airflow/.local/lib/python3.12/site-packages/airflow/example_dags/example_branch_labels.py
[2026-04-28T00:07:14.506+0000] {processor.py:830} INFO - Processing file /home/airflow/.local/lib/python3.12/site-packages/airflow/example_dags/example_branch_labels.py for tasks to queue
[2026-04-28T00:07:14.507+0000] {logging_mixin.py:188} INFO - [2026-04-28T00:07:14.507+0000] {dagbag.py:540} INFO - Filling up the DagBag from /home/airflow/.local/lib/python3.12/site-packages/airflow/example_dags/example_branch_labels.py
[2026-04-28T00:07:14.516+0000] {processor.py:840} INFO - DAG(s) 'example_branch_labels' retrieved from /home/airflow/.local/lib/python3.12/site-packages/airflow/example_dags/example_branch_labels.py
[2026-04-28T00:07:14.541+0000] {logging_mixin.py:188} INFO - [2026-04-28T00:07:14.540+0000] {dag.py:3096} INFO - Sync 1 DAGs
[2026-04-28T00:07:14.565+0000] {logging_mixin.py:188} INFO - [2026-04-28T00:07:14.565+0000] {dag.py:3954} INFO - Setting next_dagrun for example_branch_labels to 2026-04-27 00:00:00+00:00, run_after=2026-04-28 00:00:00+00:00
[2026-04-28T00:07:14.584+0000] {processor.py:183} INFO - Processing /home/airflow/.local/lib/python3.12/site-packages/airflow/example_dags/example_branch_labels.py took 0.086 seconds
[2026-04-28T00:07:45.432+0000] {processor.py:161} INFO - Started process (PID=526) to work on /home/airflow/.local/lib/python3.12/site-packages/airflow/example_dags/example_branch_labels.py
[2026-04-28T00:07:45.434+0000] {processor.py:830} INFO - Processing file /home/airflow/.local/lib/python3.12/site-packages/airflow/example_dags/example_branch_labels.py for tasks to queue
[2026-04-28T00:07:45.435+0000] {logging_mixin.py:188} INFO - [2026-04-28T00:07:45.434+0000] {dagbag.py:540} INFO - Filling up the DagBag from /home/airflow/.local/lib/python3.12/site-packages/airflow/example_dags/example_branch_labels.py
[2026-04-28T00:07:45.443+0000] {processor.py:840} INFO - DAG(s) 'example_branch_labels' retrieved from /home/airflow/.local/lib/python3.12/site-packages/airflow/example_dags/example_branch_labels.py
[2026-04-28T00:07:45.468+0000] {logging_mixin.py:188} INFO - [2026-04-28T00:07:45.467+0000] {dag.py:3096} INFO - Sync 1 DAGs
[2026-04-28T00:07:45.496+0000] {logging_mixin.py:188} INFO - [2026-04-28T00:07:45.496+0000] {dag.py:3954} INFO - Setting next_dagrun for example_branch_labels to 2026-04-27 00:00:00+00:00, run_after=2026-04-28 00:00:00+00:00
[2026-04-28T00:07:45.519+0000] {processor.py:183} INFO - Processing /home/airflow/.local/lib/python3.12/site-packages/airflow/example_dags/example_branch_labels.py took 0.093 seconds
[2026-04-28T00:08:16.019+0000] {processor.py:161} INFO - Started process (PID=585) to work on /home/airflow/.local/lib/python3.12/site-packages/airflow/example_dags/example_branch_labels.py
[2026-04-28T00:08:16.020+0000] {processor.py:830} INFO - Processing file /home/airflow/.local/lib/python3.12/site-packages/airflow/example_dags/example_branch_labels.py for tasks to queue
[2026-04-28T00:08:16.021+0000] {logging_mixin.py:188} INFO - [2026-04-28T00:08:16.021+0000] {dagbag.py:540} INFO - Filling up the DagBag from /home/airflow/.local/lib/python3.12/site-packages/airflow/example_dags/example_branch_labels.py
[2026-04-28T00:08:16.031+0000] {processor.py:840} INFO - DAG(s) 'example_branch_labels' retrieved from /home/airflow/.local/lib/python3.12/site-packages/airflow/example_dags/example_branch_labels.py
[2026-04-28T00:08:16.059+0000] {logging_mixin.py:188} INFO - [2026-04-28T00:08:16.058+0000] {dag.py:3096} INFO - Sync 1 DAGs
[2026-04-28T00:08:16.083+0000] {logging_mixin.py:188} INFO - [2026-04-28T00:08:16.083+0000] {dag.py:3954} INFO - Setting next_dagrun for example_branch_labels to 2026-04-27 00:00:00+00:00, run_after=2026-04-28 00:00:00+00:00
[2026-04-28T00:08:16.103+0000] {processor.py:183} INFO - Processing /home/airflow/.local/lib/python3.12/site-packages/airflow/example_dags/example_branch_labels.py took 0.091 seconds
[2026-04-28T00:08:46.541+0000] {processor.py:161} INFO - Started process (PID=644) to work on /home/airflow/.local/lib/python3.12/site-packages/airflow/example_dags/example_branch_labels.py
[2026-04-28T00:08:46.543+0000] {processor.py:830} INFO - Processing file /home/airflow/.local/lib/python3.12/site-packages/airflow/example_dags/example_branch_labels.py for tasks to queue
[2026-04-28T00:08:46.544+0000] {logging_mixin.py:188} INFO - [2026-04-28T00:08:46.544+0000] {dagbag.py:540} INFO - Filling up the DagBag from /home/airflow/.local/lib/python3.12/site-packages/airflow/example_dags/example_branch_labels.py
[2026-04-28T00:08:46.554+0000] {processor.py:840} INFO - DAG(s) 'example_branch_labels' retrieved from /home/airflow/.local/lib/python3.12/site-packages/airflow/example_dags/example_branch_labels.py
[2026-04-28T00:08:46.580+0000] {logging_mixin.py:188} INFO - [2026-04-28T00:08:46.580+0000] {dag.py:3096} INFO - Sync 1 DAGs
[2026-04-28T00:08:46.605+0000] {logging_mixin.py:188} INFO - [2026-04-28T00:08:46.605+0000] {dag.py:3954} INFO - Setting next_dagrun for example_branch_labels to 2026-04-27 00:00:00+00:00, run_after=2026-04-28 00:00:00+00:00
[2026-04-28T00:08:46.629+0000] {processor.py:183} INFO - Processing /home/airflow/.local/lib/python3.12/site-packages/airflow/example_dags/example_branch_labels.py took 0.094 seconds
[2026-04-28T00:09:16.999+0000] {processor.py:161} INFO - Started process (PID=703) to work on /home/airflow/.local/lib/python3.12/site-packages/airflow/example_dags/example_branch_labels.py
[2026-04-28T00:09:17.000+0000] {processor.py:830} INFO - Processing file /home/airflow/.local/lib/python3.12/site-packages/airflow/example_dags/example_branch_labels.py for tasks to queue
[2026-04-28T00:09:17.002+0000] {logging_mixin.py:188} INFO - [2026-04-28T00:09:17.001+0000] {dagbag.py:540} INFO - Filling up the DagBag from /home/airflow/.local/lib/python3.12/site-packages/airflow/example_dags/example_branch_labels.py
[2026-04-28T00:09:17.010+0000] {processor.py:840} INFO - DAG(s) 'example_branch_labels' retrieved from /home/airflow/.local/lib/python3.12/site-packages/airflow/example_dags/example_branch_labels.py
[2026-04-28T00:09:17.037+0000] {logging_mixin.py:188} INFO - [2026-04-28T00:09:17.037+0000] {dag.py:3096} INFO - Sync 1 DAGs
[2026-04-28T00:09:17.063+0000] {logging_mixin.py:188} INFO - [2026-04-28T00:09:17.063+0000] {dag.py:3954} INFO - Setting next_dagrun for example_branch_labels to 2026-04-27 00:00:00+00:00, run_after=2026-04-28 00:00:00+00:00
[2026-04-28T00:09:17.088+0000] {processor.py:183} INFO - Processing /home/airflow/.local/lib/python3.12/site-packages/airflow/example_dags/example_branch_labels.py took 0.096 seconds
[2026-04-28T00:09:48.060+0000] {processor.py:161} INFO - Started process (PID=762) to work on /home/airflow/.local/lib/python3.12/site-packages/airflow/example_dags/example_branch_labels.py
[2026-04-28T00:09:48.061+0000] {processor.py:830} INFO - Processing file /home/airflow/.local/lib/python3.12/site-packages/airflow/example_dags/example_branch_labels.py for tasks to queue
[2026-04-28T00:09:48.063+0000] {logging_mixin.py:188} INFO - [2026-04-28T00:09:48.062+0000] {dagbag.py:540} INFO - Filling up the DagBag from /home/airflow/.local/lib/python3.12/site-packages/airflow/example_dags/example_branch_labels.py
[2026-04-28T00:09:48.071+0000] {processor.py:840} INFO - DAG(s) 'example_branch_labels' retrieved from /home/airflow/.local/lib/python3.12/site-packages/airflow/example_dags/example_branch_labels.py
[2026-04-28T00:09:48.095+0000] {logging_mixin.py:188} INFO - [2026-04-28T00:09:48.094+0000] {dag.py:3096} INFO - Sync 1 DAGs
[2026-04-28T00:09:48.118+0000] {logging_mixin.py:188} INFO - [2026-04-28T00:09:48.118+0000] {dag.py:3954} INFO - Setting next_dagrun for example_branch_labels to 2026-04-27 00:00:00+00:00, run_after=2026-04-28 00:00:00+00:00
[2026-04-28T00:09:48.139+0000] {processor.py:183} INFO - Processing /home/airflow/.local/lib/python3.12/site-packages/airflow/example_dags/example_branch_labels.py took 0.086 seconds
[2026-04-28T00:10:21.280+0000] {processor.py:161} INFO - Started process (PID=821) to work on /home/airflow/.local/lib/python3.12/site-packages/airflow/example_dags/example_branch_labels.py
[2026-04-28T00:10:21.281+0000] {processor.py:830} INFO - Processing file /home/airflow/.local/lib/python3.12/site-packages/airflow/example_dags/example_branch_labels.py for tasks to queue
[2026-04-28T00:10:21.283+0000] {logging_mixin.py:188} INFO - [2026-04-28T00:10:21.282+0000] {dagbag.py:540} INFO - Filling up the DagBag from /home/airflow/.local/lib/python3.12/site-packages/airflow/example_dags/example_branch_labels.py
[2026-04-28T00:10:21.291+0000] {processor.py:840} INFO - DAG(s) 'example_branch_labels' retrieved from /home/airflow/.local/lib/python3.12/site-packages/airflow/example_dags/example_branch_labels.py
[2026-04-28T00:10:21.319+0000] {logging_mixin.py:188} INFO - [2026-04-28T00:10:21.319+0000] {dag.py:3096} INFO - Sync 1 DAGs
[2026-04-28T00:10:21.344+0000] {logging_mixin.py:188} INFO - [2026-04-28T00:10:21.344+0000] {dag.py:3954} INFO - Setting next_dagrun for example_branch_labels to 2026-04-27 00:00:00+00:00, run_after=2026-04-28 00:00:00+00:00
[2026-04-28T00:10:21.364+0000] {processor.py:183} INFO - Processing /home/airflow/.local/lib/python3.12/site-packages/airflow/example_dags/example_branch_labels.py took 0.090 seconds
[2026-04-28T00:10:51.878+0000] {processor.py:161} INFO - Started process (PID=880) to work on /home/airflow/.local/lib/python3.12/site-packages/airflow/example_dags/example_branch_labels.py
[2026-04-28T00:10:51.879+0000] {processor.py:830} INFO - Processing file /home/airflow/.local/lib/python3.12/site-packages/airflow/example_dags/example_branch_labels.py for tasks to queue
[2026-04-28T00:10:51.881+0000] {logging_mixin.py:188} INFO - [2026-04-28T00:10:51.880+0000] {dagbag.py:540} INFO - Filling up the DagBag from /home/airflow/.local/lib/python3.12/site-packages/airflow/example_dags/example_branch_labels.py
[2026-04-28T00:10:51.890+0000] {processor.py:840} INFO - DAG(s) 'example_branch_labels' retrieved from /home/airflow/.local/lib/python3.12/site-packages/airflow/example_dags/example_branch_labels.py
[2026-04-28T00:10:52.357+0000] {logging_mixin.py:188} INFO - [2026-04-28T00:10:52.356+0000] {dag.py:3096} INFO - Sync 1 DAGs
[2026-04-28T00:10:52.381+0000] {logging_mixin.py:188} INFO - [2026-04-28T00:10:52.380+0000] {dag.py:3954} INFO - Setting next_dagrun for example_branch_labels to 2026-04-27 00:00:00+00:00, run_after=2026-04-28 00:00:00+00:00
[2026-04-28T00:10:52.401+0000] {processor.py:183} INFO - Processing /home/airflow/.local/lib/python3.12/site-packages/airflow/example_dags/example_branch_labels.py took 0.530 seconds
[2026-04-28T00:11:23.119+0000] {processor.py:161} INFO - Started process (PID=941) to work on /home/airflow/.local/lib/python3.12/site-packages/airflow/example_dags/example_branch_labels.py
[2026-04-28T00:11:23.123+0000] {processor.py:830} INFO - Processing file /home/airflow/.local/lib/python3.12/site-packages/airflow/example_dags/example_branch_labels.py for tasks to queue
[2026-04-28T00:11:23.126+0000] {logging_mixin.py:188} INFO - [2026-04-28T00:11:23.125+0000] {dagbag.py:540} INFO - Filling up the DagBag from /home/airflow/.local/lib/python3.12/site-packages/airflow/example_dags/example_branch_labels.py
[2026-04-28T00:11:23.142+0000] {processor.py:840} INFO - DAG(s) 'example_branch_labels' retrieved from /home/airflow/.local/lib/python3.12/site-packages/airflow/example_dags/example_branch_labels.py
[2026-04-28T00:11:23.234+0000] {logging_mixin.py:188} INFO - [2026-04-28T00:11:23.233+0000] {dag.py:3096} INFO - Sync 1 DAGs
[2026-04-28T00:11:23.275+0000] {logging_mixin.py:188} INFO - [2026-04-28T00:11:23.275+0000] {dag.py:3954} INFO - Setting next_dagrun for example_branch_labels to 2026-04-27 00:00:00+00:00, run_after=2026-04-28 00:00:00+00:00
[2026-04-28T00:11:23.300+0000] {processor.py:183} INFO - Processing /home/airflow/.local/lib/python3.12/site-packages/airflow/example_dags/example_branch_labels.py took 0.200 seconds
[2026-04-28T00:11:57.467+0000] {processor.py:161} INFO - Started process (PID=1000) to work on /home/airflow/.local/lib/python3.12/site-packages/airflow/example_dags/example_branch_labels.py
[2026-04-28T00:11:57.468+0000] {processor.py:830} INFO - Processing file /home/airflow/.local/lib/python3.12/site-packages/airflow/example_dags/example_branch_labels.py for tasks to queue
[2026-04-28T00:11:57.470+0000] {logging_mixin.py:188} INFO - [2026-04-28T00:11:57.469+0000] {dagbag.py:540} INFO - Filling up the DagBag from /home/airflow/.local/lib/python3.12/site-packages/airflow/example_dags/example_branch_labels.py
[2026-04-28T00:11:57.479+0000] {processor.py:840} INFO - DAG(s) 'example_branch_labels' retrieved from /home/airflow/.local/lib/python3.12/site-packages/airflow/example_dags/example_branch_labels.py
[2026-04-28T00:11:57.504+0000] {logging_mixin.py:188} INFO - [2026-04-28T00:11:57.504+0000] {dag.py:3096} INFO - Sync 1 DAGs
[2026-04-28T00:11:57.528+0000] {logging_mixin.py:188} INFO - [2026-04-28T00:11:57.528+0000] {dag.py:3954} INFO - Setting next_dagrun for example_branch_labels to 2026-04-27 00:00:00+00:00, run_after=2026-04-28 00:00:00+00:00
[2026-04-28T00:11:57.547+0000] {processor.py:183} INFO - Processing /home/airflow/.local/lib/python3.12/site-packages/airflow/example_dags/example_branch_labels.py took 0.087 seconds
[2026-04-28T00:12:28.454+0000] {processor.py:161} INFO - Started process (PID=1059) to work on /home/airflow/.local/lib/python3.12/site-packages/airflow/example_dags/example_branch_labels.py
[2026-04-28T00:12:28.455+0000] {processor.py:830} INFO - Processing file /home/airflow/.local/lib/python3.12/site-packages/airflow/example_dags/example_branch_labels.py for tasks to queue
[2026-04-28T00:12:28.457+0000] {logging_mixin.py:188} INFO - [2026-04-28T00:12:28.456+0000] {dagbag.py:540} INFO - Filling up the DagBag from /home/airflow/.local/lib/python3.12/site-packages/airflow/example_dags/example_branch_labels.py
[2026-04-28T00:12:28.465+0000] {processor.py:840} INFO - DAG(s) 'example_branch_labels' retrieved from /home/airflow/.local/lib/python3.12/site-packages/airflow/example_dags/example_branch_labels.py
[2026-04-28T00:12:28.490+0000] {logging_mixin.py:188} INFO - [2026-04-28T00:12:28.489+0000] {dag.py:3096} INFO - Sync 1 DAGs
[2026-04-28T00:12:28.513+0000] {logging_mixin.py:188} INFO - [2026-04-28T00:12:28.513+0000] {dag.py:3954} INFO - Setting next_dagrun for example_branch_labels to 2026-04-27 00:00:00+00:00, run_after=2026-04-28 00:00:00+00:00
[2026-04-28T00:12:28.534+0000] {processor.py:183} INFO - Processing /home/airflow/.local/lib/python3.12/site-packages/airflow/example_dags/example_branch_labels.py took 0.086 seconds
[2026-04-28T00:12:59.063+0000] {processor.py:161} INFO - Started process (PID=1111) to work on /home/airflow/.local/lib/python3.12/site-packages/airflow/example_dags/example_branch_labels.py
[2026-04-28T00:12:59.065+0000] {processor.py:830} INFO - Processing file /home/airflow/.local/lib/python3.12/site-packages/airflow/example_dags/example_branch_labels.py for tasks to queue
[2026-04-28T00:12:59.066+0000] {logging_mixin.py:188} INFO - [2026-04-28T00:12:59.066+0000] {dagbag.py:540} INFO - Filling up the DagBag from /home/airflow/.local/lib/python3.12/site-packages/airflow/example_dags/example_branch_labels.py
[2026-04-28T00:12:59.075+0000] {processor.py:840} INFO - DAG(s) 'example_branch_labels' retrieved from /home/airflow/.local/lib/python3.12/site-packages/airflow/example_dags/example_branch_labels.py
[2026-04-28T00:12:59.098+0000] {logging_mixin.py:188} INFO - [2026-04-28T00:12:59.098+0000] {dag.py:3096} INFO - Sync 1 DAGs
[2026-04-28T00:12:59.122+0000] {logging_mixin.py:188} INFO - [2026-04-28T00:12:59.122+0000] {dag.py:3954} INFO - Setting next_dagrun for example_branch_labels to 2026-04-27 00:00:00+00:00, run_after=2026-04-28 00:00:00+00:00
[2026-04-28T00:12:59.145+0000] {processor.py:183} INFO - Processing /home/airflow/.local/lib/python3.12/site-packages/airflow/example_dags/example_branch_labels.py took 0.088 seconds
