[2026-04-28T00:00:23.011+0000] {processor.py:161} INFO - Started process (PID=154) to work on /home/airflow/.local/lib/python3.12/site-packages/airflow/example_dags/example_latest_only_with_trigger.py
[2026-04-28T00:00:23.012+0000] {processor.py:830} INFO - Processing file /home/airflow/.local/lib/python3.12/site-packages/airflow/example_dags/example_latest_only_with_trigger.py for tasks to queue
[2026-04-28T00:00:23.014+0000] {logging_mixin.py:188} INFO - [2026-04-28T00:00:23.014+0000] {dagbag.py:540} INFO - Filling up the DagBag from /home/airflow/.local/lib/python3.12/site-packages/airflow/example_dags/example_latest_only_with_trigger.py
[2026-04-28T00:00:23.031+0000] {processor.py:840} INFO - DAG(s) 'latest_only_with_trigger' retrieved from /home/airflow/.local/lib/python3.12/site-packages/airflow/example_dags/example_latest_only_with_trigger.py
[2026-04-28T00:00:23.054+0000] {logging_mixin.py:188} INFO - [2026-04-28T00:00:23.054+0000] {dag.py:3096} INFO - Sync 1 DAGs
[2026-04-28T00:00:23.080+0000] {logging_mixin.py:188} INFO - [2026-04-28T00:00:23.079+0000] {dag.py:3954} INFO - Setting next_dagrun for latest_only_with_trigger to 2026-04-27 20:00:00+00:00, run_after=2026-04-28 00:00:00+00:00
[2026-04-28T00:00:23.101+0000] {processor.py:183} INFO - Processing /home/airflow/.local/lib/python3.12/site-packages/airflow/example_dags/example_latest_only_with_trigger.py took 0.096 seconds
[2026-04-28T00:04:08.056+0000] {processor.py:161} INFO - Started process (PID=242) to work on /home/airflow/.local/lib/python3.12/site-packages/airflow/example_dags/example_latest_only_with_trigger.py
[2026-04-28T00:04:08.125+0000] {processor.py:830} INFO - Processing file /home/airflow/.local/lib/python3.12/site-packages/airflow/example_dags/example_latest_only_with_trigger.py for tasks to queue
[2026-04-28T00:04:08.126+0000] {logging_mixin.py:188} INFO - [2026-04-28T00:04:08.125+0000] {dagbag.py:540} INFO - Filling up the DagBag from /home/airflow/.local/lib/python3.12/site-packages/airflow/example_dags/example_latest_only_with_trigger.py
[2026-04-28T00:04:08.133+0000] {processor.py:840} INFO - DAG(s) 'latest_only_with_trigger' retrieved from /home/airflow/.local/lib/python3.12/site-packages/airflow/example_dags/example_latest_only_with_trigger.py
[2026-04-28T00:04:08.169+0000] {logging_mixin.py:188} INFO - [2026-04-28T00:04:08.169+0000] {dag.py:3096} INFO - Sync 1 DAGs
[2026-04-28T00:04:08.240+0000] {logging_mixin.py:188} INFO - [2026-04-28T00:04:08.239+0000] {dag.py:3954} INFO - Setting next_dagrun for latest_only_with_trigger to 2026-04-27 20:00:00+00:00, run_after=2026-04-28 00:00:00+00:00
[2026-04-28T00:04:08.774+0000] {processor.py:183} INFO - Processing /home/airflow/.local/lib/python3.12/site-packages/airflow/example_dags/example_latest_only_with_trigger.py took 0.724 seconds
[2026-04-28T00:05:27.803+0000] {processor.py:161} INFO - Started process (PID=304) to work on /home/airflow/.local/lib/python3.12/site-packages/airflow/example_dags/example_latest_only_with_trigger.py
[2026-04-28T00:05:27.827+0000] {processor.py:830} INFO - Processing file /home/airflow/.local/lib/python3.12/site-packages/airflow/example_dags/example_latest_only_with_trigger.py for tasks to queue
[2026-04-28T00:05:27.832+0000] {logging_mixin.py:188} INFO - [2026-04-28T00:05:27.831+0000] {dagbag.py:540} INFO - Filling up the DagBag from /home/airflow/.local/lib/python3.12/site-packages/airflow/example_dags/example_latest_only_with_trigger.py
[2026-04-28T00:05:27.850+0000] {processor.py:840} INFO - DAG(s) 'latest_only_with_trigger' retrieved from /home/airflow/.local/lib/python3.12/site-packages/airflow/example_dags/example_latest_only_with_trigger.py
[2026-04-28T00:05:31.362+0000] {logging_mixin.py:188} INFO - [2026-04-28T00:05:31.360+0000] {dag.py:3096} INFO - Sync 1 DAGs
[2026-04-28T00:05:40.901+0000] {logging_mixin.py:188} INFO - [2026-04-28T00:05:40.900+0000] {dag.py:3954} INFO - Setting next_dagrun for latest_only_with_trigger to 2026-04-27 20:00:00+00:00, run_after=2026-04-28 00:00:00+00:00
[2026-04-28T00:05:45.685+0000] {processor.py:183} INFO - Processing /home/airflow/.local/lib/python3.12/site-packages/airflow/example_dags/example_latest_only_with_trigger.py took 19.062 seconds
[2026-04-28T00:06:16.515+0000] {processor.py:161} INFO - Started process (PID=363) to work on /home/airflow/.local/lib/python3.12/site-packages/airflow/example_dags/example_latest_only_with_trigger.py
[2026-04-28T00:06:16.516+0000] {processor.py:830} INFO - Processing file /home/airflow/.local/lib/python3.12/site-packages/airflow/example_dags/example_latest_only_with_trigger.py for tasks to queue
[2026-04-28T00:06:16.517+0000] {logging_mixin.py:188} INFO - [2026-04-28T00:06:16.517+0000] {dagbag.py:540} INFO - Filling up the DagBag from /home/airflow/.local/lib/python3.12/site-packages/airflow/example_dags/example_latest_only_with_trigger.py
[2026-04-28T00:06:16.525+0000] {processor.py:840} INFO - DAG(s) 'latest_only_with_trigger' retrieved from /home/airflow/.local/lib/python3.12/site-packages/airflow/example_dags/example_latest_only_with_trigger.py
[2026-04-28T00:06:16.547+0000] {logging_mixin.py:188} INFO - [2026-04-28T00:06:16.547+0000] {dag.py:3096} INFO - Sync 1 DAGs
[2026-04-28T00:06:16.568+0000] {logging_mixin.py:188} INFO - [2026-04-28T00:06:16.568+0000] {dag.py:3954} INFO - Setting next_dagrun for latest_only_with_trigger to 2026-04-27 20:00:00+00:00, run_after=2026-04-28 00:00:00+00:00
[2026-04-28T00:06:16.588+0000] {processor.py:183} INFO - Processing /home/airflow/.local/lib/python3.12/site-packages/airflow/example_dags/example_latest_only_with_trigger.py took 0.080 seconds
[2026-04-28T00:06:47.191+0000] {processor.py:161} INFO - Started process (PID=422) to work on /home/airflow/.local/lib/python3.12/site-packages/airflow/example_dags/example_latest_only_with_trigger.py
[2026-04-28T00:06:47.193+0000] {processor.py:830} INFO - Processing file /home/airflow/.local/lib/python3.12/site-packages/airflow/example_dags/example_latest_only_with_trigger.py for tasks to queue
[2026-04-28T00:06:47.194+0000] {logging_mixin.py:188} INFO - [2026-04-28T00:06:47.193+0000] {dagbag.py:540} INFO - Filling up the DagBag from /home/airflow/.local/lib/python3.12/site-packages/airflow/example_dags/example_latest_only_with_trigger.py
[2026-04-28T00:06:47.204+0000] {processor.py:840} INFO - DAG(s) 'latest_only_with_trigger' retrieved from /home/airflow/.local/lib/python3.12/site-packages/airflow/example_dags/example_latest_only_with_trigger.py
[2026-04-28T00:06:47.229+0000] {logging_mixin.py:188} INFO - [2026-04-28T00:06:47.228+0000] {dag.py:3096} INFO - Sync 1 DAGs
[2026-04-28T00:06:47.253+0000] {logging_mixin.py:188} INFO - [2026-04-28T00:06:47.253+0000] {dag.py:3954} INFO - Setting next_dagrun for latest_only_with_trigger to 2026-04-27 20:00:00+00:00, run_after=2026-04-28 00:00:00+00:00
[2026-04-28T00:06:47.359+0000] {processor.py:183} INFO - Processing /home/airflow/.local/lib/python3.12/site-packages/airflow/example_dags/example_latest_only_with_trigger.py took 0.174 seconds
[2026-04-28T00:07:18.395+0000] {processor.py:161} INFO - Started process (PID=481) to work on /home/airflow/.local/lib/python3.12/site-packages/airflow/example_dags/example_latest_only_with_trigger.py
[2026-04-28T00:07:18.397+0000] {processor.py:830} INFO - Processing file /home/airflow/.local/lib/python3.12/site-packages/airflow/example_dags/example_latest_only_with_trigger.py for tasks to queue
[2026-04-28T00:07:18.398+0000] {logging_mixin.py:188} INFO - [2026-04-28T00:07:18.398+0000] {dagbag.py:540} INFO - Filling up the DagBag from /home/airflow/.local/lib/python3.12/site-packages/airflow/example_dags/example_latest_only_with_trigger.py
[2026-04-28T00:07:18.408+0000] {processor.py:840} INFO - DAG(s) 'latest_only_with_trigger' retrieved from /home/airflow/.local/lib/python3.12/site-packages/airflow/example_dags/example_latest_only_with_trigger.py
[2026-04-28T00:07:18.433+0000] {logging_mixin.py:188} INFO - [2026-04-28T00:07:18.433+0000] {dag.py:3096} INFO - Sync 1 DAGs
[2026-04-28T00:07:18.459+0000] {logging_mixin.py:188} INFO - [2026-04-28T00:07:18.459+0000] {dag.py:3954} INFO - Setting next_dagrun for latest_only_with_trigger to 2026-04-27 20:00:00+00:00, run_after=2026-04-28 00:00:00+00:00
[2026-04-28T00:07:18.482+0000] {processor.py:183} INFO - Processing /home/airflow/.local/lib/python3.12/site-packages/airflow/example_dags/example_latest_only_with_trigger.py took 0.095 seconds
[2026-04-28T00:07:49.029+0000] {processor.py:161} INFO - Started process (PID=540) to work on /home/airflow/.local/lib/python3.12/site-packages/airflow/example_dags/example_latest_only_with_trigger.py
[2026-04-28T00:07:49.030+0000] {processor.py:830} INFO - Processing file /home/airflow/.local/lib/python3.12/site-packages/airflow/example_dags/example_latest_only_with_trigger.py for tasks to queue
[2026-04-28T00:07:49.032+0000] {logging_mixin.py:188} INFO - [2026-04-28T00:07:49.031+0000] {dagbag.py:540} INFO - Filling up the DagBag from /home/airflow/.local/lib/python3.12/site-packages/airflow/example_dags/example_latest_only_with_trigger.py
[2026-04-28T00:07:49.043+0000] {processor.py:840} INFO - DAG(s) 'latest_only_with_trigger' retrieved from /home/airflow/.local/lib/python3.12/site-packages/airflow/example_dags/example_latest_only_with_trigger.py
[2026-04-28T00:07:49.074+0000] {logging_mixin.py:188} INFO - [2026-04-28T00:07:49.074+0000] {dag.py:3096} INFO - Sync 1 DAGs
[2026-04-28T00:07:49.100+0000] {logging_mixin.py:188} INFO - [2026-04-28T00:07:49.100+0000] {dag.py:3954} INFO - Setting next_dagrun for latest_only_with_trigger to 2026-04-27 20:00:00+00:00, run_after=2026-04-28 00:00:00+00:00
[2026-04-28T00:07:49.123+0000] {processor.py:183} INFO - Processing /home/airflow/.local/lib/python3.12/site-packages/airflow/example_dags/example_latest_only_with_trigger.py took 0.102 seconds
[2026-04-28T00:08:19.483+0000] {processor.py:161} INFO - Started process (PID=599) to work on /home/airflow/.local/lib/python3.12/site-packages/airflow/example_dags/example_latest_only_with_trigger.py
[2026-04-28T00:08:19.484+0000] {processor.py:830} INFO - Processing file /home/airflow/.local/lib/python3.12/site-packages/airflow/example_dags/example_latest_only_with_trigger.py for tasks to queue
[2026-04-28T00:08:19.485+0000] {logging_mixin.py:188} INFO - [2026-04-28T00:08:19.485+0000] {dagbag.py:540} INFO - Filling up the DagBag from /home/airflow/.local/lib/python3.12/site-packages/airflow/example_dags/example_latest_only_with_trigger.py
[2026-04-28T00:08:19.494+0000] {processor.py:840} INFO - DAG(s) 'latest_only_with_trigger' retrieved from /home/airflow/.local/lib/python3.12/site-packages/airflow/example_dags/example_latest_only_with_trigger.py
[2026-04-28T00:08:19.520+0000] {logging_mixin.py:188} INFO - [2026-04-28T00:08:19.520+0000] {dag.py:3096} INFO - Sync 1 DAGs
[2026-04-28T00:08:19.544+0000] {logging_mixin.py:188} INFO - [2026-04-28T00:08:19.544+0000] {dag.py:3954} INFO - Setting next_dagrun for latest_only_with_trigger to 2026-04-27 20:00:00+00:00, run_after=2026-04-28 00:00:00+00:00
[2026-04-28T00:08:19.569+0000] {processor.py:183} INFO - Processing /home/airflow/.local/lib/python3.12/site-packages/airflow/example_dags/example_latest_only_with_trigger.py took 0.093 seconds
[2026-04-28T00:08:49.684+0000] {processor.py:161} INFO - Started process (PID=658) to work on /home/airflow/.local/lib/python3.12/site-packages/airflow/example_dags/example_latest_only_with_trigger.py
[2026-04-28T00:08:49.685+0000] {processor.py:830} INFO - Processing file /home/airflow/.local/lib/python3.12/site-packages/airflow/example_dags/example_latest_only_with_trigger.py for tasks to queue
[2026-04-28T00:08:49.686+0000] {logging_mixin.py:188} INFO - [2026-04-28T00:08:49.686+0000] {dagbag.py:540} INFO - Filling up the DagBag from /home/airflow/.local/lib/python3.12/site-packages/airflow/example_dags/example_latest_only_with_trigger.py
[2026-04-28T00:08:49.694+0000] {processor.py:840} INFO - DAG(s) 'latest_only_with_trigger' retrieved from /home/airflow/.local/lib/python3.12/site-packages/airflow/example_dags/example_latest_only_with_trigger.py
[2026-04-28T00:08:49.720+0000] {logging_mixin.py:188} INFO - [2026-04-28T00:08:49.720+0000] {dag.py:3096} INFO - Sync 1 DAGs
[2026-04-28T00:08:49.744+0000] {logging_mixin.py:188} INFO - [2026-04-28T00:08:49.744+0000] {dag.py:3954} INFO - Setting next_dagrun for latest_only_with_trigger to 2026-04-27 20:00:00+00:00, run_after=2026-04-28 00:00:00+00:00
[2026-04-28T00:08:49.767+0000] {processor.py:183} INFO - Processing /home/airflow/.local/lib/python3.12/site-packages/airflow/example_dags/example_latest_only_with_trigger.py took 0.090 seconds
[2026-04-28T00:09:20.157+0000] {processor.py:161} INFO - Started process (PID=717) to work on /home/airflow/.local/lib/python3.12/site-packages/airflow/example_dags/example_latest_only_with_trigger.py
[2026-04-28T00:09:20.158+0000] {processor.py:830} INFO - Processing file /home/airflow/.local/lib/python3.12/site-packages/airflow/example_dags/example_latest_only_with_trigger.py for tasks to queue
[2026-04-28T00:09:20.160+0000] {logging_mixin.py:188} INFO - [2026-04-28T00:09:20.159+0000] {dagbag.py:540} INFO - Filling up the DagBag from /home/airflow/.local/lib/python3.12/site-packages/airflow/example_dags/example_latest_only_with_trigger.py
[2026-04-28T00:09:20.169+0000] {processor.py:840} INFO - DAG(s) 'latest_only_with_trigger' retrieved from /home/airflow/.local/lib/python3.12/site-packages/airflow/example_dags/example_latest_only_with_trigger.py
[2026-04-28T00:09:20.200+0000] {logging_mixin.py:188} INFO - [2026-04-28T00:09:20.200+0000] {dag.py:3096} INFO - Sync 1 DAGs
[2026-04-28T00:09:20.225+0000] {logging_mixin.py:188} INFO - [2026-04-28T00:09:20.225+0000] {dag.py:3954} INFO - Setting next_dagrun for latest_only_with_trigger to 2026-04-27 20:00:00+00:00, run_after=2026-04-28 00:00:00+00:00
[2026-04-28T00:09:20.251+0000] {processor.py:183} INFO - Processing /home/airflow/.local/lib/python3.12/site-packages/airflow/example_dags/example_latest_only_with_trigger.py took 0.103 seconds
[2026-04-28T00:09:50.558+0000] {processor.py:161} INFO - Started process (PID=776) to work on /home/airflow/.local/lib/python3.12/site-packages/airflow/example_dags/example_latest_only_with_trigger.py
[2026-04-28T00:09:50.559+0000] {processor.py:830} INFO - Processing file /home/airflow/.local/lib/python3.12/site-packages/airflow/example_dags/example_latest_only_with_trigger.py for tasks to queue
[2026-04-28T00:09:50.560+0000] {logging_mixin.py:188} INFO - [2026-04-28T00:09:50.560+0000] {dagbag.py:540} INFO - Filling up the DagBag from /home/airflow/.local/lib/python3.12/site-packages/airflow/example_dags/example_latest_only_with_trigger.py
[2026-04-28T00:09:50.567+0000] {processor.py:840} INFO - DAG(s) 'latest_only_with_trigger' retrieved from /home/airflow/.local/lib/python3.12/site-packages/airflow/example_dags/example_latest_only_with_trigger.py
[2026-04-28T00:09:50.591+0000] {logging_mixin.py:188} INFO - [2026-04-28T00:09:50.591+0000] {dag.py:3096} INFO - Sync 1 DAGs
[2026-04-28T00:09:50.614+0000] {logging_mixin.py:188} INFO - [2026-04-28T00:09:50.614+0000] {dag.py:3954} INFO - Setting next_dagrun for latest_only_with_trigger to 2026-04-27 20:00:00+00:00, run_after=2026-04-28 00:00:00+00:00
[2026-04-28T00:09:50.637+0000] {processor.py:183} INFO - Processing /home/airflow/.local/lib/python3.12/site-packages/airflow/example_dags/example_latest_only_with_trigger.py took 0.086 seconds
[2026-04-28T00:10:22.109+0000] {processor.py:161} INFO - Started process (PID=833) to work on /home/airflow/.local/lib/python3.12/site-packages/airflow/example_dags/example_latest_only_with_trigger.py
[2026-04-28T00:10:22.110+0000] {processor.py:830} INFO - Processing file /home/airflow/.local/lib/python3.12/site-packages/airflow/example_dags/example_latest_only_with_trigger.py for tasks to queue
[2026-04-28T00:10:22.112+0000] {logging_mixin.py:188} INFO - [2026-04-28T00:10:22.111+0000] {dagbag.py:540} INFO - Filling up the DagBag from /home/airflow/.local/lib/python3.12/site-packages/airflow/example_dags/example_latest_only_with_trigger.py
[2026-04-28T00:10:22.119+0000] {processor.py:840} INFO - DAG(s) 'latest_only_with_trigger' retrieved from /home/airflow/.local/lib/python3.12/site-packages/airflow/example_dags/example_latest_only_with_trigger.py
[2026-04-28T00:10:22.142+0000] {logging_mixin.py:188} INFO - [2026-04-28T00:10:22.141+0000] {dag.py:3096} INFO - Sync 1 DAGs
[2026-04-28T00:10:22.167+0000] {logging_mixin.py:188} INFO - [2026-04-28T00:10:22.166+0000] {dag.py:3954} INFO - Setting next_dagrun for latest_only_with_trigger to 2026-04-27 20:00:00+00:00, run_after=2026-04-28 00:00:00+00:00
[2026-04-28T00:10:22.189+0000] {processor.py:183} INFO - Processing /home/airflow/.local/lib/python3.12/site-packages/airflow/example_dags/example_latest_only_with_trigger.py took 0.086 seconds
[2026-04-28T00:10:52.940+0000] {processor.py:161} INFO - Started process (PID=892) to work on /home/airflow/.local/lib/python3.12/site-packages/airflow/example_dags/example_latest_only_with_trigger.py
[2026-04-28T00:10:52.941+0000] {processor.py:830} INFO - Processing file /home/airflow/.local/lib/python3.12/site-packages/airflow/example_dags/example_latest_only_with_trigger.py for tasks to queue
[2026-04-28T00:10:52.943+0000] {logging_mixin.py:188} INFO - [2026-04-28T00:10:52.942+0000] {dagbag.py:540} INFO - Filling up the DagBag from /home/airflow/.local/lib/python3.12/site-packages/airflow/example_dags/example_latest_only_with_trigger.py
[2026-04-28T00:10:52.951+0000] {processor.py:840} INFO - DAG(s) 'latest_only_with_trigger' retrieved from /home/airflow/.local/lib/python3.12/site-packages/airflow/example_dags/example_latest_only_with_trigger.py
[2026-04-28T00:10:52.986+0000] {logging_mixin.py:188} INFO - [2026-04-28T00:10:52.985+0000] {dag.py:3096} INFO - Sync 1 DAGs
[2026-04-28T00:10:53.023+0000] {logging_mixin.py:188} INFO - [2026-04-28T00:10:53.023+0000] {dag.py:3954} INFO - Setting next_dagrun for latest_only_with_trigger to 2026-04-27 20:00:00+00:00, run_after=2026-04-28 00:00:00+00:00
[2026-04-28T00:10:53.055+0000] {processor.py:183} INFO - Processing /home/airflow/.local/lib/python3.12/site-packages/airflow/example_dags/example_latest_only_with_trigger.py took 0.123 seconds
[2026-04-28T00:11:24.201+0000] {processor.py:161} INFO - Started process (PID=951) to work on /home/airflow/.local/lib/python3.12/site-packages/airflow/example_dags/example_latest_only_with_trigger.py
[2026-04-28T00:11:24.203+0000] {processor.py:830} INFO - Processing file /home/airflow/.local/lib/python3.12/site-packages/airflow/example_dags/example_latest_only_with_trigger.py for tasks to queue
[2026-04-28T00:11:24.204+0000] {logging_mixin.py:188} INFO - [2026-04-28T00:11:24.203+0000] {dagbag.py:540} INFO - Filling up the DagBag from /home/airflow/.local/lib/python3.12/site-packages/airflow/example_dags/example_latest_only_with_trigger.py
[2026-04-28T00:11:24.211+0000] {processor.py:840} INFO - DAG(s) 'latest_only_with_trigger' retrieved from /home/airflow/.local/lib/python3.12/site-packages/airflow/example_dags/example_latest_only_with_trigger.py
[2026-04-28T00:11:24.237+0000] {logging_mixin.py:188} INFO - [2026-04-28T00:11:24.237+0000] {dag.py:3096} INFO - Sync 1 DAGs
[2026-04-28T00:11:24.262+0000] {logging_mixin.py:188} INFO - [2026-04-28T00:11:24.262+0000] {dag.py:3954} INFO - Setting next_dagrun for latest_only_with_trigger to 2026-04-27 20:00:00+00:00, run_after=2026-04-28 00:00:00+00:00
[2026-04-28T00:11:24.286+0000] {processor.py:183} INFO - Processing /home/airflow/.local/lib/python3.12/site-packages/airflow/example_dags/example_latest_only_with_trigger.py took 0.093 seconds
[2026-04-28T00:11:58.302+0000] {processor.py:161} INFO - Started process (PID=1010) to work on /home/airflow/.local/lib/python3.12/site-packages/airflow/example_dags/example_latest_only_with_trigger.py
[2026-04-28T00:11:58.304+0000] {processor.py:830} INFO - Processing file /home/airflow/.local/lib/python3.12/site-packages/airflow/example_dags/example_latest_only_with_trigger.py for tasks to queue
[2026-04-28T00:11:58.305+0000] {logging_mixin.py:188} INFO - [2026-04-28T00:11:58.304+0000] {dagbag.py:540} INFO - Filling up the DagBag from /home/airflow/.local/lib/python3.12/site-packages/airflow/example_dags/example_latest_only_with_trigger.py
[2026-04-28T00:11:58.312+0000] {processor.py:840} INFO - DAG(s) 'latest_only_with_trigger' retrieved from /home/airflow/.local/lib/python3.12/site-packages/airflow/example_dags/example_latest_only_with_trigger.py
[2026-04-28T00:11:58.339+0000] {logging_mixin.py:188} INFO - [2026-04-28T00:11:58.339+0000] {dag.py:3096} INFO - Sync 1 DAGs
[2026-04-28T00:11:58.368+0000] {logging_mixin.py:188} INFO - [2026-04-28T00:11:58.367+0000] {dag.py:3954} INFO - Setting next_dagrun for latest_only_with_trigger to 2026-04-27 20:00:00+00:00, run_after=2026-04-28 00:00:00+00:00
[2026-04-28T00:11:58.393+0000] {processor.py:183} INFO - Processing /home/airflow/.local/lib/python3.12/site-packages/airflow/example_dags/example_latest_only_with_trigger.py took 0.097 seconds
[2026-04-28T00:12:29.191+0000] {processor.py:161} INFO - Started process (PID=1069) to work on /home/airflow/.local/lib/python3.12/site-packages/airflow/example_dags/example_latest_only_with_trigger.py
[2026-04-28T00:12:29.192+0000] {processor.py:830} INFO - Processing file /home/airflow/.local/lib/python3.12/site-packages/airflow/example_dags/example_latest_only_with_trigger.py for tasks to queue
[2026-04-28T00:12:29.193+0000] {logging_mixin.py:188} INFO - [2026-04-28T00:12:29.193+0000] {dagbag.py:540} INFO - Filling up the DagBag from /home/airflow/.local/lib/python3.12/site-packages/airflow/example_dags/example_latest_only_with_trigger.py
[2026-04-28T00:12:29.200+0000] {processor.py:840} INFO - DAG(s) 'latest_only_with_trigger' retrieved from /home/airflow/.local/lib/python3.12/site-packages/airflow/example_dags/example_latest_only_with_trigger.py
[2026-04-28T00:12:29.224+0000] {logging_mixin.py:188} INFO - [2026-04-28T00:12:29.223+0000] {dag.py:3096} INFO - Sync 1 DAGs
[2026-04-28T00:12:29.248+0000] {logging_mixin.py:188} INFO - [2026-04-28T00:12:29.248+0000] {dag.py:3954} INFO - Setting next_dagrun for latest_only_with_trigger to 2026-04-27 20:00:00+00:00, run_after=2026-04-28 00:00:00+00:00
[2026-04-28T00:12:29.270+0000] {processor.py:183} INFO - Processing /home/airflow/.local/lib/python3.12/site-packages/airflow/example_dags/example_latest_only_with_trigger.py took 0.086 seconds
[2026-04-28T00:13:00.398+0000] {processor.py:161} INFO - Started process (PID=1128) to work on /home/airflow/.local/lib/python3.12/site-packages/airflow/example_dags/example_latest_only_with_trigger.py
[2026-04-28T00:13:00.399+0000] {processor.py:830} INFO - Processing file /home/airflow/.local/lib/python3.12/site-packages/airflow/example_dags/example_latest_only_with_trigger.py for tasks to queue
[2026-04-28T00:13:00.401+0000] {logging_mixin.py:188} INFO - [2026-04-28T00:13:00.400+0000] {dagbag.py:540} INFO - Filling up the DagBag from /home/airflow/.local/lib/python3.12/site-packages/airflow/example_dags/example_latest_only_with_trigger.py
[2026-04-28T00:13:00.407+0000] {processor.py:840} INFO - DAG(s) 'latest_only_with_trigger' retrieved from /home/airflow/.local/lib/python3.12/site-packages/airflow/example_dags/example_latest_only_with_trigger.py
[2026-04-28T00:13:00.432+0000] {logging_mixin.py:188} INFO - [2026-04-28T00:13:00.432+0000] {dag.py:3096} INFO - Sync 1 DAGs
[2026-04-28T00:13:00.455+0000] {logging_mixin.py:188} INFO - [2026-04-28T00:13:00.455+0000] {dag.py:3954} INFO - Setting next_dagrun for latest_only_with_trigger to 2026-04-27 20:00:00+00:00, run_after=2026-04-28 00:00:00+00:00
[2026-04-28T00:13:00.477+0000] {processor.py:183} INFO - Processing /home/airflow/.local/lib/python3.12/site-packages/airflow/example_dags/example_latest_only_with_trigger.py took 0.085 seconds
