[2026-04-28T00:00:25.534+0000] {processor.py:161} INFO - Started process (PID=168) to work on /home/airflow/.local/lib/python3.12/site-packages/airflow/example_dags/example_python_operator.py
[2026-04-28T00:00:25.535+0000] {processor.py:830} INFO - Processing file /home/airflow/.local/lib/python3.12/site-packages/airflow/example_dags/example_python_operator.py for tasks to queue
[2026-04-28T00:00:25.537+0000] {logging_mixin.py:188} INFO - [2026-04-28T00:00:25.537+0000] {dagbag.py:540} INFO - Filling up the DagBag from /home/airflow/.local/lib/python3.12/site-packages/airflow/example_dags/example_python_operator.py
[2026-04-28T00:00:25.550+0000] {processor.py:840} INFO - DAG(s) 'example_python_operator' retrieved from /home/airflow/.local/lib/python3.12/site-packages/airflow/example_dags/example_python_operator.py
[2026-04-28T00:00:25.575+0000] {logging_mixin.py:188} INFO - [2026-04-28T00:00:25.574+0000] {dag.py:3096} INFO - Sync 1 DAGs
[2026-04-28T00:00:25.587+0000] {logging_mixin.py:188} INFO - [2026-04-28T00:00:25.587+0000] {dag.py:3954} INFO - Setting next_dagrun for example_python_operator to None, run_after=None
[2026-04-28T00:00:25.610+0000] {processor.py:183} INFO - Processing /home/airflow/.local/lib/python3.12/site-packages/airflow/example_dags/example_python_operator.py took 0.083 seconds
[2026-04-28T00:04:16.129+0000] {processor.py:161} INFO - Started process (PID=256) to work on /home/airflow/.local/lib/python3.12/site-packages/airflow/example_dags/example_python_operator.py
[2026-04-28T00:04:16.139+0000] {processor.py:830} INFO - Processing file /home/airflow/.local/lib/python3.12/site-packages/airflow/example_dags/example_python_operator.py for tasks to queue
[2026-04-28T00:04:16.140+0000] {logging_mixin.py:188} INFO - [2026-04-28T00:04:16.139+0000] {dagbag.py:540} INFO - Filling up the DagBag from /home/airflow/.local/lib/python3.12/site-packages/airflow/example_dags/example_python_operator.py
[2026-04-28T00:04:17.369+0000] {processor.py:840} INFO - DAG(s) 'example_python_operator' retrieved from /home/airflow/.local/lib/python3.12/site-packages/airflow/example_dags/example_python_operator.py
[2026-04-28T00:04:17.788+0000] {logging_mixin.py:188} INFO - [2026-04-28T00:04:17.788+0000] {dag.py:3096} INFO - Sync 1 DAGs
[2026-04-28T00:04:21.738+0000] {logging_mixin.py:188} INFO - [2026-04-28T00:04:21.738+0000] {dag.py:3954} INFO - Setting next_dagrun for example_python_operator to None, run_after=None
[2026-04-28T00:04:22.024+0000] {processor.py:183} INFO - Processing /home/airflow/.local/lib/python3.12/site-packages/airflow/example_dags/example_python_operator.py took 5.975 seconds
[2026-04-28T00:06:10.198+0000] {processor.py:161} INFO - Started process (PID=324) to work on /home/airflow/.local/lib/python3.12/site-packages/airflow/example_dags/example_python_operator.py
[2026-04-28T00:06:10.200+0000] {processor.py:830} INFO - Processing file /home/airflow/.local/lib/python3.12/site-packages/airflow/example_dags/example_python_operator.py for tasks to queue
[2026-04-28T00:06:10.201+0000] {logging_mixin.py:188} INFO - [2026-04-28T00:06:10.201+0000] {dagbag.py:540} INFO - Filling up the DagBag from /home/airflow/.local/lib/python3.12/site-packages/airflow/example_dags/example_python_operator.py
[2026-04-28T00:06:10.212+0000] {processor.py:840} INFO - DAG(s) 'example_python_operator' retrieved from /home/airflow/.local/lib/python3.12/site-packages/airflow/example_dags/example_python_operator.py
[2026-04-28T00:06:10.238+0000] {logging_mixin.py:188} INFO - [2026-04-28T00:06:10.238+0000] {dag.py:3096} INFO - Sync 1 DAGs
[2026-04-28T00:06:10.251+0000] {logging_mixin.py:188} INFO - [2026-04-28T00:06:10.251+0000] {dag.py:3954} INFO - Setting next_dagrun for example_python_operator to None, run_after=None
[2026-04-28T00:06:10.316+0000] {processor.py:183} INFO - Processing /home/airflow/.local/lib/python3.12/site-packages/airflow/example_dags/example_python_operator.py took 0.124 seconds
[2026-04-28T00:06:41.282+0000] {processor.py:161} INFO - Started process (PID=385) to work on /home/airflow/.local/lib/python3.12/site-packages/airflow/example_dags/example_python_operator.py
[2026-04-28T00:06:41.284+0000] {processor.py:830} INFO - Processing file /home/airflow/.local/lib/python3.12/site-packages/airflow/example_dags/example_python_operator.py for tasks to queue
[2026-04-28T00:06:41.285+0000] {logging_mixin.py:188} INFO - [2026-04-28T00:06:41.285+0000] {dagbag.py:540} INFO - Filling up the DagBag from /home/airflow/.local/lib/python3.12/site-packages/airflow/example_dags/example_python_operator.py
[2026-04-28T00:06:41.301+0000] {processor.py:840} INFO - DAG(s) 'example_python_operator' retrieved from /home/airflow/.local/lib/python3.12/site-packages/airflow/example_dags/example_python_operator.py
[2026-04-28T00:06:41.327+0000] {logging_mixin.py:188} INFO - [2026-04-28T00:06:41.327+0000] {dag.py:3096} INFO - Sync 1 DAGs
[2026-04-28T00:06:41.340+0000] {logging_mixin.py:188} INFO - [2026-04-28T00:06:41.340+0000] {dag.py:3954} INFO - Setting next_dagrun for example_python_operator to None, run_after=None
[2026-04-28T00:06:41.364+0000] {processor.py:183} INFO - Processing /home/airflow/.local/lib/python3.12/site-packages/airflow/example_dags/example_python_operator.py took 0.090 seconds
[2026-04-28T00:07:11.623+0000] {processor.py:161} INFO - Started process (PID=444) to work on /home/airflow/.local/lib/python3.12/site-packages/airflow/example_dags/example_python_operator.py
[2026-04-28T00:07:11.625+0000] {processor.py:830} INFO - Processing file /home/airflow/.local/lib/python3.12/site-packages/airflow/example_dags/example_python_operator.py for tasks to queue
[2026-04-28T00:07:11.626+0000] {logging_mixin.py:188} INFO - [2026-04-28T00:07:11.626+0000] {dagbag.py:540} INFO - Filling up the DagBag from /home/airflow/.local/lib/python3.12/site-packages/airflow/example_dags/example_python_operator.py
[2026-04-28T00:07:11.645+0000] {processor.py:840} INFO - DAG(s) 'example_python_operator' retrieved from /home/airflow/.local/lib/python3.12/site-packages/airflow/example_dags/example_python_operator.py
[2026-04-28T00:07:11.686+0000] {logging_mixin.py:188} INFO - [2026-04-28T00:07:11.686+0000] {dag.py:3096} INFO - Sync 1 DAGs
[2026-04-28T00:07:11.709+0000] {logging_mixin.py:188} INFO - [2026-04-28T00:07:11.709+0000] {dag.py:3954} INFO - Setting next_dagrun for example_python_operator to None, run_after=None
[2026-04-28T00:07:11.739+0000] {processor.py:183} INFO - Processing /home/airflow/.local/lib/python3.12/site-packages/airflow/example_dags/example_python_operator.py took 0.128 seconds
[2026-04-28T00:07:41.973+0000] {processor.py:161} INFO - Started process (PID=503) to work on /home/airflow/.local/lib/python3.12/site-packages/airflow/example_dags/example_python_operator.py
[2026-04-28T00:07:41.975+0000] {processor.py:830} INFO - Processing file /home/airflow/.local/lib/python3.12/site-packages/airflow/example_dags/example_python_operator.py for tasks to queue
[2026-04-28T00:07:41.976+0000] {logging_mixin.py:188} INFO - [2026-04-28T00:07:41.976+0000] {dagbag.py:540} INFO - Filling up the DagBag from /home/airflow/.local/lib/python3.12/site-packages/airflow/example_dags/example_python_operator.py
[2026-04-28T00:07:41.988+0000] {processor.py:840} INFO - DAG(s) 'example_python_operator' retrieved from /home/airflow/.local/lib/python3.12/site-packages/airflow/example_dags/example_python_operator.py
[2026-04-28T00:07:42.014+0000] {logging_mixin.py:188} INFO - [2026-04-28T00:07:42.014+0000] {dag.py:3096} INFO - Sync 1 DAGs
[2026-04-28T00:07:42.027+0000] {logging_mixin.py:188} INFO - [2026-04-28T00:07:42.027+0000] {dag.py:3954} INFO - Setting next_dagrun for example_python_operator to None, run_after=None
[2026-04-28T00:07:42.048+0000] {processor.py:183} INFO - Processing /home/airflow/.local/lib/python3.12/site-packages/airflow/example_dags/example_python_operator.py took 0.083 seconds
[2026-04-28T00:08:14.143+0000] {processor.py:161} INFO - Started process (PID=565) to work on /home/airflow/.local/lib/python3.12/site-packages/airflow/example_dags/example_python_operator.py
[2026-04-28T00:08:14.144+0000] {processor.py:830} INFO - Processing file /home/airflow/.local/lib/python3.12/site-packages/airflow/example_dags/example_python_operator.py for tasks to queue
[2026-04-28T00:08:14.145+0000] {logging_mixin.py:188} INFO - [2026-04-28T00:08:14.145+0000] {dagbag.py:540} INFO - Filling up the DagBag from /home/airflow/.local/lib/python3.12/site-packages/airflow/example_dags/example_python_operator.py
[2026-04-28T00:08:14.158+0000] {processor.py:840} INFO - DAG(s) 'example_python_operator' retrieved from /home/airflow/.local/lib/python3.12/site-packages/airflow/example_dags/example_python_operator.py
[2026-04-28T00:08:14.195+0000] {logging_mixin.py:188} INFO - [2026-04-28T00:08:14.195+0000] {dag.py:3096} INFO - Sync 1 DAGs
[2026-04-28T00:08:14.214+0000] {logging_mixin.py:188} INFO - [2026-04-28T00:08:14.214+0000] {dag.py:3954} INFO - Setting next_dagrun for example_python_operator to None, run_after=None
[2026-04-28T00:08:14.363+0000] {processor.py:183} INFO - Processing /home/airflow/.local/lib/python3.12/site-packages/airflow/example_dags/example_python_operator.py took 0.228 seconds
[2026-04-28T00:08:45.218+0000] {processor.py:161} INFO - Started process (PID=625) to work on /home/airflow/.local/lib/python3.12/site-packages/airflow/example_dags/example_python_operator.py
[2026-04-28T00:08:45.220+0000] {processor.py:830} INFO - Processing file /home/airflow/.local/lib/python3.12/site-packages/airflow/example_dags/example_python_operator.py for tasks to queue
[2026-04-28T00:08:45.222+0000] {logging_mixin.py:188} INFO - [2026-04-28T00:08:45.221+0000] {dagbag.py:540} INFO - Filling up the DagBag from /home/airflow/.local/lib/python3.12/site-packages/airflow/example_dags/example_python_operator.py
[2026-04-28T00:08:45.255+0000] {processor.py:840} INFO - DAG(s) 'example_python_operator' retrieved from /home/airflow/.local/lib/python3.12/site-packages/airflow/example_dags/example_python_operator.py
[2026-04-28T00:08:45.296+0000] {logging_mixin.py:188} INFO - [2026-04-28T00:08:45.295+0000] {dag.py:3096} INFO - Sync 1 DAGs
[2026-04-28T00:08:45.318+0000] {logging_mixin.py:188} INFO - [2026-04-28T00:08:45.318+0000] {dag.py:3954} INFO - Setting next_dagrun for example_python_operator to None, run_after=None
[2026-04-28T00:08:45.351+0000] {processor.py:183} INFO - Processing /home/airflow/.local/lib/python3.12/site-packages/airflow/example_dags/example_python_operator.py took 0.141 seconds
[2026-04-28T00:09:15.502+0000] {processor.py:161} INFO - Started process (PID=684) to work on /home/airflow/.local/lib/python3.12/site-packages/airflow/example_dags/example_python_operator.py
[2026-04-28T00:09:15.503+0000] {processor.py:830} INFO - Processing file /home/airflow/.local/lib/python3.12/site-packages/airflow/example_dags/example_python_operator.py for tasks to queue
[2026-04-28T00:09:15.504+0000] {logging_mixin.py:188} INFO - [2026-04-28T00:09:15.504+0000] {dagbag.py:540} INFO - Filling up the DagBag from /home/airflow/.local/lib/python3.12/site-packages/airflow/example_dags/example_python_operator.py
[2026-04-28T00:09:15.517+0000] {processor.py:840} INFO - DAG(s) 'example_python_operator' retrieved from /home/airflow/.local/lib/python3.12/site-packages/airflow/example_dags/example_python_operator.py
[2026-04-28T00:09:15.541+0000] {logging_mixin.py:188} INFO - [2026-04-28T00:09:15.541+0000] {dag.py:3096} INFO - Sync 1 DAGs
[2026-04-28T00:09:15.555+0000] {logging_mixin.py:188} INFO - [2026-04-28T00:09:15.555+0000] {dag.py:3954} INFO - Setting next_dagrun for example_python_operator to None, run_after=None
[2026-04-28T00:09:15.576+0000] {processor.py:183} INFO - Processing /home/airflow/.local/lib/python3.12/site-packages/airflow/example_dags/example_python_operator.py took 0.081 seconds
[2026-04-28T00:09:45.726+0000] {processor.py:161} INFO - Started process (PID=743) to work on /home/airflow/.local/lib/python3.12/site-packages/airflow/example_dags/example_python_operator.py
[2026-04-28T00:09:45.728+0000] {processor.py:830} INFO - Processing file /home/airflow/.local/lib/python3.12/site-packages/airflow/example_dags/example_python_operator.py for tasks to queue
[2026-04-28T00:09:45.729+0000] {logging_mixin.py:188} INFO - [2026-04-28T00:09:45.728+0000] {dagbag.py:540} INFO - Filling up the DagBag from /home/airflow/.local/lib/python3.12/site-packages/airflow/example_dags/example_python_operator.py
[2026-04-28T00:09:45.741+0000] {processor.py:840} INFO - DAG(s) 'example_python_operator' retrieved from /home/airflow/.local/lib/python3.12/site-packages/airflow/example_dags/example_python_operator.py
[2026-04-28T00:09:45.772+0000] {logging_mixin.py:188} INFO - [2026-04-28T00:09:45.771+0000] {dag.py:3096} INFO - Sync 1 DAGs
[2026-04-28T00:09:45.790+0000] {logging_mixin.py:188} INFO - [2026-04-28T00:09:45.789+0000] {dag.py:3954} INFO - Setting next_dagrun for example_python_operator to None, run_after=None
[2026-04-28T00:09:45.815+0000] {processor.py:183} INFO - Processing /home/airflow/.local/lib/python3.12/site-packages/airflow/example_dags/example_python_operator.py took 0.096 seconds
[2026-04-28T00:10:16.769+0000] {processor.py:161} INFO - Started process (PID=802) to work on /home/airflow/.local/lib/python3.12/site-packages/airflow/example_dags/example_python_operator.py
[2026-04-28T00:10:16.770+0000] {processor.py:830} INFO - Processing file /home/airflow/.local/lib/python3.12/site-packages/airflow/example_dags/example_python_operator.py for tasks to queue
[2026-04-28T00:10:16.771+0000] {logging_mixin.py:188} INFO - [2026-04-28T00:10:16.771+0000] {dagbag.py:540} INFO - Filling up the DagBag from /home/airflow/.local/lib/python3.12/site-packages/airflow/example_dags/example_python_operator.py
[2026-04-28T00:10:16.783+0000] {processor.py:840} INFO - DAG(s) 'example_python_operator' retrieved from /home/airflow/.local/lib/python3.12/site-packages/airflow/example_dags/example_python_operator.py
[2026-04-28T00:10:16.809+0000] {logging_mixin.py:188} INFO - [2026-04-28T00:10:16.808+0000] {dag.py:3096} INFO - Sync 1 DAGs
[2026-04-28T00:10:16.822+0000] {logging_mixin.py:188} INFO - [2026-04-28T00:10:16.822+0000] {dag.py:3954} INFO - Setting next_dagrun for example_python_operator to None, run_after=None
[2026-04-28T00:10:16.842+0000] {processor.py:183} INFO - Processing /home/airflow/.local/lib/python3.12/site-packages/airflow/example_dags/example_python_operator.py took 0.080 seconds
[2026-04-28T00:10:50.472+0000] {processor.py:161} INFO - Started process (PID=863) to work on /home/airflow/.local/lib/python3.12/site-packages/airflow/example_dags/example_python_operator.py
[2026-04-28T00:10:50.474+0000] {processor.py:830} INFO - Processing file /home/airflow/.local/lib/python3.12/site-packages/airflow/example_dags/example_python_operator.py for tasks to queue
[2026-04-28T00:10:50.475+0000] {logging_mixin.py:188} INFO - [2026-04-28T00:10:50.474+0000] {dagbag.py:540} INFO - Filling up the DagBag from /home/airflow/.local/lib/python3.12/site-packages/airflow/example_dags/example_python_operator.py
[2026-04-28T00:10:50.486+0000] {processor.py:840} INFO - DAG(s) 'example_python_operator' retrieved from /home/airflow/.local/lib/python3.12/site-packages/airflow/example_dags/example_python_operator.py
[2026-04-28T00:10:50.513+0000] {logging_mixin.py:188} INFO - [2026-04-28T00:10:50.513+0000] {dag.py:3096} INFO - Sync 1 DAGs
[2026-04-28T00:10:50.526+0000] {logging_mixin.py:188} INFO - [2026-04-28T00:10:50.526+0000] {dag.py:3954} INFO - Setting next_dagrun for example_python_operator to None, run_after=None
[2026-04-28T00:10:50.549+0000] {processor.py:183} INFO - Processing /home/airflow/.local/lib/python3.12/site-packages/airflow/example_dags/example_python_operator.py took 0.083 seconds
[2026-04-28T00:11:21.429+0000] {processor.py:161} INFO - Started process (PID=922) to work on /home/airflow/.local/lib/python3.12/site-packages/airflow/example_dags/example_python_operator.py
[2026-04-28T00:11:21.430+0000] {processor.py:830} INFO - Processing file /home/airflow/.local/lib/python3.12/site-packages/airflow/example_dags/example_python_operator.py for tasks to queue
[2026-04-28T00:11:21.432+0000] {logging_mixin.py:188} INFO - [2026-04-28T00:11:21.431+0000] {dagbag.py:540} INFO - Filling up the DagBag from /home/airflow/.local/lib/python3.12/site-packages/airflow/example_dags/example_python_operator.py
[2026-04-28T00:11:21.444+0000] {processor.py:840} INFO - DAG(s) 'example_python_operator' retrieved from /home/airflow/.local/lib/python3.12/site-packages/airflow/example_dags/example_python_operator.py
[2026-04-28T00:11:21.470+0000] {logging_mixin.py:188} INFO - [2026-04-28T00:11:21.469+0000] {dag.py:3096} INFO - Sync 1 DAGs
[2026-04-28T00:11:21.483+0000] {logging_mixin.py:188} INFO - [2026-04-28T00:11:21.483+0000] {dag.py:3954} INFO - Setting next_dagrun for example_python_operator to None, run_after=None
[2026-04-28T00:11:21.503+0000] {processor.py:183} INFO - Processing /home/airflow/.local/lib/python3.12/site-packages/airflow/example_dags/example_python_operator.py took 0.081 seconds
[2026-04-28T00:11:57.175+0000] {processor.py:161} INFO - Started process (PID=994) to work on /home/airflow/.local/lib/python3.12/site-packages/airflow/example_dags/example_python_operator.py
[2026-04-28T00:11:57.178+0000] {processor.py:830} INFO - Processing file /home/airflow/.local/lib/python3.12/site-packages/airflow/example_dags/example_python_operator.py for tasks to queue
[2026-04-28T00:11:57.179+0000] {logging_mixin.py:188} INFO - [2026-04-28T00:11:57.179+0000] {dagbag.py:540} INFO - Filling up the DagBag from /home/airflow/.local/lib/python3.12/site-packages/airflow/example_dags/example_python_operator.py
[2026-04-28T00:11:57.191+0000] {processor.py:840} INFO - DAG(s) 'example_python_operator' retrieved from /home/airflow/.local/lib/python3.12/site-packages/airflow/example_dags/example_python_operator.py
[2026-04-28T00:11:57.217+0000] {logging_mixin.py:188} INFO - [2026-04-28T00:11:57.216+0000] {dag.py:3096} INFO - Sync 1 DAGs
[2026-04-28T00:11:57.231+0000] {logging_mixin.py:188} INFO - [2026-04-28T00:11:57.231+0000] {dag.py:3954} INFO - Setting next_dagrun for example_python_operator to None, run_after=None
[2026-04-28T00:11:57.255+0000] {processor.py:183} INFO - Processing /home/airflow/.local/lib/python3.12/site-packages/airflow/example_dags/example_python_operator.py took 0.087 seconds
[2026-04-28T00:12:27.730+0000] {processor.py:161} INFO - Started process (PID=1053) to work on /home/airflow/.local/lib/python3.12/site-packages/airflow/example_dags/example_python_operator.py
[2026-04-28T00:12:27.731+0000] {processor.py:830} INFO - Processing file /home/airflow/.local/lib/python3.12/site-packages/airflow/example_dags/example_python_operator.py for tasks to queue
[2026-04-28T00:12:27.732+0000] {logging_mixin.py:188} INFO - [2026-04-28T00:12:27.732+0000] {dagbag.py:540} INFO - Filling up the DagBag from /home/airflow/.local/lib/python3.12/site-packages/airflow/example_dags/example_python_operator.py
[2026-04-28T00:12:27.743+0000] {processor.py:840} INFO - DAG(s) 'example_python_operator' retrieved from /home/airflow/.local/lib/python3.12/site-packages/airflow/example_dags/example_python_operator.py
[2026-04-28T00:12:27.770+0000] {logging_mixin.py:188} INFO - [2026-04-28T00:12:27.769+0000] {dag.py:3096} INFO - Sync 1 DAGs
[2026-04-28T00:12:27.787+0000] {logging_mixin.py:188} INFO - [2026-04-28T00:12:27.786+0000] {dag.py:3954} INFO - Setting next_dagrun for example_python_operator to None, run_after=None
[2026-04-28T00:12:27.809+0000] {processor.py:183} INFO - Processing /home/airflow/.local/lib/python3.12/site-packages/airflow/example_dags/example_python_operator.py took 0.086 seconds
[2026-04-28T00:12:59.745+0000] {processor.py:161} INFO - Started process (PID=1118) to work on /home/airflow/.local/lib/python3.12/site-packages/airflow/example_dags/example_python_operator.py
[2026-04-28T00:12:59.747+0000] {processor.py:830} INFO - Processing file /home/airflow/.local/lib/python3.12/site-packages/airflow/example_dags/example_python_operator.py for tasks to queue
[2026-04-28T00:12:59.748+0000] {logging_mixin.py:188} INFO - [2026-04-28T00:12:59.747+0000] {dagbag.py:540} INFO - Filling up the DagBag from /home/airflow/.local/lib/python3.12/site-packages/airflow/example_dags/example_python_operator.py
[2026-04-28T00:12:59.760+0000] {processor.py:840} INFO - DAG(s) 'example_python_operator' retrieved from /home/airflow/.local/lib/python3.12/site-packages/airflow/example_dags/example_python_operator.py
[2026-04-28T00:12:59.787+0000] {logging_mixin.py:188} INFO - [2026-04-28T00:12:59.787+0000] {dag.py:3096} INFO - Sync 1 DAGs
[2026-04-28T00:12:59.800+0000] {logging_mixin.py:188} INFO - [2026-04-28T00:12:59.800+0000] {dag.py:3954} INFO - Setting next_dagrun for example_python_operator to None, run_after=None
[2026-04-28T00:12:59.820+0000] {processor.py:183} INFO - Processing /home/airflow/.local/lib/python3.12/site-packages/airflow/example_dags/example_python_operator.py took 0.081 seconds
