[2026-04-28T00:00:11.592+0000] {processor.py:161} INFO - Started process (PID=131) to work on /home/airflow/.local/lib/python3.12/site-packages/airflow/example_dags/example_time_delta_sensor_async.py
[2026-04-28T00:00:11.594+0000] {processor.py:830} INFO - Processing file /home/airflow/.local/lib/python3.12/site-packages/airflow/example_dags/example_time_delta_sensor_async.py for tasks to queue
[2026-04-28T00:00:11.596+0000] {logging_mixin.py:188} INFO - [2026-04-28T00:00:11.596+0000] {dagbag.py:540} INFO - Filling up the DagBag from /home/airflow/.local/lib/python3.12/site-packages/airflow/example_dags/example_time_delta_sensor_async.py
[2026-04-28T00:00:11.603+0000] {processor.py:840} INFO - DAG(s) 'example_time_delta_sensor_async' retrieved from /home/airflow/.local/lib/python3.12/site-packages/airflow/example_dags/example_time_delta_sensor_async.py
[2026-04-28T00:00:11.648+0000] {logging_mixin.py:188} INFO - [2026-04-28T00:00:11.648+0000] {dag.py:3096} INFO - Sync 1 DAGs
[2026-04-28T00:00:11.669+0000] {logging_mixin.py:188} INFO - [2026-04-28T00:00:11.668+0000] {dag.py:3954} INFO - Setting next_dagrun for example_time_delta_sensor_async to None, run_after=None
[2026-04-28T00:00:11.721+0000] {processor.py:183} INFO - Processing /home/airflow/.local/lib/python3.12/site-packages/airflow/example_dags/example_time_delta_sensor_async.py took 0.138 seconds
[2026-04-28T00:01:58.726+0000] {processor.py:161} INFO - Started process (PID=197) to work on /home/airflow/.local/lib/python3.12/site-packages/airflow/example_dags/example_time_delta_sensor_async.py
[2026-04-28T00:01:58.727+0000] {processor.py:830} INFO - Processing file /home/airflow/.local/lib/python3.12/site-packages/airflow/example_dags/example_time_delta_sensor_async.py for tasks to queue
[2026-04-28T00:01:58.730+0000] {logging_mixin.py:188} INFO - [2026-04-28T00:01:58.729+0000] {dagbag.py:540} INFO - Filling up the DagBag from /home/airflow/.local/lib/python3.12/site-packages/airflow/example_dags/example_time_delta_sensor_async.py
[2026-04-28T00:01:58.736+0000] {processor.py:840} INFO - DAG(s) 'example_time_delta_sensor_async' retrieved from /home/airflow/.local/lib/python3.12/site-packages/airflow/example_dags/example_time_delta_sensor_async.py
[2026-04-28T00:02:06.693+0000] {logging_mixin.py:188} INFO - [2026-04-28T00:02:06.693+0000] {dag.py:3096} INFO - Sync 1 DAGs
[2026-04-28T00:02:23.370+0000] {logging_mixin.py:188} INFO - [2026-04-28T00:02:23.369+0000] {dag.py:3954} INFO - Setting next_dagrun for example_time_delta_sensor_async to None, run_after=None
[2026-04-28T00:02:27.270+0000] {processor.py:183} INFO - Processing /home/airflow/.local/lib/python3.12/site-packages/airflow/example_dags/example_time_delta_sensor_async.py took 28.615 seconds
[2026-04-28T00:03:12.014+0000] {processor.py:161} INFO - Started process (PID=217) to work on /home/airflow/.local/lib/python3.12/site-packages/airflow/example_dags/example_time_delta_sensor_async.py
[2026-04-28T00:03:12.015+0000] {processor.py:830} INFO - Processing file /home/airflow/.local/lib/python3.12/site-packages/airflow/example_dags/example_time_delta_sensor_async.py for tasks to queue
[2026-04-28T00:03:12.018+0000] {logging_mixin.py:188} INFO - [2026-04-28T00:03:12.017+0000] {dagbag.py:540} INFO - Filling up the DagBag from /home/airflow/.local/lib/python3.12/site-packages/airflow/example_dags/example_time_delta_sensor_async.py
[2026-04-28T00:03:12.024+0000] {processor.py:840} INFO - DAG(s) 'example_time_delta_sensor_async' retrieved from /home/airflow/.local/lib/python3.12/site-packages/airflow/example_dags/example_time_delta_sensor_async.py
[2026-04-28T00:03:12.054+0000] {logging_mixin.py:188} INFO - [2026-04-28T00:03:12.053+0000] {dag.py:3096} INFO - Sync 1 DAGs
[2026-04-28T00:03:12.073+0000] {logging_mixin.py:188} INFO - [2026-04-28T00:03:12.073+0000] {dag.py:3954} INFO - Setting next_dagrun for example_time_delta_sensor_async to None, run_after=None
[2026-04-28T00:03:12.106+0000] {processor.py:183} INFO - Processing /home/airflow/.local/lib/python3.12/site-packages/airflow/example_dags/example_time_delta_sensor_async.py took 0.099 seconds
[2026-04-28T00:04:30.945+0000] {processor.py:161} INFO - Started process (PID=272) to work on /home/airflow/.local/lib/python3.12/site-packages/airflow/example_dags/example_time_delta_sensor_async.py
[2026-04-28T00:04:30.946+0000] {processor.py:830} INFO - Processing file /home/airflow/.local/lib/python3.12/site-packages/airflow/example_dags/example_time_delta_sensor_async.py for tasks to queue
[2026-04-28T00:04:30.948+0000] {logging_mixin.py:188} INFO - [2026-04-28T00:04:30.947+0000] {dagbag.py:540} INFO - Filling up the DagBag from /home/airflow/.local/lib/python3.12/site-packages/airflow/example_dags/example_time_delta_sensor_async.py
[2026-04-28T00:04:30.953+0000] {processor.py:840} INFO - DAG(s) 'example_time_delta_sensor_async' retrieved from /home/airflow/.local/lib/python3.12/site-packages/airflow/example_dags/example_time_delta_sensor_async.py
[2026-04-28T00:04:30.977+0000] {logging_mixin.py:188} INFO - [2026-04-28T00:04:30.977+0000] {dag.py:3096} INFO - Sync 1 DAGs
[2026-04-28T00:04:30.991+0000] {logging_mixin.py:188} INFO - [2026-04-28T00:04:30.990+0000] {dag.py:3954} INFO - Setting next_dagrun for example_time_delta_sensor_async to None, run_after=None
[2026-04-28T00:04:31.012+0000] {processor.py:183} INFO - Processing /home/airflow/.local/lib/python3.12/site-packages/airflow/example_dags/example_time_delta_sensor_async.py took 0.074 seconds
[2026-04-28T00:06:11.756+0000] {processor.py:161} INFO - Started process (PID=340) to work on /home/airflow/.local/lib/python3.12/site-packages/airflow/example_dags/example_time_delta_sensor_async.py
[2026-04-28T00:06:11.757+0000] {processor.py:830} INFO - Processing file /home/airflow/.local/lib/python3.12/site-packages/airflow/example_dags/example_time_delta_sensor_async.py for tasks to queue
[2026-04-28T00:06:11.758+0000] {logging_mixin.py:188} INFO - [2026-04-28T00:06:11.758+0000] {dagbag.py:540} INFO - Filling up the DagBag from /home/airflow/.local/lib/python3.12/site-packages/airflow/example_dags/example_time_delta_sensor_async.py
[2026-04-28T00:06:11.763+0000] {processor.py:840} INFO - DAG(s) 'example_time_delta_sensor_async' retrieved from /home/airflow/.local/lib/python3.12/site-packages/airflow/example_dags/example_time_delta_sensor_async.py
[2026-04-28T00:06:11.786+0000] {logging_mixin.py:188} INFO - [2026-04-28T00:06:11.786+0000] {dag.py:3096} INFO - Sync 1 DAGs
[2026-04-28T00:06:11.799+0000] {logging_mixin.py:188} INFO - [2026-04-28T00:06:11.799+0000] {dag.py:3954} INFO - Setting next_dagrun for example_time_delta_sensor_async to None, run_after=None
[2026-04-28T00:06:11.821+0000] {processor.py:183} INFO - Processing /home/airflow/.local/lib/python3.12/site-packages/airflow/example_dags/example_time_delta_sensor_async.py took 0.072 seconds
[2026-04-28T00:06:42.463+0000] {processor.py:161} INFO - Started process (PID=399) to work on /home/airflow/.local/lib/python3.12/site-packages/airflow/example_dags/example_time_delta_sensor_async.py
[2026-04-28T00:06:42.464+0000] {processor.py:830} INFO - Processing file /home/airflow/.local/lib/python3.12/site-packages/airflow/example_dags/example_time_delta_sensor_async.py for tasks to queue
[2026-04-28T00:06:42.466+0000] {logging_mixin.py:188} INFO - [2026-04-28T00:06:42.465+0000] {dagbag.py:540} INFO - Filling up the DagBag from /home/airflow/.local/lib/python3.12/site-packages/airflow/example_dags/example_time_delta_sensor_async.py
[2026-04-28T00:06:42.471+0000] {processor.py:840} INFO - DAG(s) 'example_time_delta_sensor_async' retrieved from /home/airflow/.local/lib/python3.12/site-packages/airflow/example_dags/example_time_delta_sensor_async.py
[2026-04-28T00:06:42.495+0000] {logging_mixin.py:188} INFO - [2026-04-28T00:06:42.495+0000] {dag.py:3096} INFO - Sync 1 DAGs
[2026-04-28T00:06:42.512+0000] {logging_mixin.py:188} INFO - [2026-04-28T00:06:42.512+0000] {dag.py:3954} INFO - Setting next_dagrun for example_time_delta_sensor_async to None, run_after=None
[2026-04-28T00:06:42.663+0000] {processor.py:183} INFO - Processing /home/airflow/.local/lib/python3.12/site-packages/airflow/example_dags/example_time_delta_sensor_async.py took 0.207 seconds
[2026-04-28T00:07:13.385+0000] {processor.py:161} INFO - Started process (PID=456) to work on /home/airflow/.local/lib/python3.12/site-packages/airflow/example_dags/example_time_delta_sensor_async.py
[2026-04-28T00:07:13.389+0000] {processor.py:830} INFO - Processing file /home/airflow/.local/lib/python3.12/site-packages/airflow/example_dags/example_time_delta_sensor_async.py for tasks to queue
[2026-04-28T00:07:13.390+0000] {logging_mixin.py:188} INFO - [2026-04-28T00:07:13.390+0000] {dagbag.py:540} INFO - Filling up the DagBag from /home/airflow/.local/lib/python3.12/site-packages/airflow/example_dags/example_time_delta_sensor_async.py
[2026-04-28T00:07:13.396+0000] {processor.py:840} INFO - DAG(s) 'example_time_delta_sensor_async' retrieved from /home/airflow/.local/lib/python3.12/site-packages/airflow/example_dags/example_time_delta_sensor_async.py
[2026-04-28T00:07:13.420+0000] {logging_mixin.py:188} INFO - [2026-04-28T00:07:13.420+0000] {dag.py:3096} INFO - Sync 1 DAGs
[2026-04-28T00:07:13.435+0000] {logging_mixin.py:188} INFO - [2026-04-28T00:07:13.435+0000] {dag.py:3954} INFO - Setting next_dagrun for example_time_delta_sensor_async to None, run_after=None
[2026-04-28T00:07:13.459+0000] {processor.py:183} INFO - Processing /home/airflow/.local/lib/python3.12/site-packages/airflow/example_dags/example_time_delta_sensor_async.py took 0.080 seconds
[2026-04-28T00:07:44.104+0000] {processor.py:161} INFO - Started process (PID=515) to work on /home/airflow/.local/lib/python3.12/site-packages/airflow/example_dags/example_time_delta_sensor_async.py
[2026-04-28T00:07:44.105+0000] {processor.py:830} INFO - Processing file /home/airflow/.local/lib/python3.12/site-packages/airflow/example_dags/example_time_delta_sensor_async.py for tasks to queue
[2026-04-28T00:07:44.107+0000] {logging_mixin.py:188} INFO - [2026-04-28T00:07:44.106+0000] {dagbag.py:540} INFO - Filling up the DagBag from /home/airflow/.local/lib/python3.12/site-packages/airflow/example_dags/example_time_delta_sensor_async.py
[2026-04-28T00:07:44.112+0000] {processor.py:840} INFO - DAG(s) 'example_time_delta_sensor_async' retrieved from /home/airflow/.local/lib/python3.12/site-packages/airflow/example_dags/example_time_delta_sensor_async.py
[2026-04-28T00:07:44.505+0000] {logging_mixin.py:188} INFO - [2026-04-28T00:07:44.505+0000] {dag.py:3096} INFO - Sync 1 DAGs
[2026-04-28T00:07:44.520+0000] {logging_mixin.py:188} INFO - [2026-04-28T00:07:44.519+0000] {dag.py:3954} INFO - Setting next_dagrun for example_time_delta_sensor_async to None, run_after=None
[2026-04-28T00:07:44.543+0000] {processor.py:183} INFO - Processing /home/airflow/.local/lib/python3.12/site-packages/airflow/example_dags/example_time_delta_sensor_async.py took 0.447 seconds
[2026-04-28T00:08:14.853+0000] {processor.py:161} INFO - Started process (PID=573) to work on /home/airflow/.local/lib/python3.12/site-packages/airflow/example_dags/example_time_delta_sensor_async.py
[2026-04-28T00:08:14.854+0000] {processor.py:830} INFO - Processing file /home/airflow/.local/lib/python3.12/site-packages/airflow/example_dags/example_time_delta_sensor_async.py for tasks to queue
[2026-04-28T00:08:14.855+0000] {logging_mixin.py:188} INFO - [2026-04-28T00:08:14.855+0000] {dagbag.py:540} INFO - Filling up the DagBag from /home/airflow/.local/lib/python3.12/site-packages/airflow/example_dags/example_time_delta_sensor_async.py
[2026-04-28T00:08:14.861+0000] {processor.py:840} INFO - DAG(s) 'example_time_delta_sensor_async' retrieved from /home/airflow/.local/lib/python3.12/site-packages/airflow/example_dags/example_time_delta_sensor_async.py
[2026-04-28T00:08:14.886+0000] {logging_mixin.py:188} INFO - [2026-04-28T00:08:14.886+0000] {dag.py:3096} INFO - Sync 1 DAGs
[2026-04-28T00:08:14.902+0000] {logging_mixin.py:188} INFO - [2026-04-28T00:08:14.902+0000] {dag.py:3954} INFO - Setting next_dagrun for example_time_delta_sensor_async to None, run_after=None
[2026-04-28T00:08:14.926+0000] {processor.py:183} INFO - Processing /home/airflow/.local/lib/python3.12/site-packages/airflow/example_dags/example_time_delta_sensor_async.py took 0.080 seconds
[2026-04-28T00:08:45.659+0000] {processor.py:161} INFO - Started process (PID=632) to work on /home/airflow/.local/lib/python3.12/site-packages/airflow/example_dags/example_time_delta_sensor_async.py
[2026-04-28T00:08:45.660+0000] {processor.py:830} INFO - Processing file /home/airflow/.local/lib/python3.12/site-packages/airflow/example_dags/example_time_delta_sensor_async.py for tasks to queue
[2026-04-28T00:08:45.662+0000] {logging_mixin.py:188} INFO - [2026-04-28T00:08:45.661+0000] {dagbag.py:540} INFO - Filling up the DagBag from /home/airflow/.local/lib/python3.12/site-packages/airflow/example_dags/example_time_delta_sensor_async.py
[2026-04-28T00:08:45.667+0000] {processor.py:840} INFO - DAG(s) 'example_time_delta_sensor_async' retrieved from /home/airflow/.local/lib/python3.12/site-packages/airflow/example_dags/example_time_delta_sensor_async.py
[2026-04-28T00:08:45.691+0000] {logging_mixin.py:188} INFO - [2026-04-28T00:08:45.691+0000] {dag.py:3096} INFO - Sync 1 DAGs
[2026-04-28T00:08:45.705+0000] {logging_mixin.py:188} INFO - [2026-04-28T00:08:45.705+0000] {dag.py:3954} INFO - Setting next_dagrun for example_time_delta_sensor_async to None, run_after=None
[2026-04-28T00:08:45.727+0000] {processor.py:183} INFO - Processing /home/airflow/.local/lib/python3.12/site-packages/airflow/example_dags/example_time_delta_sensor_async.py took 0.075 seconds
[2026-04-28T00:09:15.879+0000] {processor.py:161} INFO - Started process (PID=690) to work on /home/airflow/.local/lib/python3.12/site-packages/airflow/example_dags/example_time_delta_sensor_async.py
[2026-04-28T00:09:15.880+0000] {processor.py:830} INFO - Processing file /home/airflow/.local/lib/python3.12/site-packages/airflow/example_dags/example_time_delta_sensor_async.py for tasks to queue
[2026-04-28T00:09:15.881+0000] {logging_mixin.py:188} INFO - [2026-04-28T00:09:15.881+0000] {dagbag.py:540} INFO - Filling up the DagBag from /home/airflow/.local/lib/python3.12/site-packages/airflow/example_dags/example_time_delta_sensor_async.py
[2026-04-28T00:09:15.887+0000] {processor.py:840} INFO - DAG(s) 'example_time_delta_sensor_async' retrieved from /home/airflow/.local/lib/python3.12/site-packages/airflow/example_dags/example_time_delta_sensor_async.py
[2026-04-28T00:09:15.910+0000] {logging_mixin.py:188} INFO - [2026-04-28T00:09:15.910+0000] {dag.py:3096} INFO - Sync 1 DAGs
[2026-04-28T00:09:15.924+0000] {logging_mixin.py:188} INFO - [2026-04-28T00:09:15.924+0000] {dag.py:3954} INFO - Setting next_dagrun for example_time_delta_sensor_async to None, run_after=None
[2026-04-28T00:09:15.944+0000] {processor.py:183} INFO - Processing /home/airflow/.local/lib/python3.12/site-packages/airflow/example_dags/example_time_delta_sensor_async.py took 0.072 seconds
[2026-04-28T00:09:46.184+0000] {processor.py:161} INFO - Started process (PID=750) to work on /home/airflow/.local/lib/python3.12/site-packages/airflow/example_dags/example_time_delta_sensor_async.py
[2026-04-28T00:09:46.186+0000] {processor.py:830} INFO - Processing file /home/airflow/.local/lib/python3.12/site-packages/airflow/example_dags/example_time_delta_sensor_async.py for tasks to queue
[2026-04-28T00:09:46.188+0000] {logging_mixin.py:188} INFO - [2026-04-28T00:09:46.187+0000] {dagbag.py:540} INFO - Filling up the DagBag from /home/airflow/.local/lib/python3.12/site-packages/airflow/example_dags/example_time_delta_sensor_async.py
[2026-04-28T00:09:46.193+0000] {processor.py:840} INFO - DAG(s) 'example_time_delta_sensor_async' retrieved from /home/airflow/.local/lib/python3.12/site-packages/airflow/example_dags/example_time_delta_sensor_async.py
[2026-04-28T00:09:46.217+0000] {logging_mixin.py:188} INFO - [2026-04-28T00:09:46.216+0000] {dag.py:3096} INFO - Sync 1 DAGs
[2026-04-28T00:09:46.231+0000] {logging_mixin.py:188} INFO - [2026-04-28T00:09:46.231+0000] {dag.py:3954} INFO - Setting next_dagrun for example_time_delta_sensor_async to None, run_after=None
[2026-04-28T00:09:46.255+0000] {processor.py:183} INFO - Processing /home/airflow/.local/lib/python3.12/site-packages/airflow/example_dags/example_time_delta_sensor_async.py took 0.077 seconds
[2026-04-28T00:10:17.196+0000] {processor.py:161} INFO - Started process (PID=805) to work on /home/airflow/.local/lib/python3.12/site-packages/airflow/example_dags/example_time_delta_sensor_async.py
[2026-04-28T00:10:17.198+0000] {processor.py:830} INFO - Processing file /home/airflow/.local/lib/python3.12/site-packages/airflow/example_dags/example_time_delta_sensor_async.py for tasks to queue
[2026-04-28T00:10:17.199+0000] {logging_mixin.py:188} INFO - [2026-04-28T00:10:17.198+0000] {dagbag.py:540} INFO - Filling up the DagBag from /home/airflow/.local/lib/python3.12/site-packages/airflow/example_dags/example_time_delta_sensor_async.py
[2026-04-28T00:10:17.204+0000] {processor.py:840} INFO - DAG(s) 'example_time_delta_sensor_async' retrieved from /home/airflow/.local/lib/python3.12/site-packages/airflow/example_dags/example_time_delta_sensor_async.py
[2026-04-28T00:10:17.227+0000] {logging_mixin.py:188} INFO - [2026-04-28T00:10:17.227+0000] {dag.py:3096} INFO - Sync 1 DAGs
[2026-04-28T00:10:17.240+0000] {logging_mixin.py:188} INFO - [2026-04-28T00:10:17.240+0000] {dag.py:3954} INFO - Setting next_dagrun for example_time_delta_sensor_async to None, run_after=None
[2026-04-28T00:10:17.261+0000] {processor.py:183} INFO - Processing /home/airflow/.local/lib/python3.12/site-packages/airflow/example_dags/example_time_delta_sensor_async.py took 0.072 seconds
[2026-04-28T00:10:50.034+0000] {processor.py:161} INFO - Started process (PID=858) to work on /home/airflow/.local/lib/python3.12/site-packages/airflow/example_dags/example_time_delta_sensor_async.py
[2026-04-28T00:10:50.036+0000] {processor.py:830} INFO - Processing file /home/airflow/.local/lib/python3.12/site-packages/airflow/example_dags/example_time_delta_sensor_async.py for tasks to queue
[2026-04-28T00:10:50.037+0000] {logging_mixin.py:188} INFO - [2026-04-28T00:10:50.037+0000] {dagbag.py:540} INFO - Filling up the DagBag from /home/airflow/.local/lib/python3.12/site-packages/airflow/example_dags/example_time_delta_sensor_async.py
[2026-04-28T00:10:50.043+0000] {processor.py:840} INFO - DAG(s) 'example_time_delta_sensor_async' retrieved from /home/airflow/.local/lib/python3.12/site-packages/airflow/example_dags/example_time_delta_sensor_async.py
[2026-04-28T00:10:50.068+0000] {logging_mixin.py:188} INFO - [2026-04-28T00:10:50.067+0000] {dag.py:3096} INFO - Sync 1 DAGs
[2026-04-28T00:10:50.090+0000] {logging_mixin.py:188} INFO - [2026-04-28T00:10:50.090+0000] {dag.py:3954} INFO - Setting next_dagrun for example_time_delta_sensor_async to None, run_after=None
[2026-04-28T00:10:50.132+0000] {processor.py:183} INFO - Processing /home/airflow/.local/lib/python3.12/site-packages/airflow/example_dags/example_time_delta_sensor_async.py took 0.105 seconds
[2026-04-28T00:11:21.000+0000] {processor.py:161} INFO - Started process (PID=917) to work on /home/airflow/.local/lib/python3.12/site-packages/airflow/example_dags/example_time_delta_sensor_async.py
[2026-04-28T00:11:21.001+0000] {processor.py:830} INFO - Processing file /home/airflow/.local/lib/python3.12/site-packages/airflow/example_dags/example_time_delta_sensor_async.py for tasks to queue
[2026-04-28T00:11:21.003+0000] {logging_mixin.py:188} INFO - [2026-04-28T00:11:21.002+0000] {dagbag.py:540} INFO - Filling up the DagBag from /home/airflow/.local/lib/python3.12/site-packages/airflow/example_dags/example_time_delta_sensor_async.py
[2026-04-28T00:11:21.009+0000] {processor.py:840} INFO - DAG(s) 'example_time_delta_sensor_async' retrieved from /home/airflow/.local/lib/python3.12/site-packages/airflow/example_dags/example_time_delta_sensor_async.py
[2026-04-28T00:11:21.034+0000] {logging_mixin.py:188} INFO - [2026-04-28T00:11:21.034+0000] {dag.py:3096} INFO - Sync 1 DAGs
[2026-04-28T00:11:21.048+0000] {logging_mixin.py:188} INFO - [2026-04-28T00:11:21.048+0000] {dag.py:3954} INFO - Setting next_dagrun for example_time_delta_sensor_async to None, run_after=None
[2026-04-28T00:11:21.092+0000] {processor.py:183} INFO - Processing /home/airflow/.local/lib/python3.12/site-packages/airflow/example_dags/example_time_delta_sensor_async.py took 0.100 seconds
[2026-04-28T00:11:51.146+0000] {processor.py:161} INFO - Started process (PID=976) to work on /home/airflow/.local/lib/python3.12/site-packages/airflow/example_dags/example_time_delta_sensor_async.py
[2026-04-28T00:11:51.148+0000] {processor.py:830} INFO - Processing file /home/airflow/.local/lib/python3.12/site-packages/airflow/example_dags/example_time_delta_sensor_async.py for tasks to queue
[2026-04-28T00:11:51.149+0000] {logging_mixin.py:188} INFO - [2026-04-28T00:11:51.148+0000] {dagbag.py:540} INFO - Filling up the DagBag from /home/airflow/.local/lib/python3.12/site-packages/airflow/example_dags/example_time_delta_sensor_async.py
[2026-04-28T00:11:51.154+0000] {processor.py:840} INFO - DAG(s) 'example_time_delta_sensor_async' retrieved from /home/airflow/.local/lib/python3.12/site-packages/airflow/example_dags/example_time_delta_sensor_async.py
[2026-04-28T00:11:51.177+0000] {logging_mixin.py:188} INFO - [2026-04-28T00:11:51.177+0000] {dag.py:3096} INFO - Sync 1 DAGs
[2026-04-28T00:11:51.191+0000] {logging_mixin.py:188} INFO - [2026-04-28T00:11:51.190+0000] {dag.py:3954} INFO - Setting next_dagrun for example_time_delta_sensor_async to None, run_after=None
[2026-04-28T00:11:51.211+0000] {processor.py:183} INFO - Processing /home/airflow/.local/lib/python3.12/site-packages/airflow/example_dags/example_time_delta_sensor_async.py took 0.072 seconds
[2026-04-28T00:12:21.632+0000] {processor.py:161} INFO - Started process (PID=1034) to work on /home/airflow/.local/lib/python3.12/site-packages/airflow/example_dags/example_time_delta_sensor_async.py
[2026-04-28T00:12:21.634+0000] {processor.py:830} INFO - Processing file /home/airflow/.local/lib/python3.12/site-packages/airflow/example_dags/example_time_delta_sensor_async.py for tasks to queue
[2026-04-28T00:12:21.635+0000] {logging_mixin.py:188} INFO - [2026-04-28T00:12:21.635+0000] {dagbag.py:540} INFO - Filling up the DagBag from /home/airflow/.local/lib/python3.12/site-packages/airflow/example_dags/example_time_delta_sensor_async.py
[2026-04-28T00:12:21.641+0000] {processor.py:840} INFO - DAG(s) 'example_time_delta_sensor_async' retrieved from /home/airflow/.local/lib/python3.12/site-packages/airflow/example_dags/example_time_delta_sensor_async.py
[2026-04-28T00:12:21.664+0000] {logging_mixin.py:188} INFO - [2026-04-28T00:12:21.664+0000] {dag.py:3096} INFO - Sync 1 DAGs
[2026-04-28T00:12:21.678+0000] {logging_mixin.py:188} INFO - [2026-04-28T00:12:21.678+0000] {dag.py:3954} INFO - Setting next_dagrun for example_time_delta_sensor_async to None, run_after=None
[2026-04-28T00:12:21.701+0000] {processor.py:183} INFO - Processing /home/airflow/.local/lib/python3.12/site-packages/airflow/example_dags/example_time_delta_sensor_async.py took 0.077 seconds
[2026-04-28T00:12:51.996+0000] {processor.py:161} INFO - Started process (PID=1094) to work on /home/airflow/.local/lib/python3.12/site-packages/airflow/example_dags/example_time_delta_sensor_async.py
[2026-04-28T00:12:51.998+0000] {processor.py:830} INFO - Processing file /home/airflow/.local/lib/python3.12/site-packages/airflow/example_dags/example_time_delta_sensor_async.py for tasks to queue
[2026-04-28T00:12:51.999+0000] {logging_mixin.py:188} INFO - [2026-04-28T00:12:51.999+0000] {dagbag.py:540} INFO - Filling up the DagBag from /home/airflow/.local/lib/python3.12/site-packages/airflow/example_dags/example_time_delta_sensor_async.py
[2026-04-28T00:12:52.005+0000] {processor.py:840} INFO - DAG(s) 'example_time_delta_sensor_async' retrieved from /home/airflow/.local/lib/python3.12/site-packages/airflow/example_dags/example_time_delta_sensor_async.py
[2026-04-28T00:12:52.032+0000] {logging_mixin.py:188} INFO - [2026-04-28T00:12:52.032+0000] {dag.py:3096} INFO - Sync 1 DAGs
[2026-04-28T00:12:52.048+0000] {logging_mixin.py:188} INFO - [2026-04-28T00:12:52.048+0000] {dag.py:3954} INFO - Setting next_dagrun for example_time_delta_sensor_async to None, run_after=None
[2026-04-28T00:12:52.071+0000] {processor.py:183} INFO - Processing /home/airflow/.local/lib/python3.12/site-packages/airflow/example_dags/example_time_delta_sensor_async.py took 0.082 seconds
