[2026-04-28T00:00:20.347+0000] {processor.py:161} INFO - Started process (PID=146) to work on /home/airflow/.local/lib/python3.12/site-packages/airflow/example_dags/example_kubernetes_executor.py
[2026-04-28T00:00:20.349+0000] {processor.py:830} INFO - Processing file /home/airflow/.local/lib/python3.12/site-packages/airflow/example_dags/example_kubernetes_executor.py for tasks to queue
[2026-04-28T00:00:20.352+0000] {logging_mixin.py:188} INFO - [2026-04-28T00:00:20.351+0000] {dagbag.py:540} INFO - Filling up the DagBag from /home/airflow/.local/lib/python3.12/site-packages/airflow/example_dags/example_kubernetes_executor.py
[2026-04-28T00:00:20.443+0000] {processor.py:840} INFO - DAG(s) 'example_kubernetes_executor' retrieved from /home/airflow/.local/lib/python3.12/site-packages/airflow/example_dags/example_kubernetes_executor.py
[2026-04-28T00:00:20.743+0000] {logging_mixin.py:188} INFO - [2026-04-28T00:00:20.743+0000] {dag.py:3096} INFO - Sync 1 DAGs
[2026-04-28T00:00:20.758+0000] {logging_mixin.py:188} INFO - [2026-04-28T00:00:20.758+0000] {dag.py:3954} INFO - Setting next_dagrun for example_kubernetes_executor to None, run_after=None
[2026-04-28T00:00:20.782+0000] {processor.py:183} INFO - Processing /home/airflow/.local/lib/python3.12/site-packages/airflow/example_dags/example_kubernetes_executor.py took 0.443 seconds
[2026-04-28T00:03:14.417+0000] {processor.py:161} INFO - Started process (PID=227) to work on /home/airflow/.local/lib/python3.12/site-packages/airflow/example_dags/example_kubernetes_executor.py
[2026-04-28T00:03:14.418+0000] {processor.py:830} INFO - Processing file /home/airflow/.local/lib/python3.12/site-packages/airflow/example_dags/example_kubernetes_executor.py for tasks to queue
[2026-04-28T00:03:14.421+0000] {logging_mixin.py:188} INFO - [2026-04-28T00:03:14.420+0000] {dagbag.py:540} INFO - Filling up the DagBag from /home/airflow/.local/lib/python3.12/site-packages/airflow/example_dags/example_kubernetes_executor.py
[2026-04-28T00:03:14.439+0000] {processor.py:840} INFO - DAG(s) 'example_kubernetes_executor' retrieved from /home/airflow/.local/lib/python3.12/site-packages/airflow/example_dags/example_kubernetes_executor.py
[2026-04-28T00:03:14.485+0000] {logging_mixin.py:188} INFO - [2026-04-28T00:03:14.485+0000] {dag.py:3096} INFO - Sync 1 DAGs
[2026-04-28T00:03:14.508+0000] {logging_mixin.py:188} INFO - [2026-04-28T00:03:14.508+0000] {dag.py:3954} INFO - Setting next_dagrun for example_kubernetes_executor to None, run_after=None
[2026-04-28T00:03:14.541+0000] {processor.py:183} INFO - Processing /home/airflow/.local/lib/python3.12/site-packages/airflow/example_dags/example_kubernetes_executor.py took 0.131 seconds
[2026-04-28T00:04:34.066+0000] {processor.py:161} INFO - Started process (PID=286) to work on /home/airflow/.local/lib/python3.12/site-packages/airflow/example_dags/example_kubernetes_executor.py
[2026-04-28T00:04:34.068+0000] {processor.py:830} INFO - Processing file /home/airflow/.local/lib/python3.12/site-packages/airflow/example_dags/example_kubernetes_executor.py for tasks to queue
[2026-04-28T00:04:34.070+0000] {logging_mixin.py:188} INFO - [2026-04-28T00:04:34.069+0000] {dagbag.py:540} INFO - Filling up the DagBag from /home/airflow/.local/lib/python3.12/site-packages/airflow/example_dags/example_kubernetes_executor.py
[2026-04-28T00:04:34.094+0000] {processor.py:840} INFO - DAG(s) 'example_kubernetes_executor' retrieved from /home/airflow/.local/lib/python3.12/site-packages/airflow/example_dags/example_kubernetes_executor.py
[2026-04-28T00:04:34.838+0000] {logging_mixin.py:188} INFO - [2026-04-28T00:04:34.838+0000] {dag.py:3096} INFO - Sync 1 DAGs
[2026-04-28T00:04:34.861+0000] {logging_mixin.py:188} INFO - [2026-04-28T00:04:34.861+0000] {dag.py:3954} INFO - Setting next_dagrun for example_kubernetes_executor to None, run_after=None
[2026-04-28T00:04:34.972+0000] {processor.py:183} INFO - Processing /home/airflow/.local/lib/python3.12/site-packages/airflow/example_dags/example_kubernetes_executor.py took 0.915 seconds
[2026-04-28T00:06:13.863+0000] {processor.py:161} INFO - Started process (PID=355) to work on /home/airflow/.local/lib/python3.12/site-packages/airflow/example_dags/example_kubernetes_executor.py
[2026-04-28T00:06:13.864+0000] {processor.py:830} INFO - Processing file /home/airflow/.local/lib/python3.12/site-packages/airflow/example_dags/example_kubernetes_executor.py for tasks to queue
[2026-04-28T00:06:13.865+0000] {logging_mixin.py:188} INFO - [2026-04-28T00:06:13.865+0000] {dagbag.py:540} INFO - Filling up the DagBag from /home/airflow/.local/lib/python3.12/site-packages/airflow/example_dags/example_kubernetes_executor.py
[2026-04-28T00:06:13.878+0000] {processor.py:840} INFO - DAG(s) 'example_kubernetes_executor' retrieved from /home/airflow/.local/lib/python3.12/site-packages/airflow/example_dags/example_kubernetes_executor.py
[2026-04-28T00:06:13.919+0000] {logging_mixin.py:188} INFO - [2026-04-28T00:06:13.919+0000] {dag.py:3096} INFO - Sync 1 DAGs
[2026-04-28T00:06:13.933+0000] {logging_mixin.py:188} INFO - [2026-04-28T00:06:13.933+0000] {dag.py:3954} INFO - Setting next_dagrun for example_kubernetes_executor to None, run_after=None
[2026-04-28T00:06:13.954+0000] {processor.py:183} INFO - Processing /home/airflow/.local/lib/python3.12/site-packages/airflow/example_dags/example_kubernetes_executor.py took 0.098 seconds
[2026-04-28T00:06:44.297+0000] {processor.py:161} INFO - Started process (PID=413) to work on /home/airflow/.local/lib/python3.12/site-packages/airflow/example_dags/example_kubernetes_executor.py
[2026-04-28T00:06:44.299+0000] {processor.py:830} INFO - Processing file /home/airflow/.local/lib/python3.12/site-packages/airflow/example_dags/example_kubernetes_executor.py for tasks to queue
[2026-04-28T00:06:44.300+0000] {logging_mixin.py:188} INFO - [2026-04-28T00:06:44.299+0000] {dagbag.py:540} INFO - Filling up the DagBag from /home/airflow/.local/lib/python3.12/site-packages/airflow/example_dags/example_kubernetes_executor.py
[2026-04-28T00:06:44.313+0000] {processor.py:840} INFO - DAG(s) 'example_kubernetes_executor' retrieved from /home/airflow/.local/lib/python3.12/site-packages/airflow/example_dags/example_kubernetes_executor.py
[2026-04-28T00:06:44.354+0000] {logging_mixin.py:188} INFO - [2026-04-28T00:06:44.354+0000] {dag.py:3096} INFO - Sync 1 DAGs
[2026-04-28T00:06:44.368+0000] {logging_mixin.py:188} INFO - [2026-04-28T00:06:44.367+0000] {dag.py:3954} INFO - Setting next_dagrun for example_kubernetes_executor to None, run_after=None
[2026-04-28T00:06:44.389+0000] {processor.py:183} INFO - Processing /home/airflow/.local/lib/python3.12/site-packages/airflow/example_dags/example_kubernetes_executor.py took 0.098 seconds
[2026-04-28T00:07:14.674+0000] {processor.py:161} INFO - Started process (PID=472) to work on /home/airflow/.local/lib/python3.12/site-packages/airflow/example_dags/example_kubernetes_executor.py
[2026-04-28T00:07:14.676+0000] {processor.py:830} INFO - Processing file /home/airflow/.local/lib/python3.12/site-packages/airflow/example_dags/example_kubernetes_executor.py for tasks to queue
[2026-04-28T00:07:14.677+0000] {logging_mixin.py:188} INFO - [2026-04-28T00:07:14.677+0000] {dagbag.py:540} INFO - Filling up the DagBag from /home/airflow/.local/lib/python3.12/site-packages/airflow/example_dags/example_kubernetes_executor.py
[2026-04-28T00:07:14.691+0000] {processor.py:840} INFO - DAG(s) 'example_kubernetes_executor' retrieved from /home/airflow/.local/lib/python3.12/site-packages/airflow/example_dags/example_kubernetes_executor.py
[2026-04-28T00:07:14.735+0000] {logging_mixin.py:188} INFO - [2026-04-28T00:07:14.735+0000] {dag.py:3096} INFO - Sync 1 DAGs
[2026-04-28T00:07:14.750+0000] {logging_mixin.py:188} INFO - [2026-04-28T00:07:14.749+0000] {dag.py:3954} INFO - Setting next_dagrun for example_kubernetes_executor to None, run_after=None
[2026-04-28T00:07:14.772+0000] {processor.py:183} INFO - Processing /home/airflow/.local/lib/python3.12/site-packages/airflow/example_dags/example_kubernetes_executor.py took 0.104 seconds
[2026-04-28T00:07:45.706+0000] {processor.py:161} INFO - Started process (PID=530) to work on /home/airflow/.local/lib/python3.12/site-packages/airflow/example_dags/example_kubernetes_executor.py
[2026-04-28T00:07:45.708+0000] {processor.py:830} INFO - Processing file /home/airflow/.local/lib/python3.12/site-packages/airflow/example_dags/example_kubernetes_executor.py for tasks to queue
[2026-04-28T00:07:45.710+0000] {logging_mixin.py:188} INFO - [2026-04-28T00:07:45.710+0000] {dagbag.py:540} INFO - Filling up the DagBag from /home/airflow/.local/lib/python3.12/site-packages/airflow/example_dags/example_kubernetes_executor.py
[2026-04-28T00:07:45.731+0000] {processor.py:840} INFO - DAG(s) 'example_kubernetes_executor' retrieved from /home/airflow/.local/lib/python3.12/site-packages/airflow/example_dags/example_kubernetes_executor.py
[2026-04-28T00:07:45.778+0000] {logging_mixin.py:188} INFO - [2026-04-28T00:07:45.778+0000] {dag.py:3096} INFO - Sync 1 DAGs
[2026-04-28T00:07:45.794+0000] {logging_mixin.py:188} INFO - [2026-04-28T00:07:45.793+0000] {dag.py:3954} INFO - Setting next_dagrun for example_kubernetes_executor to None, run_after=None
[2026-04-28T00:07:45.821+0000] {processor.py:183} INFO - Processing /home/airflow/.local/lib/python3.12/site-packages/airflow/example_dags/example_kubernetes_executor.py took 0.123 seconds
[2026-04-28T00:08:16.296+0000] {processor.py:161} INFO - Started process (PID=589) to work on /home/airflow/.local/lib/python3.12/site-packages/airflow/example_dags/example_kubernetes_executor.py
[2026-04-28T00:08:16.297+0000] {processor.py:830} INFO - Processing file /home/airflow/.local/lib/python3.12/site-packages/airflow/example_dags/example_kubernetes_executor.py for tasks to queue
[2026-04-28T00:08:16.298+0000] {logging_mixin.py:188} INFO - [2026-04-28T00:08:16.298+0000] {dagbag.py:540} INFO - Filling up the DagBag from /home/airflow/.local/lib/python3.12/site-packages/airflow/example_dags/example_kubernetes_executor.py
[2026-04-28T00:08:16.313+0000] {processor.py:840} INFO - DAG(s) 'example_kubernetes_executor' retrieved from /home/airflow/.local/lib/python3.12/site-packages/airflow/example_dags/example_kubernetes_executor.py
[2026-04-28T00:08:16.354+0000] {logging_mixin.py:188} INFO - [2026-04-28T00:08:16.354+0000] {dag.py:3096} INFO - Sync 1 DAGs
[2026-04-28T00:08:16.376+0000] {logging_mixin.py:188} INFO - [2026-04-28T00:08:16.376+0000] {dag.py:3954} INFO - Setting next_dagrun for example_kubernetes_executor to None, run_after=None
[2026-04-28T00:08:16.402+0000] {processor.py:183} INFO - Processing /home/airflow/.local/lib/python3.12/site-packages/airflow/example_dags/example_kubernetes_executor.py took 0.117 seconds
[2026-04-28T00:08:46.744+0000] {processor.py:161} INFO - Started process (PID=647) to work on /home/airflow/.local/lib/python3.12/site-packages/airflow/example_dags/example_kubernetes_executor.py
[2026-04-28T00:08:46.745+0000] {processor.py:830} INFO - Processing file /home/airflow/.local/lib/python3.12/site-packages/airflow/example_dags/example_kubernetes_executor.py for tasks to queue
[2026-04-28T00:08:46.747+0000] {logging_mixin.py:188} INFO - [2026-04-28T00:08:46.746+0000] {dagbag.py:540} INFO - Filling up the DagBag from /home/airflow/.local/lib/python3.12/site-packages/airflow/example_dags/example_kubernetes_executor.py
[2026-04-28T00:08:46.763+0000] {processor.py:840} INFO - DAG(s) 'example_kubernetes_executor' retrieved from /home/airflow/.local/lib/python3.12/site-packages/airflow/example_dags/example_kubernetes_executor.py
[2026-04-28T00:08:46.805+0000] {logging_mixin.py:188} INFO - [2026-04-28T00:08:46.805+0000] {dag.py:3096} INFO - Sync 1 DAGs
[2026-04-28T00:08:46.818+0000] {logging_mixin.py:188} INFO - [2026-04-28T00:08:46.818+0000] {dag.py:3954} INFO - Setting next_dagrun for example_kubernetes_executor to None, run_after=None
[2026-04-28T00:08:46.838+0000] {processor.py:183} INFO - Processing /home/airflow/.local/lib/python3.12/site-packages/airflow/example_dags/example_kubernetes_executor.py took 0.103 seconds
[2026-04-28T00:09:17.131+0000] {processor.py:161} INFO - Started process (PID=706) to work on /home/airflow/.local/lib/python3.12/site-packages/airflow/example_dags/example_kubernetes_executor.py
[2026-04-28T00:09:17.133+0000] {processor.py:830} INFO - Processing file /home/airflow/.local/lib/python3.12/site-packages/airflow/example_dags/example_kubernetes_executor.py for tasks to queue
[2026-04-28T00:09:17.134+0000] {logging_mixin.py:188} INFO - [2026-04-28T00:09:17.134+0000] {dagbag.py:540} INFO - Filling up the DagBag from /home/airflow/.local/lib/python3.12/site-packages/airflow/example_dags/example_kubernetes_executor.py
[2026-04-28T00:09:17.150+0000] {processor.py:840} INFO - DAG(s) 'example_kubernetes_executor' retrieved from /home/airflow/.local/lib/python3.12/site-packages/airflow/example_dags/example_kubernetes_executor.py
[2026-04-28T00:09:17.192+0000] {logging_mixin.py:188} INFO - [2026-04-28T00:09:17.192+0000] {dag.py:3096} INFO - Sync 1 DAGs
[2026-04-28T00:09:17.207+0000] {logging_mixin.py:188} INFO - [2026-04-28T00:09:17.206+0000] {dag.py:3954} INFO - Setting next_dagrun for example_kubernetes_executor to None, run_after=None
[2026-04-28T00:09:17.233+0000] {processor.py:183} INFO - Processing /home/airflow/.local/lib/python3.12/site-packages/airflow/example_dags/example_kubernetes_executor.py took 0.109 seconds
[2026-04-28T00:09:48.256+0000] {processor.py:161} INFO - Started process (PID=765) to work on /home/airflow/.local/lib/python3.12/site-packages/airflow/example_dags/example_kubernetes_executor.py
[2026-04-28T00:09:48.257+0000] {processor.py:830} INFO - Processing file /home/airflow/.local/lib/python3.12/site-packages/airflow/example_dags/example_kubernetes_executor.py for tasks to queue
[2026-04-28T00:09:48.260+0000] {logging_mixin.py:188} INFO - [2026-04-28T00:09:48.259+0000] {dagbag.py:540} INFO - Filling up the DagBag from /home/airflow/.local/lib/python3.12/site-packages/airflow/example_dags/example_kubernetes_executor.py
[2026-04-28T00:09:48.274+0000] {processor.py:840} INFO - DAG(s) 'example_kubernetes_executor' retrieved from /home/airflow/.local/lib/python3.12/site-packages/airflow/example_dags/example_kubernetes_executor.py
[2026-04-28T00:09:48.323+0000] {logging_mixin.py:188} INFO - [2026-04-28T00:09:48.323+0000] {dag.py:3096} INFO - Sync 1 DAGs
[2026-04-28T00:09:48.337+0000] {logging_mixin.py:188} INFO - [2026-04-28T00:09:48.337+0000] {dag.py:3954} INFO - Setting next_dagrun for example_kubernetes_executor to None, run_after=None
[2026-04-28T00:09:48.361+0000] {processor.py:183} INFO - Processing /home/airflow/.local/lib/python3.12/site-packages/airflow/example_dags/example_kubernetes_executor.py took 0.115 seconds
[2026-04-28T00:10:21.531+0000] {processor.py:161} INFO - Started process (PID=825) to work on /home/airflow/.local/lib/python3.12/site-packages/airflow/example_dags/example_kubernetes_executor.py
[2026-04-28T00:10:21.533+0000] {processor.py:830} INFO - Processing file /home/airflow/.local/lib/python3.12/site-packages/airflow/example_dags/example_kubernetes_executor.py for tasks to queue
[2026-04-28T00:10:21.535+0000] {logging_mixin.py:188} INFO - [2026-04-28T00:10:21.534+0000] {dagbag.py:540} INFO - Filling up the DagBag from /home/airflow/.local/lib/python3.12/site-packages/airflow/example_dags/example_kubernetes_executor.py
[2026-04-28T00:10:21.555+0000] {processor.py:840} INFO - DAG(s) 'example_kubernetes_executor' retrieved from /home/airflow/.local/lib/python3.12/site-packages/airflow/example_dags/example_kubernetes_executor.py
[2026-04-28T00:10:21.600+0000] {logging_mixin.py:188} INFO - [2026-04-28T00:10:21.599+0000] {dag.py:3096} INFO - Sync 1 DAGs
[2026-04-28T00:10:21.615+0000] {logging_mixin.py:188} INFO - [2026-04-28T00:10:21.614+0000] {dag.py:3954} INFO - Setting next_dagrun for example_kubernetes_executor to None, run_after=None
[2026-04-28T00:10:21.640+0000] {processor.py:183} INFO - Processing /home/airflow/.local/lib/python3.12/site-packages/airflow/example_dags/example_kubernetes_executor.py took 0.116 seconds
[2026-04-28T00:10:52.439+0000] {processor.py:161} INFO - Started process (PID=884) to work on /home/airflow/.local/lib/python3.12/site-packages/airflow/example_dags/example_kubernetes_executor.py
[2026-04-28T00:10:52.440+0000] {processor.py:830} INFO - Processing file /home/airflow/.local/lib/python3.12/site-packages/airflow/example_dags/example_kubernetes_executor.py for tasks to queue
[2026-04-28T00:10:52.442+0000] {logging_mixin.py:188} INFO - [2026-04-28T00:10:52.441+0000] {dagbag.py:540} INFO - Filling up the DagBag from /home/airflow/.local/lib/python3.12/site-packages/airflow/example_dags/example_kubernetes_executor.py
[2026-04-28T00:10:52.461+0000] {processor.py:840} INFO - DAG(s) 'example_kubernetes_executor' retrieved from /home/airflow/.local/lib/python3.12/site-packages/airflow/example_dags/example_kubernetes_executor.py
[2026-04-28T00:10:52.502+0000] {logging_mixin.py:188} INFO - [2026-04-28T00:10:52.501+0000] {dag.py:3096} INFO - Sync 1 DAGs
[2026-04-28T00:10:52.516+0000] {logging_mixin.py:188} INFO - [2026-04-28T00:10:52.516+0000] {dag.py:3954} INFO - Setting next_dagrun for example_kubernetes_executor to None, run_after=None
[2026-04-28T00:10:52.538+0000] {processor.py:183} INFO - Processing /home/airflow/.local/lib/python3.12/site-packages/airflow/example_dags/example_kubernetes_executor.py took 0.107 seconds
[2026-04-28T00:11:23.339+0000] {processor.py:161} INFO - Started process (PID=943) to work on /home/airflow/.local/lib/python3.12/site-packages/airflow/example_dags/example_kubernetes_executor.py
[2026-04-28T00:11:23.341+0000] {processor.py:830} INFO - Processing file /home/airflow/.local/lib/python3.12/site-packages/airflow/example_dags/example_kubernetes_executor.py for tasks to queue
[2026-04-28T00:11:23.342+0000] {logging_mixin.py:188} INFO - [2026-04-28T00:11:23.341+0000] {dagbag.py:540} INFO - Filling up the DagBag from /home/airflow/.local/lib/python3.12/site-packages/airflow/example_dags/example_kubernetes_executor.py
[2026-04-28T00:11:23.360+0000] {processor.py:840} INFO - DAG(s) 'example_kubernetes_executor' retrieved from /home/airflow/.local/lib/python3.12/site-packages/airflow/example_dags/example_kubernetes_executor.py
[2026-04-28T00:11:23.406+0000] {logging_mixin.py:188} INFO - [2026-04-28T00:11:23.406+0000] {dag.py:3096} INFO - Sync 1 DAGs
[2026-04-28T00:11:23.421+0000] {logging_mixin.py:188} INFO - [2026-04-28T00:11:23.421+0000] {dag.py:3954} INFO - Setting next_dagrun for example_kubernetes_executor to None, run_after=None
[2026-04-28T00:11:23.447+0000] {processor.py:183} INFO - Processing /home/airflow/.local/lib/python3.12/site-packages/airflow/example_dags/example_kubernetes_executor.py took 0.115 seconds
[2026-04-28T00:11:57.584+0000] {processor.py:161} INFO - Started process (PID=1002) to work on /home/airflow/.local/lib/python3.12/site-packages/airflow/example_dags/example_kubernetes_executor.py
[2026-04-28T00:11:57.585+0000] {processor.py:830} INFO - Processing file /home/airflow/.local/lib/python3.12/site-packages/airflow/example_dags/example_kubernetes_executor.py for tasks to queue
[2026-04-28T00:11:57.586+0000] {logging_mixin.py:188} INFO - [2026-04-28T00:11:57.586+0000] {dagbag.py:540} INFO - Filling up the DagBag from /home/airflow/.local/lib/python3.12/site-packages/airflow/example_dags/example_kubernetes_executor.py
[2026-04-28T00:11:57.599+0000] {processor.py:840} INFO - DAG(s) 'example_kubernetes_executor' retrieved from /home/airflow/.local/lib/python3.12/site-packages/airflow/example_dags/example_kubernetes_executor.py
[2026-04-28T00:11:57.649+0000] {logging_mixin.py:188} INFO - [2026-04-28T00:11:57.648+0000] {dag.py:3096} INFO - Sync 1 DAGs
[2026-04-28T00:11:57.665+0000] {logging_mixin.py:188} INFO - [2026-04-28T00:11:57.665+0000] {dag.py:3954} INFO - Setting next_dagrun for example_kubernetes_executor to None, run_after=None
[2026-04-28T00:11:57.689+0000] {processor.py:183} INFO - Processing /home/airflow/.local/lib/python3.12/site-packages/airflow/example_dags/example_kubernetes_executor.py took 0.112 seconds
[2026-04-28T00:12:28.573+0000] {processor.py:161} INFO - Started process (PID=1061) to work on /home/airflow/.local/lib/python3.12/site-packages/airflow/example_dags/example_kubernetes_executor.py
[2026-04-28T00:12:28.575+0000] {processor.py:830} INFO - Processing file /home/airflow/.local/lib/python3.12/site-packages/airflow/example_dags/example_kubernetes_executor.py for tasks to queue
[2026-04-28T00:12:28.576+0000] {logging_mixin.py:188} INFO - [2026-04-28T00:12:28.575+0000] {dagbag.py:540} INFO - Filling up the DagBag from /home/airflow/.local/lib/python3.12/site-packages/airflow/example_dags/example_kubernetes_executor.py
[2026-04-28T00:12:28.589+0000] {processor.py:840} INFO - DAG(s) 'example_kubernetes_executor' retrieved from /home/airflow/.local/lib/python3.12/site-packages/airflow/example_dags/example_kubernetes_executor.py
[2026-04-28T00:12:28.637+0000] {logging_mixin.py:188} INFO - [2026-04-28T00:12:28.636+0000] {dag.py:3096} INFO - Sync 1 DAGs
[2026-04-28T00:12:28.653+0000] {logging_mixin.py:188} INFO - [2026-04-28T00:12:28.653+0000] {dag.py:3954} INFO - Setting next_dagrun for example_kubernetes_executor to None, run_after=None
[2026-04-28T00:12:28.677+0000] {processor.py:183} INFO - Processing /home/airflow/.local/lib/python3.12/site-packages/airflow/example_dags/example_kubernetes_executor.py took 0.110 seconds
[2026-04-28T00:12:59.184+0000] {processor.py:161} INFO - Started process (PID=1113) to work on /home/airflow/.local/lib/python3.12/site-packages/airflow/example_dags/example_kubernetes_executor.py
[2026-04-28T00:12:59.186+0000] {processor.py:830} INFO - Processing file /home/airflow/.local/lib/python3.12/site-packages/airflow/example_dags/example_kubernetes_executor.py for tasks to queue
[2026-04-28T00:12:59.189+0000] {logging_mixin.py:188} INFO - [2026-04-28T00:12:59.188+0000] {dagbag.py:540} INFO - Filling up the DagBag from /home/airflow/.local/lib/python3.12/site-packages/airflow/example_dags/example_kubernetes_executor.py
[2026-04-28T00:12:59.203+0000] {processor.py:840} INFO - DAG(s) 'example_kubernetes_executor' retrieved from /home/airflow/.local/lib/python3.12/site-packages/airflow/example_dags/example_kubernetes_executor.py
[2026-04-28T00:12:59.244+0000] {logging_mixin.py:188} INFO - [2026-04-28T00:12:59.244+0000] {dag.py:3096} INFO - Sync 1 DAGs
[2026-04-28T00:12:59.257+0000] {logging_mixin.py:188} INFO - [2026-04-28T00:12:59.257+0000] {dag.py:3954} INFO - Setting next_dagrun for example_kubernetes_executor to None, run_after=None
[2026-04-28T00:12:59.278+0000] {processor.py:183} INFO - Processing /home/airflow/.local/lib/python3.12/site-packages/airflow/example_dags/example_kubernetes_executor.py took 0.101 seconds
