[2026-04-28T00:00:10.656+0000] {processor.py:161} INFO - Started process (PID=124) to work on /home/airflow/.local/lib/python3.12/site-packages/airflow/example_dags/example_branch_datetime_operator.py
[2026-04-28T00:00:10.657+0000] {processor.py:830} INFO - Processing file /home/airflow/.local/lib/python3.12/site-packages/airflow/example_dags/example_branch_datetime_operator.py for tasks to queue
[2026-04-28T00:00:10.660+0000] {logging_mixin.py:188} INFO - [2026-04-28T00:00:10.660+0000] {dagbag.py:540} INFO - Filling up the DagBag from /home/airflow/.local/lib/python3.12/site-packages/airflow/example_dags/example_branch_datetime_operator.py
[2026-04-28T00:00:10.711+0000] {processor.py:840} INFO - DAG(s) 'example_branch_datetime_operator', 'example_branch_datetime_operator_2', 'example_branch_datetime_operator_3' retrieved from /home/airflow/.local/lib/python3.12/site-packages/airflow/example_dags/example_branch_datetime_operator.py
[2026-04-28T00:00:10.752+0000] {logging_mixin.py:188} INFO - [2026-04-28T00:00:10.752+0000] {dag.py:3096} INFO - Sync 3 DAGs
[2026-04-28T00:00:10.859+0000] {logging_mixin.py:188} INFO - [2026-04-28T00:00:10.859+0000] {dag.py:3954} INFO - Setting next_dagrun for example_branch_datetime_operator to 2026-04-27 00:00:00+00:00, run_after=2026-04-28 00:00:00+00:00
[2026-04-28T00:00:10.947+0000] {logging_mixin.py:188} INFO - [2026-04-28T00:00:10.947+0000] {dag.py:3954} INFO - Setting next_dagrun for example_branch_datetime_operator_2 to 2026-04-27 00:00:00+00:00, run_after=2026-04-28 00:00:00+00:00
[2026-04-28T00:00:10.950+0000] {logging_mixin.py:188} INFO - [2026-04-28T00:00:10.950+0000] {dag.py:3954} INFO - Setting next_dagrun for example_branch_datetime_operator_3 to 2026-04-27 00:00:00+00:00, run_after=2026-04-28 00:00:00+00:00
[2026-04-28T00:00:10.969+0000] {processor.py:183} INFO - Processing /home/airflow/.local/lib/python3.12/site-packages/airflow/example_dags/example_branch_datetime_operator.py took 0.321 seconds
[2026-04-28T00:01:20.790+0000] {processor.py:161} INFO - Started process (PID=185) to work on /home/airflow/.local/lib/python3.12/site-packages/airflow/example_dags/example_branch_datetime_operator.py
[2026-04-28T00:01:20.792+0000] {processor.py:830} INFO - Processing file /home/airflow/.local/lib/python3.12/site-packages/airflow/example_dags/example_branch_datetime_operator.py for tasks to queue
[2026-04-28T00:01:20.795+0000] {logging_mixin.py:188} INFO - [2026-04-28T00:01:20.794+0000] {dagbag.py:540} INFO - Filling up the DagBag from /home/airflow/.local/lib/python3.12/site-packages/airflow/example_dags/example_branch_datetime_operator.py
[2026-04-28T00:01:26.377+0000] {processor.py:840} INFO - DAG(s) 'example_branch_datetime_operator_2', 'example_branch_datetime_operator', 'example_branch_datetime_operator_3' retrieved from /home/airflow/.local/lib/python3.12/site-packages/airflow/example_dags/example_branch_datetime_operator.py
[2026-04-28T00:01:31.359+0000] {logging_mixin.py:188} INFO - [2026-04-28T00:01:31.358+0000] {dag.py:3096} INFO - Sync 3 DAGs
[2026-04-28T00:01:31.391+0000] {logging_mixin.py:188} INFO - [2026-04-28T00:01:31.391+0000] {dag.py:3954} INFO - Setting next_dagrun for example_branch_datetime_operator to 2026-04-27 00:00:00+00:00, run_after=2026-04-28 00:00:00+00:00
[2026-04-28T00:01:31.432+0000] {logging_mixin.py:188} INFO - [2026-04-28T00:01:31.432+0000] {dag.py:3954} INFO - Setting next_dagrun for example_branch_datetime_operator_2 to 2026-04-27 00:00:00+00:00, run_after=2026-04-28 00:00:00+00:00
[2026-04-28T00:01:31.509+0000] {logging_mixin.py:188} INFO - [2026-04-28T00:01:31.509+0000] {dag.py:3954} INFO - Setting next_dagrun for example_branch_datetime_operator_3 to 2026-04-27 00:00:00+00:00, run_after=2026-04-28 00:00:00+00:00
[2026-04-28T00:01:33.324+0000] {processor.py:183} INFO - Processing /home/airflow/.local/lib/python3.12/site-packages/airflow/example_dags/example_branch_datetime_operator.py took 12.602 seconds
[2026-04-28T00:03:06.457+0000] {processor.py:161} INFO - Started process (PID=211) to work on /home/airflow/.local/lib/python3.12/site-packages/airflow/example_dags/example_branch_datetime_operator.py
[2026-04-28T00:03:06.458+0000] {processor.py:830} INFO - Processing file /home/airflow/.local/lib/python3.12/site-packages/airflow/example_dags/example_branch_datetime_operator.py for tasks to queue
[2026-04-28T00:03:06.460+0000] {logging_mixin.py:188} INFO - [2026-04-28T00:03:06.460+0000] {dagbag.py:540} INFO - Filling up the DagBag from /home/airflow/.local/lib/python3.12/site-packages/airflow/example_dags/example_branch_datetime_operator.py
[2026-04-28T00:03:06.471+0000] {processor.py:840} INFO - DAG(s) 'example_branch_datetime_operator', 'example_branch_datetime_operator_3', 'example_branch_datetime_operator_2' retrieved from /home/airflow/.local/lib/python3.12/site-packages/airflow/example_dags/example_branch_datetime_operator.py
[2026-04-28T00:03:06.844+0000] {logging_mixin.py:188} INFO - [2026-04-28T00:03:06.844+0000] {dag.py:3096} INFO - Sync 3 DAGs
[2026-04-28T00:03:07.465+0000] {logging_mixin.py:188} INFO - [2026-04-28T00:03:07.465+0000] {dag.py:3954} INFO - Setting next_dagrun for example_branch_datetime_operator to 2026-04-27 00:00:00+00:00, run_after=2026-04-28 00:00:00+00:00
[2026-04-28T00:03:07.535+0000] {logging_mixin.py:188} INFO - [2026-04-28T00:03:07.535+0000] {dag.py:3954} INFO - Setting next_dagrun for example_branch_datetime_operator_2 to 2026-04-27 00:00:00+00:00, run_after=2026-04-28 00:00:00+00:00
[2026-04-28T00:03:07.539+0000] {logging_mixin.py:188} INFO - [2026-04-28T00:03:07.538+0000] {dag.py:3954} INFO - Setting next_dagrun for example_branch_datetime_operator_3 to 2026-04-27 00:00:00+00:00, run_after=2026-04-28 00:00:00+00:00
[2026-04-28T00:03:07.559+0000] {processor.py:183} INFO - Processing /home/airflow/.local/lib/python3.12/site-packages/airflow/example_dags/example_branch_datetime_operator.py took 1.110 seconds
[2026-04-28T00:04:29.843+0000] {processor.py:161} INFO - Started process (PID=266) to work on /home/airflow/.local/lib/python3.12/site-packages/airflow/example_dags/example_branch_datetime_operator.py
[2026-04-28T00:04:29.845+0000] {processor.py:830} INFO - Processing file /home/airflow/.local/lib/python3.12/site-packages/airflow/example_dags/example_branch_datetime_operator.py for tasks to queue
[2026-04-28T00:04:29.846+0000] {logging_mixin.py:188} INFO - [2026-04-28T00:04:29.846+0000] {dagbag.py:540} INFO - Filling up the DagBag from /home/airflow/.local/lib/python3.12/site-packages/airflow/example_dags/example_branch_datetime_operator.py
[2026-04-28T00:04:29.863+0000] {processor.py:840} INFO - DAG(s) 'example_branch_datetime_operator_2', 'example_branch_datetime_operator', 'example_branch_datetime_operator_3' retrieved from /home/airflow/.local/lib/python3.12/site-packages/airflow/example_dags/example_branch_datetime_operator.py
[2026-04-28T00:04:29.897+0000] {logging_mixin.py:188} INFO - [2026-04-28T00:04:29.897+0000] {dag.py:3096} INFO - Sync 3 DAGs
[2026-04-28T00:04:29.922+0000] {logging_mixin.py:188} INFO - [2026-04-28T00:04:29.921+0000] {dag.py:3954} INFO - Setting next_dagrun for example_branch_datetime_operator to 2026-04-27 00:00:00+00:00, run_after=2026-04-28 00:00:00+00:00
[2026-04-28T00:04:29.927+0000] {logging_mixin.py:188} INFO - [2026-04-28T00:04:29.927+0000] {dag.py:3954} INFO - Setting next_dagrun for example_branch_datetime_operator_2 to 2026-04-27 00:00:00+00:00, run_after=2026-04-28 00:00:00+00:00
[2026-04-28T00:04:29.930+0000] {logging_mixin.py:188} INFO - [2026-04-28T00:04:29.929+0000] {dag.py:3954} INFO - Setting next_dagrun for example_branch_datetime_operator_3 to 2026-04-27 00:00:00+00:00, run_after=2026-04-28 00:00:00+00:00
[2026-04-28T00:04:29.946+0000] {processor.py:183} INFO - Processing /home/airflow/.local/lib/python3.12/site-packages/airflow/example_dags/example_branch_datetime_operator.py took 0.113 seconds
[2026-04-28T00:05:03.640+0000] {processor.py:161} INFO - Started process (PID=298) to work on /home/airflow/.local/lib/python3.12/site-packages/airflow/example_dags/example_branch_datetime_operator.py
[2026-04-28T00:05:03.641+0000] {processor.py:830} INFO - Processing file /home/airflow/.local/lib/python3.12/site-packages/airflow/example_dags/example_branch_datetime_operator.py for tasks to queue
[2026-04-28T00:05:03.642+0000] {logging_mixin.py:188} INFO - [2026-04-28T00:05:03.642+0000] {dagbag.py:540} INFO - Filling up the DagBag from /home/airflow/.local/lib/python3.12/site-packages/airflow/example_dags/example_branch_datetime_operator.py
[2026-04-28T00:05:03.654+0000] {processor.py:840} INFO - DAG(s) 'example_branch_datetime_operator_2', 'example_branch_datetime_operator_3', 'example_branch_datetime_operator' retrieved from /home/airflow/.local/lib/python3.12/site-packages/airflow/example_dags/example_branch_datetime_operator.py
[2026-04-28T00:05:03.730+0000] {logging_mixin.py:188} INFO - [2026-04-28T00:05:03.730+0000] {dag.py:3096} INFO - Sync 3 DAGs
[2026-04-28T00:05:03.762+0000] {logging_mixin.py:188} INFO - [2026-04-28T00:05:03.762+0000] {dag.py:3954} INFO - Setting next_dagrun for example_branch_datetime_operator to 2026-04-27 00:00:00+00:00, run_after=2026-04-28 00:00:00+00:00
[2026-04-28T00:05:04.098+0000] {logging_mixin.py:188} INFO - [2026-04-28T00:05:04.098+0000] {dag.py:3954} INFO - Setting next_dagrun for example_branch_datetime_operator_2 to 2026-04-27 00:00:00+00:00, run_after=2026-04-28 00:00:00+00:00
[2026-04-28T00:05:04.230+0000] {logging_mixin.py:188} INFO - [2026-04-28T00:05:04.229+0000] {dag.py:3954} INFO - Setting next_dagrun for example_branch_datetime_operator_3 to 2026-04-27 00:00:00+00:00, run_after=2026-04-28 00:00:00+00:00
[2026-04-28T00:05:04.251+0000] {processor.py:183} INFO - Processing /home/airflow/.local/lib/python3.12/site-packages/airflow/example_dags/example_branch_datetime_operator.py took 0.619 seconds
[2026-04-28T00:06:10.982+0000] {processor.py:161} INFO - Started process (PID=334) to work on /home/airflow/.local/lib/python3.12/site-packages/airflow/example_dags/example_branch_datetime_operator.py
[2026-04-28T00:06:10.983+0000] {processor.py:830} INFO - Processing file /home/airflow/.local/lib/python3.12/site-packages/airflow/example_dags/example_branch_datetime_operator.py for tasks to queue
[2026-04-28T00:06:10.984+0000] {logging_mixin.py:188} INFO - [2026-04-28T00:06:10.984+0000] {dagbag.py:540} INFO - Filling up the DagBag from /home/airflow/.local/lib/python3.12/site-packages/airflow/example_dags/example_branch_datetime_operator.py
[2026-04-28T00:06:10.995+0000] {processor.py:840} INFO - DAG(s) 'example_branch_datetime_operator_3', 'example_branch_datetime_operator_2', 'example_branch_datetime_operator' retrieved from /home/airflow/.local/lib/python3.12/site-packages/airflow/example_dags/example_branch_datetime_operator.py
[2026-04-28T00:06:11.026+0000] {logging_mixin.py:188} INFO - [2026-04-28T00:06:11.026+0000] {dag.py:3096} INFO - Sync 3 DAGs
[2026-04-28T00:06:11.050+0000] {logging_mixin.py:188} INFO - [2026-04-28T00:06:11.050+0000] {dag.py:3954} INFO - Setting next_dagrun for example_branch_datetime_operator to 2026-04-27 00:00:00+00:00, run_after=2026-04-28 00:00:00+00:00
[2026-04-28T00:06:11.055+0000] {logging_mixin.py:188} INFO - [2026-04-28T00:06:11.055+0000] {dag.py:3954} INFO - Setting next_dagrun for example_branch_datetime_operator_2 to 2026-04-27 00:00:00+00:00, run_after=2026-04-28 00:00:00+00:00
[2026-04-28T00:06:11.058+0000] {logging_mixin.py:188} INFO - [2026-04-28T00:06:11.058+0000] {dag.py:3954} INFO - Setting next_dagrun for example_branch_datetime_operator_3 to 2026-04-27 00:00:00+00:00, run_after=2026-04-28 00:00:00+00:00
[2026-04-28T00:06:11.075+0000] {processor.py:183} INFO - Processing /home/airflow/.local/lib/python3.12/site-packages/airflow/example_dags/example_branch_datetime_operator.py took 0.100 seconds
[2026-04-28T00:06:41.649+0000] {processor.py:161} INFO - Started process (PID=391) to work on /home/airflow/.local/lib/python3.12/site-packages/airflow/example_dags/example_branch_datetime_operator.py
[2026-04-28T00:06:41.651+0000] {processor.py:830} INFO - Processing file /home/airflow/.local/lib/python3.12/site-packages/airflow/example_dags/example_branch_datetime_operator.py for tasks to queue
[2026-04-28T00:06:41.653+0000] {logging_mixin.py:188} INFO - [2026-04-28T00:06:41.652+0000] {dagbag.py:540} INFO - Filling up the DagBag from /home/airflow/.local/lib/python3.12/site-packages/airflow/example_dags/example_branch_datetime_operator.py
[2026-04-28T00:06:41.671+0000] {processor.py:840} INFO - DAG(s) 'example_branch_datetime_operator_2', 'example_branch_datetime_operator', 'example_branch_datetime_operator_3' retrieved from /home/airflow/.local/lib/python3.12/site-packages/airflow/example_dags/example_branch_datetime_operator.py
[2026-04-28T00:06:41.719+0000] {logging_mixin.py:188} INFO - [2026-04-28T00:06:41.718+0000] {dag.py:3096} INFO - Sync 3 DAGs
[2026-04-28T00:06:41.761+0000] {logging_mixin.py:188} INFO - [2026-04-28T00:06:41.760+0000] {dag.py:3954} INFO - Setting next_dagrun for example_branch_datetime_operator to 2026-04-27 00:00:00+00:00, run_after=2026-04-28 00:00:00+00:00
[2026-04-28T00:06:41.765+0000] {logging_mixin.py:188} INFO - [2026-04-28T00:06:41.765+0000] {dag.py:3954} INFO - Setting next_dagrun for example_branch_datetime_operator_2 to 2026-04-27 00:00:00+00:00, run_after=2026-04-28 00:00:00+00:00
[2026-04-28T00:06:41.768+0000] {logging_mixin.py:188} INFO - [2026-04-28T00:06:41.768+0000] {dag.py:3954} INFO - Setting next_dagrun for example_branch_datetime_operator_3 to 2026-04-27 00:00:00+00:00, run_after=2026-04-28 00:00:00+00:00
[2026-04-28T00:06:41.784+0000] {processor.py:183} INFO - Processing /home/airflow/.local/lib/python3.12/site-packages/airflow/example_dags/example_branch_datetime_operator.py took 0.145 seconds
[2026-04-28T00:07:11.908+0000] {processor.py:161} INFO - Started process (PID=448) to work on /home/airflow/.local/lib/python3.12/site-packages/airflow/example_dags/example_branch_datetime_operator.py
[2026-04-28T00:07:11.910+0000] {processor.py:830} INFO - Processing file /home/airflow/.local/lib/python3.12/site-packages/airflow/example_dags/example_branch_datetime_operator.py for tasks to queue
[2026-04-28T00:07:11.911+0000] {logging_mixin.py:188} INFO - [2026-04-28T00:07:11.910+0000] {dagbag.py:540} INFO - Filling up the DagBag from /home/airflow/.local/lib/python3.12/site-packages/airflow/example_dags/example_branch_datetime_operator.py
[2026-04-28T00:07:11.921+0000] {processor.py:840} INFO - DAG(s) 'example_branch_datetime_operator_3', 'example_branch_datetime_operator', 'example_branch_datetime_operator_2' retrieved from /home/airflow/.local/lib/python3.12/site-packages/airflow/example_dags/example_branch_datetime_operator.py
[2026-04-28T00:07:11.953+0000] {logging_mixin.py:188} INFO - [2026-04-28T00:07:11.953+0000] {dag.py:3096} INFO - Sync 3 DAGs
[2026-04-28T00:07:11.977+0000] {logging_mixin.py:188} INFO - [2026-04-28T00:07:11.977+0000] {dag.py:3954} INFO - Setting next_dagrun for example_branch_datetime_operator to 2026-04-27 00:00:00+00:00, run_after=2026-04-28 00:00:00+00:00
[2026-04-28T00:07:11.984+0000] {logging_mixin.py:188} INFO - [2026-04-28T00:07:11.984+0000] {dag.py:3954} INFO - Setting next_dagrun for example_branch_datetime_operator_2 to 2026-04-27 00:00:00+00:00, run_after=2026-04-28 00:00:00+00:00
[2026-04-28T00:07:11.987+0000] {logging_mixin.py:188} INFO - [2026-04-28T00:07:11.987+0000] {dag.py:3954} INFO - Setting next_dagrun for example_branch_datetime_operator_3 to 2026-04-27 00:00:00+00:00, run_after=2026-04-28 00:00:00+00:00
[2026-04-28T00:07:12.006+0000] {processor.py:183} INFO - Processing /home/airflow/.local/lib/python3.12/site-packages/airflow/example_dags/example_branch_datetime_operator.py took 0.104 seconds
[2026-04-28T00:07:42.453+0000] {processor.py:161} INFO - Started process (PID=508) to work on /home/airflow/.local/lib/python3.12/site-packages/airflow/example_dags/example_branch_datetime_operator.py
[2026-04-28T00:07:42.455+0000] {processor.py:830} INFO - Processing file /home/airflow/.local/lib/python3.12/site-packages/airflow/example_dags/example_branch_datetime_operator.py for tasks to queue
[2026-04-28T00:07:42.457+0000] {logging_mixin.py:188} INFO - [2026-04-28T00:07:42.456+0000] {dagbag.py:540} INFO - Filling up the DagBag from /home/airflow/.local/lib/python3.12/site-packages/airflow/example_dags/example_branch_datetime_operator.py
[2026-04-28T00:07:42.468+0000] {processor.py:840} INFO - DAG(s) 'example_branch_datetime_operator_3', 'example_branch_datetime_operator_2', 'example_branch_datetime_operator' retrieved from /home/airflow/.local/lib/python3.12/site-packages/airflow/example_dags/example_branch_datetime_operator.py
[2026-04-28T00:07:42.501+0000] {logging_mixin.py:188} INFO - [2026-04-28T00:07:42.501+0000] {dag.py:3096} INFO - Sync 3 DAGs
[2026-04-28T00:07:42.533+0000] {logging_mixin.py:188} INFO - [2026-04-28T00:07:42.532+0000] {dag.py:3954} INFO - Setting next_dagrun for example_branch_datetime_operator to 2026-04-27 00:00:00+00:00, run_after=2026-04-28 00:00:00+00:00
[2026-04-28T00:07:42.538+0000] {logging_mixin.py:188} INFO - [2026-04-28T00:07:42.538+0000] {dag.py:3954} INFO - Setting next_dagrun for example_branch_datetime_operator_2 to 2026-04-27 00:00:00+00:00, run_after=2026-04-28 00:00:00+00:00
[2026-04-28T00:07:42.542+0000] {logging_mixin.py:188} INFO - [2026-04-28T00:07:42.541+0000] {dag.py:3954} INFO - Setting next_dagrun for example_branch_datetime_operator_3 to 2026-04-27 00:00:00+00:00, run_after=2026-04-28 00:00:00+00:00
[2026-04-28T00:07:42.564+0000] {processor.py:183} INFO - Processing /home/airflow/.local/lib/python3.12/site-packages/airflow/example_dags/example_branch_datetime_operator.py took 0.117 seconds
[2026-04-28T00:08:12.951+0000] {processor.py:161} INFO - Started process (PID=561) to work on /home/airflow/.local/lib/python3.12/site-packages/airflow/example_dags/example_branch_datetime_operator.py
[2026-04-28T00:08:12.952+0000] {processor.py:830} INFO - Processing file /home/airflow/.local/lib/python3.12/site-packages/airflow/example_dags/example_branch_datetime_operator.py for tasks to queue
[2026-04-28T00:08:12.953+0000] {logging_mixin.py:188} INFO - [2026-04-28T00:08:12.953+0000] {dagbag.py:540} INFO - Filling up the DagBag from /home/airflow/.local/lib/python3.12/site-packages/airflow/example_dags/example_branch_datetime_operator.py
[2026-04-28T00:08:13.911+0000] {processor.py:840} INFO - DAG(s) 'example_branch_datetime_operator', 'example_branch_datetime_operator_3', 'example_branch_datetime_operator_2' retrieved from /home/airflow/.local/lib/python3.12/site-packages/airflow/example_dags/example_branch_datetime_operator.py
[2026-04-28T00:08:13.940+0000] {logging_mixin.py:188} INFO - [2026-04-28T00:08:13.940+0000] {dag.py:3096} INFO - Sync 3 DAGs
[2026-04-28T00:08:13.965+0000] {logging_mixin.py:188} INFO - [2026-04-28T00:08:13.965+0000] {dag.py:3954} INFO - Setting next_dagrun for example_branch_datetime_operator to 2026-04-27 00:00:00+00:00, run_after=2026-04-28 00:00:00+00:00
[2026-04-28T00:08:13.970+0000] {logging_mixin.py:188} INFO - [2026-04-28T00:08:13.970+0000] {dag.py:3954} INFO - Setting next_dagrun for example_branch_datetime_operator_2 to 2026-04-27 00:00:00+00:00, run_after=2026-04-28 00:00:00+00:00
[2026-04-28T00:08:13.973+0000] {logging_mixin.py:188} INFO - [2026-04-28T00:08:13.973+0000] {dag.py:3954} INFO - Setting next_dagrun for example_branch_datetime_operator_3 to 2026-04-27 00:00:00+00:00, run_after=2026-04-28 00:00:00+00:00
[2026-04-28T00:08:13.999+0000] {processor.py:183} INFO - Processing /home/airflow/.local/lib/python3.12/site-packages/airflow/example_dags/example_branch_datetime_operator.py took 1.054 seconds
[2026-04-28T00:08:44.850+0000] {processor.py:161} INFO - Started process (PID=620) to work on /home/airflow/.local/lib/python3.12/site-packages/airflow/example_dags/example_branch_datetime_operator.py
[2026-04-28T00:08:44.852+0000] {processor.py:830} INFO - Processing file /home/airflow/.local/lib/python3.12/site-packages/airflow/example_dags/example_branch_datetime_operator.py for tasks to queue
[2026-04-28T00:08:44.853+0000] {logging_mixin.py:188} INFO - [2026-04-28T00:08:44.853+0000] {dagbag.py:540} INFO - Filling up the DagBag from /home/airflow/.local/lib/python3.12/site-packages/airflow/example_dags/example_branch_datetime_operator.py
[2026-04-28T00:08:44.864+0000] {processor.py:840} INFO - DAG(s) 'example_branch_datetime_operator', 'example_branch_datetime_operator_3', 'example_branch_datetime_operator_2' retrieved from /home/airflow/.local/lib/python3.12/site-packages/airflow/example_dags/example_branch_datetime_operator.py
[2026-04-28T00:08:44.901+0000] {logging_mixin.py:188} INFO - [2026-04-28T00:08:44.901+0000] {dag.py:3096} INFO - Sync 3 DAGs
[2026-04-28T00:08:44.927+0000] {logging_mixin.py:188} INFO - [2026-04-28T00:08:44.927+0000] {dag.py:3954} INFO - Setting next_dagrun for example_branch_datetime_operator to 2026-04-27 00:00:00+00:00, run_after=2026-04-28 00:00:00+00:00
[2026-04-28T00:08:44.933+0000] {logging_mixin.py:188} INFO - [2026-04-28T00:08:44.933+0000] {dag.py:3954} INFO - Setting next_dagrun for example_branch_datetime_operator_2 to 2026-04-27 00:00:00+00:00, run_after=2026-04-28 00:00:00+00:00
[2026-04-28T00:08:44.936+0000] {logging_mixin.py:188} INFO - [2026-04-28T00:08:44.935+0000] {dag.py:3954} INFO - Setting next_dagrun for example_branch_datetime_operator_3 to 2026-04-27 00:00:00+00:00, run_after=2026-04-28 00:00:00+00:00
[2026-04-28T00:08:44.956+0000] {processor.py:183} INFO - Processing /home/airflow/.local/lib/python3.12/site-packages/airflow/example_dags/example_branch_datetime_operator.py took 0.112 seconds
[2026-04-28T00:09:15.075+0000] {processor.py:161} INFO - Started process (PID=679) to work on /home/airflow/.local/lib/python3.12/site-packages/airflow/example_dags/example_branch_datetime_operator.py
[2026-04-28T00:09:15.076+0000] {processor.py:830} INFO - Processing file /home/airflow/.local/lib/python3.12/site-packages/airflow/example_dags/example_branch_datetime_operator.py for tasks to queue
[2026-04-28T00:09:15.077+0000] {logging_mixin.py:188} INFO - [2026-04-28T00:09:15.077+0000] {dagbag.py:540} INFO - Filling up the DagBag from /home/airflow/.local/lib/python3.12/site-packages/airflow/example_dags/example_branch_datetime_operator.py
[2026-04-28T00:09:15.089+0000] {processor.py:840} INFO - DAG(s) 'example_branch_datetime_operator', 'example_branch_datetime_operator_3', 'example_branch_datetime_operator_2' retrieved from /home/airflow/.local/lib/python3.12/site-packages/airflow/example_dags/example_branch_datetime_operator.py
[2026-04-28T00:09:15.125+0000] {logging_mixin.py:188} INFO - [2026-04-28T00:09:15.125+0000] {dag.py:3096} INFO - Sync 3 DAGs
[2026-04-28T00:09:15.151+0000] {logging_mixin.py:188} INFO - [2026-04-28T00:09:15.151+0000] {dag.py:3954} INFO - Setting next_dagrun for example_branch_datetime_operator to 2026-04-27 00:00:00+00:00, run_after=2026-04-28 00:00:00+00:00
[2026-04-28T00:09:15.156+0000] {logging_mixin.py:188} INFO - [2026-04-28T00:09:15.156+0000] {dag.py:3954} INFO - Setting next_dagrun for example_branch_datetime_operator_2 to 2026-04-27 00:00:00+00:00, run_after=2026-04-28 00:00:00+00:00
[2026-04-28T00:09:15.159+0000] {logging_mixin.py:188} INFO - [2026-04-28T00:09:15.159+0000] {dag.py:3954} INFO - Setting next_dagrun for example_branch_datetime_operator_3 to 2026-04-27 00:00:00+00:00, run_after=2026-04-28 00:00:00+00:00
[2026-04-28T00:09:15.186+0000] {processor.py:183} INFO - Processing /home/airflow/.local/lib/python3.12/site-packages/airflow/example_dags/example_branch_datetime_operator.py took 0.118 seconds
[2026-04-28T00:09:45.306+0000] {processor.py:161} INFO - Started process (PID=738) to work on /home/airflow/.local/lib/python3.12/site-packages/airflow/example_dags/example_branch_datetime_operator.py
[2026-04-28T00:09:45.309+0000] {processor.py:830} INFO - Processing file /home/airflow/.local/lib/python3.12/site-packages/airflow/example_dags/example_branch_datetime_operator.py for tasks to queue
[2026-04-28T00:09:45.311+0000] {logging_mixin.py:188} INFO - [2026-04-28T00:09:45.310+0000] {dagbag.py:540} INFO - Filling up the DagBag from /home/airflow/.local/lib/python3.12/site-packages/airflow/example_dags/example_branch_datetime_operator.py
[2026-04-28T00:09:45.330+0000] {processor.py:840} INFO - DAG(s) 'example_branch_datetime_operator_2', 'example_branch_datetime_operator', 'example_branch_datetime_operator_3' retrieved from /home/airflow/.local/lib/python3.12/site-packages/airflow/example_dags/example_branch_datetime_operator.py
[2026-04-28T00:09:45.365+0000] {logging_mixin.py:188} INFO - [2026-04-28T00:09:45.365+0000] {dag.py:3096} INFO - Sync 3 DAGs
[2026-04-28T00:09:45.392+0000] {logging_mixin.py:188} INFO - [2026-04-28T00:09:45.392+0000] {dag.py:3954} INFO - Setting next_dagrun for example_branch_datetime_operator to 2026-04-27 00:00:00+00:00, run_after=2026-04-28 00:00:00+00:00
[2026-04-28T00:09:45.398+0000] {logging_mixin.py:188} INFO - [2026-04-28T00:09:45.397+0000] {dag.py:3954} INFO - Setting next_dagrun for example_branch_datetime_operator_2 to 2026-04-27 00:00:00+00:00, run_after=2026-04-28 00:00:00+00:00
[2026-04-28T00:09:45.400+0000] {logging_mixin.py:188} INFO - [2026-04-28T00:09:45.400+0000] {dag.py:3954} INFO - Setting next_dagrun for example_branch_datetime_operator_3 to 2026-04-27 00:00:00+00:00, run_after=2026-04-28 00:00:00+00:00
[2026-04-28T00:09:45.422+0000] {processor.py:183} INFO - Processing /home/airflow/.local/lib/python3.12/site-packages/airflow/example_dags/example_branch_datetime_operator.py took 0.127 seconds
[2026-04-28T00:10:15.958+0000] {processor.py:161} INFO - Started process (PID=797) to work on /home/airflow/.local/lib/python3.12/site-packages/airflow/example_dags/example_branch_datetime_operator.py
[2026-04-28T00:10:15.959+0000] {processor.py:830} INFO - Processing file /home/airflow/.local/lib/python3.12/site-packages/airflow/example_dags/example_branch_datetime_operator.py for tasks to queue
[2026-04-28T00:10:15.960+0000] {logging_mixin.py:188} INFO - [2026-04-28T00:10:15.960+0000] {dagbag.py:540} INFO - Filling up the DagBag from /home/airflow/.local/lib/python3.12/site-packages/airflow/example_dags/example_branch_datetime_operator.py
[2026-04-28T00:10:15.974+0000] {processor.py:840} INFO - DAG(s) 'example_branch_datetime_operator_3', 'example_branch_datetime_operator_2', 'example_branch_datetime_operator' retrieved from /home/airflow/.local/lib/python3.12/site-packages/airflow/example_dags/example_branch_datetime_operator.py
[2026-04-28T00:10:16.006+0000] {logging_mixin.py:188} INFO - [2026-04-28T00:10:16.006+0000] {dag.py:3096} INFO - Sync 3 DAGs
[2026-04-28T00:10:16.032+0000] {logging_mixin.py:188} INFO - [2026-04-28T00:10:16.032+0000] {dag.py:3954} INFO - Setting next_dagrun for example_branch_datetime_operator to 2026-04-27 00:00:00+00:00, run_after=2026-04-28 00:00:00+00:00
[2026-04-28T00:10:16.038+0000] {logging_mixin.py:188} INFO - [2026-04-28T00:10:16.038+0000] {dag.py:3954} INFO - Setting next_dagrun for example_branch_datetime_operator_2 to 2026-04-27 00:00:00+00:00, run_after=2026-04-28 00:00:00+00:00
[2026-04-28T00:10:16.041+0000] {logging_mixin.py:188} INFO - [2026-04-28T00:10:16.041+0000] {dag.py:3954} INFO - Setting next_dagrun for example_branch_datetime_operator_3 to 2026-04-27 00:00:00+00:00, run_after=2026-04-28 00:00:00+00:00
[2026-04-28T00:10:16.060+0000] {processor.py:183} INFO - Processing /home/airflow/.local/lib/python3.12/site-packages/airflow/example_dags/example_branch_datetime_operator.py took 0.108 seconds
[2026-04-28T00:10:47.312+0000] {processor.py:161} INFO - Started process (PID=852) to work on /home/airflow/.local/lib/python3.12/site-packages/airflow/example_dags/example_branch_datetime_operator.py
[2026-04-28T00:10:47.313+0000] {processor.py:830} INFO - Processing file /home/airflow/.local/lib/python3.12/site-packages/airflow/example_dags/example_branch_datetime_operator.py for tasks to queue
[2026-04-28T00:10:47.314+0000] {logging_mixin.py:188} INFO - [2026-04-28T00:10:47.314+0000] {dagbag.py:540} INFO - Filling up the DagBag from /home/airflow/.local/lib/python3.12/site-packages/airflow/example_dags/example_branch_datetime_operator.py
[2026-04-28T00:10:47.325+0000] {processor.py:840} INFO - DAG(s) 'example_branch_datetime_operator_2', 'example_branch_datetime_operator', 'example_branch_datetime_operator_3' retrieved from /home/airflow/.local/lib/python3.12/site-packages/airflow/example_dags/example_branch_datetime_operator.py
[2026-04-28T00:10:49.437+0000] {logging_mixin.py:188} INFO - [2026-04-28T00:10:49.437+0000] {dag.py:3096} INFO - Sync 3 DAGs
[2026-04-28T00:10:49.464+0000] {logging_mixin.py:188} INFO - [2026-04-28T00:10:49.463+0000] {dag.py:3954} INFO - Setting next_dagrun for example_branch_datetime_operator to 2026-04-27 00:00:00+00:00, run_after=2026-04-28 00:00:00+00:00
[2026-04-28T00:10:49.469+0000] {logging_mixin.py:188} INFO - [2026-04-28T00:10:49.469+0000] {dag.py:3954} INFO - Setting next_dagrun for example_branch_datetime_operator_2 to 2026-04-27 00:00:00+00:00, run_after=2026-04-28 00:00:00+00:00
[2026-04-28T00:10:49.472+0000] {logging_mixin.py:188} INFO - [2026-04-28T00:10:49.472+0000] {dag.py:3954} INFO - Setting next_dagrun for example_branch_datetime_operator_3 to 2026-04-27 00:00:00+00:00, run_after=2026-04-28 00:00:00+00:00
[2026-04-28T00:10:49.493+0000] {processor.py:183} INFO - Processing /home/airflow/.local/lib/python3.12/site-packages/airflow/example_dags/example_branch_datetime_operator.py took 2.187 seconds
[2026-04-28T00:11:19.587+0000] {processor.py:161} INFO - Started process (PID=911) to work on /home/airflow/.local/lib/python3.12/site-packages/airflow/example_dags/example_branch_datetime_operator.py
[2026-04-28T00:11:19.588+0000] {processor.py:830} INFO - Processing file /home/airflow/.local/lib/python3.12/site-packages/airflow/example_dags/example_branch_datetime_operator.py for tasks to queue
[2026-04-28T00:11:19.589+0000] {logging_mixin.py:188} INFO - [2026-04-28T00:11:19.589+0000] {dagbag.py:540} INFO - Filling up the DagBag from /home/airflow/.local/lib/python3.12/site-packages/airflow/example_dags/example_branch_datetime_operator.py
[2026-04-28T00:11:19.601+0000] {processor.py:840} INFO - DAG(s) 'example_branch_datetime_operator', 'example_branch_datetime_operator_2', 'example_branch_datetime_operator_3' retrieved from /home/airflow/.local/lib/python3.12/site-packages/airflow/example_dags/example_branch_datetime_operator.py
[2026-04-28T00:11:19.632+0000] {logging_mixin.py:188} INFO - [2026-04-28T00:11:19.632+0000] {dag.py:3096} INFO - Sync 3 DAGs
[2026-04-28T00:11:19.658+0000] {logging_mixin.py:188} INFO - [2026-04-28T00:11:19.658+0000] {dag.py:3954} INFO - Setting next_dagrun for example_branch_datetime_operator to 2026-04-27 00:00:00+00:00, run_after=2026-04-28 00:00:00+00:00
[2026-04-28T00:11:19.664+0000] {logging_mixin.py:188} INFO - [2026-04-28T00:11:19.663+0000] {dag.py:3954} INFO - Setting next_dagrun for example_branch_datetime_operator_2 to 2026-04-27 00:00:00+00:00, run_after=2026-04-28 00:00:00+00:00
[2026-04-28T00:11:19.667+0000] {logging_mixin.py:188} INFO - [2026-04-28T00:11:19.667+0000] {dag.py:3954} INFO - Setting next_dagrun for example_branch_datetime_operator_3 to 2026-04-27 00:00:00+00:00, run_after=2026-04-28 00:00:00+00:00
[2026-04-28T00:11:19.689+0000] {processor.py:183} INFO - Processing /home/airflow/.local/lib/python3.12/site-packages/airflow/example_dags/example_branch_datetime_operator.py took 0.109 seconds
[2026-04-28T00:11:50.492+0000] {processor.py:161} INFO - Started process (PID=970) to work on /home/airflow/.local/lib/python3.12/site-packages/airflow/example_dags/example_branch_datetime_operator.py
[2026-04-28T00:11:50.493+0000] {processor.py:830} INFO - Processing file /home/airflow/.local/lib/python3.12/site-packages/airflow/example_dags/example_branch_datetime_operator.py for tasks to queue
[2026-04-28T00:11:50.494+0000] {logging_mixin.py:188} INFO - [2026-04-28T00:11:50.494+0000] {dagbag.py:540} INFO - Filling up the DagBag from /home/airflow/.local/lib/python3.12/site-packages/airflow/example_dags/example_branch_datetime_operator.py
[2026-04-28T00:11:50.504+0000] {processor.py:840} INFO - DAG(s) 'example_branch_datetime_operator_3', 'example_branch_datetime_operator', 'example_branch_datetime_operator_2' retrieved from /home/airflow/.local/lib/python3.12/site-packages/airflow/example_dags/example_branch_datetime_operator.py
[2026-04-28T00:11:50.782+0000] {logging_mixin.py:188} INFO - [2026-04-28T00:11:50.782+0000] {dag.py:3096} INFO - Sync 3 DAGs
[2026-04-28T00:11:50.818+0000] {logging_mixin.py:188} INFO - [2026-04-28T00:11:50.817+0000] {dag.py:3954} INFO - Setting next_dagrun for example_branch_datetime_operator to 2026-04-27 00:00:00+00:00, run_after=2026-04-28 00:00:00+00:00
[2026-04-28T00:11:50.826+0000] {logging_mixin.py:188} INFO - [2026-04-28T00:11:50.825+0000] {dag.py:3954} INFO - Setting next_dagrun for example_branch_datetime_operator_2 to 2026-04-27 00:00:00+00:00, run_after=2026-04-28 00:00:00+00:00
[2026-04-28T00:11:50.829+0000] {logging_mixin.py:188} INFO - [2026-04-28T00:11:50.828+0000] {dag.py:3954} INFO - Setting next_dagrun for example_branch_datetime_operator_3 to 2026-04-27 00:00:00+00:00, run_after=2026-04-28 00:00:00+00:00
[2026-04-28T00:11:50.855+0000] {processor.py:183} INFO - Processing /home/airflow/.local/lib/python3.12/site-packages/airflow/example_dags/example_branch_datetime_operator.py took 0.370 seconds
[2026-04-28T00:12:20.910+0000] {processor.py:161} INFO - Started process (PID=1027) to work on /home/airflow/.local/lib/python3.12/site-packages/airflow/example_dags/example_branch_datetime_operator.py
[2026-04-28T00:12:20.912+0000] {processor.py:830} INFO - Processing file /home/airflow/.local/lib/python3.12/site-packages/airflow/example_dags/example_branch_datetime_operator.py for tasks to queue
[2026-04-28T00:12:20.913+0000] {logging_mixin.py:188} INFO - [2026-04-28T00:12:20.912+0000] {dagbag.py:540} INFO - Filling up the DagBag from /home/airflow/.local/lib/python3.12/site-packages/airflow/example_dags/example_branch_datetime_operator.py
[2026-04-28T00:12:20.923+0000] {processor.py:840} INFO - DAG(s) 'example_branch_datetime_operator_3', 'example_branch_datetime_operator_2', 'example_branch_datetime_operator' retrieved from /home/airflow/.local/lib/python3.12/site-packages/airflow/example_dags/example_branch_datetime_operator.py
[2026-04-28T00:12:20.952+0000] {logging_mixin.py:188} INFO - [2026-04-28T00:12:20.952+0000] {dag.py:3096} INFO - Sync 3 DAGs
[2026-04-28T00:12:20.979+0000] {logging_mixin.py:188} INFO - [2026-04-28T00:12:20.979+0000] {dag.py:3954} INFO - Setting next_dagrun for example_branch_datetime_operator to 2026-04-27 00:00:00+00:00, run_after=2026-04-28 00:00:00+00:00
[2026-04-28T00:12:20.985+0000] {logging_mixin.py:188} INFO - [2026-04-28T00:12:20.985+0000] {dag.py:3954} INFO - Setting next_dagrun for example_branch_datetime_operator_2 to 2026-04-27 00:00:00+00:00, run_after=2026-04-28 00:00:00+00:00
[2026-04-28T00:12:20.988+0000] {logging_mixin.py:188} INFO - [2026-04-28T00:12:20.988+0000] {dag.py:3954} INFO - Setting next_dagrun for example_branch_datetime_operator_3 to 2026-04-27 00:00:00+00:00, run_after=2026-04-28 00:00:00+00:00
[2026-04-28T00:12:21.201+0000] {processor.py:183} INFO - Processing /home/airflow/.local/lib/python3.12/site-packages/airflow/example_dags/example_branch_datetime_operator.py took 0.297 seconds
[2026-04-28T00:12:51.300+0000] {processor.py:161} INFO - Started process (PID=1087) to work on /home/airflow/.local/lib/python3.12/site-packages/airflow/example_dags/example_branch_datetime_operator.py
[2026-04-28T00:12:51.302+0000] {processor.py:830} INFO - Processing file /home/airflow/.local/lib/python3.12/site-packages/airflow/example_dags/example_branch_datetime_operator.py for tasks to queue
[2026-04-28T00:12:51.303+0000] {logging_mixin.py:188} INFO - [2026-04-28T00:12:51.303+0000] {dagbag.py:540} INFO - Filling up the DagBag from /home/airflow/.local/lib/python3.12/site-packages/airflow/example_dags/example_branch_datetime_operator.py
[2026-04-28T00:12:51.314+0000] {processor.py:840} INFO - DAG(s) 'example_branch_datetime_operator', 'example_branch_datetime_operator_2', 'example_branch_datetime_operator_3' retrieved from /home/airflow/.local/lib/python3.12/site-packages/airflow/example_dags/example_branch_datetime_operator.py
[2026-04-28T00:12:51.346+0000] {logging_mixin.py:188} INFO - [2026-04-28T00:12:51.345+0000] {dag.py:3096} INFO - Sync 3 DAGs
[2026-04-28T00:12:51.370+0000] {logging_mixin.py:188} INFO - [2026-04-28T00:12:51.369+0000] {dag.py:3954} INFO - Setting next_dagrun for example_branch_datetime_operator to 2026-04-27 00:00:00+00:00, run_after=2026-04-28 00:00:00+00:00
[2026-04-28T00:12:51.375+0000] {logging_mixin.py:188} INFO - [2026-04-28T00:12:51.375+0000] {dag.py:3954} INFO - Setting next_dagrun for example_branch_datetime_operator_2 to 2026-04-27 00:00:00+00:00, run_after=2026-04-28 00:00:00+00:00
[2026-04-28T00:12:51.378+0000] {logging_mixin.py:188} INFO - [2026-04-28T00:12:51.378+0000] {dag.py:3954} INFO - Setting next_dagrun for example_branch_datetime_operator_3 to 2026-04-27 00:00:00+00:00, run_after=2026-04-28 00:00:00+00:00
[2026-04-28T00:12:51.398+0000] {processor.py:183} INFO - Processing /home/airflow/.local/lib/python3.12/site-packages/airflow/example_dags/example_branch_datetime_operator.py took 0.104 seconds
