[2026-04-28T00:00:20.884+0000] {processor.py:161} INFO - Started process (PID=149) to work on /home/airflow/.local/lib/python3.12/site-packages/airflow/example_dags/example_bash_decorator.py
[2026-04-28T00:00:20.886+0000] {processor.py:830} INFO - Processing file /home/airflow/.local/lib/python3.12/site-packages/airflow/example_dags/example_bash_decorator.py for tasks to queue
[2026-04-28T00:00:20.888+0000] {logging_mixin.py:188} INFO - [2026-04-28T00:00:20.888+0000] {dagbag.py:540} INFO - Filling up the DagBag from /home/airflow/.local/lib/python3.12/site-packages/airflow/example_dags/example_bash_decorator.py
[2026-04-28T00:00:20.967+0000] {processor.py:840} INFO - DAG(s) 'example_bash_decorator' retrieved from /home/airflow/.local/lib/python3.12/site-packages/airflow/example_dags/example_bash_decorator.py
[2026-04-28T00:00:20.994+0000] {logging_mixin.py:188} INFO - [2026-04-28T00:00:20.994+0000] {dag.py:3096} INFO - Sync 1 DAGs
[2026-04-28T00:00:21.008+0000] {logging_mixin.py:188} INFO - [2026-04-28T00:00:21.008+0000] {dag.py:3954} INFO - Setting next_dagrun for example_bash_decorator to None, run_after=None
[2026-04-28T00:00:21.290+0000] {processor.py:183} INFO - Processing /home/airflow/.local/lib/python3.12/site-packages/airflow/example_dags/example_bash_decorator.py took 0.413 seconds
[2026-04-28T00:04:04.979+0000] {processor.py:161} INFO - Started process (PID=237) to work on /home/airflow/.local/lib/python3.12/site-packages/airflow/example_dags/example_bash_decorator.py
[2026-04-28T00:04:05.138+0000] {processor.py:830} INFO - Processing file /home/airflow/.local/lib/python3.12/site-packages/airflow/example_dags/example_bash_decorator.py for tasks to queue
[2026-04-28T00:04:05.139+0000] {logging_mixin.py:188} INFO - [2026-04-28T00:04:05.139+0000] {dagbag.py:540} INFO - Filling up the DagBag from /home/airflow/.local/lib/python3.12/site-packages/airflow/example_dags/example_bash_decorator.py
[2026-04-28T00:04:05.176+0000] {processor.py:840} INFO - DAG(s) 'example_bash_decorator' retrieved from /home/airflow/.local/lib/python3.12/site-packages/airflow/example_dags/example_bash_decorator.py
[2026-04-28T00:04:05.276+0000] {logging_mixin.py:188} INFO - [2026-04-28T00:04:05.276+0000] {dag.py:3096} INFO - Sync 1 DAGs
[2026-04-28T00:04:05.294+0000] {logging_mixin.py:188} INFO - [2026-04-28T00:04:05.293+0000] {dag.py:3954} INFO - Setting next_dagrun for example_bash_decorator to None, run_after=None
[2026-04-28T00:04:06.033+0000] {processor.py:183} INFO - Processing /home/airflow/.local/lib/python3.12/site-packages/airflow/example_dags/example_bash_decorator.py took 1.060 seconds
[2026-04-28T00:05:00.224+0000] {processor.py:161} INFO - Started process (PID=296) to work on /home/airflow/.local/lib/python3.12/site-packages/airflow/example_dags/example_bash_decorator.py
[2026-04-28T00:05:00.225+0000] {processor.py:830} INFO - Processing file /home/airflow/.local/lib/python3.12/site-packages/airflow/example_dags/example_bash_decorator.py for tasks to queue
[2026-04-28T00:05:00.227+0000] {logging_mixin.py:188} INFO - [2026-04-28T00:05:00.226+0000] {dagbag.py:540} INFO - Filling up the DagBag from /home/airflow/.local/lib/python3.12/site-packages/airflow/example_dags/example_bash_decorator.py
[2026-04-28T00:05:00.451+0000] {processor.py:840} INFO - DAG(s) 'example_bash_decorator' retrieved from /home/airflow/.local/lib/python3.12/site-packages/airflow/example_dags/example_bash_decorator.py
[2026-04-28T00:05:02.332+0000] {logging_mixin.py:188} INFO - [2026-04-28T00:05:02.331+0000] {dag.py:3096} INFO - Sync 1 DAGs
[2026-04-28T00:05:02.354+0000] {logging_mixin.py:188} INFO - [2026-04-28T00:05:02.353+0000] {dag.py:3954} INFO - Setting next_dagrun for example_bash_decorator to None, run_after=None
[2026-04-28T00:05:02.378+0000] {processor.py:183} INFO - Processing /home/airflow/.local/lib/python3.12/site-packages/airflow/example_dags/example_bash_decorator.py took 2.162 seconds
[2026-04-28T00:06:14.163+0000] {processor.py:161} INFO - Started process (PID=358) to work on /home/airflow/.local/lib/python3.12/site-packages/airflow/example_dags/example_bash_decorator.py
[2026-04-28T00:06:14.165+0000] {processor.py:830} INFO - Processing file /home/airflow/.local/lib/python3.12/site-packages/airflow/example_dags/example_bash_decorator.py for tasks to queue
[2026-04-28T00:06:14.166+0000] {logging_mixin.py:188} INFO - [2026-04-28T00:06:14.166+0000] {dagbag.py:540} INFO - Filling up the DagBag from /home/airflow/.local/lib/python3.12/site-packages/airflow/example_dags/example_bash_decorator.py
[2026-04-28T00:06:14.180+0000] {processor.py:840} INFO - DAG(s) 'example_bash_decorator' retrieved from /home/airflow/.local/lib/python3.12/site-packages/airflow/example_dags/example_bash_decorator.py
[2026-04-28T00:06:14.209+0000] {logging_mixin.py:188} INFO - [2026-04-28T00:06:14.209+0000] {dag.py:3096} INFO - Sync 1 DAGs
[2026-04-28T00:06:14.224+0000] {logging_mixin.py:188} INFO - [2026-04-28T00:06:14.223+0000] {dag.py:3954} INFO - Setting next_dagrun for example_bash_decorator to None, run_after=None
[2026-04-28T00:06:14.244+0000] {processor.py:183} INFO - Processing /home/airflow/.local/lib/python3.12/site-packages/airflow/example_dags/example_bash_decorator.py took 0.088 seconds
[2026-04-28T00:06:44.696+0000] {processor.py:161} INFO - Started process (PID=417) to work on /home/airflow/.local/lib/python3.12/site-packages/airflow/example_dags/example_bash_decorator.py
[2026-04-28T00:06:44.698+0000] {processor.py:830} INFO - Processing file /home/airflow/.local/lib/python3.12/site-packages/airflow/example_dags/example_bash_decorator.py for tasks to queue
[2026-04-28T00:06:44.699+0000] {logging_mixin.py:188} INFO - [2026-04-28T00:06:44.699+0000] {dagbag.py:540} INFO - Filling up the DagBag from /home/airflow/.local/lib/python3.12/site-packages/airflow/example_dags/example_bash_decorator.py
[2026-04-28T00:06:44.722+0000] {processor.py:840} INFO - DAG(s) 'example_bash_decorator' retrieved from /home/airflow/.local/lib/python3.12/site-packages/airflow/example_dags/example_bash_decorator.py
[2026-04-28T00:06:44.750+0000] {logging_mixin.py:188} INFO - [2026-04-28T00:06:44.750+0000] {dag.py:3096} INFO - Sync 1 DAGs
[2026-04-28T00:06:44.766+0000] {logging_mixin.py:188} INFO - [2026-04-28T00:06:44.765+0000] {dag.py:3954} INFO - Setting next_dagrun for example_bash_decorator to None, run_after=None
[2026-04-28T00:06:44.787+0000] {processor.py:183} INFO - Processing /home/airflow/.local/lib/python3.12/site-packages/airflow/example_dags/example_bash_decorator.py took 0.097 seconds
[2026-04-28T00:07:14.928+0000] {processor.py:161} INFO - Started process (PID=476) to work on /home/airflow/.local/lib/python3.12/site-packages/airflow/example_dags/example_bash_decorator.py
[2026-04-28T00:07:14.930+0000] {processor.py:830} INFO - Processing file /home/airflow/.local/lib/python3.12/site-packages/airflow/example_dags/example_bash_decorator.py for tasks to queue
[2026-04-28T00:07:14.931+0000] {logging_mixin.py:188} INFO - [2026-04-28T00:07:14.930+0000] {dagbag.py:540} INFO - Filling up the DagBag from /home/airflow/.local/lib/python3.12/site-packages/airflow/example_dags/example_bash_decorator.py
[2026-04-28T00:07:14.945+0000] {processor.py:840} INFO - DAG(s) 'example_bash_decorator' retrieved from /home/airflow/.local/lib/python3.12/site-packages/airflow/example_dags/example_bash_decorator.py
[2026-04-28T00:07:14.972+0000] {logging_mixin.py:188} INFO - [2026-04-28T00:07:14.972+0000] {dag.py:3096} INFO - Sync 1 DAGs
[2026-04-28T00:07:14.985+0000] {logging_mixin.py:188} INFO - [2026-04-28T00:07:14.985+0000] {dag.py:3954} INFO - Setting next_dagrun for example_bash_decorator to None, run_after=None
[2026-04-28T00:07:15.004+0000] {processor.py:183} INFO - Processing /home/airflow/.local/lib/python3.12/site-packages/airflow/example_dags/example_bash_decorator.py took 0.082 seconds
[2026-04-28T00:07:45.998+0000] {processor.py:161} INFO - Started process (PID=533) to work on /home/airflow/.local/lib/python3.12/site-packages/airflow/example_dags/example_bash_decorator.py
[2026-04-28T00:07:45.999+0000] {processor.py:830} INFO - Processing file /home/airflow/.local/lib/python3.12/site-packages/airflow/example_dags/example_bash_decorator.py for tasks to queue
[2026-04-28T00:07:46.000+0000] {logging_mixin.py:188} INFO - [2026-04-28T00:07:46.000+0000] {dagbag.py:540} INFO - Filling up the DagBag from /home/airflow/.local/lib/python3.12/site-packages/airflow/example_dags/example_bash_decorator.py
[2026-04-28T00:07:46.016+0000] {processor.py:840} INFO - DAG(s) 'example_bash_decorator' retrieved from /home/airflow/.local/lib/python3.12/site-packages/airflow/example_dags/example_bash_decorator.py
[2026-04-28T00:07:46.043+0000] {logging_mixin.py:188} INFO - [2026-04-28T00:07:46.043+0000] {dag.py:3096} INFO - Sync 1 DAGs
[2026-04-28T00:07:46.057+0000] {logging_mixin.py:188} INFO - [2026-04-28T00:07:46.057+0000] {dag.py:3954} INFO - Setting next_dagrun for example_bash_decorator to None, run_after=None
[2026-04-28T00:07:46.077+0000] {processor.py:183} INFO - Processing /home/airflow/.local/lib/python3.12/site-packages/airflow/example_dags/example_bash_decorator.py took 0.087 seconds
[2026-04-28T00:08:16.731+0000] {processor.py:161} INFO - Started process (PID=592) to work on /home/airflow/.local/lib/python3.12/site-packages/airflow/example_dags/example_bash_decorator.py
[2026-04-28T00:08:16.733+0000] {processor.py:830} INFO - Processing file /home/airflow/.local/lib/python3.12/site-packages/airflow/example_dags/example_bash_decorator.py for tasks to queue
[2026-04-28T00:08:16.734+0000] {logging_mixin.py:188} INFO - [2026-04-28T00:08:16.734+0000] {dagbag.py:540} INFO - Filling up the DagBag from /home/airflow/.local/lib/python3.12/site-packages/airflow/example_dags/example_bash_decorator.py
[2026-04-28T00:08:16.754+0000] {processor.py:840} INFO - DAG(s) 'example_bash_decorator' retrieved from /home/airflow/.local/lib/python3.12/site-packages/airflow/example_dags/example_bash_decorator.py
[2026-04-28T00:08:16.785+0000] {logging_mixin.py:188} INFO - [2026-04-28T00:08:16.785+0000] {dag.py:3096} INFO - Sync 1 DAGs
[2026-04-28T00:08:16.801+0000] {logging_mixin.py:188} INFO - [2026-04-28T00:08:16.801+0000] {dag.py:3954} INFO - Setting next_dagrun for example_bash_decorator to None, run_after=None
[2026-04-28T00:08:16.823+0000] {processor.py:183} INFO - Processing /home/airflow/.local/lib/python3.12/site-packages/airflow/example_dags/example_bash_decorator.py took 0.099 seconds
[2026-04-28T00:08:47.018+0000] {processor.py:161} INFO - Started process (PID=651) to work on /home/airflow/.local/lib/python3.12/site-packages/airflow/example_dags/example_bash_decorator.py
[2026-04-28T00:08:47.019+0000] {processor.py:830} INFO - Processing file /home/airflow/.local/lib/python3.12/site-packages/airflow/example_dags/example_bash_decorator.py for tasks to queue
[2026-04-28T00:08:47.020+0000] {logging_mixin.py:188} INFO - [2026-04-28T00:08:47.020+0000] {dagbag.py:540} INFO - Filling up the DagBag from /home/airflow/.local/lib/python3.12/site-packages/airflow/example_dags/example_bash_decorator.py
[2026-04-28T00:08:47.038+0000] {processor.py:840} INFO - DAG(s) 'example_bash_decorator' retrieved from /home/airflow/.local/lib/python3.12/site-packages/airflow/example_dags/example_bash_decorator.py
[2026-04-28T00:08:47.064+0000] {logging_mixin.py:188} INFO - [2026-04-28T00:08:47.064+0000] {dag.py:3096} INFO - Sync 1 DAGs
[2026-04-28T00:08:47.077+0000] {logging_mixin.py:188} INFO - [2026-04-28T00:08:47.077+0000] {dag.py:3954} INFO - Setting next_dagrun for example_bash_decorator to None, run_after=None
[2026-04-28T00:08:47.099+0000] {processor.py:183} INFO - Processing /home/airflow/.local/lib/python3.12/site-packages/airflow/example_dags/example_bash_decorator.py took 0.087 seconds
[2026-04-28T00:09:17.608+0000] {processor.py:161} INFO - Started process (PID=710) to work on /home/airflow/.local/lib/python3.12/site-packages/airflow/example_dags/example_bash_decorator.py
[2026-04-28T00:09:17.609+0000] {processor.py:830} INFO - Processing file /home/airflow/.local/lib/python3.12/site-packages/airflow/example_dags/example_bash_decorator.py for tasks to queue
[2026-04-28T00:09:17.610+0000] {logging_mixin.py:188} INFO - [2026-04-28T00:09:17.610+0000] {dagbag.py:540} INFO - Filling up the DagBag from /home/airflow/.local/lib/python3.12/site-packages/airflow/example_dags/example_bash_decorator.py
[2026-04-28T00:09:17.626+0000] {processor.py:840} INFO - DAG(s) 'example_bash_decorator' retrieved from /home/airflow/.local/lib/python3.12/site-packages/airflow/example_dags/example_bash_decorator.py
[2026-04-28T00:09:17.653+0000] {logging_mixin.py:188} INFO - [2026-04-28T00:09:17.653+0000] {dag.py:3096} INFO - Sync 1 DAGs
[2026-04-28T00:09:17.667+0000] {logging_mixin.py:188} INFO - [2026-04-28T00:09:17.666+0000] {dag.py:3954} INFO - Setting next_dagrun for example_bash_decorator to None, run_after=None
[2026-04-28T00:09:17.688+0000] {processor.py:183} INFO - Processing /home/airflow/.local/lib/python3.12/site-packages/airflow/example_dags/example_bash_decorator.py took 0.087 seconds
[2026-04-28T00:09:48.688+0000] {processor.py:161} INFO - Started process (PID=769) to work on /home/airflow/.local/lib/python3.12/site-packages/airflow/example_dags/example_bash_decorator.py
[2026-04-28T00:09:48.690+0000] {processor.py:830} INFO - Processing file /home/airflow/.local/lib/python3.12/site-packages/airflow/example_dags/example_bash_decorator.py for tasks to queue
[2026-04-28T00:09:48.691+0000] {logging_mixin.py:188} INFO - [2026-04-28T00:09:48.690+0000] {dagbag.py:540} INFO - Filling up the DagBag from /home/airflow/.local/lib/python3.12/site-packages/airflow/example_dags/example_bash_decorator.py
[2026-04-28T00:09:48.706+0000] {processor.py:840} INFO - DAG(s) 'example_bash_decorator' retrieved from /home/airflow/.local/lib/python3.12/site-packages/airflow/example_dags/example_bash_decorator.py
[2026-04-28T00:09:48.733+0000] {logging_mixin.py:188} INFO - [2026-04-28T00:09:48.733+0000] {dag.py:3096} INFO - Sync 1 DAGs
[2026-04-28T00:09:48.750+0000] {logging_mixin.py:188} INFO - [2026-04-28T00:09:48.750+0000] {dag.py:3954} INFO - Setting next_dagrun for example_bash_decorator to None, run_after=None
[2026-04-28T00:09:48.773+0000] {processor.py:183} INFO - Processing /home/airflow/.local/lib/python3.12/site-packages/airflow/example_dags/example_bash_decorator.py took 0.093 seconds
[2026-04-28T00:10:21.783+0000] {processor.py:161} INFO - Started process (PID=828) to work on /home/airflow/.local/lib/python3.12/site-packages/airflow/example_dags/example_bash_decorator.py
[2026-04-28T00:10:21.784+0000] {processor.py:830} INFO - Processing file /home/airflow/.local/lib/python3.12/site-packages/airflow/example_dags/example_bash_decorator.py for tasks to queue
[2026-04-28T00:10:21.788+0000] {logging_mixin.py:188} INFO - [2026-04-28T00:10:21.788+0000] {dagbag.py:540} INFO - Filling up the DagBag from /home/airflow/.local/lib/python3.12/site-packages/airflow/example_dags/example_bash_decorator.py
[2026-04-28T00:10:21.804+0000] {processor.py:840} INFO - DAG(s) 'example_bash_decorator' retrieved from /home/airflow/.local/lib/python3.12/site-packages/airflow/example_dags/example_bash_decorator.py
[2026-04-28T00:10:21.840+0000] {logging_mixin.py:188} INFO - [2026-04-28T00:10:21.839+0000] {dag.py:3096} INFO - Sync 1 DAGs
[2026-04-28T00:10:21.865+0000] {logging_mixin.py:188} INFO - [2026-04-28T00:10:21.865+0000] {dag.py:3954} INFO - Setting next_dagrun for example_bash_decorator to None, run_after=None
[2026-04-28T00:10:21.898+0000] {processor.py:183} INFO - Processing /home/airflow/.local/lib/python3.12/site-packages/airflow/example_dags/example_bash_decorator.py took 0.123 seconds
[2026-04-28T00:10:52.619+0000] {processor.py:161} INFO - Started process (PID=887) to work on /home/airflow/.local/lib/python3.12/site-packages/airflow/example_dags/example_bash_decorator.py
[2026-04-28T00:10:52.620+0000] {processor.py:830} INFO - Processing file /home/airflow/.local/lib/python3.12/site-packages/airflow/example_dags/example_bash_decorator.py for tasks to queue
[2026-04-28T00:10:52.622+0000] {logging_mixin.py:188} INFO - [2026-04-28T00:10:52.621+0000] {dagbag.py:540} INFO - Filling up the DagBag from /home/airflow/.local/lib/python3.12/site-packages/airflow/example_dags/example_bash_decorator.py
[2026-04-28T00:10:52.637+0000] {processor.py:840} INFO - DAG(s) 'example_bash_decorator' retrieved from /home/airflow/.local/lib/python3.12/site-packages/airflow/example_dags/example_bash_decorator.py
[2026-04-28T00:10:52.665+0000] {logging_mixin.py:188} INFO - [2026-04-28T00:10:52.665+0000] {dag.py:3096} INFO - Sync 1 DAGs
[2026-04-28T00:10:52.680+0000] {logging_mixin.py:188} INFO - [2026-04-28T00:10:52.680+0000] {dag.py:3954} INFO - Setting next_dagrun for example_bash_decorator to None, run_after=None
[2026-04-28T00:10:52.702+0000] {processor.py:183} INFO - Processing /home/airflow/.local/lib/python3.12/site-packages/airflow/example_dags/example_bash_decorator.py took 0.092 seconds
[2026-04-28T00:11:23.811+0000] {processor.py:161} INFO - Started process (PID=946) to work on /home/airflow/.local/lib/python3.12/site-packages/airflow/example_dags/example_bash_decorator.py
[2026-04-28T00:11:23.812+0000] {processor.py:830} INFO - Processing file /home/airflow/.local/lib/python3.12/site-packages/airflow/example_dags/example_bash_decorator.py for tasks to queue
[2026-04-28T00:11:23.813+0000] {logging_mixin.py:188} INFO - [2026-04-28T00:11:23.812+0000] {dagbag.py:540} INFO - Filling up the DagBag from /home/airflow/.local/lib/python3.12/site-packages/airflow/example_dags/example_bash_decorator.py
[2026-04-28T00:11:23.828+0000] {processor.py:840} INFO - DAG(s) 'example_bash_decorator' retrieved from /home/airflow/.local/lib/python3.12/site-packages/airflow/example_dags/example_bash_decorator.py
[2026-04-28T00:11:23.854+0000] {logging_mixin.py:188} INFO - [2026-04-28T00:11:23.854+0000] {dag.py:3096} INFO - Sync 1 DAGs
[2026-04-28T00:11:23.869+0000] {logging_mixin.py:188} INFO - [2026-04-28T00:11:23.868+0000] {dag.py:3954} INFO - Setting next_dagrun for example_bash_decorator to None, run_after=None
[2026-04-28T00:11:23.889+0000] {processor.py:183} INFO - Processing /home/airflow/.local/lib/python3.12/site-packages/airflow/example_dags/example_bash_decorator.py took 0.086 seconds
[2026-04-28T00:11:57.983+0000] {processor.py:161} INFO - Started process (PID=1005) to work on /home/airflow/.local/lib/python3.12/site-packages/airflow/example_dags/example_bash_decorator.py
[2026-04-28T00:11:57.985+0000] {processor.py:830} INFO - Processing file /home/airflow/.local/lib/python3.12/site-packages/airflow/example_dags/example_bash_decorator.py for tasks to queue
[2026-04-28T00:11:57.987+0000] {logging_mixin.py:188} INFO - [2026-04-28T00:11:57.986+0000] {dagbag.py:540} INFO - Filling up the DagBag from /home/airflow/.local/lib/python3.12/site-packages/airflow/example_dags/example_bash_decorator.py
[2026-04-28T00:11:58.007+0000] {processor.py:840} INFO - DAG(s) 'example_bash_decorator' retrieved from /home/airflow/.local/lib/python3.12/site-packages/airflow/example_dags/example_bash_decorator.py
[2026-04-28T00:11:58.038+0000] {logging_mixin.py:188} INFO - [2026-04-28T00:11:58.038+0000] {dag.py:3096} INFO - Sync 1 DAGs
[2026-04-28T00:11:58.058+0000] {logging_mixin.py:188} INFO - [2026-04-28T00:11:58.058+0000] {dag.py:3954} INFO - Setting next_dagrun for example_bash_decorator to None, run_after=None
[2026-04-28T00:11:58.085+0000] {processor.py:183} INFO - Processing /home/airflow/.local/lib/python3.12/site-packages/airflow/example_dags/example_bash_decorator.py took 0.110 seconds
[2026-04-28T00:12:28.911+0000] {processor.py:161} INFO - Started process (PID=1064) to work on /home/airflow/.local/lib/python3.12/site-packages/airflow/example_dags/example_bash_decorator.py
[2026-04-28T00:12:28.912+0000] {processor.py:830} INFO - Processing file /home/airflow/.local/lib/python3.12/site-packages/airflow/example_dags/example_bash_decorator.py for tasks to queue
[2026-04-28T00:12:28.914+0000] {logging_mixin.py:188} INFO - [2026-04-28T00:12:28.913+0000] {dagbag.py:540} INFO - Filling up the DagBag from /home/airflow/.local/lib/python3.12/site-packages/airflow/example_dags/example_bash_decorator.py
[2026-04-28T00:12:28.929+0000] {processor.py:840} INFO - DAG(s) 'example_bash_decorator' retrieved from /home/airflow/.local/lib/python3.12/site-packages/airflow/example_dags/example_bash_decorator.py
[2026-04-28T00:12:28.956+0000] {logging_mixin.py:188} INFO - [2026-04-28T00:12:28.955+0000] {dag.py:3096} INFO - Sync 1 DAGs
[2026-04-28T00:12:28.971+0000] {logging_mixin.py:188} INFO - [2026-04-28T00:12:28.971+0000] {dag.py:3954} INFO - Setting next_dagrun for example_bash_decorator to None, run_after=None
[2026-04-28T00:12:28.993+0000] {processor.py:183} INFO - Processing /home/airflow/.local/lib/python3.12/site-packages/airflow/example_dags/example_bash_decorator.py took 0.089 seconds
[2026-04-28T00:12:59.530+0000] {processor.py:161} INFO - Started process (PID=1116) to work on /home/airflow/.local/lib/python3.12/site-packages/airflow/example_dags/example_bash_decorator.py
[2026-04-28T00:12:59.532+0000] {processor.py:830} INFO - Processing file /home/airflow/.local/lib/python3.12/site-packages/airflow/example_dags/example_bash_decorator.py for tasks to queue
[2026-04-28T00:12:59.533+0000] {logging_mixin.py:188} INFO - [2026-04-28T00:12:59.532+0000] {dagbag.py:540} INFO - Filling up the DagBag from /home/airflow/.local/lib/python3.12/site-packages/airflow/example_dags/example_bash_decorator.py
[2026-04-28T00:12:59.547+0000] {processor.py:840} INFO - DAG(s) 'example_bash_decorator' retrieved from /home/airflow/.local/lib/python3.12/site-packages/airflow/example_dags/example_bash_decorator.py
[2026-04-28T00:12:59.574+0000] {logging_mixin.py:188} INFO - [2026-04-28T00:12:59.574+0000] {dag.py:3096} INFO - Sync 1 DAGs
[2026-04-28T00:12:59.677+0000] {logging_mixin.py:188} INFO - [2026-04-28T00:12:59.677+0000] {dag.py:3954} INFO - Setting next_dagrun for example_bash_decorator to None, run_after=None
[2026-04-28T00:12:59.699+0000] {processor.py:183} INFO - Processing /home/airflow/.local/lib/python3.12/site-packages/airflow/example_dags/example_bash_decorator.py took 0.176 seconds
