[2026-04-28T00:00:17.160+0000] {processor.py:161} INFO - Started process (PID=137) to work on /home/airflow/.local/lib/python3.12/site-packages/airflow/example_dags/example_sensors.py
[2026-04-28T00:00:17.162+0000] {processor.py:830} INFO - Processing file /home/airflow/.local/lib/python3.12/site-packages/airflow/example_dags/example_sensors.py for tasks to queue
[2026-04-28T00:00:17.164+0000] {logging_mixin.py:188} INFO - [2026-04-28T00:00:17.164+0000] {dagbag.py:540} INFO - Filling up the DagBag from /home/airflow/.local/lib/python3.12/site-packages/airflow/example_dags/example_sensors.py
[2026-04-28T00:00:17.184+0000] {processor.py:840} INFO - DAG(s) 'example_sensors' retrieved from /home/airflow/.local/lib/python3.12/site-packages/airflow/example_dags/example_sensors.py
[2026-04-28T00:00:17.213+0000] {logging_mixin.py:188} INFO - [2026-04-28T00:00:17.213+0000] {dag.py:3096} INFO - Sync 1 DAGs
[2026-04-28T00:00:17.227+0000] {logging_mixin.py:188} INFO - [2026-04-28T00:00:17.227+0000] {dag.py:3954} INFO - Setting next_dagrun for example_sensors to None, run_after=None
[2026-04-28T00:00:17.380+0000] {processor.py:183} INFO - Processing /home/airflow/.local/lib/python3.12/site-packages/airflow/example_dags/example_sensors.py took 0.227 seconds
[2026-04-28T00:03:12.450+0000] {processor.py:161} INFO - Started process (PID=218) to work on /home/airflow/.local/lib/python3.12/site-packages/airflow/example_dags/example_sensors.py
[2026-04-28T00:03:12.759+0000] {processor.py:830} INFO - Processing file /home/airflow/.local/lib/python3.12/site-packages/airflow/example_dags/example_sensors.py for tasks to queue
[2026-04-28T00:03:12.761+0000] {logging_mixin.py:188} INFO - [2026-04-28T00:03:12.761+0000] {dagbag.py:540} INFO - Filling up the DagBag from /home/airflow/.local/lib/python3.12/site-packages/airflow/example_dags/example_sensors.py
[2026-04-28T00:03:12.773+0000] {processor.py:840} INFO - DAG(s) 'example_sensors' retrieved from /home/airflow/.local/lib/python3.12/site-packages/airflow/example_dags/example_sensors.py
[2026-04-28T00:03:12.812+0000] {logging_mixin.py:188} INFO - [2026-04-28T00:03:12.812+0000] {dag.py:3096} INFO - Sync 1 DAGs
[2026-04-28T00:03:12.830+0000] {logging_mixin.py:188} INFO - [2026-04-28T00:03:12.830+0000] {dag.py:3954} INFO - Setting next_dagrun for example_sensors to None, run_after=None
[2026-04-28T00:03:13.245+0000] {processor.py:183} INFO - Processing /home/airflow/.local/lib/python3.12/site-packages/airflow/example_dags/example_sensors.py took 0.821 seconds
[2026-04-28T00:04:32.388+0000] {processor.py:161} INFO - Started process (PID=278) to work on /home/airflow/.local/lib/python3.12/site-packages/airflow/example_dags/example_sensors.py
[2026-04-28T00:04:32.390+0000] {processor.py:830} INFO - Processing file /home/airflow/.local/lib/python3.12/site-packages/airflow/example_dags/example_sensors.py for tasks to queue
[2026-04-28T00:04:32.391+0000] {logging_mixin.py:188} INFO - [2026-04-28T00:04:32.390+0000] {dagbag.py:540} INFO - Filling up the DagBag from /home/airflow/.local/lib/python3.12/site-packages/airflow/example_dags/example_sensors.py
[2026-04-28T00:04:32.596+0000] {processor.py:840} INFO - DAG(s) 'example_sensors' retrieved from /home/airflow/.local/lib/python3.12/site-packages/airflow/example_dags/example_sensors.py
[2026-04-28T00:04:32.641+0000] {logging_mixin.py:188} INFO - [2026-04-28T00:04:32.641+0000] {dag.py:3096} INFO - Sync 1 DAGs
[2026-04-28T00:04:32.746+0000] {logging_mixin.py:188} INFO - [2026-04-28T00:04:32.746+0000] {dag.py:3954} INFO - Setting next_dagrun for example_sensors to None, run_after=None
[2026-04-28T00:04:32.774+0000] {processor.py:183} INFO - Processing /home/airflow/.local/lib/python3.12/site-packages/airflow/example_dags/example_sensors.py took 0.441 seconds
[2026-04-28T00:06:12.201+0000] {processor.py:161} INFO - Started process (PID=346) to work on /home/airflow/.local/lib/python3.12/site-packages/airflow/example_dags/example_sensors.py
[2026-04-28T00:06:12.203+0000] {processor.py:830} INFO - Processing file /home/airflow/.local/lib/python3.12/site-packages/airflow/example_dags/example_sensors.py for tasks to queue
[2026-04-28T00:06:12.205+0000] {logging_mixin.py:188} INFO - [2026-04-28T00:06:12.204+0000] {dagbag.py:540} INFO - Filling up the DagBag from /home/airflow/.local/lib/python3.12/site-packages/airflow/example_dags/example_sensors.py
[2026-04-28T00:06:12.220+0000] {processor.py:840} INFO - DAG(s) 'example_sensors' retrieved from /home/airflow/.local/lib/python3.12/site-packages/airflow/example_dags/example_sensors.py
[2026-04-28T00:06:12.248+0000] {logging_mixin.py:188} INFO - [2026-04-28T00:06:12.248+0000] {dag.py:3096} INFO - Sync 1 DAGs
[2026-04-28T00:06:12.261+0000] {logging_mixin.py:188} INFO - [2026-04-28T00:06:12.261+0000] {dag.py:3954} INFO - Setting next_dagrun for example_sensors to None, run_after=None
[2026-04-28T00:06:12.282+0000] {processor.py:183} INFO - Processing /home/airflow/.local/lib/python3.12/site-packages/airflow/example_dags/example_sensors.py took 0.092 seconds
[2026-04-28T00:06:43.236+0000] {processor.py:161} INFO - Started process (PID=405) to work on /home/airflow/.local/lib/python3.12/site-packages/airflow/example_dags/example_sensors.py
[2026-04-28T00:06:43.237+0000] {processor.py:830} INFO - Processing file /home/airflow/.local/lib/python3.12/site-packages/airflow/example_dags/example_sensors.py for tasks to queue
[2026-04-28T00:06:43.239+0000] {logging_mixin.py:188} INFO - [2026-04-28T00:06:43.238+0000] {dagbag.py:540} INFO - Filling up the DagBag from /home/airflow/.local/lib/python3.12/site-packages/airflow/example_dags/example_sensors.py
[2026-04-28T00:06:43.249+0000] {processor.py:840} INFO - DAG(s) 'example_sensors' retrieved from /home/airflow/.local/lib/python3.12/site-packages/airflow/example_dags/example_sensors.py
[2026-04-28T00:06:43.276+0000] {logging_mixin.py:188} INFO - [2026-04-28T00:06:43.276+0000] {dag.py:3096} INFO - Sync 1 DAGs
[2026-04-28T00:06:43.288+0000] {logging_mixin.py:188} INFO - [2026-04-28T00:06:43.288+0000] {dag.py:3954} INFO - Setting next_dagrun for example_sensors to None, run_after=None
[2026-04-28T00:06:43.307+0000] {processor.py:183} INFO - Processing /home/airflow/.local/lib/python3.12/site-packages/airflow/example_dags/example_sensors.py took 0.077 seconds
[2026-04-28T00:07:13.986+0000] {processor.py:161} INFO - Started process (PID=463) to work on /home/airflow/.local/lib/python3.12/site-packages/airflow/example_dags/example_sensors.py
[2026-04-28T00:07:13.988+0000] {processor.py:830} INFO - Processing file /home/airflow/.local/lib/python3.12/site-packages/airflow/example_dags/example_sensors.py for tasks to queue
[2026-04-28T00:07:13.989+0000] {logging_mixin.py:188} INFO - [2026-04-28T00:07:13.988+0000] {dagbag.py:540} INFO - Filling up the DagBag from /home/airflow/.local/lib/python3.12/site-packages/airflow/example_dags/example_sensors.py
[2026-04-28T00:07:13.999+0000] {processor.py:840} INFO - DAG(s) 'example_sensors' retrieved from /home/airflow/.local/lib/python3.12/site-packages/airflow/example_dags/example_sensors.py
[2026-04-28T00:07:14.028+0000] {logging_mixin.py:188} INFO - [2026-04-28T00:07:14.028+0000] {dag.py:3096} INFO - Sync 1 DAGs
[2026-04-28T00:07:14.042+0000] {logging_mixin.py:188} INFO - [2026-04-28T00:07:14.041+0000] {dag.py:3954} INFO - Setting next_dagrun for example_sensors to None, run_after=None
[2026-04-28T00:07:14.063+0000] {processor.py:183} INFO - Processing /home/airflow/.local/lib/python3.12/site-packages/airflow/example_dags/example_sensors.py took 0.084 seconds
[2026-04-28T00:07:45.109+0000] {processor.py:161} INFO - Started process (PID=521) to work on /home/airflow/.local/lib/python3.12/site-packages/airflow/example_dags/example_sensors.py
[2026-04-28T00:07:45.111+0000] {processor.py:830} INFO - Processing file /home/airflow/.local/lib/python3.12/site-packages/airflow/example_dags/example_sensors.py for tasks to queue
[2026-04-28T00:07:45.112+0000] {logging_mixin.py:188} INFO - [2026-04-28T00:07:45.111+0000] {dagbag.py:540} INFO - Filling up the DagBag from /home/airflow/.local/lib/python3.12/site-packages/airflow/example_dags/example_sensors.py
[2026-04-28T00:07:45.123+0000] {processor.py:840} INFO - DAG(s) 'example_sensors' retrieved from /home/airflow/.local/lib/python3.12/site-packages/airflow/example_dags/example_sensors.py
[2026-04-28T00:07:45.155+0000] {logging_mixin.py:188} INFO - [2026-04-28T00:07:45.154+0000] {dag.py:3096} INFO - Sync 1 DAGs
[2026-04-28T00:07:45.171+0000] {logging_mixin.py:188} INFO - [2026-04-28T00:07:45.171+0000] {dag.py:3954} INFO - Setting next_dagrun for example_sensors to None, run_after=None
[2026-04-28T00:07:45.192+0000] {processor.py:183} INFO - Processing /home/airflow/.local/lib/python3.12/site-packages/airflow/example_dags/example_sensors.py took 0.090 seconds
[2026-04-28T00:08:15.568+0000] {processor.py:161} INFO - Started process (PID=580) to work on /home/airflow/.local/lib/python3.12/site-packages/airflow/example_dags/example_sensors.py
[2026-04-28T00:08:15.569+0000] {processor.py:830} INFO - Processing file /home/airflow/.local/lib/python3.12/site-packages/airflow/example_dags/example_sensors.py for tasks to queue
[2026-04-28T00:08:15.570+0000] {logging_mixin.py:188} INFO - [2026-04-28T00:08:15.570+0000] {dagbag.py:540} INFO - Filling up the DagBag from /home/airflow/.local/lib/python3.12/site-packages/airflow/example_dags/example_sensors.py
[2026-04-28T00:08:15.581+0000] {processor.py:840} INFO - DAG(s) 'example_sensors' retrieved from /home/airflow/.local/lib/python3.12/site-packages/airflow/example_dags/example_sensors.py
[2026-04-28T00:08:15.609+0000] {logging_mixin.py:188} INFO - [2026-04-28T00:08:15.609+0000] {dag.py:3096} INFO - Sync 1 DAGs
[2026-04-28T00:08:15.623+0000] {logging_mixin.py:188} INFO - [2026-04-28T00:08:15.623+0000] {dag.py:3954} INFO - Setting next_dagrun for example_sensors to None, run_after=None
[2026-04-28T00:08:15.646+0000] {processor.py:183} INFO - Processing /home/airflow/.local/lib/python3.12/site-packages/airflow/example_dags/example_sensors.py took 0.085 seconds
[2026-04-28T00:08:46.250+0000] {processor.py:161} INFO - Started process (PID=639) to work on /home/airflow/.local/lib/python3.12/site-packages/airflow/example_dags/example_sensors.py
[2026-04-28T00:08:46.251+0000] {processor.py:830} INFO - Processing file /home/airflow/.local/lib/python3.12/site-packages/airflow/example_dags/example_sensors.py for tasks to queue
[2026-04-28T00:08:46.252+0000] {logging_mixin.py:188} INFO - [2026-04-28T00:08:46.252+0000] {dagbag.py:540} INFO - Filling up the DagBag from /home/airflow/.local/lib/python3.12/site-packages/airflow/example_dags/example_sensors.py
[2026-04-28T00:08:46.263+0000] {processor.py:840} INFO - DAG(s) 'example_sensors' retrieved from /home/airflow/.local/lib/python3.12/site-packages/airflow/example_dags/example_sensors.py
[2026-04-28T00:08:46.291+0000] {logging_mixin.py:188} INFO - [2026-04-28T00:08:46.290+0000] {dag.py:3096} INFO - Sync 1 DAGs
[2026-04-28T00:08:46.304+0000] {logging_mixin.py:188} INFO - [2026-04-28T00:08:46.304+0000] {dag.py:3954} INFO - Setting next_dagrun for example_sensors to None, run_after=None
[2026-04-28T00:08:46.327+0000] {processor.py:183} INFO - Processing /home/airflow/.local/lib/python3.12/site-packages/airflow/example_dags/example_sensors.py took 0.084 seconds
[2026-04-28T00:09:16.562+0000] {processor.py:161} INFO - Started process (PID=698) to work on /home/airflow/.local/lib/python3.12/site-packages/airflow/example_dags/example_sensors.py
[2026-04-28T00:09:16.564+0000] {processor.py:830} INFO - Processing file /home/airflow/.local/lib/python3.12/site-packages/airflow/example_dags/example_sensors.py for tasks to queue
[2026-04-28T00:09:16.565+0000] {logging_mixin.py:188} INFO - [2026-04-28T00:09:16.565+0000] {dagbag.py:540} INFO - Filling up the DagBag from /home/airflow/.local/lib/python3.12/site-packages/airflow/example_dags/example_sensors.py
[2026-04-28T00:09:16.576+0000] {processor.py:840} INFO - DAG(s) 'example_sensors' retrieved from /home/airflow/.local/lib/python3.12/site-packages/airflow/example_dags/example_sensors.py
[2026-04-28T00:09:16.605+0000] {logging_mixin.py:188} INFO - [2026-04-28T00:09:16.604+0000] {dag.py:3096} INFO - Sync 1 DAGs
[2026-04-28T00:09:16.621+0000] {logging_mixin.py:188} INFO - [2026-04-28T00:09:16.621+0000] {dag.py:3954} INFO - Setting next_dagrun for example_sensors to None, run_after=None
[2026-04-28T00:09:16.643+0000] {processor.py:183} INFO - Processing /home/airflow/.local/lib/python3.12/site-packages/airflow/example_dags/example_sensors.py took 0.088 seconds
[2026-04-28T00:09:47.752+0000] {processor.py:161} INFO - Started process (PID=757) to work on /home/airflow/.local/lib/python3.12/site-packages/airflow/example_dags/example_sensors.py
[2026-04-28T00:09:47.754+0000] {processor.py:830} INFO - Processing file /home/airflow/.local/lib/python3.12/site-packages/airflow/example_dags/example_sensors.py for tasks to queue
[2026-04-28T00:09:47.755+0000] {logging_mixin.py:188} INFO - [2026-04-28T00:09:47.754+0000] {dagbag.py:540} INFO - Filling up the DagBag from /home/airflow/.local/lib/python3.12/site-packages/airflow/example_dags/example_sensors.py
[2026-04-28T00:09:47.765+0000] {processor.py:840} INFO - DAG(s) 'example_sensors' retrieved from /home/airflow/.local/lib/python3.12/site-packages/airflow/example_dags/example_sensors.py
[2026-04-28T00:09:47.792+0000] {logging_mixin.py:188} INFO - [2026-04-28T00:09:47.792+0000] {dag.py:3096} INFO - Sync 1 DAGs
[2026-04-28T00:09:47.806+0000] {logging_mixin.py:188} INFO - [2026-04-28T00:09:47.806+0000] {dag.py:3954} INFO - Setting next_dagrun for example_sensors to None, run_after=None
[2026-04-28T00:09:47.826+0000] {processor.py:183} INFO - Processing /home/airflow/.local/lib/python3.12/site-packages/airflow/example_dags/example_sensors.py took 0.080 seconds
[2026-04-28T00:10:20.979+0000] {processor.py:161} INFO - Started process (PID=816) to work on /home/airflow/.local/lib/python3.12/site-packages/airflow/example_dags/example_sensors.py
[2026-04-28T00:10:20.981+0000] {processor.py:830} INFO - Processing file /home/airflow/.local/lib/python3.12/site-packages/airflow/example_dags/example_sensors.py for tasks to queue
[2026-04-28T00:10:20.982+0000] {logging_mixin.py:188} INFO - [2026-04-28T00:10:20.982+0000] {dagbag.py:540} INFO - Filling up the DagBag from /home/airflow/.local/lib/python3.12/site-packages/airflow/example_dags/example_sensors.py
[2026-04-28T00:10:20.993+0000] {processor.py:840} INFO - DAG(s) 'example_sensors' retrieved from /home/airflow/.local/lib/python3.12/site-packages/airflow/example_dags/example_sensors.py
[2026-04-28T00:10:21.021+0000] {logging_mixin.py:188} INFO - [2026-04-28T00:10:21.021+0000] {dag.py:3096} INFO - Sync 1 DAGs
[2026-04-28T00:10:21.035+0000] {logging_mixin.py:188} INFO - [2026-04-28T00:10:21.035+0000] {dag.py:3954} INFO - Setting next_dagrun for example_sensors to None, run_after=None
[2026-04-28T00:10:21.057+0000] {processor.py:183} INFO - Processing /home/airflow/.local/lib/python3.12/site-packages/airflow/example_dags/example_sensors.py took 0.084 seconds
[2026-04-28T00:10:51.290+0000] {processor.py:161} INFO - Started process (PID=875) to work on /home/airflow/.local/lib/python3.12/site-packages/airflow/example_dags/example_sensors.py
[2026-04-28T00:10:51.292+0000] {processor.py:830} INFO - Processing file /home/airflow/.local/lib/python3.12/site-packages/airflow/example_dags/example_sensors.py for tasks to queue
[2026-04-28T00:10:51.293+0000] {logging_mixin.py:188} INFO - [2026-04-28T00:10:51.293+0000] {dagbag.py:540} INFO - Filling up the DagBag from /home/airflow/.local/lib/python3.12/site-packages/airflow/example_dags/example_sensors.py
[2026-04-28T00:10:51.307+0000] {processor.py:840} INFO - DAG(s) 'example_sensors' retrieved from /home/airflow/.local/lib/python3.12/site-packages/airflow/example_dags/example_sensors.py
[2026-04-28T00:10:51.343+0000] {logging_mixin.py:188} INFO - [2026-04-28T00:10:51.343+0000] {dag.py:3096} INFO - Sync 1 DAGs
[2026-04-28T00:10:51.366+0000] {logging_mixin.py:188} INFO - [2026-04-28T00:10:51.366+0000] {dag.py:3954} INFO - Setting next_dagrun for example_sensors to None, run_after=None
[2026-04-28T00:10:51.390+0000] {processor.py:183} INFO - Processing /home/airflow/.local/lib/python3.12/site-packages/airflow/example_dags/example_sensors.py took 0.109 seconds
[2026-04-28T00:11:21.807+0000] {processor.py:161} INFO - Started process (PID=927) to work on /home/airflow/.local/lib/python3.12/site-packages/airflow/example_dags/example_sensors.py
[2026-04-28T00:11:21.808+0000] {processor.py:830} INFO - Processing file /home/airflow/.local/lib/python3.12/site-packages/airflow/example_dags/example_sensors.py for tasks to queue
[2026-04-28T00:11:21.810+0000] {logging_mixin.py:188} INFO - [2026-04-28T00:11:21.809+0000] {dagbag.py:540} INFO - Filling up the DagBag from /home/airflow/.local/lib/python3.12/site-packages/airflow/example_dags/example_sensors.py
[2026-04-28T00:11:21.820+0000] {processor.py:840} INFO - DAG(s) 'example_sensors' retrieved from /home/airflow/.local/lib/python3.12/site-packages/airflow/example_dags/example_sensors.py
[2026-04-28T00:11:21.848+0000] {logging_mixin.py:188} INFO - [2026-04-28T00:11:21.848+0000] {dag.py:3096} INFO - Sync 1 DAGs
[2026-04-28T00:11:21.862+0000] {logging_mixin.py:188} INFO - [2026-04-28T00:11:21.861+0000] {dag.py:3954} INFO - Setting next_dagrun for example_sensors to None, run_after=None
[2026-04-28T00:11:21.883+0000] {processor.py:183} INFO - Processing /home/airflow/.local/lib/python3.12/site-packages/airflow/example_dags/example_sensors.py took 0.082 seconds
[2026-04-28T00:11:56.195+0000] {processor.py:161} INFO - Started process (PID=984) to work on /home/airflow/.local/lib/python3.12/site-packages/airflow/example_dags/example_sensors.py
[2026-04-28T00:11:56.197+0000] {processor.py:830} INFO - Processing file /home/airflow/.local/lib/python3.12/site-packages/airflow/example_dags/example_sensors.py for tasks to queue
[2026-04-28T00:11:56.198+0000] {logging_mixin.py:188} INFO - [2026-04-28T00:11:56.198+0000] {dagbag.py:540} INFO - Filling up the DagBag from /home/airflow/.local/lib/python3.12/site-packages/airflow/example_dags/example_sensors.py
[2026-04-28T00:11:56.587+0000] {processor.py:840} INFO - DAG(s) 'example_sensors' retrieved from /home/airflow/.local/lib/python3.12/site-packages/airflow/example_dags/example_sensors.py
[2026-04-28T00:11:56.624+0000] {logging_mixin.py:188} INFO - [2026-04-28T00:11:56.623+0000] {dag.py:3096} INFO - Sync 1 DAGs
[2026-04-28T00:11:56.638+0000] {logging_mixin.py:188} INFO - [2026-04-28T00:11:56.638+0000] {dag.py:3954} INFO - Setting next_dagrun for example_sensors to None, run_after=None
[2026-04-28T00:11:56.659+0000] {processor.py:183} INFO - Processing /home/airflow/.local/lib/python3.12/site-packages/airflow/example_dags/example_sensors.py took 0.469 seconds
[2026-04-28T00:12:27.082+0000] {processor.py:161} INFO - Started process (PID=1043) to work on /home/airflow/.local/lib/python3.12/site-packages/airflow/example_dags/example_sensors.py
[2026-04-28T00:12:27.083+0000] {processor.py:830} INFO - Processing file /home/airflow/.local/lib/python3.12/site-packages/airflow/example_dags/example_sensors.py for tasks to queue
[2026-04-28T00:12:27.085+0000] {logging_mixin.py:188} INFO - [2026-04-28T00:12:27.084+0000] {dagbag.py:540} INFO - Filling up the DagBag from /home/airflow/.local/lib/python3.12/site-packages/airflow/example_dags/example_sensors.py
[2026-04-28T00:12:27.095+0000] {processor.py:840} INFO - DAG(s) 'example_sensors' retrieved from /home/airflow/.local/lib/python3.12/site-packages/airflow/example_dags/example_sensors.py
[2026-04-28T00:12:27.126+0000] {logging_mixin.py:188} INFO - [2026-04-28T00:12:27.126+0000] {dag.py:3096} INFO - Sync 1 DAGs
[2026-04-28T00:12:27.140+0000] {logging_mixin.py:188} INFO - [2026-04-28T00:12:27.139+0000] {dag.py:3954} INFO - Setting next_dagrun for example_sensors to None, run_after=None
[2026-04-28T00:12:27.162+0000] {processor.py:183} INFO - Processing /home/airflow/.local/lib/python3.12/site-packages/airflow/example_dags/example_sensors.py took 0.086 seconds
[2026-04-28T00:12:57.841+0000] {processor.py:161} INFO - Started process (PID=1102) to work on /home/airflow/.local/lib/python3.12/site-packages/airflow/example_dags/example_sensors.py
[2026-04-28T00:12:57.843+0000] {processor.py:830} INFO - Processing file /home/airflow/.local/lib/python3.12/site-packages/airflow/example_dags/example_sensors.py for tasks to queue
[2026-04-28T00:12:57.844+0000] {logging_mixin.py:188} INFO - [2026-04-28T00:12:57.843+0000] {dagbag.py:540} INFO - Filling up the DagBag from /home/airflow/.local/lib/python3.12/site-packages/airflow/example_dags/example_sensors.py
[2026-04-28T00:12:57.855+0000] {processor.py:840} INFO - DAG(s) 'example_sensors' retrieved from /home/airflow/.local/lib/python3.12/site-packages/airflow/example_dags/example_sensors.py
[2026-04-28T00:12:57.884+0000] {logging_mixin.py:188} INFO - [2026-04-28T00:12:57.884+0000] {dag.py:3096} INFO - Sync 1 DAGs
[2026-04-28T00:12:58.066+0000] {logging_mixin.py:188} INFO - [2026-04-28T00:12:58.066+0000] {dag.py:3954} INFO - Setting next_dagrun for example_sensors to None, run_after=None
[2026-04-28T00:12:58.090+0000] {processor.py:183} INFO - Processing /home/airflow/.local/lib/python3.12/site-packages/airflow/example_dags/example_sensors.py took 0.255 seconds
