[2026-04-28T00:00:23.917+0000] {processor.py:161} INFO - Started process (PID=160) to work on /home/airflow/.local/lib/python3.12/site-packages/airflow/example_dags/tutorial_dag.py
[2026-04-28T00:00:23.919+0000] {processor.py:830} INFO - Processing file /home/airflow/.local/lib/python3.12/site-packages/airflow/example_dags/tutorial_dag.py for tasks to queue
[2026-04-28T00:00:23.921+0000] {logging_mixin.py:188} INFO - [2026-04-28T00:00:23.921+0000] {dagbag.py:540} INFO - Filling up the DagBag from /home/airflow/.local/lib/python3.12/site-packages/airflow/example_dags/tutorial_dag.py
[2026-04-28T00:00:23.928+0000] {processor.py:840} INFO - DAG(s) 'tutorial_dag' retrieved from /home/airflow/.local/lib/python3.12/site-packages/airflow/example_dags/tutorial_dag.py
[2026-04-28T00:00:23.964+0000] {logging_mixin.py:188} INFO - [2026-04-28T00:00:23.963+0000] {dag.py:3096} INFO - Sync 1 DAGs
[2026-04-28T00:00:23.985+0000] {logging_mixin.py:188} INFO - [2026-04-28T00:00:23.985+0000] {dag.py:3954} INFO - Setting next_dagrun for tutorial_dag to None, run_after=None
[2026-04-28T00:00:24.230+0000] {processor.py:183} INFO - Processing /home/airflow/.local/lib/python3.12/site-packages/airflow/example_dags/tutorial_dag.py took 0.319 seconds
[2026-04-28T00:04:10.577+0000] {processor.py:161} INFO - Started process (PID=248) to work on /home/airflow/.local/lib/python3.12/site-packages/airflow/example_dags/tutorial_dag.py
[2026-04-28T00:04:10.578+0000] {processor.py:830} INFO - Processing file /home/airflow/.local/lib/python3.12/site-packages/airflow/example_dags/tutorial_dag.py for tasks to queue
[2026-04-28T00:04:10.579+0000] {logging_mixin.py:188} INFO - [2026-04-28T00:04:10.579+0000] {dagbag.py:540} INFO - Filling up the DagBag from /home/airflow/.local/lib/python3.12/site-packages/airflow/example_dags/tutorial_dag.py
[2026-04-28T00:04:10.587+0000] {processor.py:840} INFO - DAG(s) 'tutorial_dag' retrieved from /home/airflow/.local/lib/python3.12/site-packages/airflow/example_dags/tutorial_dag.py
[2026-04-28T00:04:10.612+0000] {logging_mixin.py:188} INFO - [2026-04-28T00:04:10.612+0000] {dag.py:3096} INFO - Sync 1 DAGs
[2026-04-28T00:04:10.628+0000] {logging_mixin.py:188} INFO - [2026-04-28T00:04:10.628+0000] {dag.py:3954} INFO - Setting next_dagrun for tutorial_dag to None, run_after=None
[2026-04-28T00:04:10.659+0000] {processor.py:183} INFO - Processing /home/airflow/.local/lib/python3.12/site-packages/airflow/example_dags/tutorial_dag.py took 0.089 seconds
[2026-04-28T00:06:08.434+0000] {processor.py:161} INFO - Started process (PID=316) to work on /home/airflow/.local/lib/python3.12/site-packages/airflow/example_dags/tutorial_dag.py
[2026-04-28T00:06:08.436+0000] {processor.py:830} INFO - Processing file /home/airflow/.local/lib/python3.12/site-packages/airflow/example_dags/tutorial_dag.py for tasks to queue
[2026-04-28T00:06:08.437+0000] {logging_mixin.py:188} INFO - [2026-04-28T00:06:08.436+0000] {dagbag.py:540} INFO - Filling up the DagBag from /home/airflow/.local/lib/python3.12/site-packages/airflow/example_dags/tutorial_dag.py
[2026-04-28T00:06:08.443+0000] {processor.py:840} INFO - DAG(s) 'tutorial_dag' retrieved from /home/airflow/.local/lib/python3.12/site-packages/airflow/example_dags/tutorial_dag.py
[2026-04-28T00:06:08.466+0000] {logging_mixin.py:188} INFO - [2026-04-28T00:06:08.466+0000] {dag.py:3096} INFO - Sync 1 DAGs
[2026-04-28T00:06:08.501+0000] {logging_mixin.py:188} INFO - [2026-04-28T00:06:08.500+0000] {dag.py:3954} INFO - Setting next_dagrun for tutorial_dag to None, run_after=None
[2026-04-28T00:06:08.520+0000] {processor.py:183} INFO - Processing /home/airflow/.local/lib/python3.12/site-packages/airflow/example_dags/tutorial_dag.py took 0.091 seconds
[2026-04-28T00:06:38.557+0000] {processor.py:161} INFO - Started process (PID=375) to work on /home/airflow/.local/lib/python3.12/site-packages/airflow/example_dags/tutorial_dag.py
[2026-04-28T00:06:38.558+0000] {processor.py:830} INFO - Processing file /home/airflow/.local/lib/python3.12/site-packages/airflow/example_dags/tutorial_dag.py for tasks to queue
[2026-04-28T00:06:38.560+0000] {logging_mixin.py:188} INFO - [2026-04-28T00:06:38.559+0000] {dagbag.py:540} INFO - Filling up the DagBag from /home/airflow/.local/lib/python3.12/site-packages/airflow/example_dags/tutorial_dag.py
[2026-04-28T00:06:38.566+0000] {processor.py:840} INFO - DAG(s) 'tutorial_dag' retrieved from /home/airflow/.local/lib/python3.12/site-packages/airflow/example_dags/tutorial_dag.py
[2026-04-28T00:06:38.590+0000] {logging_mixin.py:188} INFO - [2026-04-28T00:06:38.590+0000] {dag.py:3096} INFO - Sync 1 DAGs
[2026-04-28T00:06:38.603+0000] {logging_mixin.py:188} INFO - [2026-04-28T00:06:38.603+0000] {dag.py:3954} INFO - Setting next_dagrun for tutorial_dag to None, run_after=None
[2026-04-28T00:06:38.623+0000] {processor.py:183} INFO - Processing /home/airflow/.local/lib/python3.12/site-packages/airflow/example_dags/tutorial_dag.py took 0.072 seconds
[2026-04-28T00:07:08.769+0000] {processor.py:161} INFO - Started process (PID=434) to work on /home/airflow/.local/lib/python3.12/site-packages/airflow/example_dags/tutorial_dag.py
[2026-04-28T00:07:08.770+0000] {processor.py:830} INFO - Processing file /home/airflow/.local/lib/python3.12/site-packages/airflow/example_dags/tutorial_dag.py for tasks to queue
[2026-04-28T00:07:08.772+0000] {logging_mixin.py:188} INFO - [2026-04-28T00:07:08.771+0000] {dagbag.py:540} INFO - Filling up the DagBag from /home/airflow/.local/lib/python3.12/site-packages/airflow/example_dags/tutorial_dag.py
[2026-04-28T00:07:08.778+0000] {processor.py:840} INFO - DAG(s) 'tutorial_dag' retrieved from /home/airflow/.local/lib/python3.12/site-packages/airflow/example_dags/tutorial_dag.py
[2026-04-28T00:07:08.804+0000] {logging_mixin.py:188} INFO - [2026-04-28T00:07:08.803+0000] {dag.py:3096} INFO - Sync 1 DAGs
[2026-04-28T00:07:08.818+0000] {logging_mixin.py:188} INFO - [2026-04-28T00:07:08.818+0000] {dag.py:3954} INFO - Setting next_dagrun for tutorial_dag to None, run_after=None
[2026-04-28T00:07:08.842+0000] {processor.py:183} INFO - Processing /home/airflow/.local/lib/python3.12/site-packages/airflow/example_dags/tutorial_dag.py took 0.080 seconds
[2026-04-28T00:07:38.928+0000] {processor.py:161} INFO - Started process (PID=493) to work on /home/airflow/.local/lib/python3.12/site-packages/airflow/example_dags/tutorial_dag.py
[2026-04-28T00:07:38.930+0000] {processor.py:830} INFO - Processing file /home/airflow/.local/lib/python3.12/site-packages/airflow/example_dags/tutorial_dag.py for tasks to queue
[2026-04-28T00:07:38.932+0000] {logging_mixin.py:188} INFO - [2026-04-28T00:07:38.931+0000] {dagbag.py:540} INFO - Filling up the DagBag from /home/airflow/.local/lib/python3.12/site-packages/airflow/example_dags/tutorial_dag.py
[2026-04-28T00:07:38.939+0000] {processor.py:840} INFO - DAG(s) 'tutorial_dag' retrieved from /home/airflow/.local/lib/python3.12/site-packages/airflow/example_dags/tutorial_dag.py
[2026-04-28T00:07:38.967+0000] {logging_mixin.py:188} INFO - [2026-04-28T00:07:38.966+0000] {dag.py:3096} INFO - Sync 1 DAGs
[2026-04-28T00:07:38.981+0000] {logging_mixin.py:188} INFO - [2026-04-28T00:07:38.980+0000] {dag.py:3954} INFO - Setting next_dagrun for tutorial_dag to None, run_after=None
[2026-04-28T00:07:39.004+0000] {processor.py:183} INFO - Processing /home/airflow/.local/lib/python3.12/site-packages/airflow/example_dags/tutorial_dag.py took 0.083 seconds
[2026-04-28T00:08:09.607+0000] {processor.py:161} INFO - Started process (PID=552) to work on /home/airflow/.local/lib/python3.12/site-packages/airflow/example_dags/tutorial_dag.py
[2026-04-28T00:08:09.609+0000] {processor.py:830} INFO - Processing file /home/airflow/.local/lib/python3.12/site-packages/airflow/example_dags/tutorial_dag.py for tasks to queue
[2026-04-28T00:08:09.610+0000] {logging_mixin.py:188} INFO - [2026-04-28T00:08:09.609+0000] {dagbag.py:540} INFO - Filling up the DagBag from /home/airflow/.local/lib/python3.12/site-packages/airflow/example_dags/tutorial_dag.py
[2026-04-28T00:08:09.616+0000] {processor.py:840} INFO - DAG(s) 'tutorial_dag' retrieved from /home/airflow/.local/lib/python3.12/site-packages/airflow/example_dags/tutorial_dag.py
[2026-04-28T00:08:09.640+0000] {logging_mixin.py:188} INFO - [2026-04-28T00:08:09.640+0000] {dag.py:3096} INFO - Sync 1 DAGs
[2026-04-28T00:08:09.653+0000] {logging_mixin.py:188} INFO - [2026-04-28T00:08:09.653+0000] {dag.py:3954} INFO - Setting next_dagrun for tutorial_dag to None, run_after=None
[2026-04-28T00:08:09.675+0000] {processor.py:183} INFO - Processing /home/airflow/.local/lib/python3.12/site-packages/airflow/example_dags/tutorial_dag.py took 0.074 seconds
[2026-04-28T00:08:40.178+0000] {processor.py:161} INFO - Started process (PID=611) to work on /home/airflow/.local/lib/python3.12/site-packages/airflow/example_dags/tutorial_dag.py
[2026-04-28T00:08:40.179+0000] {processor.py:830} INFO - Processing file /home/airflow/.local/lib/python3.12/site-packages/airflow/example_dags/tutorial_dag.py for tasks to queue
[2026-04-28T00:08:40.180+0000] {logging_mixin.py:188} INFO - [2026-04-28T00:08:40.180+0000] {dagbag.py:540} INFO - Filling up the DagBag from /home/airflow/.local/lib/python3.12/site-packages/airflow/example_dags/tutorial_dag.py
[2026-04-28T00:08:40.186+0000] {processor.py:840} INFO - DAG(s) 'tutorial_dag' retrieved from /home/airflow/.local/lib/python3.12/site-packages/airflow/example_dags/tutorial_dag.py
[2026-04-28T00:08:40.211+0000] {logging_mixin.py:188} INFO - [2026-04-28T00:08:40.210+0000] {dag.py:3096} INFO - Sync 1 DAGs
[2026-04-28T00:08:40.227+0000] {logging_mixin.py:188} INFO - [2026-04-28T00:08:40.227+0000] {dag.py:3954} INFO - Setting next_dagrun for tutorial_dag to None, run_after=None
[2026-04-28T00:08:40.251+0000] {processor.py:183} INFO - Processing /home/airflow/.local/lib/python3.12/site-packages/airflow/example_dags/tutorial_dag.py took 0.079 seconds
[2026-04-28T00:09:10.448+0000] {processor.py:161} INFO - Started process (PID=670) to work on /home/airflow/.local/lib/python3.12/site-packages/airflow/example_dags/tutorial_dag.py
[2026-04-28T00:09:10.449+0000] {processor.py:830} INFO - Processing file /home/airflow/.local/lib/python3.12/site-packages/airflow/example_dags/tutorial_dag.py for tasks to queue
[2026-04-28T00:09:10.451+0000] {logging_mixin.py:188} INFO - [2026-04-28T00:09:10.450+0000] {dagbag.py:540} INFO - Filling up the DagBag from /home/airflow/.local/lib/python3.12/site-packages/airflow/example_dags/tutorial_dag.py
[2026-04-28T00:09:10.457+0000] {processor.py:840} INFO - DAG(s) 'tutorial_dag' retrieved from /home/airflow/.local/lib/python3.12/site-packages/airflow/example_dags/tutorial_dag.py
[2026-04-28T00:09:10.480+0000] {logging_mixin.py:188} INFO - [2026-04-28T00:09:10.480+0000] {dag.py:3096} INFO - Sync 1 DAGs
[2026-04-28T00:09:10.494+0000] {logging_mixin.py:188} INFO - [2026-04-28T00:09:10.494+0000] {dag.py:3954} INFO - Setting next_dagrun for tutorial_dag to None, run_after=None
[2026-04-28T00:09:10.515+0000] {processor.py:183} INFO - Processing /home/airflow/.local/lib/python3.12/site-packages/airflow/example_dags/tutorial_dag.py took 0.075 seconds
[2026-04-28T00:09:40.576+0000] {processor.py:161} INFO - Started process (PID=728) to work on /home/airflow/.local/lib/python3.12/site-packages/airflow/example_dags/tutorial_dag.py
[2026-04-28T00:09:40.577+0000] {processor.py:830} INFO - Processing file /home/airflow/.local/lib/python3.12/site-packages/airflow/example_dags/tutorial_dag.py for tasks to queue
[2026-04-28T00:09:40.578+0000] {logging_mixin.py:188} INFO - [2026-04-28T00:09:40.578+0000] {dagbag.py:540} INFO - Filling up the DagBag from /home/airflow/.local/lib/python3.12/site-packages/airflow/example_dags/tutorial_dag.py
[2026-04-28T00:09:40.584+0000] {processor.py:840} INFO - DAG(s) 'tutorial_dag' retrieved from /home/airflow/.local/lib/python3.12/site-packages/airflow/example_dags/tutorial_dag.py
[2026-04-28T00:09:40.609+0000] {logging_mixin.py:188} INFO - [2026-04-28T00:09:40.608+0000] {dag.py:3096} INFO - Sync 1 DAGs
[2026-04-28T00:09:40.622+0000] {logging_mixin.py:188} INFO - [2026-04-28T00:09:40.622+0000] {dag.py:3954} INFO - Setting next_dagrun for tutorial_dag to None, run_after=None
[2026-04-28T00:09:40.645+0000] {processor.py:183} INFO - Processing /home/airflow/.local/lib/python3.12/site-packages/airflow/example_dags/tutorial_dag.py took 0.079 seconds
[2026-04-28T00:10:10.829+0000] {processor.py:161} INFO - Started process (PID=787) to work on /home/airflow/.local/lib/python3.12/site-packages/airflow/example_dags/tutorial_dag.py
[2026-04-28T00:10:10.830+0000] {processor.py:830} INFO - Processing file /home/airflow/.local/lib/python3.12/site-packages/airflow/example_dags/tutorial_dag.py for tasks to queue
[2026-04-28T00:10:10.831+0000] {logging_mixin.py:188} INFO - [2026-04-28T00:10:10.831+0000] {dagbag.py:540} INFO - Filling up the DagBag from /home/airflow/.local/lib/python3.12/site-packages/airflow/example_dags/tutorial_dag.py
[2026-04-28T00:10:10.837+0000] {processor.py:840} INFO - DAG(s) 'tutorial_dag' retrieved from /home/airflow/.local/lib/python3.12/site-packages/airflow/example_dags/tutorial_dag.py
[2026-04-28T00:10:10.861+0000] {logging_mixin.py:188} INFO - [2026-04-28T00:10:10.861+0000] {dag.py:3096} INFO - Sync 1 DAGs
[2026-04-28T00:10:10.876+0000] {logging_mixin.py:188} INFO - [2026-04-28T00:10:10.875+0000] {dag.py:3954} INFO - Setting next_dagrun for tutorial_dag to None, run_after=None
[2026-04-28T00:10:10.897+0000] {processor.py:183} INFO - Processing /home/airflow/.local/lib/python3.12/site-packages/airflow/example_dags/tutorial_dag.py took 0.076 seconds
[2026-04-28T00:10:41.248+0000] {processor.py:161} INFO - Started process (PID=846) to work on /home/airflow/.local/lib/python3.12/site-packages/airflow/example_dags/tutorial_dag.py
[2026-04-28T00:10:41.249+0000] {processor.py:830} INFO - Processing file /home/airflow/.local/lib/python3.12/site-packages/airflow/example_dags/tutorial_dag.py for tasks to queue
[2026-04-28T00:10:41.251+0000] {logging_mixin.py:188} INFO - [2026-04-28T00:10:41.250+0000] {dagbag.py:540} INFO - Filling up the DagBag from /home/airflow/.local/lib/python3.12/site-packages/airflow/example_dags/tutorial_dag.py
[2026-04-28T00:10:41.257+0000] {processor.py:840} INFO - DAG(s) 'tutorial_dag' retrieved from /home/airflow/.local/lib/python3.12/site-packages/airflow/example_dags/tutorial_dag.py
[2026-04-28T00:10:41.282+0000] {logging_mixin.py:188} INFO - [2026-04-28T00:10:41.282+0000] {dag.py:3096} INFO - Sync 1 DAGs
[2026-04-28T00:10:41.295+0000] {logging_mixin.py:188} INFO - [2026-04-28T00:10:41.295+0000] {dag.py:3954} INFO - Setting next_dagrun for tutorial_dag to None, run_after=None
[2026-04-28T00:10:41.315+0000] {processor.py:183} INFO - Processing /home/airflow/.local/lib/python3.12/site-packages/airflow/example_dags/tutorial_dag.py took 0.074 seconds
[2026-04-28T00:11:11.821+0000] {processor.py:161} INFO - Started process (PID=905) to work on /home/airflow/.local/lib/python3.12/site-packages/airflow/example_dags/tutorial_dag.py
[2026-04-28T00:11:11.822+0000] {processor.py:830} INFO - Processing file /home/airflow/.local/lib/python3.12/site-packages/airflow/example_dags/tutorial_dag.py for tasks to queue
[2026-04-28T00:11:11.824+0000] {logging_mixin.py:188} INFO - [2026-04-28T00:11:11.823+0000] {dagbag.py:540} INFO - Filling up the DagBag from /home/airflow/.local/lib/python3.12/site-packages/airflow/example_dags/tutorial_dag.py
[2026-04-28T00:11:11.830+0000] {processor.py:840} INFO - DAG(s) 'tutorial_dag' retrieved from /home/airflow/.local/lib/python3.12/site-packages/airflow/example_dags/tutorial_dag.py
[2026-04-28T00:11:11.854+0000] {logging_mixin.py:188} INFO - [2026-04-28T00:11:11.853+0000] {dag.py:3096} INFO - Sync 1 DAGs
[2026-04-28T00:11:11.867+0000] {logging_mixin.py:188} INFO - [2026-04-28T00:11:11.867+0000] {dag.py:3954} INFO - Setting next_dagrun for tutorial_dag to None, run_after=None
[2026-04-28T00:11:11.889+0000] {processor.py:183} INFO - Processing /home/airflow/.local/lib/python3.12/site-packages/airflow/example_dags/tutorial_dag.py took 0.075 seconds
[2026-04-28T00:11:44.283+0000] {processor.py:161} INFO - Started process (PID=965) to work on /home/airflow/.local/lib/python3.12/site-packages/airflow/example_dags/tutorial_dag.py
[2026-04-28T00:11:44.284+0000] {processor.py:830} INFO - Processing file /home/airflow/.local/lib/python3.12/site-packages/airflow/example_dags/tutorial_dag.py for tasks to queue
[2026-04-28T00:11:44.285+0000] {logging_mixin.py:188} INFO - [2026-04-28T00:11:44.285+0000] {dagbag.py:540} INFO - Filling up the DagBag from /home/airflow/.local/lib/python3.12/site-packages/airflow/example_dags/tutorial_dag.py
[2026-04-28T00:11:44.291+0000] {processor.py:840} INFO - DAG(s) 'tutorial_dag' retrieved from /home/airflow/.local/lib/python3.12/site-packages/airflow/example_dags/tutorial_dag.py
[2026-04-28T00:11:44.315+0000] {logging_mixin.py:188} INFO - [2026-04-28T00:11:44.314+0000] {dag.py:3096} INFO - Sync 1 DAGs
[2026-04-28T00:11:44.332+0000] {logging_mixin.py:188} INFO - [2026-04-28T00:11:44.332+0000] {dag.py:3954} INFO - Setting next_dagrun for tutorial_dag to None, run_after=None
[2026-04-28T00:11:44.386+0000] {processor.py:183} INFO - Processing /home/airflow/.local/lib/python3.12/site-packages/airflow/example_dags/tutorial_dag.py took 0.112 seconds
[2026-04-28T00:12:14.430+0000] {processor.py:161} INFO - Started process (PID=1023) to work on /home/airflow/.local/lib/python3.12/site-packages/airflow/example_dags/tutorial_dag.py
[2026-04-28T00:12:14.431+0000] {processor.py:830} INFO - Processing file /home/airflow/.local/lib/python3.12/site-packages/airflow/example_dags/tutorial_dag.py for tasks to queue
[2026-04-28T00:12:14.432+0000] {logging_mixin.py:188} INFO - [2026-04-28T00:12:14.432+0000] {dagbag.py:540} INFO - Filling up the DagBag from /home/airflow/.local/lib/python3.12/site-packages/airflow/example_dags/tutorial_dag.py
[2026-04-28T00:12:14.439+0000] {processor.py:840} INFO - DAG(s) 'tutorial_dag' retrieved from /home/airflow/.local/lib/python3.12/site-packages/airflow/example_dags/tutorial_dag.py
[2026-04-28T00:12:14.462+0000] {logging_mixin.py:188} INFO - [2026-04-28T00:12:14.462+0000] {dag.py:3096} INFO - Sync 1 DAGs
[2026-04-28T00:12:14.475+0000] {logging_mixin.py:188} INFO - [2026-04-28T00:12:14.475+0000] {dag.py:3954} INFO - Setting next_dagrun for tutorial_dag to None, run_after=None
[2026-04-28T00:12:14.496+0000] {processor.py:183} INFO - Processing /home/airflow/.local/lib/python3.12/site-packages/airflow/example_dags/tutorial_dag.py took 0.073 seconds
[2026-04-28T00:12:44.826+0000] {processor.py:161} INFO - Started process (PID=1082) to work on /home/airflow/.local/lib/python3.12/site-packages/airflow/example_dags/tutorial_dag.py
[2026-04-28T00:12:44.828+0000] {processor.py:830} INFO - Processing file /home/airflow/.local/lib/python3.12/site-packages/airflow/example_dags/tutorial_dag.py for tasks to queue
[2026-04-28T00:12:44.829+0000] {logging_mixin.py:188} INFO - [2026-04-28T00:12:44.828+0000] {dagbag.py:540} INFO - Filling up the DagBag from /home/airflow/.local/lib/python3.12/site-packages/airflow/example_dags/tutorial_dag.py
[2026-04-28T00:12:44.835+0000] {processor.py:840} INFO - DAG(s) 'tutorial_dag' retrieved from /home/airflow/.local/lib/python3.12/site-packages/airflow/example_dags/tutorial_dag.py
[2026-04-28T00:12:44.859+0000] {logging_mixin.py:188} INFO - [2026-04-28T00:12:44.859+0000] {dag.py:3096} INFO - Sync 1 DAGs
[2026-04-28T00:12:44.872+0000] {logging_mixin.py:188} INFO - [2026-04-28T00:12:44.872+0000] {dag.py:3954} INFO - Setting next_dagrun for tutorial_dag to None, run_after=None
[2026-04-28T00:12:44.893+0000] {processor.py:183} INFO - Processing /home/airflow/.local/lib/python3.12/site-packages/airflow/example_dags/tutorial_dag.py took 0.074 seconds
