[2026-05-02T05:58:10.994+0000] {local_task_job_runner.py:120} INFO - ::group::Pre task execution logs
[2026-05-02T05:58:11.026+0000] {taskinstance.py:2073} INFO - Dependencies all met for dep_context=non-requeueable deps ti=<TaskInstance: etl_pipeline.ingestion manual__2026-05-02T05:58:07.066977+00:00 [queued]>
[2026-05-02T05:58:11.035+0000] {taskinstance.py:2073} INFO - Dependencies all met for dep_context=requeueable deps ti=<TaskInstance: etl_pipeline.ingestion manual__2026-05-02T05:58:07.066977+00:00 [queued]>
[2026-05-02T05:58:11.035+0000] {taskinstance.py:2303} INFO - Starting attempt 1 of 1
[2026-05-02T05:58:11.049+0000] {taskinstance.py:2327} INFO - Executing <Task(BashOperator): ingestion> on 2026-05-02 05:58:07.066977+00:00
[2026-05-02T05:58:11.059+0000] {standard_task_runner.py:90} INFO - Running: ['airflow', 'tasks', 'run', 'etl_pipeline', 'ingestion', 'manual__2026-05-02T05:58:07.066977+00:00', '--job-id', '3', '--raw', '--subdir', 'DAGS_FOLDER/retail_dag.py', '--cfg-path', '/tmp/tmpps0y9bde']
[2026-05-02T05:58:11.062+0000] {logging_mixin.py:188} WARNING - /home/airflow/.local/lib/python3.12/site-packages/airflow/task/task_runner/standard_task_runner.py:61 DeprecationWarning: This process (pid=2057) is multi-threaded, use of fork() may lead to deadlocks in the child.
[2026-05-02T05:58:11.064+0000] {standard_task_runner.py:91} INFO - Job 3: Subtask ingestion
[2026-05-02T05:58:11.064+0000] {standard_task_runner.py:63} INFO - Started process 2061 to run task
[2026-05-02T05:58:11.446+0000] {task_command.py:426} INFO - Running <TaskInstance: etl_pipeline.ingestion manual__2026-05-02T05:58:07.066977+00:00 [running]> on host 58c9d5de5d32
[2026-05-02T05:58:11.570+0000] {taskinstance.py:2644} INFO - Exporting env vars: AIRFLOW_CTX_DAG_OWNER='airflow' AIRFLOW_CTX_DAG_ID='etl_pipeline' AIRFLOW_CTX_TASK_ID='ingestion' AIRFLOW_CTX_EXECUTION_DATE='2026-05-02T05:58:07.066977+00:00' AIRFLOW_CTX_TRY_NUMBER='1' AIRFLOW_CTX_DAG_RUN_ID='manual__2026-05-02T05:58:07.066977+00:00'
[2026-05-02T05:58:11.574+0000] {taskinstance.py:430} INFO - ::endgroup::
[2026-05-02T05:58:11.576+0000] {subprocess.py:63} INFO - Tmp dir root location: /tmp
[2026-05-02T05:58:11.695+0000] {subprocess.py:75} INFO - Running command: ['/usr/bin/bash', '-c', 'python /opt/airflow/ingestion/ingestion.py']
[2026-05-02T05:58:11.708+0000] {subprocess.py:86} INFO - Output:
[2026-05-02T05:58:15.855+0000] {subprocess.py:93} INFO - Loaded rows: 6435
[2026-05-02T05:58:15.855+0000] {subprocess.py:93} INFO - Saved parquet file
[2026-05-02T05:58:15.856+0000] {subprocess.py:93} INFO - Traceback (most recent call last):
[2026-05-02T05:58:15.857+0000] {subprocess.py:93} INFO -   File "/home/airflow/.local/lib/python3.12/site-packages/sqlalchemy/engine/base.py", line 1910, in _execute_context
[2026-05-02T05:58:15.857+0000] {subprocess.py:93} INFO -     self.dialect.do_execute(
[2026-05-02T05:58:15.858+0000] {subprocess.py:93} INFO -   File "/home/airflow/.local/lib/python3.12/site-packages/sqlalchemy/engine/default.py", line 736, in do_execute
[2026-05-02T05:58:15.859+0000] {subprocess.py:93} INFO -     cursor.execute(statement, parameters)
[2026-05-02T05:58:15.859+0000] {subprocess.py:93} INFO - psycopg2.errors.InvalidSchemaName: schema "raw" does not exist
[2026-05-02T05:58:15.860+0000] {subprocess.py:93} INFO - 
[2026-05-02T05:58:15.860+0000] {subprocess.py:93} INFO - 
[2026-05-02T05:58:15.861+0000] {subprocess.py:93} INFO - The above exception was the direct cause of the following exception:
[2026-05-02T05:58:15.861+0000] {subprocess.py:93} INFO - 
[2026-05-02T05:58:15.862+0000] {subprocess.py:93} INFO - Traceback (most recent call last):
[2026-05-02T05:58:15.863+0000] {subprocess.py:93} INFO -   File "/opt/airflow/ingestion/ingestion.py", line 36, in <module>
[2026-05-02T05:58:15.863+0000] {subprocess.py:93} INFO -     conn.execute(text("TRUNCATE TABLE raw.walmart_sales"))
[2026-05-02T05:58:15.864+0000] {subprocess.py:93} INFO -   File "/home/airflow/.local/lib/python3.12/site-packages/sqlalchemy/engine/base.py", line 1385, in execute
[2026-05-02T05:58:15.864+0000] {subprocess.py:93} INFO -     return meth(self, multiparams, params, _EMPTY_EXECUTION_OPTS)
[2026-05-02T05:58:15.865+0000] {subprocess.py:93} INFO -            ^^^^^^^^^^^^^^^^^^^^^^^^^^^^^^^^^^^^^^^^^^^^^^^^^^^^^^
[2026-05-02T05:58:15.865+0000] {subprocess.py:93} INFO -   File "/home/airflow/.local/lib/python3.12/site-packages/sqlalchemy/sql/elements.py", line 334, in _execute_on_connection
[2026-05-02T05:58:15.866+0000] {subprocess.py:93} INFO -     return connection._execute_clauseelement(
[2026-05-02T05:58:15.867+0000] {subprocess.py:93} INFO -            ^^^^^^^^^^^^^^^^^^^^^^^^^^^^^^^^^^
[2026-05-02T05:58:15.867+0000] {subprocess.py:93} INFO -   File "/home/airflow/.local/lib/python3.12/site-packages/sqlalchemy/engine/base.py", line 1577, in _execute_clauseelement
[2026-05-02T05:58:15.868+0000] {subprocess.py:93} INFO -     ret = self._execute_context(
[2026-05-02T05:58:15.869+0000] {subprocess.py:93} INFO -           ^^^^^^^^^^^^^^^^^^^^^^
[2026-05-02T05:58:15.869+0000] {subprocess.py:93} INFO -   File "/home/airflow/.local/lib/python3.12/site-packages/sqlalchemy/engine/base.py", line 1953, in _execute_context
[2026-05-02T05:58:15.870+0000] {subprocess.py:93} INFO -     self._handle_dbapi_exception(
[2026-05-02T05:58:15.871+0000] {subprocess.py:93} INFO -   File "/home/airflow/.local/lib/python3.12/site-packages/sqlalchemy/engine/base.py", line 2134, in _handle_dbapi_exception
[2026-05-02T05:58:15.871+0000] {subprocess.py:93} INFO -     util.raise_(
[2026-05-02T05:58:15.872+0000] {subprocess.py:93} INFO -   File "/home/airflow/.local/lib/python3.12/site-packages/sqlalchemy/util/compat.py", line 211, in raise_
[2026-05-02T05:58:15.873+0000] {subprocess.py:93} INFO -     raise exception
[2026-05-02T05:58:15.874+0000] {subprocess.py:93} INFO -   File "/home/airflow/.local/lib/python3.12/site-packages/sqlalchemy/engine/base.py", line 1910, in _execute_context
[2026-05-02T05:58:15.876+0000] {subprocess.py:93} INFO -     self.dialect.do_execute(
[2026-05-02T05:58:15.877+0000] {subprocess.py:93} INFO -   File "/home/airflow/.local/lib/python3.12/site-packages/sqlalchemy/engine/default.py", line 736, in do_execute
[2026-05-02T05:58:15.878+0000] {subprocess.py:93} INFO -     cursor.execute(statement, parameters)
[2026-05-02T05:58:15.879+0000] {subprocess.py:93} INFO - sqlalchemy.exc.ProgrammingError: (psycopg2.errors.InvalidSchemaName) schema "raw" does not exist
[2026-05-02T05:58:15.880+0000] {subprocess.py:93} INFO - 
[2026-05-02T05:58:15.880+0000] {subprocess.py:93} INFO - [SQL: TRUNCATE TABLE raw.walmart_sales]
[2026-05-02T05:58:15.881+0000] {subprocess.py:93} INFO - (Background on this error at: https://sqlalche.me/e/14/f405)
[2026-05-02T05:58:16.561+0000] {subprocess.py:97} INFO - Command exited with return code 1
[2026-05-02T05:58:16.562+0000] {taskinstance.py:441} INFO - ::group::Post task execution logs
[2026-05-02T05:58:16.573+0000] {taskinstance.py:2890} ERROR - Task failed with exception
Traceback (most recent call last):
  File "/home/airflow/.local/lib/python3.12/site-packages/airflow/models/taskinstance.py", line 465, in _execute_task
    result = _execute_callable(context=context, **execute_callable_kwargs)
             ^^^^^^^^^^^^^^^^^^^^^^^^^^^^^^^^^^^^^^^^^^^^^^^^^^^^^^^^^^^^^
  File "/home/airflow/.local/lib/python3.12/site-packages/airflow/models/taskinstance.py", line 432, in _execute_callable
    return execute_callable(context=context, **execute_callable_kwargs)
           ^^^^^^^^^^^^^^^^^^^^^^^^^^^^^^^^^^^^^^^^^^^^^^^^^^^^^^^^^^^^
  File "/home/airflow/.local/lib/python3.12/site-packages/airflow/models/baseoperator.py", line 400, in wrapper
    return func(self, *args, **kwargs)
           ^^^^^^^^^^^^^^^^^^^^^^^^^^^
  File "/home/airflow/.local/lib/python3.12/site-packages/airflow/operators/bash.py", line 243, in execute
    raise AirflowException(
airflow.exceptions.AirflowException: Bash command failed. The command returned a non-zero exit code 1.
[2026-05-02T05:58:16.579+0000] {taskinstance.py:1205} INFO - Marking task as FAILED. dag_id=etl_pipeline, task_id=ingestion, execution_date=20260502T055807, start_date=20260502T055811, end_date=20260502T055816
[2026-05-02T05:58:16.625+0000] {standard_task_runner.py:110} ERROR - Failed to execute job 3 for task ingestion (Bash command failed. The command returned a non-zero exit code 1.; 2061)
[2026-05-02T05:58:16.674+0000] {local_task_job_runner.py:240} INFO - Task exited with return code 1
[2026-05-02T05:58:16.701+0000] {taskinstance.py:3482} INFO - 0 downstream tasks scheduled from follow-on schedule check
[2026-05-02T05:58:16.706+0000] {local_task_job_runner.py:222} INFO - ::endgroup::
