[2026-05-02T07:34:30.608+0000] {local_task_job_runner.py:120} INFO - ::group::Pre task execution logs
[2026-05-02T07:34:30.678+0000] {taskinstance.py:2073} INFO - Dependencies all met for dep_context=non-requeueable deps ti=<TaskInstance: etl_pipeline.ingestion manual__2026-05-02T07:34:27.591495+00:00 [queued]>
[2026-05-02T07:34:30.699+0000] {taskinstance.py:2073} INFO - Dependencies all met for dep_context=requeueable deps ti=<TaskInstance: etl_pipeline.ingestion manual__2026-05-02T07:34:27.591495+00:00 [queued]>
[2026-05-02T07:34:30.700+0000] {taskinstance.py:2303} INFO - Starting attempt 1 of 1
[2026-05-02T07:34:30.729+0000] {taskinstance.py:2327} INFO - Executing <Task(BashOperator): ingestion> on 2026-05-02 07:34:27.591495+00:00
[2026-05-02T07:34:30.749+0000] {standard_task_runner.py:90} INFO - Running: ['airflow', 'tasks', 'run', 'etl_pipeline', 'ingestion', 'manual__2026-05-02T07:34:27.591495+00:00', '--job-id', '13', '--raw', '--subdir', 'DAGS_FOLDER/retail_dag.py', '--cfg-path', '/tmp/tmpys9w14hs']
[2026-05-02T07:34:30.755+0000] {standard_task_runner.py:91} INFO - Job 13: Subtask ingestion
[2026-05-02T07:34:30.758+0000] {logging_mixin.py:188} WARNING - /home/airflow/.local/lib/python3.12/site-packages/airflow/task/task_runner/standard_task_runner.py:61 DeprecationWarning: This process (pid=592) is multi-threaded, use of fork() may lead to deadlocks in the child.
[2026-05-02T07:34:30.760+0000] {standard_task_runner.py:63} INFO - Started process 644 to run task
[2026-05-02T07:34:31.044+0000] {task_command.py:426} INFO - Running <TaskInstance: etl_pipeline.ingestion manual__2026-05-02T07:34:27.591495+00:00 [running]> on host 5d1dca2f9acc
[2026-05-02T07:34:31.270+0000] {taskinstance.py:2644} INFO - Exporting env vars: AIRFLOW_CTX_DAG_OWNER='airflow' AIRFLOW_CTX_DAG_ID='etl_pipeline' AIRFLOW_CTX_TASK_ID='ingestion' AIRFLOW_CTX_EXECUTION_DATE='2026-05-02T07:34:27.591495+00:00' AIRFLOW_CTX_TRY_NUMBER='1' AIRFLOW_CTX_DAG_RUN_ID='manual__2026-05-02T07:34:27.591495+00:00'
[2026-05-02T07:34:31.278+0000] {taskinstance.py:430} INFO - ::endgroup::
[2026-05-02T07:34:31.283+0000] {subprocess.py:63} INFO - Tmp dir root location: /tmp
[2026-05-02T07:34:31.288+0000] {subprocess.py:75} INFO - Running command: ['/usr/bin/bash', '-c', 'python /opt/airflow/ingestion/ingestion.py']
[2026-05-02T07:34:31.331+0000] {subprocess.py:86} INFO - Output:
[2026-05-02T07:34:37.764+0000] {subprocess.py:93} INFO - Loaded rows: 6435
[2026-05-02T07:34:37.765+0000] {subprocess.py:93} INFO - Saved parquet file
[2026-05-02T07:34:37.766+0000] {subprocess.py:93} INFO - Table checked and truncated if existed
[2026-05-02T07:34:37.766+0000] {subprocess.py:93} INFO - Loaded 6435 rows into Postgres (raw.walmart_sales)
[2026-05-02T07:34:37.910+0000] {subprocess.py:97} INFO - Command exited with return code 0
[2026-05-02T07:34:37.911+0000] {taskinstance.py:441} INFO - ::group::Post task execution logs
[2026-05-02T07:34:37.981+0000] {taskinstance.py:1205} INFO - Marking task as SUCCESS. dag_id=etl_pipeline, task_id=ingestion, execution_date=20260502T073427, start_date=20260502T073430, end_date=20260502T073437
[2026-05-02T07:34:38.023+0000] {local_task_job_runner.py:240} INFO - Task exited with return code 0
[2026-05-02T07:34:38.056+0000] {taskinstance.py:3482} INFO - 1 downstream tasks scheduled from follow-on schedule check
[2026-05-02T07:34:38.058+0000] {local_task_job_runner.py:222} INFO - ::endgroup::
