[2026-04-25T22:45:38.371+0000] {local_task_job_runner.py:120} INFO - ::group::Pre task execution logs
[2026-04-25T22:45:38.396+0000] {taskinstance.py:2073} INFO - Dependencies all met for dep_context=non-requeueable deps ti=<TaskInstance: retail_pipeline.dbt_run manual__2026-04-25T22:45:32.894777+00:00 [queued]>
[2026-04-25T22:45:38.405+0000] {taskinstance.py:2073} INFO - Dependencies all met for dep_context=requeueable deps ti=<TaskInstance: retail_pipeline.dbt_run manual__2026-04-25T22:45:32.894777+00:00 [queued]>
[2026-04-25T22:45:38.406+0000] {taskinstance.py:2303} INFO - Starting attempt 1 of 1
[2026-04-25T22:45:38.419+0000] {taskinstance.py:2327} INFO - Executing <Task(BashOperator): dbt_run> on 2026-04-25 22:45:32.894777+00:00
[2026-04-25T22:45:38.427+0000] {warnings.py:110} WARNING - /home/***/.local/lib/python3.12/site-packages/***/task/task_runner/standard_task_runner.py:61: DeprecationWarning: This process (pid=75) is multi-threaded, use of fork() may lead to deadlocks in the child.
  pid = os.fork()

[2026-04-25T22:45:38.430+0000] {standard_task_runner.py:63} INFO - Started process 79 to run task
[2026-04-25T22:45:38.429+0000] {standard_task_runner.py:90} INFO - Running: ['***', 'tasks', 'run', 'retail_pipeline', 'dbt_run', 'manual__2026-04-25T22:45:32.894777+00:00', '--job-id', '3', '--raw', '--subdir', 'DAGS_FOLDER/retail_dag.py', '--cfg-path', '/tmp/tmpbbgeoefa']
[2026-04-25T22:45:38.433+0000] {standard_task_runner.py:91} INFO - Job 3: Subtask dbt_run
[2026-04-25T22:45:38.507+0000] {task_command.py:426} INFO - Running <TaskInstance: retail_pipeline.dbt_run manual__2026-04-25T22:45:32.894777+00:00 [running]> on host a7c6d1b2afba
[2026-04-25T22:45:38.606+0000] {taskinstance.py:2644} INFO - Exporting env vars: AIRFLOW_CTX_DAG_OWNER='***' AIRFLOW_CTX_DAG_ID='retail_pipeline' AIRFLOW_CTX_TASK_ID='dbt_run' AIRFLOW_CTX_EXECUTION_DATE='2026-04-25T22:45:32.894777+00:00' AIRFLOW_CTX_TRY_NUMBER='1' AIRFLOW_CTX_DAG_RUN_ID='manual__2026-04-25T22:45:32.894777+00:00'
[2026-04-25T22:45:38.608+0000] {taskinstance.py:430} INFO - ::endgroup::
[2026-04-25T22:45:38.609+0000] {subprocess.py:63} INFO - Tmp dir root location: /tmp
[2026-04-25T22:45:38.610+0000] {subprocess.py:75} INFO - Running command: ['/usr/bin/bash', '-c', 'dbt run --project-dir /opt/***/dbt_project']
[2026-04-25T22:45:38.629+0000] {subprocess.py:86} INFO - Output:
[2026-04-25T22:45:38.654+0000] {subprocess.py:93} INFO - /usr/bin/bash: line 1: dbt: command not found
[2026-04-25T22:45:38.655+0000] {subprocess.py:97} INFO - Command exited with return code 127
[2026-04-25T22:45:38.656+0000] {taskinstance.py:441} INFO - ::group::Post task execution logs
[2026-04-25T22:45:38.667+0000] {taskinstance.py:2890} ERROR - Task failed with exception
Traceback (most recent call last):
  File "/home/airflow/.local/lib/python3.12/site-packages/airflow/models/taskinstance.py", line 465, in _execute_task
    result = _execute_callable(context=context, **execute_callable_kwargs)
             ^^^^^^^^^^^^^^^^^^^^^^^^^^^^^^^^^^^^^^^^^^^^^^^^^^^^^^^^^^^^^
  File "/home/airflow/.local/lib/python3.12/site-packages/airflow/models/taskinstance.py", line 432, in _execute_callable
    return execute_callable(context=context, **execute_callable_kwargs)
           ^^^^^^^^^^^^^^^^^^^^^^^^^^^^^^^^^^^^^^^^^^^^^^^^^^^^^^^^^^^^
  File "/home/airflow/.local/lib/python3.12/site-packages/airflow/models/baseoperator.py", line 400, in wrapper
    return func(self, *args, **kwargs)
           ^^^^^^^^^^^^^^^^^^^^^^^^^^^
  File "/home/airflow/.local/lib/python3.12/site-packages/airflow/operators/bash.py", line 243, in execute
    raise AirflowException(
airflow.exceptions.AirflowException: Bash command failed. The command returned a non-zero exit code 127.
[2026-04-25T22:45:38.673+0000] {taskinstance.py:1205} INFO - Marking task as FAILED. dag_id=retail_pipeline, task_id=dbt_run, execution_date=20260425T224532, start_date=20260425T224538, end_date=20260425T224538
[2026-04-25T22:45:38.690+0000] {standard_task_runner.py:110} ERROR - Failed to execute job 3 for task dbt_run (Bash command failed. The command returned a non-zero exit code 127.; 79)
[2026-04-25T22:45:38.726+0000] {local_task_job_runner.py:240} INFO - Task exited with return code 1
[2026-04-25T22:45:38.751+0000] {taskinstance.py:3482} INFO - 0 downstream tasks scheduled from follow-on schedule check
[2026-04-25T22:45:38.757+0000] {local_task_job_runner.py:222} INFO - ::endgroup::
