[2026-05-08T19:47:46.959+0000] {local_task_job_runner.py:120} INFO - ::group::Pre task execution logs
[2026-05-08T19:47:47.040+0000] {taskinstance.py:2073} INFO - Dependencies all met for dep_context=non-requeueable deps ti=<TaskInstance: etl_pipeline.dbt_deps scheduled__2026-05-02T00:00:00+00:00 [queued]>
[2026-05-08T19:47:47.056+0000] {taskinstance.py:2073} INFO - Dependencies all met for dep_context=requeueable deps ti=<TaskInstance: etl_pipeline.dbt_deps scheduled__2026-05-02T00:00:00+00:00 [queued]>
[2026-05-08T19:47:47.057+0000] {taskinstance.py:2303} INFO - Starting attempt 1 of 1
[2026-05-08T19:47:47.074+0000] {taskinstance.py:2327} INFO - Executing <Task(BashOperator): dbt_deps> on 2026-05-02 00:00:00+00:00
[2026-05-08T19:47:47.084+0000] {standard_task_runner.py:90} INFO - Running: ['airflow', 'tasks', 'run', 'etl_pipeline', 'dbt_deps', 'scheduled__2026-05-02T00:00:00+00:00', '--job-id', '17', '--raw', '--subdir', 'DAGS_FOLDER/retail_dag.py', '--cfg-path', '/tmp/tmpe3gwn6wb']
[2026-05-08T19:47:47.087+0000] {logging_mixin.py:188} WARNING - /home/airflow/.local/lib/python3.12/site-packages/airflow/task/task_runner/standard_task_runner.py:61 DeprecationWarning: This process (pid=462) is multi-threaded, use of fork() may lead to deadlocks in the child.
[2026-05-08T19:47:47.088+0000] {standard_task_runner.py:91} INFO - Job 17: Subtask dbt_deps
[2026-05-08T19:47:47.088+0000] {standard_task_runner.py:63} INFO - Started process 495 to run task
[2026-05-08T19:47:47.501+0000] {task_command.py:426} INFO - Running <TaskInstance: etl_pipeline.dbt_deps scheduled__2026-05-02T00:00:00+00:00 [running]> on host 55294df33dd8
[2026-05-08T19:47:47.962+0000] {taskinstance.py:2644} INFO - Exporting env vars: AIRFLOW_CTX_DAG_OWNER='airflow' AIRFLOW_CTX_DAG_ID='etl_pipeline' AIRFLOW_CTX_TASK_ID='dbt_deps' AIRFLOW_CTX_EXECUTION_DATE='2026-05-02T00:00:00+00:00' AIRFLOW_CTX_TRY_NUMBER='1' AIRFLOW_CTX_DAG_RUN_ID='scheduled__2026-05-02T00:00:00+00:00'
[2026-05-08T19:47:47.965+0000] {taskinstance.py:430} INFO - ::endgroup::
[2026-05-08T19:47:47.967+0000] {subprocess.py:63} INFO - Tmp dir root location: /tmp
[2026-05-08T19:47:47.969+0000] {subprocess.py:75} INFO - Running command: ['/usr/bin/bash', '-c', 'cd /opt/airflow/dbt_project && dbt deps']
[2026-05-08T19:47:47.985+0000] {subprocess.py:86} INFO - Output:
[2026-05-08T19:47:52.913+0000] {subprocess.py:93} INFO - [0m19:47:52  Running with dbt=1.7.14
[2026-05-08T19:47:53.148+0000] {subprocess.py:93} INFO - [0m19:47:53  Warning: No packages were found in packages.yml
[2026-05-08T19:47:53.157+0000] {subprocess.py:93} INFO - [0m19:47:53  Encountered an error:
[2026-05-08T19:47:53.158+0000] {subprocess.py:93} INFO - [Errno 2] No such file or directory: 'dbt_packages'
[2026-05-08T19:47:53.164+0000] {subprocess.py:93} INFO - [0m19:47:53  Traceback (most recent call last):
[2026-05-08T19:47:53.165+0000] {subprocess.py:93} INFO -   File "/home/airflow/.local/lib/python3.12/site-packages/dbt/cli/requires.py", line 91, in wrapper
[2026-05-08T19:47:53.166+0000] {subprocess.py:93} INFO -     result, success = func(*args, **kwargs)
[2026-05-08T19:47:53.167+0000] {subprocess.py:93} INFO -                       ^^^^^^^^^^^^^^^^^^^^^
[2026-05-08T19:47:53.168+0000] {subprocess.py:93} INFO -   File "/home/airflow/.local/lib/python3.12/site-packages/dbt/cli/requires.py", line 76, in wrapper
[2026-05-08T19:47:53.169+0000] {subprocess.py:93} INFO -     return func(*args, **kwargs)
[2026-05-08T19:47:53.170+0000] {subprocess.py:93} INFO -            ^^^^^^^^^^^^^^^^^^^^^
[2026-05-08T19:47:53.171+0000] {subprocess.py:93} INFO -   File "/home/airflow/.local/lib/python3.12/site-packages/dbt/cli/requires.py", line 152, in wrapper
[2026-05-08T19:47:53.172+0000] {subprocess.py:93} INFO -     return func(*args, **kwargs)
[2026-05-08T19:47:53.173+0000] {subprocess.py:93} INFO -            ^^^^^^^^^^^^^^^^^^^^^
[2026-05-08T19:47:53.174+0000] {subprocess.py:93} INFO -   File "/home/airflow/.local/lib/python3.12/site-packages/dbt/cli/requires.py", line 198, in wrapper
[2026-05-08T19:47:53.175+0000] {subprocess.py:93} INFO -     return func(*args, **kwargs)
[2026-05-08T19:47:53.176+0000] {subprocess.py:93} INFO -            ^^^^^^^^^^^^^^^^^^^^^
[2026-05-08T19:47:53.178+0000] {subprocess.py:93} INFO -   File "/home/airflow/.local/lib/python3.12/site-packages/dbt/cli/main.py", line 492, in deps
[2026-05-08T19:47:53.180+0000] {subprocess.py:93} INFO -     results = task.run()
[2026-05-08T19:47:53.192+0000] {subprocess.py:93} INFO -               ^^^^^^^^^^
[2026-05-08T19:47:53.193+0000] {subprocess.py:93} INFO -   File "/home/airflow/.local/lib/python3.12/site-packages/dbt/task/deps.py", line 228, in run
[2026-05-08T19:47:53.194+0000] {subprocess.py:93} INFO -     system.rmtree(self.project.packages_install_path)
[2026-05-08T19:47:53.195+0000] {subprocess.py:93} INFO -   File "/home/airflow/.local/lib/python3.12/site-packages/dbt/clients/system.py", line 570, in rmtree
[2026-05-08T19:47:53.196+0000] {subprocess.py:93} INFO -     return shutil.rmtree(path, onerror=chmod_and_retry)
[2026-05-08T19:47:53.196+0000] {subprocess.py:93} INFO -            ^^^^^^^^^^^^^^^^^^^^^^^^^^^^^^^^^^^^^^^^^^^^
[2026-05-08T19:47:53.197+0000] {subprocess.py:93} INFO -   File "/usr/local/lib/python3.12/shutil.py", line 796, in rmtree
[2026-05-08T19:47:53.197+0000] {subprocess.py:93} INFO -     onexc(os.rmdir, path, err)
[2026-05-08T19:47:53.198+0000] {subprocess.py:93} INFO -   File "/usr/local/lib/python3.12/shutil.py", line 764, in onexc
[2026-05-08T19:47:53.198+0000] {subprocess.py:93} INFO -     return onerror(func, path, exc_info)
[2026-05-08T19:47:53.198+0000] {subprocess.py:93} INFO -            ^^^^^^^^^^^^^^^^^^^^^^^^^^^^^
[2026-05-08T19:47:53.199+0000] {subprocess.py:93} INFO -   File "/usr/local/lib/python3.12/shutil.py", line 794, in rmtree
[2026-05-08T19:47:53.200+0000] {subprocess.py:93} INFO -     os.rmdir(path, dir_fd=dir_fd)
[2026-05-08T19:47:53.200+0000] {subprocess.py:93} INFO - FileNotFoundError: [Errno 2] No such file or directory: 'dbt_packages'
[2026-05-08T19:47:53.201+0000] {subprocess.py:93} INFO - 
[2026-05-08T19:47:54.553+0000] {subprocess.py:97} INFO - Command exited with return code 2
[2026-05-08T19:47:54.554+0000] {taskinstance.py:441} INFO - ::group::Post task execution logs
[2026-05-08T19:47:54.627+0000] {taskinstance.py:2890} ERROR - Task failed with exception
Traceback (most recent call last):
  File "/home/airflow/.local/lib/python3.12/site-packages/airflow/models/taskinstance.py", line 465, in _execute_task
    result = _execute_callable(context=context, **execute_callable_kwargs)
             ^^^^^^^^^^^^^^^^^^^^^^^^^^^^^^^^^^^^^^^^^^^^^^^^^^^^^^^^^^^^^
  File "/home/airflow/.local/lib/python3.12/site-packages/airflow/models/taskinstance.py", line 432, in _execute_callable
    return execute_callable(context=context, **execute_callable_kwargs)
           ^^^^^^^^^^^^^^^^^^^^^^^^^^^^^^^^^^^^^^^^^^^^^^^^^^^^^^^^^^^^
  File "/home/airflow/.local/lib/python3.12/site-packages/airflow/models/baseoperator.py", line 400, in wrapper
    return func(self, *args, **kwargs)
           ^^^^^^^^^^^^^^^^^^^^^^^^^^^
  File "/home/airflow/.local/lib/python3.12/site-packages/airflow/operators/bash.py", line 243, in execute
    raise AirflowException(
airflow.exceptions.AirflowException: Bash command failed. The command returned a non-zero exit code 2.
[2026-05-08T19:47:54.638+0000] {taskinstance.py:1205} INFO - Marking task as FAILED. dag_id=etl_pipeline, task_id=dbt_deps, execution_date=20260502T000000, start_date=20260508T194747, end_date=20260508T194754
[2026-05-08T19:47:54.813+0000] {standard_task_runner.py:110} ERROR - Failed to execute job 17 for task dbt_deps (Bash command failed. The command returned a non-zero exit code 2.; 495)
[2026-05-08T19:47:54.843+0000] {local_task_job_runner.py:240} INFO - Task exited with return code 1
[2026-05-08T19:47:54.942+0000] {taskinstance.py:3482} INFO - 0 downstream tasks scheduled from follow-on schedule check
[2026-05-08T19:47:54.950+0000] {local_task_job_runner.py:222} INFO - ::endgroup::
