[2026-04-30T17:58:11.601+0000] {local_task_job_runner.py:120} INFO - ::group::Pre task execution logs
[2026-04-30T17:58:11.624+0000] {taskinstance.py:2073} INFO - Dependencies all met for dep_context=non-requeueable deps ti=<TaskInstance: dbt_orchestration.dbt_run scheduled__2026-04-29T00:00:00+00:00 [queued]>
[2026-04-30T17:58:11.636+0000] {taskinstance.py:2073} INFO - Dependencies all met for dep_context=requeueable deps ti=<TaskInstance: dbt_orchestration.dbt_run scheduled__2026-04-29T00:00:00+00:00 [queued]>
[2026-04-30T17:58:11.637+0000] {taskinstance.py:2303} INFO - Starting attempt 1 of 1
[2026-04-30T17:58:11.653+0000] {taskinstance.py:2327} INFO - Executing <Task(BashOperator): dbt_run> on 2026-04-29 00:00:00+00:00
[2026-04-30T17:58:11.662+0000] {warnings.py:110} WARNING - /home/***/.local/lib/python3.12/site-packages/***/task/task_runner/standard_task_runner.py:61: DeprecationWarning: This process (pid=68) is multi-threaded, use of fork() may lead to deadlocks in the child.
  pid = os.fork()

[2026-04-30T17:58:11.664+0000] {standard_task_runner.py:63} INFO - Started process 72 to run task
[2026-04-30T17:58:11.665+0000] {standard_task_runner.py:90} INFO - Running: ['***', 'tasks', 'run', 'dbt_orchestration', 'dbt_run', 'scheduled__2026-04-29T00:00:00+00:00', '--job-id', '18', '--raw', '--subdir', 'DAGS_FOLDER/retail_dag.py', '--cfg-path', '/tmp/tmpspo7m5hq']
[2026-04-30T17:58:11.668+0000] {standard_task_runner.py:91} INFO - Job 18: Subtask dbt_run
[2026-04-30T17:58:12.056+0000] {task_command.py:426} INFO - Running <TaskInstance: dbt_orchestration.dbt_run scheduled__2026-04-29T00:00:00+00:00 [running]> on host 547aaaff508d
[2026-04-30T17:58:12.190+0000] {taskinstance.py:2644} INFO - Exporting env vars: AIRFLOW_CTX_DAG_OWNER='***' AIRFLOW_CTX_DAG_ID='dbt_orchestration' AIRFLOW_CTX_TASK_ID='dbt_run' AIRFLOW_CTX_EXECUTION_DATE='2026-04-29T00:00:00+00:00' AIRFLOW_CTX_TRY_NUMBER='1' AIRFLOW_CTX_DAG_RUN_ID='scheduled__2026-04-29T00:00:00+00:00'
[2026-04-30T17:58:12.194+0000] {taskinstance.py:430} INFO - ::endgroup::
[2026-04-30T17:58:12.195+0000] {subprocess.py:63} INFO - Tmp dir root location: /tmp
[2026-04-30T17:58:12.196+0000] {subprocess.py:75} INFO - Running command: ['/usr/bin/bash', '-c', 'dbt run --project-dir /opt/***/dbt_project']
[2026-04-30T17:58:12.214+0000] {subprocess.py:86} INFO - Output:
[2026-04-30T17:58:12.218+0000] {subprocess.py:93} INFO - /usr/bin/bash: line 1: dbt: command not found
[2026-04-30T17:58:12.219+0000] {subprocess.py:97} INFO - Command exited with return code 127
[2026-04-30T17:58:12.220+0000] {taskinstance.py:441} INFO - ::group::Post task execution logs
[2026-04-30T17:58:12.231+0000] {taskinstance.py:2890} ERROR - Task failed with exception
Traceback (most recent call last):
  File "/home/airflow/.local/lib/python3.12/site-packages/airflow/models/taskinstance.py", line 465, in _execute_task
    result = _execute_callable(context=context, **execute_callable_kwargs)
             ^^^^^^^^^^^^^^^^^^^^^^^^^^^^^^^^^^^^^^^^^^^^^^^^^^^^^^^^^^^^^
  File "/home/airflow/.local/lib/python3.12/site-packages/airflow/models/taskinstance.py", line 432, in _execute_callable
    return execute_callable(context=context, **execute_callable_kwargs)
           ^^^^^^^^^^^^^^^^^^^^^^^^^^^^^^^^^^^^^^^^^^^^^^^^^^^^^^^^^^^^
  File "/home/airflow/.local/lib/python3.12/site-packages/airflow/models/baseoperator.py", line 400, in wrapper
    return func(self, *args, **kwargs)
           ^^^^^^^^^^^^^^^^^^^^^^^^^^^
  File "/home/airflow/.local/lib/python3.12/site-packages/airflow/operators/bash.py", line 243, in execute
    raise AirflowException(
airflow.exceptions.AirflowException: Bash command failed. The command returned a non-zero exit code 127.
[2026-04-30T17:58:12.238+0000] {taskinstance.py:1205} INFO - Marking task as FAILED. dag_id=dbt_orchestration, task_id=dbt_run, execution_date=20260429T000000, start_date=20260430T175811, end_date=20260430T175812
[2026-04-30T17:58:12.255+0000] {standard_task_runner.py:110} ERROR - Failed to execute job 18 for task dbt_run (Bash command failed. The command returned a non-zero exit code 127.; 72)
[2026-04-30T17:58:12.283+0000] {local_task_job_runner.py:240} INFO - Task exited with return code 1
[2026-04-30T17:58:12.306+0000] {taskinstance.py:3482} INFO - 0 downstream tasks scheduled from follow-on schedule check
[2026-04-30T17:58:12.311+0000] {local_task_job_runner.py:222} INFO - ::endgroup::
