[2026-05-02T08:15:56.410+0000] {local_task_job_runner.py:120} INFO - ::group::Pre task execution logs
[2026-05-02T08:15:56.447+0000] {taskinstance.py:2073} INFO - Dependencies all met for dep_context=non-requeueable deps ti=<TaskInstance: etl_pipeline.ingestion manual__2026-05-02T08:15:53.213813+00:00 [queued]>
[2026-05-02T08:15:56.458+0000] {taskinstance.py:2073} INFO - Dependencies all met for dep_context=requeueable deps ti=<TaskInstance: etl_pipeline.ingestion manual__2026-05-02T08:15:53.213813+00:00 [queued]>
[2026-05-02T08:15:56.458+0000] {taskinstance.py:2303} INFO - Starting attempt 1 of 1
[2026-05-02T08:15:56.489+0000] {taskinstance.py:2327} INFO - Executing <Task(BashOperator): ingestion> on 2026-05-02 08:15:53.213813+00:00
[2026-05-02T08:15:56.502+0000] {standard_task_runner.py:90} INFO - Running: ['airflow', 'tasks', 'run', 'etl_pipeline', 'ingestion', 'manual__2026-05-02T08:15:53.213813+00:00', '--job-id', '28', '--raw', '--subdir', 'DAGS_FOLDER/retail_dag.py', '--cfg-path', '/tmp/tmppiuml31d']
[2026-05-02T08:15:56.505+0000] {logging_mixin.py:188} WARNING - /home/airflow/.local/lib/python3.12/site-packages/airflow/task/task_runner/standard_task_runner.py:61 DeprecationWarning: This process (pid=521) is multi-threaded, use of fork() may lead to deadlocks in the child.
[2026-05-02T08:15:56.505+0000] {standard_task_runner.py:91} INFO - Job 28: Subtask ingestion
[2026-05-02T08:15:56.506+0000] {standard_task_runner.py:63} INFO - Started process 573 to run task
[2026-05-02T08:15:56.716+0000] {task_command.py:426} INFO - Running <TaskInstance: etl_pipeline.ingestion manual__2026-05-02T08:15:53.213813+00:00 [running]> on host 9521ca2d319c
[2026-05-02T08:15:56.829+0000] {taskinstance.py:2644} INFO - Exporting env vars: AIRFLOW_CTX_DAG_OWNER='airflow' AIRFLOW_CTX_DAG_ID='etl_pipeline' AIRFLOW_CTX_TASK_ID='ingestion' AIRFLOW_CTX_EXECUTION_DATE='2026-05-02T08:15:53.213813+00:00' AIRFLOW_CTX_TRY_NUMBER='1' AIRFLOW_CTX_DAG_RUN_ID='manual__2026-05-02T08:15:53.213813+00:00'
[2026-05-02T08:15:56.832+0000] {taskinstance.py:430} INFO - ::endgroup::
[2026-05-02T08:15:56.835+0000] {subprocess.py:63} INFO - Tmp dir root location: /tmp
[2026-05-02T08:15:56.836+0000] {subprocess.py:75} INFO - Running command: ['/usr/bin/bash', '-c', 'python /opt/airflow/ingestion/ingestion.py']
[2026-05-02T08:15:56.851+0000] {subprocess.py:86} INFO - Output:
[2026-05-02T08:15:59.706+0000] {subprocess.py:93} INFO - [INGESTION] Loaded rows: 6435
[2026-05-02T08:15:59.709+0000] {subprocess.py:93} INFO - [INGESTION] Saved parquet → /opt/airflow/data/bronze/Walmart.parquet
[2026-05-02T08:15:59.710+0000] {subprocess.py:93} INFO - [INGESTION] Loaded 6435 rows into raw.walmart_sales
[2026-05-02T08:15:59.942+0000] {subprocess.py:97} INFO - Command exited with return code 0
[2026-05-02T08:15:59.944+0000] {taskinstance.py:441} INFO - ::group::Post task execution logs
[2026-05-02T08:15:59.989+0000] {taskinstance.py:1205} INFO - Marking task as SUCCESS. dag_id=etl_pipeline, task_id=ingestion, execution_date=20260502T081553, start_date=20260502T081556, end_date=20260502T081559
[2026-05-02T08:16:00.098+0000] {local_task_job_runner.py:240} INFO - Task exited with return code 0
[2026-05-02T08:16:00.166+0000] {taskinstance.py:3482} INFO - 0 downstream tasks scheduled from follow-on schedule check
[2026-05-02T08:16:00.169+0000] {local_task_job_runner.py:222} INFO - ::endgroup::
