[2026-05-01T22:07:31.945+0000] {local_task_job_runner.py:120} INFO - ::group::Pre task execution logs
[2026-05-01T22:07:32.088+0000] {taskinstance.py:2073} INFO - Dependencies all met for dep_context=non-requeueable deps ti=<TaskInstance: etl_pipeline.ingestion manual__2026-05-01T22:07:28.554065+00:00 [queued]>
[2026-05-01T22:07:32.098+0000] {taskinstance.py:2073} INFO - Dependencies all met for dep_context=requeueable deps ti=<TaskInstance: etl_pipeline.ingestion manual__2026-05-01T22:07:28.554065+00:00 [queued]>
[2026-05-01T22:07:32.099+0000] {taskinstance.py:2303} INFO - Starting attempt 1 of 1
[2026-05-01T22:07:32.149+0000] {taskinstance.py:2327} INFO - Executing <Task(BashOperator): ingestion> on 2026-05-01 22:07:28.554065+00:00
[2026-05-01T22:07:32.159+0000] {standard_task_runner.py:90} INFO - Running: ['***', 'tasks', 'run', 'etl_pipeline', 'ingestion', 'manual__2026-05-01T22:07:28.554065+00:00', '--job-id', '55', '--raw', '--subdir', 'DAGS_FOLDER/retail_dag.py', '--cfg-path', '/tmp/tmp79wc2bxb']
[2026-05-01T22:07:32.164+0000] {standard_task_runner.py:91} INFO - Job 55: Subtask ingestion
[2026-05-01T22:07:32.164+0000] {logging_mixin.py:188} WARNING - /home/***/.local/lib/python3.12/site-packages/***/task/task_runner/standard_task_runner.py:61 DeprecationWarning: This process (pid=5542) is multi-threaded, use of fork() may lead to deadlocks in the child.
[2026-05-01T22:07:32.165+0000] {standard_task_runner.py:63} INFO - Started process 5544 to run task
[2026-05-01T22:07:32.404+0000] {task_command.py:426} INFO - Running <TaskInstance: etl_pipeline.ingestion manual__2026-05-01T22:07:28.554065+00:00 [running]> on host bf81b6604402
[2026-05-01T22:07:32.563+0000] {taskinstance.py:2644} INFO - Exporting env vars: AIRFLOW_CTX_DAG_OWNER='***' AIRFLOW_CTX_DAG_ID='etl_pipeline' AIRFLOW_CTX_TASK_ID='ingestion' AIRFLOW_CTX_EXECUTION_DATE='2026-05-01T22:07:28.554065+00:00' AIRFLOW_CTX_TRY_NUMBER='1' AIRFLOW_CTX_DAG_RUN_ID='manual__2026-05-01T22:07:28.554065+00:00'
[2026-05-01T22:07:32.567+0000] {taskinstance.py:430} INFO - ::endgroup::
[2026-05-01T22:07:32.568+0000] {subprocess.py:63} INFO - Tmp dir root location: /tmp
[2026-05-01T22:07:32.570+0000] {subprocess.py:75} INFO - Running command: ['/usr/bin/bash', '-c', 'python /opt/***/ingestion/ingestion.py']
[2026-05-01T22:07:32.582+0000] {subprocess.py:86} INFO - Output:
[2026-05-01T22:07:32.622+0000] {subprocess.py:93} INFO - python: can't open file '/opt/***/ingestion/ingestion.py': [Errno 2] No such file or directory
[2026-05-01T22:07:32.625+0000] {subprocess.py:97} INFO - Command exited with return code 2
[2026-05-01T22:07:32.626+0000] {taskinstance.py:441} INFO - ::group::Post task execution logs
[2026-05-01T22:07:32.636+0000] {taskinstance.py:2890} ERROR - Task failed with exception
Traceback (most recent call last):
  File "/home/airflow/.local/lib/python3.12/site-packages/airflow/models/taskinstance.py", line 465, in _execute_task
    result = _execute_callable(context=context, **execute_callable_kwargs)
             ^^^^^^^^^^^^^^^^^^^^^^^^^^^^^^^^^^^^^^^^^^^^^^^^^^^^^^^^^^^^^
  File "/home/airflow/.local/lib/python3.12/site-packages/airflow/models/taskinstance.py", line 432, in _execute_callable
    return execute_callable(context=context, **execute_callable_kwargs)
           ^^^^^^^^^^^^^^^^^^^^^^^^^^^^^^^^^^^^^^^^^^^^^^^^^^^^^^^^^^^^
  File "/home/airflow/.local/lib/python3.12/site-packages/airflow/models/baseoperator.py", line 400, in wrapper
    return func(self, *args, **kwargs)
           ^^^^^^^^^^^^^^^^^^^^^^^^^^^
  File "/home/airflow/.local/lib/python3.12/site-packages/airflow/operators/bash.py", line 243, in execute
    raise AirflowException(
airflow.exceptions.AirflowException: Bash command failed. The command returned a non-zero exit code 2.
[2026-05-01T22:07:32.641+0000] {taskinstance.py:1205} INFO - Marking task as FAILED. dag_id=etl_pipeline, task_id=ingestion, execution_date=20260501T220728, start_date=20260501T220732, end_date=20260501T220732
[2026-05-01T22:07:32.654+0000] {standard_task_runner.py:110} ERROR - Failed to execute job 55 for task ingestion (Bash command failed. The command returned a non-zero exit code 2.; 5544)
[2026-05-01T22:07:32.701+0000] {local_task_job_runner.py:240} INFO - Task exited with return code 1
[2026-05-01T22:07:32.724+0000] {taskinstance.py:3482} INFO - 0 downstream tasks scheduled from follow-on schedule check
[2026-05-01T22:07:32.731+0000] {local_task_job_runner.py:222} INFO - ::endgroup::
