[2026-05-01T22:49:52.623+0000] {local_task_job_runner.py:120} INFO - ::group::Pre task execution logs
[2026-05-01T22:49:52.662+0000] {taskinstance.py:2073} INFO - Dependencies all met for dep_context=non-requeueable deps ti=<TaskInstance: etl_pipeline.ingestion manual__2026-05-01T22:49:49.248258+00:00 [queued]>
[2026-05-01T22:49:52.672+0000] {taskinstance.py:2073} INFO - Dependencies all met for dep_context=requeueable deps ti=<TaskInstance: etl_pipeline.ingestion manual__2026-05-01T22:49:49.248258+00:00 [queued]>
[2026-05-01T22:49:52.672+0000] {taskinstance.py:2303} INFO - Starting attempt 1 of 1
[2026-05-01T22:49:52.685+0000] {taskinstance.py:2327} INFO - Executing <Task(BashOperator): ingestion> on 2026-05-01 22:49:49.248258+00:00
[2026-05-01T22:49:52.696+0000] {standard_task_runner.py:90} INFO - Running: ['***', 'tasks', 'run', 'etl_pipeline', 'ingestion', 'manual__2026-05-01T22:49:49.248258+00:00', '--job-id', '99', '--raw', '--subdir', 'DAGS_FOLDER/retail_dag.py', '--cfg-path', '/tmp/tmplxukpjay']
[2026-05-01T22:49:52.700+0000] {logging_mixin.py:188} WARNING - /home/***/.local/lib/python3.12/site-packages/***/task/task_runner/standard_task_runner.py:61 DeprecationWarning: This process (pid=1261) is multi-threaded, use of fork() may lead to deadlocks in the child.
[2026-05-01T22:49:52.701+0000] {standard_task_runner.py:91} INFO - Job 99: Subtask ingestion
[2026-05-01T22:49:52.702+0000] {standard_task_runner.py:63} INFO - Started process 1263 to run task
[2026-05-01T22:49:52.969+0000] {task_command.py:426} INFO - Running <TaskInstance: etl_pipeline.ingestion manual__2026-05-01T22:49:49.248258+00:00 [running]> on host d788deae82f9
[2026-05-01T22:49:53.179+0000] {taskinstance.py:2644} INFO - Exporting env vars: AIRFLOW_CTX_DAG_OWNER='***' AIRFLOW_CTX_DAG_ID='etl_pipeline' AIRFLOW_CTX_TASK_ID='ingestion' AIRFLOW_CTX_EXECUTION_DATE='2026-05-01T22:49:49.248258+00:00' AIRFLOW_CTX_TRY_NUMBER='1' AIRFLOW_CTX_DAG_RUN_ID='manual__2026-05-01T22:49:49.248258+00:00'
[2026-05-01T22:49:53.181+0000] {taskinstance.py:430} INFO - ::endgroup::
[2026-05-01T22:49:53.183+0000] {subprocess.py:63} INFO - Tmp dir root location: /tmp
[2026-05-01T22:49:53.185+0000] {subprocess.py:75} INFO - Running command: ['/usr/bin/bash', '-c', 'python /opt/***/ingestion/ingestion.py']
[2026-05-01T22:49:53.198+0000] {subprocess.py:86} INFO - Output:
[2026-05-01T22:49:57.418+0000] {subprocess.py:93} INFO - Loaded rows: 6435
[2026-05-01T22:49:57.436+0000] {subprocess.py:93} INFO - Saved parquet file
[2026-05-01T22:49:57.437+0000] {subprocess.py:93} INFO - Traceback (most recent call last):
[2026-05-01T22:49:57.437+0000] {subprocess.py:93} INFO -   File "/home/***/.local/lib/python3.12/site-packages/sqlalchemy/engine/base.py", line 3371, in _wrap_pool_connect
[2026-05-01T22:49:57.438+0000] {subprocess.py:93} INFO -     return fn()
[2026-05-01T22:49:57.439+0000] {subprocess.py:93} INFO -            ^^^^
[2026-05-01T22:49:57.439+0000] {subprocess.py:93} INFO -   File "/home/***/.local/lib/python3.12/site-packages/sqlalchemy/pool/base.py", line 327, in connect
[2026-05-01T22:49:57.440+0000] {subprocess.py:93} INFO -     return _ConnectionFairy._checkout(self)
[2026-05-01T22:49:57.440+0000] {subprocess.py:93} INFO -            ^^^^^^^^^^^^^^^^^^^^^^^^^^^^^^^^
[2026-05-01T22:49:57.441+0000] {subprocess.py:93} INFO -   File "/home/***/.local/lib/python3.12/site-packages/sqlalchemy/pool/base.py", line 894, in _checkout
[2026-05-01T22:49:57.442+0000] {subprocess.py:93} INFO -     fairy = _ConnectionRecord.checkout(pool)
[2026-05-01T22:49:57.442+0000] {subprocess.py:93} INFO -             ^^^^^^^^^^^^^^^^^^^^^^^^^^^^^^^^
[2026-05-01T22:49:57.443+0000] {subprocess.py:93} INFO -   File "/home/***/.local/lib/python3.12/site-packages/sqlalchemy/pool/base.py", line 493, in checkout
[2026-05-01T22:49:57.444+0000] {subprocess.py:93} INFO -     rec = pool._do_get()
[2026-05-01T22:49:57.444+0000] {subprocess.py:93} INFO -           ^^^^^^^^^^^^^^
[2026-05-01T22:49:57.445+0000] {subprocess.py:93} INFO -   File "/home/***/.local/lib/python3.12/site-packages/sqlalchemy/pool/impl.py", line 145, in _do_get
[2026-05-01T22:49:57.445+0000] {subprocess.py:93} INFO -     with util.safe_reraise():
[2026-05-01T22:49:57.446+0000] {subprocess.py:93} INFO -   File "/home/***/.local/lib/python3.12/site-packages/sqlalchemy/util/langhelpers.py", line 70, in __exit__
[2026-05-01T22:49:57.446+0000] {subprocess.py:93} INFO -     compat.raise_(
[2026-05-01T22:49:57.447+0000] {subprocess.py:93} INFO -   File "/home/***/.local/lib/python3.12/site-packages/sqlalchemy/util/compat.py", line 211, in raise_
[2026-05-01T22:49:57.447+0000] {subprocess.py:93} INFO -     raise exception
[2026-05-01T22:49:57.448+0000] {subprocess.py:93} INFO -   File "/home/***/.local/lib/python3.12/site-packages/sqlalchemy/pool/impl.py", line 143, in _do_get
[2026-05-01T22:49:57.448+0000] {subprocess.py:93} INFO -     return self._create_connection()
[2026-05-01T22:49:57.449+0000] {subprocess.py:93} INFO -            ^^^^^^^^^^^^^^^^^^^^^^^^^
[2026-05-01T22:49:57.449+0000] {subprocess.py:93} INFO -   File "/home/***/.local/lib/python3.12/site-packages/sqlalchemy/pool/base.py", line 273, in _create_connection
[2026-05-01T22:49:57.450+0000] {subprocess.py:93} INFO -     return _ConnectionRecord(self)
[2026-05-01T22:49:57.451+0000] {subprocess.py:93} INFO -            ^^^^^^^^^^^^^^^^^^^^^^^
[2026-05-01T22:49:57.451+0000] {subprocess.py:93} INFO -   File "/home/***/.local/lib/python3.12/site-packages/sqlalchemy/pool/base.py", line 388, in __init__
[2026-05-01T22:49:57.452+0000] {subprocess.py:93} INFO -     self.__connect()
[2026-05-01T22:49:57.452+0000] {subprocess.py:93} INFO -   File "/home/***/.local/lib/python3.12/site-packages/sqlalchemy/pool/base.py", line 690, in __connect
[2026-05-01T22:49:57.453+0000] {subprocess.py:93} INFO -     with util.safe_reraise():
[2026-05-01T22:49:57.453+0000] {subprocess.py:93} INFO -   File "/home/***/.local/lib/python3.12/site-packages/sqlalchemy/util/langhelpers.py", line 70, in __exit__
[2026-05-01T22:49:57.454+0000] {subprocess.py:93} INFO -     compat.raise_(
[2026-05-01T22:49:57.455+0000] {subprocess.py:93} INFO -   File "/home/***/.local/lib/python3.12/site-packages/sqlalchemy/util/compat.py", line 211, in raise_
[2026-05-01T22:49:57.455+0000] {subprocess.py:93} INFO -     raise exception
[2026-05-01T22:49:57.456+0000] {subprocess.py:93} INFO -   File "/home/***/.local/lib/python3.12/site-packages/sqlalchemy/pool/base.py", line 686, in __connect
[2026-05-01T22:49:57.456+0000] {subprocess.py:93} INFO -     self.dbapi_connection = connection = pool._invoke_creator(self)
[2026-05-01T22:49:57.457+0000] {subprocess.py:93} INFO -                                          ^^^^^^^^^^^^^^^^^^^^^^^^^^
[2026-05-01T22:49:57.458+0000] {subprocess.py:93} INFO -   File "/home/***/.local/lib/python3.12/site-packages/sqlalchemy/engine/create.py", line 574, in connect
[2026-05-01T22:49:57.458+0000] {subprocess.py:93} INFO -     return dialect.connect(*cargs, **cparams)
[2026-05-01T22:49:57.459+0000] {subprocess.py:93} INFO -            ^^^^^^^^^^^^^^^^^^^^^^^^^^^^^^^^^^
[2026-05-01T22:49:57.460+0000] {subprocess.py:93} INFO -   File "/home/***/.local/lib/python3.12/site-packages/sqlalchemy/engine/default.py", line 598, in connect
[2026-05-01T22:49:57.460+0000] {subprocess.py:93} INFO -     return self.dbapi.connect(*cargs, **cparams)
[2026-05-01T22:49:57.461+0000] {subprocess.py:93} INFO -            ^^^^^^^^^^^^^^^^^^^^^^^^^^^^^^^^^^^^^
[2026-05-01T22:49:57.461+0000] {subprocess.py:93} INFO -   File "/home/***/.local/lib/python3.12/site-packages/psycopg2/__init__.py", line 122, in connect
[2026-05-01T22:49:57.462+0000] {subprocess.py:93} INFO -     conn = _connect(dsn, connection_factory=connection_factory, **kwasync)
[2026-05-01T22:49:57.462+0000] {subprocess.py:93} INFO -            ^^^^^^^^^^^^^^^^^^^^^^^^^^^^^^^^^^^^^^^^^^^^^^^^^^^^^^^^^^^^^^^
[2026-05-01T22:49:57.463+0000] {subprocess.py:93} INFO - psycopg2.OperationalError: connection to server at "postgres" (172.20.0.3), port 5432 failed: FATAL:  password authentication failed for user "postgres"
[2026-05-01T22:49:57.464+0000] {subprocess.py:93} INFO - 
[2026-05-01T22:49:57.464+0000] {subprocess.py:93} INFO - 
[2026-05-01T22:49:57.465+0000] {subprocess.py:93} INFO - The above exception was the direct cause of the following exception:
[2026-05-01T22:49:57.465+0000] {subprocess.py:93} INFO - 
[2026-05-01T22:49:57.466+0000] {subprocess.py:93} INFO - Traceback (most recent call last):
[2026-05-01T22:49:57.466+0000] {subprocess.py:93} INFO -   File "/opt/***/ingestion/ingestion.py", line 35, in <module>
[2026-05-01T22:49:57.467+0000] {subprocess.py:93} INFO -     with engine.begin() as conn:
[2026-05-01T22:49:57.467+0000] {subprocess.py:93} INFO -          ^^^^^^^^^^^^^^
[2026-05-01T22:49:57.468+0000] {subprocess.py:93} INFO -   File "/home/***/.local/lib/python3.12/site-packages/sqlalchemy/engine/base.py", line 3153, in begin
[2026-05-01T22:49:57.469+0000] {subprocess.py:93} INFO -     conn = self.connect(close_with_result=close_with_result)
[2026-05-01T22:49:57.469+0000] {subprocess.py:93} INFO -            ^^^^^^^^^^^^^^^^^^^^^^^^^^^^^^^^^^^^^^^^^^^^^^^^^
[2026-05-01T22:49:57.470+0000] {subprocess.py:93} INFO -   File "/home/***/.local/lib/python3.12/site-packages/sqlalchemy/engine/base.py", line 3325, in connect
[2026-05-01T22:49:57.470+0000] {subprocess.py:93} INFO -     return self._connection_cls(self, close_with_result=close_with_result)
[2026-05-01T22:49:57.471+0000] {subprocess.py:93} INFO -            ^^^^^^^^^^^^^^^^^^^^^^^^^^^^^^^^^^^^^^^^^^^^^^^^^^^^^^^^^^^^^^^
[2026-05-01T22:49:57.471+0000] {subprocess.py:93} INFO -   File "/home/***/.local/lib/python3.12/site-packages/sqlalchemy/engine/base.py", line 96, in __init__
[2026-05-01T22:49:57.472+0000] {subprocess.py:93} INFO -     else engine.raw_connection()
[2026-05-01T22:49:57.472+0000] {subprocess.py:93} INFO -          ^^^^^^^^^^^^^^^^^^^^^^^
[2026-05-01T22:49:57.473+0000] {subprocess.py:93} INFO -   File "/home/***/.local/lib/python3.12/site-packages/sqlalchemy/engine/base.py", line 3404, in raw_connection
[2026-05-01T22:49:57.474+0000] {subprocess.py:93} INFO -     return self._wrap_pool_connect(self.pool.connect, _connection)
[2026-05-01T22:49:57.474+0000] {subprocess.py:93} INFO -            ^^^^^^^^^^^^^^^^^^^^^^^^^^^^^^^^^^^^^^^^^^^^^^^^^^^^^^^
[2026-05-01T22:49:57.475+0000] {subprocess.py:93} INFO -   File "/home/***/.local/lib/python3.12/site-packages/sqlalchemy/engine/base.py", line 3374, in _wrap_pool_connect
[2026-05-01T22:49:57.476+0000] {subprocess.py:93} INFO -     Connection._handle_dbapi_exception_noconnection(
[2026-05-01T22:49:57.476+0000] {subprocess.py:93} INFO -   File "/home/***/.local/lib/python3.12/site-packages/sqlalchemy/engine/base.py", line 2208, in _handle_dbapi_exception_noconnection
[2026-05-01T22:49:57.477+0000] {subprocess.py:93} INFO -     util.raise_(
[2026-05-01T22:49:57.477+0000] {subprocess.py:93} INFO -   File "/home/***/.local/lib/python3.12/site-packages/sqlalchemy/util/compat.py", line 211, in raise_
[2026-05-01T22:49:57.478+0000] {subprocess.py:93} INFO -     raise exception
[2026-05-01T22:49:57.478+0000] {subprocess.py:93} INFO -   File "/home/***/.local/lib/python3.12/site-packages/sqlalchemy/engine/base.py", line 3371, in _wrap_pool_connect
[2026-05-01T22:49:57.479+0000] {subprocess.py:93} INFO -     return fn()
[2026-05-01T22:49:57.479+0000] {subprocess.py:93} INFO -            ^^^^
[2026-05-01T22:49:57.480+0000] {subprocess.py:93} INFO -   File "/home/***/.local/lib/python3.12/site-packages/sqlalchemy/pool/base.py", line 327, in connect
[2026-05-01T22:49:57.481+0000] {subprocess.py:93} INFO -     return _ConnectionFairy._checkout(self)
[2026-05-01T22:49:57.481+0000] {subprocess.py:93} INFO -            ^^^^^^^^^^^^^^^^^^^^^^^^^^^^^^^^
[2026-05-01T22:49:57.482+0000] {subprocess.py:93} INFO -   File "/home/***/.local/lib/python3.12/site-packages/sqlalchemy/pool/base.py", line 894, in _checkout
[2026-05-01T22:49:57.483+0000] {subprocess.py:93} INFO -     fairy = _ConnectionRecord.checkout(pool)
[2026-05-01T22:49:57.483+0000] {subprocess.py:93} INFO -             ^^^^^^^^^^^^^^^^^^^^^^^^^^^^^^^^
[2026-05-01T22:49:57.484+0000] {subprocess.py:93} INFO -   File "/home/***/.local/lib/python3.12/site-packages/sqlalchemy/pool/base.py", line 493, in checkout
[2026-05-01T22:49:57.484+0000] {subprocess.py:93} INFO -     rec = pool._do_get()
[2026-05-01T22:49:57.485+0000] {subprocess.py:93} INFO -           ^^^^^^^^^^^^^^
[2026-05-01T22:49:57.485+0000] {subprocess.py:93} INFO -   File "/home/***/.local/lib/python3.12/site-packages/sqlalchemy/pool/impl.py", line 145, in _do_get
[2026-05-01T22:49:57.486+0000] {subprocess.py:93} INFO -     with util.safe_reraise():
[2026-05-01T22:49:57.487+0000] {subprocess.py:93} INFO -   File "/home/***/.local/lib/python3.12/site-packages/sqlalchemy/util/langhelpers.py", line 70, in __exit__
[2026-05-01T22:49:57.488+0000] {subprocess.py:93} INFO -     compat.raise_(
[2026-05-01T22:49:57.488+0000] {subprocess.py:93} INFO -   File "/home/***/.local/lib/python3.12/site-packages/sqlalchemy/util/compat.py", line 211, in raise_
[2026-05-01T22:49:57.489+0000] {subprocess.py:93} INFO -     raise exception
[2026-05-01T22:49:57.489+0000] {subprocess.py:93} INFO -   File "/home/***/.local/lib/python3.12/site-packages/sqlalchemy/pool/impl.py", line 143, in _do_get
[2026-05-01T22:49:57.490+0000] {subprocess.py:93} INFO -     return self._create_connection()
[2026-05-01T22:49:57.491+0000] {subprocess.py:93} INFO -            ^^^^^^^^^^^^^^^^^^^^^^^^^
[2026-05-01T22:49:57.491+0000] {subprocess.py:93} INFO -   File "/home/***/.local/lib/python3.12/site-packages/sqlalchemy/pool/base.py", line 273, in _create_connection
[2026-05-01T22:49:57.492+0000] {subprocess.py:93} INFO -     return _ConnectionRecord(self)
[2026-05-01T22:49:57.492+0000] {subprocess.py:93} INFO -            ^^^^^^^^^^^^^^^^^^^^^^^
[2026-05-01T22:49:57.493+0000] {subprocess.py:93} INFO -   File "/home/***/.local/lib/python3.12/site-packages/sqlalchemy/pool/base.py", line 388, in __init__
[2026-05-01T22:49:57.494+0000] {subprocess.py:93} INFO -     self.__connect()
[2026-05-01T22:49:57.494+0000] {subprocess.py:93} INFO -   File "/home/***/.local/lib/python3.12/site-packages/sqlalchemy/pool/base.py", line 690, in __connect
[2026-05-01T22:49:57.495+0000] {subprocess.py:93} INFO -     with util.safe_reraise():
[2026-05-01T22:49:57.496+0000] {subprocess.py:93} INFO -   File "/home/***/.local/lib/python3.12/site-packages/sqlalchemy/util/langhelpers.py", line 70, in __exit__
[2026-05-01T22:49:57.496+0000] {subprocess.py:93} INFO -     compat.raise_(
[2026-05-01T22:49:57.497+0000] {subprocess.py:93} INFO -   File "/home/***/.local/lib/python3.12/site-packages/sqlalchemy/util/compat.py", line 211, in raise_
[2026-05-01T22:49:57.498+0000] {subprocess.py:93} INFO -     raise exception
[2026-05-01T22:49:57.498+0000] {subprocess.py:93} INFO -   File "/home/***/.local/lib/python3.12/site-packages/sqlalchemy/pool/base.py", line 686, in __connect
[2026-05-01T22:49:57.499+0000] {subprocess.py:93} INFO -     self.dbapi_connection = connection = pool._invoke_creator(self)
[2026-05-01T22:49:57.500+0000] {subprocess.py:93} INFO -                                          ^^^^^^^^^^^^^^^^^^^^^^^^^^
[2026-05-01T22:49:57.500+0000] {subprocess.py:93} INFO -   File "/home/***/.local/lib/python3.12/site-packages/sqlalchemy/engine/create.py", line 574, in connect
[2026-05-01T22:49:57.501+0000] {subprocess.py:93} INFO -     return dialect.connect(*cargs, **cparams)
[2026-05-01T22:49:57.501+0000] {subprocess.py:93} INFO -            ^^^^^^^^^^^^^^^^^^^^^^^^^^^^^^^^^^
[2026-05-01T22:49:57.502+0000] {subprocess.py:93} INFO -   File "/home/***/.local/lib/python3.12/site-packages/sqlalchemy/engine/default.py", line 598, in connect
[2026-05-01T22:49:57.503+0000] {subprocess.py:93} INFO -     return self.dbapi.connect(*cargs, **cparams)
[2026-05-01T22:49:57.503+0000] {subprocess.py:93} INFO -            ^^^^^^^^^^^^^^^^^^^^^^^^^^^^^^^^^^^^^
[2026-05-01T22:49:57.504+0000] {subprocess.py:93} INFO -   File "/home/***/.local/lib/python3.12/site-packages/psycopg2/__init__.py", line 122, in connect
[2026-05-01T22:49:57.504+0000] {subprocess.py:93} INFO -     conn = _connect(dsn, connection_factory=connection_factory, **kwasync)
[2026-05-01T22:49:57.505+0000] {subprocess.py:93} INFO -            ^^^^^^^^^^^^^^^^^^^^^^^^^^^^^^^^^^^^^^^^^^^^^^^^^^^^^^^^^^^^^^^
[2026-05-01T22:49:57.506+0000] {subprocess.py:93} INFO - sqlalchemy.exc.OperationalError: (psycopg2.OperationalError) connection to server at "postgres" (172.20.0.3), port 5432 failed: FATAL:  password authentication failed for user "postgres"
[2026-05-01T22:49:57.507+0000] {subprocess.py:93} INFO - 
[2026-05-01T22:49:57.507+0000] {subprocess.py:93} INFO - (Background on this error at: https://sqlalche.me/e/14/e3q8)
[2026-05-01T22:49:57.588+0000] {subprocess.py:97} INFO - Command exited with return code 1
[2026-05-01T22:49:57.589+0000] {taskinstance.py:441} INFO - ::group::Post task execution logs
[2026-05-01T22:49:57.600+0000] {taskinstance.py:2890} ERROR - Task failed with exception
Traceback (most recent call last):
  File "/home/airflow/.local/lib/python3.12/site-packages/airflow/models/taskinstance.py", line 465, in _execute_task
    result = _execute_callable(context=context, **execute_callable_kwargs)
             ^^^^^^^^^^^^^^^^^^^^^^^^^^^^^^^^^^^^^^^^^^^^^^^^^^^^^^^^^^^^^
  File "/home/airflow/.local/lib/python3.12/site-packages/airflow/models/taskinstance.py", line 432, in _execute_callable
    return execute_callable(context=context, **execute_callable_kwargs)
           ^^^^^^^^^^^^^^^^^^^^^^^^^^^^^^^^^^^^^^^^^^^^^^^^^^^^^^^^^^^^
  File "/home/airflow/.local/lib/python3.12/site-packages/airflow/models/baseoperator.py", line 400, in wrapper
    return func(self, *args, **kwargs)
           ^^^^^^^^^^^^^^^^^^^^^^^^^^^
  File "/home/airflow/.local/lib/python3.12/site-packages/airflow/operators/bash.py", line 243, in execute
    raise AirflowException(
airflow.exceptions.AirflowException: Bash command failed. The command returned a non-zero exit code 1.
[2026-05-01T22:49:57.605+0000] {taskinstance.py:1205} INFO - Marking task as FAILED. dag_id=etl_pipeline, task_id=ingestion, execution_date=20260501T224949, start_date=20260501T224952, end_date=20260501T224957
[2026-05-01T22:49:57.708+0000] {standard_task_runner.py:110} ERROR - Failed to execute job 99 for task ingestion (Bash command failed. The command returned a non-zero exit code 1.; 1263)
[2026-05-01T22:49:57.739+0000] {local_task_job_runner.py:240} INFO - Task exited with return code 1
[2026-05-01T22:49:57.768+0000] {taskinstance.py:3482} INFO - 0 downstream tasks scheduled from follow-on schedule check
[2026-05-01T22:49:57.773+0000] {local_task_job_runner.py:222} INFO - ::endgroup::
