[2026-05-08T19:47:33.237+0000] {local_task_job_runner.py:120} INFO - ::group::Pre task execution logs
[2026-05-08T19:47:33.481+0000] {taskinstance.py:2073} INFO - Dependencies all met for dep_context=non-requeueable deps ti=<TaskInstance: etl_pipeline.ingestion scheduled__2026-05-07T00:00:00+00:00 [queued]>
[2026-05-08T19:47:33.514+0000] {taskinstance.py:2073} INFO - Dependencies all met for dep_context=requeueable deps ti=<TaskInstance: etl_pipeline.ingestion scheduled__2026-05-07T00:00:00+00:00 [queued]>
[2026-05-08T19:47:33.515+0000] {taskinstance.py:2303} INFO - Starting attempt 1 of 1
[2026-05-08T19:47:33.551+0000] {taskinstance.py:2327} INFO - Executing <Task(BashOperator): ingestion> on 2026-05-07 00:00:00+00:00
[2026-05-08T19:47:33.571+0000] {standard_task_runner.py:90} INFO - Running: ['airflow', 'tasks', 'run', 'etl_pipeline', 'ingestion', 'scheduled__2026-05-07T00:00:00+00:00', '--job-id', '16', '--raw', '--subdir', 'DAGS_FOLDER/retail_dag.py', '--cfg-path', '/tmp/tmp8nz8zpn0']
[2026-05-08T19:47:33.579+0000] {standard_task_runner.py:91} INFO - Job 16: Subtask ingestion
[2026-05-08T19:47:33.580+0000] {logging_mixin.py:188} WARNING - /home/airflow/.local/lib/python3.12/site-packages/airflow/task/task_runner/standard_task_runner.py:61 DeprecationWarning: This process (pid=205) is multi-threaded, use of fork() may lead to deadlocks in the child.
[2026-05-08T19:47:33.581+0000] {standard_task_runner.py:63} INFO - Started process 274 to run task
[2026-05-08T19:47:33.944+0000] {task_command.py:426} INFO - Running <TaskInstance: etl_pipeline.ingestion scheduled__2026-05-07T00:00:00+00:00 [running]> on host 55294df33dd8
[2026-05-08T19:47:34.884+0000] {taskinstance.py:2644} INFO - Exporting env vars: AIRFLOW_CTX_DAG_OWNER='airflow' AIRFLOW_CTX_DAG_ID='etl_pipeline' AIRFLOW_CTX_TASK_ID='ingestion' AIRFLOW_CTX_EXECUTION_DATE='2026-05-07T00:00:00+00:00' AIRFLOW_CTX_TRY_NUMBER='1' AIRFLOW_CTX_DAG_RUN_ID='scheduled__2026-05-07T00:00:00+00:00'
[2026-05-08T19:47:34.894+0000] {taskinstance.py:430} INFO - ::endgroup::
[2026-05-08T19:47:34.896+0000] {subprocess.py:63} INFO - Tmp dir root location: /tmp
[2026-05-08T19:47:34.898+0000] {subprocess.py:75} INFO - Running command: ['/usr/bin/bash', '-c', 'python /opt/airflow/ingestion/ingestion.py']
[2026-05-08T19:47:34.947+0000] {subprocess.py:86} INFO - Output:
[2026-05-08T19:47:42.972+0000] {subprocess.py:93} INFO - Successfully loaded 6435 rows.
[2026-05-08T19:47:43.317+0000] {subprocess.py:97} INFO - Command exited with return code 0
[2026-05-08T19:47:43.319+0000] {taskinstance.py:441} INFO - ::group::Post task execution logs
[2026-05-08T19:47:43.869+0000] {taskinstance.py:1205} INFO - Marking task as SUCCESS. dag_id=etl_pipeline, task_id=ingestion, execution_date=20260507T000000, start_date=20260508T194733, end_date=20260508T194743
[2026-05-08T19:47:44.253+0000] {local_task_job_runner.py:240} INFO - Task exited with return code 0
[2026-05-08T19:47:44.445+0000] {taskinstance.py:3482} INFO - 1 downstream tasks scheduled from follow-on schedule check
[2026-05-08T19:47:44.449+0000] {local_task_job_runner.py:222} INFO - ::endgroup::
