[2026-05-02T08:44:00.804+0000] {local_task_job_runner.py:120} INFO - ::group::Pre task execution logs
[2026-05-02T08:44:00.868+0000] {taskinstance.py:2073} INFO - Dependencies all met for dep_context=non-requeueable deps ti=<TaskInstance: etl_pipeline.ingestion manual__2026-05-02T08:43:57.653876+00:00 [queued]>
[2026-05-02T08:44:00.884+0000] {taskinstance.py:2073} INFO - Dependencies all met for dep_context=requeueable deps ti=<TaskInstance: etl_pipeline.ingestion manual__2026-05-02T08:43:57.653876+00:00 [queued]>
[2026-05-02T08:44:00.885+0000] {taskinstance.py:2303} INFO - Starting attempt 1 of 1
[2026-05-02T08:44:00.985+0000] {taskinstance.py:2327} INFO - Executing <Task(BashOperator): ingestion> on 2026-05-02 08:43:57.653876+00:00
[2026-05-02T08:44:01.006+0000] {logging_mixin.py:188} WARNING - /home/airflow/.local/lib/python3.12/site-packages/airflow/task/task_runner/standard_task_runner.py:61 DeprecationWarning: This process (pid=678) is multi-threaded, use of fork() may lead to deadlocks in the child.
[2026-05-02T08:44:01.003+0000] {standard_task_runner.py:90} INFO - Running: ['airflow', 'tasks', 'run', 'etl_pipeline', 'ingestion', 'manual__2026-05-02T08:43:57.653876+00:00', '--job-id', '47', '--raw', '--subdir', 'DAGS_FOLDER/retail_dag.py', '--cfg-path', '/tmp/tmp9bl_gebd']
[2026-05-02T08:44:01.010+0000] {standard_task_runner.py:63} INFO - Started process 728 to run task
[2026-05-02T08:44:01.010+0000] {standard_task_runner.py:91} INFO - Job 47: Subtask ingestion
[2026-05-02T08:44:01.120+0000] {task_command.py:426} INFO - Running <TaskInstance: etl_pipeline.ingestion manual__2026-05-02T08:43:57.653876+00:00 [running]> on host 724cd62a4844
[2026-05-02T08:44:01.298+0000] {taskinstance.py:2644} INFO - Exporting env vars: AIRFLOW_CTX_DAG_OWNER='airflow' AIRFLOW_CTX_DAG_ID='etl_pipeline' AIRFLOW_CTX_TASK_ID='ingestion' AIRFLOW_CTX_EXECUTION_DATE='2026-05-02T08:43:57.653876+00:00' AIRFLOW_CTX_TRY_NUMBER='1' AIRFLOW_CTX_DAG_RUN_ID='manual__2026-05-02T08:43:57.653876+00:00'
[2026-05-02T08:44:01.302+0000] {taskinstance.py:430} INFO - ::endgroup::
[2026-05-02T08:44:01.304+0000] {subprocess.py:63} INFO - Tmp dir root location: /tmp
[2026-05-02T08:44:01.306+0000] {subprocess.py:75} INFO - Running command: ['/usr/bin/bash', '-c', 'python /opt/airflow/ingestion/ingestion.py']
[2026-05-02T08:44:01.332+0000] {subprocess.py:86} INFO - Output:
[2026-05-02T08:44:03.345+0000] {subprocess.py:93} INFO - Traceback (most recent call last):
[2026-05-02T08:44:03.346+0000] {subprocess.py:93} INFO -   File "/home/airflow/.local/lib/python3.12/site-packages/sqlalchemy/engine/base.py", line 1910, in _execute_context
[2026-05-02T08:44:03.348+0000] {subprocess.py:93} INFO -     self.dialect.do_execute(
[2026-05-02T08:44:03.349+0000] {subprocess.py:93} INFO -   File "/home/airflow/.local/lib/python3.12/site-packages/sqlalchemy/engine/default.py", line 736, in do_execute
[2026-05-02T08:44:03.359+0000] {subprocess.py:93} INFO -     cursor.execute(statement, parameters)
[2026-05-02T08:44:03.364+0000] {subprocess.py:93} INFO - psycopg2.errors.DependentObjectsStillExist: cannot drop table raw.walmart_sales because other objects depend on it
[2026-05-02T08:44:03.366+0000] {subprocess.py:93} INFO - DETAIL:  view raw.stg_walmart depends on table raw.walmart_sales
[2026-05-02T08:44:03.367+0000] {subprocess.py:93} INFO - view raw.fact_sales depends on view raw.stg_walmart
[2026-05-02T08:44:03.368+0000] {subprocess.py:93} INFO - HINT:  Use DROP ... CASCADE to drop the dependent objects too.
[2026-05-02T08:44:03.369+0000] {subprocess.py:93} INFO - 
[2026-05-02T08:44:03.370+0000] {subprocess.py:93} INFO - 
[2026-05-02T08:44:03.371+0000] {subprocess.py:93} INFO - The above exception was the direct cause of the following exception:
[2026-05-02T08:44:03.372+0000] {subprocess.py:93} INFO - 
[2026-05-02T08:44:03.373+0000] {subprocess.py:93} INFO - Traceback (most recent call last):
[2026-05-02T08:44:03.374+0000] {subprocess.py:93} INFO -   File "/opt/airflow/ingestion/ingestion.py", line 19, in <module>
[2026-05-02T08:44:03.376+0000] {subprocess.py:93} INFO -     df.to_sql(
[2026-05-02T08:44:03.377+0000] {subprocess.py:93} INFO -   File "/home/airflow/.local/lib/python3.12/site-packages/pandas/util/_decorators.py", line 333, in wrapper
[2026-05-02T08:44:03.378+0000] {subprocess.py:93} INFO -     return func(*args, **kwargs)
[2026-05-02T08:44:03.379+0000] {subprocess.py:93} INFO -            ^^^^^^^^^^^^^^^^^^^^^
[2026-05-02T08:44:03.380+0000] {subprocess.py:93} INFO -   File "/home/airflow/.local/lib/python3.12/site-packages/pandas/core/generic.py", line 3008, in to_sql
[2026-05-02T08:44:03.381+0000] {subprocess.py:93} INFO -     return sql.to_sql(
[2026-05-02T08:44:03.382+0000] {subprocess.py:93} INFO -            ^^^^^^^^^^^
[2026-05-02T08:44:03.383+0000] {subprocess.py:93} INFO -   File "/home/airflow/.local/lib/python3.12/site-packages/pandas/io/sql.py", line 788, in to_sql
[2026-05-02T08:44:03.384+0000] {subprocess.py:93} INFO -     return pandas_sql.to_sql(
[2026-05-02T08:44:03.385+0000] {subprocess.py:93} INFO -            ^^^^^^^^^^^^^^^^^^
[2026-05-02T08:44:03.387+0000] {subprocess.py:93} INFO -   File "/home/airflow/.local/lib/python3.12/site-packages/pandas/io/sql.py", line 1948, in to_sql
[2026-05-02T08:44:03.388+0000] {subprocess.py:93} INFO -     table = self.prep_table(
[2026-05-02T08:44:03.389+0000] {subprocess.py:93} INFO -             ^^^^^^^^^^^^^^^^
[2026-05-02T08:44:03.390+0000] {subprocess.py:93} INFO -   File "/home/airflow/.local/lib/python3.12/site-packages/pandas/io/sql.py", line 1852, in prep_table
[2026-05-02T08:44:03.392+0000] {subprocess.py:93} INFO -     table.create()
[2026-05-02T08:44:03.393+0000] {subprocess.py:93} INFO -   File "/home/airflow/.local/lib/python3.12/site-packages/pandas/io/sql.py", line 929, in create
[2026-05-02T08:44:03.394+0000] {subprocess.py:93} INFO -     self.pd_sql.drop_table(self.name, self.schema)
[2026-05-02T08:44:03.395+0000] {subprocess.py:93} INFO -   File "/home/airflow/.local/lib/python3.12/site-packages/pandas/io/sql.py", line 2003, in drop_table
[2026-05-02T08:44:03.396+0000] {subprocess.py:93} INFO -     self.get_table(table_name, schema).drop(bind=self.con)
[2026-05-02T08:44:03.397+0000] {subprocess.py:93} INFO -   File "/home/airflow/.local/lib/python3.12/site-packages/sqlalchemy/sql/schema.py", line 979, in drop
[2026-05-02T08:44:03.398+0000] {subprocess.py:93} INFO -     bind._run_ddl_visitor(ddl.SchemaDropper, self, checkfirst=checkfirst)
[2026-05-02T08:44:03.399+0000] {subprocess.py:93} INFO -   File "/home/airflow/.local/lib/python3.12/site-packages/sqlalchemy/engine/base.py", line 2221, in _run_ddl_visitor
[2026-05-02T08:44:03.401+0000] {subprocess.py:93} INFO -     visitorcallable(self.dialect, self, **kwargs).traverse_single(element)
[2026-05-02T08:44:03.402+0000] {subprocess.py:93} INFO -   File "/home/airflow/.local/lib/python3.12/site-packages/sqlalchemy/sql/visitors.py", line 524, in traverse_single
[2026-05-02T08:44:03.403+0000] {subprocess.py:93} INFO -     return meth(obj, **kw)
[2026-05-02T08:44:03.404+0000] {subprocess.py:93} INFO -            ^^^^^^^^^^^^^^^
[2026-05-02T08:44:03.405+0000] {subprocess.py:93} INFO -   File "/home/airflow/.local/lib/python3.12/site-packages/sqlalchemy/sql/ddl.py", line 1106, in visit_table
[2026-05-02T08:44:03.406+0000] {subprocess.py:93} INFO -     self.connection.execute(DropTable(table))
[2026-05-02T08:44:03.408+0000] {subprocess.py:93} INFO -   File "/home/airflow/.local/lib/python3.12/site-packages/sqlalchemy/engine/base.py", line 1385, in execute
[2026-05-02T08:44:03.409+0000] {subprocess.py:93} INFO -     return meth(self, multiparams, params, _EMPTY_EXECUTION_OPTS)
[2026-05-02T08:44:03.410+0000] {subprocess.py:93} INFO -            ^^^^^^^^^^^^^^^^^^^^^^^^^^^^^^^^^^^^^^^^^^^^^^^^^^^^^^
[2026-05-02T08:44:03.411+0000] {subprocess.py:93} INFO -   File "/home/airflow/.local/lib/python3.12/site-packages/sqlalchemy/sql/ddl.py", line 80, in _execute_on_connection
[2026-05-02T08:44:03.412+0000] {subprocess.py:93} INFO -     return connection._execute_ddl(
[2026-05-02T08:44:03.413+0000] {subprocess.py:93} INFO -            ^^^^^^^^^^^^^^^^^^^^^^^^
[2026-05-02T08:44:03.414+0000] {subprocess.py:93} INFO -   File "/home/airflow/.local/lib/python3.12/site-packages/sqlalchemy/engine/base.py", line 1477, in _execute_ddl
[2026-05-02T08:44:03.415+0000] {subprocess.py:93} INFO -     ret = self._execute_context(
[2026-05-02T08:44:03.416+0000] {subprocess.py:93} INFO -           ^^^^^^^^^^^^^^^^^^^^^^
[2026-05-02T08:44:03.417+0000] {subprocess.py:93} INFO -   File "/home/airflow/.local/lib/python3.12/site-packages/sqlalchemy/engine/base.py", line 1953, in _execute_context
[2026-05-02T08:44:03.418+0000] {subprocess.py:93} INFO -     self._handle_dbapi_exception(
[2026-05-02T08:44:03.420+0000] {subprocess.py:93} INFO -   File "/home/airflow/.local/lib/python3.12/site-packages/sqlalchemy/engine/base.py", line 2134, in _handle_dbapi_exception
[2026-05-02T08:44:03.421+0000] {subprocess.py:93} INFO -     util.raise_(
[2026-05-02T08:44:03.422+0000] {subprocess.py:93} INFO -   File "/home/airflow/.local/lib/python3.12/site-packages/sqlalchemy/util/compat.py", line 211, in raise_
[2026-05-02T08:44:03.424+0000] {subprocess.py:93} INFO -     raise exception
[2026-05-02T08:44:03.425+0000] {subprocess.py:93} INFO -   File "/home/airflow/.local/lib/python3.12/site-packages/sqlalchemy/engine/base.py", line 1910, in _execute_context
[2026-05-02T08:44:03.427+0000] {subprocess.py:93} INFO -     self.dialect.do_execute(
[2026-05-02T08:44:03.428+0000] {subprocess.py:93} INFO -   File "/home/airflow/.local/lib/python3.12/site-packages/sqlalchemy/engine/default.py", line 736, in do_execute
[2026-05-02T08:44:03.429+0000] {subprocess.py:93} INFO -     cursor.execute(statement, parameters)
[2026-05-02T08:44:03.430+0000] {subprocess.py:93} INFO - sqlalchemy.exc.InternalError: (psycopg2.errors.DependentObjectsStillExist) cannot drop table raw.walmart_sales because other objects depend on it
[2026-05-02T08:44:03.431+0000] {subprocess.py:93} INFO - DETAIL:  view raw.stg_walmart depends on table raw.walmart_sales
[2026-05-02T08:44:03.432+0000] {subprocess.py:93} INFO - view raw.fact_sales depends on view raw.stg_walmart
[2026-05-02T08:44:03.433+0000] {subprocess.py:93} INFO - HINT:  Use DROP ... CASCADE to drop the dependent objects too.
[2026-05-02T08:44:03.434+0000] {subprocess.py:93} INFO - 
[2026-05-02T08:44:03.435+0000] {subprocess.py:93} INFO - [SQL:
[2026-05-02T08:44:03.436+0000] {subprocess.py:93} INFO - DROP TABLE raw.walmart_sales]
[2026-05-02T08:44:03.437+0000] {subprocess.py:93} INFO - (Background on this error at: https://sqlalche.me/e/14/2j85)
[2026-05-02T08:44:03.598+0000] {subprocess.py:97} INFO - Command exited with return code 1
[2026-05-02T08:44:03.600+0000] {taskinstance.py:441} INFO - ::group::Post task execution logs
[2026-05-02T08:44:03.619+0000] {taskinstance.py:2890} ERROR - Task failed with exception
Traceback (most recent call last):
  File "/home/airflow/.local/lib/python3.12/site-packages/airflow/models/taskinstance.py", line 465, in _execute_task
    result = _execute_callable(context=context, **execute_callable_kwargs)
             ^^^^^^^^^^^^^^^^^^^^^^^^^^^^^^^^^^^^^^^^^^^^^^^^^^^^^^^^^^^^^
  File "/home/airflow/.local/lib/python3.12/site-packages/airflow/models/taskinstance.py", line 432, in _execute_callable
    return execute_callable(context=context, **execute_callable_kwargs)
           ^^^^^^^^^^^^^^^^^^^^^^^^^^^^^^^^^^^^^^^^^^^^^^^^^^^^^^^^^^^^
  File "/home/airflow/.local/lib/python3.12/site-packages/airflow/models/baseoperator.py", line 400, in wrapper
    return func(self, *args, **kwargs)
           ^^^^^^^^^^^^^^^^^^^^^^^^^^^
  File "/home/airflow/.local/lib/python3.12/site-packages/airflow/operators/bash.py", line 243, in execute
    raise AirflowException(
airflow.exceptions.AirflowException: Bash command failed. The command returned a non-zero exit code 1.
[2026-05-02T08:44:03.627+0000] {taskinstance.py:1205} INFO - Marking task as FAILED. dag_id=etl_pipeline, task_id=ingestion, execution_date=20260502T084357, start_date=20260502T084400, end_date=20260502T084403
[2026-05-02T08:44:03.649+0000] {standard_task_runner.py:110} ERROR - Failed to execute job 47 for task ingestion (Bash command failed. The command returned a non-zero exit code 1.; 728)
[2026-05-02T08:44:03.678+0000] {local_task_job_runner.py:240} INFO - Task exited with return code 1
[2026-05-02T08:44:03.707+0000] {taskinstance.py:3482} INFO - 0 downstream tasks scheduled from follow-on schedule check
[2026-05-02T08:44:03.712+0000] {local_task_job_runner.py:222} INFO - ::endgroup::
