[2026-05-01T21:11:29.656+0000] {local_task_job_runner.py:120} INFO - ::group::Pre task execution logs
[2026-05-01T21:11:29.685+0000] {taskinstance.py:2073} INFO - Dependencies all met for dep_context=non-requeueable deps ti=<TaskInstance: dbt_orchestration.run_ingestion_notebook manual__2026-05-01T21:11:19.300714+00:00 [queued]>
[2026-05-01T21:11:29.694+0000] {taskinstance.py:2073} INFO - Dependencies all met for dep_context=requeueable deps ti=<TaskInstance: dbt_orchestration.run_ingestion_notebook manual__2026-05-01T21:11:19.300714+00:00 [queued]>
[2026-05-01T21:11:29.695+0000] {taskinstance.py:2303} INFO - Starting attempt 1 of 1
[2026-05-01T21:11:29.709+0000] {taskinstance.py:2327} INFO - Executing <Task(BashOperator): run_ingestion_notebook> on 2026-05-01 21:11:19.300714+00:00
[2026-05-01T21:11:29.718+0000] {standard_task_runner.py:90} INFO - Running: ['***', 'tasks', 'run', 'dbt_orchestration', 'run_ingestion_notebook', 'manual__2026-05-01T21:11:19.300714+00:00', '--job-id', '4', '--raw', '--subdir', 'DAGS_FOLDER/retail_dag.py', '--cfg-path', '/tmp/tmplba1lnbc']
[2026-05-01T21:11:29.721+0000] {logging_mixin.py:188} WARNING - /home/***/.local/lib/python3.12/site-packages/***/task/task_runner/standard_task_runner.py:61 DeprecationWarning: This process (pid=1007) is multi-threaded, use of fork() may lead to deadlocks in the child.
[2026-05-01T21:11:29.722+0000] {standard_task_runner.py:91} INFO - Job 4: Subtask run_ingestion_notebook
[2026-05-01T21:11:29.722+0000] {standard_task_runner.py:63} INFO - Started process 1019 to run task
[2026-05-01T21:11:30.908+0000] {task_command.py:426} INFO - Running <TaskInstance: dbt_orchestration.run_ingestion_notebook manual__2026-05-01T21:11:19.300714+00:00 [running]> on host b697035b158b
[2026-05-01T21:11:30.994+0000] {taskinstance.py:2644} INFO - Exporting env vars: AIRFLOW_CTX_DAG_OWNER='***' AIRFLOW_CTX_DAG_ID='dbt_orchestration' AIRFLOW_CTX_TASK_ID='run_ingestion_notebook' AIRFLOW_CTX_EXECUTION_DATE='2026-05-01T21:11:19.300714+00:00' AIRFLOW_CTX_TRY_NUMBER='1' AIRFLOW_CTX_DAG_RUN_ID='manual__2026-05-01T21:11:19.300714+00:00'
[2026-05-01T21:11:30.997+0000] {taskinstance.py:430} INFO - ::endgroup::
[2026-05-01T21:11:30.998+0000] {subprocess.py:63} INFO - Tmp dir root location: /tmp
[2026-05-01T21:11:31.000+0000] {subprocess.py:75} INFO - Running command: ['/usr/bin/bash', '-c', '\n        papermill /opt/***/ingestion/ingestion.ipynb                   /opt/***/ingestion/output.ipynb\n        ']
[2026-05-01T21:11:31.013+0000] {subprocess.py:86} INFO - Output:
[2026-05-01T21:11:31.113+0000] {subprocess.py:93} INFO - /usr/bin/bash: line 2: papermill: command not found
[2026-05-01T21:11:31.134+0000] {subprocess.py:97} INFO - Command exited with return code 127
[2026-05-01T21:11:31.135+0000] {taskinstance.py:441} INFO - ::group::Post task execution logs
[2026-05-01T21:11:31.146+0000] {taskinstance.py:2890} ERROR - Task failed with exception
Traceback (most recent call last):
  File "/home/airflow/.local/lib/python3.12/site-packages/airflow/models/taskinstance.py", line 465, in _execute_task
    result = _execute_callable(context=context, **execute_callable_kwargs)
             ^^^^^^^^^^^^^^^^^^^^^^^^^^^^^^^^^^^^^^^^^^^^^^^^^^^^^^^^^^^^^
  File "/home/airflow/.local/lib/python3.12/site-packages/airflow/models/taskinstance.py", line 432, in _execute_callable
    return execute_callable(context=context, **execute_callable_kwargs)
           ^^^^^^^^^^^^^^^^^^^^^^^^^^^^^^^^^^^^^^^^^^^^^^^^^^^^^^^^^^^^
  File "/home/airflow/.local/lib/python3.12/site-packages/airflow/models/baseoperator.py", line 400, in wrapper
    return func(self, *args, **kwargs)
           ^^^^^^^^^^^^^^^^^^^^^^^^^^^
  File "/home/airflow/.local/lib/python3.12/site-packages/airflow/operators/bash.py", line 243, in execute
    raise AirflowException(
airflow.exceptions.AirflowException: Bash command failed. The command returned a non-zero exit code 127.
[2026-05-01T21:11:31.152+0000] {taskinstance.py:1205} INFO - Marking task as FAILED. dag_id=dbt_orchestration, task_id=run_ingestion_notebook, execution_date=20260501T211119, start_date=20260501T211129, end_date=20260501T211131
[2026-05-01T21:11:31.166+0000] {standard_task_runner.py:110} ERROR - Failed to execute job 4 for task run_ingestion_notebook (Bash command failed. The command returned a non-zero exit code 127.; 1019)
[2026-05-01T21:11:31.182+0000] {local_task_job_runner.py:240} INFO - Task exited with return code 1
[2026-05-01T21:11:31.210+0000] {taskinstance.py:3482} INFO - 0 downstream tasks scheduled from follow-on schedule check
[2026-05-01T21:11:31.216+0000] {local_task_job_runner.py:222} INFO - ::endgroup::
