[2026-04-25T22:20:04.559+0000] {local_task_job_runner.py:120} INFO - ::group::Pre task execution logs
[2026-04-25T22:20:04.580+0000] {taskinstance.py:2073} INFO - Dependencies all met for dep_context=non-requeueable deps ti=<TaskInstance: retail_pipeline.dbt_run scheduled__2026-04-25T22:15:00+00:00 [queued]>
[2026-04-25T22:20:04.587+0000] {taskinstance.py:2073} INFO - Dependencies all met for dep_context=requeueable deps ti=<TaskInstance: retail_pipeline.dbt_run scheduled__2026-04-25T22:15:00+00:00 [queued]>
[2026-04-25T22:20:04.587+0000] {taskinstance.py:2303} INFO - Starting attempt 1 of 1
[2026-04-25T22:20:04.605+0000] {taskinstance.py:2327} INFO - Executing <Task(BashOperator): dbt_run> on 2026-04-25 22:15:00+00:00
[2026-04-25T22:20:04.630+0000] {warnings.py:110} WARNING - /home/***/.local/lib/python3.12/site-packages/***/task/task_runner/standard_task_runner.py:61: DeprecationWarning: This process (pid=108) is multi-threaded, use of fork() may lead to deadlocks in the child.
  pid = os.fork()

[2026-04-25T22:20:04.634+0000] {standard_task_runner.py:63} INFO - Started process 110 to run task
[2026-04-25T22:20:04.623+0000] {standard_task_runner.py:90} INFO - Running: ['***', 'tasks', 'run', 'retail_pipeline', 'dbt_run', 'scheduled__2026-04-25T22:15:00+00:00', '--job-id', '29', '--raw', '--subdir', 'DAGS_FOLDER/retail_dag.py', '--cfg-path', '/tmp/tmpn1024pk1']
[2026-04-25T22:20:04.637+0000] {standard_task_runner.py:91} INFO - Job 29: Subtask dbt_run
[2026-04-25T22:20:04.730+0000] {task_command.py:426} INFO - Running <TaskInstance: retail_pipeline.dbt_run scheduled__2026-04-25T22:15:00+00:00 [running]> on host 15a4ea50604a
[2026-04-25T22:20:04.859+0000] {taskinstance.py:2644} INFO - Exporting env vars: AIRFLOW_CTX_DAG_OWNER='***' AIRFLOW_CTX_DAG_ID='retail_pipeline' AIRFLOW_CTX_TASK_ID='dbt_run' AIRFLOW_CTX_EXECUTION_DATE='2026-04-25T22:15:00+00:00' AIRFLOW_CTX_TRY_NUMBER='1' AIRFLOW_CTX_DAG_RUN_ID='scheduled__2026-04-25T22:15:00+00:00'
[2026-04-25T22:20:04.865+0000] {taskinstance.py:430} INFO - ::endgroup::
[2026-04-25T22:20:04.866+0000] {subprocess.py:63} INFO - Tmp dir root location: /tmp
[2026-04-25T22:20:04.867+0000] {subprocess.py:75} INFO - Running command: ['/usr/bin/bash', '-c', 'cd dbt_project && dbt run']
[2026-04-25T22:20:04.880+0000] {subprocess.py:86} INFO - Output:
[2026-04-25T22:20:04.883+0000] {subprocess.py:93} INFO - /usr/bin/bash: line 1: cd: dbt_project: No such file or directory
[2026-04-25T22:20:04.883+0000] {subprocess.py:97} INFO - Command exited with return code 1
[2026-04-25T22:20:04.884+0000] {taskinstance.py:441} INFO - ::group::Post task execution logs
[2026-04-25T22:20:04.897+0000] {taskinstance.py:2890} ERROR - Task failed with exception
Traceback (most recent call last):
  File "/home/airflow/.local/lib/python3.12/site-packages/airflow/models/taskinstance.py", line 465, in _execute_task
    result = _execute_callable(context=context, **execute_callable_kwargs)
             ^^^^^^^^^^^^^^^^^^^^^^^^^^^^^^^^^^^^^^^^^^^^^^^^^^^^^^^^^^^^^
  File "/home/airflow/.local/lib/python3.12/site-packages/airflow/models/taskinstance.py", line 432, in _execute_callable
    return execute_callable(context=context, **execute_callable_kwargs)
           ^^^^^^^^^^^^^^^^^^^^^^^^^^^^^^^^^^^^^^^^^^^^^^^^^^^^^^^^^^^^
  File "/home/airflow/.local/lib/python3.12/site-packages/airflow/models/baseoperator.py", line 400, in wrapper
    return func(self, *args, **kwargs)
           ^^^^^^^^^^^^^^^^^^^^^^^^^^^
  File "/home/airflow/.local/lib/python3.12/site-packages/airflow/operators/bash.py", line 243, in execute
    raise AirflowException(
airflow.exceptions.AirflowException: Bash command failed. The command returned a non-zero exit code 1.
[2026-04-25T22:20:04.902+0000] {taskinstance.py:1205} INFO - Marking task as FAILED. dag_id=retail_pipeline, task_id=dbt_run, execution_date=20260425T221500, start_date=20260425T222004, end_date=20260425T222004
[2026-04-25T22:20:04.918+0000] {standard_task_runner.py:110} ERROR - Failed to execute job 29 for task dbt_run (Bash command failed. The command returned a non-zero exit code 1.; 110)
[2026-04-25T22:20:04.934+0000] {local_task_job_runner.py:240} INFO - Task exited with return code 1
[2026-04-25T22:20:04.956+0000] {taskinstance.py:3482} INFO - 0 downstream tasks scheduled from follow-on schedule check
[2026-04-25T22:20:04.960+0000] {local_task_job_runner.py:222} INFO - ::endgroup::
