[2026-05-01T22:26:27.948+0000] {local_task_job_runner.py:120} INFO - ::group::Pre task execution logs
[2026-05-01T22:26:27.979+0000] {taskinstance.py:2073} INFO - Dependencies all met for dep_context=non-requeueable deps ti=<TaskInstance: etl_pipeline.ingestion manual__2026-05-01T22:26:24.802367+00:00 [queued]>
[2026-05-01T22:26:27.986+0000] {taskinstance.py:2073} INFO - Dependencies all met for dep_context=requeueable deps ti=<TaskInstance: etl_pipeline.ingestion manual__2026-05-01T22:26:24.802367+00:00 [queued]>
[2026-05-01T22:26:27.987+0000] {taskinstance.py:2303} INFO - Starting attempt 1 of 1
[2026-05-01T22:26:28.000+0000] {taskinstance.py:2327} INFO - Executing <Task(BashOperator): ingestion> on 2026-05-01 22:26:24.802367+00:00
[2026-05-01T22:26:28.011+0000] {standard_task_runner.py:90} INFO - Running: ['***', 'tasks', 'run', 'etl_pipeline', 'ingestion', 'manual__2026-05-01T22:26:24.802367+00:00', '--job-id', '60', '--raw', '--subdir', 'DAGS_FOLDER/retail_dag.py', '--cfg-path', '/tmp/tmpzzh30ikk']
[2026-05-01T22:26:28.014+0000] {logging_mixin.py:188} WARNING - /home/***/.local/lib/python3.12/site-packages/***/task/task_runner/standard_task_runner.py:61 DeprecationWarning: This process (pid=733) is multi-threaded, use of fork() may lead to deadlocks in the child.
[2026-05-01T22:26:28.016+0000] {standard_task_runner.py:91} INFO - Job 60: Subtask ingestion
[2026-05-01T22:26:28.016+0000] {standard_task_runner.py:63} INFO - Started process 735 to run task
[2026-05-01T22:26:28.184+0000] {task_command.py:426} INFO - Running <TaskInstance: etl_pipeline.ingestion manual__2026-05-01T22:26:24.802367+00:00 [running]> on host a24e5b2fdb7b
[2026-05-01T22:26:28.525+0000] {taskinstance.py:2644} INFO - Exporting env vars: AIRFLOW_CTX_DAG_OWNER='***' AIRFLOW_CTX_DAG_ID='etl_pipeline' AIRFLOW_CTX_TASK_ID='ingestion' AIRFLOW_CTX_EXECUTION_DATE='2026-05-01T22:26:24.802367+00:00' AIRFLOW_CTX_TRY_NUMBER='1' AIRFLOW_CTX_DAG_RUN_ID='manual__2026-05-01T22:26:24.802367+00:00'
[2026-05-01T22:26:28.527+0000] {taskinstance.py:430} INFO - ::endgroup::
[2026-05-01T22:26:28.547+0000] {subprocess.py:63} INFO - Tmp dir root location: /tmp
[2026-05-01T22:26:28.549+0000] {subprocess.py:75} INFO - Running command: ['/usr/bin/bash', '-c', 'python /opt/***/ingestion/ingestion.py']
[2026-05-01T22:26:28.561+0000] {subprocess.py:86} INFO - Output:
[2026-05-01T22:26:40.206+0000] {subprocess.py:93} INFO - Loaded rows: 6435
[2026-05-01T22:26:40.207+0000] {subprocess.py:93} INFO - Saved parquet file
[2026-05-01T22:26:40.224+0000] {subprocess.py:93} INFO - Traceback (most recent call last):
[2026-05-01T22:26:40.321+0000] {subprocess.py:93} INFO -   File "/home/***/.local/lib/python3.12/site-packages/sqlalchemy/engine/base.py", line 3371, in _wrap_pool_connect
[2026-05-01T22:26:40.322+0000] {subprocess.py:93} INFO -     return fn()
[2026-05-01T22:26:40.322+0000] {subprocess.py:93} INFO -            ^^^^
[2026-05-01T22:26:40.323+0000] {subprocess.py:93} INFO -   File "/home/***/.local/lib/python3.12/site-packages/sqlalchemy/pool/base.py", line 327, in connect
[2026-05-01T22:26:40.324+0000] {subprocess.py:93} INFO -     return _ConnectionFairy._checkout(self)
[2026-05-01T22:26:40.325+0000] {subprocess.py:93} INFO -            ^^^^^^^^^^^^^^^^^^^^^^^^^^^^^^^^
[2026-05-01T22:26:40.325+0000] {subprocess.py:93} INFO -   File "/home/***/.local/lib/python3.12/site-packages/sqlalchemy/pool/base.py", line 894, in _checkout
[2026-05-01T22:26:40.326+0000] {subprocess.py:93} INFO -     fairy = _ConnectionRecord.checkout(pool)
[2026-05-01T22:26:40.327+0000] {subprocess.py:93} INFO -             ^^^^^^^^^^^^^^^^^^^^^^^^^^^^^^^^
[2026-05-01T22:26:40.328+0000] {subprocess.py:93} INFO -   File "/home/***/.local/lib/python3.12/site-packages/sqlalchemy/pool/base.py", line 493, in checkout
[2026-05-01T22:26:40.328+0000] {subprocess.py:93} INFO -     rec = pool._do_get()
[2026-05-01T22:26:40.329+0000] {subprocess.py:93} INFO -           ^^^^^^^^^^^^^^
[2026-05-01T22:26:40.329+0000] {subprocess.py:93} INFO -   File "/home/***/.local/lib/python3.12/site-packages/sqlalchemy/pool/impl.py", line 145, in _do_get
[2026-05-01T22:26:40.330+0000] {subprocess.py:93} INFO -     with util.safe_reraise():
[2026-05-01T22:26:40.331+0000] {subprocess.py:93} INFO -   File "/home/***/.local/lib/python3.12/site-packages/sqlalchemy/util/langhelpers.py", line 70, in __exit__
[2026-05-01T22:26:40.331+0000] {subprocess.py:93} INFO -     compat.raise_(
[2026-05-01T22:26:40.332+0000] {subprocess.py:93} INFO -   File "/home/***/.local/lib/python3.12/site-packages/sqlalchemy/util/compat.py", line 211, in raise_
[2026-05-01T22:26:40.333+0000] {subprocess.py:93} INFO -     raise exception
[2026-05-01T22:26:40.333+0000] {subprocess.py:93} INFO -   File "/home/***/.local/lib/python3.12/site-packages/sqlalchemy/pool/impl.py", line 143, in _do_get
[2026-05-01T22:26:40.334+0000] {subprocess.py:93} INFO -     return self._create_connection()
[2026-05-01T22:26:40.334+0000] {subprocess.py:93} INFO -            ^^^^^^^^^^^^^^^^^^^^^^^^^
[2026-05-01T22:26:40.335+0000] {subprocess.py:93} INFO -   File "/home/***/.local/lib/python3.12/site-packages/sqlalchemy/pool/base.py", line 273, in _create_connection
[2026-05-01T22:26:40.335+0000] {subprocess.py:93} INFO -     return _ConnectionRecord(self)
[2026-05-01T22:26:40.336+0000] {subprocess.py:93} INFO -            ^^^^^^^^^^^^^^^^^^^^^^^
[2026-05-01T22:26:40.336+0000] {subprocess.py:93} INFO -   File "/home/***/.local/lib/python3.12/site-packages/sqlalchemy/pool/base.py", line 388, in __init__
[2026-05-01T22:26:40.337+0000] {subprocess.py:93} INFO -     self.__connect()
[2026-05-01T22:26:40.338+0000] {subprocess.py:93} INFO -   File "/home/***/.local/lib/python3.12/site-packages/sqlalchemy/pool/base.py", line 690, in __connect
[2026-05-01T22:26:40.338+0000] {subprocess.py:93} INFO -     with util.safe_reraise():
[2026-05-01T22:26:40.339+0000] {subprocess.py:93} INFO -   File "/home/***/.local/lib/python3.12/site-packages/sqlalchemy/util/langhelpers.py", line 70, in __exit__
[2026-05-01T22:26:40.339+0000] {subprocess.py:93} INFO -     compat.raise_(
[2026-05-01T22:26:40.340+0000] {subprocess.py:93} INFO -   File "/home/***/.local/lib/python3.12/site-packages/sqlalchemy/util/compat.py", line 211, in raise_
[2026-05-01T22:26:40.341+0000] {subprocess.py:93} INFO -     raise exception
[2026-05-01T22:26:40.341+0000] {subprocess.py:93} INFO -   File "/home/***/.local/lib/python3.12/site-packages/sqlalchemy/pool/base.py", line 686, in __connect
[2026-05-01T22:26:40.342+0000] {subprocess.py:93} INFO -     self.dbapi_connection = connection = pool._invoke_creator(self)
[2026-05-01T22:26:40.342+0000] {subprocess.py:93} INFO -                                          ^^^^^^^^^^^^^^^^^^^^^^^^^^
[2026-05-01T22:26:40.343+0000] {subprocess.py:93} INFO -   File "/home/***/.local/lib/python3.12/site-packages/sqlalchemy/engine/create.py", line 574, in connect
[2026-05-01T22:26:40.343+0000] {subprocess.py:93} INFO -     return dialect.connect(*cargs, **cparams)
[2026-05-01T22:26:40.344+0000] {subprocess.py:93} INFO -            ^^^^^^^^^^^^^^^^^^^^^^^^^^^^^^^^^^
[2026-05-01T22:26:40.345+0000] {subprocess.py:93} INFO -   File "/home/***/.local/lib/python3.12/site-packages/sqlalchemy/engine/default.py", line 598, in connect
[2026-05-01T22:26:40.345+0000] {subprocess.py:93} INFO -     return self.dbapi.connect(*cargs, **cparams)
[2026-05-01T22:26:40.346+0000] {subprocess.py:93} INFO -            ^^^^^^^^^^^^^^^^^^^^^^^^^^^^^^^^^^^^^
[2026-05-01T22:26:40.346+0000] {subprocess.py:93} INFO -   File "/home/***/.local/lib/python3.12/site-packages/psycopg2/__init__.py", line 122, in connect
[2026-05-01T22:26:40.347+0000] {subprocess.py:93} INFO -     conn = _connect(dsn, connection_factory=connection_factory, **kwasync)
[2026-05-01T22:26:40.347+0000] {subprocess.py:93} INFO -            ^^^^^^^^^^^^^^^^^^^^^^^^^^^^^^^^^^^^^^^^^^^^^^^^^^^^^^^^^^^^^^^
[2026-05-01T22:26:40.348+0000] {subprocess.py:93} INFO - psycopg2.OperationalError: connection to server at "postgres" (172.20.0.3), port 5432 failed: FATAL:  password authentication failed for user "postgres"
[2026-05-01T22:26:40.348+0000] {subprocess.py:93} INFO - 
[2026-05-01T22:26:40.349+0000] {subprocess.py:93} INFO - 
[2026-05-01T22:26:40.349+0000] {subprocess.py:93} INFO - The above exception was the direct cause of the following exception:
[2026-05-01T22:26:40.350+0000] {subprocess.py:93} INFO - 
[2026-05-01T22:26:40.350+0000] {subprocess.py:93} INFO - Traceback (most recent call last):
[2026-05-01T22:26:40.351+0000] {subprocess.py:93} INFO -   File "/opt/***/ingestion/ingestion.py", line 33, in <module>
[2026-05-01T22:26:40.351+0000] {subprocess.py:93} INFO -     with engine.begin() as conn:
[2026-05-01T22:26:40.352+0000] {subprocess.py:93} INFO -          ^^^^^^^^^^^^^^
[2026-05-01T22:26:40.352+0000] {subprocess.py:93} INFO -   File "/home/***/.local/lib/python3.12/site-packages/sqlalchemy/engine/base.py", line 3153, in begin
[2026-05-01T22:26:40.353+0000] {subprocess.py:93} INFO -     conn = self.connect(close_with_result=close_with_result)
[2026-05-01T22:26:40.353+0000] {subprocess.py:93} INFO -            ^^^^^^^^^^^^^^^^^^^^^^^^^^^^^^^^^^^^^^^^^^^^^^^^^
[2026-05-01T22:26:40.354+0000] {subprocess.py:93} INFO -   File "/home/***/.local/lib/python3.12/site-packages/sqlalchemy/engine/base.py", line 3325, in connect
[2026-05-01T22:26:40.354+0000] {subprocess.py:93} INFO -     return self._connection_cls(self, close_with_result=close_with_result)
[2026-05-01T22:26:40.355+0000] {subprocess.py:93} INFO -            ^^^^^^^^^^^^^^^^^^^^^^^^^^^^^^^^^^^^^^^^^^^^^^^^^^^^^^^^^^^^^^^
[2026-05-01T22:26:40.355+0000] {subprocess.py:93} INFO -   File "/home/***/.local/lib/python3.12/site-packages/sqlalchemy/engine/base.py", line 96, in __init__
[2026-05-01T22:26:40.356+0000] {subprocess.py:93} INFO -     else engine.raw_connection()
[2026-05-01T22:26:40.356+0000] {subprocess.py:93} INFO -          ^^^^^^^^^^^^^^^^^^^^^^^
[2026-05-01T22:26:40.357+0000] {subprocess.py:93} INFO -   File "/home/***/.local/lib/python3.12/site-packages/sqlalchemy/engine/base.py", line 3404, in raw_connection
[2026-05-01T22:26:40.357+0000] {subprocess.py:93} INFO -     return self._wrap_pool_connect(self.pool.connect, _connection)
[2026-05-01T22:26:40.358+0000] {subprocess.py:93} INFO -            ^^^^^^^^^^^^^^^^^^^^^^^^^^^^^^^^^^^^^^^^^^^^^^^^^^^^^^^
[2026-05-01T22:26:40.358+0000] {subprocess.py:93} INFO -   File "/home/***/.local/lib/python3.12/site-packages/sqlalchemy/engine/base.py", line 3374, in _wrap_pool_connect
[2026-05-01T22:26:40.359+0000] {subprocess.py:93} INFO -     Connection._handle_dbapi_exception_noconnection(
[2026-05-01T22:26:40.359+0000] {subprocess.py:93} INFO -   File "/home/***/.local/lib/python3.12/site-packages/sqlalchemy/engine/base.py", line 2208, in _handle_dbapi_exception_noconnection
[2026-05-01T22:26:40.360+0000] {subprocess.py:93} INFO -     util.raise_(
[2026-05-01T22:26:40.361+0000] {subprocess.py:93} INFO -   File "/home/***/.local/lib/python3.12/site-packages/sqlalchemy/util/compat.py", line 211, in raise_
[2026-05-01T22:26:40.361+0000] {subprocess.py:93} INFO -     raise exception
[2026-05-01T22:26:40.362+0000] {subprocess.py:93} INFO -   File "/home/***/.local/lib/python3.12/site-packages/sqlalchemy/engine/base.py", line 3371, in _wrap_pool_connect
[2026-05-01T22:26:40.362+0000] {subprocess.py:93} INFO -     return fn()
[2026-05-01T22:26:40.363+0000] {subprocess.py:93} INFO -            ^^^^
[2026-05-01T22:26:40.363+0000] {subprocess.py:93} INFO -   File "/home/***/.local/lib/python3.12/site-packages/sqlalchemy/pool/base.py", line 327, in connect
[2026-05-01T22:26:40.364+0000] {subprocess.py:93} INFO -     return _ConnectionFairy._checkout(self)
[2026-05-01T22:26:40.365+0000] {subprocess.py:93} INFO -            ^^^^^^^^^^^^^^^^^^^^^^^^^^^^^^^^
[2026-05-01T22:26:40.365+0000] {subprocess.py:93} INFO -   File "/home/***/.local/lib/python3.12/site-packages/sqlalchemy/pool/base.py", line 894, in _checkout
[2026-05-01T22:26:40.366+0000] {subprocess.py:93} INFO -     fairy = _ConnectionRecord.checkout(pool)
[2026-05-01T22:26:40.366+0000] {subprocess.py:93} INFO -             ^^^^^^^^^^^^^^^^^^^^^^^^^^^^^^^^
[2026-05-01T22:26:40.367+0000] {subprocess.py:93} INFO -   File "/home/***/.local/lib/python3.12/site-packages/sqlalchemy/pool/base.py", line 493, in checkout
[2026-05-01T22:26:40.367+0000] {subprocess.py:93} INFO -     rec = pool._do_get()
[2026-05-01T22:26:40.368+0000] {subprocess.py:93} INFO -           ^^^^^^^^^^^^^^
[2026-05-01T22:26:40.368+0000] {subprocess.py:93} INFO -   File "/home/***/.local/lib/python3.12/site-packages/sqlalchemy/pool/impl.py", line 145, in _do_get
[2026-05-01T22:26:40.369+0000] {subprocess.py:93} INFO -     with util.safe_reraise():
[2026-05-01T22:26:40.369+0000] {subprocess.py:93} INFO -   File "/home/***/.local/lib/python3.12/site-packages/sqlalchemy/util/langhelpers.py", line 70, in __exit__
[2026-05-01T22:26:40.370+0000] {subprocess.py:93} INFO -     compat.raise_(
[2026-05-01T22:26:40.370+0000] {subprocess.py:93} INFO -   File "/home/***/.local/lib/python3.12/site-packages/sqlalchemy/util/compat.py", line 211, in raise_
[2026-05-01T22:26:40.371+0000] {subprocess.py:93} INFO -     raise exception
[2026-05-01T22:26:40.371+0000] {subprocess.py:93} INFO -   File "/home/***/.local/lib/python3.12/site-packages/sqlalchemy/pool/impl.py", line 143, in _do_get
[2026-05-01T22:26:40.372+0000] {subprocess.py:93} INFO -     return self._create_connection()
[2026-05-01T22:26:40.372+0000] {subprocess.py:93} INFO -            ^^^^^^^^^^^^^^^^^^^^^^^^^
[2026-05-01T22:26:40.373+0000] {subprocess.py:93} INFO -   File "/home/***/.local/lib/python3.12/site-packages/sqlalchemy/pool/base.py", line 273, in _create_connection
[2026-05-01T22:26:40.373+0000] {subprocess.py:93} INFO -     return _ConnectionRecord(self)
[2026-05-01T22:26:40.374+0000] {subprocess.py:93} INFO -            ^^^^^^^^^^^^^^^^^^^^^^^
[2026-05-01T22:26:40.374+0000] {subprocess.py:93} INFO -   File "/home/***/.local/lib/python3.12/site-packages/sqlalchemy/pool/base.py", line 388, in __init__
[2026-05-01T22:26:40.375+0000] {subprocess.py:93} INFO -     self.__connect()
[2026-05-01T22:26:40.375+0000] {subprocess.py:93} INFO -   File "/home/***/.local/lib/python3.12/site-packages/sqlalchemy/pool/base.py", line 690, in __connect
[2026-05-01T22:26:40.376+0000] {subprocess.py:93} INFO -     with util.safe_reraise():
[2026-05-01T22:26:40.377+0000] {subprocess.py:93} INFO -   File "/home/***/.local/lib/python3.12/site-packages/sqlalchemy/util/langhelpers.py", line 70, in __exit__
[2026-05-01T22:26:40.377+0000] {subprocess.py:93} INFO -     compat.raise_(
[2026-05-01T22:26:40.378+0000] {subprocess.py:93} INFO -   File "/home/***/.local/lib/python3.12/site-packages/sqlalchemy/util/compat.py", line 211, in raise_
[2026-05-01T22:26:40.378+0000] {subprocess.py:93} INFO -     raise exception
[2026-05-01T22:26:40.379+0000] {subprocess.py:93} INFO -   File "/home/***/.local/lib/python3.12/site-packages/sqlalchemy/pool/base.py", line 686, in __connect
[2026-05-01T22:26:40.379+0000] {subprocess.py:93} INFO -     self.dbapi_connection = connection = pool._invoke_creator(self)
[2026-05-01T22:26:40.380+0000] {subprocess.py:93} INFO -                                          ^^^^^^^^^^^^^^^^^^^^^^^^^^
[2026-05-01T22:26:40.380+0000] {subprocess.py:93} INFO -   File "/home/***/.local/lib/python3.12/site-packages/sqlalchemy/engine/create.py", line 574, in connect
[2026-05-01T22:26:40.381+0000] {subprocess.py:93} INFO -     return dialect.connect(*cargs, **cparams)
[2026-05-01T22:26:40.381+0000] {subprocess.py:93} INFO -            ^^^^^^^^^^^^^^^^^^^^^^^^^^^^^^^^^^
[2026-05-01T22:26:40.382+0000] {subprocess.py:93} INFO -   File "/home/***/.local/lib/python3.12/site-packages/sqlalchemy/engine/default.py", line 598, in connect
[2026-05-01T22:26:40.382+0000] {subprocess.py:93} INFO -     return self.dbapi.connect(*cargs, **cparams)
[2026-05-01T22:26:40.383+0000] {subprocess.py:93} INFO -            ^^^^^^^^^^^^^^^^^^^^^^^^^^^^^^^^^^^^^
[2026-05-01T22:26:40.383+0000] {subprocess.py:93} INFO -   File "/home/***/.local/lib/python3.12/site-packages/psycopg2/__init__.py", line 122, in connect
[2026-05-01T22:26:40.384+0000] {subprocess.py:93} INFO -     conn = _connect(dsn, connection_factory=connection_factory, **kwasync)
[2026-05-01T22:26:40.384+0000] {subprocess.py:93} INFO -            ^^^^^^^^^^^^^^^^^^^^^^^^^^^^^^^^^^^^^^^^^^^^^^^^^^^^^^^^^^^^^^^
[2026-05-01T22:26:40.385+0000] {subprocess.py:93} INFO - sqlalchemy.exc.OperationalError: (psycopg2.OperationalError) connection to server at "postgres" (172.20.0.3), port 5432 failed: FATAL:  password authentication failed for user "postgres"
[2026-05-01T22:26:40.385+0000] {subprocess.py:93} INFO - 
[2026-05-01T22:26:40.386+0000] {subprocess.py:93} INFO - (Background on this error at: https://sqlalche.me/e/14/e3q8)
[2026-05-01T22:26:40.722+0000] {subprocess.py:97} INFO - Command exited with return code 1
[2026-05-01T22:26:40.723+0000] {taskinstance.py:441} INFO - ::group::Post task execution logs
[2026-05-01T22:26:40.735+0000] {taskinstance.py:2890} ERROR - Task failed with exception
Traceback (most recent call last):
  File "/home/airflow/.local/lib/python3.12/site-packages/airflow/models/taskinstance.py", line 465, in _execute_task
    result = _execute_callable(context=context, **execute_callable_kwargs)
             ^^^^^^^^^^^^^^^^^^^^^^^^^^^^^^^^^^^^^^^^^^^^^^^^^^^^^^^^^^^^^
  File "/home/airflow/.local/lib/python3.12/site-packages/airflow/models/taskinstance.py", line 432, in _execute_callable
    return execute_callable(context=context, **execute_callable_kwargs)
           ^^^^^^^^^^^^^^^^^^^^^^^^^^^^^^^^^^^^^^^^^^^^^^^^^^^^^^^^^^^^
  File "/home/airflow/.local/lib/python3.12/site-packages/airflow/models/baseoperator.py", line 400, in wrapper
    return func(self, *args, **kwargs)
           ^^^^^^^^^^^^^^^^^^^^^^^^^^^
  File "/home/airflow/.local/lib/python3.12/site-packages/airflow/operators/bash.py", line 243, in execute
    raise AirflowException(
airflow.exceptions.AirflowException: Bash command failed. The command returned a non-zero exit code 1.
[2026-05-01T22:26:40.741+0000] {taskinstance.py:1205} INFO - Marking task as FAILED. dag_id=etl_pipeline, task_id=ingestion, execution_date=20260501T222624, start_date=20260501T222627, end_date=20260501T222640
[2026-05-01T22:26:41.141+0000] {standard_task_runner.py:110} ERROR - Failed to execute job 60 for task ingestion (Bash command failed. The command returned a non-zero exit code 1.; 735)
[2026-05-01T22:26:41.156+0000] {local_task_job_runner.py:240} INFO - Task exited with return code 1
[2026-05-01T22:26:41.187+0000] {taskinstance.py:3482} INFO - 0 downstream tasks scheduled from follow-on schedule check
[2026-05-01T22:26:41.192+0000] {local_task_job_runner.py:222} INFO - ::endgroup::
