[2026-05-02T08:21:42.412+0000] {local_task_job_runner.py:120} INFO - ::group::Pre task execution logs
[2026-05-02T08:21:42.458+0000] {taskinstance.py:2073} INFO - Dependencies all met for dep_context=non-requeueable deps ti=<TaskInstance: etl_pipeline.ingestion manual__2026-05-02T08:21:39.133158+00:00 [queued]>
[2026-05-02T08:21:42.468+0000] {taskinstance.py:2073} INFO - Dependencies all met for dep_context=requeueable deps ti=<TaskInstance: etl_pipeline.ingestion manual__2026-05-02T08:21:39.133158+00:00 [queued]>
[2026-05-02T08:21:42.469+0000] {taskinstance.py:2303} INFO - Starting attempt 1 of 1
[2026-05-02T08:21:42.492+0000] {taskinstance.py:2327} INFO - Executing <Task(BashOperator): ingestion> on 2026-05-02 08:21:39.133158+00:00
[2026-05-02T08:21:42.504+0000] {standard_task_runner.py:90} INFO - Running: ['airflow', 'tasks', 'run', 'etl_pipeline', 'ingestion', 'manual__2026-05-02T08:21:39.133158+00:00', '--job-id', '33', '--raw', '--subdir', 'DAGS_FOLDER/retail_dag.py', '--cfg-path', '/tmp/tmp0f9ida63']
[2026-05-02T08:21:42.507+0000] {logging_mixin.py:188} WARNING - /home/airflow/.local/lib/python3.12/site-packages/airflow/task/task_runner/standard_task_runner.py:61 DeprecationWarning: This process (pid=523) is multi-threaded, use of fork() may lead to deadlocks in the child.
[2026-05-02T08:21:42.509+0000] {standard_task_runner.py:91} INFO - Job 33: Subtask ingestion
[2026-05-02T08:21:42.509+0000] {standard_task_runner.py:63} INFO - Started process 604 to run task
[2026-05-02T08:21:42.590+0000] {task_command.py:426} INFO - Running <TaskInstance: etl_pipeline.ingestion manual__2026-05-02T08:21:39.133158+00:00 [running]> on host 4f0b79290008
[2026-05-02T08:21:42.697+0000] {taskinstance.py:2644} INFO - Exporting env vars: AIRFLOW_CTX_DAG_OWNER='airflow' AIRFLOW_CTX_DAG_ID='etl_pipeline' AIRFLOW_CTX_TASK_ID='ingestion' AIRFLOW_CTX_EXECUTION_DATE='2026-05-02T08:21:39.133158+00:00' AIRFLOW_CTX_TRY_NUMBER='1' AIRFLOW_CTX_DAG_RUN_ID='manual__2026-05-02T08:21:39.133158+00:00'
[2026-05-02T08:21:42.701+0000] {taskinstance.py:430} INFO - ::endgroup::
[2026-05-02T08:21:42.703+0000] {subprocess.py:63} INFO - Tmp dir root location: /tmp
[2026-05-02T08:21:42.706+0000] {subprocess.py:75} INFO - Running command: ['/usr/bin/bash', '-c', 'python /opt/airflow/ingestion/ingestion.py']
[2026-05-02T08:21:42.728+0000] {subprocess.py:86} INFO - Output:
[2026-05-02T08:21:45.347+0000] {subprocess.py:93} INFO - INGESTION COMPLETED SUCCESSFULLY
[2026-05-02T08:21:45.484+0000] {subprocess.py:97} INFO - Command exited with return code 0
[2026-05-02T08:21:45.485+0000] {taskinstance.py:441} INFO - ::group::Post task execution logs
[2026-05-02T08:21:45.516+0000] {taskinstance.py:1205} INFO - Marking task as SUCCESS. dag_id=etl_pipeline, task_id=ingestion, execution_date=20260502T082139, start_date=20260502T082142, end_date=20260502T082145
[2026-05-02T08:21:45.539+0000] {local_task_job_runner.py:240} INFO - Task exited with return code 0
[2026-05-02T08:21:45.567+0000] {taskinstance.py:3482} INFO - 1 downstream tasks scheduled from follow-on schedule check
[2026-05-02T08:21:45.570+0000] {local_task_job_runner.py:222} INFO - ::endgroup::
