[2026-05-02T09:34:27.340+0000] {local_task_job_runner.py:120} INFO - ::group::Pre task execution logs
[2026-05-02T09:34:27.419+0000] {taskinstance.py:2073} INFO - Dependencies all met for dep_context=non-requeueable deps ti=<TaskInstance: etl_pipeline.dbt_run manual__2026-05-02T09:34:06.833568+00:00 [queued]>
[2026-05-02T09:34:27.433+0000] {taskinstance.py:2073} INFO - Dependencies all met for dep_context=requeueable deps ti=<TaskInstance: etl_pipeline.dbt_run manual__2026-05-02T09:34:06.833568+00:00 [queued]>
[2026-05-02T09:34:27.434+0000] {taskinstance.py:2303} INFO - Starting attempt 1 of 1
[2026-05-02T09:34:27.456+0000] {taskinstance.py:2327} INFO - Executing <Task(BashOperator): dbt_run> on 2026-05-02 09:34:06.833568+00:00
[2026-05-02T09:34:27.466+0000] {standard_task_runner.py:90} INFO - Running: ['airflow', 'tasks', 'run', 'etl_pipeline', 'dbt_run', 'manual__2026-05-02T09:34:06.833568+00:00', '--job-id', '11', '--raw', '--subdir', 'DAGS_FOLDER/retail_dag.py', '--cfg-path', '/tmp/tmpbfvjr465']
[2026-05-02T09:34:27.470+0000] {standard_task_runner.py:91} INFO - Job 11: Subtask dbt_run
[2026-05-02T09:34:27.473+0000] {logging_mixin.py:188} WARNING - /home/airflow/.local/lib/python3.12/site-packages/airflow/task/task_runner/standard_task_runner.py:61 DeprecationWarning: This process (pid=742) is multi-threaded, use of fork() may lead to deadlocks in the child.
[2026-05-02T09:34:27.474+0000] {standard_task_runner.py:63} INFO - Started process 744 to run task
[2026-05-02T09:34:27.854+0000] {task_command.py:426} INFO - Running <TaskInstance: etl_pipeline.dbt_run manual__2026-05-02T09:34:06.833568+00:00 [running]> on host 55294df33dd8
[2026-05-02T09:34:28.166+0000] {taskinstance.py:2644} INFO - Exporting env vars: AIRFLOW_CTX_DAG_OWNER='airflow' AIRFLOW_CTX_DAG_ID='etl_pipeline' AIRFLOW_CTX_TASK_ID='dbt_run' AIRFLOW_CTX_EXECUTION_DATE='2026-05-02T09:34:06.833568+00:00' AIRFLOW_CTX_TRY_NUMBER='1' AIRFLOW_CTX_DAG_RUN_ID='manual__2026-05-02T09:34:06.833568+00:00'
[2026-05-02T09:34:28.169+0000] {taskinstance.py:430} INFO - ::endgroup::
[2026-05-02T09:34:28.171+0000] {subprocess.py:63} INFO - Tmp dir root location: /tmp
[2026-05-02T09:34:28.174+0000] {subprocess.py:75} INFO - Running command: ['/usr/bin/bash', '-c', 'cd /opt/airflow/dbt_project && dbt run']
[2026-05-02T09:34:28.195+0000] {subprocess.py:86} INFO - Output:
[2026-05-02T09:34:31.643+0000] {subprocess.py:93} INFO - [0m09:34:31  Running with dbt=1.7.14
[2026-05-02T09:34:31.930+0000] {subprocess.py:93} INFO - [0m09:34:31  Registered adapter: postgres=1.7.14
[2026-05-02T09:34:31.987+0000] {subprocess.py:93} INFO - [0m09:34:31  Unable to do partial parsing because profile has changed
[2026-05-02T09:34:33.859+0000] {subprocess.py:93} INFO - [0m09:34:33  Found 4 models, 1 source, 0 exposures, 0 metrics, 401 macros, 0 groups, 0 semantic models
[2026-05-02T09:34:33.867+0000] {subprocess.py:93} INFO - [0m09:34:33
[2026-05-02T09:34:34.478+0000] {subprocess.py:93} INFO - [0m09:34:34  Concurrency: 4 threads (target='dev')
[2026-05-02T09:34:34.481+0000] {subprocess.py:93} INFO - [0m09:34:34
[2026-05-02T09:34:34.515+0000] {subprocess.py:93} INFO - [0m09:34:34  1 of 4 START sql table model raw.my_first_dbt_model ............................ [RUN]
[2026-05-02T09:34:34.517+0000] {subprocess.py:93} INFO - [0m09:34:34  2 of 4 START sql view model raw.stg_walmart .................................... [RUN]
[2026-05-02T09:34:35.071+0000] {subprocess.py:93} INFO - [0m09:34:35  1 of 4 OK created sql table model raw.my_first_dbt_model ....................... [[32mSELECT 2[0m in 0.55s]
[2026-05-02T09:34:35.078+0000] {subprocess.py:93} INFO - [0m09:34:35  2 of 4 OK created sql view model raw.stg_walmart ............................... [[32mCREATE VIEW[0m in 0.55s]
[2026-05-02T09:34:35.083+0000] {subprocess.py:93} INFO - [0m09:34:35  3 of 4 START sql view model raw.my_second_dbt_model ............................ [RUN]
[2026-05-02T09:34:35.090+0000] {subprocess.py:93} INFO - [0m09:34:35  4 of 4 START sql view model raw.fact_sales ..................................... [RUN]
[2026-05-02T09:34:35.247+0000] {subprocess.py:93} INFO - [0m09:34:35  3 of 4 OK created sql view model raw.my_second_dbt_model ....................... [[32mCREATE VIEW[0m in 0.16s]
[2026-05-02T09:34:35.449+0000] {subprocess.py:93} INFO - [0m09:34:35  4 of 4 OK created sql view model raw.fact_sales ................................ [[32mCREATE VIEW[0m in 0.35s]
[2026-05-02T09:34:35.531+0000] {subprocess.py:93} INFO - [0m09:34:35
[2026-05-02T09:34:35.533+0000] {subprocess.py:93} INFO - [0m09:34:35  Finished running 1 table model, 3 view models in 0 hours 0 minutes and 1.66 seconds (1.66s).
[2026-05-02T09:34:35.568+0000] {subprocess.py:93} INFO - [0m09:34:35
[2026-05-02T09:34:35.570+0000] {subprocess.py:93} INFO - [0m09:34:35  [32mCompleted successfully[0m
[2026-05-02T09:34:35.571+0000] {subprocess.py:93} INFO - [0m09:34:35
[2026-05-02T09:34:35.574+0000] {subprocess.py:93} INFO - [0m09:34:35  Done. PASS=4 WARN=0 ERROR=0 SKIP=0 TOTAL=4
[2026-05-02T09:34:36.861+0000] {subprocess.py:97} INFO - Command exited with return code 0
[2026-05-02T09:34:36.863+0000] {taskinstance.py:441} INFO - ::group::Post task execution logs
[2026-05-02T09:34:37.511+0000] {taskinstance.py:1205} INFO - Marking task as SUCCESS. dag_id=etl_pipeline, task_id=dbt_run, execution_date=20260502T093406, start_date=20260502T093427, end_date=20260502T093437
[2026-05-02T09:34:37.570+0000] {local_task_job_runner.py:240} INFO - Task exited with return code 0
[2026-05-02T09:34:37.687+0000] {taskinstance.py:3482} INFO - 1 downstream tasks scheduled from follow-on schedule check
[2026-05-02T09:34:37.691+0000] {local_task_job_runner.py:222} INFO - ::endgroup::
