[2026-05-02T09:03:26.769+0000] {local_task_job_runner.py:120} INFO - ::group::Pre task execution logs
[2026-05-02T09:03:26.799+0000] {taskinstance.py:2073} INFO - Dependencies all met for dep_context=non-requeueable deps ti=<TaskInstance: etl_pipeline.ingestion manual__2026-05-02T09:03:24.749788+00:00 [queued]>
[2026-05-02T09:03:26.809+0000] {taskinstance.py:2073} INFO - Dependencies all met for dep_context=requeueable deps ti=<TaskInstance: etl_pipeline.ingestion manual__2026-05-02T09:03:24.749788+00:00 [queued]>
[2026-05-02T09:03:26.810+0000] {taskinstance.py:2303} INFO - Starting attempt 1 of 1
[2026-05-02T09:03:26.824+0000] {taskinstance.py:2327} INFO - Executing <Task(BashOperator): ingestion> on 2026-05-02 09:03:24.749788+00:00
[2026-05-02T09:03:26.837+0000] {logging_mixin.py:188} WARNING - /home/airflow/.local/lib/python3.12/site-packages/airflow/task/task_runner/standard_task_runner.py:61 DeprecationWarning: This process (pid=988) is multi-threaded, use of fork() may lead to deadlocks in the child.
[2026-05-02T09:03:26.834+0000] {standard_task_runner.py:90} INFO - Running: ['airflow', 'tasks', 'run', 'etl_pipeline', 'ingestion', 'manual__2026-05-02T09:03:24.749788+00:00', '--job-id', '56', '--raw', '--subdir', 'DAGS_FOLDER/retail_dag.py', '--cfg-path', '/tmp/tmpalrkweba']
[2026-05-02T09:03:26.838+0000] {standard_task_runner.py:63} INFO - Started process 990 to run task
[2026-05-02T09:03:26.839+0000] {standard_task_runner.py:91} INFO - Job 56: Subtask ingestion
[2026-05-02T09:03:26.966+0000] {task_command.py:426} INFO - Running <TaskInstance: etl_pipeline.ingestion manual__2026-05-02T09:03:24.749788+00:00 [running]> on host fa06879fed83
[2026-05-02T09:03:27.103+0000] {taskinstance.py:2644} INFO - Exporting env vars: AIRFLOW_CTX_DAG_OWNER='airflow' AIRFLOW_CTX_DAG_ID='etl_pipeline' AIRFLOW_CTX_TASK_ID='ingestion' AIRFLOW_CTX_EXECUTION_DATE='2026-05-02T09:03:24.749788+00:00' AIRFLOW_CTX_TRY_NUMBER='1' AIRFLOW_CTX_DAG_RUN_ID='manual__2026-05-02T09:03:24.749788+00:00'
[2026-05-02T09:03:27.108+0000] {taskinstance.py:430} INFO - ::endgroup::
[2026-05-02T09:03:27.109+0000] {subprocess.py:63} INFO - Tmp dir root location: /tmp
[2026-05-02T09:03:27.111+0000] {subprocess.py:75} INFO - Running command: ['/usr/bin/bash', '-c', 'python /opt/airflow/ingestion/ingestion.py']
[2026-05-02T09:03:27.125+0000] {subprocess.py:86} INFO - Output:
[2026-05-02T09:03:28.806+0000] {subprocess.py:93} INFO - Traceback (most recent call last):
[2026-05-02T09:03:28.807+0000] {subprocess.py:93} INFO -   File "/home/airflow/.local/lib/python3.12/site-packages/sqlalchemy/engine/base.py", line 1910, in _execute_context
[2026-05-02T09:03:28.807+0000] {subprocess.py:93} INFO -     self.dialect.do_execute(
[2026-05-02T09:03:28.808+0000] {subprocess.py:93} INFO -   File "/home/airflow/.local/lib/python3.12/site-packages/sqlalchemy/engine/default.py", line 736, in do_execute
[2026-05-02T09:03:28.809+0000] {subprocess.py:93} INFO -     cursor.execute(statement, parameters)
[2026-05-02T09:03:28.809+0000] {subprocess.py:93} INFO - psycopg2.errors.DependentObjectsStillExist: cannot drop table raw.walmart_sales because other objects depend on it
[2026-05-02T09:03:28.810+0000] {subprocess.py:93} INFO - DETAIL:  view raw.stg_walmart depends on table raw.walmart_sales
[2026-05-02T09:03:28.810+0000] {subprocess.py:93} INFO - view raw.fact_sales depends on view raw.stg_walmart
[2026-05-02T09:03:28.811+0000] {subprocess.py:93} INFO - HINT:  Use DROP ... CASCADE to drop the dependent objects too.
[2026-05-02T09:03:28.812+0000] {subprocess.py:93} INFO - 
[2026-05-02T09:03:28.812+0000] {subprocess.py:93} INFO - 
[2026-05-02T09:03:28.813+0000] {subprocess.py:93} INFO - The above exception was the direct cause of the following exception:
[2026-05-02T09:03:28.813+0000] {subprocess.py:93} INFO - 
[2026-05-02T09:03:28.814+0000] {subprocess.py:93} INFO - Traceback (most recent call last):
[2026-05-02T09:03:28.814+0000] {subprocess.py:93} INFO -   File "/opt/airflow/ingestion/ingestion.py", line 29, in <module>
[2026-05-02T09:03:28.815+0000] {subprocess.py:93} INFO -     df.to_sql(
[2026-05-02T09:03:28.815+0000] {subprocess.py:93} INFO -   File "/home/airflow/.local/lib/python3.12/site-packages/pandas/util/_decorators.py", line 333, in wrapper
[2026-05-02T09:03:28.816+0000] {subprocess.py:93} INFO -     return func(*args, **kwargs)
[2026-05-02T09:03:28.816+0000] {subprocess.py:93} INFO -            ^^^^^^^^^^^^^^^^^^^^^
[2026-05-02T09:03:28.817+0000] {subprocess.py:93} INFO -   File "/home/airflow/.local/lib/python3.12/site-packages/pandas/core/generic.py", line 3008, in to_sql
[2026-05-02T09:03:28.817+0000] {subprocess.py:93} INFO -     return sql.to_sql(
[2026-05-02T09:03:28.818+0000] {subprocess.py:93} INFO -            ^^^^^^^^^^^
[2026-05-02T09:03:28.818+0000] {subprocess.py:93} INFO -   File "/home/airflow/.local/lib/python3.12/site-packages/pandas/io/sql.py", line 788, in to_sql
[2026-05-02T09:03:28.819+0000] {subprocess.py:93} INFO -     return pandas_sql.to_sql(
[2026-05-02T09:03:28.819+0000] {subprocess.py:93} INFO -            ^^^^^^^^^^^^^^^^^^
[2026-05-02T09:03:28.820+0000] {subprocess.py:93} INFO -   File "/home/airflow/.local/lib/python3.12/site-packages/pandas/io/sql.py", line 1948, in to_sql
[2026-05-02T09:03:28.821+0000] {subprocess.py:93} INFO -     table = self.prep_table(
[2026-05-02T09:03:28.822+0000] {subprocess.py:93} INFO -             ^^^^^^^^^^^^^^^^
[2026-05-02T09:03:28.822+0000] {subprocess.py:93} INFO -   File "/home/airflow/.local/lib/python3.12/site-packages/pandas/io/sql.py", line 1852, in prep_table
[2026-05-02T09:03:28.823+0000] {subprocess.py:93} INFO -     table.create()
[2026-05-02T09:03:28.824+0000] {subprocess.py:93} INFO -   File "/home/airflow/.local/lib/python3.12/site-packages/pandas/io/sql.py", line 929, in create
[2026-05-02T09:03:28.824+0000] {subprocess.py:93} INFO -     self.pd_sql.drop_table(self.name, self.schema)
[2026-05-02T09:03:28.825+0000] {subprocess.py:93} INFO -   File "/home/airflow/.local/lib/python3.12/site-packages/pandas/io/sql.py", line 2003, in drop_table
[2026-05-02T09:03:28.825+0000] {subprocess.py:93} INFO -     self.get_table(table_name, schema).drop(bind=self.con)
[2026-05-02T09:03:28.826+0000] {subprocess.py:93} INFO -   File "/home/airflow/.local/lib/python3.12/site-packages/sqlalchemy/sql/schema.py", line 979, in drop
[2026-05-02T09:03:28.827+0000] {subprocess.py:93} INFO -     bind._run_ddl_visitor(ddl.SchemaDropper, self, checkfirst=checkfirst)
[2026-05-02T09:03:28.827+0000] {subprocess.py:93} INFO -   File "/home/airflow/.local/lib/python3.12/site-packages/sqlalchemy/engine/base.py", line 2221, in _run_ddl_visitor
[2026-05-02T09:03:28.828+0000] {subprocess.py:93} INFO -     visitorcallable(self.dialect, self, **kwargs).traverse_single(element)
[2026-05-02T09:03:28.828+0000] {subprocess.py:93} INFO -   File "/home/airflow/.local/lib/python3.12/site-packages/sqlalchemy/sql/visitors.py", line 524, in traverse_single
[2026-05-02T09:03:28.829+0000] {subprocess.py:93} INFO -     return meth(obj, **kw)
[2026-05-02T09:03:28.829+0000] {subprocess.py:93} INFO -            ^^^^^^^^^^^^^^^
[2026-05-02T09:03:28.830+0000] {subprocess.py:93} INFO -   File "/home/airflow/.local/lib/python3.12/site-packages/sqlalchemy/sql/ddl.py", line 1106, in visit_table
[2026-05-02T09:03:28.830+0000] {subprocess.py:93} INFO -     self.connection.execute(DropTable(table))
[2026-05-02T09:03:28.831+0000] {subprocess.py:93} INFO -   File "/home/airflow/.local/lib/python3.12/site-packages/sqlalchemy/engine/base.py", line 1385, in execute
[2026-05-02T09:03:28.831+0000] {subprocess.py:93} INFO -     return meth(self, multiparams, params, _EMPTY_EXECUTION_OPTS)
[2026-05-02T09:03:28.832+0000] {subprocess.py:93} INFO -            ^^^^^^^^^^^^^^^^^^^^^^^^^^^^^^^^^^^^^^^^^^^^^^^^^^^^^^
[2026-05-02T09:03:28.832+0000] {subprocess.py:93} INFO -   File "/home/airflow/.local/lib/python3.12/site-packages/sqlalchemy/sql/ddl.py", line 80, in _execute_on_connection
[2026-05-02T09:03:28.833+0000] {subprocess.py:93} INFO -     return connection._execute_ddl(
[2026-05-02T09:03:28.833+0000] {subprocess.py:93} INFO -            ^^^^^^^^^^^^^^^^^^^^^^^^
[2026-05-02T09:03:28.834+0000] {subprocess.py:93} INFO -   File "/home/airflow/.local/lib/python3.12/site-packages/sqlalchemy/engine/base.py", line 1477, in _execute_ddl
[2026-05-02T09:03:28.834+0000] {subprocess.py:93} INFO -     ret = self._execute_context(
[2026-05-02T09:03:28.835+0000] {subprocess.py:93} INFO -           ^^^^^^^^^^^^^^^^^^^^^^
[2026-05-02T09:03:28.835+0000] {subprocess.py:93} INFO -   File "/home/airflow/.local/lib/python3.12/site-packages/sqlalchemy/engine/base.py", line 1953, in _execute_context
[2026-05-02T09:03:28.836+0000] {subprocess.py:93} INFO -     self._handle_dbapi_exception(
[2026-05-02T09:03:28.836+0000] {subprocess.py:93} INFO -   File "/home/airflow/.local/lib/python3.12/site-packages/sqlalchemy/engine/base.py", line 2134, in _handle_dbapi_exception
[2026-05-02T09:03:28.837+0000] {subprocess.py:93} INFO -     util.raise_(
[2026-05-02T09:03:28.837+0000] {subprocess.py:93} INFO -   File "/home/airflow/.local/lib/python3.12/site-packages/sqlalchemy/util/compat.py", line 211, in raise_
[2026-05-02T09:03:28.838+0000] {subprocess.py:93} INFO -     raise exception
[2026-05-02T09:03:28.839+0000] {subprocess.py:93} INFO -   File "/home/airflow/.local/lib/python3.12/site-packages/sqlalchemy/engine/base.py", line 1910, in _execute_context
[2026-05-02T09:03:28.839+0000] {subprocess.py:93} INFO -     self.dialect.do_execute(
[2026-05-02T09:03:28.840+0000] {subprocess.py:93} INFO -   File "/home/airflow/.local/lib/python3.12/site-packages/sqlalchemy/engine/default.py", line 736, in do_execute
[2026-05-02T09:03:28.840+0000] {subprocess.py:93} INFO -     cursor.execute(statement, parameters)
[2026-05-02T09:03:28.841+0000] {subprocess.py:93} INFO - sqlalchemy.exc.InternalError: (psycopg2.errors.DependentObjectsStillExist) cannot drop table raw.walmart_sales because other objects depend on it
[2026-05-02T09:03:28.841+0000] {subprocess.py:93} INFO - DETAIL:  view raw.stg_walmart depends on table raw.walmart_sales
[2026-05-02T09:03:28.842+0000] {subprocess.py:93} INFO - view raw.fact_sales depends on view raw.stg_walmart
[2026-05-02T09:03:28.842+0000] {subprocess.py:93} INFO - HINT:  Use DROP ... CASCADE to drop the dependent objects too.
[2026-05-02T09:03:28.843+0000] {subprocess.py:93} INFO - 
[2026-05-02T09:03:28.843+0000] {subprocess.py:93} INFO - [SQL:
[2026-05-02T09:03:28.844+0000] {subprocess.py:93} INFO - DROP TABLE raw.walmart_sales]
[2026-05-02T09:03:28.845+0000] {subprocess.py:93} INFO - (Background on this error at: https://sqlalche.me/e/14/2j85)
[2026-05-02T09:03:28.922+0000] {subprocess.py:97} INFO - Command exited with return code 1
[2026-05-02T09:03:28.924+0000] {taskinstance.py:441} INFO - ::group::Post task execution logs
[2026-05-02T09:03:28.934+0000] {taskinstance.py:2890} ERROR - Task failed with exception
Traceback (most recent call last):
  File "/home/airflow/.local/lib/python3.12/site-packages/airflow/models/taskinstance.py", line 465, in _execute_task
    result = _execute_callable(context=context, **execute_callable_kwargs)
             ^^^^^^^^^^^^^^^^^^^^^^^^^^^^^^^^^^^^^^^^^^^^^^^^^^^^^^^^^^^^^
  File "/home/airflow/.local/lib/python3.12/site-packages/airflow/models/taskinstance.py", line 432, in _execute_callable
    return execute_callable(context=context, **execute_callable_kwargs)
           ^^^^^^^^^^^^^^^^^^^^^^^^^^^^^^^^^^^^^^^^^^^^^^^^^^^^^^^^^^^^
  File "/home/airflow/.local/lib/python3.12/site-packages/airflow/models/baseoperator.py", line 400, in wrapper
    return func(self, *args, **kwargs)
           ^^^^^^^^^^^^^^^^^^^^^^^^^^^
  File "/home/airflow/.local/lib/python3.12/site-packages/airflow/operators/bash.py", line 243, in execute
    raise AirflowException(
airflow.exceptions.AirflowException: Bash command failed. The command returned a non-zero exit code 1.
[2026-05-02T09:03:28.939+0000] {taskinstance.py:1205} INFO - Marking task as FAILED. dag_id=etl_pipeline, task_id=ingestion, execution_date=20260502T090324, start_date=20260502T090326, end_date=20260502T090328
[2026-05-02T09:03:28.955+0000] {standard_task_runner.py:110} ERROR - Failed to execute job 56 for task ingestion (Bash command failed. The command returned a non-zero exit code 1.; 990)
[2026-05-02T09:03:28.985+0000] {local_task_job_runner.py:240} INFO - Task exited with return code 1
[2026-05-02T09:03:29.009+0000] {taskinstance.py:3482} INFO - 0 downstream tasks scheduled from follow-on schedule check
[2026-05-02T09:03:29.014+0000] {local_task_job_runner.py:222} INFO - ::endgroup::
