[2026-05-02T08:21:56.416+0000] {local_task_job_runner.py:120} INFO - ::group::Pre task execution logs
[2026-05-02T08:21:56.447+0000] {taskinstance.py:2073} INFO - Dependencies all met for dep_context=non-requeueable deps ti=<TaskInstance: etl_pipeline.dbt_run manual__2026-05-02T08:21:39.133158+00:00 [queued]>
[2026-05-02T08:21:56.456+0000] {taskinstance.py:2073} INFO - Dependencies all met for dep_context=requeueable deps ti=<TaskInstance: etl_pipeline.dbt_run manual__2026-05-02T08:21:39.133158+00:00 [queued]>
[2026-05-02T08:21:56.456+0000] {taskinstance.py:2303} INFO - Starting attempt 1 of 1
[2026-05-02T08:21:56.471+0000] {taskinstance.py:2327} INFO - Executing <Task(BashOperator): dbt_run> on 2026-05-02 08:21:39.133158+00:00
[2026-05-02T08:21:56.484+0000] {standard_task_runner.py:90} INFO - Running: ['airflow', 'tasks', 'run', 'etl_pipeline', 'dbt_run', 'manual__2026-05-02T08:21:39.133158+00:00', '--job-id', '35', '--raw', '--subdir', 'DAGS_FOLDER/retail_dag.py', '--cfg-path', '/tmp/tmp6_zwj97j']
[2026-05-02T08:21:56.489+0000] {standard_task_runner.py:91} INFO - Job 35: Subtask dbt_run
[2026-05-02T08:21:56.490+0000] {logging_mixin.py:188} WARNING - /home/airflow/.local/lib/python3.12/site-packages/airflow/task/task_runner/standard_task_runner.py:61 DeprecationWarning: This process (pid=744) is multi-threaded, use of fork() may lead to deadlocks in the child.
[2026-05-02T08:21:56.491+0000] {standard_task_runner.py:63} INFO - Started process 746 to run task
[2026-05-02T08:21:56.558+0000] {task_command.py:426} INFO - Running <TaskInstance: etl_pipeline.dbt_run manual__2026-05-02T08:21:39.133158+00:00 [running]> on host 4f0b79290008
[2026-05-02T08:21:56.645+0000] {taskinstance.py:2644} INFO - Exporting env vars: AIRFLOW_CTX_DAG_OWNER='airflow' AIRFLOW_CTX_DAG_ID='etl_pipeline' AIRFLOW_CTX_TASK_ID='dbt_run' AIRFLOW_CTX_EXECUTION_DATE='2026-05-02T08:21:39.133158+00:00' AIRFLOW_CTX_TRY_NUMBER='1' AIRFLOW_CTX_DAG_RUN_ID='manual__2026-05-02T08:21:39.133158+00:00'
[2026-05-02T08:21:56.647+0000] {taskinstance.py:430} INFO - ::endgroup::
[2026-05-02T08:21:56.648+0000] {subprocess.py:63} INFO - Tmp dir root location: /tmp
[2026-05-02T08:21:56.650+0000] {subprocess.py:75} INFO - Running command: ['/usr/bin/bash', '-c', 'cd /opt/airflow/dbt_project && dbt run']
[2026-05-02T08:21:56.663+0000] {subprocess.py:86} INFO - Output:
[2026-05-02T08:21:59.851+0000] {subprocess.py:93} INFO - [0m08:21:59  Running with dbt=1.7.14
[2026-05-02T08:22:00.153+0000] {subprocess.py:93} INFO - [0m08:22:00  Registered adapter: postgres=1.7.14
[2026-05-02T08:22:00.505+0000] {subprocess.py:93} INFO - [0m08:22:00  Found 4 models, 1 source, 0 exposures, 0 metrics, 401 macros, 0 groups, 0 semantic models
[2026-05-02T08:22:00.509+0000] {subprocess.py:93} INFO - [0m08:22:00
[2026-05-02T08:22:00.798+0000] {subprocess.py:93} INFO - [0m08:22:00  Concurrency: 4 threads (target='dev')
[2026-05-02T08:22:00.800+0000] {subprocess.py:93} INFO - [0m08:22:00
[2026-05-02T08:22:00.814+0000] {subprocess.py:93} INFO - [0m08:22:00  1 of 4 START sql table model raw.my_first_dbt_model ............................ [RUN]
[2026-05-02T08:22:00.816+0000] {subprocess.py:93} INFO - [0m08:22:00  2 of 4 START sql view model raw.stg_walmart .................................... [RUN]
[2026-05-02T08:22:01.015+0000] {subprocess.py:93} INFO - [0m08:22:01  2 of 4 ERROR creating sql view model raw.stg_walmart ........................... [[31mERROR[0m in 0.19s]
[2026-05-02T08:22:01.046+0000] {subprocess.py:93} INFO - [0m08:22:01  3 of 4 SKIP relation raw.fact_sales ............................................ [[33mSKIP[0m]
[2026-05-02T08:22:01.111+0000] {subprocess.py:93} INFO - [0m08:22:01  1 of 4 OK created sql table model raw.my_first_dbt_model ....................... [[32mSELECT 2[0m in 0.29s]
[2026-05-02T08:22:01.117+0000] {subprocess.py:93} INFO - [0m08:22:01  4 of 4 START sql view model raw.my_second_dbt_model ............................ [RUN]
[2026-05-02T08:22:01.213+0000] {subprocess.py:93} INFO - [0m08:22:01  4 of 4 OK created sql view model raw.my_second_dbt_model ....................... [[32mCREATE VIEW[0m in 0.09s]
[2026-05-02T08:22:01.241+0000] {subprocess.py:93} INFO - [0m08:22:01
[2026-05-02T08:22:01.243+0000] {subprocess.py:93} INFO - [0m08:22:01  Finished running 3 view models, 1 table model in 0 hours 0 minutes and 0.73 seconds (0.73s).
[2026-05-02T08:22:01.273+0000] {subprocess.py:93} INFO - [0m08:22:01
[2026-05-02T08:22:01.275+0000] {subprocess.py:93} INFO - [0m08:22:01  [31mCompleted with 1 error and 0 warnings:[0m
[2026-05-02T08:22:01.277+0000] {subprocess.py:93} INFO - [0m08:22:01
[2026-05-02T08:22:01.279+0000] {subprocess.py:93} INFO - [0m08:22:01    Database Error in model stg_walmart (models/staging/stg_walmart.sql)
[2026-05-02T08:22:01.279+0000] {subprocess.py:93} INFO -   column "Store" does not exist
[2026-05-02T08:22:01.280+0000] {subprocess.py:93} INFO -   LINE 8:       "Store" AS store_id,
[2026-05-02T08:22:01.281+0000] {subprocess.py:93} INFO -                 ^
[2026-05-02T08:22:01.281+0000] {subprocess.py:93} INFO -   HINT:  Perhaps you meant to reference the column "walmart_sales.store".
[2026-05-02T08:22:01.282+0000] {subprocess.py:93} INFO -   compiled Code at target/run/dbt_project/models/staging/stg_walmart.sql
[2026-05-02T08:22:01.282+0000] {subprocess.py:93} INFO - [0m08:22:01
[2026-05-02T08:22:01.283+0000] {subprocess.py:93} INFO - [0m08:22:01  Done. PASS=2 WARN=0 ERROR=1 SKIP=1 TOTAL=4
[2026-05-02T08:22:02.256+0000] {subprocess.py:97} INFO - Command exited with return code 1
[2026-05-02T08:22:02.257+0000] {taskinstance.py:441} INFO - ::group::Post task execution logs
[2026-05-02T08:22:02.267+0000] {taskinstance.py:2890} ERROR - Task failed with exception
Traceback (most recent call last):
  File "/home/airflow/.local/lib/python3.12/site-packages/airflow/models/taskinstance.py", line 465, in _execute_task
    result = _execute_callable(context=context, **execute_callable_kwargs)
             ^^^^^^^^^^^^^^^^^^^^^^^^^^^^^^^^^^^^^^^^^^^^^^^^^^^^^^^^^^^^^
  File "/home/airflow/.local/lib/python3.12/site-packages/airflow/models/taskinstance.py", line 432, in _execute_callable
    return execute_callable(context=context, **execute_callable_kwargs)
           ^^^^^^^^^^^^^^^^^^^^^^^^^^^^^^^^^^^^^^^^^^^^^^^^^^^^^^^^^^^^
  File "/home/airflow/.local/lib/python3.12/site-packages/airflow/models/baseoperator.py", line 400, in wrapper
    return func(self, *args, **kwargs)
           ^^^^^^^^^^^^^^^^^^^^^^^^^^^
  File "/home/airflow/.local/lib/python3.12/site-packages/airflow/operators/bash.py", line 243, in execute
    raise AirflowException(
airflow.exceptions.AirflowException: Bash command failed. The command returned a non-zero exit code 1.
[2026-05-02T08:22:02.272+0000] {taskinstance.py:1205} INFO - Marking task as FAILED. dag_id=etl_pipeline, task_id=dbt_run, execution_date=20260502T082139, start_date=20260502T082156, end_date=20260502T082202
[2026-05-02T08:22:02.285+0000] {standard_task_runner.py:110} ERROR - Failed to execute job 35 for task dbt_run (Bash command failed. The command returned a non-zero exit code 1.; 746)
[2026-05-02T08:22:02.300+0000] {local_task_job_runner.py:240} INFO - Task exited with return code 1
[2026-05-02T08:22:02.319+0000] {taskinstance.py:3482} INFO - 0 downstream tasks scheduled from follow-on schedule check
[2026-05-02T08:22:02.323+0000] {local_task_job_runner.py:222} INFO - ::endgroup::
