[2026-05-08T22:25:54.857+0000] {local_task_job_runner.py:120} INFO - ::group::Pre task execution logs
[2026-05-08T22:25:54.968+0000] {taskinstance.py:2073} INFO - Dependencies all met for dep_context=non-requeueable deps ti=<TaskInstance: etl_pipeline.dbt_run manual__2026-05-08T22:25:34.511662+00:00 [queued]>
[2026-05-08T22:25:54.986+0000] {taskinstance.py:2073} INFO - Dependencies all met for dep_context=requeueable deps ti=<TaskInstance: etl_pipeline.dbt_run manual__2026-05-08T22:25:34.511662+00:00 [queued]>
[2026-05-08T22:25:54.987+0000] {taskinstance.py:2303} INFO - Starting attempt 1 of 1
[2026-05-08T22:25:55.011+0000] {taskinstance.py:2327} INFO - Executing <Task(BashOperator): dbt_run> on 2026-05-08 22:25:34.511662+00:00
[2026-05-08T22:25:55.028+0000] {logging_mixin.py:188} WARNING - /home/airflow/.local/lib/python3.12/site-packages/airflow/task/task_runner/standard_task_runner.py:61 DeprecationWarning: This process (pid=1027) is multi-threaded, use of fork() may lead to deadlocks in the child.
[2026-05-08T22:25:55.024+0000] {standard_task_runner.py:90} INFO - Running: ['airflow', 'tasks', 'run', 'etl_pipeline', 'dbt_run', 'manual__2026-05-08T22:25:34.511662+00:00', '--job-id', '44', '--raw', '--subdir', 'DAGS_FOLDER/retail_dag.py', '--cfg-path', '/tmp/tmpzcrtwjpp']
[2026-05-08T22:25:55.030+0000] {standard_task_runner.py:63} INFO - Started process 1060 to run task
[2026-05-08T22:25:55.030+0000] {standard_task_runner.py:91} INFO - Job 44: Subtask dbt_run
[2026-05-08T22:25:56.433+0000] {task_command.py:426} INFO - Running <TaskInstance: etl_pipeline.dbt_run manual__2026-05-08T22:25:34.511662+00:00 [running]> on host fd9d4d6e15dd
[2026-05-08T22:25:57.188+0000] {taskinstance.py:2644} INFO - Exporting env vars: AIRFLOW_CTX_DAG_OWNER='airflow' AIRFLOW_CTX_DAG_ID='etl_pipeline' AIRFLOW_CTX_TASK_ID='dbt_run' AIRFLOW_CTX_EXECUTION_DATE='2026-05-08T22:25:34.511662+00:00' AIRFLOW_CTX_TRY_NUMBER='1' AIRFLOW_CTX_DAG_RUN_ID='manual__2026-05-08T22:25:34.511662+00:00'
[2026-05-08T22:25:57.191+0000] {taskinstance.py:430} INFO - ::endgroup::
[2026-05-08T22:25:57.192+0000] {subprocess.py:63} INFO - Tmp dir root location: /tmp
[2026-05-08T22:25:57.193+0000] {subprocess.py:75} INFO - Running command: ['/usr/bin/bash', '-c', 'cd /opt/airflow/dbt_project && dbt run']
[2026-05-08T22:25:57.209+0000] {subprocess.py:86} INFO - Output:
[2026-05-08T22:26:01.970+0000] {subprocess.py:93} INFO - [0m22:26:01  Running with dbt=1.7.14
[2026-05-08T22:26:02.397+0000] {subprocess.py:93} INFO - [0m22:26:02  Registered adapter: postgres=1.7.14
[2026-05-08T22:26:03.268+0000] {subprocess.py:93} INFO - [0m22:26:03  Found 4 models, 1 source, 0 exposures, 0 metrics, 402 macros, 0 groups, 0 semantic models
[2026-05-08T22:26:03.274+0000] {subprocess.py:93} INFO - [0m22:26:03
[2026-05-08T22:26:04.838+0000] {subprocess.py:93} INFO - [0m22:26:04  Concurrency: 4 threads (target='dev')
[2026-05-08T22:26:04.839+0000] {subprocess.py:93} INFO - [0m22:26:04
[2026-05-08T22:26:04.857+0000] {subprocess.py:93} INFO - [0m22:26:04  1 of 4 START sql table model raw.my_first_dbt_model ............................ [RUN]
[2026-05-08T22:26:04.859+0000] {subprocess.py:93} INFO - [0m22:26:04  2 of 4 START sql view model silver.stg_walmart ................................. [RUN]
[2026-05-08T22:26:05.223+0000] {subprocess.py:93} INFO - [0m22:26:05  1 of 4 OK created sql table model raw.my_first_dbt_model ....................... [[32mSELECT 2[0m in 0.36s]
[2026-05-08T22:26:05.242+0000] {subprocess.py:93} INFO - [0m22:26:05  3 of 4 START sql view model raw.my_second_dbt_model ............................ [RUN]
[2026-05-08T22:26:05.263+0000] {subprocess.py:93} INFO - [0m22:26:05  2 of 4 OK created sql view model silver.stg_walmart ............................ [[32mCREATE VIEW[0m in 0.40s]
[2026-05-08T22:26:05.270+0000] {subprocess.py:93} INFO - [0m22:26:05  4 of 4 START sql table model gold.fact_sales ................................... [RUN]
[2026-05-08T22:26:05.693+0000] {subprocess.py:93} INFO - [0m22:26:05  3 of 4 OK created sql view model raw.my_second_dbt_model ....................... [[32mCREATE VIEW[0m in 0.45s]
[2026-05-08T22:26:05.798+0000] {subprocess.py:93} INFO - [0m22:26:05  4 of 4 OK created sql table model gold.fact_sales .............................. [[32mSELECT 6435[0m in 0.52s]
[2026-05-08T22:26:06.003+0000] {subprocess.py:93} INFO - [0m22:26:06
[2026-05-08T22:26:06.005+0000] {subprocess.py:93} INFO - [0m22:26:06  Finished running 2 table models, 2 view models in 0 hours 0 minutes and 2.73 seconds (2.73s).
[2026-05-08T22:26:07.007+0000] {subprocess.py:93} INFO - [0m22:26:07
[2026-05-08T22:26:07.009+0000] {subprocess.py:93} INFO - [0m22:26:07  [32mCompleted successfully[0m
[2026-05-08T22:26:07.010+0000] {subprocess.py:93} INFO - [0m22:26:07
[2026-05-08T22:26:07.011+0000] {subprocess.py:93} INFO - [0m22:26:07  Done. PASS=4 WARN=0 ERROR=0 SKIP=0 TOTAL=4
[2026-05-08T22:26:09.196+0000] {subprocess.py:97} INFO - Command exited with return code 0
[2026-05-08T22:26:09.197+0000] {taskinstance.py:441} INFO - ::group::Post task execution logs
[2026-05-08T22:26:09.326+0000] {taskinstance.py:1205} INFO - Marking task as SUCCESS. dag_id=etl_pipeline, task_id=dbt_run, execution_date=20260508T222534, start_date=20260508T222554, end_date=20260508T222609
[2026-05-08T22:26:09.374+0000] {local_task_job_runner.py:240} INFO - Task exited with return code 0
[2026-05-08T22:26:09.446+0000] {taskinstance.py:3482} INFO - 1 downstream tasks scheduled from follow-on schedule check
[2026-05-08T22:26:09.450+0000] {local_task_job_runner.py:222} INFO - ::endgroup::
