[2026-05-09T00:00:09.816+0000] {local_task_job_runner.py:120} INFO - ::group::Pre task execution logs
[2026-05-09T00:00:09.891+0000] {taskinstance.py:2073} INFO - Dependencies all met for dep_context=non-requeueable deps ti=<TaskInstance: etl_pipeline.dbt_deps scheduled__2026-05-08T00:00:00+00:00 [queued]>
[2026-05-09T00:00:09.904+0000] {taskinstance.py:2073} INFO - Dependencies all met for dep_context=requeueable deps ti=<TaskInstance: etl_pipeline.dbt_deps scheduled__2026-05-08T00:00:00+00:00 [queued]>
[2026-05-09T00:00:09.905+0000] {taskinstance.py:2303} INFO - Starting attempt 1 of 1
[2026-05-09T00:00:09.920+0000] {taskinstance.py:2327} INFO - Executing <Task(BashOperator): dbt_deps> on 2026-05-08 00:00:00+00:00
[2026-05-09T00:00:09.933+0000] {logging_mixin.py:188} WARNING - /home/airflow/.local/lib/python3.12/site-packages/airflow/task/task_runner/standard_task_runner.py:61 DeprecationWarning: This process (pid=50470) is multi-threaded, use of fork() may lead to deadlocks in the child.
[2026-05-09T00:00:09.931+0000] {standard_task_runner.py:90} INFO - Running: ['airflow', 'tasks', 'run', 'etl_pipeline', 'dbt_deps', 'scheduled__2026-05-08T00:00:00+00:00', '--job-id', '47', '--raw', '--subdir', 'DAGS_FOLDER/retail_dag.py', '--cfg-path', '/tmp/tmp1dvy7sig']
[2026-05-09T00:00:09.934+0000] {standard_task_runner.py:63} INFO - Started process 50472 to run task
[2026-05-09T00:00:09.935+0000] {standard_task_runner.py:91} INFO - Job 47: Subtask dbt_deps
[2026-05-09T00:00:10.138+0000] {task_command.py:426} INFO - Running <TaskInstance: etl_pipeline.dbt_deps scheduled__2026-05-08T00:00:00+00:00 [running]> on host fd9d4d6e15dd
[2026-05-09T00:00:10.533+0000] {taskinstance.py:2644} INFO - Exporting env vars: AIRFLOW_CTX_DAG_OWNER='airflow' AIRFLOW_CTX_DAG_ID='etl_pipeline' AIRFLOW_CTX_TASK_ID='dbt_deps' AIRFLOW_CTX_EXECUTION_DATE='2026-05-08T00:00:00+00:00' AIRFLOW_CTX_TRY_NUMBER='1' AIRFLOW_CTX_DAG_RUN_ID='scheduled__2026-05-08T00:00:00+00:00'
[2026-05-09T00:00:10.536+0000] {taskinstance.py:430} INFO - ::endgroup::
[2026-05-09T00:00:10.537+0000] {subprocess.py:63} INFO - Tmp dir root location: /tmp
[2026-05-09T00:00:10.538+0000] {subprocess.py:75} INFO - Running command: ['/usr/bin/bash', '-c', 'cd /opt/airflow/dbt_project && dbt deps']
[2026-05-09T00:00:10.550+0000] {subprocess.py:86} INFO - Output:
[2026-05-09T00:00:14.637+0000] {subprocess.py:93} INFO - [0m00:00:14  Running with dbt=1.7.14
[2026-05-09T00:00:14.763+0000] {subprocess.py:93} INFO - [0m00:00:14  Warning: No packages were found in packages.yml
[2026-05-09T00:00:14.774+0000] {subprocess.py:93} INFO - [0m00:00:14  Warning: No packages were found in packages.yml
[2026-05-09T00:00:16.811+0000] {subprocess.py:97} INFO - Command exited with return code 0
[2026-05-09T00:00:16.812+0000] {taskinstance.py:441} INFO - ::group::Post task execution logs
[2026-05-09T00:00:17.609+0000] {taskinstance.py:1205} INFO - Marking task as SUCCESS. dag_id=etl_pipeline, task_id=dbt_deps, execution_date=20260508T000000, start_date=20260509T000009, end_date=20260509T000017
[2026-05-09T00:00:17.667+0000] {local_task_job_runner.py:240} INFO - Task exited with return code 0
[2026-05-09T00:00:17.741+0000] {taskinstance.py:3482} INFO - 1 downstream tasks scheduled from follow-on schedule check
[2026-05-09T00:00:17.745+0000] {local_task_job_runner.py:222} INFO - ::endgroup::
