[2026-04-25T21:55:02.717+0000] {local_task_job_runner.py:120} INFO - ::group::Pre task execution logs
[2026-04-25T21:55:02.736+0000] {taskinstance.py:2073} INFO - Dependencies all met for dep_context=non-requeueable deps ti=<TaskInstance: retail_pipeline.ingest scheduled__2026-04-25T21:50:00+00:00 [queued]>
[2026-04-25T21:55:02.743+0000] {taskinstance.py:2073} INFO - Dependencies all met for dep_context=requeueable deps ti=<TaskInstance: retail_pipeline.ingest scheduled__2026-04-25T21:50:00+00:00 [queued]>
[2026-04-25T21:55:02.743+0000] {taskinstance.py:2303} INFO - Starting attempt 1 of 1
[2026-04-25T21:55:02.756+0000] {taskinstance.py:2327} INFO - Executing <Task(BashOperator): ingest> on 2026-04-25 21:50:00+00:00
[2026-04-25T21:55:02.763+0000] {warnings.py:110} WARNING - /home/***/.local/lib/python3.12/site-packages/***/task/task_runner/standard_task_runner.py:61: DeprecationWarning: This process (pid=90) is multi-threaded, use of fork() may lead to deadlocks in the child.
  pid = os.fork()

[2026-04-25T21:55:02.765+0000] {standard_task_runner.py:63} INFO - Started process 92 to run task
[2026-04-25T21:55:02.765+0000] {standard_task_runner.py:90} INFO - Running: ['***', 'tasks', 'run', 'retail_pipeline', 'ingest', 'scheduled__2026-04-25T21:50:00+00:00', '--job-id', '13', '--raw', '--subdir', 'DAGS_FOLDER/retail_dag.py', '--cfg-path', '/tmp/tmpm25bpqi1']
[2026-04-25T21:55:02.768+0000] {standard_task_runner.py:91} INFO - Job 13: Subtask ingest
[2026-04-25T21:55:02.825+0000] {task_command.py:426} INFO - Running <TaskInstance: retail_pipeline.ingest scheduled__2026-04-25T21:50:00+00:00 [running]> on host 1f6620e017f1
[2026-04-25T21:55:02.915+0000] {taskinstance.py:2644} INFO - Exporting env vars: AIRFLOW_CTX_DAG_OWNER='***' AIRFLOW_CTX_DAG_ID='retail_pipeline' AIRFLOW_CTX_TASK_ID='ingest' AIRFLOW_CTX_EXECUTION_DATE='2026-04-25T21:50:00+00:00' AIRFLOW_CTX_TRY_NUMBER='1' AIRFLOW_CTX_DAG_RUN_ID='scheduled__2026-04-25T21:50:00+00:00'
[2026-04-25T21:55:02.918+0000] {taskinstance.py:430} INFO - ::endgroup::
[2026-04-25T21:55:02.919+0000] {subprocess.py:63} INFO - Tmp dir root location: /tmp
[2026-04-25T21:55:02.920+0000] {subprocess.py:75} INFO - Running command: ['/usr/bin/bash', '-c', 'python ingestion/ingest.py']
[2026-04-25T21:55:02.932+0000] {subprocess.py:86} INFO - Output:
[2026-04-25T21:55:02.966+0000] {subprocess.py:93} INFO - python: can't open file '/tmp/***tmp4qcw9up6/ingestion/ingest.py': [Errno 2] No such file or directory
[2026-04-25T21:55:02.969+0000] {subprocess.py:97} INFO - Command exited with return code 2
[2026-04-25T21:55:02.970+0000] {taskinstance.py:441} INFO - ::group::Post task execution logs
[2026-04-25T21:55:02.980+0000] {taskinstance.py:2890} ERROR - Task failed with exception
Traceback (most recent call last):
  File "/home/airflow/.local/lib/python3.12/site-packages/airflow/models/taskinstance.py", line 465, in _execute_task
    result = _execute_callable(context=context, **execute_callable_kwargs)
             ^^^^^^^^^^^^^^^^^^^^^^^^^^^^^^^^^^^^^^^^^^^^^^^^^^^^^^^^^^^^^
  File "/home/airflow/.local/lib/python3.12/site-packages/airflow/models/taskinstance.py", line 432, in _execute_callable
    return execute_callable(context=context, **execute_callable_kwargs)
           ^^^^^^^^^^^^^^^^^^^^^^^^^^^^^^^^^^^^^^^^^^^^^^^^^^^^^^^^^^^^
  File "/home/airflow/.local/lib/python3.12/site-packages/airflow/models/baseoperator.py", line 400, in wrapper
    return func(self, *args, **kwargs)
           ^^^^^^^^^^^^^^^^^^^^^^^^^^^
  File "/home/airflow/.local/lib/python3.12/site-packages/airflow/operators/bash.py", line 243, in execute
    raise AirflowException(
airflow.exceptions.AirflowException: Bash command failed. The command returned a non-zero exit code 2.
[2026-04-25T21:55:02.984+0000] {taskinstance.py:1205} INFO - Marking task as FAILED. dag_id=retail_pipeline, task_id=ingest, execution_date=20260425T215000, start_date=20260425T215502, end_date=20260425T215502
[2026-04-25T21:55:02.998+0000] {standard_task_runner.py:110} ERROR - Failed to execute job 13 for task ingest (Bash command failed. The command returned a non-zero exit code 2.; 92)
[2026-04-25T21:55:03.020+0000] {local_task_job_runner.py:240} INFO - Task exited with return code 1
[2026-04-25T21:55:03.041+0000] {taskinstance.py:3482} INFO - 0 downstream tasks scheduled from follow-on schedule check
[2026-04-25T21:55:03.046+0000] {local_task_job_runner.py:222} INFO - ::endgroup::
