[2026-05-02T09:20:19.453+0000] {local_task_job_runner.py:120} INFO - ::group::Pre task execution logs
[2026-05-02T09:20:19.506+0000] {taskinstance.py:2073} INFO - Dependencies all met for dep_context=non-requeueable deps ti=<TaskInstance: etl_pipeline.ingestion manual__2026-05-02T09:20:15.054827+00:00 [queued]>
[2026-05-02T09:20:19.521+0000] {taskinstance.py:2073} INFO - Dependencies all met for dep_context=requeueable deps ti=<TaskInstance: etl_pipeline.ingestion manual__2026-05-02T09:20:15.054827+00:00 [queued]>
[2026-05-02T09:20:19.523+0000] {taskinstance.py:2303} INFO - Starting attempt 1 of 1
[2026-05-02T09:20:19.549+0000] {taskinstance.py:2327} INFO - Executing <Task(BashOperator): ingestion> on 2026-05-02 09:20:15.054827+00:00
[2026-05-02T09:20:19.563+0000] {standard_task_runner.py:90} INFO - Running: ['airflow', 'tasks', 'run', 'etl_pipeline', 'ingestion', 'manual__2026-05-02T09:20:15.054827+00:00', '--job-id', '61', '--raw', '--subdir', 'DAGS_FOLDER/retail_dag.py', '--cfg-path', '/tmp/tmprvohi8dp']
[2026-05-02T09:20:19.566+0000] {logging_mixin.py:188} WARNING - /home/airflow/.local/lib/python3.12/site-packages/airflow/task/task_runner/standard_task_runner.py:61 DeprecationWarning: This process (pid=633) is multi-threaded, use of fork() may lead to deadlocks in the child.
[2026-05-02T09:20:19.567+0000] {standard_task_runner.py:91} INFO - Job 61: Subtask ingestion
[2026-05-02T09:20:19.567+0000] {standard_task_runner.py:63} INFO - Started process 694 to run task
[2026-05-02T09:20:19.969+0000] {task_command.py:426} INFO - Running <TaskInstance: etl_pipeline.ingestion manual__2026-05-02T09:20:15.054827+00:00 [running]> on host f526e8c25ee5
[2026-05-02T09:20:20.132+0000] {taskinstance.py:2644} INFO - Exporting env vars: AIRFLOW_CTX_DAG_OWNER='airflow' AIRFLOW_CTX_DAG_ID='etl_pipeline' AIRFLOW_CTX_TASK_ID='ingestion' AIRFLOW_CTX_EXECUTION_DATE='2026-05-02T09:20:15.054827+00:00' AIRFLOW_CTX_TRY_NUMBER='1' AIRFLOW_CTX_DAG_RUN_ID='manual__2026-05-02T09:20:15.054827+00:00'
[2026-05-02T09:20:20.135+0000] {taskinstance.py:430} INFO - ::endgroup::
[2026-05-02T09:20:20.136+0000] {subprocess.py:63} INFO - Tmp dir root location: /tmp
[2026-05-02T09:20:20.138+0000] {subprocess.py:75} INFO - Running command: ['/usr/bin/bash', '-c', 'python /opt/airflow/ingestion/ingestion.py']
[2026-05-02T09:20:20.153+0000] {subprocess.py:86} INFO - Output:
[2026-05-02T09:20:23.894+0000] {subprocess.py:93} INFO - Successfully loaded 6435 rows.
[2026-05-02T09:20:24.020+0000] {subprocess.py:97} INFO - Command exited with return code 0
[2026-05-02T09:20:24.021+0000] {taskinstance.py:441} INFO - ::group::Post task execution logs
[2026-05-02T09:20:24.148+0000] {taskinstance.py:1205} INFO - Marking task as SUCCESS. dag_id=etl_pipeline, task_id=ingestion, execution_date=20260502T092015, start_date=20260502T092019, end_date=20260502T092024
[2026-05-02T09:20:24.198+0000] {local_task_job_runner.py:240} INFO - Task exited with return code 0
[2026-05-02T09:20:24.223+0000] {taskinstance.py:3482} INFO - 1 downstream tasks scheduled from follow-on schedule check
[2026-05-02T09:20:24.225+0000] {local_task_job_runner.py:222} INFO - ::endgroup::
