[2026-05-08T22:17:47.876+0000] {local_task_job_runner.py:120} INFO - ::group::Pre task execution logs
[2026-05-08T22:17:47.989+0000] {taskinstance.py:2073} INFO - Dependencies all met for dep_context=non-requeueable deps ti=<TaskInstance: etl_pipeline.ingestion manual__2026-05-08T22:17:44.115005+00:00 [queued]>
[2026-05-08T22:17:48.007+0000] {taskinstance.py:2073} INFO - Dependencies all met for dep_context=requeueable deps ti=<TaskInstance: etl_pipeline.ingestion manual__2026-05-08T22:17:44.115005+00:00 [queued]>
[2026-05-08T22:17:48.008+0000] {taskinstance.py:2303} INFO - Starting attempt 1 of 1
[2026-05-08T22:17:48.035+0000] {taskinstance.py:2327} INFO - Executing <Task(BashOperator): ingestion> on 2026-05-08 22:17:44.115005+00:00
[2026-05-08T22:17:48.049+0000] {standard_task_runner.py:90} INFO - Running: ['airflow', 'tasks', 'run', 'etl_pipeline', 'ingestion', 'manual__2026-05-08T22:17:44.115005+00:00', '--job-id', '37', '--raw', '--subdir', 'DAGS_FOLDER/retail_dag.py', '--cfg-path', '/tmp/tmpykyl15kz']
[2026-05-08T22:17:48.054+0000] {logging_mixin.py:188} WARNING - /home/airflow/.local/lib/python3.12/site-packages/airflow/task/task_runner/standard_task_runner.py:61 DeprecationWarning: This process (pid=716) is multi-threaded, use of fork() may lead to deadlocks in the child.
[2026-05-08T22:17:48.055+0000] {standard_task_runner.py:91} INFO - Job 37: Subtask ingestion
[2026-05-08T22:17:48.055+0000] {standard_task_runner.py:63} INFO - Started process 724 to run task
[2026-05-08T22:17:48.466+0000] {task_command.py:426} INFO - Running <TaskInstance: etl_pipeline.ingestion manual__2026-05-08T22:17:44.115005+00:00 [running]> on host aa323f196282
[2026-05-08T22:17:48.976+0000] {taskinstance.py:2644} INFO - Exporting env vars: AIRFLOW_CTX_DAG_OWNER='airflow' AIRFLOW_CTX_DAG_ID='etl_pipeline' AIRFLOW_CTX_TASK_ID='ingestion' AIRFLOW_CTX_EXECUTION_DATE='2026-05-08T22:17:44.115005+00:00' AIRFLOW_CTX_TRY_NUMBER='1' AIRFLOW_CTX_DAG_RUN_ID='manual__2026-05-08T22:17:44.115005+00:00'
[2026-05-08T22:17:48.979+0000] {taskinstance.py:430} INFO - ::endgroup::
[2026-05-08T22:17:48.980+0000] {subprocess.py:63} INFO - Tmp dir root location: /tmp
[2026-05-08T22:17:48.983+0000] {subprocess.py:75} INFO - Running command: ['/usr/bin/bash', '-c', 'python /opt/airflow/ingestion/ingestion.py']
[2026-05-08T22:17:48.998+0000] {subprocess.py:86} INFO - Output:
[2026-05-08T22:17:52.306+0000] {subprocess.py:93} INFO - Successfully loaded 6435 rows.
[2026-05-08T22:17:52.398+0000] {subprocess.py:97} INFO - Command exited with return code 0
[2026-05-08T22:17:52.513+0000] {taskinstance.py:441} INFO - ::group::Post task execution logs
[2026-05-08T22:17:53.128+0000] {taskinstance.py:1205} INFO - Marking task as SUCCESS. dag_id=etl_pipeline, task_id=ingestion, execution_date=20260508T221744, start_date=20260508T221747, end_date=20260508T221753
[2026-05-08T22:17:53.225+0000] {local_task_job_runner.py:240} INFO - Task exited with return code 0
[2026-05-08T22:17:53.306+0000] {taskinstance.py:3482} INFO - 1 downstream tasks scheduled from follow-on schedule check
[2026-05-08T22:17:53.309+0000] {local_task_job_runner.py:222} INFO - ::endgroup::
