[2026-05-01T22:36:30.016+0000] {local_task_job_runner.py:120} INFO - ::group::Pre task execution logs
[2026-05-01T22:36:30.050+0000] {taskinstance.py:2073} INFO - Dependencies all met for dep_context=non-requeueable deps ti=<TaskInstance: etl_pipeline.ingestion manual__2026-05-01T22:36:25.409705+00:00 [queued]>
[2026-05-01T22:36:30.060+0000] {taskinstance.py:2073} INFO - Dependencies all met for dep_context=requeueable deps ti=<TaskInstance: etl_pipeline.ingestion manual__2026-05-01T22:36:25.409705+00:00 [queued]>
[2026-05-01T22:36:30.061+0000] {taskinstance.py:2303} INFO - Starting attempt 1 of 1
[2026-05-01T22:36:30.078+0000] {taskinstance.py:2327} INFO - Executing <Task(BashOperator): ingestion> on 2026-05-01 22:36:25.409705+00:00
[2026-05-01T22:36:30.092+0000] {standard_task_runner.py:90} INFO - Running: ['***', 'tasks', 'run', 'etl_pipeline', 'ingestion', 'manual__2026-05-01T22:36:25.409705+00:00', '--job-id', '96', '--raw', '--subdir', 'DAGS_FOLDER/retail_dag.py', '--cfg-path', '/tmp/tmp5obn0d57']
[2026-05-01T22:36:30.096+0000] {standard_task_runner.py:91} INFO - Job 96: Subtask ingestion
[2026-05-01T22:36:30.097+0000] {logging_mixin.py:188} WARNING - /home/***/.local/lib/python3.12/site-packages/***/task/task_runner/standard_task_runner.py:61 DeprecationWarning: This process (pid=1002) is multi-threaded, use of fork() may lead to deadlocks in the child.
[2026-05-01T22:36:30.098+0000] {standard_task_runner.py:63} INFO - Started process 1050 to run task
[2026-05-01T22:36:34.176+0000] {task_command.py:426} INFO - Running <TaskInstance: etl_pipeline.ingestion manual__2026-05-01T22:36:25.409705+00:00 [running]> on host 9b804ab71603
[2026-05-01T22:36:34.321+0000] {taskinstance.py:2644} INFO - Exporting env vars: AIRFLOW_CTX_DAG_OWNER='***' AIRFLOW_CTX_DAG_ID='etl_pipeline' AIRFLOW_CTX_TASK_ID='ingestion' AIRFLOW_CTX_EXECUTION_DATE='2026-05-01T22:36:25.409705+00:00' AIRFLOW_CTX_TRY_NUMBER='1' AIRFLOW_CTX_DAG_RUN_ID='manual__2026-05-01T22:36:25.409705+00:00'
[2026-05-01T22:36:34.327+0000] {taskinstance.py:430} INFO - ::endgroup::
[2026-05-01T22:36:34.329+0000] {subprocess.py:63} INFO - Tmp dir root location: /tmp
[2026-05-01T22:36:34.332+0000] {subprocess.py:75} INFO - Running command: ['/usr/bin/bash', '-c', 'python /opt/***/ingestion/ingestion.py']
[2026-05-01T22:36:34.350+0000] {subprocess.py:86} INFO - Output:
[2026-05-01T22:36:41.165+0000] {subprocess.py:93} INFO - Loaded rows: 6435
[2026-05-01T22:36:41.166+0000] {subprocess.py:93} INFO - Saved parquet file
[2026-05-01T22:36:41.167+0000] {subprocess.py:93} INFO - Traceback (most recent call last):
[2026-05-01T22:36:41.167+0000] {subprocess.py:93} INFO -   File "/opt/***/ingestion/ingestion.py", line 31, in <module>
[2026-05-01T22:36:41.200+0000] {subprocess.py:93} INFO -     engine = create_engine(engine = create_engine(
[2026-05-01T22:36:41.201+0000] {subprocess.py:93} INFO -              ^^^^^^^^^^^^^^^^^^^^^^^^^^^^^^^^^^^^^
[2026-05-01T22:36:41.201+0000] {subprocess.py:93} INFO - TypeError: create_engine() missing 1 required positional argument: 'url'
[2026-05-01T22:36:41.391+0000] {subprocess.py:97} INFO - Command exited with return code 1
[2026-05-01T22:36:41.393+0000] {taskinstance.py:441} INFO - ::group::Post task execution logs
[2026-05-01T22:36:41.412+0000] {taskinstance.py:2890} ERROR - Task failed with exception
Traceback (most recent call last):
  File "/home/airflow/.local/lib/python3.12/site-packages/airflow/models/taskinstance.py", line 465, in _execute_task
    result = _execute_callable(context=context, **execute_callable_kwargs)
             ^^^^^^^^^^^^^^^^^^^^^^^^^^^^^^^^^^^^^^^^^^^^^^^^^^^^^^^^^^^^^
  File "/home/airflow/.local/lib/python3.12/site-packages/airflow/models/taskinstance.py", line 432, in _execute_callable
    return execute_callable(context=context, **execute_callable_kwargs)
           ^^^^^^^^^^^^^^^^^^^^^^^^^^^^^^^^^^^^^^^^^^^^^^^^^^^^^^^^^^^^
  File "/home/airflow/.local/lib/python3.12/site-packages/airflow/models/baseoperator.py", line 400, in wrapper
    return func(self, *args, **kwargs)
           ^^^^^^^^^^^^^^^^^^^^^^^^^^^
  File "/home/airflow/.local/lib/python3.12/site-packages/airflow/operators/bash.py", line 243, in execute
    raise AirflowException(
airflow.exceptions.AirflowException: Bash command failed. The command returned a non-zero exit code 1.
[2026-05-01T22:36:41.419+0000] {taskinstance.py:1205} INFO - Marking task as FAILED. dag_id=etl_pipeline, task_id=ingestion, execution_date=20260501T223625, start_date=20260501T223630, end_date=20260501T223641
[2026-05-01T22:36:41.451+0000] {standard_task_runner.py:110} ERROR - Failed to execute job 96 for task ingestion (Bash command failed. The command returned a non-zero exit code 1.; 1050)
[2026-05-01T22:36:41.472+0000] {local_task_job_runner.py:240} INFO - Task exited with return code 1
[2026-05-01T22:36:41.501+0000] {taskinstance.py:3482} INFO - 0 downstream tasks scheduled from follow-on schedule check
[2026-05-01T22:36:41.507+0000] {local_task_job_runner.py:222} INFO - ::endgroup::
