[2026-05-09T00:00:19.245+0000] {local_task_job_runner.py:120} INFO - ::group::Pre task execution logs
[2026-05-09T00:00:19.323+0000] {taskinstance.py:2073} INFO - Dependencies all met for dep_context=non-requeueable deps ti=<TaskInstance: etl_pipeline.dbt_run scheduled__2026-05-08T00:00:00+00:00 [queued]>
[2026-05-09T00:00:19.335+0000] {taskinstance.py:2073} INFO - Dependencies all met for dep_context=requeueable deps ti=<TaskInstance: etl_pipeline.dbt_run scheduled__2026-05-08T00:00:00+00:00 [queued]>
[2026-05-09T00:00:19.336+0000] {taskinstance.py:2303} INFO - Starting attempt 1 of 1
[2026-05-09T00:00:19.352+0000] {taskinstance.py:2327} INFO - Executing <Task(BashOperator): dbt_run> on 2026-05-08 00:00:00+00:00
[2026-05-09T00:00:19.526+0000] {standard_task_runner.py:90} INFO - Running: ['airflow', 'tasks', 'run', 'etl_pipeline', 'dbt_run', 'scheduled__2026-05-08T00:00:00+00:00', '--job-id', '48', '--raw', '--subdir', 'DAGS_FOLDER/retail_dag.py', '--cfg-path', '/tmp/tmprpevhpp9']
[2026-05-09T00:00:19.529+0000] {logging_mixin.py:188} WARNING - /home/airflow/.local/lib/python3.12/site-packages/airflow/task/task_runner/standard_task_runner.py:61 DeprecationWarning: This process (pid=50521) is multi-threaded, use of fork() may lead to deadlocks in the child.
[2026-05-09T00:00:19.531+0000] {standard_task_runner.py:91} INFO - Job 48: Subtask dbt_run
[2026-05-09T00:00:19.531+0000] {standard_task_runner.py:63} INFO - Started process 50547 to run task
[2026-05-09T00:00:19.737+0000] {task_command.py:426} INFO - Running <TaskInstance: etl_pipeline.dbt_run scheduled__2026-05-08T00:00:00+00:00 [running]> on host fd9d4d6e15dd
[2026-05-09T00:00:20.117+0000] {taskinstance.py:2644} INFO - Exporting env vars: AIRFLOW_CTX_DAG_OWNER='airflow' AIRFLOW_CTX_DAG_ID='etl_pipeline' AIRFLOW_CTX_TASK_ID='dbt_run' AIRFLOW_CTX_EXECUTION_DATE='2026-05-08T00:00:00+00:00' AIRFLOW_CTX_TRY_NUMBER='1' AIRFLOW_CTX_DAG_RUN_ID='scheduled__2026-05-08T00:00:00+00:00'
[2026-05-09T00:00:20.119+0000] {taskinstance.py:430} INFO - ::endgroup::
[2026-05-09T00:00:20.120+0000] {subprocess.py:63} INFO - Tmp dir root location: /tmp
[2026-05-09T00:00:20.121+0000] {subprocess.py:75} INFO - Running command: ['/usr/bin/bash', '-c', 'cd /opt/airflow/dbt_project && dbt run']
[2026-05-09T00:00:20.133+0000] {subprocess.py:86} INFO - Output:
[2026-05-09T00:00:22.760+0000] {subprocess.py:93} INFO - [0m00:00:22  Running with dbt=1.7.14
[2026-05-09T00:00:23.057+0000] {subprocess.py:93} INFO - [0m00:00:23  Registered adapter: postgres=1.7.14
[2026-05-09T00:00:23.952+0000] {subprocess.py:93} INFO - [0m00:00:23  Found 4 models, 1 source, 0 exposures, 0 metrics, 402 macros, 0 groups, 0 semantic models
[2026-05-09T00:00:23.959+0000] {subprocess.py:93} INFO - [0m00:00:23
[2026-05-09T00:00:24.515+0000] {subprocess.py:93} INFO - [0m00:00:24  Concurrency: 4 threads (target='dev')
[2026-05-09T00:00:24.516+0000] {subprocess.py:93} INFO - [0m00:00:24
[2026-05-09T00:00:24.529+0000] {subprocess.py:93} INFO - [0m00:00:24  1 of 4 START sql table model raw.my_first_dbt_model ............................ [RUN]
[2026-05-09T00:00:24.531+0000] {subprocess.py:93} INFO - [0m00:00:24  2 of 4 START sql view model silver.stg_walmart ................................. [RUN]
[2026-05-09T00:00:24.962+0000] {subprocess.py:93} INFO - [0m00:00:24  2 of 4 OK created sql view model silver.stg_walmart ............................ [[32mCREATE VIEW[0m in 0.43s]
[2026-05-09T00:00:24.967+0000] {subprocess.py:93} INFO - [0m00:00:24  3 of 4 START sql table model gold.fact_sales ................................... [RUN]
[2026-05-09T00:00:24.985+0000] {subprocess.py:93} INFO - [0m00:00:24  1 of 4 OK created sql table model raw.my_first_dbt_model ....................... [[32mSELECT 2[0m in 0.45s]
[2026-05-09T00:00:24.997+0000] {subprocess.py:93} INFO - [0m00:00:24  4 of 4 START sql view model raw.my_second_dbt_model ............................ [RUN]
[2026-05-09T00:00:25.158+0000] {subprocess.py:93} INFO - [0m00:00:25  4 of 4 OK created sql view model raw.my_second_dbt_model ....................... [[32mCREATE VIEW[0m in 0.16s]
[2026-05-09T00:00:25.298+0000] {subprocess.py:93} INFO - [0m00:00:25  3 of 4 OK created sql table model gold.fact_sales .............................. [[32mSELECT 12870[0m in 0.33s]
[2026-05-09T00:00:25.372+0000] {subprocess.py:93} INFO - [0m00:00:25
[2026-05-09T00:00:25.373+0000] {subprocess.py:93} INFO - [0m00:00:25  Finished running 2 view models, 2 table models in 0 hours 0 minutes and 1.41 seconds (1.41s).
[2026-05-09T00:00:25.400+0000] {subprocess.py:93} INFO - [0m00:00:25
[2026-05-09T00:00:25.401+0000] {subprocess.py:93} INFO - [0m00:00:25  [32mCompleted successfully[0m
[2026-05-09T00:00:25.403+0000] {subprocess.py:93} INFO - [0m00:00:25
[2026-05-09T00:00:25.405+0000] {subprocess.py:93} INFO - [0m00:00:25  Done. PASS=4 WARN=0 ERROR=0 SKIP=0 TOTAL=4
[2026-05-09T00:00:26.842+0000] {subprocess.py:97} INFO - Command exited with return code 0
[2026-05-09T00:00:26.843+0000] {taskinstance.py:441} INFO - ::group::Post task execution logs
[2026-05-09T00:00:27.068+0000] {taskinstance.py:1205} INFO - Marking task as SUCCESS. dag_id=etl_pipeline, task_id=dbt_run, execution_date=20260508T000000, start_date=20260509T000019, end_date=20260509T000027
[2026-05-09T00:00:27.103+0000] {local_task_job_runner.py:240} INFO - Task exited with return code 0
[2026-05-09T00:00:27.183+0000] {taskinstance.py:3482} INFO - 0 downstream tasks scheduled from follow-on schedule check
[2026-05-09T00:00:27.186+0000] {local_task_job_runner.py:222} INFO - ::endgroup::
