[2026-05-02T07:50:51.557+0000] {local_task_job_runner.py:120} INFO - ::group::Pre task execution logs
[2026-05-02T07:50:51.586+0000] {taskinstance.py:2073} INFO - Dependencies all met for dep_context=non-requeueable deps ti=<TaskInstance: etl_pipeline.ingestion manual__2026-05-02T07:50:47.697722+00:00 [queued]>
[2026-05-02T07:50:51.593+0000] {taskinstance.py:2073} INFO - Dependencies all met for dep_context=requeueable deps ti=<TaskInstance: etl_pipeline.ingestion manual__2026-05-02T07:50:47.697722+00:00 [queued]>
[2026-05-02T07:50:51.594+0000] {taskinstance.py:2303} INFO - Starting attempt 1 of 1
[2026-05-02T07:50:51.821+0000] {taskinstance.py:2327} INFO - Executing <Task(BashOperator): ingestion> on 2026-05-02 07:50:47.697722+00:00
[2026-05-02T07:50:51.847+0000] {standard_task_runner.py:90} INFO - Running: ['airflow', 'tasks', 'run', 'etl_pipeline', 'ingestion', 'manual__2026-05-02T07:50:47.697722+00:00', '--job-id', '18', '--raw', '--subdir', 'DAGS_FOLDER/retail_dag.py', '--cfg-path', '/tmp/tmpoo7hz1bl']
[2026-05-02T07:50:51.853+0000] {standard_task_runner.py:91} INFO - Job 18: Subtask ingestion
[2026-05-02T07:50:51.852+0000] {logging_mixin.py:188} WARNING - /home/airflow/.local/lib/python3.12/site-packages/airflow/task/task_runner/standard_task_runner.py:61 DeprecationWarning: This process (pid=1321) is multi-threaded, use of fork() may lead to deadlocks in the child.
[2026-05-02T07:50:51.854+0000] {standard_task_runner.py:63} INFO - Started process 1379 to run task
[2026-05-02T07:50:52.565+0000] {task_command.py:426} INFO - Running <TaskInstance: etl_pipeline.ingestion manual__2026-05-02T07:50:47.697722+00:00 [running]> on host ef12da10a1de
[2026-05-02T07:50:52.820+0000] {taskinstance.py:2644} INFO - Exporting env vars: AIRFLOW_CTX_DAG_OWNER='airflow' AIRFLOW_CTX_DAG_ID='etl_pipeline' AIRFLOW_CTX_TASK_ID='ingestion' AIRFLOW_CTX_EXECUTION_DATE='2026-05-02T07:50:47.697722+00:00' AIRFLOW_CTX_TRY_NUMBER='1' AIRFLOW_CTX_DAG_RUN_ID='manual__2026-05-02T07:50:47.697722+00:00'
[2026-05-02T07:50:52.823+0000] {taskinstance.py:430} INFO - ::endgroup::
[2026-05-02T07:50:52.824+0000] {subprocess.py:63} INFO - Tmp dir root location: /tmp
[2026-05-02T07:50:52.826+0000] {subprocess.py:75} INFO - Running command: ['/usr/bin/bash', '-c', 'python /opt/airflow/ingestion/ingestion.py']
[2026-05-02T07:50:52.839+0000] {subprocess.py:86} INFO - Output:
[2026-05-02T07:50:58.629+0000] {subprocess.py:93} INFO - INGESTION COMPLETED SUCCESSFULLY
[2026-05-02T07:50:58.758+0000] {subprocess.py:97} INFO - Command exited with return code 0
[2026-05-02T07:50:58.759+0000] {taskinstance.py:441} INFO - ::group::Post task execution logs
[2026-05-02T07:50:58.787+0000] {taskinstance.py:1205} INFO - Marking task as SUCCESS. dag_id=etl_pipeline, task_id=ingestion, execution_date=20260502T075047, start_date=20260502T075051, end_date=20260502T075058
[2026-05-02T07:50:58.812+0000] {local_task_job_runner.py:240} INFO - Task exited with return code 0
[2026-05-02T07:50:58.834+0000] {taskinstance.py:3482} INFO - 1 downstream tasks scheduled from follow-on schedule check
[2026-05-02T07:50:58.837+0000] {local_task_job_runner.py:222} INFO - ::endgroup::
