[2026-05-02T08:37:08.985+0000] {local_task_job_runner.py:120} INFO - ::group::Pre task execution logs
[2026-05-02T08:37:09.017+0000] {taskinstance.py:2073} INFO - Dependencies all met for dep_context=non-requeueable deps ti=<TaskInstance: etl_pipeline.ingestion manual__2026-05-02T08:37:03.781687+00:00 [queued]>
[2026-05-02T08:37:09.026+0000] {taskinstance.py:2073} INFO - Dependencies all met for dep_context=requeueable deps ti=<TaskInstance: etl_pipeline.ingestion manual__2026-05-02T08:37:03.781687+00:00 [queued]>
[2026-05-02T08:37:09.026+0000] {taskinstance.py:2303} INFO - Starting attempt 1 of 1
[2026-05-02T08:37:09.528+0000] {taskinstance.py:2327} INFO - Executing <Task(BashOperator): ingestion> on 2026-05-02 08:37:03.781687+00:00
[2026-05-02T08:37:09.541+0000] {standard_task_runner.py:90} INFO - Running: ['airflow', 'tasks', 'run', 'etl_pipeline', 'ingestion', 'manual__2026-05-02T08:37:03.781687+00:00', '--job-id', '44', '--raw', '--subdir', 'DAGS_FOLDER/retail_dag.py', '--cfg-path', '/tmp/tmp56fz_cy_']
[2026-05-02T08:37:09.546+0000] {standard_task_runner.py:91} INFO - Job 44: Subtask ingestion
[2026-05-02T08:37:09.546+0000] {logging_mixin.py:188} WARNING - /home/airflow/.local/lib/python3.12/site-packages/airflow/task/task_runner/standard_task_runner.py:61 DeprecationWarning: This process (pid=677) is multi-threaded, use of fork() may lead to deadlocks in the child.
[2026-05-02T08:37:09.547+0000] {standard_task_runner.py:63} INFO - Started process 729 to run task
[2026-05-02T08:37:09.633+0000] {task_command.py:426} INFO - Running <TaskInstance: etl_pipeline.ingestion manual__2026-05-02T08:37:03.781687+00:00 [running]> on host 2351e65f7e5f
[2026-05-02T08:37:09.776+0000] {taskinstance.py:2644} INFO - Exporting env vars: AIRFLOW_CTX_DAG_OWNER='airflow' AIRFLOW_CTX_DAG_ID='etl_pipeline' AIRFLOW_CTX_TASK_ID='ingestion' AIRFLOW_CTX_EXECUTION_DATE='2026-05-02T08:37:03.781687+00:00' AIRFLOW_CTX_TRY_NUMBER='1' AIRFLOW_CTX_DAG_RUN_ID='manual__2026-05-02T08:37:03.781687+00:00'
[2026-05-02T08:37:09.782+0000] {taskinstance.py:430} INFO - ::endgroup::
[2026-05-02T08:37:09.784+0000] {subprocess.py:63} INFO - Tmp dir root location: /tmp
[2026-05-02T08:37:09.786+0000] {subprocess.py:75} INFO - Running command: ['/usr/bin/bash', '-c', 'python /opt/airflow/ingestion/ingestion.py']
[2026-05-02T08:37:09.809+0000] {subprocess.py:86} INFO - Output:
[2026-05-02T08:37:11.940+0000] {subprocess.py:93} INFO - Traceback (most recent call last):
[2026-05-02T08:37:11.941+0000] {subprocess.py:93} INFO -   File "/home/airflow/.local/lib/python3.12/site-packages/sqlalchemy/engine/base.py", line 1910, in _execute_context
[2026-05-02T08:37:11.942+0000] {subprocess.py:93} INFO -     self.dialect.do_execute(
[2026-05-02T08:37:11.942+0000] {subprocess.py:93} INFO -   File "/home/airflow/.local/lib/python3.12/site-packages/sqlalchemy/engine/default.py", line 736, in do_execute
[2026-05-02T08:37:11.947+0000] {subprocess.py:93} INFO -     cursor.execute(statement, parameters)
[2026-05-02T08:37:11.948+0000] {subprocess.py:93} INFO - psycopg2.errors.DependentObjectsStillExist: cannot drop table raw.walmart_sales because other objects depend on it
[2026-05-02T08:37:11.948+0000] {subprocess.py:93} INFO - DETAIL:  view raw.stg_walmart depends on table raw.walmart_sales
[2026-05-02T08:37:11.949+0000] {subprocess.py:93} INFO - view raw.fact_sales depends on view raw.stg_walmart
[2026-05-02T08:37:11.949+0000] {subprocess.py:93} INFO - HINT:  Use DROP ... CASCADE to drop the dependent objects too.
[2026-05-02T08:37:11.950+0000] {subprocess.py:93} INFO - 
[2026-05-02T08:37:11.950+0000] {subprocess.py:93} INFO - 
[2026-05-02T08:37:11.951+0000] {subprocess.py:93} INFO - The above exception was the direct cause of the following exception:
[2026-05-02T08:37:11.951+0000] {subprocess.py:93} INFO - 
[2026-05-02T08:37:11.952+0000] {subprocess.py:93} INFO - Traceback (most recent call last):
[2026-05-02T08:37:11.953+0000] {subprocess.py:93} INFO -   File "/opt/airflow/ingestion/ingestion.py", line 17, in <module>
[2026-05-02T08:37:11.953+0000] {subprocess.py:93} INFO -     conn.execute(text("DROP TABLE IF EXISTS raw.walmart_sales"))
[2026-05-02T08:37:11.954+0000] {subprocess.py:93} INFO -   File "/home/airflow/.local/lib/python3.12/site-packages/sqlalchemy/engine/base.py", line 1385, in execute
[2026-05-02T08:37:11.954+0000] {subprocess.py:93} INFO -     return meth(self, multiparams, params, _EMPTY_EXECUTION_OPTS)
[2026-05-02T08:37:11.955+0000] {subprocess.py:93} INFO -            ^^^^^^^^^^^^^^^^^^^^^^^^^^^^^^^^^^^^^^^^^^^^^^^^^^^^^^
[2026-05-02T08:37:11.955+0000] {subprocess.py:93} INFO -   File "/home/airflow/.local/lib/python3.12/site-packages/sqlalchemy/sql/elements.py", line 334, in _execute_on_connection
[2026-05-02T08:37:11.956+0000] {subprocess.py:93} INFO -     return connection._execute_clauseelement(
[2026-05-02T08:37:11.956+0000] {subprocess.py:93} INFO -            ^^^^^^^^^^^^^^^^^^^^^^^^^^^^^^^^^^
[2026-05-02T08:37:11.957+0000] {subprocess.py:93} INFO -   File "/home/airflow/.local/lib/python3.12/site-packages/sqlalchemy/engine/base.py", line 1577, in _execute_clauseelement
[2026-05-02T08:37:11.957+0000] {subprocess.py:93} INFO -     ret = self._execute_context(
[2026-05-02T08:37:11.958+0000] {subprocess.py:93} INFO -           ^^^^^^^^^^^^^^^^^^^^^^
[2026-05-02T08:37:11.959+0000] {subprocess.py:93} INFO -   File "/home/airflow/.local/lib/python3.12/site-packages/sqlalchemy/engine/base.py", line 1953, in _execute_context
[2026-05-02T08:37:11.959+0000] {subprocess.py:93} INFO -     self._handle_dbapi_exception(
[2026-05-02T08:37:11.960+0000] {subprocess.py:93} INFO -   File "/home/airflow/.local/lib/python3.12/site-packages/sqlalchemy/engine/base.py", line 2134, in _handle_dbapi_exception
[2026-05-02T08:37:11.961+0000] {subprocess.py:93} INFO -     util.raise_(
[2026-05-02T08:37:11.961+0000] {subprocess.py:93} INFO -   File "/home/airflow/.local/lib/python3.12/site-packages/sqlalchemy/util/compat.py", line 211, in raise_
[2026-05-02T08:37:11.962+0000] {subprocess.py:93} INFO -     raise exception
[2026-05-02T08:37:11.963+0000] {subprocess.py:93} INFO -   File "/home/airflow/.local/lib/python3.12/site-packages/sqlalchemy/engine/base.py", line 1910, in _execute_context
[2026-05-02T08:37:11.963+0000] {subprocess.py:93} INFO -     self.dialect.do_execute(
[2026-05-02T08:37:11.964+0000] {subprocess.py:93} INFO -   File "/home/airflow/.local/lib/python3.12/site-packages/sqlalchemy/engine/default.py", line 736, in do_execute
[2026-05-02T08:37:11.964+0000] {subprocess.py:93} INFO -     cursor.execute(statement, parameters)
[2026-05-02T08:37:11.965+0000] {subprocess.py:93} INFO - sqlalchemy.exc.InternalError: (psycopg2.errors.DependentObjectsStillExist) cannot drop table raw.walmart_sales because other objects depend on it
[2026-05-02T08:37:11.965+0000] {subprocess.py:93} INFO - DETAIL:  view raw.stg_walmart depends on table raw.walmart_sales
[2026-05-02T08:37:11.966+0000] {subprocess.py:93} INFO - view raw.fact_sales depends on view raw.stg_walmart
[2026-05-02T08:37:11.966+0000] {subprocess.py:93} INFO - HINT:  Use DROP ... CASCADE to drop the dependent objects too.
[2026-05-02T08:37:11.967+0000] {subprocess.py:93} INFO - 
[2026-05-02T08:37:11.967+0000] {subprocess.py:93} INFO - [SQL: DROP TABLE IF EXISTS raw.walmart_sales]
[2026-05-02T08:37:11.968+0000] {subprocess.py:93} INFO - (Background on this error at: https://sqlalche.me/e/14/2j85)
[2026-05-02T08:37:12.053+0000] {subprocess.py:97} INFO - Command exited with return code 1
[2026-05-02T08:37:12.055+0000] {taskinstance.py:441} INFO - ::group::Post task execution logs
[2026-05-02T08:37:12.066+0000] {taskinstance.py:2890} ERROR - Task failed with exception
Traceback (most recent call last):
  File "/home/airflow/.local/lib/python3.12/site-packages/airflow/models/taskinstance.py", line 465, in _execute_task
    result = _execute_callable(context=context, **execute_callable_kwargs)
             ^^^^^^^^^^^^^^^^^^^^^^^^^^^^^^^^^^^^^^^^^^^^^^^^^^^^^^^^^^^^^
  File "/home/airflow/.local/lib/python3.12/site-packages/airflow/models/taskinstance.py", line 432, in _execute_callable
    return execute_callable(context=context, **execute_callable_kwargs)
           ^^^^^^^^^^^^^^^^^^^^^^^^^^^^^^^^^^^^^^^^^^^^^^^^^^^^^^^^^^^^
  File "/home/airflow/.local/lib/python3.12/site-packages/airflow/models/baseoperator.py", line 400, in wrapper
    return func(self, *args, **kwargs)
           ^^^^^^^^^^^^^^^^^^^^^^^^^^^
  File "/home/airflow/.local/lib/python3.12/site-packages/airflow/operators/bash.py", line 243, in execute
    raise AirflowException(
airflow.exceptions.AirflowException: Bash command failed. The command returned a non-zero exit code 1.
[2026-05-02T08:37:12.071+0000] {taskinstance.py:1205} INFO - Marking task as FAILED. dag_id=etl_pipeline, task_id=ingestion, execution_date=20260502T083703, start_date=20260502T083709, end_date=20260502T083712
[2026-05-02T08:37:12.086+0000] {standard_task_runner.py:110} ERROR - Failed to execute job 44 for task ingestion (Bash command failed. The command returned a non-zero exit code 1.; 729)
[2026-05-02T08:37:12.100+0000] {local_task_job_runner.py:240} INFO - Task exited with return code 1
[2026-05-02T08:37:12.122+0000] {taskinstance.py:3482} INFO - 0 downstream tasks scheduled from follow-on schedule check
[2026-05-02T08:37:12.127+0000] {local_task_job_runner.py:222} INFO - ::endgroup::
