[2026-04-25T23:35:23.984+0000] {local_task_job_runner.py:120} INFO - ::group::Pre task execution logs
[2026-04-25T23:35:24.007+0000] {taskinstance.py:2073} INFO - Dependencies all met for dep_context=non-requeueable deps ti=<TaskInstance: dbt_orchestration.dbt_run manual__2026-04-25T23:35:18.280746+00:00 [queued]>
[2026-04-25T23:35:24.015+0000] {taskinstance.py:2073} INFO - Dependencies all met for dep_context=requeueable deps ti=<TaskInstance: dbt_orchestration.dbt_run manual__2026-04-25T23:35:18.280746+00:00 [queued]>
[2026-04-25T23:35:24.016+0000] {taskinstance.py:2303} INFO - Starting attempt 1 of 1
[2026-04-25T23:35:24.029+0000] {taskinstance.py:2327} INFO - Executing <Task(BashOperator): dbt_run> on 2026-04-25 23:35:18.280746+00:00
[2026-04-25T23:35:24.038+0000] {warnings.py:110} WARNING - /home/***/.local/lib/python3.12/site-packages/***/task/task_runner/standard_task_runner.py:61: DeprecationWarning: This process (pid=88) is multi-threaded, use of fork() may lead to deadlocks in the child.
  pid = os.fork()

[2026-04-25T23:35:24.040+0000] {standard_task_runner.py:63} INFO - Started process 90 to run task
[2026-04-25T23:35:24.039+0000] {standard_task_runner.py:90} INFO - Running: ['***', 'tasks', 'run', 'dbt_orchestration', 'dbt_run', 'manual__2026-04-25T23:35:18.280746+00:00', '--job-id', '6', '--raw', '--subdir', 'DAGS_FOLDER/retail_dag.py', '--cfg-path', '/tmp/tmpgvwu3s00']
[2026-04-25T23:35:24.042+0000] {standard_task_runner.py:91} INFO - Job 6: Subtask dbt_run
[2026-04-25T23:35:24.108+0000] {task_command.py:426} INFO - Running <TaskInstance: dbt_orchestration.dbt_run manual__2026-04-25T23:35:18.280746+00:00 [running]> on host c5c97e16fd90
[2026-04-25T23:35:24.233+0000] {taskinstance.py:2644} INFO - Exporting env vars: AIRFLOW_CTX_DAG_OWNER='***' AIRFLOW_CTX_DAG_ID='dbt_orchestration' AIRFLOW_CTX_TASK_ID='dbt_run' AIRFLOW_CTX_EXECUTION_DATE='2026-04-25T23:35:18.280746+00:00' AIRFLOW_CTX_TRY_NUMBER='1' AIRFLOW_CTX_DAG_RUN_ID='manual__2026-04-25T23:35:18.280746+00:00'
[2026-04-25T23:35:24.239+0000] {taskinstance.py:430} INFO - ::endgroup::
[2026-04-25T23:35:24.241+0000] {subprocess.py:63} INFO - Tmp dir root location: /tmp
[2026-04-25T23:35:24.243+0000] {subprocess.py:75} INFO - Running command: ['/usr/bin/bash', '-c', 'dbt run --project-dir /opt/***/dbt_project']
[2026-04-25T23:35:24.272+0000] {subprocess.py:86} INFO - Output:
[2026-04-25T23:35:24.287+0000] {subprocess.py:93} INFO - /usr/bin/bash: line 1: dbt: command not found
[2026-04-25T23:35:24.288+0000] {subprocess.py:97} INFO - Command exited with return code 127
[2026-04-25T23:35:24.290+0000] {taskinstance.py:441} INFO - ::group::Post task execution logs
[2026-04-25T23:35:24.309+0000] {taskinstance.py:2890} ERROR - Task failed with exception
Traceback (most recent call last):
  File "/home/airflow/.local/lib/python3.12/site-packages/airflow/models/taskinstance.py", line 465, in _execute_task
    result = _execute_callable(context=context, **execute_callable_kwargs)
             ^^^^^^^^^^^^^^^^^^^^^^^^^^^^^^^^^^^^^^^^^^^^^^^^^^^^^^^^^^^^^
  File "/home/airflow/.local/lib/python3.12/site-packages/airflow/models/taskinstance.py", line 432, in _execute_callable
    return execute_callable(context=context, **execute_callable_kwargs)
           ^^^^^^^^^^^^^^^^^^^^^^^^^^^^^^^^^^^^^^^^^^^^^^^^^^^^^^^^^^^^
  File "/home/airflow/.local/lib/python3.12/site-packages/airflow/models/baseoperator.py", line 400, in wrapper
    return func(self, *args, **kwargs)
           ^^^^^^^^^^^^^^^^^^^^^^^^^^^
  File "/home/airflow/.local/lib/python3.12/site-packages/airflow/operators/bash.py", line 243, in execute
    raise AirflowException(
airflow.exceptions.AirflowException: Bash command failed. The command returned a non-zero exit code 127.
[2026-04-25T23:35:24.319+0000] {taskinstance.py:1205} INFO - Marking task as FAILED. dag_id=dbt_orchestration, task_id=dbt_run, execution_date=20260425T233518, start_date=20260425T233524, end_date=20260425T233524
[2026-04-25T23:35:24.368+0000] {standard_task_runner.py:110} ERROR - Failed to execute job 6 for task dbt_run (Bash command failed. The command returned a non-zero exit code 127.; 90)
[2026-04-25T23:35:24.416+0000] {local_task_job_runner.py:240} INFO - Task exited with return code 1
[2026-04-25T23:35:24.457+0000] {taskinstance.py:3482} INFO - 0 downstream tasks scheduled from follow-on schedule check
[2026-04-25T23:35:24.461+0000] {local_task_job_runner.py:222} INFO - ::endgroup::
