[2026-05-08T22:25:38.601+0000] {local_task_job_runner.py:120} INFO - ::group::Pre task execution logs
[2026-05-08T22:25:38.827+0000] {taskinstance.py:2073} INFO - Dependencies all met for dep_context=non-requeueable deps ti=<TaskInstance: etl_pipeline.ingestion manual__2026-05-08T22:25:34.511662+00:00 [queued]>
[2026-05-08T22:25:38.846+0000] {taskinstance.py:2073} INFO - Dependencies all met for dep_context=requeueable deps ti=<TaskInstance: etl_pipeline.ingestion manual__2026-05-08T22:25:34.511662+00:00 [queued]>
[2026-05-08T22:25:38.846+0000] {taskinstance.py:2303} INFO - Starting attempt 1 of 1
[2026-05-08T22:25:38.882+0000] {taskinstance.py:2327} INFO - Executing <Task(BashOperator): ingestion> on 2026-05-08 22:25:34.511662+00:00
[2026-05-08T22:25:38.913+0000] {standard_task_runner.py:90} INFO - Running: ['airflow', 'tasks', 'run', 'etl_pipeline', 'ingestion', 'manual__2026-05-08T22:25:34.511662+00:00', '--job-id', '42', '--raw', '--subdir', 'DAGS_FOLDER/retail_dag.py', '--cfg-path', '/tmp/tmpnn_hbwbv']
[2026-05-08T22:25:38.923+0000] {standard_task_runner.py:91} INFO - Job 42: Subtask ingestion
[2026-05-08T22:25:38.924+0000] {logging_mixin.py:188} WARNING - /home/airflow/.local/lib/python3.12/site-packages/airflow/task/task_runner/standard_task_runner.py:61 DeprecationWarning: This process (pid=960) is multi-threaded, use of fork() may lead to deadlocks in the child.
[2026-05-08T22:25:38.934+0000] {standard_task_runner.py:63} INFO - Started process 990 to run task
[2026-05-08T22:25:39.572+0000] {task_command.py:426} INFO - Running <TaskInstance: etl_pipeline.ingestion manual__2026-05-08T22:25:34.511662+00:00 [running]> on host fd9d4d6e15dd
[2026-05-08T22:25:40.120+0000] {taskinstance.py:2644} INFO - Exporting env vars: AIRFLOW_CTX_DAG_OWNER='airflow' AIRFLOW_CTX_DAG_ID='etl_pipeline' AIRFLOW_CTX_TASK_ID='ingestion' AIRFLOW_CTX_EXECUTION_DATE='2026-05-08T22:25:34.511662+00:00' AIRFLOW_CTX_TRY_NUMBER='1' AIRFLOW_CTX_DAG_RUN_ID='manual__2026-05-08T22:25:34.511662+00:00'
[2026-05-08T22:25:40.124+0000] {taskinstance.py:430} INFO - ::endgroup::
[2026-05-08T22:25:40.126+0000] {subprocess.py:63} INFO - Tmp dir root location: /tmp
[2026-05-08T22:25:40.128+0000] {subprocess.py:75} INFO - Running command: ['/usr/bin/bash', '-c', 'python /opt/airflow/ingestion/ingestion.py']
[2026-05-08T22:25:40.149+0000] {subprocess.py:86} INFO - Output:
[2026-05-08T22:25:43.045+0000] {subprocess.py:93} INFO - Successfully loaded 6435 rows.
[2026-05-08T22:25:43.146+0000] {subprocess.py:97} INFO - Command exited with return code 0
[2026-05-08T22:25:43.147+0000] {taskinstance.py:441} INFO - ::group::Post task execution logs
[2026-05-08T22:25:43.399+0000] {taskinstance.py:1205} INFO - Marking task as SUCCESS. dag_id=etl_pipeline, task_id=ingestion, execution_date=20260508T222534, start_date=20260508T222538, end_date=20260508T222543
[2026-05-08T22:25:43.468+0000] {local_task_job_runner.py:240} INFO - Task exited with return code 0
[2026-05-08T22:25:43.551+0000] {taskinstance.py:3482} INFO - 1 downstream tasks scheduled from follow-on schedule check
[2026-05-08T22:25:43.555+0000] {local_task_job_runner.py:222} INFO - ::endgroup::
