[2026-05-01T14:30:12.492+0000] {local_task_job_runner.py:120} INFO - ::group::Pre task execution logs
[2026-05-01T14:30:12.527+0000] {taskinstance.py:2073} INFO - Dependencies all met for dep_context=non-requeueable deps ti=<TaskInstance: dbt_orchestration.dbt_run manual__2026-05-01T14:30:05.367207+00:00 [queued]>
[2026-05-01T14:30:12.538+0000] {taskinstance.py:2073} INFO - Dependencies all met for dep_context=requeueable deps ti=<TaskInstance: dbt_orchestration.dbt_run manual__2026-05-01T14:30:05.367207+00:00 [queued]>
[2026-05-01T14:30:12.539+0000] {taskinstance.py:2303} INFO - Starting attempt 1 of 1
[2026-05-01T14:30:12.628+0000] {taskinstance.py:2327} INFO - Executing <Task(BashOperator): dbt_run> on 2026-05-01 14:30:05.367207+00:00
[2026-05-01T14:30:12.636+0000] {warnings.py:110} WARNING - /home/***/.local/lib/python3.12/site-packages/***/task/task_runner/standard_task_runner.py:61: DeprecationWarning: This process (pid=89) is multi-threaded, use of fork() may lead to deadlocks in the child.
  pid = os.fork()

[2026-05-01T14:30:12.639+0000] {standard_task_runner.py:63} INFO - Started process 94 to run task
[2026-05-01T14:30:12.638+0000] {standard_task_runner.py:90} INFO - Running: ['***', 'tasks', 'run', 'dbt_orchestration', 'dbt_run', 'manual__2026-05-01T14:30:05.367207+00:00', '--job-id', '4', '--raw', '--subdir', 'DAGS_FOLDER/retail_dag.py', '--cfg-path', '/tmp/tmp9bji1aas']
[2026-05-01T14:30:12.642+0000] {standard_task_runner.py:91} INFO - Job 4: Subtask dbt_run
[2026-05-01T14:30:13.575+0000] {task_command.py:426} INFO - Running <TaskInstance: dbt_orchestration.dbt_run manual__2026-05-01T14:30:05.367207+00:00 [running]> on host 3ca9ba6d349a
[2026-05-01T14:30:13.679+0000] {taskinstance.py:2644} INFO - Exporting env vars: AIRFLOW_CTX_DAG_OWNER='***' AIRFLOW_CTX_DAG_ID='dbt_orchestration' AIRFLOW_CTX_TASK_ID='dbt_run' AIRFLOW_CTX_EXECUTION_DATE='2026-05-01T14:30:05.367207+00:00' AIRFLOW_CTX_TRY_NUMBER='1' AIRFLOW_CTX_DAG_RUN_ID='manual__2026-05-01T14:30:05.367207+00:00'
[2026-05-01T14:30:13.682+0000] {taskinstance.py:430} INFO - ::endgroup::
[2026-05-01T14:30:13.684+0000] {subprocess.py:63} INFO - Tmp dir root location: /tmp
[2026-05-01T14:30:13.686+0000] {subprocess.py:75} INFO - Running command: ['/usr/bin/bash', '-c', '\n        cd /opt/***/dbt_project &&\n        dbt debug --profiles-dir . &&\n        dbt run --profiles-dir .\n        ']
[2026-05-01T14:30:13.702+0000] {subprocess.py:86} INFO - Output:
[2026-05-01T14:30:13.713+0000] {subprocess.py:93} INFO - /usr/bin/bash: line 3: dbt: command not found
[2026-05-01T14:30:13.714+0000] {subprocess.py:97} INFO - Command exited with return code 127
[2026-05-01T14:30:13.715+0000] {taskinstance.py:441} INFO - ::group::Post task execution logs
[2026-05-01T14:30:13.727+0000] {taskinstance.py:2890} ERROR - Task failed with exception
Traceback (most recent call last):
  File "/home/airflow/.local/lib/python3.12/site-packages/airflow/models/taskinstance.py", line 460, in _execute_task
    result = _execute_callable(context=context, **execute_callable_kwargs)
             ^^^^^^^^^^^^^^^^^^^^^^^^^^^^^^^^^^^^^^^^^^^^^^^^^^^^^^^^^^^^^
  File "/home/airflow/.local/lib/python3.12/site-packages/airflow/models/taskinstance.py", line 432, in _execute_callable
    return execute_callable(context=context, **execute_callable_kwargs)
           ^^^^^^^^^^^^^^^^^^^^^^^^^^^^^^^^^^^^^^^^^^^^^^^^^^^^^^^^^^^^
  File "/home/airflow/.local/lib/python3.12/site-packages/airflow/models/baseoperator.py", line 400, in wrapper
    return func(self, *args, **kwargs)
           ^^^^^^^^^^^^^^^^^^^^^^^^^^^
  File "/home/airflow/.local/lib/python3.12/site-packages/airflow/operators/bash.py", line 243, in execute
    raise AirflowException(
airflow.exceptions.AirflowException: Bash command failed. The command returned a non-zero exit code 127.
[2026-05-01T14:30:13.733+0000] {taskinstance.py:1205} INFO - Marking task as FAILED. dag_id=dbt_orchestration, task_id=dbt_run, execution_date=20260501T143005, start_date=20260501T143012, end_date=20260501T143013
[2026-05-01T14:30:13.753+0000] {standard_task_runner.py:110} ERROR - Failed to execute job 4 for task dbt_run (Bash command failed. The command returned a non-zero exit code 127.; 94)
[2026-05-01T14:30:13.780+0000] {local_task_job_runner.py:240} INFO - Task exited with return code 1
[2026-05-01T14:30:13.815+0000] {taskinstance.py:3482} INFO - 0 downstream tasks scheduled from follow-on schedule check
[2026-05-01T14:30:13.819+0000] {local_task_job_runner.py:222} INFO - ::endgroup::
