[2026-05-01T21:00:44.641+0000] {local_task_job_runner.py:120} INFO - ::group::Pre task execution logs
[2026-05-01T21:00:44.676+0000] {taskinstance.py:2073} INFO - Dependencies all met for dep_context=non-requeueable deps ti=<TaskInstance: dbt_orchestration.dbt_run manual__2026-05-01T21:00:34.118120+00:00 [queued]>
[2026-05-01T21:00:44.685+0000] {taskinstance.py:2073} INFO - Dependencies all met for dep_context=requeueable deps ti=<TaskInstance: dbt_orchestration.dbt_run manual__2026-05-01T21:00:34.118120+00:00 [queued]>
[2026-05-01T21:00:44.685+0000] {taskinstance.py:2303} INFO - Starting attempt 1 of 1
[2026-05-01T21:00:44.700+0000] {taskinstance.py:2327} INFO - Executing <Task(BashOperator): dbt_run> on 2026-05-01 21:00:34.118120+00:00
[2026-05-01T21:00:44.710+0000] {standard_task_runner.py:90} INFO - Running: ['***', 'tasks', 'run', 'dbt_orchestration', 'dbt_run', 'manual__2026-05-01T21:00:34.118120+00:00', '--job-id', '4', '--raw', '--subdir', 'DAGS_FOLDER/retail_dag.py', '--cfg-path', '/tmp/tmpg50olo_o']
[2026-05-01T21:00:44.712+0000] {logging_mixin.py:188} WARNING - /home/***/.local/lib/python3.12/site-packages/***/task/task_runner/standard_task_runner.py:61 DeprecationWarning: This process (pid=734) is multi-threaded, use of fork() may lead to deadlocks in the child.
[2026-05-01T21:00:44.713+0000] {standard_task_runner.py:91} INFO - Job 4: Subtask dbt_run
[2026-05-01T21:00:44.714+0000] {standard_task_runner.py:63} INFO - Started process 736 to run task
[2026-05-01T21:00:44.786+0000] {task_command.py:426} INFO - Running <TaskInstance: dbt_orchestration.dbt_run manual__2026-05-01T21:00:34.118120+00:00 [running]> on host 88924d5138c9
[2026-05-01T21:00:44.961+0000] {taskinstance.py:2644} INFO - Exporting env vars: AIRFLOW_CTX_DAG_OWNER='***' AIRFLOW_CTX_DAG_ID='dbt_orchestration' AIRFLOW_CTX_TASK_ID='dbt_run' AIRFLOW_CTX_EXECUTION_DATE='2026-05-01T21:00:34.118120+00:00' AIRFLOW_CTX_TRY_NUMBER='1' AIRFLOW_CTX_DAG_RUN_ID='manual__2026-05-01T21:00:34.118120+00:00'
[2026-05-01T21:00:44.963+0000] {taskinstance.py:430} INFO - ::endgroup::
[2026-05-01T21:00:44.964+0000] {subprocess.py:63} INFO - Tmp dir root location: /tmp
[2026-05-01T21:00:44.966+0000] {subprocess.py:75} INFO - Running command: ['/usr/bin/bash', '-c', '\n        cd /opt/***/dbt_project && dbt run --profiles-dir /opt/***/dbt_project\n        ']
[2026-05-01T21:00:44.979+0000] {subprocess.py:86} INFO - Output:
[2026-05-01T21:00:48.748+0000] {subprocess.py:93} INFO - [0m21:00:48  Running with dbt=1.7.14
[2026-05-01T21:00:49.129+0000] {subprocess.py:93} INFO - [0m21:00:49  Registered adapter: postgres=1.7.14
[2026-05-01T21:00:50.961+0000] {subprocess.py:93} INFO - [0m21:00:50  Unable to do partial parsing because of a version mismatch
[2026-05-01T21:00:54.803+0000] {subprocess.py:93} INFO - [0m21:00:54  Found 5 models, 1 source, 0 exposures, 0 metrics, 401 macros, 0 groups, 0 semantic models
[2026-05-01T21:00:54.808+0000] {subprocess.py:93} INFO - [0m21:00:54
[2026-05-01T21:00:56.812+0000] {subprocess.py:93} INFO - [0m21:00:56  Concurrency: 4 threads (target='dev')
[2026-05-01T21:00:56.813+0000] {subprocess.py:93} INFO - [0m21:00:56
[2026-05-01T21:00:56.878+0000] {subprocess.py:93} INFO - [0m21:00:56  1 of 5 START sql table model raw.my_first_dbt_model ............................ [RUN]
[2026-05-01T21:00:56.879+0000] {subprocess.py:93} INFO - [0m21:00:56  2 of 5 START sql view model raw.raw_walmart_sales .............................. [RUN]
[2026-05-01T21:00:56.881+0000] {subprocess.py:93} INFO - [0m21:00:56  3 of 5 START sql view model raw.stg_walmart .................................... [RUN]
[2026-05-01T21:00:57.688+0000] {subprocess.py:93} INFO - [0m21:00:57  1 of 5 OK created sql table model raw.my_first_dbt_model ....................... [[32mSELECT 2[0m in 0.79s]
[2026-05-01T21:00:57.713+0000] {subprocess.py:93} INFO - [0m21:00:57  4 of 5 START sql view model raw.my_second_dbt_model ............................ [RUN]
[2026-05-01T21:00:57.741+0000] {subprocess.py:93} INFO - [0m21:00:57  2 of 5 OK created sql view model raw.raw_walmart_sales ......................... [[32mCREATE VIEW[0m in 0.85s]
[2026-05-01T21:00:57.743+0000] {subprocess.py:93} INFO - [0m21:00:57  3 of 5 OK created sql view model raw.stg_walmart ............................... [[32mCREATE VIEW[0m in 0.85s]
[2026-05-01T21:00:57.753+0000] {subprocess.py:93} INFO - [0m21:00:57  5 of 5 START sql view model raw.fact_sales ..................................... [RUN]
[2026-05-01T21:00:57.921+0000] {subprocess.py:93} INFO - [0m21:00:57  4 of 5 OK created sql view model raw.my_second_dbt_model ....................... [[32mCREATE VIEW[0m in 0.20s]
[2026-05-01T21:00:57.997+0000] {subprocess.py:93} INFO - [0m21:00:57  5 of 5 OK created sql view model raw.fact_sales ................................ [[32mCREATE VIEW[0m in 0.24s]
[2026-05-01T21:00:58.070+0000] {subprocess.py:93} INFO - [0m21:00:58
[2026-05-01T21:00:58.071+0000] {subprocess.py:93} INFO - [0m21:00:58  Finished running 1 table model, 4 view models in 0 hours 0 minutes and 3.26 seconds (3.26s).
[2026-05-01T21:00:58.131+0000] {subprocess.py:93} INFO - [0m21:00:58
[2026-05-01T21:00:58.133+0000] {subprocess.py:93} INFO - [0m21:00:58  [32mCompleted successfully[0m
[2026-05-01T21:00:58.134+0000] {subprocess.py:93} INFO - [0m21:00:58
[2026-05-01T21:00:58.136+0000] {subprocess.py:93} INFO - [0m21:00:58  Done. PASS=5 WARN=0 ERROR=0 SKIP=0 TOTAL=5
[2026-05-01T21:00:59.211+0000] {subprocess.py:97} INFO - Command exited with return code 0
[2026-05-01T21:00:59.212+0000] {taskinstance.py:441} INFO - ::group::Post task execution logs
[2026-05-01T21:00:59.239+0000] {taskinstance.py:1205} INFO - Marking task as SUCCESS. dag_id=dbt_orchestration, task_id=dbt_run, execution_date=20260501T210034, start_date=20260501T210044, end_date=20260501T210059
[2026-05-01T21:00:59.268+0000] {local_task_job_runner.py:240} INFO - Task exited with return code 0
[2026-05-01T21:00:59.285+0000] {taskinstance.py:3482} INFO - 1 downstream tasks scheduled from follow-on schedule check
[2026-05-01T21:00:59.288+0000] {local_task_job_runner.py:222} INFO - ::endgroup::
