[2026-05-02T08:16:01.681+0000] {local_task_job_runner.py:120} INFO - ::group::Pre task execution logs
[2026-05-02T08:16:01.733+0000] {taskinstance.py:2073} INFO - Dependencies all met for dep_context=non-requeueable deps ti=<TaskInstance: etl_pipeline.dbt_deps manual__2026-05-02T08:15:53.213813+00:00 [queued]>
[2026-05-02T08:16:01.751+0000] {taskinstance.py:2073} INFO - Dependencies all met for dep_context=requeueable deps ti=<TaskInstance: etl_pipeline.dbt_deps manual__2026-05-02T08:15:53.213813+00:00 [queued]>
[2026-05-02T08:16:01.752+0000] {taskinstance.py:2303} INFO - Starting attempt 1 of 1
[2026-05-02T08:16:01.897+0000] {taskinstance.py:2327} INFO - Executing <Task(BashOperator): dbt_deps> on 2026-05-02 08:15:53.213813+00:00
[2026-05-02T08:16:01.923+0000] {standard_task_runner.py:90} INFO - Running: ['airflow', 'tasks', 'run', 'etl_pipeline', 'dbt_deps', 'manual__2026-05-02T08:15:53.213813+00:00', '--job-id', '29', '--raw', '--subdir', 'DAGS_FOLDER/retail_dag.py', '--cfg-path', '/tmp/tmpyat2gaq_']
[2026-05-02T08:16:01.934+0000] {standard_task_runner.py:91} INFO - Job 29: Subtask dbt_deps
[2026-05-02T08:16:01.934+0000] {logging_mixin.py:188} WARNING - /home/airflow/.local/lib/python3.12/site-packages/airflow/task/task_runner/standard_task_runner.py:61 DeprecationWarning: This process (pid=740) is multi-threaded, use of fork() may lead to deadlocks in the child.
[2026-05-02T08:16:01.936+0000] {standard_task_runner.py:63} INFO - Started process 744 to run task
[2026-05-02T08:16:02.047+0000] {task_command.py:426} INFO - Running <TaskInstance: etl_pipeline.dbt_deps manual__2026-05-02T08:15:53.213813+00:00 [running]> on host 9521ca2d319c
[2026-05-02T08:16:02.189+0000] {taskinstance.py:2644} INFO - Exporting env vars: AIRFLOW_CTX_DAG_OWNER='airflow' AIRFLOW_CTX_DAG_ID='etl_pipeline' AIRFLOW_CTX_TASK_ID='dbt_deps' AIRFLOW_CTX_EXECUTION_DATE='2026-05-02T08:15:53.213813+00:00' AIRFLOW_CTX_TRY_NUMBER='1' AIRFLOW_CTX_DAG_RUN_ID='manual__2026-05-02T08:15:53.213813+00:00'
[2026-05-02T08:16:02.198+0000] {taskinstance.py:430} INFO - ::endgroup::
[2026-05-02T08:16:02.200+0000] {subprocess.py:63} INFO - Tmp dir root location: /tmp
[2026-05-02T08:16:02.202+0000] {subprocess.py:75} INFO - Running command: ['/usr/bin/bash', '-c', 'cd /opt/airflow/dbt_project && dbt deps']
[2026-05-02T08:16:02.231+0000] {subprocess.py:86} INFO - Output:
[2026-05-02T08:16:07.000+0000] {subprocess.py:93} INFO - [0m08:16:07  Running with dbt=1.7.14
[2026-05-02T08:16:07.266+0000] {subprocess.py:93} INFO - [0m08:16:07  Warning: No packages were found in packages.yml
[2026-05-02T08:16:07.278+0000] {subprocess.py:93} INFO - [0m08:16:07  Warning: No packages were found in packages.yml
[2026-05-02T08:16:08.382+0000] {subprocess.py:97} INFO - Command exited with return code 0
[2026-05-02T08:16:08.383+0000] {taskinstance.py:441} INFO - ::group::Post task execution logs
[2026-05-02T08:16:08.412+0000] {taskinstance.py:1205} INFO - Marking task as SUCCESS. dag_id=etl_pipeline, task_id=dbt_deps, execution_date=20260502T081553, start_date=20260502T081601, end_date=20260502T081608
[2026-05-02T08:16:08.456+0000] {local_task_job_runner.py:240} INFO - Task exited with return code 0
[2026-05-02T08:16:08.480+0000] {taskinstance.py:3482} INFO - 1 downstream tasks scheduled from follow-on schedule check
[2026-05-02T08:16:08.483+0000] {local_task_job_runner.py:222} INFO - ::endgroup::
