[2026-05-08T19:47:57.296+0000] {local_task_job_runner.py:120} INFO - ::group::Pre task execution logs
[2026-05-08T19:47:57.374+0000] {taskinstance.py:2073} INFO - Dependencies all met for dep_context=non-requeueable deps ti=<TaskInstance: etl_pipeline.dbt_run scheduled__2026-05-07T00:00:00+00:00 [queued]>
[2026-05-08T19:47:57.388+0000] {taskinstance.py:2073} INFO - Dependencies all met for dep_context=requeueable deps ti=<TaskInstance: etl_pipeline.dbt_run scheduled__2026-05-07T00:00:00+00:00 [queued]>
[2026-05-08T19:47:57.389+0000] {taskinstance.py:2303} INFO - Starting attempt 1 of 1
[2026-05-08T19:47:57.405+0000] {taskinstance.py:2327} INFO - Executing <Task(BashOperator): dbt_run> on 2026-05-07 00:00:00+00:00
[2026-05-08T19:47:57.417+0000] {standard_task_runner.py:90} INFO - Running: ['airflow', 'tasks', 'run', 'etl_pipeline', 'dbt_run', 'scheduled__2026-05-07T00:00:00+00:00', '--job-id', '19', '--raw', '--subdir', 'DAGS_FOLDER/retail_dag.py', '--cfg-path', '/tmp/tmpwlr4lx6l']
[2026-05-08T19:47:57.420+0000] {standard_task_runner.py:91} INFO - Job 19: Subtask dbt_run
[2026-05-08T19:47:57.421+0000] {logging_mixin.py:188} WARNING - /home/airflow/.local/lib/python3.12/site-packages/airflow/task/task_runner/standard_task_runner.py:61 DeprecationWarning: This process (pid=501) is multi-threaded, use of fork() may lead to deadlocks in the child.
[2026-05-08T19:47:57.422+0000] {standard_task_runner.py:63} INFO - Started process 503 to run task
[2026-05-08T19:47:57.649+0000] {task_command.py:426} INFO - Running <TaskInstance: etl_pipeline.dbt_run scheduled__2026-05-07T00:00:00+00:00 [running]> on host 55294df33dd8
[2026-05-08T19:47:58.092+0000] {taskinstance.py:2644} INFO - Exporting env vars: AIRFLOW_CTX_DAG_OWNER='airflow' AIRFLOW_CTX_DAG_ID='etl_pipeline' AIRFLOW_CTX_TASK_ID='dbt_run' AIRFLOW_CTX_EXECUTION_DATE='2026-05-07T00:00:00+00:00' AIRFLOW_CTX_TRY_NUMBER='1' AIRFLOW_CTX_DAG_RUN_ID='scheduled__2026-05-07T00:00:00+00:00'
[2026-05-08T19:47:58.096+0000] {taskinstance.py:430} INFO - ::endgroup::
[2026-05-08T19:47:58.098+0000] {subprocess.py:63} INFO - Tmp dir root location: /tmp
[2026-05-08T19:47:58.100+0000] {subprocess.py:75} INFO - Running command: ['/usr/bin/bash', '-c', 'cd /opt/airflow/dbt_project && dbt run']
[2026-05-08T19:47:58.140+0000] {subprocess.py:86} INFO - Output:
[2026-05-08T19:48:02.171+0000] {subprocess.py:93} INFO - [0m19:48:02  Running with dbt=1.7.14
[2026-05-08T19:48:02.679+0000] {subprocess.py:93} INFO - [0m19:48:02  Registered adapter: postgres=1.7.14
[2026-05-08T19:48:04.050+0000] {subprocess.py:93} INFO - [0m19:48:04  Found 4 models, 1 source, 0 exposures, 0 metrics, 401 macros, 0 groups, 0 semantic models
[2026-05-08T19:48:04.058+0000] {subprocess.py:93} INFO - [0m19:48:04
[2026-05-08T19:48:05.653+0000] {subprocess.py:93} INFO - [0m19:48:05  Concurrency: 4 threads (target='dev')
[2026-05-08T19:48:05.655+0000] {subprocess.py:93} INFO - [0m19:48:05
[2026-05-08T19:48:05.670+0000] {subprocess.py:93} INFO - [0m19:48:05  1 of 4 START sql table model raw.my_first_dbt_model ............................ [RUN]
[2026-05-08T19:48:05.672+0000] {subprocess.py:93} INFO - [0m19:48:05  2 of 4 START sql view model raw.stg_walmart .................................... [RUN]
[2026-05-08T19:48:06.859+0000] {subprocess.py:93} INFO - [0m19:48:06  2 of 4 OK created sql view model raw.stg_walmart ............................... [[32mCREATE VIEW[0m in 1.18s]
[2026-05-08T19:48:06.865+0000] {subprocess.py:93} INFO - [0m19:48:06  3 of 4 START sql view model raw.fact_sales ..................................... [RUN]
[2026-05-08T19:48:06.911+0000] {subprocess.py:93} INFO - [0m19:48:06  1 of 4 OK created sql table model raw.my_first_dbt_model ....................... [[32mSELECT 2[0m in 1.23s]
[2026-05-08T19:48:06.917+0000] {subprocess.py:93} INFO - [0m19:48:06  4 of 4 START sql view model raw.my_second_dbt_model ............................ [RUN]
[2026-05-08T19:48:07.056+0000] {subprocess.py:93} INFO - [0m19:48:07  3 of 4 OK created sql view model raw.fact_sales ................................ [[32mCREATE VIEW[0m in 0.19s]
[2026-05-08T19:48:07.417+0000] {subprocess.py:93} INFO - [0m19:48:07  4 of 4 OK created sql view model raw.my_second_dbt_model ....................... [[32mCREATE VIEW[0m in 0.50s]
[2026-05-08T19:48:07.496+0000] {subprocess.py:93} INFO - [0m19:48:07
[2026-05-08T19:48:07.497+0000] {subprocess.py:93} INFO - [0m19:48:07  Finished running 3 view models, 1 table model in 0 hours 0 minutes and 3.44 seconds (3.44s).
[2026-05-08T19:48:07.640+0000] {subprocess.py:93} INFO - [0m19:48:07
[2026-05-08T19:48:07.641+0000] {subprocess.py:93} INFO - [0m19:48:07  [32mCompleted successfully[0m
[2026-05-08T19:48:07.643+0000] {subprocess.py:93} INFO - [0m19:48:07
[2026-05-08T19:48:07.645+0000] {subprocess.py:93} INFO - [0m19:48:07  Done. PASS=4 WARN=0 ERROR=0 SKIP=0 TOTAL=4
[2026-05-08T19:48:08.826+0000] {subprocess.py:97} INFO - Command exited with return code 0
[2026-05-08T19:48:08.827+0000] {taskinstance.py:441} INFO - ::group::Post task execution logs
[2026-05-08T19:48:09.029+0000] {taskinstance.py:1205} INFO - Marking task as SUCCESS. dag_id=etl_pipeline, task_id=dbt_run, execution_date=20260507T000000, start_date=20260508T194757, end_date=20260508T194809
[2026-05-08T19:48:09.070+0000] {local_task_job_runner.py:240} INFO - Task exited with return code 0
[2026-05-08T19:48:09.146+0000] {taskinstance.py:3482} INFO - 1 downstream tasks scheduled from follow-on schedule check
[2026-05-08T19:48:09.150+0000] {local_task_job_runner.py:222} INFO - ::endgroup::
