[2026-04-27T23:30:01.112+0000] {processor.py:161} INFO - Started process (PID=73) to work on /home/airflow/.local/lib/python3.12/site-packages/airflow/example_dags/example_short_circuit_decorator.py
[2026-04-27T23:30:01.113+0000] {processor.py:830} INFO - Processing file /home/airflow/.local/lib/python3.12/site-packages/airflow/example_dags/example_short_circuit_decorator.py for tasks to queue
[2026-04-27T23:30:01.116+0000] {logging_mixin.py:188} INFO - [2026-04-27T23:30:01.116+0000] {dagbag.py:540} INFO - Filling up the DagBag from /home/airflow/.local/lib/python3.12/site-packages/airflow/example_dags/example_short_circuit_decorator.py
[2026-04-27T23:30:01.235+0000] {processor.py:840} INFO - DAG(s) 'example_short_circuit_decorator' retrieved from /home/airflow/.local/lib/python3.12/site-packages/airflow/example_dags/example_short_circuit_decorator.py
[2026-04-27T23:30:01.275+0000] {logging_mixin.py:188} INFO - [2026-04-27T23:30:01.275+0000] {dag.py:3096} INFO - Sync 1 DAGs
[2026-04-27T23:30:01.311+0000] {logging_mixin.py:188} INFO - [2026-04-27T23:30:01.311+0000] {dag.py:3954} INFO - Setting next_dagrun for example_short_circuit_decorator to 2026-04-26 00:00:00+00:00, run_after=2026-04-27 00:00:00+00:00
[2026-04-27T23:30:01.687+0000] {processor.py:183} INFO - Processing /home/airflow/.local/lib/python3.12/site-packages/airflow/example_dags/example_short_circuit_decorator.py took 0.585 seconds
[2026-04-27T23:30:45.725+0000] {processor.py:161} INFO - Started process (PID=138) to work on /home/airflow/.local/lib/python3.12/site-packages/airflow/example_dags/example_short_circuit_decorator.py
[2026-04-27T23:30:45.954+0000] {processor.py:830} INFO - Processing file /home/airflow/.local/lib/python3.12/site-packages/airflow/example_dags/example_short_circuit_decorator.py for tasks to queue
[2026-04-27T23:30:45.957+0000] {logging_mixin.py:188} INFO - [2026-04-27T23:30:45.957+0000] {dagbag.py:540} INFO - Filling up the DagBag from /home/airflow/.local/lib/python3.12/site-packages/airflow/example_dags/example_short_circuit_decorator.py
[2026-04-27T23:30:45.967+0000] {processor.py:840} INFO - DAG(s) 'example_short_circuit_decorator' retrieved from /home/airflow/.local/lib/python3.12/site-packages/airflow/example_dags/example_short_circuit_decorator.py
[2026-04-27T23:30:46.235+0000] {logging_mixin.py:188} INFO - [2026-04-27T23:30:46.235+0000] {dag.py:3096} INFO - Sync 1 DAGs
[2026-04-27T23:30:46.257+0000] {logging_mixin.py:188} INFO - [2026-04-27T23:30:46.257+0000] {dag.py:3954} INFO - Setting next_dagrun for example_short_circuit_decorator to 2026-04-26 00:00:00+00:00, run_after=2026-04-27 00:00:00+00:00
[2026-04-27T23:30:46.844+0000] {processor.py:183} INFO - Processing /home/airflow/.local/lib/python3.12/site-packages/airflow/example_dags/example_short_circuit_decorator.py took 1.126 seconds
[2026-04-27T23:31:28.209+0000] {processor.py:161} INFO - Started process (PID=195) to work on /home/airflow/.local/lib/python3.12/site-packages/airflow/example_dags/example_short_circuit_decorator.py
[2026-04-27T23:31:28.210+0000] {processor.py:830} INFO - Processing file /home/airflow/.local/lib/python3.12/site-packages/airflow/example_dags/example_short_circuit_decorator.py for tasks to queue
[2026-04-27T23:31:28.212+0000] {logging_mixin.py:188} INFO - [2026-04-27T23:31:28.212+0000] {dagbag.py:540} INFO - Filling up the DagBag from /home/airflow/.local/lib/python3.12/site-packages/airflow/example_dags/example_short_circuit_decorator.py
[2026-04-27T23:31:28.222+0000] {processor.py:840} INFO - DAG(s) 'example_short_circuit_decorator' retrieved from /home/airflow/.local/lib/python3.12/site-packages/airflow/example_dags/example_short_circuit_decorator.py
[2026-04-27T23:31:28.246+0000] {logging_mixin.py:188} INFO - [2026-04-27T23:31:28.246+0000] {dag.py:3096} INFO - Sync 1 DAGs
[2026-04-27T23:31:28.269+0000] {logging_mixin.py:188} INFO - [2026-04-27T23:31:28.268+0000] {dag.py:3954} INFO - Setting next_dagrun for example_short_circuit_decorator to 2026-04-26 00:00:00+00:00, run_after=2026-04-27 00:00:00+00:00
[2026-04-27T23:31:28.288+0000] {processor.py:183} INFO - Processing /home/airflow/.local/lib/python3.12/site-packages/airflow/example_dags/example_short_circuit_decorator.py took 0.085 seconds
[2026-04-27T23:32:26.202+0000] {processor.py:161} INFO - Started process (PID=258) to work on /home/airflow/.local/lib/python3.12/site-packages/airflow/example_dags/example_short_circuit_decorator.py
[2026-04-27T23:32:26.203+0000] {processor.py:830} INFO - Processing file /home/airflow/.local/lib/python3.12/site-packages/airflow/example_dags/example_short_circuit_decorator.py for tasks to queue
[2026-04-27T23:32:26.206+0000] {logging_mixin.py:188} INFO - [2026-04-27T23:32:26.205+0000] {dagbag.py:540} INFO - Filling up the DagBag from /home/airflow/.local/lib/python3.12/site-packages/airflow/example_dags/example_short_circuit_decorator.py
[2026-04-27T23:32:26.222+0000] {processor.py:840} INFO - DAG(s) 'example_short_circuit_decorator' retrieved from /home/airflow/.local/lib/python3.12/site-packages/airflow/example_dags/example_short_circuit_decorator.py
[2026-04-27T23:32:26.251+0000] {logging_mixin.py:188} INFO - [2026-04-27T23:32:26.251+0000] {dag.py:3096} INFO - Sync 1 DAGs
[2026-04-27T23:32:26.278+0000] {logging_mixin.py:188} INFO - [2026-04-27T23:32:26.278+0000] {dag.py:3954} INFO - Setting next_dagrun for example_short_circuit_decorator to 2026-04-26 00:00:00+00:00, run_after=2026-04-27 00:00:00+00:00
[2026-04-27T23:32:26.304+0000] {processor.py:183} INFO - Processing /home/airflow/.local/lib/python3.12/site-packages/airflow/example_dags/example_short_circuit_decorator.py took 0.110 seconds
[2026-04-27T23:32:59.620+0000] {processor.py:161} INFO - Started process (PID=317) to work on /home/airflow/.local/lib/python3.12/site-packages/airflow/example_dags/example_short_circuit_decorator.py
[2026-04-27T23:32:59.621+0000] {processor.py:830} INFO - Processing file /home/airflow/.local/lib/python3.12/site-packages/airflow/example_dags/example_short_circuit_decorator.py for tasks to queue
[2026-04-27T23:32:59.623+0000] {logging_mixin.py:188} INFO - [2026-04-27T23:32:59.623+0000] {dagbag.py:540} INFO - Filling up the DagBag from /home/airflow/.local/lib/python3.12/site-packages/airflow/example_dags/example_short_circuit_decorator.py
[2026-04-27T23:32:59.634+0000] {processor.py:840} INFO - DAG(s) 'example_short_circuit_decorator' retrieved from /home/airflow/.local/lib/python3.12/site-packages/airflow/example_dags/example_short_circuit_decorator.py
[2026-04-27T23:32:59.658+0000] {logging_mixin.py:188} INFO - [2026-04-27T23:32:59.658+0000] {dag.py:3096} INFO - Sync 1 DAGs
[2026-04-27T23:32:59.679+0000] {logging_mixin.py:188} INFO - [2026-04-27T23:32:59.679+0000] {dag.py:3954} INFO - Setting next_dagrun for example_short_circuit_decorator to 2026-04-26 00:00:00+00:00, run_after=2026-04-27 00:00:00+00:00
[2026-04-27T23:32:59.698+0000] {processor.py:183} INFO - Processing /home/airflow/.local/lib/python3.12/site-packages/airflow/example_dags/example_short_circuit_decorator.py took 0.085 seconds
[2026-04-27T23:33:30.325+0000] {processor.py:161} INFO - Started process (PID=373) to work on /home/airflow/.local/lib/python3.12/site-packages/airflow/example_dags/example_short_circuit_decorator.py
[2026-04-27T23:33:30.326+0000] {processor.py:830} INFO - Processing file /home/airflow/.local/lib/python3.12/site-packages/airflow/example_dags/example_short_circuit_decorator.py for tasks to queue
[2026-04-27T23:33:30.329+0000] {logging_mixin.py:188} INFO - [2026-04-27T23:33:30.328+0000] {dagbag.py:540} INFO - Filling up the DagBag from /home/airflow/.local/lib/python3.12/site-packages/airflow/example_dags/example_short_circuit_decorator.py
[2026-04-27T23:33:30.338+0000] {processor.py:840} INFO - DAG(s) 'example_short_circuit_decorator' retrieved from /home/airflow/.local/lib/python3.12/site-packages/airflow/example_dags/example_short_circuit_decorator.py
[2026-04-27T23:33:30.366+0000] {logging_mixin.py:188} INFO - [2026-04-27T23:33:30.366+0000] {dag.py:3096} INFO - Sync 1 DAGs
[2026-04-27T23:33:30.388+0000] {logging_mixin.py:188} INFO - [2026-04-27T23:33:30.388+0000] {dag.py:3954} INFO - Setting next_dagrun for example_short_circuit_decorator to 2026-04-26 00:00:00+00:00, run_after=2026-04-27 00:00:00+00:00
[2026-04-27T23:33:30.409+0000] {processor.py:183} INFO - Processing /home/airflow/.local/lib/python3.12/site-packages/airflow/example_dags/example_short_circuit_decorator.py took 0.091 seconds
[2026-04-27T23:34:00.916+0000] {processor.py:161} INFO - Started process (PID=430) to work on /home/airflow/.local/lib/python3.12/site-packages/airflow/example_dags/example_short_circuit_decorator.py
[2026-04-27T23:34:00.917+0000] {processor.py:830} INFO - Processing file /home/airflow/.local/lib/python3.12/site-packages/airflow/example_dags/example_short_circuit_decorator.py for tasks to queue
[2026-04-27T23:34:00.919+0000] {logging_mixin.py:188} INFO - [2026-04-27T23:34:00.919+0000] {dagbag.py:540} INFO - Filling up the DagBag from /home/airflow/.local/lib/python3.12/site-packages/airflow/example_dags/example_short_circuit_decorator.py
[2026-04-27T23:34:00.929+0000] {processor.py:840} INFO - DAG(s) 'example_short_circuit_decorator' retrieved from /home/airflow/.local/lib/python3.12/site-packages/airflow/example_dags/example_short_circuit_decorator.py
[2026-04-27T23:34:00.954+0000] {logging_mixin.py:188} INFO - [2026-04-27T23:34:00.954+0000] {dag.py:3096} INFO - Sync 1 DAGs
[2026-04-27T23:34:00.975+0000] {logging_mixin.py:188} INFO - [2026-04-27T23:34:00.975+0000] {dag.py:3954} INFO - Setting next_dagrun for example_short_circuit_decorator to 2026-04-26 00:00:00+00:00, run_after=2026-04-27 00:00:00+00:00
[2026-04-27T23:34:00.995+0000] {processor.py:183} INFO - Processing /home/airflow/.local/lib/python3.12/site-packages/airflow/example_dags/example_short_circuit_decorator.py took 0.086 seconds
[2026-04-27T23:34:32.481+0000] {processor.py:161} INFO - Started process (PID=489) to work on /home/airflow/.local/lib/python3.12/site-packages/airflow/example_dags/example_short_circuit_decorator.py
[2026-04-27T23:34:32.483+0000] {processor.py:830} INFO - Processing file /home/airflow/.local/lib/python3.12/site-packages/airflow/example_dags/example_short_circuit_decorator.py for tasks to queue
[2026-04-27T23:34:32.485+0000] {logging_mixin.py:188} INFO - [2026-04-27T23:34:32.485+0000] {dagbag.py:540} INFO - Filling up the DagBag from /home/airflow/.local/lib/python3.12/site-packages/airflow/example_dags/example_short_circuit_decorator.py
[2026-04-27T23:34:32.495+0000] {processor.py:840} INFO - DAG(s) 'example_short_circuit_decorator' retrieved from /home/airflow/.local/lib/python3.12/site-packages/airflow/example_dags/example_short_circuit_decorator.py
[2026-04-27T23:34:32.941+0000] {logging_mixin.py:188} INFO - [2026-04-27T23:34:32.940+0000] {dag.py:3096} INFO - Sync 1 DAGs
[2026-04-27T23:34:32.965+0000] {logging_mixin.py:188} INFO - [2026-04-27T23:34:32.965+0000] {dag.py:3954} INFO - Setting next_dagrun for example_short_circuit_decorator to 2026-04-26 00:00:00+00:00, run_after=2026-04-27 00:00:00+00:00
[2026-04-27T23:34:33.301+0000] {processor.py:183} INFO - Processing /home/airflow/.local/lib/python3.12/site-packages/airflow/example_dags/example_short_circuit_decorator.py took 0.830 seconds
[2026-04-27T23:35:03.373+0000] {processor.py:161} INFO - Started process (PID=548) to work on /home/airflow/.local/lib/python3.12/site-packages/airflow/example_dags/example_short_circuit_decorator.py
[2026-04-27T23:35:03.374+0000] {processor.py:830} INFO - Processing file /home/airflow/.local/lib/python3.12/site-packages/airflow/example_dags/example_short_circuit_decorator.py for tasks to queue
[2026-04-27T23:35:03.377+0000] {logging_mixin.py:188} INFO - [2026-04-27T23:35:03.376+0000] {dagbag.py:540} INFO - Filling up the DagBag from /home/airflow/.local/lib/python3.12/site-packages/airflow/example_dags/example_short_circuit_decorator.py
[2026-04-27T23:35:03.391+0000] {processor.py:840} INFO - DAG(s) 'example_short_circuit_decorator' retrieved from /home/airflow/.local/lib/python3.12/site-packages/airflow/example_dags/example_short_circuit_decorator.py
[2026-04-27T23:35:03.416+0000] {logging_mixin.py:188} INFO - [2026-04-27T23:35:03.416+0000] {dag.py:3096} INFO - Sync 1 DAGs
[2026-04-27T23:35:03.438+0000] {logging_mixin.py:188} INFO - [2026-04-27T23:35:03.438+0000] {dag.py:3954} INFO - Setting next_dagrun for example_short_circuit_decorator to 2026-04-26 00:00:00+00:00, run_after=2026-04-27 00:00:00+00:00
[2026-04-27T23:35:03.523+0000] {processor.py:183} INFO - Processing /home/airflow/.local/lib/python3.12/site-packages/airflow/example_dags/example_short_circuit_decorator.py took 0.157 seconds
[2026-04-27T23:35:33.585+0000] {processor.py:161} INFO - Started process (PID=607) to work on /home/airflow/.local/lib/python3.12/site-packages/airflow/example_dags/example_short_circuit_decorator.py
[2026-04-27T23:35:33.586+0000] {processor.py:830} INFO - Processing file /home/airflow/.local/lib/python3.12/site-packages/airflow/example_dags/example_short_circuit_decorator.py for tasks to queue
[2026-04-27T23:35:33.589+0000] {logging_mixin.py:188} INFO - [2026-04-27T23:35:33.588+0000] {dagbag.py:540} INFO - Filling up the DagBag from /home/airflow/.local/lib/python3.12/site-packages/airflow/example_dags/example_short_circuit_decorator.py
[2026-04-27T23:35:33.600+0000] {processor.py:840} INFO - DAG(s) 'example_short_circuit_decorator' retrieved from /home/airflow/.local/lib/python3.12/site-packages/airflow/example_dags/example_short_circuit_decorator.py
[2026-04-27T23:35:33.626+0000] {logging_mixin.py:188} INFO - [2026-04-27T23:35:33.626+0000] {dag.py:3096} INFO - Sync 1 DAGs
[2026-04-27T23:35:33.649+0000] {logging_mixin.py:188} INFO - [2026-04-27T23:35:33.648+0000] {dag.py:3954} INFO - Setting next_dagrun for example_short_circuit_decorator to 2026-04-26 00:00:00+00:00, run_after=2026-04-27 00:00:00+00:00
[2026-04-27T23:35:33.672+0000] {processor.py:183} INFO - Processing /home/airflow/.local/lib/python3.12/site-packages/airflow/example_dags/example_short_circuit_decorator.py took 0.094 seconds
[2026-04-27T23:36:04.303+0000] {processor.py:161} INFO - Started process (PID=665) to work on /home/airflow/.local/lib/python3.12/site-packages/airflow/example_dags/example_short_circuit_decorator.py
[2026-04-27T23:36:04.305+0000] {processor.py:830} INFO - Processing file /home/airflow/.local/lib/python3.12/site-packages/airflow/example_dags/example_short_circuit_decorator.py for tasks to queue
[2026-04-27T23:36:04.307+0000] {logging_mixin.py:188} INFO - [2026-04-27T23:36:04.306+0000] {dagbag.py:540} INFO - Filling up the DagBag from /home/airflow/.local/lib/python3.12/site-packages/airflow/example_dags/example_short_circuit_decorator.py
[2026-04-27T23:36:04.316+0000] {processor.py:840} INFO - DAG(s) 'example_short_circuit_decorator' retrieved from /home/airflow/.local/lib/python3.12/site-packages/airflow/example_dags/example_short_circuit_decorator.py
[2026-04-27T23:36:04.341+0000] {logging_mixin.py:188} INFO - [2026-04-27T23:36:04.341+0000] {dag.py:3096} INFO - Sync 1 DAGs
[2026-04-27T23:36:04.363+0000] {logging_mixin.py:188} INFO - [2026-04-27T23:36:04.363+0000] {dag.py:3954} INFO - Setting next_dagrun for example_short_circuit_decorator to 2026-04-26 00:00:00+00:00, run_after=2026-04-27 00:00:00+00:00
[2026-04-27T23:36:04.388+0000] {processor.py:183} INFO - Processing /home/airflow/.local/lib/python3.12/site-packages/airflow/example_dags/example_short_circuit_decorator.py took 0.092 seconds
[2026-04-27T23:36:36.801+0000] {processor.py:161} INFO - Started process (PID=725) to work on /home/airflow/.local/lib/python3.12/site-packages/airflow/example_dags/example_short_circuit_decorator.py
[2026-04-27T23:36:36.803+0000] {processor.py:830} INFO - Processing file /home/airflow/.local/lib/python3.12/site-packages/airflow/example_dags/example_short_circuit_decorator.py for tasks to queue
[2026-04-27T23:36:36.806+0000] {logging_mixin.py:188} INFO - [2026-04-27T23:36:36.805+0000] {dagbag.py:540} INFO - Filling up the DagBag from /home/airflow/.local/lib/python3.12/site-packages/airflow/example_dags/example_short_circuit_decorator.py
[2026-04-27T23:36:36.817+0000] {processor.py:840} INFO - DAG(s) 'example_short_circuit_decorator' retrieved from /home/airflow/.local/lib/python3.12/site-packages/airflow/example_dags/example_short_circuit_decorator.py
[2026-04-27T23:36:36.845+0000] {logging_mixin.py:188} INFO - [2026-04-27T23:36:36.844+0000] {dag.py:3096} INFO - Sync 1 DAGs
[2026-04-27T23:36:36.873+0000] {logging_mixin.py:188} INFO - [2026-04-27T23:36:36.872+0000] {dag.py:3954} INFO - Setting next_dagrun for example_short_circuit_decorator to 2026-04-26 00:00:00+00:00, run_after=2026-04-27 00:00:00+00:00
[2026-04-27T23:36:36.981+0000] {processor.py:183} INFO - Processing /home/airflow/.local/lib/python3.12/site-packages/airflow/example_dags/example_short_circuit_decorator.py took 0.187 seconds
[2026-04-27T23:37:07.249+0000] {processor.py:161} INFO - Started process (PID=784) to work on /home/airflow/.local/lib/python3.12/site-packages/airflow/example_dags/example_short_circuit_decorator.py
[2026-04-27T23:37:07.250+0000] {processor.py:830} INFO - Processing file /home/airflow/.local/lib/python3.12/site-packages/airflow/example_dags/example_short_circuit_decorator.py for tasks to queue
[2026-04-27T23:37:07.253+0000] {logging_mixin.py:188} INFO - [2026-04-27T23:37:07.252+0000] {dagbag.py:540} INFO - Filling up the DagBag from /home/airflow/.local/lib/python3.12/site-packages/airflow/example_dags/example_short_circuit_decorator.py
[2026-04-27T23:37:07.262+0000] {processor.py:840} INFO - DAG(s) 'example_short_circuit_decorator' retrieved from /home/airflow/.local/lib/python3.12/site-packages/airflow/example_dags/example_short_circuit_decorator.py
[2026-04-27T23:37:07.287+0000] {logging_mixin.py:188} INFO - [2026-04-27T23:37:07.287+0000] {dag.py:3096} INFO - Sync 1 DAGs
[2026-04-27T23:37:07.308+0000] {logging_mixin.py:188} INFO - [2026-04-27T23:37:07.308+0000] {dag.py:3954} INFO - Setting next_dagrun for example_short_circuit_decorator to 2026-04-26 00:00:00+00:00, run_after=2026-04-27 00:00:00+00:00
[2026-04-27T23:37:07.329+0000] {processor.py:183} INFO - Processing /home/airflow/.local/lib/python3.12/site-packages/airflow/example_dags/example_short_circuit_decorator.py took 0.087 seconds
[2026-04-27T23:37:37.835+0000] {processor.py:161} INFO - Started process (PID=843) to work on /home/airflow/.local/lib/python3.12/site-packages/airflow/example_dags/example_short_circuit_decorator.py
[2026-04-27T23:37:37.837+0000] {processor.py:830} INFO - Processing file /home/airflow/.local/lib/python3.12/site-packages/airflow/example_dags/example_short_circuit_decorator.py for tasks to queue
[2026-04-27T23:37:37.839+0000] {logging_mixin.py:188} INFO - [2026-04-27T23:37:37.838+0000] {dagbag.py:540} INFO - Filling up the DagBag from /home/airflow/.local/lib/python3.12/site-packages/airflow/example_dags/example_short_circuit_decorator.py
[2026-04-27T23:37:37.849+0000] {processor.py:840} INFO - DAG(s) 'example_short_circuit_decorator' retrieved from /home/airflow/.local/lib/python3.12/site-packages/airflow/example_dags/example_short_circuit_decorator.py
[2026-04-27T23:37:37.874+0000] {logging_mixin.py:188} INFO - [2026-04-27T23:37:37.873+0000] {dag.py:3096} INFO - Sync 1 DAGs
[2026-04-27T23:37:37.897+0000] {logging_mixin.py:188} INFO - [2026-04-27T23:37:37.896+0000] {dag.py:3954} INFO - Setting next_dagrun for example_short_circuit_decorator to 2026-04-26 00:00:00+00:00, run_after=2026-04-27 00:00:00+00:00
[2026-04-27T23:37:37.917+0000] {processor.py:183} INFO - Processing /home/airflow/.local/lib/python3.12/site-packages/airflow/example_dags/example_short_circuit_decorator.py took 0.089 seconds
[2026-04-27T23:38:08.118+0000] {processor.py:161} INFO - Started process (PID=901) to work on /home/airflow/.local/lib/python3.12/site-packages/airflow/example_dags/example_short_circuit_decorator.py
[2026-04-27T23:38:08.119+0000] {processor.py:830} INFO - Processing file /home/airflow/.local/lib/python3.12/site-packages/airflow/example_dags/example_short_circuit_decorator.py for tasks to queue
[2026-04-27T23:38:08.122+0000] {logging_mixin.py:188} INFO - [2026-04-27T23:38:08.122+0000] {dagbag.py:540} INFO - Filling up the DagBag from /home/airflow/.local/lib/python3.12/site-packages/airflow/example_dags/example_short_circuit_decorator.py
[2026-04-27T23:38:08.132+0000] {processor.py:840} INFO - DAG(s) 'example_short_circuit_decorator' retrieved from /home/airflow/.local/lib/python3.12/site-packages/airflow/example_dags/example_short_circuit_decorator.py
[2026-04-27T23:38:08.157+0000] {logging_mixin.py:188} INFO - [2026-04-27T23:38:08.156+0000] {dag.py:3096} INFO - Sync 1 DAGs
[2026-04-27T23:38:08.179+0000] {logging_mixin.py:188} INFO - [2026-04-27T23:38:08.179+0000] {dag.py:3954} INFO - Setting next_dagrun for example_short_circuit_decorator to 2026-04-26 00:00:00+00:00, run_after=2026-04-27 00:00:00+00:00
[2026-04-27T23:38:08.200+0000] {processor.py:183} INFO - Processing /home/airflow/.local/lib/python3.12/site-packages/airflow/example_dags/example_short_circuit_decorator.py took 0.090 seconds
[2026-04-27T23:38:38.617+0000] {processor.py:161} INFO - Started process (PID=956) to work on /home/airflow/.local/lib/python3.12/site-packages/airflow/example_dags/example_short_circuit_decorator.py
[2026-04-27T23:38:38.618+0000] {processor.py:830} INFO - Processing file /home/airflow/.local/lib/python3.12/site-packages/airflow/example_dags/example_short_circuit_decorator.py for tasks to queue
[2026-04-27T23:38:38.620+0000] {logging_mixin.py:188} INFO - [2026-04-27T23:38:38.620+0000] {dagbag.py:540} INFO - Filling up the DagBag from /home/airflow/.local/lib/python3.12/site-packages/airflow/example_dags/example_short_circuit_decorator.py
[2026-04-27T23:38:38.630+0000] {processor.py:840} INFO - DAG(s) 'example_short_circuit_decorator' retrieved from /home/airflow/.local/lib/python3.12/site-packages/airflow/example_dags/example_short_circuit_decorator.py
[2026-04-27T23:38:38.657+0000] {logging_mixin.py:188} INFO - [2026-04-27T23:38:38.657+0000] {dag.py:3096} INFO - Sync 1 DAGs
[2026-04-27T23:38:38.683+0000] {logging_mixin.py:188} INFO - [2026-04-27T23:38:38.683+0000] {dag.py:3954} INFO - Setting next_dagrun for example_short_circuit_decorator to 2026-04-26 00:00:00+00:00, run_after=2026-04-27 00:00:00+00:00
[2026-04-27T23:38:38.709+0000] {processor.py:183} INFO - Processing /home/airflow/.local/lib/python3.12/site-packages/airflow/example_dags/example_short_circuit_decorator.py took 0.098 seconds
[2026-04-27T23:39:09.507+0000] {processor.py:161} INFO - Started process (PID=1015) to work on /home/airflow/.local/lib/python3.12/site-packages/airflow/example_dags/example_short_circuit_decorator.py
[2026-04-27T23:39:09.508+0000] {processor.py:830} INFO - Processing file /home/airflow/.local/lib/python3.12/site-packages/airflow/example_dags/example_short_circuit_decorator.py for tasks to queue
[2026-04-27T23:39:09.511+0000] {logging_mixin.py:188} INFO - [2026-04-27T23:39:09.510+0000] {dagbag.py:540} INFO - Filling up the DagBag from /home/airflow/.local/lib/python3.12/site-packages/airflow/example_dags/example_short_circuit_decorator.py
[2026-04-27T23:39:09.521+0000] {processor.py:840} INFO - DAG(s) 'example_short_circuit_decorator' retrieved from /home/airflow/.local/lib/python3.12/site-packages/airflow/example_dags/example_short_circuit_decorator.py
[2026-04-27T23:39:09.547+0000] {logging_mixin.py:188} INFO - [2026-04-27T23:39:09.547+0000] {dag.py:3096} INFO - Sync 1 DAGs
[2026-04-27T23:39:09.570+0000] {logging_mixin.py:188} INFO - [2026-04-27T23:39:09.570+0000] {dag.py:3954} INFO - Setting next_dagrun for example_short_circuit_decorator to 2026-04-26 00:00:00+00:00, run_after=2026-04-27 00:00:00+00:00
[2026-04-27T23:39:09.590+0000] {processor.py:183} INFO - Processing /home/airflow/.local/lib/python3.12/site-packages/airflow/example_dags/example_short_circuit_decorator.py took 0.090 seconds
[2026-04-27T23:39:40.605+0000] {processor.py:161} INFO - Started process (PID=1074) to work on /home/airflow/.local/lib/python3.12/site-packages/airflow/example_dags/example_short_circuit_decorator.py
[2026-04-27T23:39:40.606+0000] {processor.py:830} INFO - Processing file /home/airflow/.local/lib/python3.12/site-packages/airflow/example_dags/example_short_circuit_decorator.py for tasks to queue
[2026-04-27T23:39:40.609+0000] {logging_mixin.py:188} INFO - [2026-04-27T23:39:40.609+0000] {dagbag.py:540} INFO - Filling up the DagBag from /home/airflow/.local/lib/python3.12/site-packages/airflow/example_dags/example_short_circuit_decorator.py
[2026-04-27T23:39:40.623+0000] {processor.py:840} INFO - DAG(s) 'example_short_circuit_decorator' retrieved from /home/airflow/.local/lib/python3.12/site-packages/airflow/example_dags/example_short_circuit_decorator.py
[2026-04-27T23:39:40.800+0000] {logging_mixin.py:188} INFO - [2026-04-27T23:39:40.799+0000] {dag.py:3096} INFO - Sync 1 DAGs
[2026-04-27T23:39:40.825+0000] {logging_mixin.py:188} INFO - [2026-04-27T23:39:40.825+0000] {dag.py:3954} INFO - Setting next_dagrun for example_short_circuit_decorator to 2026-04-26 00:00:00+00:00, run_after=2026-04-27 00:00:00+00:00
[2026-04-27T23:39:40.850+0000] {processor.py:183} INFO - Processing /home/airflow/.local/lib/python3.12/site-packages/airflow/example_dags/example_short_circuit_decorator.py took 0.252 seconds
[2026-04-27T23:40:11.755+0000] {processor.py:161} INFO - Started process (PID=1133) to work on /home/airflow/.local/lib/python3.12/site-packages/airflow/example_dags/example_short_circuit_decorator.py
[2026-04-27T23:40:11.756+0000] {processor.py:830} INFO - Processing file /home/airflow/.local/lib/python3.12/site-packages/airflow/example_dags/example_short_circuit_decorator.py for tasks to queue
[2026-04-27T23:40:11.759+0000] {logging_mixin.py:188} INFO - [2026-04-27T23:40:11.759+0000] {dagbag.py:540} INFO - Filling up the DagBag from /home/airflow/.local/lib/python3.12/site-packages/airflow/example_dags/example_short_circuit_decorator.py
[2026-04-27T23:40:11.772+0000] {processor.py:840} INFO - DAG(s) 'example_short_circuit_decorator' retrieved from /home/airflow/.local/lib/python3.12/site-packages/airflow/example_dags/example_short_circuit_decorator.py
[2026-04-27T23:40:11.802+0000] {logging_mixin.py:188} INFO - [2026-04-27T23:40:11.802+0000] {dag.py:3096} INFO - Sync 1 DAGs
[2026-04-27T23:40:11.835+0000] {logging_mixin.py:188} INFO - [2026-04-27T23:40:11.834+0000] {dag.py:3954} INFO - Setting next_dagrun for example_short_circuit_decorator to 2026-04-26 00:00:00+00:00, run_after=2026-04-27 00:00:00+00:00
[2026-04-27T23:40:11.864+0000] {processor.py:183} INFO - Processing /home/airflow/.local/lib/python3.12/site-packages/airflow/example_dags/example_short_circuit_decorator.py took 0.116 seconds
[2026-04-27T23:40:42.524+0000] {processor.py:161} INFO - Started process (PID=1192) to work on /home/airflow/.local/lib/python3.12/site-packages/airflow/example_dags/example_short_circuit_decorator.py
[2026-04-27T23:40:42.525+0000] {processor.py:830} INFO - Processing file /home/airflow/.local/lib/python3.12/site-packages/airflow/example_dags/example_short_circuit_decorator.py for tasks to queue
[2026-04-27T23:40:42.528+0000] {logging_mixin.py:188} INFO - [2026-04-27T23:40:42.528+0000] {dagbag.py:540} INFO - Filling up the DagBag from /home/airflow/.local/lib/python3.12/site-packages/airflow/example_dags/example_short_circuit_decorator.py
[2026-04-27T23:40:42.540+0000] {processor.py:840} INFO - DAG(s) 'example_short_circuit_decorator' retrieved from /home/airflow/.local/lib/python3.12/site-packages/airflow/example_dags/example_short_circuit_decorator.py
[2026-04-27T23:40:42.571+0000] {logging_mixin.py:188} INFO - [2026-04-27T23:40:42.571+0000] {dag.py:3096} INFO - Sync 1 DAGs
[2026-04-27T23:40:42.596+0000] {logging_mixin.py:188} INFO - [2026-04-27T23:40:42.596+0000] {dag.py:3954} INFO - Setting next_dagrun for example_short_circuit_decorator to 2026-04-26 00:00:00+00:00, run_after=2026-04-27 00:00:00+00:00
[2026-04-27T23:40:42.784+0000] {processor.py:183} INFO - Processing /home/airflow/.local/lib/python3.12/site-packages/airflow/example_dags/example_short_circuit_decorator.py took 0.268 seconds
[2026-04-27T23:41:14.008+0000] {processor.py:161} INFO - Started process (PID=1251) to work on /home/airflow/.local/lib/python3.12/site-packages/airflow/example_dags/example_short_circuit_decorator.py
[2026-04-27T23:41:14.009+0000] {processor.py:830} INFO - Processing file /home/airflow/.local/lib/python3.12/site-packages/airflow/example_dags/example_short_circuit_decorator.py for tasks to queue
[2026-04-27T23:41:14.012+0000] {logging_mixin.py:188} INFO - [2026-04-27T23:41:14.011+0000] {dagbag.py:540} INFO - Filling up the DagBag from /home/airflow/.local/lib/python3.12/site-packages/airflow/example_dags/example_short_circuit_decorator.py
[2026-04-27T23:41:14.022+0000] {processor.py:840} INFO - DAG(s) 'example_short_circuit_decorator' retrieved from /home/airflow/.local/lib/python3.12/site-packages/airflow/example_dags/example_short_circuit_decorator.py
[2026-04-27T23:41:14.050+0000] {logging_mixin.py:188} INFO - [2026-04-27T23:41:14.050+0000] {dag.py:3096} INFO - Sync 1 DAGs
[2026-04-27T23:41:14.073+0000] {logging_mixin.py:188} INFO - [2026-04-27T23:41:14.073+0000] {dag.py:3954} INFO - Setting next_dagrun for example_short_circuit_decorator to 2026-04-26 00:00:00+00:00, run_after=2026-04-27 00:00:00+00:00
[2026-04-27T23:41:14.093+0000] {processor.py:183} INFO - Processing /home/airflow/.local/lib/python3.12/site-packages/airflow/example_dags/example_short_circuit_decorator.py took 0.092 seconds
[2026-04-27T23:41:44.665+0000] {processor.py:161} INFO - Started process (PID=1310) to work on /home/airflow/.local/lib/python3.12/site-packages/airflow/example_dags/example_short_circuit_decorator.py
[2026-04-27T23:41:44.667+0000] {processor.py:830} INFO - Processing file /home/airflow/.local/lib/python3.12/site-packages/airflow/example_dags/example_short_circuit_decorator.py for tasks to queue
[2026-04-27T23:41:44.670+0000] {logging_mixin.py:188} INFO - [2026-04-27T23:41:44.670+0000] {dagbag.py:540} INFO - Filling up the DagBag from /home/airflow/.local/lib/python3.12/site-packages/airflow/example_dags/example_short_circuit_decorator.py
[2026-04-27T23:41:44.683+0000] {processor.py:840} INFO - DAG(s) 'example_short_circuit_decorator' retrieved from /home/airflow/.local/lib/python3.12/site-packages/airflow/example_dags/example_short_circuit_decorator.py
[2026-04-27T23:41:44.722+0000] {logging_mixin.py:188} INFO - [2026-04-27T23:41:44.721+0000] {dag.py:3096} INFO - Sync 1 DAGs
[2026-04-27T23:41:44.746+0000] {logging_mixin.py:188} INFO - [2026-04-27T23:41:44.746+0000] {dag.py:3954} INFO - Setting next_dagrun for example_short_circuit_decorator to 2026-04-26 00:00:00+00:00, run_after=2026-04-27 00:00:00+00:00
[2026-04-27T23:41:46.109+0000] {processor.py:183} INFO - Processing /home/airflow/.local/lib/python3.12/site-packages/airflow/example_dags/example_short_circuit_decorator.py took 1.457 seconds
[2026-04-27T23:42:16.773+0000] {processor.py:161} INFO - Started process (PID=1370) to work on /home/airflow/.local/lib/python3.12/site-packages/airflow/example_dags/example_short_circuit_decorator.py
[2026-04-27T23:42:16.774+0000] {processor.py:830} INFO - Processing file /home/airflow/.local/lib/python3.12/site-packages/airflow/example_dags/example_short_circuit_decorator.py for tasks to queue
[2026-04-27T23:42:16.778+0000] {logging_mixin.py:188} INFO - [2026-04-27T23:42:16.777+0000] {dagbag.py:540} INFO - Filling up the DagBag from /home/airflow/.local/lib/python3.12/site-packages/airflow/example_dags/example_short_circuit_decorator.py
[2026-04-27T23:42:16.790+0000] {processor.py:840} INFO - DAG(s) 'example_short_circuit_decorator' retrieved from /home/airflow/.local/lib/python3.12/site-packages/airflow/example_dags/example_short_circuit_decorator.py
[2026-04-27T23:42:16.821+0000] {logging_mixin.py:188} INFO - [2026-04-27T23:42:16.821+0000] {dag.py:3096} INFO - Sync 1 DAGs
[2026-04-27T23:42:17.035+0000] {logging_mixin.py:188} INFO - [2026-04-27T23:42:17.035+0000] {dag.py:3954} INFO - Setting next_dagrun for example_short_circuit_decorator to 2026-04-26 00:00:00+00:00, run_after=2026-04-27 00:00:00+00:00
[2026-04-27T23:42:17.055+0000] {processor.py:183} INFO - Processing /home/airflow/.local/lib/python3.12/site-packages/airflow/example_dags/example_short_circuit_decorator.py took 0.289 seconds
[2026-04-27T23:42:47.393+0000] {processor.py:161} INFO - Started process (PID=1429) to work on /home/airflow/.local/lib/python3.12/site-packages/airflow/example_dags/example_short_circuit_decorator.py
[2026-04-27T23:42:47.394+0000] {processor.py:830} INFO - Processing file /home/airflow/.local/lib/python3.12/site-packages/airflow/example_dags/example_short_circuit_decorator.py for tasks to queue
[2026-04-27T23:42:47.397+0000] {logging_mixin.py:188} INFO - [2026-04-27T23:42:47.396+0000] {dagbag.py:540} INFO - Filling up the DagBag from /home/airflow/.local/lib/python3.12/site-packages/airflow/example_dags/example_short_circuit_decorator.py
[2026-04-27T23:42:47.407+0000] {processor.py:840} INFO - DAG(s) 'example_short_circuit_decorator' retrieved from /home/airflow/.local/lib/python3.12/site-packages/airflow/example_dags/example_short_circuit_decorator.py
[2026-04-27T23:42:47.433+0000] {logging_mixin.py:188} INFO - [2026-04-27T23:42:47.433+0000] {dag.py:3096} INFO - Sync 1 DAGs
[2026-04-27T23:42:47.457+0000] {logging_mixin.py:188} INFO - [2026-04-27T23:42:47.456+0000] {dag.py:3954} INFO - Setting next_dagrun for example_short_circuit_decorator to 2026-04-26 00:00:00+00:00, run_after=2026-04-27 00:00:00+00:00
[2026-04-27T23:42:47.477+0000] {processor.py:183} INFO - Processing /home/airflow/.local/lib/python3.12/site-packages/airflow/example_dags/example_short_circuit_decorator.py took 0.092 seconds
[2026-04-27T23:43:18.076+0000] {processor.py:161} INFO - Started process (PID=1488) to work on /home/airflow/.local/lib/python3.12/site-packages/airflow/example_dags/example_short_circuit_decorator.py
[2026-04-27T23:43:18.077+0000] {processor.py:830} INFO - Processing file /home/airflow/.local/lib/python3.12/site-packages/airflow/example_dags/example_short_circuit_decorator.py for tasks to queue
[2026-04-27T23:43:18.080+0000] {logging_mixin.py:188} INFO - [2026-04-27T23:43:18.079+0000] {dagbag.py:540} INFO - Filling up the DagBag from /home/airflow/.local/lib/python3.12/site-packages/airflow/example_dags/example_short_circuit_decorator.py
[2026-04-27T23:43:18.092+0000] {processor.py:840} INFO - DAG(s) 'example_short_circuit_decorator' retrieved from /home/airflow/.local/lib/python3.12/site-packages/airflow/example_dags/example_short_circuit_decorator.py
[2026-04-27T23:43:18.119+0000] {logging_mixin.py:188} INFO - [2026-04-27T23:43:18.119+0000] {dag.py:3096} INFO - Sync 1 DAGs
[2026-04-27T23:43:18.142+0000] {logging_mixin.py:188} INFO - [2026-04-27T23:43:18.142+0000] {dag.py:3954} INFO - Setting next_dagrun for example_short_circuit_decorator to 2026-04-26 00:00:00+00:00, run_after=2026-04-27 00:00:00+00:00
[2026-04-27T23:43:18.165+0000] {processor.py:183} INFO - Processing /home/airflow/.local/lib/python3.12/site-packages/airflow/example_dags/example_short_circuit_decorator.py took 0.096 seconds
[2026-04-27T23:43:48.592+0000] {processor.py:161} INFO - Started process (PID=1547) to work on /home/airflow/.local/lib/python3.12/site-packages/airflow/example_dags/example_short_circuit_decorator.py
[2026-04-27T23:43:48.594+0000] {processor.py:830} INFO - Processing file /home/airflow/.local/lib/python3.12/site-packages/airflow/example_dags/example_short_circuit_decorator.py for tasks to queue
[2026-04-27T23:43:48.597+0000] {logging_mixin.py:188} INFO - [2026-04-27T23:43:48.596+0000] {dagbag.py:540} INFO - Filling up the DagBag from /home/airflow/.local/lib/python3.12/site-packages/airflow/example_dags/example_short_circuit_decorator.py
[2026-04-27T23:43:48.613+0000] {processor.py:840} INFO - DAG(s) 'example_short_circuit_decorator' retrieved from /home/airflow/.local/lib/python3.12/site-packages/airflow/example_dags/example_short_circuit_decorator.py
[2026-04-27T23:43:48.650+0000] {logging_mixin.py:188} INFO - [2026-04-27T23:43:48.649+0000] {dag.py:3096} INFO - Sync 1 DAGs
[2026-04-27T23:43:48.682+0000] {logging_mixin.py:188} INFO - [2026-04-27T23:43:48.681+0000] {dag.py:3954} INFO - Setting next_dagrun for example_short_circuit_decorator to 2026-04-26 00:00:00+00:00, run_after=2026-04-27 00:00:00+00:00
[2026-04-27T23:43:48.714+0000] {processor.py:183} INFO - Processing /home/airflow/.local/lib/python3.12/site-packages/airflow/example_dags/example_short_circuit_decorator.py took 0.130 seconds
[2026-04-27T23:44:18.901+0000] {processor.py:161} INFO - Started process (PID=1606) to work on /home/airflow/.local/lib/python3.12/site-packages/airflow/example_dags/example_short_circuit_decorator.py
[2026-04-27T23:44:18.904+0000] {processor.py:830} INFO - Processing file /home/airflow/.local/lib/python3.12/site-packages/airflow/example_dags/example_short_circuit_decorator.py for tasks to queue
[2026-04-27T23:44:18.909+0000] {logging_mixin.py:188} INFO - [2026-04-27T23:44:18.908+0000] {dagbag.py:540} INFO - Filling up the DagBag from /home/airflow/.local/lib/python3.12/site-packages/airflow/example_dags/example_short_circuit_decorator.py
[2026-04-27T23:44:18.935+0000] {processor.py:840} INFO - DAG(s) 'example_short_circuit_decorator' retrieved from /home/airflow/.local/lib/python3.12/site-packages/airflow/example_dags/example_short_circuit_decorator.py
[2026-04-27T23:44:18.980+0000] {logging_mixin.py:188} INFO - [2026-04-27T23:44:18.979+0000] {dag.py:3096} INFO - Sync 1 DAGs
[2026-04-27T23:44:19.028+0000] {logging_mixin.py:188} INFO - [2026-04-27T23:44:19.027+0000] {dag.py:3954} INFO - Setting next_dagrun for example_short_circuit_decorator to 2026-04-26 00:00:00+00:00, run_after=2026-04-27 00:00:00+00:00
[2026-04-27T23:44:19.069+0000] {processor.py:183} INFO - Processing /home/airflow/.local/lib/python3.12/site-packages/airflow/example_dags/example_short_circuit_decorator.py took 0.181 seconds
[2026-04-27T23:44:49.445+0000] {processor.py:161} INFO - Started process (PID=1665) to work on /home/airflow/.local/lib/python3.12/site-packages/airflow/example_dags/example_short_circuit_decorator.py
[2026-04-27T23:44:49.447+0000] {processor.py:830} INFO - Processing file /home/airflow/.local/lib/python3.12/site-packages/airflow/example_dags/example_short_circuit_decorator.py for tasks to queue
[2026-04-27T23:44:49.449+0000] {logging_mixin.py:188} INFO - [2026-04-27T23:44:49.449+0000] {dagbag.py:540} INFO - Filling up the DagBag from /home/airflow/.local/lib/python3.12/site-packages/airflow/example_dags/example_short_circuit_decorator.py
[2026-04-27T23:44:49.460+0000] {processor.py:840} INFO - DAG(s) 'example_short_circuit_decorator' retrieved from /home/airflow/.local/lib/python3.12/site-packages/airflow/example_dags/example_short_circuit_decorator.py
[2026-04-27T23:44:49.487+0000] {logging_mixin.py:188} INFO - [2026-04-27T23:44:49.487+0000] {dag.py:3096} INFO - Sync 1 DAGs
[2026-04-27T23:44:49.514+0000] {logging_mixin.py:188} INFO - [2026-04-27T23:44:49.514+0000] {dag.py:3954} INFO - Setting next_dagrun for example_short_circuit_decorator to 2026-04-26 00:00:00+00:00, run_after=2026-04-27 00:00:00+00:00
[2026-04-27T23:44:49.614+0000] {processor.py:183} INFO - Processing /home/airflow/.local/lib/python3.12/site-packages/airflow/example_dags/example_short_circuit_decorator.py took 0.176 seconds
[2026-04-27T23:45:19.952+0000] {processor.py:161} INFO - Started process (PID=1724) to work on /home/airflow/.local/lib/python3.12/site-packages/airflow/example_dags/example_short_circuit_decorator.py
[2026-04-27T23:45:19.953+0000] {processor.py:830} INFO - Processing file /home/airflow/.local/lib/python3.12/site-packages/airflow/example_dags/example_short_circuit_decorator.py for tasks to queue
[2026-04-27T23:45:19.955+0000] {logging_mixin.py:188} INFO - [2026-04-27T23:45:19.955+0000] {dagbag.py:540} INFO - Filling up the DagBag from /home/airflow/.local/lib/python3.12/site-packages/airflow/example_dags/example_short_circuit_decorator.py
[2026-04-27T23:45:19.968+0000] {processor.py:840} INFO - DAG(s) 'example_short_circuit_decorator' retrieved from /home/airflow/.local/lib/python3.12/site-packages/airflow/example_dags/example_short_circuit_decorator.py
[2026-04-27T23:45:20.002+0000] {logging_mixin.py:188} INFO - [2026-04-27T23:45:20.002+0000] {dag.py:3096} INFO - Sync 1 DAGs
[2026-04-27T23:45:20.031+0000] {logging_mixin.py:188} INFO - [2026-04-27T23:45:20.031+0000] {dag.py:3954} INFO - Setting next_dagrun for example_short_circuit_decorator to 2026-04-26 00:00:00+00:00, run_after=2026-04-27 00:00:00+00:00
[2026-04-27T23:45:20.060+0000] {processor.py:183} INFO - Processing /home/airflow/.local/lib/python3.12/site-packages/airflow/example_dags/example_short_circuit_decorator.py took 0.118 seconds
[2026-04-27T23:45:51.464+0000] {processor.py:161} INFO - Started process (PID=1783) to work on /home/airflow/.local/lib/python3.12/site-packages/airflow/example_dags/example_short_circuit_decorator.py
[2026-04-27T23:45:51.465+0000] {processor.py:830} INFO - Processing file /home/airflow/.local/lib/python3.12/site-packages/airflow/example_dags/example_short_circuit_decorator.py for tasks to queue
[2026-04-27T23:45:51.468+0000] {logging_mixin.py:188} INFO - [2026-04-27T23:45:51.467+0000] {dagbag.py:540} INFO - Filling up the DagBag from /home/airflow/.local/lib/python3.12/site-packages/airflow/example_dags/example_short_circuit_decorator.py
[2026-04-27T23:45:51.479+0000] {processor.py:840} INFO - DAG(s) 'example_short_circuit_decorator' retrieved from /home/airflow/.local/lib/python3.12/site-packages/airflow/example_dags/example_short_circuit_decorator.py
[2026-04-27T23:45:51.508+0000] {logging_mixin.py:188} INFO - [2026-04-27T23:45:51.507+0000] {dag.py:3096} INFO - Sync 1 DAGs
[2026-04-27T23:45:51.532+0000] {logging_mixin.py:188} INFO - [2026-04-27T23:45:51.532+0000] {dag.py:3954} INFO - Setting next_dagrun for example_short_circuit_decorator to 2026-04-26 00:00:00+00:00, run_after=2026-04-27 00:00:00+00:00
[2026-04-27T23:45:51.554+0000] {processor.py:183} INFO - Processing /home/airflow/.local/lib/python3.12/site-packages/airflow/example_dags/example_short_circuit_decorator.py took 0.098 seconds
[2026-04-27T23:46:22.154+0000] {processor.py:161} INFO - Started process (PID=1842) to work on /home/airflow/.local/lib/python3.12/site-packages/airflow/example_dags/example_short_circuit_decorator.py
[2026-04-27T23:46:22.156+0000] {processor.py:830} INFO - Processing file /home/airflow/.local/lib/python3.12/site-packages/airflow/example_dags/example_short_circuit_decorator.py for tasks to queue
[2026-04-27T23:46:22.160+0000] {logging_mixin.py:188} INFO - [2026-04-27T23:46:22.160+0000] {dagbag.py:540} INFO - Filling up the DagBag from /home/airflow/.local/lib/python3.12/site-packages/airflow/example_dags/example_short_circuit_decorator.py
[2026-04-27T23:46:22.177+0000] {processor.py:840} INFO - DAG(s) 'example_short_circuit_decorator' retrieved from /home/airflow/.local/lib/python3.12/site-packages/airflow/example_dags/example_short_circuit_decorator.py
[2026-04-27T23:46:22.224+0000] {logging_mixin.py:188} INFO - [2026-04-27T23:46:22.223+0000] {dag.py:3096} INFO - Sync 1 DAGs
[2026-04-27T23:46:22.265+0000] {logging_mixin.py:188} INFO - [2026-04-27T23:46:22.264+0000] {dag.py:3954} INFO - Setting next_dagrun for example_short_circuit_decorator to 2026-04-26 00:00:00+00:00, run_after=2026-04-27 00:00:00+00:00
[2026-04-27T23:46:22.302+0000] {processor.py:183} INFO - Processing /home/airflow/.local/lib/python3.12/site-packages/airflow/example_dags/example_short_circuit_decorator.py took 0.160 seconds
[2026-04-27T23:46:52.848+0000] {processor.py:161} INFO - Started process (PID=1901) to work on /home/airflow/.local/lib/python3.12/site-packages/airflow/example_dags/example_short_circuit_decorator.py
[2026-04-27T23:46:52.849+0000] {processor.py:830} INFO - Processing file /home/airflow/.local/lib/python3.12/site-packages/airflow/example_dags/example_short_circuit_decorator.py for tasks to queue
[2026-04-27T23:46:52.852+0000] {logging_mixin.py:188} INFO - [2026-04-27T23:46:52.852+0000] {dagbag.py:540} INFO - Filling up the DagBag from /home/airflow/.local/lib/python3.12/site-packages/airflow/example_dags/example_short_circuit_decorator.py
[2026-04-27T23:46:52.867+0000] {processor.py:840} INFO - DAG(s) 'example_short_circuit_decorator' retrieved from /home/airflow/.local/lib/python3.12/site-packages/airflow/example_dags/example_short_circuit_decorator.py
[2026-04-27T23:46:52.926+0000] {logging_mixin.py:188} INFO - [2026-04-27T23:46:52.926+0000] {dag.py:3096} INFO - Sync 1 DAGs
[2026-04-27T23:46:52.955+0000] {logging_mixin.py:188} INFO - [2026-04-27T23:46:52.955+0000] {dag.py:3954} INFO - Setting next_dagrun for example_short_circuit_decorator to 2026-04-26 00:00:00+00:00, run_after=2026-04-27 00:00:00+00:00
[2026-04-27T23:46:53.045+0000] {processor.py:183} INFO - Processing /home/airflow/.local/lib/python3.12/site-packages/airflow/example_dags/example_short_circuit_decorator.py took 0.207 seconds
[2026-04-27T23:47:24.113+0000] {processor.py:161} INFO - Started process (PID=1960) to work on /home/airflow/.local/lib/python3.12/site-packages/airflow/example_dags/example_short_circuit_decorator.py
[2026-04-27T23:47:24.114+0000] {processor.py:830} INFO - Processing file /home/airflow/.local/lib/python3.12/site-packages/airflow/example_dags/example_short_circuit_decorator.py for tasks to queue
[2026-04-27T23:47:24.117+0000] {logging_mixin.py:188} INFO - [2026-04-27T23:47:24.117+0000] {dagbag.py:540} INFO - Filling up the DagBag from /home/airflow/.local/lib/python3.12/site-packages/airflow/example_dags/example_short_circuit_decorator.py
[2026-04-27T23:47:24.128+0000] {processor.py:840} INFO - DAG(s) 'example_short_circuit_decorator' retrieved from /home/airflow/.local/lib/python3.12/site-packages/airflow/example_dags/example_short_circuit_decorator.py
[2026-04-27T23:47:24.144+0000] {logging_mixin.py:188} INFO - [2026-04-27T23:47:24.143+0000] {dag.py:3096} INFO - Sync 1 DAGs
[2026-04-27T23:47:24.172+0000] {logging_mixin.py:188} INFO - [2026-04-27T23:47:24.171+0000] {dag.py:3954} INFO - Setting next_dagrun for example_short_circuit_decorator to 2026-04-26 00:00:00+00:00, run_after=2026-04-27 00:00:00+00:00
[2026-04-27T23:47:24.195+0000] {processor.py:183} INFO - Processing /home/airflow/.local/lib/python3.12/site-packages/airflow/example_dags/example_short_circuit_decorator.py took 0.089 seconds
[2026-04-27T23:47:54.932+0000] {processor.py:161} INFO - Started process (PID=2019) to work on /home/airflow/.local/lib/python3.12/site-packages/airflow/example_dags/example_short_circuit_decorator.py
[2026-04-27T23:47:54.933+0000] {processor.py:830} INFO - Processing file /home/airflow/.local/lib/python3.12/site-packages/airflow/example_dags/example_short_circuit_decorator.py for tasks to queue
[2026-04-27T23:47:54.936+0000] {logging_mixin.py:188} INFO - [2026-04-27T23:47:54.935+0000] {dagbag.py:540} INFO - Filling up the DagBag from /home/airflow/.local/lib/python3.12/site-packages/airflow/example_dags/example_short_circuit_decorator.py
[2026-04-27T23:47:54.946+0000] {processor.py:840} INFO - DAG(s) 'example_short_circuit_decorator' retrieved from /home/airflow/.local/lib/python3.12/site-packages/airflow/example_dags/example_short_circuit_decorator.py
[2026-04-27T23:47:55.060+0000] {logging_mixin.py:188} INFO - [2026-04-27T23:47:55.060+0000] {dag.py:3096} INFO - Sync 1 DAGs
[2026-04-27T23:47:55.080+0000] {logging_mixin.py:188} INFO - [2026-04-27T23:47:55.080+0000] {dag.py:3954} INFO - Setting next_dagrun for example_short_circuit_decorator to 2026-04-26 00:00:00+00:00, run_after=2026-04-27 00:00:00+00:00
[2026-04-27T23:47:55.107+0000] {processor.py:183} INFO - Processing /home/airflow/.local/lib/python3.12/site-packages/airflow/example_dags/example_short_circuit_decorator.py took 0.181 seconds
[2026-04-27T23:48:25.160+0000] {processor.py:161} INFO - Started process (PID=2078) to work on /home/airflow/.local/lib/python3.12/site-packages/airflow/example_dags/example_short_circuit_decorator.py
[2026-04-27T23:48:25.162+0000] {processor.py:830} INFO - Processing file /home/airflow/.local/lib/python3.12/site-packages/airflow/example_dags/example_short_circuit_decorator.py for tasks to queue
[2026-04-27T23:48:25.164+0000] {logging_mixin.py:188} INFO - [2026-04-27T23:48:25.164+0000] {dagbag.py:540} INFO - Filling up the DagBag from /home/airflow/.local/lib/python3.12/site-packages/airflow/example_dags/example_short_circuit_decorator.py
[2026-04-27T23:48:25.175+0000] {processor.py:840} INFO - DAG(s) 'example_short_circuit_decorator' retrieved from /home/airflow/.local/lib/python3.12/site-packages/airflow/example_dags/example_short_circuit_decorator.py
[2026-04-27T23:48:25.201+0000] {logging_mixin.py:188} INFO - [2026-04-27T23:48:25.201+0000] {dag.py:3096} INFO - Sync 1 DAGs
[2026-04-27T23:48:25.225+0000] {logging_mixin.py:188} INFO - [2026-04-27T23:48:25.225+0000] {dag.py:3954} INFO - Setting next_dagrun for example_short_circuit_decorator to 2026-04-26 00:00:00+00:00, run_after=2026-04-27 00:00:00+00:00
[2026-04-27T23:48:25.245+0000] {processor.py:183} INFO - Processing /home/airflow/.local/lib/python3.12/site-packages/airflow/example_dags/example_short_circuit_decorator.py took 0.091 seconds
[2026-04-27T23:48:55.658+0000] {processor.py:161} INFO - Started process (PID=2137) to work on /home/airflow/.local/lib/python3.12/site-packages/airflow/example_dags/example_short_circuit_decorator.py
[2026-04-27T23:48:55.659+0000] {processor.py:830} INFO - Processing file /home/airflow/.local/lib/python3.12/site-packages/airflow/example_dags/example_short_circuit_decorator.py for tasks to queue
[2026-04-27T23:48:55.663+0000] {logging_mixin.py:188} INFO - [2026-04-27T23:48:55.662+0000] {dagbag.py:540} INFO - Filling up the DagBag from /home/airflow/.local/lib/python3.12/site-packages/airflow/example_dags/example_short_circuit_decorator.py
[2026-04-27T23:48:55.675+0000] {processor.py:840} INFO - DAG(s) 'example_short_circuit_decorator' retrieved from /home/airflow/.local/lib/python3.12/site-packages/airflow/example_dags/example_short_circuit_decorator.py
[2026-04-27T23:48:55.708+0000] {logging_mixin.py:188} INFO - [2026-04-27T23:48:55.708+0000] {dag.py:3096} INFO - Sync 1 DAGs
[2026-04-27T23:48:55.737+0000] {logging_mixin.py:188} INFO - [2026-04-27T23:48:55.737+0000] {dag.py:3954} INFO - Setting next_dagrun for example_short_circuit_decorator to 2026-04-26 00:00:00+00:00, run_after=2026-04-27 00:00:00+00:00
[2026-04-27T23:48:55.767+0000] {processor.py:183} INFO - Processing /home/airflow/.local/lib/python3.12/site-packages/airflow/example_dags/example_short_circuit_decorator.py took 0.117 seconds
[2026-04-27T23:49:25.978+0000] {processor.py:161} INFO - Started process (PID=2196) to work on /home/airflow/.local/lib/python3.12/site-packages/airflow/example_dags/example_short_circuit_decorator.py
[2026-04-27T23:49:25.979+0000] {processor.py:830} INFO - Processing file /home/airflow/.local/lib/python3.12/site-packages/airflow/example_dags/example_short_circuit_decorator.py for tasks to queue
[2026-04-27T23:49:25.982+0000] {logging_mixin.py:188} INFO - [2026-04-27T23:49:25.981+0000] {dagbag.py:540} INFO - Filling up the DagBag from /home/airflow/.local/lib/python3.12/site-packages/airflow/example_dags/example_short_circuit_decorator.py
[2026-04-27T23:49:25.992+0000] {processor.py:840} INFO - DAG(s) 'example_short_circuit_decorator' retrieved from /home/airflow/.local/lib/python3.12/site-packages/airflow/example_dags/example_short_circuit_decorator.py
[2026-04-27T23:49:26.018+0000] {logging_mixin.py:188} INFO - [2026-04-27T23:49:26.018+0000] {dag.py:3096} INFO - Sync 1 DAGs
[2026-04-27T23:49:26.042+0000] {logging_mixin.py:188} INFO - [2026-04-27T23:49:26.042+0000] {dag.py:3954} INFO - Setting next_dagrun for example_short_circuit_decorator to 2026-04-26 00:00:00+00:00, run_after=2026-04-27 00:00:00+00:00
[2026-04-27T23:49:26.063+0000] {processor.py:183} INFO - Processing /home/airflow/.local/lib/python3.12/site-packages/airflow/example_dags/example_short_circuit_decorator.py took 0.091 seconds
[2026-04-27T23:49:56.939+0000] {processor.py:161} INFO - Started process (PID=2255) to work on /home/airflow/.local/lib/python3.12/site-packages/airflow/example_dags/example_short_circuit_decorator.py
[2026-04-27T23:49:56.941+0000] {processor.py:830} INFO - Processing file /home/airflow/.local/lib/python3.12/site-packages/airflow/example_dags/example_short_circuit_decorator.py for tasks to queue
[2026-04-27T23:49:56.945+0000] {logging_mixin.py:188} INFO - [2026-04-27T23:49:56.944+0000] {dagbag.py:540} INFO - Filling up the DagBag from /home/airflow/.local/lib/python3.12/site-packages/airflow/example_dags/example_short_circuit_decorator.py
[2026-04-27T23:49:56.966+0000] {processor.py:840} INFO - DAG(s) 'example_short_circuit_decorator' retrieved from /home/airflow/.local/lib/python3.12/site-packages/airflow/example_dags/example_short_circuit_decorator.py
[2026-04-27T23:49:57.015+0000] {logging_mixin.py:188} INFO - [2026-04-27T23:49:57.015+0000] {dag.py:3096} INFO - Sync 1 DAGs
[2026-04-27T23:49:57.064+0000] {logging_mixin.py:188} INFO - [2026-04-27T23:49:57.064+0000] {dag.py:3954} INFO - Setting next_dagrun for example_short_circuit_decorator to 2026-04-26 00:00:00+00:00, run_after=2026-04-27 00:00:00+00:00
[2026-04-27T23:49:57.092+0000] {processor.py:183} INFO - Processing /home/airflow/.local/lib/python3.12/site-packages/airflow/example_dags/example_short_circuit_decorator.py took 0.165 seconds
[2026-04-27T23:58:29.224+0000] {processor.py:161} INFO - Started process (PID=79) to work on /home/airflow/.local/lib/python3.12/site-packages/airflow/example_dags/example_short_circuit_decorator.py
[2026-04-27T23:58:29.237+0000] {processor.py:830} INFO - Processing file /home/airflow/.local/lib/python3.12/site-packages/airflow/example_dags/example_short_circuit_decorator.py for tasks to queue
[2026-04-27T23:58:29.240+0000] {logging_mixin.py:188} INFO - [2026-04-27T23:58:29.239+0000] {dagbag.py:540} INFO - Filling up the DagBag from /home/airflow/.local/lib/python3.12/site-packages/airflow/example_dags/example_short_circuit_decorator.py
[2026-04-27T23:58:29.251+0000] {processor.py:840} INFO - DAG(s) 'example_short_circuit_decorator' retrieved from /home/airflow/.local/lib/python3.12/site-packages/airflow/example_dags/example_short_circuit_decorator.py
[2026-04-27T23:58:29.361+0000] {logging_mixin.py:188} INFO - [2026-04-27T23:58:29.361+0000] {dag.py:3096} INFO - Sync 1 DAGs
[2026-04-27T23:58:29.380+0000] {logging_mixin.py:188} INFO - [2026-04-27T23:58:29.380+0000] {dag.py:3954} INFO - Setting next_dagrun for example_short_circuit_decorator to 2026-04-26 00:00:00+00:00, run_after=2026-04-27 00:00:00+00:00
[2026-04-27T23:58:29.401+0000] {processor.py:183} INFO - Processing /home/airflow/.local/lib/python3.12/site-packages/airflow/example_dags/example_short_circuit_decorator.py took 0.183 seconds
[2026-04-27T23:59:41.140+0000] {processor.py:161} INFO - Started process (PID=73) to work on /home/airflow/.local/lib/python3.12/site-packages/airflow/example_dags/example_short_circuit_decorator.py
[2026-04-27T23:59:41.148+0000] {processor.py:830} INFO - Processing file /home/airflow/.local/lib/python3.12/site-packages/airflow/example_dags/example_short_circuit_decorator.py for tasks to queue
[2026-04-27T23:59:41.152+0000] {logging_mixin.py:188} INFO - [2026-04-27T23:59:41.151+0000] {dagbag.py:540} INFO - Filling up the DagBag from /home/airflow/.local/lib/python3.12/site-packages/airflow/example_dags/example_short_circuit_decorator.py
[2026-04-27T23:59:41.173+0000] {processor.py:840} INFO - DAG(s) 'example_short_circuit_decorator' retrieved from /home/airflow/.local/lib/python3.12/site-packages/airflow/example_dags/example_short_circuit_decorator.py
[2026-04-27T23:59:41.227+0000] {logging_mixin.py:188} INFO - [2026-04-27T23:59:41.226+0000] {dag.py:3096} INFO - Sync 1 DAGs
[2026-04-27T23:59:41.262+0000] {logging_mixin.py:188} INFO - [2026-04-27T23:59:41.261+0000] {dag.py:3954} INFO - Setting next_dagrun for example_short_circuit_decorator to 2026-04-26 00:00:00+00:00, run_after=2026-04-27 00:00:00+00:00
[2026-04-27T23:59:41.289+0000] {processor.py:183} INFO - Processing /home/airflow/.local/lib/python3.12/site-packages/airflow/example_dags/example_short_circuit_decorator.py took 0.161 seconds
