[2026-04-27T23:29:59.947+0000] {processor.py:161} INFO - Started process (PID=69) to work on /home/airflow/.local/lib/python3.12/site-packages/airflow/example_dags/example_subdag_operator.py
[2026-04-27T23:29:59.949+0000] {processor.py:830} INFO - Processing file /home/airflow/.local/lib/python3.12/site-packages/airflow/example_dags/example_subdag_operator.py for tasks to queue
[2026-04-27T23:29:59.954+0000] {logging_mixin.py:188} INFO - [2026-04-27T23:29:59.953+0000] {dagbag.py:540} INFO - Filling up the DagBag from /home/airflow/.local/lib/python3.12/site-packages/airflow/example_dags/example_subdag_operator.py
[2026-04-27T23:30:00.002+0000] {processor.py:840} INFO - DAG(s) 'example_subdag_operator.section-1', 'example_subdag_operator.section-2', 'example_subdag_operator' retrieved from /home/airflow/.local/lib/python3.12/site-packages/airflow/example_dags/example_subdag_operator.py
[2026-04-27T23:30:00.044+0000] {logging_mixin.py:188} INFO - [2026-04-27T23:30:00.044+0000] {dag.py:3096} INFO - Sync 3 DAGs
[2026-04-27T23:30:00.212+0000] {logging_mixin.py:188} INFO - [2026-04-27T23:30:00.212+0000] {dag.py:3954} INFO - Setting next_dagrun for example_subdag_operator to 2022-01-01 00:00:00+00:00, run_after=2022-01-01 00:00:00+00:00
[2026-04-27T23:30:00.219+0000] {logging_mixin.py:188} INFO - [2026-04-27T23:30:00.219+0000] {dag.py:3954} INFO - Setting next_dagrun for example_subdag_operator.section-1 to None, run_after=None
[2026-04-27T23:30:00.222+0000] {logging_mixin.py:188} INFO - [2026-04-27T23:30:00.221+0000] {dag.py:3954} INFO - Setting next_dagrun for example_subdag_operator.section-2 to None, run_after=None
[2026-04-27T23:30:00.244+0000] {logging_mixin.py:188} INFO - [2026-04-27T23:30:00.244+0000] {dag.py:3096} INFO - Sync 2 DAGs
[2026-04-27T23:30:00.266+0000] {logging_mixin.py:188} INFO - [2026-04-27T23:30:00.265+0000] {dag.py:3954} INFO - Setting next_dagrun for example_subdag_operator.section-1 to None, run_after=None
[2026-04-27T23:30:00.268+0000] {logging_mixin.py:188} INFO - [2026-04-27T23:30:00.268+0000] {dag.py:3954} INFO - Setting next_dagrun for example_subdag_operator.section-2 to None, run_after=None
[2026-04-27T23:30:00.294+0000] {processor.py:183} INFO - Processing /home/airflow/.local/lib/python3.12/site-packages/airflow/example_dags/example_subdag_operator.py took 0.361 seconds
[2026-04-27T23:30:42.685+0000] {processor.py:161} INFO - Started process (PID=134) to work on /home/airflow/.local/lib/python3.12/site-packages/airflow/example_dags/example_subdag_operator.py
[2026-04-27T23:30:42.878+0000] {processor.py:830} INFO - Processing file /home/airflow/.local/lib/python3.12/site-packages/airflow/example_dags/example_subdag_operator.py for tasks to queue
[2026-04-27T23:30:42.880+0000] {logging_mixin.py:188} INFO - [2026-04-27T23:30:42.880+0000] {dagbag.py:540} INFO - Filling up the DagBag from /home/airflow/.local/lib/python3.12/site-packages/airflow/example_dags/example_subdag_operator.py
[2026-04-27T23:30:42.908+0000] {processor.py:840} INFO - DAG(s) 'example_subdag_operator.section-1', 'example_subdag_operator.section-2', 'example_subdag_operator' retrieved from /home/airflow/.local/lib/python3.12/site-packages/airflow/example_dags/example_subdag_operator.py
[2026-04-27T23:30:42.925+0000] {logging_mixin.py:188} INFO - [2026-04-27T23:30:42.925+0000] {dag.py:3096} INFO - Sync 3 DAGs
[2026-04-27T23:30:42.947+0000] {logging_mixin.py:188} INFO - [2026-04-27T23:30:42.946+0000] {dag.py:3954} INFO - Setting next_dagrun for example_subdag_operator to 2022-01-01 00:00:00+00:00, run_after=2022-01-01 00:00:00+00:00
[2026-04-27T23:30:42.951+0000] {logging_mixin.py:188} INFO - [2026-04-27T23:30:42.951+0000] {dag.py:3954} INFO - Setting next_dagrun for example_subdag_operator.section-1 to None, run_after=None
[2026-04-27T23:30:42.952+0000] {logging_mixin.py:188} INFO - [2026-04-27T23:30:42.952+0000] {dag.py:3954} INFO - Setting next_dagrun for example_subdag_operator.section-2 to None, run_after=None
[2026-04-27T23:30:42.959+0000] {logging_mixin.py:188} INFO - [2026-04-27T23:30:42.959+0000] {dag.py:3096} INFO - Sync 2 DAGs
[2026-04-27T23:30:42.964+0000] {logging_mixin.py:188} INFO - [2026-04-27T23:30:42.964+0000] {dag.py:3954} INFO - Setting next_dagrun for example_subdag_operator.section-1 to None, run_after=None
[2026-04-27T23:30:42.965+0000] {logging_mixin.py:188} INFO - [2026-04-27T23:30:42.965+0000] {dag.py:3954} INFO - Setting next_dagrun for example_subdag_operator.section-2 to None, run_after=None
[2026-04-27T23:30:44.030+0000] {processor.py:183} INFO - Processing /home/airflow/.local/lib/python3.12/site-packages/airflow/example_dags/example_subdag_operator.py took 1.352 seconds
[2026-04-27T23:31:24.759+0000] {processor.py:161} INFO - Started process (PID=191) to work on /home/airflow/.local/lib/python3.12/site-packages/airflow/example_dags/example_subdag_operator.py
[2026-04-27T23:31:25.384+0000] {processor.py:830} INFO - Processing file /home/airflow/.local/lib/python3.12/site-packages/airflow/example_dags/example_subdag_operator.py for tasks to queue
[2026-04-27T23:31:25.395+0000] {logging_mixin.py:188} INFO - [2026-04-27T23:31:25.393+0000] {dagbag.py:540} INFO - Filling up the DagBag from /home/airflow/.local/lib/python3.12/site-packages/airflow/example_dags/example_subdag_operator.py
[2026-04-27T23:31:25.440+0000] {processor.py:840} INFO - DAG(s) 'example_subdag_operator.section-1', 'example_subdag_operator.section-2', 'example_subdag_operator' retrieved from /home/airflow/.local/lib/python3.12/site-packages/airflow/example_dags/example_subdag_operator.py
[2026-04-27T23:31:25.456+0000] {logging_mixin.py:188} INFO - [2026-04-27T23:31:25.456+0000] {dag.py:3096} INFO - Sync 3 DAGs
[2026-04-27T23:31:25.477+0000] {logging_mixin.py:188} INFO - [2026-04-27T23:31:25.477+0000] {dag.py:3954} INFO - Setting next_dagrun for example_subdag_operator to 2022-01-01 00:00:00+00:00, run_after=2022-01-01 00:00:00+00:00
[2026-04-27T23:31:25.481+0000] {logging_mixin.py:188} INFO - [2026-04-27T23:31:25.481+0000] {dag.py:3954} INFO - Setting next_dagrun for example_subdag_operator.section-1 to None, run_after=None
[2026-04-27T23:31:25.483+0000] {logging_mixin.py:188} INFO - [2026-04-27T23:31:25.483+0000] {dag.py:3954} INFO - Setting next_dagrun for example_subdag_operator.section-2 to None, run_after=None
[2026-04-27T23:31:25.491+0000] {logging_mixin.py:188} INFO - [2026-04-27T23:31:25.491+0000] {dag.py:3096} INFO - Sync 2 DAGs
[2026-04-27T23:31:25.497+0000] {logging_mixin.py:188} INFO - [2026-04-27T23:31:25.497+0000] {dag.py:3954} INFO - Setting next_dagrun for example_subdag_operator.section-1 to None, run_after=None
[2026-04-27T23:31:25.500+0000] {logging_mixin.py:188} INFO - [2026-04-27T23:31:25.499+0000] {dag.py:3954} INFO - Setting next_dagrun for example_subdag_operator.section-2 to None, run_after=None
[2026-04-27T23:31:25.512+0000] {processor.py:183} INFO - Processing /home/airflow/.local/lib/python3.12/site-packages/airflow/example_dags/example_subdag_operator.py took 0.759 seconds
[2026-04-27T23:32:25.688+0000] {processor.py:161} INFO - Started process (PID=254) to work on /home/airflow/.local/lib/python3.12/site-packages/airflow/example_dags/example_subdag_operator.py
[2026-04-27T23:32:25.689+0000] {processor.py:830} INFO - Processing file /home/airflow/.local/lib/python3.12/site-packages/airflow/example_dags/example_subdag_operator.py for tasks to queue
[2026-04-27T23:32:25.692+0000] {logging_mixin.py:188} INFO - [2026-04-27T23:32:25.692+0000] {dagbag.py:540} INFO - Filling up the DagBag from /home/airflow/.local/lib/python3.12/site-packages/airflow/example_dags/example_subdag_operator.py
[2026-04-27T23:32:25.722+0000] {processor.py:840} INFO - DAG(s) 'example_subdag_operator.section-1', 'example_subdag_operator.section-2', 'example_subdag_operator' retrieved from /home/airflow/.local/lib/python3.12/site-packages/airflow/example_dags/example_subdag_operator.py
[2026-04-27T23:32:25.741+0000] {logging_mixin.py:188} INFO - [2026-04-27T23:32:25.741+0000] {dag.py:3096} INFO - Sync 3 DAGs
[2026-04-27T23:32:25.770+0000] {logging_mixin.py:188} INFO - [2026-04-27T23:32:25.769+0000] {dag.py:3954} INFO - Setting next_dagrun for example_subdag_operator to 2022-01-01 00:00:00+00:00, run_after=2022-01-01 00:00:00+00:00
[2026-04-27T23:32:25.775+0000] {logging_mixin.py:188} INFO - [2026-04-27T23:32:25.775+0000] {dag.py:3954} INFO - Setting next_dagrun for example_subdag_operator.section-1 to None, run_after=None
[2026-04-27T23:32:25.777+0000] {logging_mixin.py:188} INFO - [2026-04-27T23:32:25.777+0000] {dag.py:3954} INFO - Setting next_dagrun for example_subdag_operator.section-2 to None, run_after=None
[2026-04-27T23:32:25.785+0000] {logging_mixin.py:188} INFO - [2026-04-27T23:32:25.784+0000] {dag.py:3096} INFO - Sync 2 DAGs
[2026-04-27T23:32:25.791+0000] {logging_mixin.py:188} INFO - [2026-04-27T23:32:25.790+0000] {dag.py:3954} INFO - Setting next_dagrun for example_subdag_operator.section-1 to None, run_after=None
[2026-04-27T23:32:25.792+0000] {logging_mixin.py:188} INFO - [2026-04-27T23:32:25.791+0000] {dag.py:3954} INFO - Setting next_dagrun for example_subdag_operator.section-2 to None, run_after=None
[2026-04-27T23:32:25.899+0000] {processor.py:183} INFO - Processing /home/airflow/.local/lib/python3.12/site-packages/airflow/example_dags/example_subdag_operator.py took 0.218 seconds
[2026-04-27T23:32:57.161+0000] {processor.py:161} INFO - Started process (PID=306) to work on /home/airflow/.local/lib/python3.12/site-packages/airflow/example_dags/example_subdag_operator.py
[2026-04-27T23:32:57.163+0000] {processor.py:830} INFO - Processing file /home/airflow/.local/lib/python3.12/site-packages/airflow/example_dags/example_subdag_operator.py for tasks to queue
[2026-04-27T23:32:57.165+0000] {logging_mixin.py:188} INFO - [2026-04-27T23:32:57.165+0000] {dagbag.py:540} INFO - Filling up the DagBag from /home/airflow/.local/lib/python3.12/site-packages/airflow/example_dags/example_subdag_operator.py
[2026-04-27T23:32:57.191+0000] {processor.py:840} INFO - DAG(s) 'example_subdag_operator.section-1', 'example_subdag_operator.section-2', 'example_subdag_operator' retrieved from /home/airflow/.local/lib/python3.12/site-packages/airflow/example_dags/example_subdag_operator.py
[2026-04-27T23:32:57.232+0000] {logging_mixin.py:188} INFO - [2026-04-27T23:32:57.232+0000] {dag.py:3096} INFO - Sync 3 DAGs
[2026-04-27T23:32:57.265+0000] {logging_mixin.py:188} INFO - [2026-04-27T23:32:57.264+0000] {dag.py:3954} INFO - Setting next_dagrun for example_subdag_operator to 2022-01-01 00:00:00+00:00, run_after=2022-01-01 00:00:00+00:00
[2026-04-27T23:32:57.270+0000] {logging_mixin.py:188} INFO - [2026-04-27T23:32:57.270+0000] {dag.py:3954} INFO - Setting next_dagrun for example_subdag_operator.section-1 to None, run_after=None
[2026-04-27T23:32:57.272+0000] {logging_mixin.py:188} INFO - [2026-04-27T23:32:57.272+0000] {dag.py:3954} INFO - Setting next_dagrun for example_subdag_operator.section-2 to None, run_after=None
[2026-04-27T23:32:57.283+0000] {logging_mixin.py:188} INFO - [2026-04-27T23:32:57.283+0000] {dag.py:3096} INFO - Sync 2 DAGs
[2026-04-27T23:32:57.291+0000] {logging_mixin.py:188} INFO - [2026-04-27T23:32:57.290+0000] {dag.py:3954} INFO - Setting next_dagrun for example_subdag_operator.section-1 to None, run_after=None
[2026-04-27T23:32:57.292+0000] {logging_mixin.py:188} INFO - [2026-04-27T23:32:57.291+0000] {dag.py:3954} INFO - Setting next_dagrun for example_subdag_operator.section-2 to None, run_after=None
[2026-04-27T23:32:57.306+0000] {processor.py:183} INFO - Processing /home/airflow/.local/lib/python3.12/site-packages/airflow/example_dags/example_subdag_operator.py took 0.152 seconds
[2026-04-27T23:33:27.662+0000] {processor.py:161} INFO - Started process (PID=359) to work on /home/airflow/.local/lib/python3.12/site-packages/airflow/example_dags/example_subdag_operator.py
[2026-04-27T23:33:27.663+0000] {processor.py:830} INFO - Processing file /home/airflow/.local/lib/python3.12/site-packages/airflow/example_dags/example_subdag_operator.py for tasks to queue
[2026-04-27T23:33:27.665+0000] {logging_mixin.py:188} INFO - [2026-04-27T23:33:27.665+0000] {dagbag.py:540} INFO - Filling up the DagBag from /home/airflow/.local/lib/python3.12/site-packages/airflow/example_dags/example_subdag_operator.py
[2026-04-27T23:33:27.691+0000] {processor.py:840} INFO - DAG(s) 'example_subdag_operator.section-1', 'example_subdag_operator.section-2', 'example_subdag_operator' retrieved from /home/airflow/.local/lib/python3.12/site-packages/airflow/example_dags/example_subdag_operator.py
[2026-04-27T23:33:27.707+0000] {logging_mixin.py:188} INFO - [2026-04-27T23:33:27.707+0000] {dag.py:3096} INFO - Sync 3 DAGs
[2026-04-27T23:33:27.728+0000] {logging_mixin.py:188} INFO - [2026-04-27T23:33:27.727+0000] {dag.py:3954} INFO - Setting next_dagrun for example_subdag_operator to 2022-01-01 00:00:00+00:00, run_after=2022-01-01 00:00:00+00:00
[2026-04-27T23:33:27.732+0000] {logging_mixin.py:188} INFO - [2026-04-27T23:33:27.731+0000] {dag.py:3954} INFO - Setting next_dagrun for example_subdag_operator.section-1 to None, run_after=None
[2026-04-27T23:33:27.733+0000] {logging_mixin.py:188} INFO - [2026-04-27T23:33:27.733+0000] {dag.py:3954} INFO - Setting next_dagrun for example_subdag_operator.section-2 to None, run_after=None
[2026-04-27T23:33:27.740+0000] {logging_mixin.py:188} INFO - [2026-04-27T23:33:27.740+0000] {dag.py:3096} INFO - Sync 2 DAGs
[2026-04-27T23:33:27.745+0000] {logging_mixin.py:188} INFO - [2026-04-27T23:33:27.745+0000] {dag.py:3954} INFO - Setting next_dagrun for example_subdag_operator.section-1 to None, run_after=None
[2026-04-27T23:33:27.746+0000] {logging_mixin.py:188} INFO - [2026-04-27T23:33:27.746+0000] {dag.py:3954} INFO - Setting next_dagrun for example_subdag_operator.section-2 to None, run_after=None
[2026-04-27T23:33:27.758+0000] {processor.py:183} INFO - Processing /home/airflow/.local/lib/python3.12/site-packages/airflow/example_dags/example_subdag_operator.py took 0.103 seconds
[2026-04-27T23:33:58.508+0000] {processor.py:161} INFO - Started process (PID=418) to work on /home/airflow/.local/lib/python3.12/site-packages/airflow/example_dags/example_subdag_operator.py
[2026-04-27T23:33:58.509+0000] {processor.py:830} INFO - Processing file /home/airflow/.local/lib/python3.12/site-packages/airflow/example_dags/example_subdag_operator.py for tasks to queue
[2026-04-27T23:33:58.512+0000] {logging_mixin.py:188} INFO - [2026-04-27T23:33:58.511+0000] {dagbag.py:540} INFO - Filling up the DagBag from /home/airflow/.local/lib/python3.12/site-packages/airflow/example_dags/example_subdag_operator.py
[2026-04-27T23:33:58.537+0000] {processor.py:840} INFO - DAG(s) 'example_subdag_operator.section-1', 'example_subdag_operator.section-2', 'example_subdag_operator' retrieved from /home/airflow/.local/lib/python3.12/site-packages/airflow/example_dags/example_subdag_operator.py
[2026-04-27T23:33:58.552+0000] {logging_mixin.py:188} INFO - [2026-04-27T23:33:58.552+0000] {dag.py:3096} INFO - Sync 3 DAGs
[2026-04-27T23:33:58.574+0000] {logging_mixin.py:188} INFO - [2026-04-27T23:33:58.573+0000] {dag.py:3954} INFO - Setting next_dagrun for example_subdag_operator to 2022-01-01 00:00:00+00:00, run_after=2022-01-01 00:00:00+00:00
[2026-04-27T23:33:58.578+0000] {logging_mixin.py:188} INFO - [2026-04-27T23:33:58.578+0000] {dag.py:3954} INFO - Setting next_dagrun for example_subdag_operator.section-1 to None, run_after=None
[2026-04-27T23:33:58.579+0000] {logging_mixin.py:188} INFO - [2026-04-27T23:33:58.579+0000] {dag.py:3954} INFO - Setting next_dagrun for example_subdag_operator.section-2 to None, run_after=None
[2026-04-27T23:33:58.587+0000] {logging_mixin.py:188} INFO - [2026-04-27T23:33:58.586+0000] {dag.py:3096} INFO - Sync 2 DAGs
[2026-04-27T23:33:58.592+0000] {logging_mixin.py:188} INFO - [2026-04-27T23:33:58.592+0000] {dag.py:3954} INFO - Setting next_dagrun for example_subdag_operator.section-1 to None, run_after=None
[2026-04-27T23:33:58.593+0000] {logging_mixin.py:188} INFO - [2026-04-27T23:33:58.592+0000] {dag.py:3954} INFO - Setting next_dagrun for example_subdag_operator.section-2 to None, run_after=None
[2026-04-27T23:33:58.606+0000] {processor.py:183} INFO - Processing /home/airflow/.local/lib/python3.12/site-packages/airflow/example_dags/example_subdag_operator.py took 0.103 seconds
[2026-04-27T23:34:30.762+0000] {processor.py:161} INFO - Started process (PID=483) to work on /home/airflow/.local/lib/python3.12/site-packages/airflow/example_dags/example_subdag_operator.py
[2026-04-27T23:34:30.763+0000] {processor.py:830} INFO - Processing file /home/airflow/.local/lib/python3.12/site-packages/airflow/example_dags/example_subdag_operator.py for tasks to queue
[2026-04-27T23:34:30.766+0000] {logging_mixin.py:188} INFO - [2026-04-27T23:34:30.765+0000] {dagbag.py:540} INFO - Filling up the DagBag from /home/airflow/.local/lib/python3.12/site-packages/airflow/example_dags/example_subdag_operator.py
[2026-04-27T23:34:30.791+0000] {processor.py:840} INFO - DAG(s) 'example_subdag_operator.section-1', 'example_subdag_operator.section-2', 'example_subdag_operator' retrieved from /home/airflow/.local/lib/python3.12/site-packages/airflow/example_dags/example_subdag_operator.py
[2026-04-27T23:34:30.806+0000] {logging_mixin.py:188} INFO - [2026-04-27T23:34:30.806+0000] {dag.py:3096} INFO - Sync 3 DAGs
[2026-04-27T23:34:30.827+0000] {logging_mixin.py:188} INFO - [2026-04-27T23:34:30.827+0000] {dag.py:3954} INFO - Setting next_dagrun for example_subdag_operator to 2022-01-01 00:00:00+00:00, run_after=2022-01-01 00:00:00+00:00
[2026-04-27T23:34:30.832+0000] {logging_mixin.py:188} INFO - [2026-04-27T23:34:30.831+0000] {dag.py:3954} INFO - Setting next_dagrun for example_subdag_operator.section-1 to None, run_after=None
[2026-04-27T23:34:30.834+0000] {logging_mixin.py:188} INFO - [2026-04-27T23:34:30.833+0000] {dag.py:3954} INFO - Setting next_dagrun for example_subdag_operator.section-2 to None, run_after=None
[2026-04-27T23:34:30.840+0000] {logging_mixin.py:188} INFO - [2026-04-27T23:34:30.840+0000] {dag.py:3096} INFO - Sync 2 DAGs
[2026-04-27T23:34:30.846+0000] {logging_mixin.py:188} INFO - [2026-04-27T23:34:30.845+0000] {dag.py:3954} INFO - Setting next_dagrun for example_subdag_operator.section-1 to None, run_after=None
[2026-04-27T23:34:30.846+0000] {logging_mixin.py:188} INFO - [2026-04-27T23:34:30.846+0000] {dag.py:3954} INFO - Setting next_dagrun for example_subdag_operator.section-2 to None, run_after=None
[2026-04-27T23:34:30.858+0000] {processor.py:183} INFO - Processing /home/airflow/.local/lib/python3.12/site-packages/airflow/example_dags/example_subdag_operator.py took 0.102 seconds
[2026-04-27T23:35:01.076+0000] {processor.py:161} INFO - Started process (PID=538) to work on /home/airflow/.local/lib/python3.12/site-packages/airflow/example_dags/example_subdag_operator.py
[2026-04-27T23:35:01.077+0000] {processor.py:830} INFO - Processing file /home/airflow/.local/lib/python3.12/site-packages/airflow/example_dags/example_subdag_operator.py for tasks to queue
[2026-04-27T23:35:01.079+0000] {logging_mixin.py:188} INFO - [2026-04-27T23:35:01.079+0000] {dagbag.py:540} INFO - Filling up the DagBag from /home/airflow/.local/lib/python3.12/site-packages/airflow/example_dags/example_subdag_operator.py
[2026-04-27T23:35:01.104+0000] {processor.py:840} INFO - DAG(s) 'example_subdag_operator.section-1', 'example_subdag_operator.section-2', 'example_subdag_operator' retrieved from /home/airflow/.local/lib/python3.12/site-packages/airflow/example_dags/example_subdag_operator.py
[2026-04-27T23:35:01.121+0000] {logging_mixin.py:188} INFO - [2026-04-27T23:35:01.121+0000] {dag.py:3096} INFO - Sync 3 DAGs
[2026-04-27T23:35:01.142+0000] {logging_mixin.py:188} INFO - [2026-04-27T23:35:01.142+0000] {dag.py:3954} INFO - Setting next_dagrun for example_subdag_operator to 2022-01-01 00:00:00+00:00, run_after=2022-01-01 00:00:00+00:00
[2026-04-27T23:35:01.146+0000] {logging_mixin.py:188} INFO - [2026-04-27T23:35:01.146+0000] {dag.py:3954} INFO - Setting next_dagrun for example_subdag_operator.section-1 to None, run_after=None
[2026-04-27T23:35:01.148+0000] {logging_mixin.py:188} INFO - [2026-04-27T23:35:01.147+0000] {dag.py:3954} INFO - Setting next_dagrun for example_subdag_operator.section-2 to None, run_after=None
[2026-04-27T23:35:01.154+0000] {logging_mixin.py:188} INFO - [2026-04-27T23:35:01.154+0000] {dag.py:3096} INFO - Sync 2 DAGs
[2026-04-27T23:35:01.160+0000] {logging_mixin.py:188} INFO - [2026-04-27T23:35:01.160+0000] {dag.py:3954} INFO - Setting next_dagrun for example_subdag_operator.section-1 to None, run_after=None
[2026-04-27T23:35:01.161+0000] {logging_mixin.py:188} INFO - [2026-04-27T23:35:01.161+0000] {dag.py:3954} INFO - Setting next_dagrun for example_subdag_operator.section-2 to None, run_after=None
[2026-04-27T23:35:01.173+0000] {processor.py:183} INFO - Processing /home/airflow/.local/lib/python3.12/site-packages/airflow/example_dags/example_subdag_operator.py took 0.103 seconds
[2026-04-27T23:35:31.310+0000] {processor.py:161} INFO - Started process (PID=597) to work on /home/airflow/.local/lib/python3.12/site-packages/airflow/example_dags/example_subdag_operator.py
[2026-04-27T23:35:31.311+0000] {processor.py:830} INFO - Processing file /home/airflow/.local/lib/python3.12/site-packages/airflow/example_dags/example_subdag_operator.py for tasks to queue
[2026-04-27T23:35:31.313+0000] {logging_mixin.py:188} INFO - [2026-04-27T23:35:31.313+0000] {dagbag.py:540} INFO - Filling up the DagBag from /home/airflow/.local/lib/python3.12/site-packages/airflow/example_dags/example_subdag_operator.py
[2026-04-27T23:35:31.339+0000] {processor.py:840} INFO - DAG(s) 'example_subdag_operator.section-1', 'example_subdag_operator.section-2', 'example_subdag_operator' retrieved from /home/airflow/.local/lib/python3.12/site-packages/airflow/example_dags/example_subdag_operator.py
[2026-04-27T23:35:31.356+0000] {logging_mixin.py:188} INFO - [2026-04-27T23:35:31.356+0000] {dag.py:3096} INFO - Sync 3 DAGs
[2026-04-27T23:35:31.380+0000] {logging_mixin.py:188} INFO - [2026-04-27T23:35:31.379+0000] {dag.py:3954} INFO - Setting next_dagrun for example_subdag_operator to 2022-01-01 00:00:00+00:00, run_after=2022-01-01 00:00:00+00:00
[2026-04-27T23:35:31.384+0000] {logging_mixin.py:188} INFO - [2026-04-27T23:35:31.384+0000] {dag.py:3954} INFO - Setting next_dagrun for example_subdag_operator.section-1 to None, run_after=None
[2026-04-27T23:35:31.386+0000] {logging_mixin.py:188} INFO - [2026-04-27T23:35:31.386+0000] {dag.py:3954} INFO - Setting next_dagrun for example_subdag_operator.section-2 to None, run_after=None
[2026-04-27T23:35:31.393+0000] {logging_mixin.py:188} INFO - [2026-04-27T23:35:31.393+0000] {dag.py:3096} INFO - Sync 2 DAGs
[2026-04-27T23:35:31.399+0000] {logging_mixin.py:188} INFO - [2026-04-27T23:35:31.399+0000] {dag.py:3954} INFO - Setting next_dagrun for example_subdag_operator.section-1 to None, run_after=None
[2026-04-27T23:35:31.400+0000] {logging_mixin.py:188} INFO - [2026-04-27T23:35:31.400+0000] {dag.py:3954} INFO - Setting next_dagrun for example_subdag_operator.section-2 to None, run_after=None
[2026-04-27T23:35:31.548+0000] {processor.py:183} INFO - Processing /home/airflow/.local/lib/python3.12/site-packages/airflow/example_dags/example_subdag_operator.py took 0.245 seconds
[2026-04-27T23:36:02.725+0000] {processor.py:161} INFO - Started process (PID=656) to work on /home/airflow/.local/lib/python3.12/site-packages/airflow/example_dags/example_subdag_operator.py
[2026-04-27T23:36:02.726+0000] {processor.py:830} INFO - Processing file /home/airflow/.local/lib/python3.12/site-packages/airflow/example_dags/example_subdag_operator.py for tasks to queue
[2026-04-27T23:36:02.729+0000] {logging_mixin.py:188} INFO - [2026-04-27T23:36:02.728+0000] {dagbag.py:540} INFO - Filling up the DagBag from /home/airflow/.local/lib/python3.12/site-packages/airflow/example_dags/example_subdag_operator.py
[2026-04-27T23:36:02.754+0000] {processor.py:840} INFO - DAG(s) 'example_subdag_operator.section-1', 'example_subdag_operator.section-2', 'example_subdag_operator' retrieved from /home/airflow/.local/lib/python3.12/site-packages/airflow/example_dags/example_subdag_operator.py
[2026-04-27T23:36:02.770+0000] {logging_mixin.py:188} INFO - [2026-04-27T23:36:02.769+0000] {dag.py:3096} INFO - Sync 3 DAGs
[2026-04-27T23:36:02.794+0000] {logging_mixin.py:188} INFO - [2026-04-27T23:36:02.794+0000] {dag.py:3954} INFO - Setting next_dagrun for example_subdag_operator to 2022-01-01 00:00:00+00:00, run_after=2022-01-01 00:00:00+00:00
[2026-04-27T23:36:02.807+0000] {logging_mixin.py:188} INFO - [2026-04-27T23:36:02.807+0000] {dag.py:3954} INFO - Setting next_dagrun for example_subdag_operator.section-1 to None, run_after=None
[2026-04-27T23:36:02.809+0000] {logging_mixin.py:188} INFO - [2026-04-27T23:36:02.809+0000] {dag.py:3954} INFO - Setting next_dagrun for example_subdag_operator.section-2 to None, run_after=None
[2026-04-27T23:36:02.817+0000] {logging_mixin.py:188} INFO - [2026-04-27T23:36:02.816+0000] {dag.py:3096} INFO - Sync 2 DAGs
[2026-04-27T23:36:02.822+0000] {logging_mixin.py:188} INFO - [2026-04-27T23:36:02.822+0000] {dag.py:3954} INFO - Setting next_dagrun for example_subdag_operator.section-1 to None, run_after=None
[2026-04-27T23:36:02.823+0000] {logging_mixin.py:188} INFO - [2026-04-27T23:36:02.823+0000] {dag.py:3954} INFO - Setting next_dagrun for example_subdag_operator.section-2 to None, run_after=None
[2026-04-27T23:36:02.835+0000] {processor.py:183} INFO - Processing /home/airflow/.local/lib/python3.12/site-packages/airflow/example_dags/example_subdag_operator.py took 0.116 seconds
[2026-04-27T23:36:34.251+0000] {processor.py:161} INFO - Started process (PID=714) to work on /home/airflow/.local/lib/python3.12/site-packages/airflow/example_dags/example_subdag_operator.py
[2026-04-27T23:36:34.252+0000] {processor.py:830} INFO - Processing file /home/airflow/.local/lib/python3.12/site-packages/airflow/example_dags/example_subdag_operator.py for tasks to queue
[2026-04-27T23:36:34.255+0000] {logging_mixin.py:188} INFO - [2026-04-27T23:36:34.254+0000] {dagbag.py:540} INFO - Filling up the DagBag from /home/airflow/.local/lib/python3.12/site-packages/airflow/example_dags/example_subdag_operator.py
[2026-04-27T23:36:34.281+0000] {processor.py:840} INFO - DAG(s) 'example_subdag_operator.section-1', 'example_subdag_operator.section-2', 'example_subdag_operator' retrieved from /home/airflow/.local/lib/python3.12/site-packages/airflow/example_dags/example_subdag_operator.py
[2026-04-27T23:36:34.298+0000] {logging_mixin.py:188} INFO - [2026-04-27T23:36:34.298+0000] {dag.py:3096} INFO - Sync 3 DAGs
[2026-04-27T23:36:34.319+0000] {logging_mixin.py:188} INFO - [2026-04-27T23:36:34.319+0000] {dag.py:3954} INFO - Setting next_dagrun for example_subdag_operator to 2022-01-01 00:00:00+00:00, run_after=2022-01-01 00:00:00+00:00
[2026-04-27T23:36:34.323+0000] {logging_mixin.py:188} INFO - [2026-04-27T23:36:34.323+0000] {dag.py:3954} INFO - Setting next_dagrun for example_subdag_operator.section-1 to None, run_after=None
[2026-04-27T23:36:34.325+0000] {logging_mixin.py:188} INFO - [2026-04-27T23:36:34.325+0000] {dag.py:3954} INFO - Setting next_dagrun for example_subdag_operator.section-2 to None, run_after=None
[2026-04-27T23:36:34.332+0000] {logging_mixin.py:188} INFO - [2026-04-27T23:36:34.332+0000] {dag.py:3096} INFO - Sync 2 DAGs
[2026-04-27T23:36:34.338+0000] {logging_mixin.py:188} INFO - [2026-04-27T23:36:34.337+0000] {dag.py:3954} INFO - Setting next_dagrun for example_subdag_operator.section-1 to None, run_after=None
[2026-04-27T23:36:34.338+0000] {logging_mixin.py:188} INFO - [2026-04-27T23:36:34.338+0000] {dag.py:3954} INFO - Setting next_dagrun for example_subdag_operator.section-2 to None, run_after=None
[2026-04-27T23:36:34.352+0000] {processor.py:183} INFO - Processing /home/airflow/.local/lib/python3.12/site-packages/airflow/example_dags/example_subdag_operator.py took 0.107 seconds
[2026-04-27T23:37:04.623+0000] {processor.py:161} INFO - Started process (PID=773) to work on /home/airflow/.local/lib/python3.12/site-packages/airflow/example_dags/example_subdag_operator.py
[2026-04-27T23:37:04.624+0000] {processor.py:830} INFO - Processing file /home/airflow/.local/lib/python3.12/site-packages/airflow/example_dags/example_subdag_operator.py for tasks to queue
[2026-04-27T23:37:04.627+0000] {logging_mixin.py:188} INFO - [2026-04-27T23:37:04.626+0000] {dagbag.py:540} INFO - Filling up the DagBag from /home/airflow/.local/lib/python3.12/site-packages/airflow/example_dags/example_subdag_operator.py
[2026-04-27T23:37:04.653+0000] {processor.py:840} INFO - DAG(s) 'example_subdag_operator.section-1', 'example_subdag_operator.section-2', 'example_subdag_operator' retrieved from /home/airflow/.local/lib/python3.12/site-packages/airflow/example_dags/example_subdag_operator.py
[2026-04-27T23:37:04.669+0000] {logging_mixin.py:188} INFO - [2026-04-27T23:37:04.669+0000] {dag.py:3096} INFO - Sync 3 DAGs
[2026-04-27T23:37:04.690+0000] {logging_mixin.py:188} INFO - [2026-04-27T23:37:04.690+0000] {dag.py:3954} INFO - Setting next_dagrun for example_subdag_operator to 2022-01-01 00:00:00+00:00, run_after=2022-01-01 00:00:00+00:00
[2026-04-27T23:37:04.694+0000] {logging_mixin.py:188} INFO - [2026-04-27T23:37:04.694+0000] {dag.py:3954} INFO - Setting next_dagrun for example_subdag_operator.section-1 to None, run_after=None
[2026-04-27T23:37:04.695+0000] {logging_mixin.py:188} INFO - [2026-04-27T23:37:04.695+0000] {dag.py:3954} INFO - Setting next_dagrun for example_subdag_operator.section-2 to None, run_after=None
[2026-04-27T23:37:04.702+0000] {logging_mixin.py:188} INFO - [2026-04-27T23:37:04.702+0000] {dag.py:3096} INFO - Sync 2 DAGs
[2026-04-27T23:37:04.707+0000] {logging_mixin.py:188} INFO - [2026-04-27T23:37:04.707+0000] {dag.py:3954} INFO - Setting next_dagrun for example_subdag_operator.section-1 to None, run_after=None
[2026-04-27T23:37:04.708+0000] {logging_mixin.py:188} INFO - [2026-04-27T23:37:04.708+0000] {dag.py:3954} INFO - Setting next_dagrun for example_subdag_operator.section-2 to None, run_after=None
[2026-04-27T23:37:04.719+0000] {processor.py:183} INFO - Processing /home/airflow/.local/lib/python3.12/site-packages/airflow/example_dags/example_subdag_operator.py took 0.102 seconds
[2026-04-27T23:37:35.152+0000] {processor.py:161} INFO - Started process (PID=832) to work on /home/airflow/.local/lib/python3.12/site-packages/airflow/example_dags/example_subdag_operator.py
[2026-04-27T23:37:35.153+0000] {processor.py:830} INFO - Processing file /home/airflow/.local/lib/python3.12/site-packages/airflow/example_dags/example_subdag_operator.py for tasks to queue
[2026-04-27T23:37:35.155+0000] {logging_mixin.py:188} INFO - [2026-04-27T23:37:35.155+0000] {dagbag.py:540} INFO - Filling up the DagBag from /home/airflow/.local/lib/python3.12/site-packages/airflow/example_dags/example_subdag_operator.py
[2026-04-27T23:37:35.180+0000] {processor.py:840} INFO - DAG(s) 'example_subdag_operator.section-1', 'example_subdag_operator.section-2', 'example_subdag_operator' retrieved from /home/airflow/.local/lib/python3.12/site-packages/airflow/example_dags/example_subdag_operator.py
[2026-04-27T23:37:35.195+0000] {logging_mixin.py:188} INFO - [2026-04-27T23:37:35.195+0000] {dag.py:3096} INFO - Sync 3 DAGs
[2026-04-27T23:37:35.216+0000] {logging_mixin.py:188} INFO - [2026-04-27T23:37:35.216+0000] {dag.py:3954} INFO - Setting next_dagrun for example_subdag_operator to 2022-01-01 00:00:00+00:00, run_after=2022-01-01 00:00:00+00:00
[2026-04-27T23:37:35.220+0000] {logging_mixin.py:188} INFO - [2026-04-27T23:37:35.220+0000] {dag.py:3954} INFO - Setting next_dagrun for example_subdag_operator.section-1 to None, run_after=None
[2026-04-27T23:37:35.222+0000] {logging_mixin.py:188} INFO - [2026-04-27T23:37:35.222+0000] {dag.py:3954} INFO - Setting next_dagrun for example_subdag_operator.section-2 to None, run_after=None
[2026-04-27T23:37:35.228+0000] {logging_mixin.py:188} INFO - [2026-04-27T23:37:35.228+0000] {dag.py:3096} INFO - Sync 2 DAGs
[2026-04-27T23:37:35.233+0000] {logging_mixin.py:188} INFO - [2026-04-27T23:37:35.233+0000] {dag.py:3954} INFO - Setting next_dagrun for example_subdag_operator.section-1 to None, run_after=None
[2026-04-27T23:37:35.234+0000] {logging_mixin.py:188} INFO - [2026-04-27T23:37:35.234+0000] {dag.py:3954} INFO - Setting next_dagrun for example_subdag_operator.section-2 to None, run_after=None
[2026-04-27T23:37:35.245+0000] {processor.py:183} INFO - Processing /home/airflow/.local/lib/python3.12/site-packages/airflow/example_dags/example_subdag_operator.py took 0.099 seconds
[2026-04-27T23:38:06.080+0000] {processor.py:161} INFO - Started process (PID=891) to work on /home/airflow/.local/lib/python3.12/site-packages/airflow/example_dags/example_subdag_operator.py
[2026-04-27T23:38:06.081+0000] {processor.py:830} INFO - Processing file /home/airflow/.local/lib/python3.12/site-packages/airflow/example_dags/example_subdag_operator.py for tasks to queue
[2026-04-27T23:38:06.083+0000] {logging_mixin.py:188} INFO - [2026-04-27T23:38:06.083+0000] {dagbag.py:540} INFO - Filling up the DagBag from /home/airflow/.local/lib/python3.12/site-packages/airflow/example_dags/example_subdag_operator.py
[2026-04-27T23:38:06.111+0000] {processor.py:840} INFO - DAG(s) 'example_subdag_operator.section-1', 'example_subdag_operator.section-2', 'example_subdag_operator' retrieved from /home/airflow/.local/lib/python3.12/site-packages/airflow/example_dags/example_subdag_operator.py
[2026-04-27T23:38:06.127+0000] {logging_mixin.py:188} INFO - [2026-04-27T23:38:06.126+0000] {dag.py:3096} INFO - Sync 3 DAGs
[2026-04-27T23:38:06.148+0000] {logging_mixin.py:188} INFO - [2026-04-27T23:38:06.148+0000] {dag.py:3954} INFO - Setting next_dagrun for example_subdag_operator to 2022-01-01 00:00:00+00:00, run_after=2022-01-01 00:00:00+00:00
[2026-04-27T23:38:06.153+0000] {logging_mixin.py:188} INFO - [2026-04-27T23:38:06.153+0000] {dag.py:3954} INFO - Setting next_dagrun for example_subdag_operator.section-1 to None, run_after=None
[2026-04-27T23:38:06.155+0000] {logging_mixin.py:188} INFO - [2026-04-27T23:38:06.155+0000] {dag.py:3954} INFO - Setting next_dagrun for example_subdag_operator.section-2 to None, run_after=None
[2026-04-27T23:38:06.162+0000] {logging_mixin.py:188} INFO - [2026-04-27T23:38:06.162+0000] {dag.py:3096} INFO - Sync 2 DAGs
[2026-04-27T23:38:06.359+0000] {logging_mixin.py:188} INFO - [2026-04-27T23:38:06.358+0000] {dag.py:3954} INFO - Setting next_dagrun for example_subdag_operator.section-1 to None, run_after=None
[2026-04-27T23:38:06.359+0000] {logging_mixin.py:188} INFO - [2026-04-27T23:38:06.359+0000] {dag.py:3954} INFO - Setting next_dagrun for example_subdag_operator.section-2 to None, run_after=None
[2026-04-27T23:38:06.370+0000] {processor.py:183} INFO - Processing /home/airflow/.local/lib/python3.12/site-packages/airflow/example_dags/example_subdag_operator.py took 0.298 seconds
[2026-04-27T23:38:37.434+0000] {processor.py:161} INFO - Started process (PID=950) to work on /home/airflow/.local/lib/python3.12/site-packages/airflow/example_dags/example_subdag_operator.py
[2026-04-27T23:38:37.435+0000] {processor.py:830} INFO - Processing file /home/airflow/.local/lib/python3.12/site-packages/airflow/example_dags/example_subdag_operator.py for tasks to queue
[2026-04-27T23:38:37.437+0000] {logging_mixin.py:188} INFO - [2026-04-27T23:38:37.437+0000] {dagbag.py:540} INFO - Filling up the DagBag from /home/airflow/.local/lib/python3.12/site-packages/airflow/example_dags/example_subdag_operator.py
[2026-04-27T23:38:37.466+0000] {processor.py:840} INFO - DAG(s) 'example_subdag_operator.section-1', 'example_subdag_operator.section-2', 'example_subdag_operator' retrieved from /home/airflow/.local/lib/python3.12/site-packages/airflow/example_dags/example_subdag_operator.py
[2026-04-27T23:38:37.488+0000] {logging_mixin.py:188} INFO - [2026-04-27T23:38:37.488+0000] {dag.py:3096} INFO - Sync 3 DAGs
[2026-04-27T23:38:37.509+0000] {logging_mixin.py:188} INFO - [2026-04-27T23:38:37.509+0000] {dag.py:3954} INFO - Setting next_dagrun for example_subdag_operator to 2022-01-01 00:00:00+00:00, run_after=2022-01-01 00:00:00+00:00
[2026-04-27T23:38:37.514+0000] {logging_mixin.py:188} INFO - [2026-04-27T23:38:37.513+0000] {dag.py:3954} INFO - Setting next_dagrun for example_subdag_operator.section-1 to None, run_after=None
[2026-04-27T23:38:37.515+0000] {logging_mixin.py:188} INFO - [2026-04-27T23:38:37.515+0000] {dag.py:3954} INFO - Setting next_dagrun for example_subdag_operator.section-2 to None, run_after=None
[2026-04-27T23:38:37.523+0000] {logging_mixin.py:188} INFO - [2026-04-27T23:38:37.523+0000] {dag.py:3096} INFO - Sync 2 DAGs
[2026-04-27T23:38:37.529+0000] {logging_mixin.py:188} INFO - [2026-04-27T23:38:37.529+0000] {dag.py:3954} INFO - Setting next_dagrun for example_subdag_operator.section-1 to None, run_after=None
[2026-04-27T23:38:37.530+0000] {logging_mixin.py:188} INFO - [2026-04-27T23:38:37.530+0000] {dag.py:3954} INFO - Setting next_dagrun for example_subdag_operator.section-2 to None, run_after=None
[2026-04-27T23:38:37.543+0000] {processor.py:183} INFO - Processing /home/airflow/.local/lib/python3.12/site-packages/airflow/example_dags/example_subdag_operator.py took 0.117 seconds
[2026-04-27T23:39:08.136+0000] {processor.py:161} INFO - Started process (PID=1009) to work on /home/airflow/.local/lib/python3.12/site-packages/airflow/example_dags/example_subdag_operator.py
[2026-04-27T23:39:08.137+0000] {processor.py:830} INFO - Processing file /home/airflow/.local/lib/python3.12/site-packages/airflow/example_dags/example_subdag_operator.py for tasks to queue
[2026-04-27T23:39:08.139+0000] {logging_mixin.py:188} INFO - [2026-04-27T23:39:08.139+0000] {dagbag.py:540} INFO - Filling up the DagBag from /home/airflow/.local/lib/python3.12/site-packages/airflow/example_dags/example_subdag_operator.py
[2026-04-27T23:39:08.165+0000] {processor.py:840} INFO - DAG(s) 'example_subdag_operator.section-1', 'example_subdag_operator.section-2', 'example_subdag_operator' retrieved from /home/airflow/.local/lib/python3.12/site-packages/airflow/example_dags/example_subdag_operator.py
[2026-04-27T23:39:08.180+0000] {logging_mixin.py:188} INFO - [2026-04-27T23:39:08.180+0000] {dag.py:3096} INFO - Sync 3 DAGs
[2026-04-27T23:39:08.202+0000] {logging_mixin.py:188} INFO - [2026-04-27T23:39:08.201+0000] {dag.py:3954} INFO - Setting next_dagrun for example_subdag_operator to 2022-01-01 00:00:00+00:00, run_after=2022-01-01 00:00:00+00:00
[2026-04-27T23:39:08.206+0000] {logging_mixin.py:188} INFO - [2026-04-27T23:39:08.205+0000] {dag.py:3954} INFO - Setting next_dagrun for example_subdag_operator.section-1 to None, run_after=None
[2026-04-27T23:39:08.208+0000] {logging_mixin.py:188} INFO - [2026-04-27T23:39:08.208+0000] {dag.py:3954} INFO - Setting next_dagrun for example_subdag_operator.section-2 to None, run_after=None
[2026-04-27T23:39:08.216+0000] {logging_mixin.py:188} INFO - [2026-04-27T23:39:08.216+0000] {dag.py:3096} INFO - Sync 2 DAGs
[2026-04-27T23:39:08.221+0000] {logging_mixin.py:188} INFO - [2026-04-27T23:39:08.221+0000] {dag.py:3954} INFO - Setting next_dagrun for example_subdag_operator.section-1 to None, run_after=None
[2026-04-27T23:39:08.222+0000] {logging_mixin.py:188} INFO - [2026-04-27T23:39:08.222+0000] {dag.py:3954} INFO - Setting next_dagrun for example_subdag_operator.section-2 to None, run_after=None
[2026-04-27T23:39:08.236+0000] {processor.py:183} INFO - Processing /home/airflow/.local/lib/python3.12/site-packages/airflow/example_dags/example_subdag_operator.py took 0.106 seconds
[2026-04-27T23:39:38.424+0000] {processor.py:161} INFO - Started process (PID=1068) to work on /home/airflow/.local/lib/python3.12/site-packages/airflow/example_dags/example_subdag_operator.py
[2026-04-27T23:39:38.425+0000] {processor.py:830} INFO - Processing file /home/airflow/.local/lib/python3.12/site-packages/airflow/example_dags/example_subdag_operator.py for tasks to queue
[2026-04-27T23:39:38.427+0000] {logging_mixin.py:188} INFO - [2026-04-27T23:39:38.427+0000] {dagbag.py:540} INFO - Filling up the DagBag from /home/airflow/.local/lib/python3.12/site-packages/airflow/example_dags/example_subdag_operator.py
[2026-04-27T23:39:38.453+0000] {processor.py:840} INFO - DAG(s) 'example_subdag_operator.section-1', 'example_subdag_operator.section-2', 'example_subdag_operator' retrieved from /home/airflow/.local/lib/python3.12/site-packages/airflow/example_dags/example_subdag_operator.py
[2026-04-27T23:39:38.469+0000] {logging_mixin.py:188} INFO - [2026-04-27T23:39:38.469+0000] {dag.py:3096} INFO - Sync 3 DAGs
[2026-04-27T23:39:38.492+0000] {logging_mixin.py:188} INFO - [2026-04-27T23:39:38.492+0000] {dag.py:3954} INFO - Setting next_dagrun for example_subdag_operator to 2022-01-01 00:00:00+00:00, run_after=2022-01-01 00:00:00+00:00
[2026-04-27T23:39:38.497+0000] {logging_mixin.py:188} INFO - [2026-04-27T23:39:38.497+0000] {dag.py:3954} INFO - Setting next_dagrun for example_subdag_operator.section-1 to None, run_after=None
[2026-04-27T23:39:38.499+0000] {logging_mixin.py:188} INFO - [2026-04-27T23:39:38.499+0000] {dag.py:3954} INFO - Setting next_dagrun for example_subdag_operator.section-2 to None, run_after=None
[2026-04-27T23:39:38.509+0000] {logging_mixin.py:188} INFO - [2026-04-27T23:39:38.509+0000] {dag.py:3096} INFO - Sync 2 DAGs
[2026-04-27T23:39:38.736+0000] {logging_mixin.py:188} INFO - [2026-04-27T23:39:38.736+0000] {dag.py:3954} INFO - Setting next_dagrun for example_subdag_operator.section-1 to None, run_after=None
[2026-04-27T23:39:38.737+0000] {logging_mixin.py:188} INFO - [2026-04-27T23:39:38.737+0000] {dag.py:3954} INFO - Setting next_dagrun for example_subdag_operator.section-2 to None, run_after=None
[2026-04-27T23:39:38.758+0000] {processor.py:183} INFO - Processing /home/airflow/.local/lib/python3.12/site-packages/airflow/example_dags/example_subdag_operator.py took 0.341 seconds
[2026-04-27T23:40:09.005+0000] {processor.py:161} INFO - Started process (PID=1127) to work on /home/airflow/.local/lib/python3.12/site-packages/airflow/example_dags/example_subdag_operator.py
[2026-04-27T23:40:09.007+0000] {processor.py:830} INFO - Processing file /home/airflow/.local/lib/python3.12/site-packages/airflow/example_dags/example_subdag_operator.py for tasks to queue
[2026-04-27T23:40:09.010+0000] {logging_mixin.py:188} INFO - [2026-04-27T23:40:09.009+0000] {dagbag.py:540} INFO - Filling up the DagBag from /home/airflow/.local/lib/python3.12/site-packages/airflow/example_dags/example_subdag_operator.py
[2026-04-27T23:40:09.039+0000] {processor.py:840} INFO - DAG(s) 'example_subdag_operator.section-1', 'example_subdag_operator.section-2', 'example_subdag_operator' retrieved from /home/airflow/.local/lib/python3.12/site-packages/airflow/example_dags/example_subdag_operator.py
[2026-04-27T23:40:09.057+0000] {logging_mixin.py:188} INFO - [2026-04-27T23:40:09.056+0000] {dag.py:3096} INFO - Sync 3 DAGs
[2026-04-27T23:40:09.260+0000] {logging_mixin.py:188} INFO - [2026-04-27T23:40:09.259+0000] {dag.py:3954} INFO - Setting next_dagrun for example_subdag_operator to 2022-01-01 00:00:00+00:00, run_after=2022-01-01 00:00:00+00:00
[2026-04-27T23:40:09.264+0000] {logging_mixin.py:188} INFO - [2026-04-27T23:40:09.264+0000] {dag.py:3954} INFO - Setting next_dagrun for example_subdag_operator.section-1 to None, run_after=None
[2026-04-27T23:40:09.266+0000] {logging_mixin.py:188} INFO - [2026-04-27T23:40:09.266+0000] {dag.py:3954} INFO - Setting next_dagrun for example_subdag_operator.section-2 to None, run_after=None
[2026-04-27T23:40:09.273+0000] {logging_mixin.py:188} INFO - [2026-04-27T23:40:09.273+0000] {dag.py:3096} INFO - Sync 2 DAGs
[2026-04-27T23:40:09.279+0000] {logging_mixin.py:188} INFO - [2026-04-27T23:40:09.279+0000] {dag.py:3954} INFO - Setting next_dagrun for example_subdag_operator.section-1 to None, run_after=None
[2026-04-27T23:40:09.280+0000] {logging_mixin.py:188} INFO - [2026-04-27T23:40:09.280+0000] {dag.py:3954} INFO - Setting next_dagrun for example_subdag_operator.section-2 to None, run_after=None
[2026-04-27T23:40:09.313+0000] {processor.py:183} INFO - Processing /home/airflow/.local/lib/python3.12/site-packages/airflow/example_dags/example_subdag_operator.py took 0.315 seconds
[2026-04-27T23:40:39.638+0000] {processor.py:161} INFO - Started process (PID=1187) to work on /home/airflow/.local/lib/python3.12/site-packages/airflow/example_dags/example_subdag_operator.py
[2026-04-27T23:40:39.639+0000] {processor.py:830} INFO - Processing file /home/airflow/.local/lib/python3.12/site-packages/airflow/example_dags/example_subdag_operator.py for tasks to queue
[2026-04-27T23:40:39.642+0000] {logging_mixin.py:188} INFO - [2026-04-27T23:40:39.642+0000] {dagbag.py:540} INFO - Filling up the DagBag from /home/airflow/.local/lib/python3.12/site-packages/airflow/example_dags/example_subdag_operator.py
[2026-04-27T23:40:39.678+0000] {processor.py:840} INFO - DAG(s) 'example_subdag_operator.section-1', 'example_subdag_operator.section-2', 'example_subdag_operator' retrieved from /home/airflow/.local/lib/python3.12/site-packages/airflow/example_dags/example_subdag_operator.py
[2026-04-27T23:40:39.699+0000] {logging_mixin.py:188} INFO - [2026-04-27T23:40:39.699+0000] {dag.py:3096} INFO - Sync 3 DAGs
[2026-04-27T23:40:39.723+0000] {logging_mixin.py:188} INFO - [2026-04-27T23:40:39.722+0000] {dag.py:3954} INFO - Setting next_dagrun for example_subdag_operator to 2022-01-01 00:00:00+00:00, run_after=2022-01-01 00:00:00+00:00
[2026-04-27T23:40:39.727+0000] {logging_mixin.py:188} INFO - [2026-04-27T23:40:39.727+0000] {dag.py:3954} INFO - Setting next_dagrun for example_subdag_operator.section-1 to None, run_after=None
[2026-04-27T23:40:39.729+0000] {logging_mixin.py:188} INFO - [2026-04-27T23:40:39.729+0000] {dag.py:3954} INFO - Setting next_dagrun for example_subdag_operator.section-2 to None, run_after=None
[2026-04-27T23:40:39.743+0000] {logging_mixin.py:188} INFO - [2026-04-27T23:40:39.742+0000] {dag.py:3096} INFO - Sync 2 DAGs
[2026-04-27T23:40:39.753+0000] {logging_mixin.py:188} INFO - [2026-04-27T23:40:39.753+0000] {dag.py:3954} INFO - Setting next_dagrun for example_subdag_operator.section-1 to None, run_after=None
[2026-04-27T23:40:39.755+0000] {logging_mixin.py:188} INFO - [2026-04-27T23:40:39.755+0000] {dag.py:3954} INFO - Setting next_dagrun for example_subdag_operator.section-2 to None, run_after=None
[2026-04-27T23:40:39.774+0000] {processor.py:183} INFO - Processing /home/airflow/.local/lib/python3.12/site-packages/airflow/example_dags/example_subdag_operator.py took 0.143 seconds
[2026-04-27T23:41:10.131+0000] {processor.py:161} INFO - Started process (PID=1246) to work on /home/airflow/.local/lib/python3.12/site-packages/airflow/example_dags/example_subdag_operator.py
[2026-04-27T23:41:10.133+0000] {processor.py:830} INFO - Processing file /home/airflow/.local/lib/python3.12/site-packages/airflow/example_dags/example_subdag_operator.py for tasks to queue
[2026-04-27T23:41:10.136+0000] {logging_mixin.py:188} INFO - [2026-04-27T23:41:10.135+0000] {dagbag.py:540} INFO - Filling up the DagBag from /home/airflow/.local/lib/python3.12/site-packages/airflow/example_dags/example_subdag_operator.py
[2026-04-27T23:41:10.168+0000] {processor.py:840} INFO - DAG(s) 'example_subdag_operator.section-1', 'example_subdag_operator.section-2', 'example_subdag_operator' retrieved from /home/airflow/.local/lib/python3.12/site-packages/airflow/example_dags/example_subdag_operator.py
[2026-04-27T23:41:10.187+0000] {logging_mixin.py:188} INFO - [2026-04-27T23:41:10.186+0000] {dag.py:3096} INFO - Sync 3 DAGs
[2026-04-27T23:41:10.211+0000] {logging_mixin.py:188} INFO - [2026-04-27T23:41:10.211+0000] {dag.py:3954} INFO - Setting next_dagrun for example_subdag_operator to 2022-01-01 00:00:00+00:00, run_after=2022-01-01 00:00:00+00:00
[2026-04-27T23:41:10.217+0000] {logging_mixin.py:188} INFO - [2026-04-27T23:41:10.217+0000] {dag.py:3954} INFO - Setting next_dagrun for example_subdag_operator.section-1 to None, run_after=None
[2026-04-27T23:41:10.219+0000] {logging_mixin.py:188} INFO - [2026-04-27T23:41:10.218+0000] {dag.py:3954} INFO - Setting next_dagrun for example_subdag_operator.section-2 to None, run_after=None
[2026-04-27T23:41:10.226+0000] {logging_mixin.py:188} INFO - [2026-04-27T23:41:10.226+0000] {dag.py:3096} INFO - Sync 2 DAGs
[2026-04-27T23:41:10.233+0000] {logging_mixin.py:188} INFO - [2026-04-27T23:41:10.233+0000] {dag.py:3954} INFO - Setting next_dagrun for example_subdag_operator.section-1 to None, run_after=None
[2026-04-27T23:41:10.234+0000] {logging_mixin.py:188} INFO - [2026-04-27T23:41:10.233+0000] {dag.py:3954} INFO - Setting next_dagrun for example_subdag_operator.section-2 to None, run_after=None
[2026-04-27T23:41:10.245+0000] {processor.py:183} INFO - Processing /home/airflow/.local/lib/python3.12/site-packages/airflow/example_dags/example_subdag_operator.py took 0.121 seconds
[2026-04-27T23:41:41.124+0000] {processor.py:161} INFO - Started process (PID=1304) to work on /home/airflow/.local/lib/python3.12/site-packages/airflow/example_dags/example_subdag_operator.py
[2026-04-27T23:41:41.125+0000] {processor.py:830} INFO - Processing file /home/airflow/.local/lib/python3.12/site-packages/airflow/example_dags/example_subdag_operator.py for tasks to queue
[2026-04-27T23:41:41.128+0000] {logging_mixin.py:188} INFO - [2026-04-27T23:41:41.128+0000] {dagbag.py:540} INFO - Filling up the DagBag from /home/airflow/.local/lib/python3.12/site-packages/airflow/example_dags/example_subdag_operator.py
[2026-04-27T23:41:41.158+0000] {processor.py:840} INFO - DAG(s) 'example_subdag_operator.section-1', 'example_subdag_operator.section-2', 'example_subdag_operator' retrieved from /home/airflow/.local/lib/python3.12/site-packages/airflow/example_dags/example_subdag_operator.py
[2026-04-27T23:41:41.178+0000] {logging_mixin.py:188} INFO - [2026-04-27T23:41:41.178+0000] {dag.py:3096} INFO - Sync 3 DAGs
[2026-04-27T23:41:41.207+0000] {logging_mixin.py:188} INFO - [2026-04-27T23:41:41.207+0000] {dag.py:3954} INFO - Setting next_dagrun for example_subdag_operator to 2022-01-01 00:00:00+00:00, run_after=2022-01-01 00:00:00+00:00
[2026-04-27T23:41:41.212+0000] {logging_mixin.py:188} INFO - [2026-04-27T23:41:41.211+0000] {dag.py:3954} INFO - Setting next_dagrun for example_subdag_operator.section-1 to None, run_after=None
[2026-04-27T23:41:41.213+0000] {logging_mixin.py:188} INFO - [2026-04-27T23:41:41.213+0000] {dag.py:3954} INFO - Setting next_dagrun for example_subdag_operator.section-2 to None, run_after=None
[2026-04-27T23:41:41.222+0000] {logging_mixin.py:188} INFO - [2026-04-27T23:41:41.222+0000] {dag.py:3096} INFO - Sync 2 DAGs
[2026-04-27T23:41:41.228+0000] {logging_mixin.py:188} INFO - [2026-04-27T23:41:41.227+0000] {dag.py:3954} INFO - Setting next_dagrun for example_subdag_operator.section-1 to None, run_after=None
[2026-04-27T23:41:41.228+0000] {logging_mixin.py:188} INFO - [2026-04-27T23:41:41.228+0000] {dag.py:3954} INFO - Setting next_dagrun for example_subdag_operator.section-2 to None, run_after=None
[2026-04-27T23:41:41.245+0000] {processor.py:183} INFO - Processing /home/airflow/.local/lib/python3.12/site-packages/airflow/example_dags/example_subdag_operator.py took 0.128 seconds
[2026-04-27T23:42:11.642+0000] {processor.py:161} INFO - Started process (PID=1363) to work on /home/airflow/.local/lib/python3.12/site-packages/airflow/example_dags/example_subdag_operator.py
[2026-04-27T23:42:11.643+0000] {processor.py:830} INFO - Processing file /home/airflow/.local/lib/python3.12/site-packages/airflow/example_dags/example_subdag_operator.py for tasks to queue
[2026-04-27T23:42:11.646+0000] {logging_mixin.py:188} INFO - [2026-04-27T23:42:11.646+0000] {dagbag.py:540} INFO - Filling up the DagBag from /home/airflow/.local/lib/python3.12/site-packages/airflow/example_dags/example_subdag_operator.py
[2026-04-27T23:42:11.675+0000] {processor.py:840} INFO - DAG(s) 'example_subdag_operator.section-1', 'example_subdag_operator.section-2', 'example_subdag_operator' retrieved from /home/airflow/.local/lib/python3.12/site-packages/airflow/example_dags/example_subdag_operator.py
[2026-04-27T23:42:11.695+0000] {logging_mixin.py:188} INFO - [2026-04-27T23:42:11.695+0000] {dag.py:3096} INFO - Sync 3 DAGs
[2026-04-27T23:42:11.721+0000] {logging_mixin.py:188} INFO - [2026-04-27T23:42:11.721+0000] {dag.py:3954} INFO - Setting next_dagrun for example_subdag_operator to 2022-01-01 00:00:00+00:00, run_after=2022-01-01 00:00:00+00:00
[2026-04-27T23:42:11.863+0000] {logging_mixin.py:188} INFO - [2026-04-27T23:42:11.863+0000] {dag.py:3954} INFO - Setting next_dagrun for example_subdag_operator.section-1 to None, run_after=None
[2026-04-27T23:42:11.865+0000] {logging_mixin.py:188} INFO - [2026-04-27T23:42:11.865+0000] {dag.py:3954} INFO - Setting next_dagrun for example_subdag_operator.section-2 to None, run_after=None
[2026-04-27T23:42:11.873+0000] {logging_mixin.py:188} INFO - [2026-04-27T23:42:11.872+0000] {dag.py:3096} INFO - Sync 2 DAGs
[2026-04-27T23:42:11.878+0000] {logging_mixin.py:188} INFO - [2026-04-27T23:42:11.878+0000] {dag.py:3954} INFO - Setting next_dagrun for example_subdag_operator.section-1 to None, run_after=None
[2026-04-27T23:42:11.879+0000] {logging_mixin.py:188} INFO - [2026-04-27T23:42:11.879+0000] {dag.py:3954} INFO - Setting next_dagrun for example_subdag_operator.section-2 to None, run_after=None
[2026-04-27T23:42:11.893+0000] {processor.py:183} INFO - Processing /home/airflow/.local/lib/python3.12/site-packages/airflow/example_dags/example_subdag_operator.py took 0.258 seconds
[2026-04-27T23:42:42.042+0000] {processor.py:161} INFO - Started process (PID=1422) to work on /home/airflow/.local/lib/python3.12/site-packages/airflow/example_dags/example_subdag_operator.py
[2026-04-27T23:42:42.044+0000] {processor.py:830} INFO - Processing file /home/airflow/.local/lib/python3.12/site-packages/airflow/example_dags/example_subdag_operator.py for tasks to queue
[2026-04-27T23:42:42.046+0000] {logging_mixin.py:188} INFO - [2026-04-27T23:42:42.046+0000] {dagbag.py:540} INFO - Filling up the DagBag from /home/airflow/.local/lib/python3.12/site-packages/airflow/example_dags/example_subdag_operator.py
[2026-04-27T23:42:42.072+0000] {processor.py:840} INFO - DAG(s) 'example_subdag_operator.section-1', 'example_subdag_operator.section-2', 'example_subdag_operator' retrieved from /home/airflow/.local/lib/python3.12/site-packages/airflow/example_dags/example_subdag_operator.py
[2026-04-27T23:42:42.088+0000] {logging_mixin.py:188} INFO - [2026-04-27T23:42:42.088+0000] {dag.py:3096} INFO - Sync 3 DAGs
[2026-04-27T23:42:42.113+0000] {logging_mixin.py:188} INFO - [2026-04-27T23:42:42.113+0000] {dag.py:3954} INFO - Setting next_dagrun for example_subdag_operator to 2022-01-01 00:00:00+00:00, run_after=2022-01-01 00:00:00+00:00
[2026-04-27T23:42:42.117+0000] {logging_mixin.py:188} INFO - [2026-04-27T23:42:42.117+0000] {dag.py:3954} INFO - Setting next_dagrun for example_subdag_operator.section-1 to None, run_after=None
[2026-04-27T23:42:42.119+0000] {logging_mixin.py:188} INFO - [2026-04-27T23:42:42.118+0000] {dag.py:3954} INFO - Setting next_dagrun for example_subdag_operator.section-2 to None, run_after=None
[2026-04-27T23:42:42.126+0000] {logging_mixin.py:188} INFO - [2026-04-27T23:42:42.126+0000] {dag.py:3096} INFO - Sync 2 DAGs
[2026-04-27T23:42:42.131+0000] {logging_mixin.py:188} INFO - [2026-04-27T23:42:42.131+0000] {dag.py:3954} INFO - Setting next_dagrun for example_subdag_operator.section-1 to None, run_after=None
[2026-04-27T23:42:42.132+0000] {logging_mixin.py:188} INFO - [2026-04-27T23:42:42.131+0000] {dag.py:3954} INFO - Setting next_dagrun for example_subdag_operator.section-2 to None, run_after=None
[2026-04-27T23:42:42.145+0000] {processor.py:183} INFO - Processing /home/airflow/.local/lib/python3.12/site-packages/airflow/example_dags/example_subdag_operator.py took 0.110 seconds
[2026-04-27T23:43:12.587+0000] {processor.py:161} INFO - Started process (PID=1481) to work on /home/airflow/.local/lib/python3.12/site-packages/airflow/example_dags/example_subdag_operator.py
[2026-04-27T23:43:12.588+0000] {processor.py:830} INFO - Processing file /home/airflow/.local/lib/python3.12/site-packages/airflow/example_dags/example_subdag_operator.py for tasks to queue
[2026-04-27T23:43:12.590+0000] {logging_mixin.py:188} INFO - [2026-04-27T23:43:12.590+0000] {dagbag.py:540} INFO - Filling up the DagBag from /home/airflow/.local/lib/python3.12/site-packages/airflow/example_dags/example_subdag_operator.py
[2026-04-27T23:43:12.616+0000] {processor.py:840} INFO - DAG(s) 'example_subdag_operator.section-1', 'example_subdag_operator.section-2', 'example_subdag_operator' retrieved from /home/airflow/.local/lib/python3.12/site-packages/airflow/example_dags/example_subdag_operator.py
[2026-04-27T23:43:12.632+0000] {logging_mixin.py:188} INFO - [2026-04-27T23:43:12.631+0000] {dag.py:3096} INFO - Sync 3 DAGs
[2026-04-27T23:43:12.654+0000] {logging_mixin.py:188} INFO - [2026-04-27T23:43:12.653+0000] {dag.py:3954} INFO - Setting next_dagrun for example_subdag_operator to 2022-01-01 00:00:00+00:00, run_after=2022-01-01 00:00:00+00:00
[2026-04-27T23:43:12.658+0000] {logging_mixin.py:188} INFO - [2026-04-27T23:43:12.657+0000] {dag.py:3954} INFO - Setting next_dagrun for example_subdag_operator.section-1 to None, run_after=None
[2026-04-27T23:43:12.659+0000] {logging_mixin.py:188} INFO - [2026-04-27T23:43:12.659+0000] {dag.py:3954} INFO - Setting next_dagrun for example_subdag_operator.section-2 to None, run_after=None
[2026-04-27T23:43:12.667+0000] {logging_mixin.py:188} INFO - [2026-04-27T23:43:12.667+0000] {dag.py:3096} INFO - Sync 2 DAGs
[2026-04-27T23:43:12.673+0000] {logging_mixin.py:188} INFO - [2026-04-27T23:43:12.672+0000] {dag.py:3954} INFO - Setting next_dagrun for example_subdag_operator.section-1 to None, run_after=None
[2026-04-27T23:43:12.673+0000] {logging_mixin.py:188} INFO - [2026-04-27T23:43:12.673+0000] {dag.py:3954} INFO - Setting next_dagrun for example_subdag_operator.section-2 to None, run_after=None
[2026-04-27T23:43:12.688+0000] {processor.py:183} INFO - Processing /home/airflow/.local/lib/python3.12/site-packages/airflow/example_dags/example_subdag_operator.py took 0.108 seconds
[2026-04-27T23:43:43.020+0000] {processor.py:161} INFO - Started process (PID=1540) to work on /home/airflow/.local/lib/python3.12/site-packages/airflow/example_dags/example_subdag_operator.py
[2026-04-27T23:43:43.021+0000] {processor.py:830} INFO - Processing file /home/airflow/.local/lib/python3.12/site-packages/airflow/example_dags/example_subdag_operator.py for tasks to queue
[2026-04-27T23:43:43.025+0000] {logging_mixin.py:188} INFO - [2026-04-27T23:43:43.024+0000] {dagbag.py:540} INFO - Filling up the DagBag from /home/airflow/.local/lib/python3.12/site-packages/airflow/example_dags/example_subdag_operator.py
[2026-04-27T23:43:43.057+0000] {processor.py:840} INFO - DAG(s) 'example_subdag_operator.section-1', 'example_subdag_operator.section-2', 'example_subdag_operator' retrieved from /home/airflow/.local/lib/python3.12/site-packages/airflow/example_dags/example_subdag_operator.py
[2026-04-27T23:43:43.074+0000] {logging_mixin.py:188} INFO - [2026-04-27T23:43:43.074+0000] {dag.py:3096} INFO - Sync 3 DAGs
[2026-04-27T23:43:43.096+0000] {logging_mixin.py:188} INFO - [2026-04-27T23:43:43.096+0000] {dag.py:3954} INFO - Setting next_dagrun for example_subdag_operator to 2022-01-01 00:00:00+00:00, run_after=2022-01-01 00:00:00+00:00
[2026-04-27T23:43:43.101+0000] {logging_mixin.py:188} INFO - [2026-04-27T23:43:43.101+0000] {dag.py:3954} INFO - Setting next_dagrun for example_subdag_operator.section-1 to None, run_after=None
[2026-04-27T23:43:43.103+0000] {logging_mixin.py:188} INFO - [2026-04-27T23:43:43.103+0000] {dag.py:3954} INFO - Setting next_dagrun for example_subdag_operator.section-2 to None, run_after=None
[2026-04-27T23:43:43.111+0000] {logging_mixin.py:188} INFO - [2026-04-27T23:43:43.111+0000] {dag.py:3096} INFO - Sync 2 DAGs
[2026-04-27T23:43:43.117+0000] {logging_mixin.py:188} INFO - [2026-04-27T23:43:43.117+0000] {dag.py:3954} INFO - Setting next_dagrun for example_subdag_operator.section-1 to None, run_after=None
[2026-04-27T23:43:43.118+0000] {logging_mixin.py:188} INFO - [2026-04-27T23:43:43.118+0000] {dag.py:3954} INFO - Setting next_dagrun for example_subdag_operator.section-2 to None, run_after=None
[2026-04-27T23:43:43.139+0000] {processor.py:183} INFO - Processing /home/airflow/.local/lib/python3.12/site-packages/airflow/example_dags/example_subdag_operator.py took 0.128 seconds
[2026-04-27T23:44:13.287+0000] {processor.py:161} INFO - Started process (PID=1599) to work on /home/airflow/.local/lib/python3.12/site-packages/airflow/example_dags/example_subdag_operator.py
[2026-04-27T23:44:13.288+0000] {processor.py:830} INFO - Processing file /home/airflow/.local/lib/python3.12/site-packages/airflow/example_dags/example_subdag_operator.py for tasks to queue
[2026-04-27T23:44:13.290+0000] {logging_mixin.py:188} INFO - [2026-04-27T23:44:13.290+0000] {dagbag.py:540} INFO - Filling up the DagBag from /home/airflow/.local/lib/python3.12/site-packages/airflow/example_dags/example_subdag_operator.py
[2026-04-27T23:44:13.320+0000] {processor.py:840} INFO - DAG(s) 'example_subdag_operator.section-1', 'example_subdag_operator.section-2', 'example_subdag_operator' retrieved from /home/airflow/.local/lib/python3.12/site-packages/airflow/example_dags/example_subdag_operator.py
[2026-04-27T23:44:13.339+0000] {logging_mixin.py:188} INFO - [2026-04-27T23:44:13.339+0000] {dag.py:3096} INFO - Sync 3 DAGs
[2026-04-27T23:44:13.363+0000] {logging_mixin.py:188} INFO - [2026-04-27T23:44:13.363+0000] {dag.py:3954} INFO - Setting next_dagrun for example_subdag_operator to 2022-01-01 00:00:00+00:00, run_after=2022-01-01 00:00:00+00:00
[2026-04-27T23:44:13.368+0000] {logging_mixin.py:188} INFO - [2026-04-27T23:44:13.368+0000] {dag.py:3954} INFO - Setting next_dagrun for example_subdag_operator.section-1 to None, run_after=None
[2026-04-27T23:44:13.370+0000] {logging_mixin.py:188} INFO - [2026-04-27T23:44:13.370+0000] {dag.py:3954} INFO - Setting next_dagrun for example_subdag_operator.section-2 to None, run_after=None
[2026-04-27T23:44:13.378+0000] {logging_mixin.py:188} INFO - [2026-04-27T23:44:13.378+0000] {dag.py:3096} INFO - Sync 2 DAGs
[2026-04-27T23:44:13.447+0000] {logging_mixin.py:188} INFO - [2026-04-27T23:44:13.447+0000] {dag.py:3954} INFO - Setting next_dagrun for example_subdag_operator.section-1 to None, run_after=None
[2026-04-27T23:44:13.448+0000] {logging_mixin.py:188} INFO - [2026-04-27T23:44:13.448+0000] {dag.py:3954} INFO - Setting next_dagrun for example_subdag_operator.section-2 to None, run_after=None
[2026-04-27T23:44:13.463+0000] {processor.py:183} INFO - Processing /home/airflow/.local/lib/python3.12/site-packages/airflow/example_dags/example_subdag_operator.py took 0.184 seconds
[2026-04-27T23:44:44.063+0000] {processor.py:161} INFO - Started process (PID=1658) to work on /home/airflow/.local/lib/python3.12/site-packages/airflow/example_dags/example_subdag_operator.py
[2026-04-27T23:44:44.064+0000] {processor.py:830} INFO - Processing file /home/airflow/.local/lib/python3.12/site-packages/airflow/example_dags/example_subdag_operator.py for tasks to queue
[2026-04-27T23:44:44.066+0000] {logging_mixin.py:188} INFO - [2026-04-27T23:44:44.066+0000] {dagbag.py:540} INFO - Filling up the DagBag from /home/airflow/.local/lib/python3.12/site-packages/airflow/example_dags/example_subdag_operator.py
[2026-04-27T23:44:44.094+0000] {processor.py:840} INFO - DAG(s) 'example_subdag_operator.section-1', 'example_subdag_operator.section-2', 'example_subdag_operator' retrieved from /home/airflow/.local/lib/python3.12/site-packages/airflow/example_dags/example_subdag_operator.py
[2026-04-27T23:44:44.111+0000] {logging_mixin.py:188} INFO - [2026-04-27T23:44:44.111+0000] {dag.py:3096} INFO - Sync 3 DAGs
[2026-04-27T23:44:44.133+0000] {logging_mixin.py:188} INFO - [2026-04-27T23:44:44.133+0000] {dag.py:3954} INFO - Setting next_dagrun for example_subdag_operator to 2022-01-01 00:00:00+00:00, run_after=2022-01-01 00:00:00+00:00
[2026-04-27T23:44:44.137+0000] {logging_mixin.py:188} INFO - [2026-04-27T23:44:44.137+0000] {dag.py:3954} INFO - Setting next_dagrun for example_subdag_operator.section-1 to None, run_after=None
[2026-04-27T23:44:44.139+0000] {logging_mixin.py:188} INFO - [2026-04-27T23:44:44.138+0000] {dag.py:3954} INFO - Setting next_dagrun for example_subdag_operator.section-2 to None, run_after=None
[2026-04-27T23:44:44.146+0000] {logging_mixin.py:188} INFO - [2026-04-27T23:44:44.146+0000] {dag.py:3096} INFO - Sync 2 DAGs
[2026-04-27T23:44:44.151+0000] {logging_mixin.py:188} INFO - [2026-04-27T23:44:44.151+0000] {dag.py:3954} INFO - Setting next_dagrun for example_subdag_operator.section-1 to None, run_after=None
[2026-04-27T23:44:44.152+0000] {logging_mixin.py:188} INFO - [2026-04-27T23:44:44.152+0000] {dag.py:3954} INFO - Setting next_dagrun for example_subdag_operator.section-2 to None, run_after=None
[2026-04-27T23:44:44.165+0000] {processor.py:183} INFO - Processing /home/airflow/.local/lib/python3.12/site-packages/airflow/example_dags/example_subdag_operator.py took 0.109 seconds
[2026-04-27T23:45:14.370+0000] {processor.py:161} INFO - Started process (PID=1717) to work on /home/airflow/.local/lib/python3.12/site-packages/airflow/example_dags/example_subdag_operator.py
[2026-04-27T23:45:14.371+0000] {processor.py:830} INFO - Processing file /home/airflow/.local/lib/python3.12/site-packages/airflow/example_dags/example_subdag_operator.py for tasks to queue
[2026-04-27T23:45:14.375+0000] {logging_mixin.py:188} INFO - [2026-04-27T23:45:14.374+0000] {dagbag.py:540} INFO - Filling up the DagBag from /home/airflow/.local/lib/python3.12/site-packages/airflow/example_dags/example_subdag_operator.py
[2026-04-27T23:45:14.425+0000] {processor.py:840} INFO - DAG(s) 'example_subdag_operator.section-1', 'example_subdag_operator.section-2', 'example_subdag_operator' retrieved from /home/airflow/.local/lib/python3.12/site-packages/airflow/example_dags/example_subdag_operator.py
[2026-04-27T23:45:14.469+0000] {logging_mixin.py:188} INFO - [2026-04-27T23:45:14.469+0000] {dag.py:3096} INFO - Sync 3 DAGs
[2026-04-27T23:45:14.510+0000] {logging_mixin.py:188} INFO - [2026-04-27T23:45:14.509+0000] {dag.py:3954} INFO - Setting next_dagrun for example_subdag_operator to 2022-01-01 00:00:00+00:00, run_after=2022-01-01 00:00:00+00:00
[2026-04-27T23:45:14.515+0000] {logging_mixin.py:188} INFO - [2026-04-27T23:45:14.514+0000] {dag.py:3954} INFO - Setting next_dagrun for example_subdag_operator.section-1 to None, run_after=None
[2026-04-27T23:45:14.517+0000] {logging_mixin.py:188} INFO - [2026-04-27T23:45:14.517+0000] {dag.py:3954} INFO - Setting next_dagrun for example_subdag_operator.section-2 to None, run_after=None
[2026-04-27T23:45:14.527+0000] {logging_mixin.py:188} INFO - [2026-04-27T23:45:14.527+0000] {dag.py:3096} INFO - Sync 2 DAGs
[2026-04-27T23:45:14.534+0000] {logging_mixin.py:188} INFO - [2026-04-27T23:45:14.534+0000] {dag.py:3954} INFO - Setting next_dagrun for example_subdag_operator.section-1 to None, run_after=None
[2026-04-27T23:45:14.535+0000] {logging_mixin.py:188} INFO - [2026-04-27T23:45:14.535+0000] {dag.py:3954} INFO - Setting next_dagrun for example_subdag_operator.section-2 to None, run_after=None
[2026-04-27T23:45:14.550+0000] {processor.py:183} INFO - Processing /home/airflow/.local/lib/python3.12/site-packages/airflow/example_dags/example_subdag_operator.py took 0.189 seconds
[2026-04-27T23:45:45.459+0000] {processor.py:161} INFO - Started process (PID=1776) to work on /home/airflow/.local/lib/python3.12/site-packages/airflow/example_dags/example_subdag_operator.py
[2026-04-27T23:45:45.461+0000] {processor.py:830} INFO - Processing file /home/airflow/.local/lib/python3.12/site-packages/airflow/example_dags/example_subdag_operator.py for tasks to queue
[2026-04-27T23:45:45.463+0000] {logging_mixin.py:188} INFO - [2026-04-27T23:45:45.463+0000] {dagbag.py:540} INFO - Filling up the DagBag from /home/airflow/.local/lib/python3.12/site-packages/airflow/example_dags/example_subdag_operator.py
[2026-04-27T23:45:45.491+0000] {processor.py:840} INFO - DAG(s) 'example_subdag_operator.section-1', 'example_subdag_operator.section-2', 'example_subdag_operator' retrieved from /home/airflow/.local/lib/python3.12/site-packages/airflow/example_dags/example_subdag_operator.py
[2026-04-27T23:45:45.509+0000] {logging_mixin.py:188} INFO - [2026-04-27T23:45:45.509+0000] {dag.py:3096} INFO - Sync 3 DAGs
[2026-04-27T23:45:45.540+0000] {logging_mixin.py:188} INFO - [2026-04-27T23:45:45.540+0000] {dag.py:3954} INFO - Setting next_dagrun for example_subdag_operator to 2022-01-01 00:00:00+00:00, run_after=2022-01-01 00:00:00+00:00
[2026-04-27T23:45:45.544+0000] {logging_mixin.py:188} INFO - [2026-04-27T23:45:45.544+0000] {dag.py:3954} INFO - Setting next_dagrun for example_subdag_operator.section-1 to None, run_after=None
[2026-04-27T23:45:45.546+0000] {logging_mixin.py:188} INFO - [2026-04-27T23:45:45.546+0000] {dag.py:3954} INFO - Setting next_dagrun for example_subdag_operator.section-2 to None, run_after=None
[2026-04-27T23:45:45.554+0000] {logging_mixin.py:188} INFO - [2026-04-27T23:45:45.554+0000] {dag.py:3096} INFO - Sync 2 DAGs
[2026-04-27T23:45:45.560+0000] {logging_mixin.py:188} INFO - [2026-04-27T23:45:45.560+0000] {dag.py:3954} INFO - Setting next_dagrun for example_subdag_operator.section-1 to None, run_after=None
[2026-04-27T23:45:45.561+0000] {logging_mixin.py:188} INFO - [2026-04-27T23:45:45.561+0000] {dag.py:3954} INFO - Setting next_dagrun for example_subdag_operator.section-2 to None, run_after=None
[2026-04-27T23:45:45.573+0000] {processor.py:183} INFO - Processing /home/airflow/.local/lib/python3.12/site-packages/airflow/example_dags/example_subdag_operator.py took 0.123 seconds
[2026-04-27T23:46:16.186+0000] {processor.py:161} INFO - Started process (PID=1835) to work on /home/airflow/.local/lib/python3.12/site-packages/airflow/example_dags/example_subdag_operator.py
[2026-04-27T23:46:16.188+0000] {processor.py:830} INFO - Processing file /home/airflow/.local/lib/python3.12/site-packages/airflow/example_dags/example_subdag_operator.py for tasks to queue
[2026-04-27T23:46:16.191+0000] {logging_mixin.py:188} INFO - [2026-04-27T23:46:16.191+0000] {dagbag.py:540} INFO - Filling up the DagBag from /home/airflow/.local/lib/python3.12/site-packages/airflow/example_dags/example_subdag_operator.py
[2026-04-27T23:46:16.239+0000] {processor.py:840} INFO - DAG(s) 'example_subdag_operator.section-1', 'example_subdag_operator.section-2', 'example_subdag_operator' retrieved from /home/airflow/.local/lib/python3.12/site-packages/airflow/example_dags/example_subdag_operator.py
[2026-04-27T23:46:16.271+0000] {logging_mixin.py:188} INFO - [2026-04-27T23:46:16.271+0000] {dag.py:3096} INFO - Sync 3 DAGs
[2026-04-27T23:46:16.299+0000] {logging_mixin.py:188} INFO - [2026-04-27T23:46:16.299+0000] {dag.py:3954} INFO - Setting next_dagrun for example_subdag_operator to 2022-01-01 00:00:00+00:00, run_after=2022-01-01 00:00:00+00:00
[2026-04-27T23:46:16.331+0000] {logging_mixin.py:188} INFO - [2026-04-27T23:46:16.330+0000] {dag.py:3954} INFO - Setting next_dagrun for example_subdag_operator.section-1 to None, run_after=None
[2026-04-27T23:46:16.336+0000] {logging_mixin.py:188} INFO - [2026-04-27T23:46:16.335+0000] {dag.py:3954} INFO - Setting next_dagrun for example_subdag_operator.section-2 to None, run_after=None
[2026-04-27T23:46:16.354+0000] {logging_mixin.py:188} INFO - [2026-04-27T23:46:16.354+0000] {dag.py:3096} INFO - Sync 2 DAGs
[2026-04-27T23:46:16.364+0000] {logging_mixin.py:188} INFO - [2026-04-27T23:46:16.364+0000] {dag.py:3954} INFO - Setting next_dagrun for example_subdag_operator.section-1 to None, run_after=None
[2026-04-27T23:46:16.365+0000] {logging_mixin.py:188} INFO - [2026-04-27T23:46:16.365+0000] {dag.py:3954} INFO - Setting next_dagrun for example_subdag_operator.section-2 to None, run_after=None
[2026-04-27T23:46:16.380+0000] {processor.py:183} INFO - Processing /home/airflow/.local/lib/python3.12/site-packages/airflow/example_dags/example_subdag_operator.py took 0.206 seconds
[2026-04-27T23:46:46.842+0000] {processor.py:161} INFO - Started process (PID=1894) to work on /home/airflow/.local/lib/python3.12/site-packages/airflow/example_dags/example_subdag_operator.py
[2026-04-27T23:46:46.845+0000] {processor.py:830} INFO - Processing file /home/airflow/.local/lib/python3.12/site-packages/airflow/example_dags/example_subdag_operator.py for tasks to queue
[2026-04-27T23:46:46.850+0000] {logging_mixin.py:188} INFO - [2026-04-27T23:46:46.849+0000] {dagbag.py:540} INFO - Filling up the DagBag from /home/airflow/.local/lib/python3.12/site-packages/airflow/example_dags/example_subdag_operator.py
[2026-04-27T23:46:46.890+0000] {processor.py:840} INFO - DAG(s) 'example_subdag_operator.section-1', 'example_subdag_operator.section-2', 'example_subdag_operator' retrieved from /home/airflow/.local/lib/python3.12/site-packages/airflow/example_dags/example_subdag_operator.py
[2026-04-27T23:46:46.914+0000] {logging_mixin.py:188} INFO - [2026-04-27T23:46:46.914+0000] {dag.py:3096} INFO - Sync 3 DAGs
[2026-04-27T23:46:46.940+0000] {logging_mixin.py:188} INFO - [2026-04-27T23:46:46.940+0000] {dag.py:3954} INFO - Setting next_dagrun for example_subdag_operator to 2022-01-01 00:00:00+00:00, run_after=2022-01-01 00:00:00+00:00
[2026-04-27T23:46:46.945+0000] {logging_mixin.py:188} INFO - [2026-04-27T23:46:46.945+0000] {dag.py:3954} INFO - Setting next_dagrun for example_subdag_operator.section-1 to None, run_after=None
[2026-04-27T23:46:46.947+0000] {logging_mixin.py:188} INFO - [2026-04-27T23:46:46.947+0000] {dag.py:3954} INFO - Setting next_dagrun for example_subdag_operator.section-2 to None, run_after=None
[2026-04-27T23:46:46.965+0000] {logging_mixin.py:188} INFO - [2026-04-27T23:46:46.965+0000] {dag.py:3096} INFO - Sync 2 DAGs
[2026-04-27T23:46:46.971+0000] {logging_mixin.py:188} INFO - [2026-04-27T23:46:46.971+0000] {dag.py:3954} INFO - Setting next_dagrun for example_subdag_operator.section-1 to None, run_after=None
[2026-04-27T23:46:46.971+0000] {logging_mixin.py:188} INFO - [2026-04-27T23:46:46.971+0000] {dag.py:3954} INFO - Setting next_dagrun for example_subdag_operator.section-2 to None, run_after=None
[2026-04-27T23:46:47.029+0000] {processor.py:183} INFO - Processing /home/airflow/.local/lib/python3.12/site-packages/airflow/example_dags/example_subdag_operator.py took 0.198 seconds
[2026-04-27T23:47:17.182+0000] {processor.py:161} INFO - Started process (PID=1953) to work on /home/airflow/.local/lib/python3.12/site-packages/airflow/example_dags/example_subdag_operator.py
[2026-04-27T23:47:17.183+0000] {processor.py:830} INFO - Processing file /home/airflow/.local/lib/python3.12/site-packages/airflow/example_dags/example_subdag_operator.py for tasks to queue
[2026-04-27T23:47:17.186+0000] {logging_mixin.py:188} INFO - [2026-04-27T23:47:17.185+0000] {dagbag.py:540} INFO - Filling up the DagBag from /home/airflow/.local/lib/python3.12/site-packages/airflow/example_dags/example_subdag_operator.py
[2026-04-27T23:47:17.241+0000] {processor.py:840} INFO - DAG(s) 'example_subdag_operator.section-1', 'example_subdag_operator.section-2', 'example_subdag_operator' retrieved from /home/airflow/.local/lib/python3.12/site-packages/airflow/example_dags/example_subdag_operator.py
[2026-04-27T23:47:17.262+0000] {logging_mixin.py:188} INFO - [2026-04-27T23:47:17.262+0000] {dag.py:3096} INFO - Sync 3 DAGs
[2026-04-27T23:47:17.290+0000] {logging_mixin.py:188} INFO - [2026-04-27T23:47:17.289+0000] {dag.py:3954} INFO - Setting next_dagrun for example_subdag_operator to 2022-01-01 00:00:00+00:00, run_after=2022-01-01 00:00:00+00:00
[2026-04-27T23:47:17.294+0000] {logging_mixin.py:188} INFO - [2026-04-27T23:47:17.294+0000] {dag.py:3954} INFO - Setting next_dagrun for example_subdag_operator.section-1 to None, run_after=None
[2026-04-27T23:47:17.296+0000] {logging_mixin.py:188} INFO - [2026-04-27T23:47:17.295+0000] {dag.py:3954} INFO - Setting next_dagrun for example_subdag_operator.section-2 to None, run_after=None
[2026-04-27T23:47:17.304+0000] {logging_mixin.py:188} INFO - [2026-04-27T23:47:17.304+0000] {dag.py:3096} INFO - Sync 2 DAGs
[2026-04-27T23:47:17.310+0000] {logging_mixin.py:188} INFO - [2026-04-27T23:47:17.309+0000] {dag.py:3954} INFO - Setting next_dagrun for example_subdag_operator.section-1 to None, run_after=None
[2026-04-27T23:47:17.311+0000] {logging_mixin.py:188} INFO - [2026-04-27T23:47:17.310+0000] {dag.py:3954} INFO - Setting next_dagrun for example_subdag_operator.section-2 to None, run_after=None
[2026-04-27T23:47:17.326+0000] {processor.py:183} INFO - Processing /home/airflow/.local/lib/python3.12/site-packages/airflow/example_dags/example_subdag_operator.py took 0.153 seconds
[2026-04-27T23:47:48.159+0000] {processor.py:161} INFO - Started process (PID=2012) to work on /home/airflow/.local/lib/python3.12/site-packages/airflow/example_dags/example_subdag_operator.py
[2026-04-27T23:47:48.161+0000] {processor.py:830} INFO - Processing file /home/airflow/.local/lib/python3.12/site-packages/airflow/example_dags/example_subdag_operator.py for tasks to queue
[2026-04-27T23:47:48.165+0000] {logging_mixin.py:188} INFO - [2026-04-27T23:47:48.165+0000] {dagbag.py:540} INFO - Filling up the DagBag from /home/airflow/.local/lib/python3.12/site-packages/airflow/example_dags/example_subdag_operator.py
[2026-04-27T23:47:48.201+0000] {processor.py:840} INFO - DAG(s) 'example_subdag_operator.section-1', 'example_subdag_operator.section-2', 'example_subdag_operator' retrieved from /home/airflow/.local/lib/python3.12/site-packages/airflow/example_dags/example_subdag_operator.py
[2026-04-27T23:47:48.319+0000] {logging_mixin.py:188} INFO - [2026-04-27T23:47:48.319+0000] {dag.py:3096} INFO - Sync 3 DAGs
[2026-04-27T23:47:48.339+0000] {logging_mixin.py:188} INFO - [2026-04-27T23:47:48.338+0000] {dag.py:3954} INFO - Setting next_dagrun for example_subdag_operator to 2022-01-01 00:00:00+00:00, run_after=2022-01-01 00:00:00+00:00
[2026-04-27T23:47:48.342+0000] {logging_mixin.py:188} INFO - [2026-04-27T23:47:48.342+0000] {dag.py:3954} INFO - Setting next_dagrun for example_subdag_operator.section-1 to None, run_after=None
[2026-04-27T23:47:48.344+0000] {logging_mixin.py:188} INFO - [2026-04-27T23:47:48.343+0000] {dag.py:3954} INFO - Setting next_dagrun for example_subdag_operator.section-2 to None, run_after=None
[2026-04-27T23:47:48.353+0000] {logging_mixin.py:188} INFO - [2026-04-27T23:47:48.353+0000] {dag.py:3096} INFO - Sync 2 DAGs
[2026-04-27T23:47:48.359+0000] {logging_mixin.py:188} INFO - [2026-04-27T23:47:48.358+0000] {dag.py:3954} INFO - Setting next_dagrun for example_subdag_operator.section-1 to None, run_after=None
[2026-04-27T23:47:48.359+0000] {logging_mixin.py:188} INFO - [2026-04-27T23:47:48.359+0000] {dag.py:3954} INFO - Setting next_dagrun for example_subdag_operator.section-2 to None, run_after=None
[2026-04-27T23:47:48.393+0000] {processor.py:183} INFO - Processing /home/airflow/.local/lib/python3.12/site-packages/airflow/example_dags/example_subdag_operator.py took 0.241 seconds
[2026-04-27T23:48:18.492+0000] {processor.py:161} INFO - Started process (PID=2071) to work on /home/airflow/.local/lib/python3.12/site-packages/airflow/example_dags/example_subdag_operator.py
[2026-04-27T23:48:18.493+0000] {processor.py:830} INFO - Processing file /home/airflow/.local/lib/python3.12/site-packages/airflow/example_dags/example_subdag_operator.py for tasks to queue
[2026-04-27T23:48:18.496+0000] {logging_mixin.py:188} INFO - [2026-04-27T23:48:18.495+0000] {dagbag.py:540} INFO - Filling up the DagBag from /home/airflow/.local/lib/python3.12/site-packages/airflow/example_dags/example_subdag_operator.py
[2026-04-27T23:48:18.523+0000] {processor.py:840} INFO - DAG(s) 'example_subdag_operator.section-1', 'example_subdag_operator.section-2', 'example_subdag_operator' retrieved from /home/airflow/.local/lib/python3.12/site-packages/airflow/example_dags/example_subdag_operator.py
[2026-04-27T23:48:18.541+0000] {logging_mixin.py:188} INFO - [2026-04-27T23:48:18.541+0000] {dag.py:3096} INFO - Sync 3 DAGs
[2026-04-27T23:48:18.569+0000] {logging_mixin.py:188} INFO - [2026-04-27T23:48:18.568+0000] {dag.py:3954} INFO - Setting next_dagrun for example_subdag_operator to 2022-01-01 00:00:00+00:00, run_after=2022-01-01 00:00:00+00:00
[2026-04-27T23:48:18.574+0000] {logging_mixin.py:188} INFO - [2026-04-27T23:48:18.574+0000] {dag.py:3954} INFO - Setting next_dagrun for example_subdag_operator.section-1 to None, run_after=None
[2026-04-27T23:48:18.579+0000] {logging_mixin.py:188} INFO - [2026-04-27T23:48:18.578+0000] {dag.py:3954} INFO - Setting next_dagrun for example_subdag_operator.section-2 to None, run_after=None
[2026-04-27T23:48:18.591+0000] {logging_mixin.py:188} INFO - [2026-04-27T23:48:18.591+0000] {dag.py:3096} INFO - Sync 2 DAGs
[2026-04-27T23:48:18.598+0000] {logging_mixin.py:188} INFO - [2026-04-27T23:48:18.598+0000] {dag.py:3954} INFO - Setting next_dagrun for example_subdag_operator.section-1 to None, run_after=None
[2026-04-27T23:48:18.599+0000] {logging_mixin.py:188} INFO - [2026-04-27T23:48:18.599+0000] {dag.py:3954} INFO - Setting next_dagrun for example_subdag_operator.section-2 to None, run_after=None
[2026-04-27T23:48:18.616+0000] {processor.py:183} INFO - Processing /home/airflow/.local/lib/python3.12/site-packages/airflow/example_dags/example_subdag_operator.py took 0.131 seconds
[2026-04-27T23:48:48.979+0000] {processor.py:161} INFO - Started process (PID=2130) to work on /home/airflow/.local/lib/python3.12/site-packages/airflow/example_dags/example_subdag_operator.py
[2026-04-27T23:48:48.982+0000] {processor.py:830} INFO - Processing file /home/airflow/.local/lib/python3.12/site-packages/airflow/example_dags/example_subdag_operator.py for tasks to queue
[2026-04-27T23:48:48.985+0000] {logging_mixin.py:188} INFO - [2026-04-27T23:48:48.985+0000] {dagbag.py:540} INFO - Filling up the DagBag from /home/airflow/.local/lib/python3.12/site-packages/airflow/example_dags/example_subdag_operator.py
[2026-04-27T23:48:49.020+0000] {processor.py:840} INFO - DAG(s) 'example_subdag_operator.section-1', 'example_subdag_operator.section-2', 'example_subdag_operator' retrieved from /home/airflow/.local/lib/python3.12/site-packages/airflow/example_dags/example_subdag_operator.py
[2026-04-27T23:48:49.042+0000] {logging_mixin.py:188} INFO - [2026-04-27T23:48:49.042+0000] {dag.py:3096} INFO - Sync 3 DAGs
[2026-04-27T23:48:49.067+0000] {logging_mixin.py:188} INFO - [2026-04-27T23:48:49.066+0000] {dag.py:3954} INFO - Setting next_dagrun for example_subdag_operator to 2022-01-01 00:00:00+00:00, run_after=2022-01-01 00:00:00+00:00
[2026-04-27T23:48:49.071+0000] {logging_mixin.py:188} INFO - [2026-04-27T23:48:49.071+0000] {dag.py:3954} INFO - Setting next_dagrun for example_subdag_operator.section-1 to None, run_after=None
[2026-04-27T23:48:49.073+0000] {logging_mixin.py:188} INFO - [2026-04-27T23:48:49.073+0000] {dag.py:3954} INFO - Setting next_dagrun for example_subdag_operator.section-2 to None, run_after=None
[2026-04-27T23:48:49.082+0000] {logging_mixin.py:188} INFO - [2026-04-27T23:48:49.081+0000] {dag.py:3096} INFO - Sync 2 DAGs
[2026-04-27T23:48:49.089+0000] {logging_mixin.py:188} INFO - [2026-04-27T23:48:49.089+0000] {dag.py:3954} INFO - Setting next_dagrun for example_subdag_operator.section-1 to None, run_after=None
[2026-04-27T23:48:49.090+0000] {logging_mixin.py:188} INFO - [2026-04-27T23:48:49.090+0000] {dag.py:3954} INFO - Setting next_dagrun for example_subdag_operator.section-2 to None, run_after=None
[2026-04-27T23:48:49.105+0000] {processor.py:183} INFO - Processing /home/airflow/.local/lib/python3.12/site-packages/airflow/example_dags/example_subdag_operator.py took 0.134 seconds
[2026-04-27T23:49:19.710+0000] {processor.py:161} INFO - Started process (PID=2189) to work on /home/airflow/.local/lib/python3.12/site-packages/airflow/example_dags/example_subdag_operator.py
[2026-04-27T23:49:19.712+0000] {processor.py:830} INFO - Processing file /home/airflow/.local/lib/python3.12/site-packages/airflow/example_dags/example_subdag_operator.py for tasks to queue
[2026-04-27T23:49:19.714+0000] {logging_mixin.py:188} INFO - [2026-04-27T23:49:19.714+0000] {dagbag.py:540} INFO - Filling up the DagBag from /home/airflow/.local/lib/python3.12/site-packages/airflow/example_dags/example_subdag_operator.py
[2026-04-27T23:49:19.740+0000] {processor.py:840} INFO - DAG(s) 'example_subdag_operator.section-1', 'example_subdag_operator.section-2', 'example_subdag_operator' retrieved from /home/airflow/.local/lib/python3.12/site-packages/airflow/example_dags/example_subdag_operator.py
[2026-04-27T23:49:19.756+0000] {logging_mixin.py:188} INFO - [2026-04-27T23:49:19.756+0000] {dag.py:3096} INFO - Sync 3 DAGs
[2026-04-27T23:49:19.779+0000] {logging_mixin.py:188} INFO - [2026-04-27T23:49:19.779+0000] {dag.py:3954} INFO - Setting next_dagrun for example_subdag_operator to 2022-01-01 00:00:00+00:00, run_after=2022-01-01 00:00:00+00:00
[2026-04-27T23:49:19.783+0000] {logging_mixin.py:188} INFO - [2026-04-27T23:49:19.783+0000] {dag.py:3954} INFO - Setting next_dagrun for example_subdag_operator.section-1 to None, run_after=None
[2026-04-27T23:49:19.785+0000] {logging_mixin.py:188} INFO - [2026-04-27T23:49:19.784+0000] {dag.py:3954} INFO - Setting next_dagrun for example_subdag_operator.section-2 to None, run_after=None
[2026-04-27T23:49:19.791+0000] {logging_mixin.py:188} INFO - [2026-04-27T23:49:19.791+0000] {dag.py:3096} INFO - Sync 2 DAGs
[2026-04-27T23:49:19.796+0000] {logging_mixin.py:188} INFO - [2026-04-27T23:49:19.796+0000] {dag.py:3954} INFO - Setting next_dagrun for example_subdag_operator.section-1 to None, run_after=None
[2026-04-27T23:49:19.797+0000] {logging_mixin.py:188} INFO - [2026-04-27T23:49:19.797+0000] {dag.py:3954} INFO - Setting next_dagrun for example_subdag_operator.section-2 to None, run_after=None
[2026-04-27T23:49:19.808+0000] {processor.py:183} INFO - Processing /home/airflow/.local/lib/python3.12/site-packages/airflow/example_dags/example_subdag_operator.py took 0.105 seconds
[2026-04-27T23:49:50.412+0000] {processor.py:161} INFO - Started process (PID=2248) to work on /home/airflow/.local/lib/python3.12/site-packages/airflow/example_dags/example_subdag_operator.py
[2026-04-27T23:49:50.413+0000] {processor.py:830} INFO - Processing file /home/airflow/.local/lib/python3.12/site-packages/airflow/example_dags/example_subdag_operator.py for tasks to queue
[2026-04-27T23:49:50.416+0000] {logging_mixin.py:188} INFO - [2026-04-27T23:49:50.415+0000] {dagbag.py:540} INFO - Filling up the DagBag from /home/airflow/.local/lib/python3.12/site-packages/airflow/example_dags/example_subdag_operator.py
[2026-04-27T23:49:50.441+0000] {processor.py:840} INFO - DAG(s) 'example_subdag_operator.section-1', 'example_subdag_operator.section-2', 'example_subdag_operator' retrieved from /home/airflow/.local/lib/python3.12/site-packages/airflow/example_dags/example_subdag_operator.py
[2026-04-27T23:49:50.457+0000] {logging_mixin.py:188} INFO - [2026-04-27T23:49:50.457+0000] {dag.py:3096} INFO - Sync 3 DAGs
[2026-04-27T23:49:50.479+0000] {logging_mixin.py:188} INFO - [2026-04-27T23:49:50.479+0000] {dag.py:3954} INFO - Setting next_dagrun for example_subdag_operator to 2022-01-01 00:00:00+00:00, run_after=2022-01-01 00:00:00+00:00
[2026-04-27T23:49:50.483+0000] {logging_mixin.py:188} INFO - [2026-04-27T23:49:50.483+0000] {dag.py:3954} INFO - Setting next_dagrun for example_subdag_operator.section-1 to None, run_after=None
[2026-04-27T23:49:50.485+0000] {logging_mixin.py:188} INFO - [2026-04-27T23:49:50.485+0000] {dag.py:3954} INFO - Setting next_dagrun for example_subdag_operator.section-2 to None, run_after=None
[2026-04-27T23:49:50.492+0000] {logging_mixin.py:188} INFO - [2026-04-27T23:49:50.492+0000] {dag.py:3096} INFO - Sync 2 DAGs
[2026-04-27T23:49:50.498+0000] {logging_mixin.py:188} INFO - [2026-04-27T23:49:50.498+0000] {dag.py:3954} INFO - Setting next_dagrun for example_subdag_operator.section-1 to None, run_after=None
[2026-04-27T23:49:50.499+0000] {logging_mixin.py:188} INFO - [2026-04-27T23:49:50.499+0000] {dag.py:3954} INFO - Setting next_dagrun for example_subdag_operator.section-2 to None, run_after=None
[2026-04-27T23:49:50.511+0000] {processor.py:183} INFO - Processing /home/airflow/.local/lib/python3.12/site-packages/airflow/example_dags/example_subdag_operator.py took 0.106 seconds
[2026-04-27T23:50:20.904+0000] {processor.py:161} INFO - Started process (PID=2307) to work on /home/airflow/.local/lib/python3.12/site-packages/airflow/example_dags/example_subdag_operator.py
[2026-04-27T23:50:20.906+0000] {processor.py:830} INFO - Processing file /home/airflow/.local/lib/python3.12/site-packages/airflow/example_dags/example_subdag_operator.py for tasks to queue
[2026-04-27T23:50:20.908+0000] {logging_mixin.py:188} INFO - [2026-04-27T23:50:20.908+0000] {dagbag.py:540} INFO - Filling up the DagBag from /home/airflow/.local/lib/python3.12/site-packages/airflow/example_dags/example_subdag_operator.py
[2026-04-27T23:50:20.936+0000] {processor.py:840} INFO - DAG(s) 'example_subdag_operator.section-1', 'example_subdag_operator.section-2', 'example_subdag_operator' retrieved from /home/airflow/.local/lib/python3.12/site-packages/airflow/example_dags/example_subdag_operator.py
[2026-04-27T23:50:20.954+0000] {logging_mixin.py:188} INFO - [2026-04-27T23:50:20.954+0000] {dag.py:3096} INFO - Sync 3 DAGs
[2026-04-27T23:50:20.980+0000] {logging_mixin.py:188} INFO - [2026-04-27T23:50:20.979+0000] {dag.py:3954} INFO - Setting next_dagrun for example_subdag_operator to 2022-01-01 00:00:00+00:00, run_after=2022-01-01 00:00:00+00:00
[2026-04-27T23:50:20.984+0000] {logging_mixin.py:188} INFO - [2026-04-27T23:50:20.983+0000] {dag.py:3954} INFO - Setting next_dagrun for example_subdag_operator.section-1 to None, run_after=None
[2026-04-27T23:50:20.985+0000] {logging_mixin.py:188} INFO - [2026-04-27T23:50:20.985+0000] {dag.py:3954} INFO - Setting next_dagrun for example_subdag_operator.section-2 to None, run_after=None
[2026-04-27T23:50:20.993+0000] {logging_mixin.py:188} INFO - [2026-04-27T23:50:20.993+0000] {dag.py:3096} INFO - Sync 2 DAGs
[2026-04-27T23:50:20.998+0000] {logging_mixin.py:188} INFO - [2026-04-27T23:50:20.998+0000] {dag.py:3954} INFO - Setting next_dagrun for example_subdag_operator.section-1 to None, run_after=None
[2026-04-27T23:50:20.999+0000] {logging_mixin.py:188} INFO - [2026-04-27T23:50:20.999+0000] {dag.py:3954} INFO - Setting next_dagrun for example_subdag_operator.section-2 to None, run_after=None
[2026-04-27T23:50:21.011+0000] {processor.py:183} INFO - Processing /home/airflow/.local/lib/python3.12/site-packages/airflow/example_dags/example_subdag_operator.py took 0.114 seconds
[2026-04-27T23:58:28.309+0000] {processor.py:161} INFO - Started process (PID=75) to work on /home/airflow/.local/lib/python3.12/site-packages/airflow/example_dags/example_subdag_operator.py
[2026-04-27T23:58:28.313+0000] {processor.py:830} INFO - Processing file /home/airflow/.local/lib/python3.12/site-packages/airflow/example_dags/example_subdag_operator.py for tasks to queue
[2026-04-27T23:58:28.316+0000] {logging_mixin.py:188} INFO - [2026-04-27T23:58:28.315+0000] {dagbag.py:540} INFO - Filling up the DagBag from /home/airflow/.local/lib/python3.12/site-packages/airflow/example_dags/example_subdag_operator.py
[2026-04-27T23:58:28.345+0000] {processor.py:840} INFO - DAG(s) 'example_subdag_operator.section-1', 'example_subdag_operator.section-2', 'example_subdag_operator' retrieved from /home/airflow/.local/lib/python3.12/site-packages/airflow/example_dags/example_subdag_operator.py
[2026-04-27T23:58:28.451+0000] {logging_mixin.py:188} INFO - [2026-04-27T23:58:28.450+0000] {dag.py:3096} INFO - Sync 3 DAGs
[2026-04-27T23:58:28.472+0000] {logging_mixin.py:188} INFO - [2026-04-27T23:58:28.472+0000] {dag.py:3954} INFO - Setting next_dagrun for example_subdag_operator to 2022-01-01 00:00:00+00:00, run_after=2022-01-01 00:00:00+00:00
[2026-04-27T23:58:28.475+0000] {logging_mixin.py:188} INFO - [2026-04-27T23:58:28.475+0000] {dag.py:3954} INFO - Setting next_dagrun for example_subdag_operator.section-1 to None, run_after=None
[2026-04-27T23:58:28.477+0000] {logging_mixin.py:188} INFO - [2026-04-27T23:58:28.477+0000] {dag.py:3954} INFO - Setting next_dagrun for example_subdag_operator.section-2 to None, run_after=None
[2026-04-27T23:58:28.486+0000] {logging_mixin.py:188} INFO - [2026-04-27T23:58:28.486+0000] {dag.py:3096} INFO - Sync 2 DAGs
[2026-04-27T23:58:28.491+0000] {logging_mixin.py:188} INFO - [2026-04-27T23:58:28.491+0000] {dag.py:3954} INFO - Setting next_dagrun for example_subdag_operator.section-1 to None, run_after=None
[2026-04-27T23:58:28.492+0000] {logging_mixin.py:188} INFO - [2026-04-27T23:58:28.492+0000] {dag.py:3954} INFO - Setting next_dagrun for example_subdag_operator.section-2 to None, run_after=None
[2026-04-27T23:58:28.505+0000] {processor.py:183} INFO - Processing /home/airflow/.local/lib/python3.12/site-packages/airflow/example_dags/example_subdag_operator.py took 0.202 seconds
[2026-04-27T23:59:40.391+0000] {processor.py:161} INFO - Started process (PID=69) to work on /home/airflow/.local/lib/python3.12/site-packages/airflow/example_dags/example_subdag_operator.py
[2026-04-27T23:59:40.401+0000] {processor.py:830} INFO - Processing file /home/airflow/.local/lib/python3.12/site-packages/airflow/example_dags/example_subdag_operator.py for tasks to queue
[2026-04-27T23:59:40.404+0000] {logging_mixin.py:188} INFO - [2026-04-27T23:59:40.403+0000] {dagbag.py:540} INFO - Filling up the DagBag from /home/airflow/.local/lib/python3.12/site-packages/airflow/example_dags/example_subdag_operator.py
[2026-04-27T23:59:40.430+0000] {processor.py:840} INFO - DAG(s) 'example_subdag_operator.section-1', 'example_subdag_operator.section-2', 'example_subdag_operator' retrieved from /home/airflow/.local/lib/python3.12/site-packages/airflow/example_dags/example_subdag_operator.py
[2026-04-27T23:59:40.448+0000] {logging_mixin.py:188} INFO - [2026-04-27T23:59:40.447+0000] {dag.py:3096} INFO - Sync 3 DAGs
[2026-04-27T23:59:40.475+0000] {logging_mixin.py:188} INFO - [2026-04-27T23:59:40.474+0000] {dag.py:3954} INFO - Setting next_dagrun for example_subdag_operator to 2022-01-01 00:00:00+00:00, run_after=2022-01-01 00:00:00+00:00
[2026-04-27T23:59:40.479+0000] {logging_mixin.py:188} INFO - [2026-04-27T23:59:40.479+0000] {dag.py:3954} INFO - Setting next_dagrun for example_subdag_operator.section-1 to None, run_after=None
[2026-04-27T23:59:40.480+0000] {logging_mixin.py:188} INFO - [2026-04-27T23:59:40.480+0000] {dag.py:3954} INFO - Setting next_dagrun for example_subdag_operator.section-2 to None, run_after=None
[2026-04-27T23:59:40.488+0000] {logging_mixin.py:188} INFO - [2026-04-27T23:59:40.488+0000] {dag.py:3096} INFO - Sync 2 DAGs
[2026-04-27T23:59:40.493+0000] {logging_mixin.py:188} INFO - [2026-04-27T23:59:40.493+0000] {dag.py:3954} INFO - Setting next_dagrun for example_subdag_operator.section-1 to None, run_after=None
[2026-04-27T23:59:40.496+0000] {logging_mixin.py:188} INFO - [2026-04-27T23:59:40.496+0000] {dag.py:3954} INFO - Setting next_dagrun for example_subdag_operator.section-2 to None, run_after=None
[2026-04-27T23:59:40.509+0000] {processor.py:183} INFO - Processing /home/airflow/.local/lib/python3.12/site-packages/airflow/example_dags/example_subdag_operator.py took 0.124 seconds
