[2026-04-27T23:30:31.004+0000] {processor.py:161} INFO - Started process (PID=110) to work on /home/airflow/.local/lib/python3.12/site-packages/airflow/example_dags/example_branch_operator.py
[2026-04-27T23:30:31.006+0000] {processor.py:830} INFO - Processing file /home/airflow/.local/lib/python3.12/site-packages/airflow/example_dags/example_branch_operator.py for tasks to queue
[2026-04-27T23:30:31.008+0000] {logging_mixin.py:188} INFO - [2026-04-27T23:30:31.008+0000] {dagbag.py:540} INFO - Filling up the DagBag from /home/airflow/.local/lib/python3.12/site-packages/airflow/example_dags/example_branch_operator.py
[2026-04-27T23:30:31.026+0000] {processor.py:840} INFO - DAG(s) 'example_branch_operator' retrieved from /home/airflow/.local/lib/python3.12/site-packages/airflow/example_dags/example_branch_operator.py
[2026-04-27T23:30:31.159+0000] {logging_mixin.py:188} INFO - [2026-04-27T23:30:31.158+0000] {dag.py:3096} INFO - Sync 1 DAGs
[2026-04-27T23:30:31.181+0000] {logging_mixin.py:188} INFO - [2026-04-27T23:30:31.181+0000] {dag.py:3954} INFO - Setting next_dagrun for example_branch_operator to 2026-04-26 00:00:00+00:00, run_after=2026-04-27 00:00:00+00:00
[2026-04-27T23:30:31.261+0000] {processor.py:183} INFO - Processing /home/airflow/.local/lib/python3.12/site-packages/airflow/example_dags/example_branch_operator.py took 0.262 seconds
[2026-04-27T23:31:01.870+0000] {processor.py:161} INFO - Started process (PID=169) to work on /home/airflow/.local/lib/python3.12/site-packages/airflow/example_dags/example_branch_operator.py
[2026-04-27T23:31:01.871+0000] {processor.py:830} INFO - Processing file /home/airflow/.local/lib/python3.12/site-packages/airflow/example_dags/example_branch_operator.py for tasks to queue
[2026-04-27T23:31:01.873+0000] {logging_mixin.py:188} INFO - [2026-04-27T23:31:01.873+0000] {dagbag.py:540} INFO - Filling up the DagBag from /home/airflow/.local/lib/python3.12/site-packages/airflow/example_dags/example_branch_operator.py
[2026-04-27T23:31:01.891+0000] {processor.py:840} INFO - DAG(s) 'example_branch_operator' retrieved from /home/airflow/.local/lib/python3.12/site-packages/airflow/example_dags/example_branch_operator.py
[2026-04-27T23:31:01.921+0000] {logging_mixin.py:188} INFO - [2026-04-27T23:31:01.921+0000] {dag.py:3096} INFO - Sync 1 DAGs
[2026-04-27T23:31:01.944+0000] {logging_mixin.py:188} INFO - [2026-04-27T23:31:01.944+0000] {dag.py:3954} INFO - Setting next_dagrun for example_branch_operator to 2026-04-26 00:00:00+00:00, run_after=2026-04-27 00:00:00+00:00
[2026-04-27T23:31:02.295+0000] {processor.py:183} INFO - Processing /home/airflow/.local/lib/python3.12/site-packages/airflow/example_dags/example_branch_operator.py took 0.435 seconds
[2026-04-27T23:32:24.045+0000] {processor.py:161} INFO - Started process (PID=240) to work on /home/airflow/.local/lib/python3.12/site-packages/airflow/example_dags/example_branch_operator.py
[2026-04-27T23:32:24.046+0000] {processor.py:830} INFO - Processing file /home/airflow/.local/lib/python3.12/site-packages/airflow/example_dags/example_branch_operator.py for tasks to queue
[2026-04-27T23:32:24.049+0000] {logging_mixin.py:188} INFO - [2026-04-27T23:32:24.049+0000] {dagbag.py:540} INFO - Filling up the DagBag from /home/airflow/.local/lib/python3.12/site-packages/airflow/example_dags/example_branch_operator.py
[2026-04-27T23:32:24.068+0000] {processor.py:840} INFO - DAG(s) 'example_branch_operator' retrieved from /home/airflow/.local/lib/python3.12/site-packages/airflow/example_dags/example_branch_operator.py
[2026-04-27T23:32:24.105+0000] {logging_mixin.py:188} INFO - [2026-04-27T23:32:24.105+0000] {dag.py:3096} INFO - Sync 1 DAGs
[2026-04-27T23:32:24.131+0000] {logging_mixin.py:188} INFO - [2026-04-27T23:32:24.130+0000] {dag.py:3954} INFO - Setting next_dagrun for example_branch_operator to 2026-04-26 00:00:00+00:00, run_after=2026-04-27 00:00:00+00:00
[2026-04-27T23:32:24.155+0000] {processor.py:183} INFO - Processing /home/airflow/.local/lib/python3.12/site-packages/airflow/example_dags/example_branch_operator.py took 0.118 seconds
[2026-04-27T23:32:55.917+0000] {processor.py:161} INFO - Started process (PID=299) to work on /home/airflow/.local/lib/python3.12/site-packages/airflow/example_dags/example_branch_operator.py
[2026-04-27T23:32:55.918+0000] {processor.py:830} INFO - Processing file /home/airflow/.local/lib/python3.12/site-packages/airflow/example_dags/example_branch_operator.py for tasks to queue
[2026-04-27T23:32:55.921+0000] {logging_mixin.py:188} INFO - [2026-04-27T23:32:55.920+0000] {dagbag.py:540} INFO - Filling up the DagBag from /home/airflow/.local/lib/python3.12/site-packages/airflow/example_dags/example_branch_operator.py
[2026-04-27T23:32:55.938+0000] {processor.py:840} INFO - DAG(s) 'example_branch_operator' retrieved from /home/airflow/.local/lib/python3.12/site-packages/airflow/example_dags/example_branch_operator.py
[2026-04-27T23:32:55.969+0000] {logging_mixin.py:188} INFO - [2026-04-27T23:32:55.969+0000] {dag.py:3096} INFO - Sync 1 DAGs
[2026-04-27T23:32:55.994+0000] {logging_mixin.py:188} INFO - [2026-04-27T23:32:55.994+0000] {dag.py:3954} INFO - Setting next_dagrun for example_branch_operator to 2026-04-26 00:00:00+00:00, run_after=2026-04-27 00:00:00+00:00
[2026-04-27T23:32:56.016+0000] {processor.py:183} INFO - Processing /home/airflow/.local/lib/python3.12/site-packages/airflow/example_dags/example_branch_operator.py took 0.106 seconds
[2026-04-27T23:33:26.715+0000] {processor.py:161} INFO - Started process (PID=354) to work on /home/airflow/.local/lib/python3.12/site-packages/airflow/example_dags/example_branch_operator.py
[2026-04-27T23:33:26.716+0000] {processor.py:830} INFO - Processing file /home/airflow/.local/lib/python3.12/site-packages/airflow/example_dags/example_branch_operator.py for tasks to queue
[2026-04-27T23:33:26.718+0000] {logging_mixin.py:188} INFO - [2026-04-27T23:33:26.718+0000] {dagbag.py:540} INFO - Filling up the DagBag from /home/airflow/.local/lib/python3.12/site-packages/airflow/example_dags/example_branch_operator.py
[2026-04-27T23:33:26.737+0000] {processor.py:840} INFO - DAG(s) 'example_branch_operator' retrieved from /home/airflow/.local/lib/python3.12/site-packages/airflow/example_dags/example_branch_operator.py
[2026-04-27T23:33:26.774+0000] {logging_mixin.py:188} INFO - [2026-04-27T23:33:26.773+0000] {dag.py:3096} INFO - Sync 1 DAGs
[2026-04-27T23:33:26.802+0000] {logging_mixin.py:188} INFO - [2026-04-27T23:33:26.802+0000] {dag.py:3954} INFO - Setting next_dagrun for example_branch_operator to 2026-04-26 00:00:00+00:00, run_after=2026-04-27 00:00:00+00:00
[2026-04-27T23:33:26.822+0000] {processor.py:183} INFO - Processing /home/airflow/.local/lib/python3.12/site-packages/airflow/example_dags/example_branch_operator.py took 0.114 seconds
[2026-04-27T23:33:57.246+0000] {processor.py:161} INFO - Started process (PID=414) to work on /home/airflow/.local/lib/python3.12/site-packages/airflow/example_dags/example_branch_operator.py
[2026-04-27T23:33:57.248+0000] {processor.py:830} INFO - Processing file /home/airflow/.local/lib/python3.12/site-packages/airflow/example_dags/example_branch_operator.py for tasks to queue
[2026-04-27T23:33:57.250+0000] {logging_mixin.py:188} INFO - [2026-04-27T23:33:57.250+0000] {dagbag.py:540} INFO - Filling up the DagBag from /home/airflow/.local/lib/python3.12/site-packages/airflow/example_dags/example_branch_operator.py
[2026-04-27T23:33:57.268+0000] {processor.py:840} INFO - DAG(s) 'example_branch_operator' retrieved from /home/airflow/.local/lib/python3.12/site-packages/airflow/example_dags/example_branch_operator.py
[2026-04-27T23:33:57.298+0000] {logging_mixin.py:188} INFO - [2026-04-27T23:33:57.298+0000] {dag.py:3096} INFO - Sync 1 DAGs
[2026-04-27T23:33:57.321+0000] {logging_mixin.py:188} INFO - [2026-04-27T23:33:57.321+0000] {dag.py:3954} INFO - Setting next_dagrun for example_branch_operator to 2026-04-26 00:00:00+00:00, run_after=2026-04-27 00:00:00+00:00
[2026-04-27T23:33:57.341+0000] {processor.py:183} INFO - Processing /home/airflow/.local/lib/python3.12/site-packages/airflow/example_dags/example_branch_operator.py took 0.101 seconds
[2026-04-27T23:34:30.386+0000] {processor.py:161} INFO - Started process (PID=479) to work on /home/airflow/.local/lib/python3.12/site-packages/airflow/example_dags/example_branch_operator.py
[2026-04-27T23:34:30.387+0000] {processor.py:830} INFO - Processing file /home/airflow/.local/lib/python3.12/site-packages/airflow/example_dags/example_branch_operator.py for tasks to queue
[2026-04-27T23:34:30.390+0000] {logging_mixin.py:188} INFO - [2026-04-27T23:34:30.390+0000] {dagbag.py:540} INFO - Filling up the DagBag from /home/airflow/.local/lib/python3.12/site-packages/airflow/example_dags/example_branch_operator.py
[2026-04-27T23:34:30.908+0000] {processor.py:840} INFO - DAG(s) 'example_branch_operator' retrieved from /home/airflow/.local/lib/python3.12/site-packages/airflow/example_dags/example_branch_operator.py
[2026-04-27T23:34:30.937+0000] {logging_mixin.py:188} INFO - [2026-04-27T23:34:30.937+0000] {dag.py:3096} INFO - Sync 1 DAGs
[2026-04-27T23:34:30.960+0000] {logging_mixin.py:188} INFO - [2026-04-27T23:34:30.960+0000] {dag.py:3954} INFO - Setting next_dagrun for example_branch_operator to 2026-04-26 00:00:00+00:00, run_after=2026-04-27 00:00:00+00:00
[2026-04-27T23:34:30.980+0000] {processor.py:183} INFO - Processing /home/airflow/.local/lib/python3.12/site-packages/airflow/example_dags/example_branch_operator.py took 0.601 seconds
[2026-04-27T23:35:01.331+0000] {processor.py:161} INFO - Started process (PID=542) to work on /home/airflow/.local/lib/python3.12/site-packages/airflow/example_dags/example_branch_operator.py
[2026-04-27T23:35:01.332+0000] {processor.py:830} INFO - Processing file /home/airflow/.local/lib/python3.12/site-packages/airflow/example_dags/example_branch_operator.py for tasks to queue
[2026-04-27T23:35:01.335+0000] {logging_mixin.py:188} INFO - [2026-04-27T23:35:01.334+0000] {dagbag.py:540} INFO - Filling up the DagBag from /home/airflow/.local/lib/python3.12/site-packages/airflow/example_dags/example_branch_operator.py
[2026-04-27T23:35:01.352+0000] {processor.py:840} INFO - DAG(s) 'example_branch_operator' retrieved from /home/airflow/.local/lib/python3.12/site-packages/airflow/example_dags/example_branch_operator.py
[2026-04-27T23:35:01.381+0000] {logging_mixin.py:188} INFO - [2026-04-27T23:35:01.381+0000] {dag.py:3096} INFO - Sync 1 DAGs
[2026-04-27T23:35:01.404+0000] {logging_mixin.py:188} INFO - [2026-04-27T23:35:01.404+0000] {dag.py:3954} INFO - Setting next_dagrun for example_branch_operator to 2026-04-26 00:00:00+00:00, run_after=2026-04-27 00:00:00+00:00
[2026-04-27T23:35:01.424+0000] {processor.py:183} INFO - Processing /home/airflow/.local/lib/python3.12/site-packages/airflow/example_dags/example_branch_operator.py took 0.099 seconds
[2026-04-27T23:35:31.686+0000] {processor.py:161} INFO - Started process (PID=600) to work on /home/airflow/.local/lib/python3.12/site-packages/airflow/example_dags/example_branch_operator.py
[2026-04-27T23:35:31.687+0000] {processor.py:830} INFO - Processing file /home/airflow/.local/lib/python3.12/site-packages/airflow/example_dags/example_branch_operator.py for tasks to queue
[2026-04-27T23:35:31.690+0000] {logging_mixin.py:188} INFO - [2026-04-27T23:35:31.689+0000] {dagbag.py:540} INFO - Filling up the DagBag from /home/airflow/.local/lib/python3.12/site-packages/airflow/example_dags/example_branch_operator.py
[2026-04-27T23:35:31.707+0000] {processor.py:840} INFO - DAG(s) 'example_branch_operator' retrieved from /home/airflow/.local/lib/python3.12/site-packages/airflow/example_dags/example_branch_operator.py
[2026-04-27T23:35:31.739+0000] {logging_mixin.py:188} INFO - [2026-04-27T23:35:31.738+0000] {dag.py:3096} INFO - Sync 1 DAGs
[2026-04-27T23:35:31.769+0000] {logging_mixin.py:188} INFO - [2026-04-27T23:35:31.769+0000] {dag.py:3954} INFO - Setting next_dagrun for example_branch_operator to 2026-04-26 00:00:00+00:00, run_after=2026-04-27 00:00:00+00:00
[2026-04-27T23:35:31.791+0000] {processor.py:183} INFO - Processing /home/airflow/.local/lib/python3.12/site-packages/airflow/example_dags/example_branch_operator.py took 0.112 seconds
[2026-04-27T23:36:02.873+0000] {processor.py:161} INFO - Started process (PID=659) to work on /home/airflow/.local/lib/python3.12/site-packages/airflow/example_dags/example_branch_operator.py
[2026-04-27T23:36:02.874+0000] {processor.py:830} INFO - Processing file /home/airflow/.local/lib/python3.12/site-packages/airflow/example_dags/example_branch_operator.py for tasks to queue
[2026-04-27T23:36:02.876+0000] {logging_mixin.py:188} INFO - [2026-04-27T23:36:02.876+0000] {dagbag.py:540} INFO - Filling up the DagBag from /home/airflow/.local/lib/python3.12/site-packages/airflow/example_dags/example_branch_operator.py
[2026-04-27T23:36:02.894+0000] {processor.py:840} INFO - DAG(s) 'example_branch_operator' retrieved from /home/airflow/.local/lib/python3.12/site-packages/airflow/example_dags/example_branch_operator.py
[2026-04-27T23:36:02.926+0000] {logging_mixin.py:188} INFO - [2026-04-27T23:36:02.926+0000] {dag.py:3096} INFO - Sync 1 DAGs
[2026-04-27T23:36:02.952+0000] {logging_mixin.py:188} INFO - [2026-04-27T23:36:02.952+0000] {dag.py:3954} INFO - Setting next_dagrun for example_branch_operator to 2026-04-26 00:00:00+00:00, run_after=2026-04-27 00:00:00+00:00
[2026-04-27T23:36:02.972+0000] {processor.py:183} INFO - Processing /home/airflow/.local/lib/python3.12/site-packages/airflow/example_dags/example_branch_operator.py took 0.106 seconds
[2026-04-27T23:36:36.033+0000] {processor.py:161} INFO - Started process (PID=719) to work on /home/airflow/.local/lib/python3.12/site-packages/airflow/example_dags/example_branch_operator.py
[2026-04-27T23:36:36.035+0000] {processor.py:830} INFO - Processing file /home/airflow/.local/lib/python3.12/site-packages/airflow/example_dags/example_branch_operator.py for tasks to queue
[2026-04-27T23:36:36.037+0000] {logging_mixin.py:188} INFO - [2026-04-27T23:36:36.037+0000] {dagbag.py:540} INFO - Filling up the DagBag from /home/airflow/.local/lib/python3.12/site-packages/airflow/example_dags/example_branch_operator.py
[2026-04-27T23:36:36.056+0000] {processor.py:840} INFO - DAG(s) 'example_branch_operator' retrieved from /home/airflow/.local/lib/python3.12/site-packages/airflow/example_dags/example_branch_operator.py
[2026-04-27T23:36:36.091+0000] {logging_mixin.py:188} INFO - [2026-04-27T23:36:36.091+0000] {dag.py:3096} INFO - Sync 1 DAGs
[2026-04-27T23:36:36.121+0000] {logging_mixin.py:188} INFO - [2026-04-27T23:36:36.121+0000] {dag.py:3954} INFO - Setting next_dagrun for example_branch_operator to 2026-04-26 00:00:00+00:00, run_after=2026-04-27 00:00:00+00:00
[2026-04-27T23:36:36.143+0000] {processor.py:183} INFO - Processing /home/airflow/.local/lib/python3.12/site-packages/airflow/example_dags/example_branch_operator.py took 0.117 seconds
[2026-04-27T23:37:06.988+0000] {processor.py:161} INFO - Started process (PID=779) to work on /home/airflow/.local/lib/python3.12/site-packages/airflow/example_dags/example_branch_operator.py
[2026-04-27T23:37:06.990+0000] {processor.py:830} INFO - Processing file /home/airflow/.local/lib/python3.12/site-packages/airflow/example_dags/example_branch_operator.py for tasks to queue
[2026-04-27T23:37:06.992+0000] {logging_mixin.py:188} INFO - [2026-04-27T23:37:06.991+0000] {dagbag.py:540} INFO - Filling up the DagBag from /home/airflow/.local/lib/python3.12/site-packages/airflow/example_dags/example_branch_operator.py
[2026-04-27T23:37:07.010+0000] {processor.py:840} INFO - DAG(s) 'example_branch_operator' retrieved from /home/airflow/.local/lib/python3.12/site-packages/airflow/example_dags/example_branch_operator.py
[2026-04-27T23:37:07.052+0000] {logging_mixin.py:188} INFO - [2026-04-27T23:37:07.052+0000] {dag.py:3096} INFO - Sync 1 DAGs
[2026-04-27T23:37:07.080+0000] {logging_mixin.py:188} INFO - [2026-04-27T23:37:07.079+0000] {dag.py:3954} INFO - Setting next_dagrun for example_branch_operator to 2026-04-26 00:00:00+00:00, run_after=2026-04-27 00:00:00+00:00
[2026-04-27T23:37:07.101+0000] {processor.py:183} INFO - Processing /home/airflow/.local/lib/python3.12/site-packages/airflow/example_dags/example_branch_operator.py took 0.119 seconds
[2026-04-27T23:37:37.700+0000] {processor.py:161} INFO - Started process (PID=840) to work on /home/airflow/.local/lib/python3.12/site-packages/airflow/example_dags/example_branch_operator.py
[2026-04-27T23:37:37.702+0000] {processor.py:830} INFO - Processing file /home/airflow/.local/lib/python3.12/site-packages/airflow/example_dags/example_branch_operator.py for tasks to queue
[2026-04-27T23:37:37.704+0000] {logging_mixin.py:188} INFO - [2026-04-27T23:37:37.704+0000] {dagbag.py:540} INFO - Filling up the DagBag from /home/airflow/.local/lib/python3.12/site-packages/airflow/example_dags/example_branch_operator.py
[2026-04-27T23:37:37.721+0000] {processor.py:840} INFO - DAG(s) 'example_branch_operator' retrieved from /home/airflow/.local/lib/python3.12/site-packages/airflow/example_dags/example_branch_operator.py
[2026-04-27T23:37:37.753+0000] {logging_mixin.py:188} INFO - [2026-04-27T23:37:37.753+0000] {dag.py:3096} INFO - Sync 1 DAGs
[2026-04-27T23:37:37.775+0000] {logging_mixin.py:188} INFO - [2026-04-27T23:37:37.775+0000] {dag.py:3954} INFO - Setting next_dagrun for example_branch_operator to 2026-04-26 00:00:00+00:00, run_after=2026-04-27 00:00:00+00:00
[2026-04-27T23:37:37.796+0000] {processor.py:183} INFO - Processing /home/airflow/.local/lib/python3.12/site-packages/airflow/example_dags/example_branch_operator.py took 0.103 seconds
[2026-04-27T23:38:08.008+0000] {processor.py:161} INFO - Started process (PID=899) to work on /home/airflow/.local/lib/python3.12/site-packages/airflow/example_dags/example_branch_operator.py
[2026-04-27T23:38:08.009+0000] {processor.py:830} INFO - Processing file /home/airflow/.local/lib/python3.12/site-packages/airflow/example_dags/example_branch_operator.py for tasks to queue
[2026-04-27T23:38:08.011+0000] {logging_mixin.py:188} INFO - [2026-04-27T23:38:08.011+0000] {dagbag.py:540} INFO - Filling up the DagBag from /home/airflow/.local/lib/python3.12/site-packages/airflow/example_dags/example_branch_operator.py
[2026-04-27T23:38:08.029+0000] {processor.py:840} INFO - DAG(s) 'example_branch_operator' retrieved from /home/airflow/.local/lib/python3.12/site-packages/airflow/example_dags/example_branch_operator.py
[2026-04-27T23:38:08.059+0000] {logging_mixin.py:188} INFO - [2026-04-27T23:38:08.058+0000] {dag.py:3096} INFO - Sync 1 DAGs
[2026-04-27T23:38:08.081+0000] {logging_mixin.py:188} INFO - [2026-04-27T23:38:08.081+0000] {dag.py:3954} INFO - Setting next_dagrun for example_branch_operator to 2026-04-26 00:00:00+00:00, run_after=2026-04-27 00:00:00+00:00
[2026-04-27T23:38:08.103+0000] {processor.py:183} INFO - Processing /home/airflow/.local/lib/python3.12/site-packages/airflow/example_dags/example_branch_operator.py took 0.101 seconds
[2026-04-27T23:38:38.751+0000] {processor.py:161} INFO - Started process (PID=959) to work on /home/airflow/.local/lib/python3.12/site-packages/airflow/example_dags/example_branch_operator.py
[2026-04-27T23:38:38.752+0000] {processor.py:830} INFO - Processing file /home/airflow/.local/lib/python3.12/site-packages/airflow/example_dags/example_branch_operator.py for tasks to queue
[2026-04-27T23:38:38.755+0000] {logging_mixin.py:188} INFO - [2026-04-27T23:38:38.755+0000] {dagbag.py:540} INFO - Filling up the DagBag from /home/airflow/.local/lib/python3.12/site-packages/airflow/example_dags/example_branch_operator.py
[2026-04-27T23:38:38.774+0000] {processor.py:840} INFO - DAG(s) 'example_branch_operator' retrieved from /home/airflow/.local/lib/python3.12/site-packages/airflow/example_dags/example_branch_operator.py
[2026-04-27T23:38:38.806+0000] {logging_mixin.py:188} INFO - [2026-04-27T23:38:38.806+0000] {dag.py:3096} INFO - Sync 1 DAGs
[2026-04-27T23:38:38.834+0000] {logging_mixin.py:188} INFO - [2026-04-27T23:38:38.834+0000] {dag.py:3954} INFO - Setting next_dagrun for example_branch_operator to 2026-04-26 00:00:00+00:00, run_after=2026-04-27 00:00:00+00:00
[2026-04-27T23:38:39.018+0000] {processor.py:183} INFO - Processing /home/airflow/.local/lib/python3.12/site-packages/airflow/example_dags/example_branch_operator.py took 0.275 seconds
[2026-04-27T23:39:09.737+0000] {processor.py:161} INFO - Started process (PID=1018) to work on /home/airflow/.local/lib/python3.12/site-packages/airflow/example_dags/example_branch_operator.py
[2026-04-27T23:39:09.739+0000] {processor.py:830} INFO - Processing file /home/airflow/.local/lib/python3.12/site-packages/airflow/example_dags/example_branch_operator.py for tasks to queue
[2026-04-27T23:39:09.741+0000] {logging_mixin.py:188} INFO - [2026-04-27T23:39:09.741+0000] {dagbag.py:540} INFO - Filling up the DagBag from /home/airflow/.local/lib/python3.12/site-packages/airflow/example_dags/example_branch_operator.py
[2026-04-27T23:39:09.759+0000] {processor.py:840} INFO - DAG(s) 'example_branch_operator' retrieved from /home/airflow/.local/lib/python3.12/site-packages/airflow/example_dags/example_branch_operator.py
[2026-04-27T23:39:09.790+0000] {logging_mixin.py:188} INFO - [2026-04-27T23:39:09.790+0000] {dag.py:3096} INFO - Sync 1 DAGs
[2026-04-27T23:39:09.815+0000] {logging_mixin.py:188} INFO - [2026-04-27T23:39:09.814+0000] {dag.py:3954} INFO - Setting next_dagrun for example_branch_operator to 2026-04-26 00:00:00+00:00, run_after=2026-04-27 00:00:00+00:00
[2026-04-27T23:39:09.837+0000] {processor.py:183} INFO - Processing /home/airflow/.local/lib/python3.12/site-packages/airflow/example_dags/example_branch_operator.py took 0.106 seconds
[2026-04-27T23:39:40.894+0000] {processor.py:161} INFO - Started process (PID=1077) to work on /home/airflow/.local/lib/python3.12/site-packages/airflow/example_dags/example_branch_operator.py
[2026-04-27T23:39:40.895+0000] {processor.py:830} INFO - Processing file /home/airflow/.local/lib/python3.12/site-packages/airflow/example_dags/example_branch_operator.py for tasks to queue
[2026-04-27T23:39:40.898+0000] {logging_mixin.py:188} INFO - [2026-04-27T23:39:40.898+0000] {dagbag.py:540} INFO - Filling up the DagBag from /home/airflow/.local/lib/python3.12/site-packages/airflow/example_dags/example_branch_operator.py
[2026-04-27T23:39:40.920+0000] {processor.py:840} INFO - DAG(s) 'example_branch_operator' retrieved from /home/airflow/.local/lib/python3.12/site-packages/airflow/example_dags/example_branch_operator.py
[2026-04-27T23:39:40.954+0000] {logging_mixin.py:188} INFO - [2026-04-27T23:39:40.954+0000] {dag.py:3096} INFO - Sync 1 DAGs
[2026-04-27T23:39:40.978+0000] {logging_mixin.py:188} INFO - [2026-04-27T23:39:40.978+0000] {dag.py:3954} INFO - Setting next_dagrun for example_branch_operator to 2026-04-26 00:00:00+00:00, run_after=2026-04-27 00:00:00+00:00
[2026-04-27T23:39:41.114+0000] {processor.py:183} INFO - Processing /home/airflow/.local/lib/python3.12/site-packages/airflow/example_dags/example_branch_operator.py took 0.229 seconds
[2026-04-27T23:40:12.192+0000] {processor.py:161} INFO - Started process (PID=1138) to work on /home/airflow/.local/lib/python3.12/site-packages/airflow/example_dags/example_branch_operator.py
[2026-04-27T23:40:12.193+0000] {processor.py:830} INFO - Processing file /home/airflow/.local/lib/python3.12/site-packages/airflow/example_dags/example_branch_operator.py for tasks to queue
[2026-04-27T23:40:12.197+0000] {logging_mixin.py:188} INFO - [2026-04-27T23:40:12.196+0000] {dagbag.py:540} INFO - Filling up the DagBag from /home/airflow/.local/lib/python3.12/site-packages/airflow/example_dags/example_branch_operator.py
[2026-04-27T23:40:12.217+0000] {processor.py:840} INFO - DAG(s) 'example_branch_operator' retrieved from /home/airflow/.local/lib/python3.12/site-packages/airflow/example_dags/example_branch_operator.py
[2026-04-27T23:40:12.251+0000] {logging_mixin.py:188} INFO - [2026-04-27T23:40:12.251+0000] {dag.py:3096} INFO - Sync 1 DAGs
[2026-04-27T23:40:12.278+0000] {logging_mixin.py:188} INFO - [2026-04-27T23:40:12.278+0000] {dag.py:3954} INFO - Setting next_dagrun for example_branch_operator to 2026-04-26 00:00:00+00:00, run_after=2026-04-27 00:00:00+00:00
[2026-04-27T23:40:12.304+0000] {processor.py:183} INFO - Processing /home/airflow/.local/lib/python3.12/site-packages/airflow/example_dags/example_branch_operator.py took 0.120 seconds
[2026-04-27T23:40:43.142+0000] {processor.py:161} INFO - Started process (PID=1197) to work on /home/airflow/.local/lib/python3.12/site-packages/airflow/example_dags/example_branch_operator.py
[2026-04-27T23:40:43.144+0000] {processor.py:830} INFO - Processing file /home/airflow/.local/lib/python3.12/site-packages/airflow/example_dags/example_branch_operator.py for tasks to queue
[2026-04-27T23:40:43.147+0000] {logging_mixin.py:188} INFO - [2026-04-27T23:40:43.146+0000] {dagbag.py:540} INFO - Filling up the DagBag from /home/airflow/.local/lib/python3.12/site-packages/airflow/example_dags/example_branch_operator.py
[2026-04-27T23:40:43.165+0000] {processor.py:840} INFO - DAG(s) 'example_branch_operator' retrieved from /home/airflow/.local/lib/python3.12/site-packages/airflow/example_dags/example_branch_operator.py
[2026-04-27T23:40:43.199+0000] {logging_mixin.py:188} INFO - [2026-04-27T23:40:43.199+0000] {dag.py:3096} INFO - Sync 1 DAGs
[2026-04-27T23:40:43.360+0000] {logging_mixin.py:188} INFO - [2026-04-27T23:40:43.360+0000] {dag.py:3954} INFO - Setting next_dagrun for example_branch_operator to 2026-04-26 00:00:00+00:00, run_after=2026-04-27 00:00:00+00:00
[2026-04-27T23:40:43.379+0000] {processor.py:183} INFO - Processing /home/airflow/.local/lib/python3.12/site-packages/airflow/example_dags/example_branch_operator.py took 0.244 seconds
[2026-04-27T23:41:14.624+0000] {processor.py:161} INFO - Started process (PID=1260) to work on /home/airflow/.local/lib/python3.12/site-packages/airflow/example_dags/example_branch_operator.py
[2026-04-27T23:41:14.625+0000] {processor.py:830} INFO - Processing file /home/airflow/.local/lib/python3.12/site-packages/airflow/example_dags/example_branch_operator.py for tasks to queue
[2026-04-27T23:41:14.628+0000] {logging_mixin.py:188} INFO - [2026-04-27T23:41:14.627+0000] {dagbag.py:540} INFO - Filling up the DagBag from /home/airflow/.local/lib/python3.12/site-packages/airflow/example_dags/example_branch_operator.py
[2026-04-27T23:41:14.653+0000] {processor.py:840} INFO - DAG(s) 'example_branch_operator' retrieved from /home/airflow/.local/lib/python3.12/site-packages/airflow/example_dags/example_branch_operator.py
[2026-04-27T23:41:14.690+0000] {logging_mixin.py:188} INFO - [2026-04-27T23:41:14.690+0000] {dag.py:3096} INFO - Sync 1 DAGs
[2026-04-27T23:41:14.879+0000] {logging_mixin.py:188} INFO - [2026-04-27T23:41:14.879+0000] {dag.py:3954} INFO - Setting next_dagrun for example_branch_operator to 2026-04-26 00:00:00+00:00, run_after=2026-04-27 00:00:00+00:00
[2026-04-27T23:41:14.913+0000] {processor.py:183} INFO - Processing /home/airflow/.local/lib/python3.12/site-packages/airflow/example_dags/example_branch_operator.py took 0.295 seconds
[2026-04-27T23:41:46.870+0000] {processor.py:161} INFO - Started process (PID=1321) to work on /home/airflow/.local/lib/python3.12/site-packages/airflow/example_dags/example_branch_operator.py
[2026-04-27T23:41:46.871+0000] {processor.py:830} INFO - Processing file /home/airflow/.local/lib/python3.12/site-packages/airflow/example_dags/example_branch_operator.py for tasks to queue
[2026-04-27T23:41:46.874+0000] {logging_mixin.py:188} INFO - [2026-04-27T23:41:46.873+0000] {dagbag.py:540} INFO - Filling up the DagBag from /home/airflow/.local/lib/python3.12/site-packages/airflow/example_dags/example_branch_operator.py
[2026-04-27T23:41:46.892+0000] {processor.py:840} INFO - DAG(s) 'example_branch_operator' retrieved from /home/airflow/.local/lib/python3.12/site-packages/airflow/example_dags/example_branch_operator.py
[2026-04-27T23:41:46.924+0000] {logging_mixin.py:188} INFO - [2026-04-27T23:41:46.923+0000] {dag.py:3096} INFO - Sync 1 DAGs
[2026-04-27T23:41:46.949+0000] {logging_mixin.py:188} INFO - [2026-04-27T23:41:46.948+0000] {dag.py:3954} INFO - Setting next_dagrun for example_branch_operator to 2026-04-26 00:00:00+00:00, run_after=2026-04-27 00:00:00+00:00
[2026-04-27T23:41:46.969+0000] {processor.py:183} INFO - Processing /home/airflow/.local/lib/python3.12/site-packages/airflow/example_dags/example_branch_operator.py took 0.106 seconds
[2026-04-27T23:42:21.255+0000] {processor.py:161} INFO - Started process (PID=1381) to work on /home/airflow/.local/lib/python3.12/site-packages/airflow/example_dags/example_branch_operator.py
[2026-04-27T23:42:21.256+0000] {processor.py:830} INFO - Processing file /home/airflow/.local/lib/python3.12/site-packages/airflow/example_dags/example_branch_operator.py for tasks to queue
[2026-04-27T23:42:21.259+0000] {logging_mixin.py:188} INFO - [2026-04-27T23:42:21.258+0000] {dagbag.py:540} INFO - Filling up the DagBag from /home/airflow/.local/lib/python3.12/site-packages/airflow/example_dags/example_branch_operator.py
[2026-04-27T23:42:21.458+0000] {processor.py:840} INFO - DAG(s) 'example_branch_operator' retrieved from /home/airflow/.local/lib/python3.12/site-packages/airflow/example_dags/example_branch_operator.py
[2026-04-27T23:42:21.494+0000] {logging_mixin.py:188} INFO - [2026-04-27T23:42:21.494+0000] {dag.py:3096} INFO - Sync 1 DAGs
[2026-04-27T23:42:21.517+0000] {logging_mixin.py:188} INFO - [2026-04-27T23:42:21.516+0000] {dag.py:3954} INFO - Setting next_dagrun for example_branch_operator to 2026-04-26 00:00:00+00:00, run_after=2026-04-27 00:00:00+00:00
[2026-04-27T23:42:21.537+0000] {processor.py:183} INFO - Processing /home/airflow/.local/lib/python3.12/site-packages/airflow/example_dags/example_branch_operator.py took 0.291 seconds
[2026-04-27T23:42:52.569+0000] {processor.py:161} INFO - Started process (PID=1440) to work on /home/airflow/.local/lib/python3.12/site-packages/airflow/example_dags/example_branch_operator.py
[2026-04-27T23:42:52.570+0000] {processor.py:830} INFO - Processing file /home/airflow/.local/lib/python3.12/site-packages/airflow/example_dags/example_branch_operator.py for tasks to queue
[2026-04-27T23:42:52.573+0000] {logging_mixin.py:188} INFO - [2026-04-27T23:42:52.572+0000] {dagbag.py:540} INFO - Filling up the DagBag from /home/airflow/.local/lib/python3.12/site-packages/airflow/example_dags/example_branch_operator.py
[2026-04-27T23:42:52.591+0000] {processor.py:840} INFO - DAG(s) 'example_branch_operator' retrieved from /home/airflow/.local/lib/python3.12/site-packages/airflow/example_dags/example_branch_operator.py
[2026-04-27T23:42:52.621+0000] {logging_mixin.py:188} INFO - [2026-04-27T23:42:52.621+0000] {dag.py:3096} INFO - Sync 1 DAGs
[2026-04-27T23:42:52.644+0000] {logging_mixin.py:188} INFO - [2026-04-27T23:42:52.644+0000] {dag.py:3954} INFO - Setting next_dagrun for example_branch_operator to 2026-04-26 00:00:00+00:00, run_after=2026-04-27 00:00:00+00:00
[2026-04-27T23:42:52.664+0000] {processor.py:183} INFO - Processing /home/airflow/.local/lib/python3.12/site-packages/airflow/example_dags/example_branch_operator.py took 0.102 seconds
[2026-04-27T23:43:22.824+0000] {processor.py:161} INFO - Started process (PID=1499) to work on /home/airflow/.local/lib/python3.12/site-packages/airflow/example_dags/example_branch_operator.py
[2026-04-27T23:43:22.825+0000] {processor.py:830} INFO - Processing file /home/airflow/.local/lib/python3.12/site-packages/airflow/example_dags/example_branch_operator.py for tasks to queue
[2026-04-27T23:43:22.828+0000] {logging_mixin.py:188} INFO - [2026-04-27T23:43:22.827+0000] {dagbag.py:540} INFO - Filling up the DagBag from /home/airflow/.local/lib/python3.12/site-packages/airflow/example_dags/example_branch_operator.py
[2026-04-27T23:43:22.846+0000] {processor.py:840} INFO - DAG(s) 'example_branch_operator' retrieved from /home/airflow/.local/lib/python3.12/site-packages/airflow/example_dags/example_branch_operator.py
[2026-04-27T23:43:22.876+0000] {logging_mixin.py:188} INFO - [2026-04-27T23:43:22.876+0000] {dag.py:3096} INFO - Sync 1 DAGs
[2026-04-27T23:43:22.901+0000] {logging_mixin.py:188} INFO - [2026-04-27T23:43:22.901+0000] {dag.py:3954} INFO - Setting next_dagrun for example_branch_operator to 2026-04-26 00:00:00+00:00, run_after=2026-04-27 00:00:00+00:00
[2026-04-27T23:43:22.923+0000] {processor.py:183} INFO - Processing /home/airflow/.local/lib/python3.12/site-packages/airflow/example_dags/example_branch_operator.py took 0.106 seconds
[2026-04-27T23:43:53.481+0000] {processor.py:161} INFO - Started process (PID=1558) to work on /home/airflow/.local/lib/python3.12/site-packages/airflow/example_dags/example_branch_operator.py
[2026-04-27T23:43:53.482+0000] {processor.py:830} INFO - Processing file /home/airflow/.local/lib/python3.12/site-packages/airflow/example_dags/example_branch_operator.py for tasks to queue
[2026-04-27T23:43:53.485+0000] {logging_mixin.py:188} INFO - [2026-04-27T23:43:53.484+0000] {dagbag.py:540} INFO - Filling up the DagBag from /home/airflow/.local/lib/python3.12/site-packages/airflow/example_dags/example_branch_operator.py
[2026-04-27T23:43:53.509+0000] {processor.py:840} INFO - DAG(s) 'example_branch_operator' retrieved from /home/airflow/.local/lib/python3.12/site-packages/airflow/example_dags/example_branch_operator.py
[2026-04-27T23:43:53.552+0000] {logging_mixin.py:188} INFO - [2026-04-27T23:43:53.551+0000] {dag.py:3096} INFO - Sync 1 DAGs
[2026-04-27T23:43:53.587+0000] {logging_mixin.py:188} INFO - [2026-04-27T23:43:53.587+0000] {dag.py:3954} INFO - Setting next_dagrun for example_branch_operator to 2026-04-26 00:00:00+00:00, run_after=2026-04-27 00:00:00+00:00
[2026-04-27T23:43:53.616+0000] {processor.py:183} INFO - Processing /home/airflow/.local/lib/python3.12/site-packages/airflow/example_dags/example_branch_operator.py took 0.143 seconds
[2026-04-27T23:44:23.917+0000] {processor.py:161} INFO - Started process (PID=1617) to work on /home/airflow/.local/lib/python3.12/site-packages/airflow/example_dags/example_branch_operator.py
[2026-04-27T23:44:23.918+0000] {processor.py:830} INFO - Processing file /home/airflow/.local/lib/python3.12/site-packages/airflow/example_dags/example_branch_operator.py for tasks to queue
[2026-04-27T23:44:23.920+0000] {logging_mixin.py:188} INFO - [2026-04-27T23:44:23.920+0000] {dagbag.py:540} INFO - Filling up the DagBag from /home/airflow/.local/lib/python3.12/site-packages/airflow/example_dags/example_branch_operator.py
[2026-04-27T23:44:23.939+0000] {processor.py:840} INFO - DAG(s) 'example_branch_operator' retrieved from /home/airflow/.local/lib/python3.12/site-packages/airflow/example_dags/example_branch_operator.py
[2026-04-27T23:44:23.972+0000] {logging_mixin.py:188} INFO - [2026-04-27T23:44:23.971+0000] {dag.py:3096} INFO - Sync 1 DAGs
[2026-04-27T23:44:23.998+0000] {logging_mixin.py:188} INFO - [2026-04-27T23:44:23.997+0000] {dag.py:3954} INFO - Setting next_dagrun for example_branch_operator to 2026-04-26 00:00:00+00:00, run_after=2026-04-27 00:00:00+00:00
[2026-04-27T23:44:24.024+0000] {processor.py:183} INFO - Processing /home/airflow/.local/lib/python3.12/site-packages/airflow/example_dags/example_branch_operator.py took 0.114 seconds
[2026-04-27T23:44:54.464+0000] {processor.py:161} INFO - Started process (PID=1676) to work on /home/airflow/.local/lib/python3.12/site-packages/airflow/example_dags/example_branch_operator.py
[2026-04-27T23:44:54.466+0000] {processor.py:830} INFO - Processing file /home/airflow/.local/lib/python3.12/site-packages/airflow/example_dags/example_branch_operator.py for tasks to queue
[2026-04-27T23:44:54.468+0000] {logging_mixin.py:188} INFO - [2026-04-27T23:44:54.468+0000] {dagbag.py:540} INFO - Filling up the DagBag from /home/airflow/.local/lib/python3.12/site-packages/airflow/example_dags/example_branch_operator.py
[2026-04-27T23:44:54.487+0000] {processor.py:840} INFO - DAG(s) 'example_branch_operator' retrieved from /home/airflow/.local/lib/python3.12/site-packages/airflow/example_dags/example_branch_operator.py
[2026-04-27T23:44:54.518+0000] {logging_mixin.py:188} INFO - [2026-04-27T23:44:54.518+0000] {dag.py:3096} INFO - Sync 1 DAGs
[2026-04-27T23:44:54.543+0000] {logging_mixin.py:188} INFO - [2026-04-27T23:44:54.543+0000] {dag.py:3954} INFO - Setting next_dagrun for example_branch_operator to 2026-04-26 00:00:00+00:00, run_after=2026-04-27 00:00:00+00:00
[2026-04-27T23:44:54.568+0000] {processor.py:183} INFO - Processing /home/airflow/.local/lib/python3.12/site-packages/airflow/example_dags/example_branch_operator.py took 0.111 seconds
[2026-04-27T23:45:24.792+0000] {processor.py:161} INFO - Started process (PID=1735) to work on /home/airflow/.local/lib/python3.12/site-packages/airflow/example_dags/example_branch_operator.py
[2026-04-27T23:45:24.794+0000] {processor.py:830} INFO - Processing file /home/airflow/.local/lib/python3.12/site-packages/airflow/example_dags/example_branch_operator.py for tasks to queue
[2026-04-27T23:45:24.797+0000] {logging_mixin.py:188} INFO - [2026-04-27T23:45:24.796+0000] {dagbag.py:540} INFO - Filling up the DagBag from /home/airflow/.local/lib/python3.12/site-packages/airflow/example_dags/example_branch_operator.py
[2026-04-27T23:45:24.828+0000] {processor.py:840} INFO - DAG(s) 'example_branch_operator' retrieved from /home/airflow/.local/lib/python3.12/site-packages/airflow/example_dags/example_branch_operator.py
[2026-04-27T23:45:24.867+0000] {logging_mixin.py:188} INFO - [2026-04-27T23:45:24.866+0000] {dag.py:3096} INFO - Sync 1 DAGs
[2026-04-27T23:45:24.904+0000] {logging_mixin.py:188} INFO - [2026-04-27T23:45:24.903+0000] {dag.py:3954} INFO - Setting next_dagrun for example_branch_operator to 2026-04-26 00:00:00+00:00, run_after=2026-04-27 00:00:00+00:00
[2026-04-27T23:45:24.932+0000] {processor.py:183} INFO - Processing /home/airflow/.local/lib/python3.12/site-packages/airflow/example_dags/example_branch_operator.py took 0.147 seconds
[2026-04-27T23:45:55.232+0000] {processor.py:161} INFO - Started process (PID=1794) to work on /home/airflow/.local/lib/python3.12/site-packages/airflow/example_dags/example_branch_operator.py
[2026-04-27T23:45:55.234+0000] {processor.py:830} INFO - Processing file /home/airflow/.local/lib/python3.12/site-packages/airflow/example_dags/example_branch_operator.py for tasks to queue
[2026-04-27T23:45:55.236+0000] {logging_mixin.py:188} INFO - [2026-04-27T23:45:55.236+0000] {dagbag.py:540} INFO - Filling up the DagBag from /home/airflow/.local/lib/python3.12/site-packages/airflow/example_dags/example_branch_operator.py
[2026-04-27T23:45:55.255+0000] {processor.py:840} INFO - DAG(s) 'example_branch_operator' retrieved from /home/airflow/.local/lib/python3.12/site-packages/airflow/example_dags/example_branch_operator.py
[2026-04-27T23:45:55.284+0000] {logging_mixin.py:188} INFO - [2026-04-27T23:45:55.284+0000] {dag.py:3096} INFO - Sync 1 DAGs
[2026-04-27T23:45:55.307+0000] {logging_mixin.py:188} INFO - [2026-04-27T23:45:55.307+0000] {dag.py:3954} INFO - Setting next_dagrun for example_branch_operator to 2026-04-26 00:00:00+00:00, run_after=2026-04-27 00:00:00+00:00
[2026-04-27T23:45:55.329+0000] {processor.py:183} INFO - Processing /home/airflow/.local/lib/python3.12/site-packages/airflow/example_dags/example_branch_operator.py took 0.104 seconds
[2026-04-27T23:46:25.519+0000] {processor.py:161} INFO - Started process (PID=1853) to work on /home/airflow/.local/lib/python3.12/site-packages/airflow/example_dags/example_branch_operator.py
[2026-04-27T23:46:25.521+0000] {processor.py:830} INFO - Processing file /home/airflow/.local/lib/python3.12/site-packages/airflow/example_dags/example_branch_operator.py for tasks to queue
[2026-04-27T23:46:25.523+0000] {logging_mixin.py:188} INFO - [2026-04-27T23:46:25.523+0000] {dagbag.py:540} INFO - Filling up the DagBag from /home/airflow/.local/lib/python3.12/site-packages/airflow/example_dags/example_branch_operator.py
[2026-04-27T23:46:25.543+0000] {processor.py:840} INFO - DAG(s) 'example_branch_operator' retrieved from /home/airflow/.local/lib/python3.12/site-packages/airflow/example_dags/example_branch_operator.py
[2026-04-27T23:46:25.578+0000] {logging_mixin.py:188} INFO - [2026-04-27T23:46:25.577+0000] {dag.py:3096} INFO - Sync 1 DAGs
[2026-04-27T23:46:25.605+0000] {logging_mixin.py:188} INFO - [2026-04-27T23:46:25.605+0000] {dag.py:3954} INFO - Setting next_dagrun for example_branch_operator to 2026-04-26 00:00:00+00:00, run_after=2026-04-27 00:00:00+00:00
[2026-04-27T23:46:25.631+0000] {processor.py:183} INFO - Processing /home/airflow/.local/lib/python3.12/site-packages/airflow/example_dags/example_branch_operator.py took 0.118 seconds
[2026-04-27T23:46:56.696+0000] {processor.py:161} INFO - Started process (PID=1912) to work on /home/airflow/.local/lib/python3.12/site-packages/airflow/example_dags/example_branch_operator.py
[2026-04-27T23:46:56.698+0000] {processor.py:830} INFO - Processing file /home/airflow/.local/lib/python3.12/site-packages/airflow/example_dags/example_branch_operator.py for tasks to queue
[2026-04-27T23:46:56.710+0000] {logging_mixin.py:188} INFO - [2026-04-27T23:46:56.707+0000] {dagbag.py:540} INFO - Filling up the DagBag from /home/airflow/.local/lib/python3.12/site-packages/airflow/example_dags/example_branch_operator.py
[2026-04-27T23:46:56.792+0000] {processor.py:840} INFO - DAG(s) 'example_branch_operator' retrieved from /home/airflow/.local/lib/python3.12/site-packages/airflow/example_dags/example_branch_operator.py
[2026-04-27T23:46:56.867+0000] {logging_mixin.py:188} INFO - [2026-04-27T23:46:56.866+0000] {dag.py:3096} INFO - Sync 1 DAGs
[2026-04-27T23:46:56.941+0000] {logging_mixin.py:188} INFO - [2026-04-27T23:46:56.940+0000] {dag.py:3954} INFO - Setting next_dagrun for example_branch_operator to 2026-04-26 00:00:00+00:00, run_after=2026-04-27 00:00:00+00:00
[2026-04-27T23:46:56.998+0000] {processor.py:183} INFO - Processing /home/airflow/.local/lib/python3.12/site-packages/airflow/example_dags/example_branch_operator.py took 0.316 seconds
[2026-04-27T23:47:27.203+0000] {processor.py:161} INFO - Started process (PID=1972) to work on /home/airflow/.local/lib/python3.12/site-packages/airflow/example_dags/example_branch_operator.py
[2026-04-27T23:47:27.204+0000] {processor.py:830} INFO - Processing file /home/airflow/.local/lib/python3.12/site-packages/airflow/example_dags/example_branch_operator.py for tasks to queue
[2026-04-27T23:47:27.207+0000] {logging_mixin.py:188} INFO - [2026-04-27T23:47:27.207+0000] {dagbag.py:540} INFO - Filling up the DagBag from /home/airflow/.local/lib/python3.12/site-packages/airflow/example_dags/example_branch_operator.py
[2026-04-27T23:47:27.228+0000] {processor.py:840} INFO - DAG(s) 'example_branch_operator' retrieved from /home/airflow/.local/lib/python3.12/site-packages/airflow/example_dags/example_branch_operator.py
[2026-04-27T23:47:27.243+0000] {logging_mixin.py:188} INFO - [2026-04-27T23:47:27.243+0000] {dag.py:3096} INFO - Sync 1 DAGs
[2026-04-27T23:47:27.270+0000] {logging_mixin.py:188} INFO - [2026-04-27T23:47:27.270+0000] {dag.py:3954} INFO - Setting next_dagrun for example_branch_operator to 2026-04-26 00:00:00+00:00, run_after=2026-04-27 00:00:00+00:00
[2026-04-27T23:47:27.293+0000] {processor.py:183} INFO - Processing /home/airflow/.local/lib/python3.12/site-packages/airflow/example_dags/example_branch_operator.py took 0.098 seconds
[2026-04-27T23:47:58.551+0000] {processor.py:161} INFO - Started process (PID=2033) to work on /home/airflow/.local/lib/python3.12/site-packages/airflow/example_dags/example_branch_operator.py
[2026-04-27T23:47:58.552+0000] {processor.py:830} INFO - Processing file /home/airflow/.local/lib/python3.12/site-packages/airflow/example_dags/example_branch_operator.py for tasks to queue
[2026-04-27T23:47:58.555+0000] {logging_mixin.py:188} INFO - [2026-04-27T23:47:58.554+0000] {dagbag.py:540} INFO - Filling up the DagBag from /home/airflow/.local/lib/python3.12/site-packages/airflow/example_dags/example_branch_operator.py
[2026-04-27T23:47:58.573+0000] {processor.py:840} INFO - DAG(s) 'example_branch_operator' retrieved from /home/airflow/.local/lib/python3.12/site-packages/airflow/example_dags/example_branch_operator.py
[2026-04-27T23:47:58.688+0000] {logging_mixin.py:188} INFO - [2026-04-27T23:47:58.688+0000] {dag.py:3096} INFO - Sync 1 DAGs
[2026-04-27T23:47:58.709+0000] {logging_mixin.py:188} INFO - [2026-04-27T23:47:58.709+0000] {dag.py:3954} INFO - Setting next_dagrun for example_branch_operator to 2026-04-26 00:00:00+00:00, run_after=2026-04-27 00:00:00+00:00
[2026-04-27T23:47:58.771+0000] {processor.py:183} INFO - Processing /home/airflow/.local/lib/python3.12/site-packages/airflow/example_dags/example_branch_operator.py took 0.226 seconds
[2026-04-27T23:48:29.099+0000] {processor.py:161} INFO - Started process (PID=2093) to work on /home/airflow/.local/lib/python3.12/site-packages/airflow/example_dags/example_branch_operator.py
[2026-04-27T23:48:29.101+0000] {processor.py:830} INFO - Processing file /home/airflow/.local/lib/python3.12/site-packages/airflow/example_dags/example_branch_operator.py for tasks to queue
[2026-04-27T23:48:29.103+0000] {logging_mixin.py:188} INFO - [2026-04-27T23:48:29.103+0000] {dagbag.py:540} INFO - Filling up the DagBag from /home/airflow/.local/lib/python3.12/site-packages/airflow/example_dags/example_branch_operator.py
[2026-04-27T23:48:29.122+0000] {processor.py:840} INFO - DAG(s) 'example_branch_operator' retrieved from /home/airflow/.local/lib/python3.12/site-packages/airflow/example_dags/example_branch_operator.py
[2026-04-27T23:48:29.153+0000] {logging_mixin.py:188} INFO - [2026-04-27T23:48:29.153+0000] {dag.py:3096} INFO - Sync 1 DAGs
[2026-04-27T23:48:29.177+0000] {logging_mixin.py:188} INFO - [2026-04-27T23:48:29.177+0000] {dag.py:3954} INFO - Setting next_dagrun for example_branch_operator to 2026-04-26 00:00:00+00:00, run_after=2026-04-27 00:00:00+00:00
[2026-04-27T23:48:29.198+0000] {processor.py:183} INFO - Processing /home/airflow/.local/lib/python3.12/site-packages/airflow/example_dags/example_branch_operator.py took 0.106 seconds
[2026-04-27T23:48:59.330+0000] {processor.py:161} INFO - Started process (PID=2151) to work on /home/airflow/.local/lib/python3.12/site-packages/airflow/example_dags/example_branch_operator.py
[2026-04-27T23:48:59.332+0000] {processor.py:830} INFO - Processing file /home/airflow/.local/lib/python3.12/site-packages/airflow/example_dags/example_branch_operator.py for tasks to queue
[2026-04-27T23:48:59.335+0000] {logging_mixin.py:188} INFO - [2026-04-27T23:48:59.335+0000] {dagbag.py:540} INFO - Filling up the DagBag from /home/airflow/.local/lib/python3.12/site-packages/airflow/example_dags/example_branch_operator.py
[2026-04-27T23:48:59.355+0000] {processor.py:840} INFO - DAG(s) 'example_branch_operator' retrieved from /home/airflow/.local/lib/python3.12/site-packages/airflow/example_dags/example_branch_operator.py
[2026-04-27T23:48:59.391+0000] {logging_mixin.py:188} INFO - [2026-04-27T23:48:59.390+0000] {dag.py:3096} INFO - Sync 1 DAGs
[2026-04-27T23:48:59.419+0000] {logging_mixin.py:188} INFO - [2026-04-27T23:48:59.419+0000] {dag.py:3954} INFO - Setting next_dagrun for example_branch_operator to 2026-04-26 00:00:00+00:00, run_after=2026-04-27 00:00:00+00:00
[2026-04-27T23:48:59.545+0000] {processor.py:183} INFO - Processing /home/airflow/.local/lib/python3.12/site-packages/airflow/example_dags/example_branch_operator.py took 0.225 seconds
[2026-04-27T23:49:30.259+0000] {processor.py:161} INFO - Started process (PID=2210) to work on /home/airflow/.local/lib/python3.12/site-packages/airflow/example_dags/example_branch_operator.py
[2026-04-27T23:49:30.261+0000] {processor.py:830} INFO - Processing file /home/airflow/.local/lib/python3.12/site-packages/airflow/example_dags/example_branch_operator.py for tasks to queue
[2026-04-27T23:49:30.263+0000] {logging_mixin.py:188} INFO - [2026-04-27T23:49:30.263+0000] {dagbag.py:540} INFO - Filling up the DagBag from /home/airflow/.local/lib/python3.12/site-packages/airflow/example_dags/example_branch_operator.py
[2026-04-27T23:49:30.283+0000] {processor.py:840} INFO - DAG(s) 'example_branch_operator' retrieved from /home/airflow/.local/lib/python3.12/site-packages/airflow/example_dags/example_branch_operator.py
[2026-04-27T23:49:30.314+0000] {logging_mixin.py:188} INFO - [2026-04-27T23:49:30.314+0000] {dag.py:3096} INFO - Sync 1 DAGs
[2026-04-27T23:49:30.337+0000] {logging_mixin.py:188} INFO - [2026-04-27T23:49:30.337+0000] {dag.py:3954} INFO - Setting next_dagrun for example_branch_operator to 2026-04-26 00:00:00+00:00, run_after=2026-04-27 00:00:00+00:00
[2026-04-27T23:49:30.358+0000] {processor.py:183} INFO - Processing /home/airflow/.local/lib/python3.12/site-packages/airflow/example_dags/example_branch_operator.py took 0.106 seconds
[2026-04-27T23:50:00.487+0000] {processor.py:161} INFO - Started process (PID=2269) to work on /home/airflow/.local/lib/python3.12/site-packages/airflow/example_dags/example_branch_operator.py
[2026-04-27T23:50:00.488+0000] {processor.py:830} INFO - Processing file /home/airflow/.local/lib/python3.12/site-packages/airflow/example_dags/example_branch_operator.py for tasks to queue
[2026-04-27T23:50:00.490+0000] {logging_mixin.py:188} INFO - [2026-04-27T23:50:00.490+0000] {dagbag.py:540} INFO - Filling up the DagBag from /home/airflow/.local/lib/python3.12/site-packages/airflow/example_dags/example_branch_operator.py
[2026-04-27T23:50:00.508+0000] {processor.py:840} INFO - DAG(s) 'example_branch_operator' retrieved from /home/airflow/.local/lib/python3.12/site-packages/airflow/example_dags/example_branch_operator.py
[2026-04-27T23:50:00.538+0000] {logging_mixin.py:188} INFO - [2026-04-27T23:50:00.538+0000] {dag.py:3096} INFO - Sync 1 DAGs
[2026-04-27T23:50:00.561+0000] {logging_mixin.py:188} INFO - [2026-04-27T23:50:00.561+0000] {dag.py:3954} INFO - Setting next_dagrun for example_branch_operator to 2026-04-26 00:00:00+00:00, run_after=2026-04-27 00:00:00+00:00
[2026-04-27T23:50:00.580+0000] {processor.py:183} INFO - Processing /home/airflow/.local/lib/python3.12/site-packages/airflow/example_dags/example_branch_operator.py took 0.100 seconds
[2026-04-27T23:58:37.160+0000] {processor.py:161} INFO - Started process (PID=110) to work on /home/airflow/.local/lib/python3.12/site-packages/airflow/example_dags/example_branch_operator.py
[2026-04-27T23:58:37.284+0000] {processor.py:830} INFO - Processing file /home/airflow/.local/lib/python3.12/site-packages/airflow/example_dags/example_branch_operator.py for tasks to queue
[2026-04-27T23:58:37.287+0000] {logging_mixin.py:188} INFO - [2026-04-27T23:58:37.286+0000] {dagbag.py:540} INFO - Filling up the DagBag from /home/airflow/.local/lib/python3.12/site-packages/airflow/example_dags/example_branch_operator.py
[2026-04-27T23:58:37.474+0000] {processor.py:840} INFO - DAG(s) 'example_branch_operator' retrieved from /home/airflow/.local/lib/python3.12/site-packages/airflow/example_dags/example_branch_operator.py
[2026-04-27T23:58:37.596+0000] {logging_mixin.py:188} INFO - [2026-04-27T23:58:37.595+0000] {dag.py:3096} INFO - Sync 1 DAGs
[2026-04-27T23:58:37.620+0000] {logging_mixin.py:188} INFO - [2026-04-27T23:58:37.620+0000] {dag.py:3954} INFO - Setting next_dagrun for example_branch_operator to 2026-04-26 00:00:00+00:00, run_after=2026-04-27 00:00:00+00:00
[2026-04-27T23:58:37.645+0000] {processor.py:183} INFO - Processing /home/airflow/.local/lib/python3.12/site-packages/airflow/example_dags/example_branch_operator.py took 0.491 seconds
[2026-04-27T23:59:51.827+0000] {processor.py:161} INFO - Started process (PID=104) to work on /home/airflow/.local/lib/python3.12/site-packages/airflow/example_dags/example_branch_operator.py
[2026-04-27T23:59:51.876+0000] {processor.py:830} INFO - Processing file /home/airflow/.local/lib/python3.12/site-packages/airflow/example_dags/example_branch_operator.py for tasks to queue
[2026-04-27T23:59:51.878+0000] {logging_mixin.py:188} INFO - [2026-04-27T23:59:51.878+0000] {dagbag.py:540} INFO - Filling up the DagBag from /home/airflow/.local/lib/python3.12/site-packages/airflow/example_dags/example_branch_operator.py
[2026-04-27T23:59:51.896+0000] {processor.py:840} INFO - DAG(s) 'example_branch_operator' retrieved from /home/airflow/.local/lib/python3.12/site-packages/airflow/example_dags/example_branch_operator.py
[2026-04-27T23:59:52.018+0000] {logging_mixin.py:188} INFO - [2026-04-27T23:59:52.018+0000] {dag.py:3096} INFO - Sync 1 DAGs
[2026-04-27T23:59:52.180+0000] {logging_mixin.py:188} INFO - [2026-04-27T23:59:52.180+0000] {dag.py:3954} INFO - Setting next_dagrun for example_branch_operator to 2026-04-26 00:00:00+00:00, run_after=2026-04-27 00:00:00+00:00
[2026-04-27T23:59:52.204+0000] {processor.py:183} INFO - Processing /home/airflow/.local/lib/python3.12/site-packages/airflow/example_dags/example_branch_operator.py took 0.384 seconds
