[2026-04-27T23:30:18.361+0000] {processor.py:161} INFO - Started process (PID=95) to work on /home/airflow/.local/lib/python3.12/site-packages/airflow/example_dags/example_short_circuit_operator.py
[2026-04-27T23:30:18.362+0000] {processor.py:830} INFO - Processing file /home/airflow/.local/lib/python3.12/site-packages/airflow/example_dags/example_short_circuit_operator.py for tasks to queue
[2026-04-27T23:30:18.364+0000] {logging_mixin.py:188} INFO - [2026-04-27T23:30:18.364+0000] {dagbag.py:540} INFO - Filling up the DagBag from /home/airflow/.local/lib/python3.12/site-packages/airflow/example_dags/example_short_circuit_operator.py
[2026-04-27T23:30:18.735+0000] {processor.py:840} INFO - DAG(s) 'example_short_circuit_operator' retrieved from /home/airflow/.local/lib/python3.12/site-packages/airflow/example_dags/example_short_circuit_operator.py
[2026-04-27T23:30:18.760+0000] {logging_mixin.py:188} INFO - [2026-04-27T23:30:18.759+0000] {dag.py:3096} INFO - Sync 1 DAGs
[2026-04-27T23:30:18.783+0000] {logging_mixin.py:188} INFO - [2026-04-27T23:30:18.783+0000] {dag.py:3954} INFO - Setting next_dagrun for example_short_circuit_operator to 2026-04-26 00:00:00+00:00, run_after=2026-04-27 00:00:00+00:00
[2026-04-27T23:30:18.826+0000] {processor.py:183} INFO - Processing /home/airflow/.local/lib/python3.12/site-packages/airflow/example_dags/example_short_circuit_operator.py took 0.472 seconds
[2026-04-27T23:30:54.119+0000] {processor.py:161} INFO - Started process (PID=154) to work on /home/airflow/.local/lib/python3.12/site-packages/airflow/example_dags/example_short_circuit_operator.py
[2026-04-27T23:30:54.588+0000] {processor.py:830} INFO - Processing file /home/airflow/.local/lib/python3.12/site-packages/airflow/example_dags/example_short_circuit_operator.py for tasks to queue
[2026-04-27T23:30:54.592+0000] {logging_mixin.py:188} INFO - [2026-04-27T23:30:54.592+0000] {dagbag.py:540} INFO - Filling up the DagBag from /home/airflow/.local/lib/python3.12/site-packages/airflow/example_dags/example_short_circuit_operator.py
[2026-04-27T23:30:54.605+0000] {processor.py:840} INFO - DAG(s) 'example_short_circuit_operator' retrieved from /home/airflow/.local/lib/python3.12/site-packages/airflow/example_dags/example_short_circuit_operator.py
[2026-04-27T23:30:54.632+0000] {logging_mixin.py:188} INFO - [2026-04-27T23:30:54.631+0000] {dag.py:3096} INFO - Sync 1 DAGs
[2026-04-27T23:30:54.653+0000] {logging_mixin.py:188} INFO - [2026-04-27T23:30:54.653+0000] {dag.py:3954} INFO - Setting next_dagrun for example_short_circuit_operator to 2026-04-26 00:00:00+00:00, run_after=2026-04-27 00:00:00+00:00
[2026-04-27T23:30:54.673+0000] {processor.py:183} INFO - Processing /home/airflow/.local/lib/python3.12/site-packages/airflow/example_dags/example_short_circuit_operator.py took 0.351 seconds
[2026-04-27T23:32:11.155+0000] {processor.py:161} INFO - Started process (PID=219) to work on /home/airflow/.local/lib/python3.12/site-packages/airflow/example_dags/example_short_circuit_operator.py
[2026-04-27T23:32:11.286+0000] {processor.py:830} INFO - Processing file /home/airflow/.local/lib/python3.12/site-packages/airflow/example_dags/example_short_circuit_operator.py for tasks to queue
[2026-04-27T23:32:11.288+0000] {logging_mixin.py:188} INFO - [2026-04-27T23:32:11.287+0000] {dagbag.py:540} INFO - Filling up the DagBag from /home/airflow/.local/lib/python3.12/site-packages/airflow/example_dags/example_short_circuit_operator.py
[2026-04-27T23:32:11.296+0000] {processor.py:840} INFO - DAG(s) 'example_short_circuit_operator' retrieved from /home/airflow/.local/lib/python3.12/site-packages/airflow/example_dags/example_short_circuit_operator.py
[2026-04-27T23:32:11.481+0000] {logging_mixin.py:188} INFO - [2026-04-27T23:32:11.481+0000] {dag.py:3096} INFO - Sync 1 DAGs
[2026-04-27T23:32:11.775+0000] {logging_mixin.py:188} INFO - [2026-04-27T23:32:11.775+0000] {dag.py:3954} INFO - Setting next_dagrun for example_short_circuit_operator to 2026-04-26 00:00:00+00:00, run_after=2026-04-27 00:00:00+00:00
[2026-04-27T23:32:12.184+0000] {processor.py:183} INFO - Processing /home/airflow/.local/lib/python3.12/site-packages/airflow/example_dags/example_short_circuit_operator.py took 1.036 seconds
[2026-04-27T23:32:43.474+0000] {processor.py:161} INFO - Started process (PID=279) to work on /home/airflow/.local/lib/python3.12/site-packages/airflow/example_dags/example_short_circuit_operator.py
[2026-04-27T23:32:43.475+0000] {processor.py:830} INFO - Processing file /home/airflow/.local/lib/python3.12/site-packages/airflow/example_dags/example_short_circuit_operator.py for tasks to queue
[2026-04-27T23:32:43.477+0000] {logging_mixin.py:188} INFO - [2026-04-27T23:32:43.477+0000] {dagbag.py:540} INFO - Filling up the DagBag from /home/airflow/.local/lib/python3.12/site-packages/airflow/example_dags/example_short_circuit_operator.py
[2026-04-27T23:32:43.484+0000] {processor.py:840} INFO - DAG(s) 'example_short_circuit_operator' retrieved from /home/airflow/.local/lib/python3.12/site-packages/airflow/example_dags/example_short_circuit_operator.py
[2026-04-27T23:32:43.507+0000] {logging_mixin.py:188} INFO - [2026-04-27T23:32:43.506+0000] {dag.py:3096} INFO - Sync 1 DAGs
[2026-04-27T23:32:43.526+0000] {logging_mixin.py:188} INFO - [2026-04-27T23:32:43.526+0000] {dag.py:3954} INFO - Setting next_dagrun for example_short_circuit_operator to 2026-04-26 00:00:00+00:00, run_after=2026-04-27 00:00:00+00:00
[2026-04-27T23:32:43.546+0000] {processor.py:183} INFO - Processing /home/airflow/.local/lib/python3.12/site-packages/airflow/example_dags/example_short_circuit_operator.py took 0.078 seconds
[2026-04-27T23:33:13.721+0000] {processor.py:161} INFO - Started process (PID=337) to work on /home/airflow/.local/lib/python3.12/site-packages/airflow/example_dags/example_short_circuit_operator.py
[2026-04-27T23:33:13.723+0000] {processor.py:830} INFO - Processing file /home/airflow/.local/lib/python3.12/site-packages/airflow/example_dags/example_short_circuit_operator.py for tasks to queue
[2026-04-27T23:33:13.725+0000] {logging_mixin.py:188} INFO - [2026-04-27T23:33:13.725+0000] {dagbag.py:540} INFO - Filling up the DagBag from /home/airflow/.local/lib/python3.12/site-packages/airflow/example_dags/example_short_circuit_operator.py
[2026-04-27T23:33:13.734+0000] {processor.py:840} INFO - DAG(s) 'example_short_circuit_operator' retrieved from /home/airflow/.local/lib/python3.12/site-packages/airflow/example_dags/example_short_circuit_operator.py
[2026-04-27T23:33:13.764+0000] {logging_mixin.py:188} INFO - [2026-04-27T23:33:13.764+0000] {dag.py:3096} INFO - Sync 1 DAGs
[2026-04-27T23:33:13.792+0000] {logging_mixin.py:188} INFO - [2026-04-27T23:33:13.792+0000] {dag.py:3954} INFO - Setting next_dagrun for example_short_circuit_operator to 2026-04-26 00:00:00+00:00, run_after=2026-04-27 00:00:00+00:00
[2026-04-27T23:33:13.815+0000] {processor.py:183} INFO - Processing /home/airflow/.local/lib/python3.12/site-packages/airflow/example_dags/example_short_circuit_operator.py took 0.100 seconds
[2026-04-27T23:33:45.153+0000] {processor.py:161} INFO - Started process (PID=396) to work on /home/airflow/.local/lib/python3.12/site-packages/airflow/example_dags/example_short_circuit_operator.py
[2026-04-27T23:33:45.155+0000] {processor.py:830} INFO - Processing file /home/airflow/.local/lib/python3.12/site-packages/airflow/example_dags/example_short_circuit_operator.py for tasks to queue
[2026-04-27T23:33:45.157+0000] {logging_mixin.py:188} INFO - [2026-04-27T23:33:45.157+0000] {dagbag.py:540} INFO - Filling up the DagBag from /home/airflow/.local/lib/python3.12/site-packages/airflow/example_dags/example_short_circuit_operator.py
[2026-04-27T23:33:45.167+0000] {processor.py:840} INFO - DAG(s) 'example_short_circuit_operator' retrieved from /home/airflow/.local/lib/python3.12/site-packages/airflow/example_dags/example_short_circuit_operator.py
[2026-04-27T23:33:45.192+0000] {logging_mixin.py:188} INFO - [2026-04-27T23:33:45.192+0000] {dag.py:3096} INFO - Sync 1 DAGs
[2026-04-27T23:33:45.216+0000] {logging_mixin.py:188} INFO - [2026-04-27T23:33:45.215+0000] {dag.py:3954} INFO - Setting next_dagrun for example_short_circuit_operator to 2026-04-26 00:00:00+00:00, run_after=2026-04-27 00:00:00+00:00
[2026-04-27T23:33:45.296+0000] {processor.py:183} INFO - Processing /home/airflow/.local/lib/python3.12/site-packages/airflow/example_dags/example_short_circuit_operator.py took 0.150 seconds
[2026-04-27T23:34:15.700+0000] {processor.py:161} INFO - Started process (PID=455) to work on /home/airflow/.local/lib/python3.12/site-packages/airflow/example_dags/example_short_circuit_operator.py
[2026-04-27T23:34:15.701+0000] {processor.py:830} INFO - Processing file /home/airflow/.local/lib/python3.12/site-packages/airflow/example_dags/example_short_circuit_operator.py for tasks to queue
[2026-04-27T23:34:15.703+0000] {logging_mixin.py:188} INFO - [2026-04-27T23:34:15.703+0000] {dagbag.py:540} INFO - Filling up the DagBag from /home/airflow/.local/lib/python3.12/site-packages/airflow/example_dags/example_short_circuit_operator.py
[2026-04-27T23:34:15.711+0000] {processor.py:840} INFO - DAG(s) 'example_short_circuit_operator' retrieved from /home/airflow/.local/lib/python3.12/site-packages/airflow/example_dags/example_short_circuit_operator.py
[2026-04-27T23:34:15.737+0000] {logging_mixin.py:188} INFO - [2026-04-27T23:34:15.737+0000] {dag.py:3096} INFO - Sync 1 DAGs
[2026-04-27T23:34:15.762+0000] {logging_mixin.py:188} INFO - [2026-04-27T23:34:15.762+0000] {dag.py:3954} INFO - Setting next_dagrun for example_short_circuit_operator to 2026-04-26 00:00:00+00:00, run_after=2026-04-27 00:00:00+00:00
[2026-04-27T23:34:15.782+0000] {processor.py:183} INFO - Processing /home/airflow/.local/lib/python3.12/site-packages/airflow/example_dags/example_short_circuit_operator.py took 0.088 seconds
[2026-04-27T23:34:46.368+0000] {processor.py:161} INFO - Started process (PID=514) to work on /home/airflow/.local/lib/python3.12/site-packages/airflow/example_dags/example_short_circuit_operator.py
[2026-04-27T23:34:46.369+0000] {processor.py:830} INFO - Processing file /home/airflow/.local/lib/python3.12/site-packages/airflow/example_dags/example_short_circuit_operator.py for tasks to queue
[2026-04-27T23:34:46.371+0000] {logging_mixin.py:188} INFO - [2026-04-27T23:34:46.371+0000] {dagbag.py:540} INFO - Filling up the DagBag from /home/airflow/.local/lib/python3.12/site-packages/airflow/example_dags/example_short_circuit_operator.py
[2026-04-27T23:34:46.379+0000] {processor.py:840} INFO - DAG(s) 'example_short_circuit_operator' retrieved from /home/airflow/.local/lib/python3.12/site-packages/airflow/example_dags/example_short_circuit_operator.py
[2026-04-27T23:34:46.407+0000] {logging_mixin.py:188} INFO - [2026-04-27T23:34:46.407+0000] {dag.py:3096} INFO - Sync 1 DAGs
[2026-04-27T23:34:46.430+0000] {logging_mixin.py:188} INFO - [2026-04-27T23:34:46.430+0000] {dag.py:3954} INFO - Setting next_dagrun for example_short_circuit_operator to 2026-04-26 00:00:00+00:00, run_after=2026-04-27 00:00:00+00:00
[2026-04-27T23:34:46.452+0000] {processor.py:183} INFO - Processing /home/airflow/.local/lib/python3.12/site-packages/airflow/example_dags/example_short_circuit_operator.py took 0.090 seconds
[2026-04-27T23:35:16.640+0000] {processor.py:161} INFO - Started process (PID=573) to work on /home/airflow/.local/lib/python3.12/site-packages/airflow/example_dags/example_short_circuit_operator.py
[2026-04-27T23:35:16.641+0000] {processor.py:830} INFO - Processing file /home/airflow/.local/lib/python3.12/site-packages/airflow/example_dags/example_short_circuit_operator.py for tasks to queue
[2026-04-27T23:35:16.643+0000] {logging_mixin.py:188} INFO - [2026-04-27T23:35:16.643+0000] {dagbag.py:540} INFO - Filling up the DagBag from /home/airflow/.local/lib/python3.12/site-packages/airflow/example_dags/example_short_circuit_operator.py
[2026-04-27T23:35:16.651+0000] {processor.py:840} INFO - DAG(s) 'example_short_circuit_operator' retrieved from /home/airflow/.local/lib/python3.12/site-packages/airflow/example_dags/example_short_circuit_operator.py
[2026-04-27T23:35:16.678+0000] {logging_mixin.py:188} INFO - [2026-04-27T23:35:16.677+0000] {dag.py:3096} INFO - Sync 1 DAGs
[2026-04-27T23:35:16.700+0000] {logging_mixin.py:188} INFO - [2026-04-27T23:35:16.700+0000] {dag.py:3954} INFO - Setting next_dagrun for example_short_circuit_operator to 2026-04-26 00:00:00+00:00, run_after=2026-04-27 00:00:00+00:00
[2026-04-27T23:35:16.721+0000] {processor.py:183} INFO - Processing /home/airflow/.local/lib/python3.12/site-packages/airflow/example_dags/example_short_circuit_operator.py took 0.088 seconds
[2026-04-27T23:35:46.765+0000] {processor.py:161} INFO - Started process (PID=632) to work on /home/airflow/.local/lib/python3.12/site-packages/airflow/example_dags/example_short_circuit_operator.py
[2026-04-27T23:35:46.766+0000] {processor.py:830} INFO - Processing file /home/airflow/.local/lib/python3.12/site-packages/airflow/example_dags/example_short_circuit_operator.py for tasks to queue
[2026-04-27T23:35:46.769+0000] {logging_mixin.py:188} INFO - [2026-04-27T23:35:46.768+0000] {dagbag.py:540} INFO - Filling up the DagBag from /home/airflow/.local/lib/python3.12/site-packages/airflow/example_dags/example_short_circuit_operator.py
[2026-04-27T23:35:46.777+0000] {processor.py:840} INFO - DAG(s) 'example_short_circuit_operator' retrieved from /home/airflow/.local/lib/python3.12/site-packages/airflow/example_dags/example_short_circuit_operator.py
[2026-04-27T23:35:46.803+0000] {logging_mixin.py:188} INFO - [2026-04-27T23:35:46.802+0000] {dag.py:3096} INFO - Sync 1 DAGs
[2026-04-27T23:35:46.824+0000] {logging_mixin.py:188} INFO - [2026-04-27T23:35:46.824+0000] {dag.py:3954} INFO - Setting next_dagrun for example_short_circuit_operator to 2026-04-26 00:00:00+00:00, run_after=2026-04-27 00:00:00+00:00
[2026-04-27T23:35:46.844+0000] {processor.py:183} INFO - Processing /home/airflow/.local/lib/python3.12/site-packages/airflow/example_dags/example_short_circuit_operator.py took 0.086 seconds
[2026-04-27T23:36:17.299+0000] {processor.py:161} INFO - Started process (PID=691) to work on /home/airflow/.local/lib/python3.12/site-packages/airflow/example_dags/example_short_circuit_operator.py
[2026-04-27T23:36:17.300+0000] {processor.py:830} INFO - Processing file /home/airflow/.local/lib/python3.12/site-packages/airflow/example_dags/example_short_circuit_operator.py for tasks to queue
[2026-04-27T23:36:17.303+0000] {logging_mixin.py:188} INFO - [2026-04-27T23:36:17.302+0000] {dagbag.py:540} INFO - Filling up the DagBag from /home/airflow/.local/lib/python3.12/site-packages/airflow/example_dags/example_short_circuit_operator.py
[2026-04-27T23:36:17.311+0000] {processor.py:840} INFO - DAG(s) 'example_short_circuit_operator' retrieved from /home/airflow/.local/lib/python3.12/site-packages/airflow/example_dags/example_short_circuit_operator.py
[2026-04-27T23:36:17.638+0000] {logging_mixin.py:188} INFO - [2026-04-27T23:36:17.638+0000] {dag.py:3096} INFO - Sync 1 DAGs
[2026-04-27T23:36:17.673+0000] {logging_mixin.py:188} INFO - [2026-04-27T23:36:17.673+0000] {dag.py:3954} INFO - Setting next_dagrun for example_short_circuit_operator to 2026-04-26 00:00:00+00:00, run_after=2026-04-27 00:00:00+00:00
[2026-04-27T23:36:17.701+0000] {processor.py:183} INFO - Processing /home/airflow/.local/lib/python3.12/site-packages/airflow/example_dags/example_short_circuit_operator.py took 0.408 seconds
[2026-04-27T23:36:48.896+0000] {processor.py:161} INFO - Started process (PID=751) to work on /home/airflow/.local/lib/python3.12/site-packages/airflow/example_dags/example_short_circuit_operator.py
[2026-04-27T23:36:48.897+0000] {processor.py:830} INFO - Processing file /home/airflow/.local/lib/python3.12/site-packages/airflow/example_dags/example_short_circuit_operator.py for tasks to queue
[2026-04-27T23:36:48.900+0000] {logging_mixin.py:188} INFO - [2026-04-27T23:36:48.900+0000] {dagbag.py:540} INFO - Filling up the DagBag from /home/airflow/.local/lib/python3.12/site-packages/airflow/example_dags/example_short_circuit_operator.py
[2026-04-27T23:36:49.204+0000] {processor.py:840} INFO - DAG(s) 'example_short_circuit_operator' retrieved from /home/airflow/.local/lib/python3.12/site-packages/airflow/example_dags/example_short_circuit_operator.py
[2026-04-27T23:36:49.231+0000] {logging_mixin.py:188} INFO - [2026-04-27T23:36:49.231+0000] {dag.py:3096} INFO - Sync 1 DAGs
[2026-04-27T23:36:49.257+0000] {logging_mixin.py:188} INFO - [2026-04-27T23:36:49.257+0000] {dag.py:3954} INFO - Setting next_dagrun for example_short_circuit_operator to 2026-04-26 00:00:00+00:00, run_after=2026-04-27 00:00:00+00:00
[2026-04-27T23:36:49.285+0000] {processor.py:183} INFO - Processing /home/airflow/.local/lib/python3.12/site-packages/airflow/example_dags/example_short_circuit_operator.py took 0.617 seconds
[2026-04-27T23:37:20.132+0000] {processor.py:161} INFO - Started process (PID=810) to work on /home/airflow/.local/lib/python3.12/site-packages/airflow/example_dags/example_short_circuit_operator.py
[2026-04-27T23:37:20.133+0000] {processor.py:830} INFO - Processing file /home/airflow/.local/lib/python3.12/site-packages/airflow/example_dags/example_short_circuit_operator.py for tasks to queue
[2026-04-27T23:37:20.136+0000] {logging_mixin.py:188} INFO - [2026-04-27T23:37:20.135+0000] {dagbag.py:540} INFO - Filling up the DagBag from /home/airflow/.local/lib/python3.12/site-packages/airflow/example_dags/example_short_circuit_operator.py
[2026-04-27T23:37:20.144+0000] {processor.py:840} INFO - DAG(s) 'example_short_circuit_operator' retrieved from /home/airflow/.local/lib/python3.12/site-packages/airflow/example_dags/example_short_circuit_operator.py
[2026-04-27T23:37:20.171+0000] {logging_mixin.py:188} INFO - [2026-04-27T23:37:20.171+0000] {dag.py:3096} INFO - Sync 1 DAGs
[2026-04-27T23:37:20.193+0000] {logging_mixin.py:188} INFO - [2026-04-27T23:37:20.193+0000] {dag.py:3954} INFO - Setting next_dagrun for example_short_circuit_operator to 2026-04-26 00:00:00+00:00, run_after=2026-04-27 00:00:00+00:00
[2026-04-27T23:37:20.412+0000] {processor.py:183} INFO - Processing /home/airflow/.local/lib/python3.12/site-packages/airflow/example_dags/example_short_circuit_operator.py took 0.286 seconds
[2026-04-27T23:37:51.152+0000] {processor.py:161} INFO - Started process (PID=869) to work on /home/airflow/.local/lib/python3.12/site-packages/airflow/example_dags/example_short_circuit_operator.py
[2026-04-27T23:37:51.153+0000] {processor.py:830} INFO - Processing file /home/airflow/.local/lib/python3.12/site-packages/airflow/example_dags/example_short_circuit_operator.py for tasks to queue
[2026-04-27T23:37:51.155+0000] {logging_mixin.py:188} INFO - [2026-04-27T23:37:51.155+0000] {dagbag.py:540} INFO - Filling up the DagBag from /home/airflow/.local/lib/python3.12/site-packages/airflow/example_dags/example_short_circuit_operator.py
[2026-04-27T23:37:51.163+0000] {processor.py:840} INFO - DAG(s) 'example_short_circuit_operator' retrieved from /home/airflow/.local/lib/python3.12/site-packages/airflow/example_dags/example_short_circuit_operator.py
[2026-04-27T23:37:51.195+0000] {logging_mixin.py:188} INFO - [2026-04-27T23:37:51.194+0000] {dag.py:3096} INFO - Sync 1 DAGs
[2026-04-27T23:37:51.217+0000] {logging_mixin.py:188} INFO - [2026-04-27T23:37:51.217+0000] {dag.py:3954} INFO - Setting next_dagrun for example_short_circuit_operator to 2026-04-26 00:00:00+00:00, run_after=2026-04-27 00:00:00+00:00
[2026-04-27T23:37:51.241+0000] {processor.py:183} INFO - Processing /home/airflow/.local/lib/python3.12/site-packages/airflow/example_dags/example_short_circuit_operator.py took 0.095 seconds
[2026-04-27T23:38:22.508+0000] {processor.py:161} INFO - Started process (PID=928) to work on /home/airflow/.local/lib/python3.12/site-packages/airflow/example_dags/example_short_circuit_operator.py
[2026-04-27T23:38:22.509+0000] {processor.py:830} INFO - Processing file /home/airflow/.local/lib/python3.12/site-packages/airflow/example_dags/example_short_circuit_operator.py for tasks to queue
[2026-04-27T23:38:22.512+0000] {logging_mixin.py:188} INFO - [2026-04-27T23:38:22.511+0000] {dagbag.py:540} INFO - Filling up the DagBag from /home/airflow/.local/lib/python3.12/site-packages/airflow/example_dags/example_short_circuit_operator.py
[2026-04-27T23:38:22.521+0000] {processor.py:840} INFO - DAG(s) 'example_short_circuit_operator' retrieved from /home/airflow/.local/lib/python3.12/site-packages/airflow/example_dags/example_short_circuit_operator.py
[2026-04-27T23:38:22.550+0000] {logging_mixin.py:188} INFO - [2026-04-27T23:38:22.550+0000] {dag.py:3096} INFO - Sync 1 DAGs
[2026-04-27T23:38:22.575+0000] {logging_mixin.py:188} INFO - [2026-04-27T23:38:22.574+0000] {dag.py:3954} INFO - Setting next_dagrun for example_short_circuit_operator to 2026-04-26 00:00:00+00:00, run_after=2026-04-27 00:00:00+00:00
[2026-04-27T23:38:22.597+0000] {processor.py:183} INFO - Processing /home/airflow/.local/lib/python3.12/site-packages/airflow/example_dags/example_short_circuit_operator.py took 0.096 seconds
[2026-04-27T23:38:52.753+0000] {processor.py:161} INFO - Started process (PID=985) to work on /home/airflow/.local/lib/python3.12/site-packages/airflow/example_dags/example_short_circuit_operator.py
[2026-04-27T23:38:52.754+0000] {processor.py:830} INFO - Processing file /home/airflow/.local/lib/python3.12/site-packages/airflow/example_dags/example_short_circuit_operator.py for tasks to queue
[2026-04-27T23:38:52.756+0000] {logging_mixin.py:188} INFO - [2026-04-27T23:38:52.756+0000] {dagbag.py:540} INFO - Filling up the DagBag from /home/airflow/.local/lib/python3.12/site-packages/airflow/example_dags/example_short_circuit_operator.py
[2026-04-27T23:38:52.766+0000] {processor.py:840} INFO - DAG(s) 'example_short_circuit_operator' retrieved from /home/airflow/.local/lib/python3.12/site-packages/airflow/example_dags/example_short_circuit_operator.py
[2026-04-27T23:38:52.799+0000] {logging_mixin.py:188} INFO - [2026-04-27T23:38:52.799+0000] {dag.py:3096} INFO - Sync 1 DAGs
[2026-04-27T23:38:52.828+0000] {logging_mixin.py:188} INFO - [2026-04-27T23:38:52.828+0000] {dag.py:3954} INFO - Setting next_dagrun for example_short_circuit_operator to 2026-04-26 00:00:00+00:00, run_after=2026-04-27 00:00:00+00:00
[2026-04-27T23:38:52.851+0000] {processor.py:183} INFO - Processing /home/airflow/.local/lib/python3.12/site-packages/airflow/example_dags/example_short_circuit_operator.py took 0.105 seconds
[2026-04-27T23:39:23.027+0000] {processor.py:161} INFO - Started process (PID=1043) to work on /home/airflow/.local/lib/python3.12/site-packages/airflow/example_dags/example_short_circuit_operator.py
[2026-04-27T23:39:23.029+0000] {processor.py:830} INFO - Processing file /home/airflow/.local/lib/python3.12/site-packages/airflow/example_dags/example_short_circuit_operator.py for tasks to queue
[2026-04-27T23:39:23.031+0000] {logging_mixin.py:188} INFO - [2026-04-27T23:39:23.031+0000] {dagbag.py:540} INFO - Filling up the DagBag from /home/airflow/.local/lib/python3.12/site-packages/airflow/example_dags/example_short_circuit_operator.py
[2026-04-27T23:39:23.041+0000] {processor.py:840} INFO - DAG(s) 'example_short_circuit_operator' retrieved from /home/airflow/.local/lib/python3.12/site-packages/airflow/example_dags/example_short_circuit_operator.py
[2026-04-27T23:39:23.069+0000] {logging_mixin.py:188} INFO - [2026-04-27T23:39:23.068+0000] {dag.py:3096} INFO - Sync 1 DAGs
[2026-04-27T23:39:23.093+0000] {logging_mixin.py:188} INFO - [2026-04-27T23:39:23.093+0000] {dag.py:3954} INFO - Setting next_dagrun for example_short_circuit_operator to 2026-04-26 00:00:00+00:00, run_after=2026-04-27 00:00:00+00:00
[2026-04-27T23:39:23.116+0000] {processor.py:183} INFO - Processing /home/airflow/.local/lib/python3.12/site-packages/airflow/example_dags/example_short_circuit_operator.py took 0.095 seconds
[2026-04-27T23:39:54.108+0000] {processor.py:161} INFO - Started process (PID=1103) to work on /home/airflow/.local/lib/python3.12/site-packages/airflow/example_dags/example_short_circuit_operator.py
[2026-04-27T23:39:54.110+0000] {processor.py:830} INFO - Processing file /home/airflow/.local/lib/python3.12/site-packages/airflow/example_dags/example_short_circuit_operator.py for tasks to queue
[2026-04-27T23:39:54.113+0000] {logging_mixin.py:188} INFO - [2026-04-27T23:39:54.112+0000] {dagbag.py:540} INFO - Filling up the DagBag from /home/airflow/.local/lib/python3.12/site-packages/airflow/example_dags/example_short_circuit_operator.py
[2026-04-27T23:39:54.128+0000] {processor.py:840} INFO - DAG(s) 'example_short_circuit_operator' retrieved from /home/airflow/.local/lib/python3.12/site-packages/airflow/example_dags/example_short_circuit_operator.py
[2026-04-27T23:39:54.158+0000] {logging_mixin.py:188} INFO - [2026-04-27T23:39:54.158+0000] {dag.py:3096} INFO - Sync 1 DAGs
[2026-04-27T23:39:54.187+0000] {logging_mixin.py:188} INFO - [2026-04-27T23:39:54.187+0000] {dag.py:3954} INFO - Setting next_dagrun for example_short_circuit_operator to 2026-04-26 00:00:00+00:00, run_after=2026-04-27 00:00:00+00:00
[2026-04-27T23:39:54.212+0000] {processor.py:183} INFO - Processing /home/airflow/.local/lib/python3.12/site-packages/airflow/example_dags/example_short_circuit_operator.py took 0.116 seconds
[2026-04-27T23:40:24.458+0000] {processor.py:161} INFO - Started process (PID=1161) to work on /home/airflow/.local/lib/python3.12/site-packages/airflow/example_dags/example_short_circuit_operator.py
[2026-04-27T23:40:24.460+0000] {processor.py:830} INFO - Processing file /home/airflow/.local/lib/python3.12/site-packages/airflow/example_dags/example_short_circuit_operator.py for tasks to queue
[2026-04-27T23:40:24.462+0000] {logging_mixin.py:188} INFO - [2026-04-27T23:40:24.462+0000] {dagbag.py:540} INFO - Filling up the DagBag from /home/airflow/.local/lib/python3.12/site-packages/airflow/example_dags/example_short_circuit_operator.py
[2026-04-27T23:40:24.470+0000] {processor.py:840} INFO - DAG(s) 'example_short_circuit_operator' retrieved from /home/airflow/.local/lib/python3.12/site-packages/airflow/example_dags/example_short_circuit_operator.py
[2026-04-27T23:40:24.496+0000] {logging_mixin.py:188} INFO - [2026-04-27T23:40:24.496+0000] {dag.py:3096} INFO - Sync 1 DAGs
[2026-04-27T23:40:24.518+0000] {logging_mixin.py:188} INFO - [2026-04-27T23:40:24.518+0000] {dag.py:3954} INFO - Setting next_dagrun for example_short_circuit_operator to 2026-04-26 00:00:00+00:00, run_after=2026-04-27 00:00:00+00:00
[2026-04-27T23:40:24.539+0000] {processor.py:183} INFO - Processing /home/airflow/.local/lib/python3.12/site-packages/airflow/example_dags/example_short_circuit_operator.py took 0.087 seconds
[2026-04-27T23:40:55.271+0000] {processor.py:161} INFO - Started process (PID=1221) to work on /home/airflow/.local/lib/python3.12/site-packages/airflow/example_dags/example_short_circuit_operator.py
[2026-04-27T23:40:55.272+0000] {processor.py:830} INFO - Processing file /home/airflow/.local/lib/python3.12/site-packages/airflow/example_dags/example_short_circuit_operator.py for tasks to queue
[2026-04-27T23:40:55.275+0000] {logging_mixin.py:188} INFO - [2026-04-27T23:40:55.274+0000] {dagbag.py:540} INFO - Filling up the DagBag from /home/airflow/.local/lib/python3.12/site-packages/airflow/example_dags/example_short_circuit_operator.py
[2026-04-27T23:40:55.285+0000] {processor.py:840} INFO - DAG(s) 'example_short_circuit_operator' retrieved from /home/airflow/.local/lib/python3.12/site-packages/airflow/example_dags/example_short_circuit_operator.py
[2026-04-27T23:40:55.316+0000] {logging_mixin.py:188} INFO - [2026-04-27T23:40:55.315+0000] {dag.py:3096} INFO - Sync 1 DAGs
[2026-04-27T23:40:55.343+0000] {logging_mixin.py:188} INFO - [2026-04-27T23:40:55.342+0000] {dag.py:3954} INFO - Setting next_dagrun for example_short_circuit_operator to 2026-04-26 00:00:00+00:00, run_after=2026-04-27 00:00:00+00:00
[2026-04-27T23:40:55.371+0000] {processor.py:183} INFO - Processing /home/airflow/.local/lib/python3.12/site-packages/airflow/example_dags/example_short_circuit_operator.py took 0.107 seconds
[2026-04-27T23:41:26.375+0000] {processor.py:161} INFO - Started process (PID=1280) to work on /home/airflow/.local/lib/python3.12/site-packages/airflow/example_dags/example_short_circuit_operator.py
[2026-04-27T23:41:26.377+0000] {processor.py:830} INFO - Processing file /home/airflow/.local/lib/python3.12/site-packages/airflow/example_dags/example_short_circuit_operator.py for tasks to queue
[2026-04-27T23:41:26.380+0000] {logging_mixin.py:188} INFO - [2026-04-27T23:41:26.380+0000] {dagbag.py:540} INFO - Filling up the DagBag from /home/airflow/.local/lib/python3.12/site-packages/airflow/example_dags/example_short_circuit_operator.py
[2026-04-27T23:41:26.392+0000] {processor.py:840} INFO - DAG(s) 'example_short_circuit_operator' retrieved from /home/airflow/.local/lib/python3.12/site-packages/airflow/example_dags/example_short_circuit_operator.py
[2026-04-27T23:41:26.420+0000] {logging_mixin.py:188} INFO - [2026-04-27T23:41:26.420+0000] {dag.py:3096} INFO - Sync 1 DAGs
[2026-04-27T23:41:26.652+0000] {logging_mixin.py:188} INFO - [2026-04-27T23:41:26.652+0000] {dag.py:3954} INFO - Setting next_dagrun for example_short_circuit_operator to 2026-04-26 00:00:00+00:00, run_after=2026-04-27 00:00:00+00:00
[2026-04-27T23:41:26.668+0000] {processor.py:183} INFO - Processing /home/airflow/.local/lib/python3.12/site-packages/airflow/example_dags/example_short_circuit_operator.py took 0.304 seconds
[2026-04-27T23:41:58.173+0000] {processor.py:161} INFO - Started process (PID=1339) to work on /home/airflow/.local/lib/python3.12/site-packages/airflow/example_dags/example_short_circuit_operator.py
[2026-04-27T23:41:58.174+0000] {processor.py:830} INFO - Processing file /home/airflow/.local/lib/python3.12/site-packages/airflow/example_dags/example_short_circuit_operator.py for tasks to queue
[2026-04-27T23:41:58.176+0000] {logging_mixin.py:188} INFO - [2026-04-27T23:41:58.176+0000] {dagbag.py:540} INFO - Filling up the DagBag from /home/airflow/.local/lib/python3.12/site-packages/airflow/example_dags/example_short_circuit_operator.py
[2026-04-27T23:41:58.185+0000] {processor.py:840} INFO - DAG(s) 'example_short_circuit_operator' retrieved from /home/airflow/.local/lib/python3.12/site-packages/airflow/example_dags/example_short_circuit_operator.py
[2026-04-27T23:41:58.210+0000] {logging_mixin.py:188} INFO - [2026-04-27T23:41:58.210+0000] {dag.py:3096} INFO - Sync 1 DAGs
[2026-04-27T23:41:58.232+0000] {logging_mixin.py:188} INFO - [2026-04-27T23:41:58.231+0000] {dag.py:3954} INFO - Setting next_dagrun for example_short_circuit_operator to 2026-04-26 00:00:00+00:00, run_after=2026-04-27 00:00:00+00:00
[2026-04-27T23:41:58.253+0000] {processor.py:183} INFO - Processing /home/airflow/.local/lib/python3.12/site-packages/airflow/example_dags/example_short_circuit_operator.py took 0.086 seconds
[2026-04-27T23:42:29.094+0000] {processor.py:161} INFO - Started process (PID=1398) to work on /home/airflow/.local/lib/python3.12/site-packages/airflow/example_dags/example_short_circuit_operator.py
[2026-04-27T23:42:29.096+0000] {processor.py:830} INFO - Processing file /home/airflow/.local/lib/python3.12/site-packages/airflow/example_dags/example_short_circuit_operator.py for tasks to queue
[2026-04-27T23:42:29.098+0000] {logging_mixin.py:188} INFO - [2026-04-27T23:42:29.098+0000] {dagbag.py:540} INFO - Filling up the DagBag from /home/airflow/.local/lib/python3.12/site-packages/airflow/example_dags/example_short_circuit_operator.py
[2026-04-27T23:42:29.107+0000] {processor.py:840} INFO - DAG(s) 'example_short_circuit_operator' retrieved from /home/airflow/.local/lib/python3.12/site-packages/airflow/example_dags/example_short_circuit_operator.py
[2026-04-27T23:42:29.134+0000] {logging_mixin.py:188} INFO - [2026-04-27T23:42:29.134+0000] {dag.py:3096} INFO - Sync 1 DAGs
[2026-04-27T23:42:29.158+0000] {logging_mixin.py:188} INFO - [2026-04-27T23:42:29.158+0000] {dag.py:3954} INFO - Setting next_dagrun for example_short_circuit_operator to 2026-04-26 00:00:00+00:00, run_after=2026-04-27 00:00:00+00:00
[2026-04-27T23:42:29.178+0000] {processor.py:183} INFO - Processing /home/airflow/.local/lib/python3.12/site-packages/airflow/example_dags/example_short_circuit_operator.py took 0.092 seconds
[2026-04-27T23:42:59.387+0000] {processor.py:161} INFO - Started process (PID=1457) to work on /home/airflow/.local/lib/python3.12/site-packages/airflow/example_dags/example_short_circuit_operator.py
[2026-04-27T23:42:59.388+0000] {processor.py:830} INFO - Processing file /home/airflow/.local/lib/python3.12/site-packages/airflow/example_dags/example_short_circuit_operator.py for tasks to queue
[2026-04-27T23:42:59.390+0000] {logging_mixin.py:188} INFO - [2026-04-27T23:42:59.390+0000] {dagbag.py:540} INFO - Filling up the DagBag from /home/airflow/.local/lib/python3.12/site-packages/airflow/example_dags/example_short_circuit_operator.py
[2026-04-27T23:42:59.399+0000] {processor.py:840} INFO - DAG(s) 'example_short_circuit_operator' retrieved from /home/airflow/.local/lib/python3.12/site-packages/airflow/example_dags/example_short_circuit_operator.py
[2026-04-27T23:42:59.425+0000] {logging_mixin.py:188} INFO - [2026-04-27T23:42:59.425+0000] {dag.py:3096} INFO - Sync 1 DAGs
[2026-04-27T23:42:59.448+0000] {logging_mixin.py:188} INFO - [2026-04-27T23:42:59.448+0000] {dag.py:3954} INFO - Setting next_dagrun for example_short_circuit_operator to 2026-04-26 00:00:00+00:00, run_after=2026-04-27 00:00:00+00:00
[2026-04-27T23:42:59.471+0000] {processor.py:183} INFO - Processing /home/airflow/.local/lib/python3.12/site-packages/airflow/example_dags/example_short_circuit_operator.py took 0.091 seconds
[2026-04-27T23:43:29.997+0000] {processor.py:161} INFO - Started process (PID=1516) to work on /home/airflow/.local/lib/python3.12/site-packages/airflow/example_dags/example_short_circuit_operator.py
[2026-04-27T23:43:29.998+0000] {processor.py:830} INFO - Processing file /home/airflow/.local/lib/python3.12/site-packages/airflow/example_dags/example_short_circuit_operator.py for tasks to queue
[2026-04-27T23:43:30.001+0000] {logging_mixin.py:188} INFO - [2026-04-27T23:43:30.001+0000] {dagbag.py:540} INFO - Filling up the DagBag from /home/airflow/.local/lib/python3.12/site-packages/airflow/example_dags/example_short_circuit_operator.py
[2026-04-27T23:43:30.010+0000] {processor.py:840} INFO - DAG(s) 'example_short_circuit_operator' retrieved from /home/airflow/.local/lib/python3.12/site-packages/airflow/example_dags/example_short_circuit_operator.py
[2026-04-27T23:43:30.037+0000] {logging_mixin.py:188} INFO - [2026-04-27T23:43:30.037+0000] {dag.py:3096} INFO - Sync 1 DAGs
[2026-04-27T23:43:30.060+0000] {logging_mixin.py:188} INFO - [2026-04-27T23:43:30.060+0000] {dag.py:3954} INFO - Setting next_dagrun for example_short_circuit_operator to 2026-04-26 00:00:00+00:00, run_after=2026-04-27 00:00:00+00:00
[2026-04-27T23:43:30.083+0000] {processor.py:183} INFO - Processing /home/airflow/.local/lib/python3.12/site-packages/airflow/example_dags/example_short_circuit_operator.py took 0.093 seconds
[2026-04-27T23:44:00.719+0000] {processor.py:161} INFO - Started process (PID=1575) to work on /home/airflow/.local/lib/python3.12/site-packages/airflow/example_dags/example_short_circuit_operator.py
[2026-04-27T23:44:00.721+0000] {processor.py:830} INFO - Processing file /home/airflow/.local/lib/python3.12/site-packages/airflow/example_dags/example_short_circuit_operator.py for tasks to queue
[2026-04-27T23:44:00.724+0000] {logging_mixin.py:188} INFO - [2026-04-27T23:44:00.724+0000] {dagbag.py:540} INFO - Filling up the DagBag from /home/airflow/.local/lib/python3.12/site-packages/airflow/example_dags/example_short_circuit_operator.py
[2026-04-27T23:44:00.733+0000] {processor.py:840} INFO - DAG(s) 'example_short_circuit_operator' retrieved from /home/airflow/.local/lib/python3.12/site-packages/airflow/example_dags/example_short_circuit_operator.py
[2026-04-27T23:44:00.765+0000] {logging_mixin.py:188} INFO - [2026-04-27T23:44:00.765+0000] {dag.py:3096} INFO - Sync 1 DAGs
[2026-04-27T23:44:00.810+0000] {logging_mixin.py:188} INFO - [2026-04-27T23:44:00.810+0000] {dag.py:3954} INFO - Setting next_dagrun for example_short_circuit_operator to 2026-04-26 00:00:00+00:00, run_after=2026-04-27 00:00:00+00:00
[2026-04-27T23:44:00.844+0000] {processor.py:183} INFO - Processing /home/airflow/.local/lib/python3.12/site-packages/airflow/example_dags/example_short_circuit_operator.py took 0.133 seconds
[2026-04-27T23:44:31.185+0000] {processor.py:161} INFO - Started process (PID=1634) to work on /home/airflow/.local/lib/python3.12/site-packages/airflow/example_dags/example_short_circuit_operator.py
[2026-04-27T23:44:31.187+0000] {processor.py:830} INFO - Processing file /home/airflow/.local/lib/python3.12/site-packages/airflow/example_dags/example_short_circuit_operator.py for tasks to queue
[2026-04-27T23:44:31.190+0000] {logging_mixin.py:188} INFO - [2026-04-27T23:44:31.189+0000] {dagbag.py:540} INFO - Filling up the DagBag from /home/airflow/.local/lib/python3.12/site-packages/airflow/example_dags/example_short_circuit_operator.py
[2026-04-27T23:44:31.202+0000] {processor.py:840} INFO - DAG(s) 'example_short_circuit_operator' retrieved from /home/airflow/.local/lib/python3.12/site-packages/airflow/example_dags/example_short_circuit_operator.py
[2026-04-27T23:44:31.238+0000] {logging_mixin.py:188} INFO - [2026-04-27T23:44:31.238+0000] {dag.py:3096} INFO - Sync 1 DAGs
[2026-04-27T23:44:31.265+0000] {logging_mixin.py:188} INFO - [2026-04-27T23:44:31.264+0000] {dag.py:3954} INFO - Setting next_dagrun for example_short_circuit_operator to 2026-04-26 00:00:00+00:00, run_after=2026-04-27 00:00:00+00:00
[2026-04-27T23:44:31.286+0000] {processor.py:183} INFO - Processing /home/airflow/.local/lib/python3.12/site-packages/airflow/example_dags/example_short_circuit_operator.py took 0.112 seconds
[2026-04-27T23:45:01.397+0000] {processor.py:161} INFO - Started process (PID=1692) to work on /home/airflow/.local/lib/python3.12/site-packages/airflow/example_dags/example_short_circuit_operator.py
[2026-04-27T23:45:01.398+0000] {processor.py:830} INFO - Processing file /home/airflow/.local/lib/python3.12/site-packages/airflow/example_dags/example_short_circuit_operator.py for tasks to queue
[2026-04-27T23:45:01.400+0000] {logging_mixin.py:188} INFO - [2026-04-27T23:45:01.400+0000] {dagbag.py:540} INFO - Filling up the DagBag from /home/airflow/.local/lib/python3.12/site-packages/airflow/example_dags/example_short_circuit_operator.py
[2026-04-27T23:45:01.409+0000] {processor.py:840} INFO - DAG(s) 'example_short_circuit_operator' retrieved from /home/airflow/.local/lib/python3.12/site-packages/airflow/example_dags/example_short_circuit_operator.py
[2026-04-27T23:45:01.438+0000] {logging_mixin.py:188} INFO - [2026-04-27T23:45:01.438+0000] {dag.py:3096} INFO - Sync 1 DAGs
[2026-04-27T23:45:01.461+0000] {logging_mixin.py:188} INFO - [2026-04-27T23:45:01.461+0000] {dag.py:3954} INFO - Setting next_dagrun for example_short_circuit_operator to 2026-04-26 00:00:00+00:00, run_after=2026-04-27 00:00:00+00:00
[2026-04-27T23:45:01.482+0000] {processor.py:183} INFO - Processing /home/airflow/.local/lib/python3.12/site-packages/airflow/example_dags/example_short_circuit_operator.py took 0.092 seconds
[2026-04-27T23:45:32.036+0000] {processor.py:161} INFO - Started process (PID=1751) to work on /home/airflow/.local/lib/python3.12/site-packages/airflow/example_dags/example_short_circuit_operator.py
[2026-04-27T23:45:32.037+0000] {processor.py:830} INFO - Processing file /home/airflow/.local/lib/python3.12/site-packages/airflow/example_dags/example_short_circuit_operator.py for tasks to queue
[2026-04-27T23:45:32.039+0000] {logging_mixin.py:188} INFO - [2026-04-27T23:45:32.039+0000] {dagbag.py:540} INFO - Filling up the DagBag from /home/airflow/.local/lib/python3.12/site-packages/airflow/example_dags/example_short_circuit_operator.py
[2026-04-27T23:45:32.047+0000] {processor.py:840} INFO - DAG(s) 'example_short_circuit_operator' retrieved from /home/airflow/.local/lib/python3.12/site-packages/airflow/example_dags/example_short_circuit_operator.py
[2026-04-27T23:45:32.074+0000] {logging_mixin.py:188} INFO - [2026-04-27T23:45:32.074+0000] {dag.py:3096} INFO - Sync 1 DAGs
[2026-04-27T23:45:32.101+0000] {logging_mixin.py:188} INFO - [2026-04-27T23:45:32.100+0000] {dag.py:3954} INFO - Setting next_dagrun for example_short_circuit_operator to 2026-04-26 00:00:00+00:00, run_after=2026-04-27 00:00:00+00:00
[2026-04-27T23:45:32.124+0000] {processor.py:183} INFO - Processing /home/airflow/.local/lib/python3.12/site-packages/airflow/example_dags/example_short_circuit_operator.py took 0.095 seconds
[2026-04-27T23:46:02.578+0000] {processor.py:161} INFO - Started process (PID=1811) to work on /home/airflow/.local/lib/python3.12/site-packages/airflow/example_dags/example_short_circuit_operator.py
[2026-04-27T23:46:02.580+0000] {processor.py:830} INFO - Processing file /home/airflow/.local/lib/python3.12/site-packages/airflow/example_dags/example_short_circuit_operator.py for tasks to queue
[2026-04-27T23:46:02.583+0000] {logging_mixin.py:188} INFO - [2026-04-27T23:46:02.582+0000] {dagbag.py:540} INFO - Filling up the DagBag from /home/airflow/.local/lib/python3.12/site-packages/airflow/example_dags/example_short_circuit_operator.py
[2026-04-27T23:46:02.592+0000] {processor.py:840} INFO - DAG(s) 'example_short_circuit_operator' retrieved from /home/airflow/.local/lib/python3.12/site-packages/airflow/example_dags/example_short_circuit_operator.py
[2026-04-27T23:46:02.619+0000] {logging_mixin.py:188} INFO - [2026-04-27T23:46:02.619+0000] {dag.py:3096} INFO - Sync 1 DAGs
[2026-04-27T23:46:02.646+0000] {logging_mixin.py:188} INFO - [2026-04-27T23:46:02.646+0000] {dag.py:3954} INFO - Setting next_dagrun for example_short_circuit_operator to 2026-04-26 00:00:00+00:00, run_after=2026-04-27 00:00:00+00:00
[2026-04-27T23:46:02.672+0000] {processor.py:183} INFO - Processing /home/airflow/.local/lib/python3.12/site-packages/airflow/example_dags/example_short_circuit_operator.py took 0.102 seconds
[2026-04-27T23:46:33.134+0000] {processor.py:161} INFO - Started process (PID=1870) to work on /home/airflow/.local/lib/python3.12/site-packages/airflow/example_dags/example_short_circuit_operator.py
[2026-04-27T23:46:33.136+0000] {processor.py:830} INFO - Processing file /home/airflow/.local/lib/python3.12/site-packages/airflow/example_dags/example_short_circuit_operator.py for tasks to queue
[2026-04-27T23:46:33.138+0000] {logging_mixin.py:188} INFO - [2026-04-27T23:46:33.138+0000] {dagbag.py:540} INFO - Filling up the DagBag from /home/airflow/.local/lib/python3.12/site-packages/airflow/example_dags/example_short_circuit_operator.py
[2026-04-27T23:46:33.148+0000] {processor.py:840} INFO - DAG(s) 'example_short_circuit_operator' retrieved from /home/airflow/.local/lib/python3.12/site-packages/airflow/example_dags/example_short_circuit_operator.py
[2026-04-27T23:46:33.177+0000] {logging_mixin.py:188} INFO - [2026-04-27T23:46:33.177+0000] {dag.py:3096} INFO - Sync 1 DAGs
[2026-04-27T23:46:33.210+0000] {logging_mixin.py:188} INFO - [2026-04-27T23:46:33.210+0000] {dag.py:3954} INFO - Setting next_dagrun for example_short_circuit_operator to 2026-04-26 00:00:00+00:00, run_after=2026-04-27 00:00:00+00:00
[2026-04-27T23:46:33.233+0000] {processor.py:183} INFO - Processing /home/airflow/.local/lib/python3.12/site-packages/airflow/example_dags/example_short_circuit_operator.py took 0.105 seconds
[2026-04-27T23:47:03.563+0000] {processor.py:161} INFO - Started process (PID=1929) to work on /home/airflow/.local/lib/python3.12/site-packages/airflow/example_dags/example_short_circuit_operator.py
[2026-04-27T23:47:03.566+0000] {processor.py:830} INFO - Processing file /home/airflow/.local/lib/python3.12/site-packages/airflow/example_dags/example_short_circuit_operator.py for tasks to queue
[2026-04-27T23:47:03.570+0000] {logging_mixin.py:188} INFO - [2026-04-27T23:47:03.569+0000] {dagbag.py:540} INFO - Filling up the DagBag from /home/airflow/.local/lib/python3.12/site-packages/airflow/example_dags/example_short_circuit_operator.py
[2026-04-27T23:47:03.579+0000] {processor.py:840} INFO - DAG(s) 'example_short_circuit_operator' retrieved from /home/airflow/.local/lib/python3.12/site-packages/airflow/example_dags/example_short_circuit_operator.py
[2026-04-27T23:47:03.607+0000] {logging_mixin.py:188} INFO - [2026-04-27T23:47:03.607+0000] {dag.py:3096} INFO - Sync 1 DAGs
[2026-04-27T23:47:03.638+0000] {logging_mixin.py:188} INFO - [2026-04-27T23:47:03.638+0000] {dag.py:3954} INFO - Setting next_dagrun for example_short_circuit_operator to 2026-04-26 00:00:00+00:00, run_after=2026-04-27 00:00:00+00:00
[2026-04-27T23:47:03.664+0000] {processor.py:183} INFO - Processing /home/airflow/.local/lib/python3.12/site-packages/airflow/example_dags/example_short_circuit_operator.py took 0.116 seconds
[2026-04-27T23:47:34.239+0000] {processor.py:161} INFO - Started process (PID=1987) to work on /home/airflow/.local/lib/python3.12/site-packages/airflow/example_dags/example_short_circuit_operator.py
[2026-04-27T23:47:34.240+0000] {processor.py:830} INFO - Processing file /home/airflow/.local/lib/python3.12/site-packages/airflow/example_dags/example_short_circuit_operator.py for tasks to queue
[2026-04-27T23:47:34.243+0000] {logging_mixin.py:188} INFO - [2026-04-27T23:47:34.243+0000] {dagbag.py:540} INFO - Filling up the DagBag from /home/airflow/.local/lib/python3.12/site-packages/airflow/example_dags/example_short_circuit_operator.py
[2026-04-27T23:47:34.253+0000] {processor.py:840} INFO - DAG(s) 'example_short_circuit_operator' retrieved from /home/airflow/.local/lib/python3.12/site-packages/airflow/example_dags/example_short_circuit_operator.py
[2026-04-27T23:47:34.269+0000] {logging_mixin.py:188} INFO - [2026-04-27T23:47:34.269+0000] {dag.py:3096} INFO - Sync 1 DAGs
[2026-04-27T23:47:34.295+0000] {logging_mixin.py:188} INFO - [2026-04-27T23:47:34.295+0000] {dag.py:3954} INFO - Setting next_dagrun for example_short_circuit_operator to 2026-04-26 00:00:00+00:00, run_after=2026-04-27 00:00:00+00:00
[2026-04-27T23:47:34.319+0000] {processor.py:183} INFO - Processing /home/airflow/.local/lib/python3.12/site-packages/airflow/example_dags/example_short_circuit_operator.py took 0.088 seconds
[2026-04-27T23:48:04.546+0000] {processor.py:161} INFO - Started process (PID=2046) to work on /home/airflow/.local/lib/python3.12/site-packages/airflow/example_dags/example_short_circuit_operator.py
[2026-04-27T23:48:04.547+0000] {processor.py:830} INFO - Processing file /home/airflow/.local/lib/python3.12/site-packages/airflow/example_dags/example_short_circuit_operator.py for tasks to queue
[2026-04-27T23:48:04.549+0000] {logging_mixin.py:188} INFO - [2026-04-27T23:48:04.549+0000] {dagbag.py:540} INFO - Filling up the DagBag from /home/airflow/.local/lib/python3.12/site-packages/airflow/example_dags/example_short_circuit_operator.py
[2026-04-27T23:48:04.558+0000] {processor.py:840} INFO - DAG(s) 'example_short_circuit_operator' retrieved from /home/airflow/.local/lib/python3.12/site-packages/airflow/example_dags/example_short_circuit_operator.py
[2026-04-27T23:48:04.679+0000] {logging_mixin.py:188} INFO - [2026-04-27T23:48:04.679+0000] {dag.py:3096} INFO - Sync 1 DAGs
[2026-04-27T23:48:04.700+0000] {logging_mixin.py:188} INFO - [2026-04-27T23:48:04.700+0000] {dag.py:3954} INFO - Setting next_dagrun for example_short_circuit_operator to 2026-04-26 00:00:00+00:00, run_after=2026-04-27 00:00:00+00:00
[2026-04-27T23:48:04.723+0000] {processor.py:183} INFO - Processing /home/airflow/.local/lib/python3.12/site-packages/airflow/example_dags/example_short_circuit_operator.py took 0.184 seconds
[2026-04-27T23:48:35.693+0000] {processor.py:161} INFO - Started process (PID=2105) to work on /home/airflow/.local/lib/python3.12/site-packages/airflow/example_dags/example_short_circuit_operator.py
[2026-04-27T23:48:35.695+0000] {processor.py:830} INFO - Processing file /home/airflow/.local/lib/python3.12/site-packages/airflow/example_dags/example_short_circuit_operator.py for tasks to queue
[2026-04-27T23:48:35.699+0000] {logging_mixin.py:188} INFO - [2026-04-27T23:48:35.698+0000] {dagbag.py:540} INFO - Filling up the DagBag from /home/airflow/.local/lib/python3.12/site-packages/airflow/example_dags/example_short_circuit_operator.py
[2026-04-27T23:48:35.711+0000] {processor.py:840} INFO - DAG(s) 'example_short_circuit_operator' retrieved from /home/airflow/.local/lib/python3.12/site-packages/airflow/example_dags/example_short_circuit_operator.py
[2026-04-27T23:48:35.744+0000] {logging_mixin.py:188} INFO - [2026-04-27T23:48:35.744+0000] {dag.py:3096} INFO - Sync 1 DAGs
[2026-04-27T23:48:35.772+0000] {logging_mixin.py:188} INFO - [2026-04-27T23:48:35.772+0000] {dag.py:3954} INFO - Setting next_dagrun for example_short_circuit_operator to 2026-04-26 00:00:00+00:00, run_after=2026-04-27 00:00:00+00:00
[2026-04-27T23:48:35.796+0000] {processor.py:183} INFO - Processing /home/airflow/.local/lib/python3.12/site-packages/airflow/example_dags/example_short_circuit_operator.py took 0.113 seconds
[2026-04-27T23:49:06.342+0000] {processor.py:161} INFO - Started process (PID=2164) to work on /home/airflow/.local/lib/python3.12/site-packages/airflow/example_dags/example_short_circuit_operator.py
[2026-04-27T23:49:06.344+0000] {processor.py:830} INFO - Processing file /home/airflow/.local/lib/python3.12/site-packages/airflow/example_dags/example_short_circuit_operator.py for tasks to queue
[2026-04-27T23:49:06.347+0000] {logging_mixin.py:188} INFO - [2026-04-27T23:49:06.347+0000] {dagbag.py:540} INFO - Filling up the DagBag from /home/airflow/.local/lib/python3.12/site-packages/airflow/example_dags/example_short_circuit_operator.py
[2026-04-27T23:49:06.358+0000] {processor.py:840} INFO - DAG(s) 'example_short_circuit_operator' retrieved from /home/airflow/.local/lib/python3.12/site-packages/airflow/example_dags/example_short_circuit_operator.py
[2026-04-27T23:49:06.387+0000] {logging_mixin.py:188} INFO - [2026-04-27T23:49:06.386+0000] {dag.py:3096} INFO - Sync 1 DAGs
[2026-04-27T23:49:07.645+0000] {logging_mixin.py:188} INFO - [2026-04-27T23:49:07.645+0000] {dag.py:3954} INFO - Setting next_dagrun for example_short_circuit_operator to 2026-04-26 00:00:00+00:00, run_after=2026-04-27 00:00:00+00:00
[2026-04-27T23:49:07.681+0000] {processor.py:183} INFO - Processing /home/airflow/.local/lib/python3.12/site-packages/airflow/example_dags/example_short_circuit_operator.py took 1.349 seconds
[2026-04-27T23:49:38.015+0000] {processor.py:161} INFO - Started process (PID=2223) to work on /home/airflow/.local/lib/python3.12/site-packages/airflow/example_dags/example_short_circuit_operator.py
[2026-04-27T23:49:38.016+0000] {processor.py:830} INFO - Processing file /home/airflow/.local/lib/python3.12/site-packages/airflow/example_dags/example_short_circuit_operator.py for tasks to queue
[2026-04-27T23:49:38.019+0000] {logging_mixin.py:188} INFO - [2026-04-27T23:49:38.018+0000] {dagbag.py:540} INFO - Filling up the DagBag from /home/airflow/.local/lib/python3.12/site-packages/airflow/example_dags/example_short_circuit_operator.py
[2026-04-27T23:49:38.030+0000] {processor.py:840} INFO - DAG(s) 'example_short_circuit_operator' retrieved from /home/airflow/.local/lib/python3.12/site-packages/airflow/example_dags/example_short_circuit_operator.py
[2026-04-27T23:49:38.060+0000] {logging_mixin.py:188} INFO - [2026-04-27T23:49:38.060+0000] {dag.py:3096} INFO - Sync 1 DAGs
[2026-04-27T23:49:38.090+0000] {logging_mixin.py:188} INFO - [2026-04-27T23:49:38.090+0000] {dag.py:3954} INFO - Setting next_dagrun for example_short_circuit_operator to 2026-04-26 00:00:00+00:00, run_after=2026-04-27 00:00:00+00:00
[2026-04-27T23:49:38.114+0000] {processor.py:183} INFO - Processing /home/airflow/.local/lib/python3.12/site-packages/airflow/example_dags/example_short_circuit_operator.py took 0.106 seconds
[2026-04-27T23:50:08.219+0000] {processor.py:161} INFO - Started process (PID=2282) to work on /home/airflow/.local/lib/python3.12/site-packages/airflow/example_dags/example_short_circuit_operator.py
[2026-04-27T23:50:08.220+0000] {processor.py:830} INFO - Processing file /home/airflow/.local/lib/python3.12/site-packages/airflow/example_dags/example_short_circuit_operator.py for tasks to queue
[2026-04-27T23:50:08.222+0000] {logging_mixin.py:188} INFO - [2026-04-27T23:50:08.222+0000] {dagbag.py:540} INFO - Filling up the DagBag from /home/airflow/.local/lib/python3.12/site-packages/airflow/example_dags/example_short_circuit_operator.py
[2026-04-27T23:50:08.230+0000] {processor.py:840} INFO - DAG(s) 'example_short_circuit_operator' retrieved from /home/airflow/.local/lib/python3.12/site-packages/airflow/example_dags/example_short_circuit_operator.py
[2026-04-27T23:50:08.257+0000] {logging_mixin.py:188} INFO - [2026-04-27T23:50:08.256+0000] {dag.py:3096} INFO - Sync 1 DAGs
[2026-04-27T23:50:08.280+0000] {logging_mixin.py:188} INFO - [2026-04-27T23:50:08.280+0000] {dag.py:3954} INFO - Setting next_dagrun for example_short_circuit_operator to 2026-04-26 00:00:00+00:00, run_after=2026-04-27 00:00:00+00:00
[2026-04-27T23:50:08.301+0000] {processor.py:183} INFO - Processing /home/airflow/.local/lib/python3.12/site-packages/airflow/example_dags/example_short_circuit_operator.py took 0.089 seconds
[2026-04-27T23:58:34.493+0000] {processor.py:161} INFO - Started process (PID=95) to work on /home/airflow/.local/lib/python3.12/site-packages/airflow/example_dags/example_short_circuit_operator.py
[2026-04-27T23:58:34.507+0000] {processor.py:830} INFO - Processing file /home/airflow/.local/lib/python3.12/site-packages/airflow/example_dags/example_short_circuit_operator.py for tasks to queue
[2026-04-27T23:58:34.510+0000] {logging_mixin.py:188} INFO - [2026-04-27T23:58:34.509+0000] {dagbag.py:540} INFO - Filling up the DagBag from /home/airflow/.local/lib/python3.12/site-packages/airflow/example_dags/example_short_circuit_operator.py
[2026-04-27T23:58:34.518+0000] {processor.py:840} INFO - DAG(s) 'example_short_circuit_operator' retrieved from /home/airflow/.local/lib/python3.12/site-packages/airflow/example_dags/example_short_circuit_operator.py
[2026-04-27T23:58:34.628+0000] {logging_mixin.py:188} INFO - [2026-04-27T23:58:34.628+0000] {dag.py:3096} INFO - Sync 1 DAGs
[2026-04-27T23:58:34.648+0000] {logging_mixin.py:188} INFO - [2026-04-27T23:58:34.648+0000] {dag.py:3954} INFO - Setting next_dagrun for example_short_circuit_operator to 2026-04-26 00:00:00+00:00, run_after=2026-04-27 00:00:00+00:00
[2026-04-27T23:58:34.671+0000] {processor.py:183} INFO - Processing /home/airflow/.local/lib/python3.12/site-packages/airflow/example_dags/example_short_circuit_operator.py took 0.185 seconds
[2026-04-27T23:59:48.172+0000] {processor.py:161} INFO - Started process (PID=89) to work on /home/airflow/.local/lib/python3.12/site-packages/airflow/example_dags/example_short_circuit_operator.py
[2026-04-27T23:59:48.178+0000] {processor.py:830} INFO - Processing file /home/airflow/.local/lib/python3.12/site-packages/airflow/example_dags/example_short_circuit_operator.py for tasks to queue
[2026-04-27T23:59:48.181+0000] {logging_mixin.py:188} INFO - [2026-04-27T23:59:48.180+0000] {dagbag.py:540} INFO - Filling up the DagBag from /home/airflow/.local/lib/python3.12/site-packages/airflow/example_dags/example_short_circuit_operator.py
[2026-04-27T23:59:48.189+0000] {processor.py:840} INFO - DAG(s) 'example_short_circuit_operator' retrieved from /home/airflow/.local/lib/python3.12/site-packages/airflow/example_dags/example_short_circuit_operator.py
[2026-04-27T23:59:48.216+0000] {logging_mixin.py:188} INFO - [2026-04-27T23:59:48.216+0000] {dag.py:3096} INFO - Sync 1 DAGs
[2026-04-27T23:59:48.240+0000] {logging_mixin.py:188} INFO - [2026-04-27T23:59:48.240+0000] {dag.py:3954} INFO - Setting next_dagrun for example_short_circuit_operator to 2026-04-26 00:00:00+00:00, run_after=2026-04-27 00:00:00+00:00
[2026-04-27T23:59:48.262+0000] {processor.py:183} INFO - Processing /home/airflow/.local/lib/python3.12/site-packages/airflow/example_dags/example_short_circuit_operator.py took 0.096 seconds
