[2026-04-27T23:30:21.368+0000] {processor.py:161} INFO - Started process (PID=98) to work on /home/airflow/.local/lib/python3.12/site-packages/airflow/example_dags/example_trigger_target_dag.py
[2026-04-27T23:30:21.369+0000] {processor.py:830} INFO - Processing file /home/airflow/.local/lib/python3.12/site-packages/airflow/example_dags/example_trigger_target_dag.py for tasks to queue
[2026-04-27T23:30:21.371+0000] {logging_mixin.py:188} INFO - [2026-04-27T23:30:21.371+0000] {dagbag.py:540} INFO - Filling up the DagBag from /home/airflow/.local/lib/python3.12/site-packages/airflow/example_dags/example_trigger_target_dag.py
[2026-04-27T23:30:21.500+0000] {processor.py:840} INFO - DAG(s) 'example_trigger_target_dag' retrieved from /home/airflow/.local/lib/python3.12/site-packages/airflow/example_dags/example_trigger_target_dag.py
[2026-04-27T23:30:21.523+0000] {logging_mixin.py:188} INFO - [2026-04-27T23:30:21.522+0000] {dag.py:3096} INFO - Sync 1 DAGs
[2026-04-27T23:30:21.538+0000] {logging_mixin.py:188} INFO - [2026-04-27T23:30:21.538+0000] {dag.py:3954} INFO - Setting next_dagrun for example_trigger_target_dag to None, run_after=None
[2026-04-27T23:30:21.563+0000] {processor.py:183} INFO - Processing /home/airflow/.local/lib/python3.12/site-packages/airflow/example_dags/example_trigger_target_dag.py took 0.202 seconds
[2026-04-27T23:30:55.238+0000] {processor.py:161} INFO - Started process (PID=157) to work on /home/airflow/.local/lib/python3.12/site-packages/airflow/example_dags/example_trigger_target_dag.py
[2026-04-27T23:30:55.361+0000] {processor.py:830} INFO - Processing file /home/airflow/.local/lib/python3.12/site-packages/airflow/example_dags/example_trigger_target_dag.py for tasks to queue
[2026-04-27T23:30:55.371+0000] {logging_mixin.py:188} INFO - [2026-04-27T23:30:55.370+0000] {dagbag.py:540} INFO - Filling up the DagBag from /home/airflow/.local/lib/python3.12/site-packages/airflow/example_dags/example_trigger_target_dag.py
[2026-04-27T23:30:55.390+0000] {processor.py:840} INFO - DAG(s) 'example_trigger_target_dag' retrieved from /home/airflow/.local/lib/python3.12/site-packages/airflow/example_dags/example_trigger_target_dag.py
[2026-04-27T23:30:55.416+0000] {logging_mixin.py:188} INFO - [2026-04-27T23:30:55.416+0000] {dag.py:3096} INFO - Sync 1 DAGs
[2026-04-27T23:30:55.429+0000] {logging_mixin.py:188} INFO - [2026-04-27T23:30:55.429+0000] {dag.py:3954} INFO - Setting next_dagrun for example_trigger_target_dag to None, run_after=None
[2026-04-27T23:30:55.450+0000] {processor.py:183} INFO - Processing /home/airflow/.local/lib/python3.12/site-packages/airflow/example_dags/example_trigger_target_dag.py took 0.218 seconds
[2026-04-27T23:32:13.162+0000] {processor.py:161} INFO - Started process (PID=222) to work on /home/airflow/.local/lib/python3.12/site-packages/airflow/example_dags/example_trigger_target_dag.py
[2026-04-27T23:32:13.757+0000] {processor.py:830} INFO - Processing file /home/airflow/.local/lib/python3.12/site-packages/airflow/example_dags/example_trigger_target_dag.py for tasks to queue
[2026-04-27T23:32:14.057+0000] {logging_mixin.py:188} INFO - [2026-04-27T23:32:14.057+0000] {dagbag.py:540} INFO - Filling up the DagBag from /home/airflow/.local/lib/python3.12/site-packages/airflow/example_dags/example_trigger_target_dag.py
[2026-04-27T23:32:14.064+0000] {processor.py:840} INFO - DAG(s) 'example_trigger_target_dag' retrieved from /home/airflow/.local/lib/python3.12/site-packages/airflow/example_dags/example_trigger_target_dag.py
[2026-04-27T23:32:14.342+0000] {logging_mixin.py:188} INFO - [2026-04-27T23:32:14.341+0000] {dag.py:3096} INFO - Sync 1 DAGs
[2026-04-27T23:32:15.330+0000] {logging_mixin.py:188} INFO - [2026-04-27T23:32:15.330+0000] {dag.py:3954} INFO - Setting next_dagrun for example_trigger_target_dag to None, run_after=None
[2026-04-27T23:32:15.952+0000] {processor.py:183} INFO - Processing /home/airflow/.local/lib/python3.12/site-packages/airflow/example_dags/example_trigger_target_dag.py took 2.799 seconds
[2026-04-27T23:32:48.444+0000] {processor.py:161} INFO - Started process (PID=281) to work on /home/airflow/.local/lib/python3.12/site-packages/airflow/example_dags/example_trigger_target_dag.py
[2026-04-27T23:32:48.445+0000] {processor.py:830} INFO - Processing file /home/airflow/.local/lib/python3.12/site-packages/airflow/example_dags/example_trigger_target_dag.py for tasks to queue
[2026-04-27T23:32:48.447+0000] {logging_mixin.py:188} INFO - [2026-04-27T23:32:48.447+0000] {dagbag.py:540} INFO - Filling up the DagBag from /home/airflow/.local/lib/python3.12/site-packages/airflow/example_dags/example_trigger_target_dag.py
[2026-04-27T23:32:48.454+0000] {processor.py:840} INFO - DAG(s) 'example_trigger_target_dag' retrieved from /home/airflow/.local/lib/python3.12/site-packages/airflow/example_dags/example_trigger_target_dag.py
[2026-04-27T23:32:48.474+0000] {logging_mixin.py:188} INFO - [2026-04-27T23:32:48.474+0000] {dag.py:3096} INFO - Sync 1 DAGs
[2026-04-27T23:32:48.488+0000] {logging_mixin.py:188} INFO - [2026-04-27T23:32:48.487+0000] {dag.py:3954} INFO - Setting next_dagrun for example_trigger_target_dag to None, run_after=None
[2026-04-27T23:32:48.506+0000] {processor.py:183} INFO - Processing /home/airflow/.local/lib/python3.12/site-packages/airflow/example_dags/example_trigger_target_dag.py took 0.069 seconds
[2026-04-27T23:33:19.948+0000] {processor.py:161} INFO - Started process (PID=339) to work on /home/airflow/.local/lib/python3.12/site-packages/airflow/example_dags/example_trigger_target_dag.py
[2026-04-27T23:33:19.949+0000] {processor.py:830} INFO - Processing file /home/airflow/.local/lib/python3.12/site-packages/airflow/example_dags/example_trigger_target_dag.py for tasks to queue
[2026-04-27T23:33:19.952+0000] {logging_mixin.py:188} INFO - [2026-04-27T23:33:19.951+0000] {dagbag.py:540} INFO - Filling up the DagBag from /home/airflow/.local/lib/python3.12/site-packages/airflow/example_dags/example_trigger_target_dag.py
[2026-04-27T23:33:19.958+0000] {processor.py:840} INFO - DAG(s) 'example_trigger_target_dag' retrieved from /home/airflow/.local/lib/python3.12/site-packages/airflow/example_dags/example_trigger_target_dag.py
[2026-04-27T23:33:19.980+0000] {logging_mixin.py:188} INFO - [2026-04-27T23:33:19.979+0000] {dag.py:3096} INFO - Sync 1 DAGs
[2026-04-27T23:33:19.993+0000] {logging_mixin.py:188} INFO - [2026-04-27T23:33:19.993+0000] {dag.py:3954} INFO - Setting next_dagrun for example_trigger_target_dag to None, run_after=None
[2026-04-27T23:33:20.013+0000] {processor.py:183} INFO - Processing /home/airflow/.local/lib/python3.12/site-packages/airflow/example_dags/example_trigger_target_dag.py took 0.071 seconds
[2026-04-27T23:33:50.341+0000] {processor.py:161} INFO - Started process (PID=398) to work on /home/airflow/.local/lib/python3.12/site-packages/airflow/example_dags/example_trigger_target_dag.py
[2026-04-27T23:33:50.343+0000] {processor.py:830} INFO - Processing file /home/airflow/.local/lib/python3.12/site-packages/airflow/example_dags/example_trigger_target_dag.py for tasks to queue
[2026-04-27T23:33:50.345+0000] {logging_mixin.py:188} INFO - [2026-04-27T23:33:50.345+0000] {dagbag.py:540} INFO - Filling up the DagBag from /home/airflow/.local/lib/python3.12/site-packages/airflow/example_dags/example_trigger_target_dag.py
[2026-04-27T23:33:50.355+0000] {processor.py:840} INFO - DAG(s) 'example_trigger_target_dag' retrieved from /home/airflow/.local/lib/python3.12/site-packages/airflow/example_dags/example_trigger_target_dag.py
[2026-04-27T23:33:50.378+0000] {logging_mixin.py:188} INFO - [2026-04-27T23:33:50.378+0000] {dag.py:3096} INFO - Sync 1 DAGs
[2026-04-27T23:33:50.394+0000] {logging_mixin.py:188} INFO - [2026-04-27T23:33:50.394+0000] {dag.py:3954} INFO - Setting next_dagrun for example_trigger_target_dag to None, run_after=None
[2026-04-27T23:33:50.804+0000] {processor.py:183} INFO - Processing /home/airflow/.local/lib/python3.12/site-packages/airflow/example_dags/example_trigger_target_dag.py took 0.471 seconds
[2026-04-27T23:34:21.812+0000] {processor.py:161} INFO - Started process (PID=458) to work on /home/airflow/.local/lib/python3.12/site-packages/airflow/example_dags/example_trigger_target_dag.py
[2026-04-27T23:34:21.813+0000] {processor.py:830} INFO - Processing file /home/airflow/.local/lib/python3.12/site-packages/airflow/example_dags/example_trigger_target_dag.py for tasks to queue
[2026-04-27T23:34:21.816+0000] {logging_mixin.py:188} INFO - [2026-04-27T23:34:21.815+0000] {dagbag.py:540} INFO - Filling up the DagBag from /home/airflow/.local/lib/python3.12/site-packages/airflow/example_dags/example_trigger_target_dag.py
[2026-04-27T23:34:21.822+0000] {processor.py:840} INFO - DAG(s) 'example_trigger_target_dag' retrieved from /home/airflow/.local/lib/python3.12/site-packages/airflow/example_dags/example_trigger_target_dag.py
[2026-04-27T23:34:21.844+0000] {logging_mixin.py:188} INFO - [2026-04-27T23:34:21.844+0000] {dag.py:3096} INFO - Sync 1 DAGs
[2026-04-27T23:34:21.857+0000] {logging_mixin.py:188} INFO - [2026-04-27T23:34:21.857+0000] {dag.py:3954} INFO - Setting next_dagrun for example_trigger_target_dag to None, run_after=None
[2026-04-27T23:34:21.878+0000] {processor.py:183} INFO - Processing /home/airflow/.local/lib/python3.12/site-packages/airflow/example_dags/example_trigger_target_dag.py took 0.073 seconds
[2026-04-27T23:34:52.519+0000] {processor.py:161} INFO - Started process (PID=517) to work on /home/airflow/.local/lib/python3.12/site-packages/airflow/example_dags/example_trigger_target_dag.py
[2026-04-27T23:34:52.521+0000] {processor.py:830} INFO - Processing file /home/airflow/.local/lib/python3.12/site-packages/airflow/example_dags/example_trigger_target_dag.py for tasks to queue
[2026-04-27T23:34:52.523+0000] {logging_mixin.py:188} INFO - [2026-04-27T23:34:52.523+0000] {dagbag.py:540} INFO - Filling up the DagBag from /home/airflow/.local/lib/python3.12/site-packages/airflow/example_dags/example_trigger_target_dag.py
[2026-04-27T23:34:52.530+0000] {processor.py:840} INFO - DAG(s) 'example_trigger_target_dag' retrieved from /home/airflow/.local/lib/python3.12/site-packages/airflow/example_dags/example_trigger_target_dag.py
[2026-04-27T23:34:52.555+0000] {logging_mixin.py:188} INFO - [2026-04-27T23:34:52.555+0000] {dag.py:3096} INFO - Sync 1 DAGs
[2026-04-27T23:34:52.569+0000] {logging_mixin.py:188} INFO - [2026-04-27T23:34:52.568+0000] {dag.py:3954} INFO - Setting next_dagrun for example_trigger_target_dag to None, run_after=None
[2026-04-27T23:34:52.589+0000] {processor.py:183} INFO - Processing /home/airflow/.local/lib/python3.12/site-packages/airflow/example_dags/example_trigger_target_dag.py took 0.076 seconds
[2026-04-27T23:35:22.827+0000] {processor.py:161} INFO - Started process (PID=576) to work on /home/airflow/.local/lib/python3.12/site-packages/airflow/example_dags/example_trigger_target_dag.py
[2026-04-27T23:35:22.829+0000] {processor.py:830} INFO - Processing file /home/airflow/.local/lib/python3.12/site-packages/airflow/example_dags/example_trigger_target_dag.py for tasks to queue
[2026-04-27T23:35:22.831+0000] {logging_mixin.py:188} INFO - [2026-04-27T23:35:22.830+0000] {dagbag.py:540} INFO - Filling up the DagBag from /home/airflow/.local/lib/python3.12/site-packages/airflow/example_dags/example_trigger_target_dag.py
[2026-04-27T23:35:22.838+0000] {processor.py:840} INFO - DAG(s) 'example_trigger_target_dag' retrieved from /home/airflow/.local/lib/python3.12/site-packages/airflow/example_dags/example_trigger_target_dag.py
[2026-04-27T23:35:22.860+0000] {logging_mixin.py:188} INFO - [2026-04-27T23:35:22.859+0000] {dag.py:3096} INFO - Sync 1 DAGs
[2026-04-27T23:35:22.872+0000] {logging_mixin.py:188} INFO - [2026-04-27T23:35:22.872+0000] {dag.py:3954} INFO - Setting next_dagrun for example_trigger_target_dag to None, run_after=None
[2026-04-27T23:35:22.892+0000] {processor.py:183} INFO - Processing /home/airflow/.local/lib/python3.12/site-packages/airflow/example_dags/example_trigger_target_dag.py took 0.071 seconds
[2026-04-27T23:35:53.153+0000] {processor.py:161} INFO - Started process (PID=634) to work on /home/airflow/.local/lib/python3.12/site-packages/airflow/example_dags/example_trigger_target_dag.py
[2026-04-27T23:35:53.154+0000] {processor.py:830} INFO - Processing file /home/airflow/.local/lib/python3.12/site-packages/airflow/example_dags/example_trigger_target_dag.py for tasks to queue
[2026-04-27T23:35:53.156+0000] {logging_mixin.py:188} INFO - [2026-04-27T23:35:53.156+0000] {dagbag.py:540} INFO - Filling up the DagBag from /home/airflow/.local/lib/python3.12/site-packages/airflow/example_dags/example_trigger_target_dag.py
[2026-04-27T23:35:53.163+0000] {processor.py:840} INFO - DAG(s) 'example_trigger_target_dag' retrieved from /home/airflow/.local/lib/python3.12/site-packages/airflow/example_dags/example_trigger_target_dag.py
[2026-04-27T23:35:53.185+0000] {logging_mixin.py:188} INFO - [2026-04-27T23:35:53.185+0000] {dag.py:3096} INFO - Sync 1 DAGs
[2026-04-27T23:35:53.199+0000] {logging_mixin.py:188} INFO - [2026-04-27T23:35:53.199+0000] {dag.py:3954} INFO - Setting next_dagrun for example_trigger_target_dag to None, run_after=None
[2026-04-27T23:35:53.277+0000] {processor.py:183} INFO - Processing /home/airflow/.local/lib/python3.12/site-packages/airflow/example_dags/example_trigger_target_dag.py took 0.131 seconds
[2026-04-27T23:36:23.799+0000] {processor.py:161} INFO - Started process (PID=693) to work on /home/airflow/.local/lib/python3.12/site-packages/airflow/example_dags/example_trigger_target_dag.py
[2026-04-27T23:36:23.801+0000] {processor.py:830} INFO - Processing file /home/airflow/.local/lib/python3.12/site-packages/airflow/example_dags/example_trigger_target_dag.py for tasks to queue
[2026-04-27T23:36:23.803+0000] {logging_mixin.py:188} INFO - [2026-04-27T23:36:23.803+0000] {dagbag.py:540} INFO - Filling up the DagBag from /home/airflow/.local/lib/python3.12/site-packages/airflow/example_dags/example_trigger_target_dag.py
[2026-04-27T23:36:23.810+0000] {processor.py:840} INFO - DAG(s) 'example_trigger_target_dag' retrieved from /home/airflow/.local/lib/python3.12/site-packages/airflow/example_dags/example_trigger_target_dag.py
[2026-04-27T23:36:23.831+0000] {logging_mixin.py:188} INFO - [2026-04-27T23:36:23.831+0000] {dag.py:3096} INFO - Sync 1 DAGs
[2026-04-27T23:36:23.845+0000] {logging_mixin.py:188} INFO - [2026-04-27T23:36:23.845+0000] {dag.py:3954} INFO - Setting next_dagrun for example_trigger_target_dag to None, run_after=None
[2026-04-27T23:36:23.865+0000] {processor.py:183} INFO - Processing /home/airflow/.local/lib/python3.12/site-packages/airflow/example_dags/example_trigger_target_dag.py took 0.072 seconds
[2026-04-27T23:36:54.562+0000] {processor.py:161} INFO - Started process (PID=754) to work on /home/airflow/.local/lib/python3.12/site-packages/airflow/example_dags/example_trigger_target_dag.py
[2026-04-27T23:36:54.563+0000] {processor.py:830} INFO - Processing file /home/airflow/.local/lib/python3.12/site-packages/airflow/example_dags/example_trigger_target_dag.py for tasks to queue
[2026-04-27T23:36:54.565+0000] {logging_mixin.py:188} INFO - [2026-04-27T23:36:54.565+0000] {dagbag.py:540} INFO - Filling up the DagBag from /home/airflow/.local/lib/python3.12/site-packages/airflow/example_dags/example_trigger_target_dag.py
[2026-04-27T23:36:54.572+0000] {processor.py:840} INFO - DAG(s) 'example_trigger_target_dag' retrieved from /home/airflow/.local/lib/python3.12/site-packages/airflow/example_dags/example_trigger_target_dag.py
[2026-04-27T23:36:54.601+0000] {logging_mixin.py:188} INFO - [2026-04-27T23:36:54.600+0000] {dag.py:3096} INFO - Sync 1 DAGs
[2026-04-27T23:36:54.616+0000] {logging_mixin.py:188} INFO - [2026-04-27T23:36:54.615+0000] {dag.py:3954} INFO - Setting next_dagrun for example_trigger_target_dag to None, run_after=None
[2026-04-27T23:36:54.695+0000] {processor.py:183} INFO - Processing /home/airflow/.local/lib/python3.12/site-packages/airflow/example_dags/example_trigger_target_dag.py took 0.140 seconds
[2026-04-27T23:37:25.527+0000] {processor.py:161} INFO - Started process (PID=812) to work on /home/airflow/.local/lib/python3.12/site-packages/airflow/example_dags/example_trigger_target_dag.py
[2026-04-27T23:37:25.528+0000] {processor.py:830} INFO - Processing file /home/airflow/.local/lib/python3.12/site-packages/airflow/example_dags/example_trigger_target_dag.py for tasks to queue
[2026-04-27T23:37:25.531+0000] {logging_mixin.py:188} INFO - [2026-04-27T23:37:25.530+0000] {dagbag.py:540} INFO - Filling up the DagBag from /home/airflow/.local/lib/python3.12/site-packages/airflow/example_dags/example_trigger_target_dag.py
[2026-04-27T23:37:25.539+0000] {processor.py:840} INFO - DAG(s) 'example_trigger_target_dag' retrieved from /home/airflow/.local/lib/python3.12/site-packages/airflow/example_dags/example_trigger_target_dag.py
[2026-04-27T23:37:25.563+0000] {logging_mixin.py:188} INFO - [2026-04-27T23:37:25.562+0000] {dag.py:3096} INFO - Sync 1 DAGs
[2026-04-27T23:37:25.577+0000] {logging_mixin.py:188} INFO - [2026-04-27T23:37:25.576+0000] {dag.py:3954} INFO - Setting next_dagrun for example_trigger_target_dag to None, run_after=None
[2026-04-27T23:37:25.600+0000] {processor.py:183} INFO - Processing /home/airflow/.local/lib/python3.12/site-packages/airflow/example_dags/example_trigger_target_dag.py took 0.081 seconds
[2026-04-27T23:37:55.695+0000] {processor.py:161} INFO - Started process (PID=871) to work on /home/airflow/.local/lib/python3.12/site-packages/airflow/example_dags/example_trigger_target_dag.py
[2026-04-27T23:37:55.697+0000] {processor.py:830} INFO - Processing file /home/airflow/.local/lib/python3.12/site-packages/airflow/example_dags/example_trigger_target_dag.py for tasks to queue
[2026-04-27T23:37:55.699+0000] {logging_mixin.py:188} INFO - [2026-04-27T23:37:55.699+0000] {dagbag.py:540} INFO - Filling up the DagBag from /home/airflow/.local/lib/python3.12/site-packages/airflow/example_dags/example_trigger_target_dag.py
[2026-04-27T23:37:55.711+0000] {processor.py:840} INFO - DAG(s) 'example_trigger_target_dag' retrieved from /home/airflow/.local/lib/python3.12/site-packages/airflow/example_dags/example_trigger_target_dag.py
[2026-04-27T23:37:55.744+0000] {logging_mixin.py:188} INFO - [2026-04-27T23:37:55.744+0000] {dag.py:3096} INFO - Sync 1 DAGs
[2026-04-27T23:37:55.758+0000] {logging_mixin.py:188} INFO - [2026-04-27T23:37:55.758+0000] {dag.py:3954} INFO - Setting next_dagrun for example_trigger_target_dag to None, run_after=None
[2026-04-27T23:37:55.780+0000] {processor.py:183} INFO - Processing /home/airflow/.local/lib/python3.12/site-packages/airflow/example_dags/example_trigger_target_dag.py took 0.092 seconds
[2026-04-27T23:38:26.674+0000] {processor.py:161} INFO - Started process (PID=930) to work on /home/airflow/.local/lib/python3.12/site-packages/airflow/example_dags/example_trigger_target_dag.py
[2026-04-27T23:38:26.675+0000] {processor.py:830} INFO - Processing file /home/airflow/.local/lib/python3.12/site-packages/airflow/example_dags/example_trigger_target_dag.py for tasks to queue
[2026-04-27T23:38:26.678+0000] {logging_mixin.py:188} INFO - [2026-04-27T23:38:26.678+0000] {dagbag.py:540} INFO - Filling up the DagBag from /home/airflow/.local/lib/python3.12/site-packages/airflow/example_dags/example_trigger_target_dag.py
[2026-04-27T23:38:26.686+0000] {processor.py:840} INFO - DAG(s) 'example_trigger_target_dag' retrieved from /home/airflow/.local/lib/python3.12/site-packages/airflow/example_dags/example_trigger_target_dag.py
[2026-04-27T23:38:26.710+0000] {logging_mixin.py:188} INFO - [2026-04-27T23:38:26.710+0000] {dag.py:3096} INFO - Sync 1 DAGs
[2026-04-27T23:38:26.724+0000] {logging_mixin.py:188} INFO - [2026-04-27T23:38:26.724+0000] {dag.py:3954} INFO - Setting next_dagrun for example_trigger_target_dag to None, run_after=None
[2026-04-27T23:38:26.746+0000] {processor.py:183} INFO - Processing /home/airflow/.local/lib/python3.12/site-packages/airflow/example_dags/example_trigger_target_dag.py took 0.083 seconds
[2026-04-27T23:38:57.224+0000] {processor.py:161} INFO - Started process (PID=989) to work on /home/airflow/.local/lib/python3.12/site-packages/airflow/example_dags/example_trigger_target_dag.py
[2026-04-27T23:38:57.225+0000] {processor.py:830} INFO - Processing file /home/airflow/.local/lib/python3.12/site-packages/airflow/example_dags/example_trigger_target_dag.py for tasks to queue
[2026-04-27T23:38:57.228+0000] {logging_mixin.py:188} INFO - [2026-04-27T23:38:57.228+0000] {dagbag.py:540} INFO - Filling up the DagBag from /home/airflow/.local/lib/python3.12/site-packages/airflow/example_dags/example_trigger_target_dag.py
[2026-04-27T23:38:57.237+0000] {processor.py:840} INFO - DAG(s) 'example_trigger_target_dag' retrieved from /home/airflow/.local/lib/python3.12/site-packages/airflow/example_dags/example_trigger_target_dag.py
[2026-04-27T23:38:57.262+0000] {logging_mixin.py:188} INFO - [2026-04-27T23:38:57.261+0000] {dag.py:3096} INFO - Sync 1 DAGs
[2026-04-27T23:38:57.277+0000] {logging_mixin.py:188} INFO - [2026-04-27T23:38:57.276+0000] {dag.py:3954} INFO - Setting next_dagrun for example_trigger_target_dag to None, run_after=None
[2026-04-27T23:38:57.309+0000] {processor.py:183} INFO - Processing /home/airflow/.local/lib/python3.12/site-packages/airflow/example_dags/example_trigger_target_dag.py took 0.092 seconds
[2026-04-27T23:39:27.642+0000] {processor.py:161} INFO - Started process (PID=1048) to work on /home/airflow/.local/lib/python3.12/site-packages/airflow/example_dags/example_trigger_target_dag.py
[2026-04-27T23:39:27.643+0000] {processor.py:830} INFO - Processing file /home/airflow/.local/lib/python3.12/site-packages/airflow/example_dags/example_trigger_target_dag.py for tasks to queue
[2026-04-27T23:39:27.645+0000] {logging_mixin.py:188} INFO - [2026-04-27T23:39:27.645+0000] {dagbag.py:540} INFO - Filling up the DagBag from /home/airflow/.local/lib/python3.12/site-packages/airflow/example_dags/example_trigger_target_dag.py
[2026-04-27T23:39:27.652+0000] {processor.py:840} INFO - DAG(s) 'example_trigger_target_dag' retrieved from /home/airflow/.local/lib/python3.12/site-packages/airflow/example_dags/example_trigger_target_dag.py
[2026-04-27T23:39:27.674+0000] {logging_mixin.py:188} INFO - [2026-04-27T23:39:27.674+0000] {dag.py:3096} INFO - Sync 1 DAGs
[2026-04-27T23:39:27.687+0000] {logging_mixin.py:188} INFO - [2026-04-27T23:39:27.687+0000] {dag.py:3954} INFO - Setting next_dagrun for example_trigger_target_dag to None, run_after=None
[2026-04-27T23:39:27.708+0000] {processor.py:183} INFO - Processing /home/airflow/.local/lib/python3.12/site-packages/airflow/example_dags/example_trigger_target_dag.py took 0.072 seconds
[2026-04-27T23:39:58.087+0000] {processor.py:161} INFO - Started process (PID=1107) to work on /home/airflow/.local/lib/python3.12/site-packages/airflow/example_dags/example_trigger_target_dag.py
[2026-04-27T23:39:58.089+0000] {processor.py:830} INFO - Processing file /home/airflow/.local/lib/python3.12/site-packages/airflow/example_dags/example_trigger_target_dag.py for tasks to queue
[2026-04-27T23:39:58.092+0000] {logging_mixin.py:188} INFO - [2026-04-27T23:39:58.091+0000] {dagbag.py:540} INFO - Filling up the DagBag from /home/airflow/.local/lib/python3.12/site-packages/airflow/example_dags/example_trigger_target_dag.py
[2026-04-27T23:39:58.099+0000] {processor.py:840} INFO - DAG(s) 'example_trigger_target_dag' retrieved from /home/airflow/.local/lib/python3.12/site-packages/airflow/example_dags/example_trigger_target_dag.py
[2026-04-27T23:39:58.124+0000] {logging_mixin.py:188} INFO - [2026-04-27T23:39:58.124+0000] {dag.py:3096} INFO - Sync 1 DAGs
[2026-04-27T23:39:58.139+0000] {logging_mixin.py:188} INFO - [2026-04-27T23:39:58.139+0000] {dag.py:3954} INFO - Setting next_dagrun for example_trigger_target_dag to None, run_after=None
[2026-04-27T23:39:58.164+0000] {processor.py:183} INFO - Processing /home/airflow/.local/lib/python3.12/site-packages/airflow/example_dags/example_trigger_target_dag.py took 0.087 seconds
[2026-04-27T23:40:28.541+0000] {processor.py:161} INFO - Started process (PID=1166) to work on /home/airflow/.local/lib/python3.12/site-packages/airflow/example_dags/example_trigger_target_dag.py
[2026-04-27T23:40:28.543+0000] {processor.py:830} INFO - Processing file /home/airflow/.local/lib/python3.12/site-packages/airflow/example_dags/example_trigger_target_dag.py for tasks to queue
[2026-04-27T23:40:28.545+0000] {logging_mixin.py:188} INFO - [2026-04-27T23:40:28.545+0000] {dagbag.py:540} INFO - Filling up the DagBag from /home/airflow/.local/lib/python3.12/site-packages/airflow/example_dags/example_trigger_target_dag.py
[2026-04-27T23:40:28.553+0000] {processor.py:840} INFO - DAG(s) 'example_trigger_target_dag' retrieved from /home/airflow/.local/lib/python3.12/site-packages/airflow/example_dags/example_trigger_target_dag.py
[2026-04-27T23:40:28.575+0000] {logging_mixin.py:188} INFO - [2026-04-27T23:40:28.574+0000] {dag.py:3096} INFO - Sync 1 DAGs
[2026-04-27T23:40:28.588+0000] {logging_mixin.py:188} INFO - [2026-04-27T23:40:28.588+0000] {dag.py:3954} INFO - Setting next_dagrun for example_trigger_target_dag to None, run_after=None
[2026-04-27T23:40:28.608+0000] {processor.py:183} INFO - Processing /home/airflow/.local/lib/python3.12/site-packages/airflow/example_dags/example_trigger_target_dag.py took 0.073 seconds
[2026-04-27T23:40:58.668+0000] {processor.py:161} INFO - Started process (PID=1225) to work on /home/airflow/.local/lib/python3.12/site-packages/airflow/example_dags/example_trigger_target_dag.py
[2026-04-27T23:40:58.670+0000] {processor.py:830} INFO - Processing file /home/airflow/.local/lib/python3.12/site-packages/airflow/example_dags/example_trigger_target_dag.py for tasks to queue
[2026-04-27T23:40:58.673+0000] {logging_mixin.py:188} INFO - [2026-04-27T23:40:58.673+0000] {dagbag.py:540} INFO - Filling up the DagBag from /home/airflow/.local/lib/python3.12/site-packages/airflow/example_dags/example_trigger_target_dag.py
[2026-04-27T23:40:58.682+0000] {processor.py:840} INFO - DAG(s) 'example_trigger_target_dag' retrieved from /home/airflow/.local/lib/python3.12/site-packages/airflow/example_dags/example_trigger_target_dag.py
[2026-04-27T23:40:58.711+0000] {logging_mixin.py:188} INFO - [2026-04-27T23:40:58.711+0000] {dag.py:3096} INFO - Sync 1 DAGs
[2026-04-27T23:40:58.728+0000] {logging_mixin.py:188} INFO - [2026-04-27T23:40:58.728+0000] {dag.py:3954} INFO - Setting next_dagrun for example_trigger_target_dag to None, run_after=None
[2026-04-27T23:40:58.771+0000] {processor.py:183} INFO - Processing /home/airflow/.local/lib/python3.12/site-packages/airflow/example_dags/example_trigger_target_dag.py took 0.110 seconds
[2026-04-27T23:41:28.939+0000] {processor.py:161} INFO - Started process (PID=1284) to work on /home/airflow/.local/lib/python3.12/site-packages/airflow/example_dags/example_trigger_target_dag.py
[2026-04-27T23:41:28.940+0000] {processor.py:830} INFO - Processing file /home/airflow/.local/lib/python3.12/site-packages/airflow/example_dags/example_trigger_target_dag.py for tasks to queue
[2026-04-27T23:41:28.942+0000] {logging_mixin.py:188} INFO - [2026-04-27T23:41:28.942+0000] {dagbag.py:540} INFO - Filling up the DagBag from /home/airflow/.local/lib/python3.12/site-packages/airflow/example_dags/example_trigger_target_dag.py
[2026-04-27T23:41:28.951+0000] {processor.py:840} INFO - DAG(s) 'example_trigger_target_dag' retrieved from /home/airflow/.local/lib/python3.12/site-packages/airflow/example_dags/example_trigger_target_dag.py
[2026-04-27T23:41:28.976+0000] {logging_mixin.py:188} INFO - [2026-04-27T23:41:28.976+0000] {dag.py:3096} INFO - Sync 1 DAGs
[2026-04-27T23:41:29.136+0000] {logging_mixin.py:188} INFO - [2026-04-27T23:41:29.136+0000] {dag.py:3954} INFO - Setting next_dagrun for example_trigger_target_dag to None, run_after=None
[2026-04-27T23:41:29.237+0000] {processor.py:183} INFO - Processing /home/airflow/.local/lib/python3.12/site-packages/airflow/example_dags/example_trigger_target_dag.py took 0.306 seconds
[2026-04-27T23:41:59.827+0000] {processor.py:161} INFO - Started process (PID=1343) to work on /home/airflow/.local/lib/python3.12/site-packages/airflow/example_dags/example_trigger_target_dag.py
[2026-04-27T23:41:59.828+0000] {processor.py:830} INFO - Processing file /home/airflow/.local/lib/python3.12/site-packages/airflow/example_dags/example_trigger_target_dag.py for tasks to queue
[2026-04-27T23:41:59.831+0000] {logging_mixin.py:188} INFO - [2026-04-27T23:41:59.830+0000] {dagbag.py:540} INFO - Filling up the DagBag from /home/airflow/.local/lib/python3.12/site-packages/airflow/example_dags/example_trigger_target_dag.py
[2026-04-27T23:41:59.838+0000] {processor.py:840} INFO - DAG(s) 'example_trigger_target_dag' retrieved from /home/airflow/.local/lib/python3.12/site-packages/airflow/example_dags/example_trigger_target_dag.py
[2026-04-27T23:41:59.859+0000] {logging_mixin.py:188} INFO - [2026-04-27T23:41:59.859+0000] {dag.py:3096} INFO - Sync 1 DAGs
[2026-04-27T23:41:59.872+0000] {logging_mixin.py:188} INFO - [2026-04-27T23:41:59.872+0000] {dag.py:3954} INFO - Setting next_dagrun for example_trigger_target_dag to None, run_after=None
[2026-04-27T23:41:59.892+0000] {processor.py:183} INFO - Processing /home/airflow/.local/lib/python3.12/site-packages/airflow/example_dags/example_trigger_target_dag.py took 0.072 seconds
[2026-04-27T23:42:30.133+0000] {processor.py:161} INFO - Started process (PID=1400) to work on /home/airflow/.local/lib/python3.12/site-packages/airflow/example_dags/example_trigger_target_dag.py
[2026-04-27T23:42:30.135+0000] {processor.py:830} INFO - Processing file /home/airflow/.local/lib/python3.12/site-packages/airflow/example_dags/example_trigger_target_dag.py for tasks to queue
[2026-04-27T23:42:30.138+0000] {logging_mixin.py:188} INFO - [2026-04-27T23:42:30.137+0000] {dagbag.py:540} INFO - Filling up the DagBag from /home/airflow/.local/lib/python3.12/site-packages/airflow/example_dags/example_trigger_target_dag.py
[2026-04-27T23:42:30.146+0000] {processor.py:840} INFO - DAG(s) 'example_trigger_target_dag' retrieved from /home/airflow/.local/lib/python3.12/site-packages/airflow/example_dags/example_trigger_target_dag.py
[2026-04-27T23:42:30.171+0000] {logging_mixin.py:188} INFO - [2026-04-27T23:42:30.171+0000] {dag.py:3096} INFO - Sync 1 DAGs
[2026-04-27T23:42:30.185+0000] {logging_mixin.py:188} INFO - [2026-04-27T23:42:30.185+0000] {dag.py:3954} INFO - Setting next_dagrun for example_trigger_target_dag to None, run_after=None
[2026-04-27T23:42:30.209+0000] {processor.py:183} INFO - Processing /home/airflow/.local/lib/python3.12/site-packages/airflow/example_dags/example_trigger_target_dag.py took 0.083 seconds
[2026-04-27T23:43:00.417+0000] {processor.py:161} INFO - Started process (PID=1459) to work on /home/airflow/.local/lib/python3.12/site-packages/airflow/example_dags/example_trigger_target_dag.py
[2026-04-27T23:43:00.418+0000] {processor.py:830} INFO - Processing file /home/airflow/.local/lib/python3.12/site-packages/airflow/example_dags/example_trigger_target_dag.py for tasks to queue
[2026-04-27T23:43:00.422+0000] {logging_mixin.py:188} INFO - [2026-04-27T23:43:00.421+0000] {dagbag.py:540} INFO - Filling up the DagBag from /home/airflow/.local/lib/python3.12/site-packages/airflow/example_dags/example_trigger_target_dag.py
[2026-04-27T23:43:00.431+0000] {processor.py:840} INFO - DAG(s) 'example_trigger_target_dag' retrieved from /home/airflow/.local/lib/python3.12/site-packages/airflow/example_dags/example_trigger_target_dag.py
[2026-04-27T23:43:00.457+0000] {logging_mixin.py:188} INFO - [2026-04-27T23:43:00.457+0000] {dag.py:3096} INFO - Sync 1 DAGs
[2026-04-27T23:43:00.473+0000] {logging_mixin.py:188} INFO - [2026-04-27T23:43:00.473+0000] {dag.py:3954} INFO - Setting next_dagrun for example_trigger_target_dag to None, run_after=None
[2026-04-27T23:43:00.496+0000] {processor.py:183} INFO - Processing /home/airflow/.local/lib/python3.12/site-packages/airflow/example_dags/example_trigger_target_dag.py took 0.088 seconds
[2026-04-27T23:43:31.179+0000] {processor.py:161} INFO - Started process (PID=1518) to work on /home/airflow/.local/lib/python3.12/site-packages/airflow/example_dags/example_trigger_target_dag.py
[2026-04-27T23:43:31.180+0000] {processor.py:830} INFO - Processing file /home/airflow/.local/lib/python3.12/site-packages/airflow/example_dags/example_trigger_target_dag.py for tasks to queue
[2026-04-27T23:43:31.183+0000] {logging_mixin.py:188} INFO - [2026-04-27T23:43:31.182+0000] {dagbag.py:540} INFO - Filling up the DagBag from /home/airflow/.local/lib/python3.12/site-packages/airflow/example_dags/example_trigger_target_dag.py
[2026-04-27T23:43:31.190+0000] {processor.py:840} INFO - DAG(s) 'example_trigger_target_dag' retrieved from /home/airflow/.local/lib/python3.12/site-packages/airflow/example_dags/example_trigger_target_dag.py
[2026-04-27T23:43:31.214+0000] {logging_mixin.py:188} INFO - [2026-04-27T23:43:31.213+0000] {dag.py:3096} INFO - Sync 1 DAGs
[2026-04-27T23:43:31.227+0000] {logging_mixin.py:188} INFO - [2026-04-27T23:43:31.227+0000] {dag.py:3954} INFO - Setting next_dagrun for example_trigger_target_dag to None, run_after=None
[2026-04-27T23:43:31.248+0000] {processor.py:183} INFO - Processing /home/airflow/.local/lib/python3.12/site-packages/airflow/example_dags/example_trigger_target_dag.py took 0.076 seconds
[2026-04-27T23:44:01.987+0000] {processor.py:161} INFO - Started process (PID=1577) to work on /home/airflow/.local/lib/python3.12/site-packages/airflow/example_dags/example_trigger_target_dag.py
[2026-04-27T23:44:01.989+0000] {processor.py:830} INFO - Processing file /home/airflow/.local/lib/python3.12/site-packages/airflow/example_dags/example_trigger_target_dag.py for tasks to queue
[2026-04-27T23:44:01.991+0000] {logging_mixin.py:188} INFO - [2026-04-27T23:44:01.991+0000] {dagbag.py:540} INFO - Filling up the DagBag from /home/airflow/.local/lib/python3.12/site-packages/airflow/example_dags/example_trigger_target_dag.py
[2026-04-27T23:44:01.998+0000] {processor.py:840} INFO - DAG(s) 'example_trigger_target_dag' retrieved from /home/airflow/.local/lib/python3.12/site-packages/airflow/example_dags/example_trigger_target_dag.py
[2026-04-27T23:44:02.025+0000] {logging_mixin.py:188} INFO - [2026-04-27T23:44:02.025+0000] {dag.py:3096} INFO - Sync 1 DAGs
[2026-04-27T23:44:02.040+0000] {logging_mixin.py:188} INFO - [2026-04-27T23:44:02.040+0000] {dag.py:3954} INFO - Setting next_dagrun for example_trigger_target_dag to None, run_after=None
[2026-04-27T23:44:02.062+0000] {processor.py:183} INFO - Processing /home/airflow/.local/lib/python3.12/site-packages/airflow/example_dags/example_trigger_target_dag.py took 0.083 seconds
[2026-04-27T23:44:32.503+0000] {processor.py:161} INFO - Started process (PID=1636) to work on /home/airflow/.local/lib/python3.12/site-packages/airflow/example_dags/example_trigger_target_dag.py
[2026-04-27T23:44:32.504+0000] {processor.py:830} INFO - Processing file /home/airflow/.local/lib/python3.12/site-packages/airflow/example_dags/example_trigger_target_dag.py for tasks to queue
[2026-04-27T23:44:32.507+0000] {logging_mixin.py:188} INFO - [2026-04-27T23:44:32.506+0000] {dagbag.py:540} INFO - Filling up the DagBag from /home/airflow/.local/lib/python3.12/site-packages/airflow/example_dags/example_trigger_target_dag.py
[2026-04-27T23:44:32.514+0000] {processor.py:840} INFO - DAG(s) 'example_trigger_target_dag' retrieved from /home/airflow/.local/lib/python3.12/site-packages/airflow/example_dags/example_trigger_target_dag.py
[2026-04-27T23:44:32.536+0000] {logging_mixin.py:188} INFO - [2026-04-27T23:44:32.536+0000] {dag.py:3096} INFO - Sync 1 DAGs
[2026-04-27T23:44:32.549+0000] {logging_mixin.py:188} INFO - [2026-04-27T23:44:32.549+0000] {dag.py:3954} INFO - Setting next_dagrun for example_trigger_target_dag to None, run_after=None
[2026-04-27T23:44:32.569+0000] {processor.py:183} INFO - Processing /home/airflow/.local/lib/python3.12/site-packages/airflow/example_dags/example_trigger_target_dag.py took 0.073 seconds
[2026-04-27T23:45:02.983+0000] {processor.py:161} INFO - Started process (PID=1695) to work on /home/airflow/.local/lib/python3.12/site-packages/airflow/example_dags/example_trigger_target_dag.py
[2026-04-27T23:45:02.984+0000] {processor.py:830} INFO - Processing file /home/airflow/.local/lib/python3.12/site-packages/airflow/example_dags/example_trigger_target_dag.py for tasks to queue
[2026-04-27T23:45:02.987+0000] {logging_mixin.py:188} INFO - [2026-04-27T23:45:02.986+0000] {dagbag.py:540} INFO - Filling up the DagBag from /home/airflow/.local/lib/python3.12/site-packages/airflow/example_dags/example_trigger_target_dag.py
[2026-04-27T23:45:02.994+0000] {processor.py:840} INFO - DAG(s) 'example_trigger_target_dag' retrieved from /home/airflow/.local/lib/python3.12/site-packages/airflow/example_dags/example_trigger_target_dag.py
[2026-04-27T23:45:03.015+0000] {logging_mixin.py:188} INFO - [2026-04-27T23:45:03.015+0000] {dag.py:3096} INFO - Sync 1 DAGs
[2026-04-27T23:45:03.029+0000] {logging_mixin.py:188} INFO - [2026-04-27T23:45:03.029+0000] {dag.py:3954} INFO - Setting next_dagrun for example_trigger_target_dag to None, run_after=None
[2026-04-27T23:45:03.051+0000] {processor.py:183} INFO - Processing /home/airflow/.local/lib/python3.12/site-packages/airflow/example_dags/example_trigger_target_dag.py took 0.075 seconds
[2026-04-27T23:45:33.276+0000] {processor.py:161} INFO - Started process (PID=1754) to work on /home/airflow/.local/lib/python3.12/site-packages/airflow/example_dags/example_trigger_target_dag.py
[2026-04-27T23:45:33.277+0000] {processor.py:830} INFO - Processing file /home/airflow/.local/lib/python3.12/site-packages/airflow/example_dags/example_trigger_target_dag.py for tasks to queue
[2026-04-27T23:45:33.281+0000] {logging_mixin.py:188} INFO - [2026-04-27T23:45:33.281+0000] {dagbag.py:540} INFO - Filling up the DagBag from /home/airflow/.local/lib/python3.12/site-packages/airflow/example_dags/example_trigger_target_dag.py
[2026-04-27T23:45:33.290+0000] {processor.py:840} INFO - DAG(s) 'example_trigger_target_dag' retrieved from /home/airflow/.local/lib/python3.12/site-packages/airflow/example_dags/example_trigger_target_dag.py
[2026-04-27T23:45:33.316+0000] {logging_mixin.py:188} INFO - [2026-04-27T23:45:33.315+0000] {dag.py:3096} INFO - Sync 1 DAGs
[2026-04-27T23:45:33.330+0000] {logging_mixin.py:188} INFO - [2026-04-27T23:45:33.330+0000] {dag.py:3954} INFO - Setting next_dagrun for example_trigger_target_dag to None, run_after=None
[2026-04-27T23:45:33.350+0000] {processor.py:183} INFO - Processing /home/airflow/.local/lib/python3.12/site-packages/airflow/example_dags/example_trigger_target_dag.py took 0.081 seconds
[2026-04-27T23:46:03.784+0000] {processor.py:161} INFO - Started process (PID=1813) to work on /home/airflow/.local/lib/python3.12/site-packages/airflow/example_dags/example_trigger_target_dag.py
[2026-04-27T23:46:03.785+0000] {processor.py:830} INFO - Processing file /home/airflow/.local/lib/python3.12/site-packages/airflow/example_dags/example_trigger_target_dag.py for tasks to queue
[2026-04-27T23:46:03.788+0000] {logging_mixin.py:188} INFO - [2026-04-27T23:46:03.787+0000] {dagbag.py:540} INFO - Filling up the DagBag from /home/airflow/.local/lib/python3.12/site-packages/airflow/example_dags/example_trigger_target_dag.py
[2026-04-27T23:46:03.796+0000] {processor.py:840} INFO - DAG(s) 'example_trigger_target_dag' retrieved from /home/airflow/.local/lib/python3.12/site-packages/airflow/example_dags/example_trigger_target_dag.py
[2026-04-27T23:46:03.819+0000] {logging_mixin.py:188} INFO - [2026-04-27T23:46:03.819+0000] {dag.py:3096} INFO - Sync 1 DAGs
[2026-04-27T23:46:03.834+0000] {logging_mixin.py:188} INFO - [2026-04-27T23:46:03.833+0000] {dag.py:3954} INFO - Setting next_dagrun for example_trigger_target_dag to None, run_after=None
[2026-04-27T23:46:03.856+0000] {processor.py:183} INFO - Processing /home/airflow/.local/lib/python3.12/site-packages/airflow/example_dags/example_trigger_target_dag.py took 0.081 seconds
[2026-04-27T23:46:34.425+0000] {processor.py:161} INFO - Started process (PID=1872) to work on /home/airflow/.local/lib/python3.12/site-packages/airflow/example_dags/example_trigger_target_dag.py
[2026-04-27T23:46:34.427+0000] {processor.py:830} INFO - Processing file /home/airflow/.local/lib/python3.12/site-packages/airflow/example_dags/example_trigger_target_dag.py for tasks to queue
[2026-04-27T23:46:34.430+0000] {logging_mixin.py:188} INFO - [2026-04-27T23:46:34.429+0000] {dagbag.py:540} INFO - Filling up the DagBag from /home/airflow/.local/lib/python3.12/site-packages/airflow/example_dags/example_trigger_target_dag.py
[2026-04-27T23:46:34.440+0000] {processor.py:840} INFO - DAG(s) 'example_trigger_target_dag' retrieved from /home/airflow/.local/lib/python3.12/site-packages/airflow/example_dags/example_trigger_target_dag.py
[2026-04-27T23:46:34.470+0000] {logging_mixin.py:188} INFO - [2026-04-27T23:46:34.469+0000] {dag.py:3096} INFO - Sync 1 DAGs
[2026-04-27T23:46:34.486+0000] {logging_mixin.py:188} INFO - [2026-04-27T23:46:34.486+0000] {dag.py:3954} INFO - Setting next_dagrun for example_trigger_target_dag to None, run_after=None
[2026-04-27T23:46:34.508+0000] {processor.py:183} INFO - Processing /home/airflow/.local/lib/python3.12/site-packages/airflow/example_dags/example_trigger_target_dag.py took 0.092 seconds
[2026-04-27T23:47:04.729+0000] {processor.py:161} INFO - Started process (PID=1931) to work on /home/airflow/.local/lib/python3.12/site-packages/airflow/example_dags/example_trigger_target_dag.py
[2026-04-27T23:47:04.730+0000] {processor.py:830} INFO - Processing file /home/airflow/.local/lib/python3.12/site-packages/airflow/example_dags/example_trigger_target_dag.py for tasks to queue
[2026-04-27T23:47:04.733+0000] {logging_mixin.py:188} INFO - [2026-04-27T23:47:04.732+0000] {dagbag.py:540} INFO - Filling up the DagBag from /home/airflow/.local/lib/python3.12/site-packages/airflow/example_dags/example_trigger_target_dag.py
[2026-04-27T23:47:04.740+0000] {processor.py:840} INFO - DAG(s) 'example_trigger_target_dag' retrieved from /home/airflow/.local/lib/python3.12/site-packages/airflow/example_dags/example_trigger_target_dag.py
[2026-04-27T23:47:04.767+0000] {logging_mixin.py:188} INFO - [2026-04-27T23:47:04.767+0000] {dag.py:3096} INFO - Sync 1 DAGs
[2026-04-27T23:47:04.784+0000] {logging_mixin.py:188} INFO - [2026-04-27T23:47:04.784+0000] {dag.py:3954} INFO - Setting next_dagrun for example_trigger_target_dag to None, run_after=None
[2026-04-27T23:47:04.817+0000] {processor.py:183} INFO - Processing /home/airflow/.local/lib/python3.12/site-packages/airflow/example_dags/example_trigger_target_dag.py took 0.096 seconds
[2026-04-27T23:47:35.375+0000] {processor.py:161} INFO - Started process (PID=1989) to work on /home/airflow/.local/lib/python3.12/site-packages/airflow/example_dags/example_trigger_target_dag.py
[2026-04-27T23:47:35.376+0000] {processor.py:830} INFO - Processing file /home/airflow/.local/lib/python3.12/site-packages/airflow/example_dags/example_trigger_target_dag.py for tasks to queue
[2026-04-27T23:47:35.379+0000] {logging_mixin.py:188} INFO - [2026-04-27T23:47:35.378+0000] {dagbag.py:540} INFO - Filling up the DagBag from /home/airflow/.local/lib/python3.12/site-packages/airflow/example_dags/example_trigger_target_dag.py
[2026-04-27T23:47:35.387+0000] {processor.py:840} INFO - DAG(s) 'example_trigger_target_dag' retrieved from /home/airflow/.local/lib/python3.12/site-packages/airflow/example_dags/example_trigger_target_dag.py
[2026-04-27T23:47:35.402+0000] {logging_mixin.py:188} INFO - [2026-04-27T23:47:35.402+0000] {dag.py:3096} INFO - Sync 1 DAGs
[2026-04-27T23:47:35.416+0000] {logging_mixin.py:188} INFO - [2026-04-27T23:47:35.416+0000] {dag.py:3954} INFO - Setting next_dagrun for example_trigger_target_dag to None, run_after=None
[2026-04-27T23:47:35.438+0000] {processor.py:183} INFO - Processing /home/airflow/.local/lib/python3.12/site-packages/airflow/example_dags/example_trigger_target_dag.py took 0.070 seconds
[2026-04-27T23:48:05.805+0000] {processor.py:161} INFO - Started process (PID=2048) to work on /home/airflow/.local/lib/python3.12/site-packages/airflow/example_dags/example_trigger_target_dag.py
[2026-04-27T23:48:05.807+0000] {processor.py:830} INFO - Processing file /home/airflow/.local/lib/python3.12/site-packages/airflow/example_dags/example_trigger_target_dag.py for tasks to queue
[2026-04-27T23:48:05.809+0000] {logging_mixin.py:188} INFO - [2026-04-27T23:48:05.809+0000] {dagbag.py:540} INFO - Filling up the DagBag from /home/airflow/.local/lib/python3.12/site-packages/airflow/example_dags/example_trigger_target_dag.py
[2026-04-27T23:48:05.815+0000] {processor.py:840} INFO - DAG(s) 'example_trigger_target_dag' retrieved from /home/airflow/.local/lib/python3.12/site-packages/airflow/example_dags/example_trigger_target_dag.py
[2026-04-27T23:48:05.920+0000] {logging_mixin.py:188} INFO - [2026-04-27T23:48:05.919+0000] {dag.py:3096} INFO - Sync 1 DAGs
[2026-04-27T23:48:05.931+0000] {logging_mixin.py:188} INFO - [2026-04-27T23:48:05.930+0000] {dag.py:3954} INFO - Setting next_dagrun for example_trigger_target_dag to None, run_after=None
[2026-04-27T23:48:05.956+0000] {processor.py:183} INFO - Processing /home/airflow/.local/lib/python3.12/site-packages/airflow/example_dags/example_trigger_target_dag.py took 0.158 seconds
[2026-04-27T23:48:36.006+0000] {processor.py:161} INFO - Started process (PID=2107) to work on /home/airflow/.local/lib/python3.12/site-packages/airflow/example_dags/example_trigger_target_dag.py
[2026-04-27T23:48:36.008+0000] {processor.py:830} INFO - Processing file /home/airflow/.local/lib/python3.12/site-packages/airflow/example_dags/example_trigger_target_dag.py for tasks to queue
[2026-04-27T23:48:36.010+0000] {logging_mixin.py:188} INFO - [2026-04-27T23:48:36.009+0000] {dagbag.py:540} INFO - Filling up the DagBag from /home/airflow/.local/lib/python3.12/site-packages/airflow/example_dags/example_trigger_target_dag.py
[2026-04-27T23:48:36.017+0000] {processor.py:840} INFO - DAG(s) 'example_trigger_target_dag' retrieved from /home/airflow/.local/lib/python3.12/site-packages/airflow/example_dags/example_trigger_target_dag.py
[2026-04-27T23:48:36.039+0000] {logging_mixin.py:188} INFO - [2026-04-27T23:48:36.039+0000] {dag.py:3096} INFO - Sync 1 DAGs
[2026-04-27T23:48:36.052+0000] {logging_mixin.py:188} INFO - [2026-04-27T23:48:36.052+0000] {dag.py:3954} INFO - Setting next_dagrun for example_trigger_target_dag to None, run_after=None
[2026-04-27T23:48:36.073+0000] {processor.py:183} INFO - Processing /home/airflow/.local/lib/python3.12/site-packages/airflow/example_dags/example_trigger_target_dag.py took 0.073 seconds
[2026-04-27T23:49:07.791+0000] {processor.py:161} INFO - Started process (PID=2166) to work on /home/airflow/.local/lib/python3.12/site-packages/airflow/example_dags/example_trigger_target_dag.py
[2026-04-27T23:49:07.794+0000] {processor.py:830} INFO - Processing file /home/airflow/.local/lib/python3.12/site-packages/airflow/example_dags/example_trigger_target_dag.py for tasks to queue
[2026-04-27T23:49:07.801+0000] {logging_mixin.py:188} INFO - [2026-04-27T23:49:07.800+0000] {dagbag.py:540} INFO - Filling up the DagBag from /home/airflow/.local/lib/python3.12/site-packages/airflow/example_dags/example_trigger_target_dag.py
[2026-04-27T23:49:07.822+0000] {processor.py:840} INFO - DAG(s) 'example_trigger_target_dag' retrieved from /home/airflow/.local/lib/python3.12/site-packages/airflow/example_dags/example_trigger_target_dag.py
[2026-04-27T23:49:07.862+0000] {logging_mixin.py:188} INFO - [2026-04-27T23:49:07.862+0000] {dag.py:3096} INFO - Sync 1 DAGs
[2026-04-27T23:49:07.876+0000] {logging_mixin.py:188} INFO - [2026-04-27T23:49:07.875+0000] {dag.py:3954} INFO - Setting next_dagrun for example_trigger_target_dag to None, run_after=None
[2026-04-27T23:49:07.896+0000] {processor.py:183} INFO - Processing /home/airflow/.local/lib/python3.12/site-packages/airflow/example_dags/example_trigger_target_dag.py took 0.126 seconds
[2026-04-27T23:49:38.174+0000] {processor.py:161} INFO - Started process (PID=2225) to work on /home/airflow/.local/lib/python3.12/site-packages/airflow/example_dags/example_trigger_target_dag.py
[2026-04-27T23:49:38.175+0000] {processor.py:830} INFO - Processing file /home/airflow/.local/lib/python3.12/site-packages/airflow/example_dags/example_trigger_target_dag.py for tasks to queue
[2026-04-27T23:49:38.178+0000] {logging_mixin.py:188} INFO - [2026-04-27T23:49:38.177+0000] {dagbag.py:540} INFO - Filling up the DagBag from /home/airflow/.local/lib/python3.12/site-packages/airflow/example_dags/example_trigger_target_dag.py
[2026-04-27T23:49:38.187+0000] {processor.py:840} INFO - DAG(s) 'example_trigger_target_dag' retrieved from /home/airflow/.local/lib/python3.12/site-packages/airflow/example_dags/example_trigger_target_dag.py
[2026-04-27T23:49:38.215+0000] {logging_mixin.py:188} INFO - [2026-04-27T23:49:38.215+0000] {dag.py:3096} INFO - Sync 1 DAGs
[2026-04-27T23:49:38.231+0000] {logging_mixin.py:188} INFO - [2026-04-27T23:49:38.231+0000] {dag.py:3954} INFO - Setting next_dagrun for example_trigger_target_dag to None, run_after=None
[2026-04-27T23:49:38.255+0000] {processor.py:183} INFO - Processing /home/airflow/.local/lib/python3.12/site-packages/airflow/example_dags/example_trigger_target_dag.py took 0.090 seconds
[2026-04-27T23:50:08.352+0000] {processor.py:161} INFO - Started process (PID=2284) to work on /home/airflow/.local/lib/python3.12/site-packages/airflow/example_dags/example_trigger_target_dag.py
[2026-04-27T23:50:08.353+0000] {processor.py:830} INFO - Processing file /home/airflow/.local/lib/python3.12/site-packages/airflow/example_dags/example_trigger_target_dag.py for tasks to queue
[2026-04-27T23:50:08.356+0000] {logging_mixin.py:188} INFO - [2026-04-27T23:50:08.355+0000] {dagbag.py:540} INFO - Filling up the DagBag from /home/airflow/.local/lib/python3.12/site-packages/airflow/example_dags/example_trigger_target_dag.py
[2026-04-27T23:50:08.363+0000] {processor.py:840} INFO - DAG(s) 'example_trigger_target_dag' retrieved from /home/airflow/.local/lib/python3.12/site-packages/airflow/example_dags/example_trigger_target_dag.py
[2026-04-27T23:50:08.385+0000] {logging_mixin.py:188} INFO - [2026-04-27T23:50:08.385+0000] {dag.py:3096} INFO - Sync 1 DAGs
[2026-04-27T23:50:08.399+0000] {logging_mixin.py:188} INFO - [2026-04-27T23:50:08.398+0000] {dag.py:3954} INFO - Setting next_dagrun for example_trigger_target_dag to None, run_after=None
[2026-04-27T23:50:08.420+0000] {processor.py:183} INFO - Processing /home/airflow/.local/lib/python3.12/site-packages/airflow/example_dags/example_trigger_target_dag.py took 0.075 seconds
[2026-04-27T23:58:35.006+0000] {processor.py:161} INFO - Started process (PID=98) to work on /home/airflow/.local/lib/python3.12/site-packages/airflow/example_dags/example_trigger_target_dag.py
[2026-04-27T23:58:35.009+0000] {processor.py:830} INFO - Processing file /home/airflow/.local/lib/python3.12/site-packages/airflow/example_dags/example_trigger_target_dag.py for tasks to queue
[2026-04-27T23:58:35.011+0000] {logging_mixin.py:188} INFO - [2026-04-27T23:58:35.011+0000] {dagbag.py:540} INFO - Filling up the DagBag from /home/airflow/.local/lib/python3.12/site-packages/airflow/example_dags/example_trigger_target_dag.py
[2026-04-27T23:58:35.018+0000] {processor.py:840} INFO - DAG(s) 'example_trigger_target_dag' retrieved from /home/airflow/.local/lib/python3.12/site-packages/airflow/example_dags/example_trigger_target_dag.py
[2026-04-27T23:58:35.125+0000] {logging_mixin.py:188} INFO - [2026-04-27T23:58:35.125+0000] {dag.py:3096} INFO - Sync 1 DAGs
[2026-04-27T23:58:35.142+0000] {logging_mixin.py:188} INFO - [2026-04-27T23:58:35.141+0000] {dag.py:3954} INFO - Setting next_dagrun for example_trigger_target_dag to None, run_after=None
[2026-04-27T23:58:35.162+0000] {processor.py:183} INFO - Processing /home/airflow/.local/lib/python3.12/site-packages/airflow/example_dags/example_trigger_target_dag.py took 0.164 seconds
[2026-04-27T23:59:48.398+0000] {processor.py:161} INFO - Started process (PID=92) to work on /home/airflow/.local/lib/python3.12/site-packages/airflow/example_dags/example_trigger_target_dag.py
[2026-04-27T23:59:48.470+0000] {processor.py:830} INFO - Processing file /home/airflow/.local/lib/python3.12/site-packages/airflow/example_dags/example_trigger_target_dag.py for tasks to queue
[2026-04-27T23:59:48.473+0000] {logging_mixin.py:188} INFO - [2026-04-27T23:59:48.472+0000] {dagbag.py:540} INFO - Filling up the DagBag from /home/airflow/.local/lib/python3.12/site-packages/airflow/example_dags/example_trigger_target_dag.py
[2026-04-27T23:59:48.480+0000] {processor.py:840} INFO - DAG(s) 'example_trigger_target_dag' retrieved from /home/airflow/.local/lib/python3.12/site-packages/airflow/example_dags/example_trigger_target_dag.py
[2026-04-27T23:59:48.503+0000] {logging_mixin.py:188} INFO - [2026-04-27T23:59:48.503+0000] {dag.py:3096} INFO - Sync 1 DAGs
[2026-04-27T23:59:48.517+0000] {logging_mixin.py:188} INFO - [2026-04-27T23:59:48.517+0000] {dag.py:3954} INFO - Setting next_dagrun for example_trigger_target_dag to None, run_after=None
[2026-04-27T23:59:48.549+0000] {processor.py:183} INFO - Processing /home/airflow/.local/lib/python3.12/site-packages/airflow/example_dags/example_trigger_target_dag.py took 0.159 seconds
