[2026-04-27T23:30:26.467+0000] {processor.py:161} INFO - Started process (PID=105) to work on /home/airflow/.local/lib/python3.12/site-packages/airflow/example_dags/example_latest_only.py
[2026-04-27T23:30:26.469+0000] {processor.py:830} INFO - Processing file /home/airflow/.local/lib/python3.12/site-packages/airflow/example_dags/example_latest_only.py for tasks to queue
[2026-04-27T23:30:26.472+0000] {logging_mixin.py:188} INFO - [2026-04-27T23:30:26.471+0000] {dagbag.py:540} INFO - Filling up the DagBag from /home/airflow/.local/lib/python3.12/site-packages/airflow/example_dags/example_latest_only.py
[2026-04-27T23:30:26.489+0000] {processor.py:840} INFO - DAG(s) 'latest_only' retrieved from /home/airflow/.local/lib/python3.12/site-packages/airflow/example_dags/example_latest_only.py
[2026-04-27T23:30:26.513+0000] {logging_mixin.py:188} INFO - [2026-04-27T23:30:26.513+0000] {dag.py:3096} INFO - Sync 1 DAGs
[2026-04-27T23:30:27.345+0000] {logging_mixin.py:188} INFO - [2026-04-27T23:30:27.344+0000] {dag.py:3954} INFO - Setting next_dagrun for latest_only to 2026-04-27 16:00:00+00:00, run_after=2026-04-27 20:00:00+00:00
[2026-04-27T23:30:27.947+0000] {processor.py:183} INFO - Processing /home/airflow/.local/lib/python3.12/site-packages/airflow/example_dags/example_latest_only.py took 1.489 seconds
[2026-04-27T23:30:58.253+0000] {processor.py:161} INFO - Started process (PID=164) to work on /home/airflow/.local/lib/python3.12/site-packages/airflow/example_dags/example_latest_only.py
[2026-04-27T23:30:58.255+0000] {processor.py:830} INFO - Processing file /home/airflow/.local/lib/python3.12/site-packages/airflow/example_dags/example_latest_only.py for tasks to queue
[2026-04-27T23:30:58.258+0000] {logging_mixin.py:188} INFO - [2026-04-27T23:30:58.257+0000] {dagbag.py:540} INFO - Filling up the DagBag from /home/airflow/.local/lib/python3.12/site-packages/airflow/example_dags/example_latest_only.py
[2026-04-27T23:30:58.265+0000] {processor.py:840} INFO - DAG(s) 'latest_only' retrieved from /home/airflow/.local/lib/python3.12/site-packages/airflow/example_dags/example_latest_only.py
[2026-04-27T23:30:58.288+0000] {logging_mixin.py:188} INFO - [2026-04-27T23:30:58.288+0000] {dag.py:3096} INFO - Sync 1 DAGs
[2026-04-27T23:30:58.311+0000] {logging_mixin.py:188} INFO - [2026-04-27T23:30:58.311+0000] {dag.py:3954} INFO - Setting next_dagrun for latest_only to 2026-04-27 16:00:00+00:00, run_after=2026-04-27 20:00:00+00:00
[2026-04-27T23:30:58.331+0000] {processor.py:183} INFO - Processing /home/airflow/.local/lib/python3.12/site-packages/airflow/example_dags/example_latest_only.py took 0.086 seconds
[2026-04-27T23:32:19.515+0000] {processor.py:161} INFO - Started process (PID=229) to work on /home/airflow/.local/lib/python3.12/site-packages/airflow/example_dags/example_latest_only.py
[2026-04-27T23:32:19.726+0000] {processor.py:830} INFO - Processing file /home/airflow/.local/lib/python3.12/site-packages/airflow/example_dags/example_latest_only.py for tasks to queue
[2026-04-27T23:32:19.728+0000] {logging_mixin.py:188} INFO - [2026-04-27T23:32:19.728+0000] {dagbag.py:540} INFO - Filling up the DagBag from /home/airflow/.local/lib/python3.12/site-packages/airflow/example_dags/example_latest_only.py
[2026-04-27T23:32:19.734+0000] {processor.py:840} INFO - DAG(s) 'latest_only' retrieved from /home/airflow/.local/lib/python3.12/site-packages/airflow/example_dags/example_latest_only.py
[2026-04-27T23:32:19.757+0000] {logging_mixin.py:188} INFO - [2026-04-27T23:32:19.757+0000] {dag.py:3096} INFO - Sync 1 DAGs
[2026-04-27T23:32:19.784+0000] {logging_mixin.py:188} INFO - [2026-04-27T23:32:19.784+0000] {dag.py:3954} INFO - Setting next_dagrun for latest_only to 2026-04-27 16:00:00+00:00, run_after=2026-04-27 20:00:00+00:00
[2026-04-27T23:32:19.805+0000] {processor.py:183} INFO - Processing /home/airflow/.local/lib/python3.12/site-packages/airflow/example_dags/example_latest_only.py took 0.298 seconds
[2026-04-27T23:32:54.542+0000] {processor.py:161} INFO - Started process (PID=288) to work on /home/airflow/.local/lib/python3.12/site-packages/airflow/example_dags/example_latest_only.py
[2026-04-27T23:32:54.544+0000] {processor.py:830} INFO - Processing file /home/airflow/.local/lib/python3.12/site-packages/airflow/example_dags/example_latest_only.py for tasks to queue
[2026-04-27T23:32:54.547+0000] {logging_mixin.py:188} INFO - [2026-04-27T23:32:54.547+0000] {dagbag.py:540} INFO - Filling up the DagBag from /home/airflow/.local/lib/python3.12/site-packages/airflow/example_dags/example_latest_only.py
[2026-04-27T23:32:54.554+0000] {processor.py:840} INFO - DAG(s) 'latest_only' retrieved from /home/airflow/.local/lib/python3.12/site-packages/airflow/example_dags/example_latest_only.py
[2026-04-27T23:32:54.577+0000] {logging_mixin.py:188} INFO - [2026-04-27T23:32:54.577+0000] {dag.py:3096} INFO - Sync 1 DAGs
[2026-04-27T23:32:54.601+0000] {logging_mixin.py:188} INFO - [2026-04-27T23:32:54.601+0000] {dag.py:3954} INFO - Setting next_dagrun for latest_only to 2026-04-27 16:00:00+00:00, run_after=2026-04-27 20:00:00+00:00
[2026-04-27T23:32:54.692+0000] {processor.py:183} INFO - Processing /home/airflow/.local/lib/python3.12/site-packages/airflow/example_dags/example_latest_only.py took 0.156 seconds
[2026-04-27T23:33:24.899+0000] {processor.py:161} INFO - Started process (PID=347) to work on /home/airflow/.local/lib/python3.12/site-packages/airflow/example_dags/example_latest_only.py
[2026-04-27T23:33:24.901+0000] {processor.py:830} INFO - Processing file /home/airflow/.local/lib/python3.12/site-packages/airflow/example_dags/example_latest_only.py for tasks to queue
[2026-04-27T23:33:24.903+0000] {logging_mixin.py:188} INFO - [2026-04-27T23:33:24.903+0000] {dagbag.py:540} INFO - Filling up the DagBag from /home/airflow/.local/lib/python3.12/site-packages/airflow/example_dags/example_latest_only.py
[2026-04-27T23:33:24.909+0000] {processor.py:840} INFO - DAG(s) 'latest_only' retrieved from /home/airflow/.local/lib/python3.12/site-packages/airflow/example_dags/example_latest_only.py
[2026-04-27T23:33:24.935+0000] {logging_mixin.py:188} INFO - [2026-04-27T23:33:24.935+0000] {dag.py:3096} INFO - Sync 1 DAGs
[2026-04-27T23:33:25.072+0000] {logging_mixin.py:188} INFO - [2026-04-27T23:33:25.072+0000] {dag.py:3954} INFO - Setting next_dagrun for latest_only to 2026-04-27 16:00:00+00:00, run_after=2026-04-27 20:00:00+00:00
[2026-04-27T23:33:25.123+0000] {processor.py:183} INFO - Processing /home/airflow/.local/lib/python3.12/site-packages/airflow/example_dags/example_latest_only.py took 0.230 seconds
[2026-04-27T23:33:55.672+0000] {processor.py:161} INFO - Started process (PID=406) to work on /home/airflow/.local/lib/python3.12/site-packages/airflow/example_dags/example_latest_only.py
[2026-04-27T23:33:55.674+0000] {processor.py:830} INFO - Processing file /home/airflow/.local/lib/python3.12/site-packages/airflow/example_dags/example_latest_only.py for tasks to queue
[2026-04-27T23:33:55.676+0000] {logging_mixin.py:188} INFO - [2026-04-27T23:33:55.676+0000] {dagbag.py:540} INFO - Filling up the DagBag from /home/airflow/.local/lib/python3.12/site-packages/airflow/example_dags/example_latest_only.py
[2026-04-27T23:33:55.681+0000] {processor.py:840} INFO - DAG(s) 'latest_only' retrieved from /home/airflow/.local/lib/python3.12/site-packages/airflow/example_dags/example_latest_only.py
[2026-04-27T23:33:55.704+0000] {logging_mixin.py:188} INFO - [2026-04-27T23:33:55.704+0000] {dag.py:3096} INFO - Sync 1 DAGs
[2026-04-27T23:33:55.725+0000] {logging_mixin.py:188} INFO - [2026-04-27T23:33:55.725+0000] {dag.py:3954} INFO - Setting next_dagrun for latest_only to 2026-04-27 16:00:00+00:00, run_after=2026-04-27 20:00:00+00:00
[2026-04-27T23:33:55.747+0000] {processor.py:183} INFO - Processing /home/airflow/.local/lib/python3.12/site-packages/airflow/example_dags/example_latest_only.py took 0.081 seconds
[2026-04-27T23:34:26.411+0000] {processor.py:161} INFO - Started process (PID=465) to work on /home/airflow/.local/lib/python3.12/site-packages/airflow/example_dags/example_latest_only.py
[2026-04-27T23:34:26.412+0000] {processor.py:830} INFO - Processing file /home/airflow/.local/lib/python3.12/site-packages/airflow/example_dags/example_latest_only.py for tasks to queue
[2026-04-27T23:34:26.415+0000] {logging_mixin.py:188} INFO - [2026-04-27T23:34:26.414+0000] {dagbag.py:540} INFO - Filling up the DagBag from /home/airflow/.local/lib/python3.12/site-packages/airflow/example_dags/example_latest_only.py
[2026-04-27T23:34:26.421+0000] {processor.py:840} INFO - DAG(s) 'latest_only' retrieved from /home/airflow/.local/lib/python3.12/site-packages/airflow/example_dags/example_latest_only.py
[2026-04-27T23:34:26.444+0000] {logging_mixin.py:188} INFO - [2026-04-27T23:34:26.444+0000] {dag.py:3096} INFO - Sync 1 DAGs
[2026-04-27T23:34:26.466+0000] {logging_mixin.py:188} INFO - [2026-04-27T23:34:26.466+0000] {dag.py:3954} INFO - Setting next_dagrun for latest_only to 2026-04-27 16:00:00+00:00, run_after=2026-04-27 20:00:00+00:00
[2026-04-27T23:34:26.486+0000] {processor.py:183} INFO - Processing /home/airflow/.local/lib/python3.12/site-packages/airflow/example_dags/example_latest_only.py took 0.081 seconds
[2026-04-27T23:34:56.819+0000] {processor.py:161} INFO - Started process (PID=524) to work on /home/airflow/.local/lib/python3.12/site-packages/airflow/example_dags/example_latest_only.py
[2026-04-27T23:34:56.821+0000] {processor.py:830} INFO - Processing file /home/airflow/.local/lib/python3.12/site-packages/airflow/example_dags/example_latest_only.py for tasks to queue
[2026-04-27T23:34:56.823+0000] {logging_mixin.py:188} INFO - [2026-04-27T23:34:56.823+0000] {dagbag.py:540} INFO - Filling up the DagBag from /home/airflow/.local/lib/python3.12/site-packages/airflow/example_dags/example_latest_only.py
[2026-04-27T23:34:56.828+0000] {processor.py:840} INFO - DAG(s) 'latest_only' retrieved from /home/airflow/.local/lib/python3.12/site-packages/airflow/example_dags/example_latest_only.py
[2026-04-27T23:34:57.055+0000] {logging_mixin.py:188} INFO - [2026-04-27T23:34:57.055+0000] {dag.py:3096} INFO - Sync 1 DAGs
[2026-04-27T23:34:57.077+0000] {logging_mixin.py:188} INFO - [2026-04-27T23:34:57.077+0000] {dag.py:3954} INFO - Setting next_dagrun for latest_only to 2026-04-27 16:00:00+00:00, run_after=2026-04-27 20:00:00+00:00
[2026-04-27T23:34:57.097+0000] {processor.py:183} INFO - Processing /home/airflow/.local/lib/python3.12/site-packages/airflow/example_dags/example_latest_only.py took 0.284 seconds
[2026-04-27T23:35:27.441+0000] {processor.py:161} INFO - Started process (PID=583) to work on /home/airflow/.local/lib/python3.12/site-packages/airflow/example_dags/example_latest_only.py
[2026-04-27T23:35:27.442+0000] {processor.py:830} INFO - Processing file /home/airflow/.local/lib/python3.12/site-packages/airflow/example_dags/example_latest_only.py for tasks to queue
[2026-04-27T23:35:27.445+0000] {logging_mixin.py:188} INFO - [2026-04-27T23:35:27.445+0000] {dagbag.py:540} INFO - Filling up the DagBag from /home/airflow/.local/lib/python3.12/site-packages/airflow/example_dags/example_latest_only.py
[2026-04-27T23:35:27.451+0000] {processor.py:840} INFO - DAG(s) 'latest_only' retrieved from /home/airflow/.local/lib/python3.12/site-packages/airflow/example_dags/example_latest_only.py
[2026-04-27T23:35:27.474+0000] {logging_mixin.py:188} INFO - [2026-04-27T23:35:27.474+0000] {dag.py:3096} INFO - Sync 1 DAGs
[2026-04-27T23:35:27.496+0000] {logging_mixin.py:188} INFO - [2026-04-27T23:35:27.496+0000] {dag.py:3954} INFO - Setting next_dagrun for latest_only to 2026-04-27 16:00:00+00:00, run_after=2026-04-27 20:00:00+00:00
[2026-04-27T23:35:27.517+0000] {processor.py:183} INFO - Processing /home/airflow/.local/lib/python3.12/site-packages/airflow/example_dags/example_latest_only.py took 0.082 seconds
[2026-04-27T23:35:58.526+0000] {processor.py:161} INFO - Started process (PID=642) to work on /home/airflow/.local/lib/python3.12/site-packages/airflow/example_dags/example_latest_only.py
[2026-04-27T23:35:58.527+0000] {processor.py:830} INFO - Processing file /home/airflow/.local/lib/python3.12/site-packages/airflow/example_dags/example_latest_only.py for tasks to queue
[2026-04-27T23:35:58.531+0000] {logging_mixin.py:188} INFO - [2026-04-27T23:35:58.530+0000] {dagbag.py:540} INFO - Filling up the DagBag from /home/airflow/.local/lib/python3.12/site-packages/airflow/example_dags/example_latest_only.py
[2026-04-27T23:35:58.538+0000] {processor.py:840} INFO - DAG(s) 'latest_only' retrieved from /home/airflow/.local/lib/python3.12/site-packages/airflow/example_dags/example_latest_only.py
[2026-04-27T23:35:58.561+0000] {logging_mixin.py:188} INFO - [2026-04-27T23:35:58.561+0000] {dag.py:3096} INFO - Sync 1 DAGs
[2026-04-27T23:35:58.583+0000] {logging_mixin.py:188} INFO - [2026-04-27T23:35:58.583+0000] {dag.py:3954} INFO - Setting next_dagrun for latest_only to 2026-04-27 16:00:00+00:00, run_after=2026-04-27 20:00:00+00:00
[2026-04-27T23:35:58.607+0000] {processor.py:183} INFO - Processing /home/airflow/.local/lib/python3.12/site-packages/airflow/example_dags/example_latest_only.py took 0.095 seconds
[2026-04-27T23:36:29.048+0000] {processor.py:161} INFO - Started process (PID=701) to work on /home/airflow/.local/lib/python3.12/site-packages/airflow/example_dags/example_latest_only.py
[2026-04-27T23:36:29.050+0000] {processor.py:830} INFO - Processing file /home/airflow/.local/lib/python3.12/site-packages/airflow/example_dags/example_latest_only.py for tasks to queue
[2026-04-27T23:36:29.052+0000] {logging_mixin.py:188} INFO - [2026-04-27T23:36:29.052+0000] {dagbag.py:540} INFO - Filling up the DagBag from /home/airflow/.local/lib/python3.12/site-packages/airflow/example_dags/example_latest_only.py
[2026-04-27T23:36:29.059+0000] {processor.py:840} INFO - DAG(s) 'latest_only' retrieved from /home/airflow/.local/lib/python3.12/site-packages/airflow/example_dags/example_latest_only.py
[2026-04-27T23:36:29.082+0000] {logging_mixin.py:188} INFO - [2026-04-27T23:36:29.082+0000] {dag.py:3096} INFO - Sync 1 DAGs
[2026-04-27T23:36:29.107+0000] {logging_mixin.py:188} INFO - [2026-04-27T23:36:29.106+0000] {dag.py:3954} INFO - Setting next_dagrun for latest_only to 2026-04-27 16:00:00+00:00, run_after=2026-04-27 20:00:00+00:00
[2026-04-27T23:36:29.127+0000] {processor.py:183} INFO - Processing /home/airflow/.local/lib/python3.12/site-packages/airflow/example_dags/example_latest_only.py took 0.085 seconds
[2026-04-27T23:37:00.141+0000] {processor.py:161} INFO - Started process (PID=761) to work on /home/airflow/.local/lib/python3.12/site-packages/airflow/example_dags/example_latest_only.py
[2026-04-27T23:37:00.143+0000] {processor.py:830} INFO - Processing file /home/airflow/.local/lib/python3.12/site-packages/airflow/example_dags/example_latest_only.py for tasks to queue
[2026-04-27T23:37:00.147+0000] {logging_mixin.py:188} INFO - [2026-04-27T23:37:00.146+0000] {dagbag.py:540} INFO - Filling up the DagBag from /home/airflow/.local/lib/python3.12/site-packages/airflow/example_dags/example_latest_only.py
[2026-04-27T23:37:00.157+0000] {processor.py:840} INFO - DAG(s) 'latest_only' retrieved from /home/airflow/.local/lib/python3.12/site-packages/airflow/example_dags/example_latest_only.py
[2026-04-27T23:37:00.194+0000] {logging_mixin.py:188} INFO - [2026-04-27T23:37:00.194+0000] {dag.py:3096} INFO - Sync 1 DAGs
[2026-04-27T23:37:00.222+0000] {logging_mixin.py:188} INFO - [2026-04-27T23:37:00.222+0000] {dag.py:3954} INFO - Setting next_dagrun for latest_only to 2026-04-27 16:00:00+00:00, run_after=2026-04-27 20:00:00+00:00
[2026-04-27T23:37:00.245+0000] {processor.py:183} INFO - Processing /home/airflow/.local/lib/python3.12/site-packages/airflow/example_dags/example_latest_only.py took 0.113 seconds
[2026-04-27T23:37:30.571+0000] {processor.py:161} INFO - Started process (PID=820) to work on /home/airflow/.local/lib/python3.12/site-packages/airflow/example_dags/example_latest_only.py
[2026-04-27T23:37:30.573+0000] {processor.py:830} INFO - Processing file /home/airflow/.local/lib/python3.12/site-packages/airflow/example_dags/example_latest_only.py for tasks to queue
[2026-04-27T23:37:30.575+0000] {logging_mixin.py:188} INFO - [2026-04-27T23:37:30.575+0000] {dagbag.py:540} INFO - Filling up the DagBag from /home/airflow/.local/lib/python3.12/site-packages/airflow/example_dags/example_latest_only.py
[2026-04-27T23:37:30.581+0000] {processor.py:840} INFO - DAG(s) 'latest_only' retrieved from /home/airflow/.local/lib/python3.12/site-packages/airflow/example_dags/example_latest_only.py
[2026-04-27T23:37:30.604+0000] {logging_mixin.py:188} INFO - [2026-04-27T23:37:30.604+0000] {dag.py:3096} INFO - Sync 1 DAGs
[2026-04-27T23:37:30.626+0000] {logging_mixin.py:188} INFO - [2026-04-27T23:37:30.626+0000] {dag.py:3954} INFO - Setting next_dagrun for latest_only to 2026-04-27 16:00:00+00:00, run_after=2026-04-27 20:00:00+00:00
[2026-04-27T23:37:30.648+0000] {processor.py:183} INFO - Processing /home/airflow/.local/lib/python3.12/site-packages/airflow/example_dags/example_latest_only.py took 0.083 seconds
[2026-04-27T23:38:01.169+0000] {processor.py:161} INFO - Started process (PID=879) to work on /home/airflow/.local/lib/python3.12/site-packages/airflow/example_dags/example_latest_only.py
[2026-04-27T23:38:01.171+0000] {processor.py:830} INFO - Processing file /home/airflow/.local/lib/python3.12/site-packages/airflow/example_dags/example_latest_only.py for tasks to queue
[2026-04-27T23:38:01.173+0000] {logging_mixin.py:188} INFO - [2026-04-27T23:38:01.173+0000] {dagbag.py:540} INFO - Filling up the DagBag from /home/airflow/.local/lib/python3.12/site-packages/airflow/example_dags/example_latest_only.py
[2026-04-27T23:38:01.178+0000] {processor.py:840} INFO - DAG(s) 'latest_only' retrieved from /home/airflow/.local/lib/python3.12/site-packages/airflow/example_dags/example_latest_only.py
[2026-04-27T23:38:01.201+0000] {logging_mixin.py:188} INFO - [2026-04-27T23:38:01.201+0000] {dag.py:3096} INFO - Sync 1 DAGs
[2026-04-27T23:38:01.223+0000] {logging_mixin.py:188} INFO - [2026-04-27T23:38:01.222+0000] {dag.py:3954} INFO - Setting next_dagrun for latest_only to 2026-04-27 16:00:00+00:00, run_after=2026-04-27 20:00:00+00:00
[2026-04-27T23:38:01.243+0000] {processor.py:183} INFO - Processing /home/airflow/.local/lib/python3.12/site-packages/airflow/example_dags/example_latest_only.py took 0.079 seconds
[2026-04-27T23:38:32.005+0000] {processor.py:161} INFO - Started process (PID=938) to work on /home/airflow/.local/lib/python3.12/site-packages/airflow/example_dags/example_latest_only.py
[2026-04-27T23:38:32.006+0000] {processor.py:830} INFO - Processing file /home/airflow/.local/lib/python3.12/site-packages/airflow/example_dags/example_latest_only.py for tasks to queue
[2026-04-27T23:38:32.010+0000] {logging_mixin.py:188} INFO - [2026-04-27T23:38:32.009+0000] {dagbag.py:540} INFO - Filling up the DagBag from /home/airflow/.local/lib/python3.12/site-packages/airflow/example_dags/example_latest_only.py
[2026-04-27T23:38:32.015+0000] {processor.py:840} INFO - DAG(s) 'latest_only' retrieved from /home/airflow/.local/lib/python3.12/site-packages/airflow/example_dags/example_latest_only.py
[2026-04-27T23:38:32.040+0000] {logging_mixin.py:188} INFO - [2026-04-27T23:38:32.040+0000] {dag.py:3096} INFO - Sync 1 DAGs
[2026-04-27T23:38:32.064+0000] {logging_mixin.py:188} INFO - [2026-04-27T23:38:32.063+0000] {dag.py:3954} INFO - Setting next_dagrun for latest_only to 2026-04-27 16:00:00+00:00, run_after=2026-04-27 20:00:00+00:00
[2026-04-27T23:38:32.085+0000] {processor.py:183} INFO - Processing /home/airflow/.local/lib/python3.12/site-packages/airflow/example_dags/example_latest_only.py took 0.086 seconds
[2026-04-27T23:39:02.967+0000] {processor.py:161} INFO - Started process (PID=997) to work on /home/airflow/.local/lib/python3.12/site-packages/airflow/example_dags/example_latest_only.py
[2026-04-27T23:39:02.968+0000] {processor.py:830} INFO - Processing file /home/airflow/.local/lib/python3.12/site-packages/airflow/example_dags/example_latest_only.py for tasks to queue
[2026-04-27T23:39:02.970+0000] {logging_mixin.py:188} INFO - [2026-04-27T23:39:02.970+0000] {dagbag.py:540} INFO - Filling up the DagBag from /home/airflow/.local/lib/python3.12/site-packages/airflow/example_dags/example_latest_only.py
[2026-04-27T23:39:02.976+0000] {processor.py:840} INFO - DAG(s) 'latest_only' retrieved from /home/airflow/.local/lib/python3.12/site-packages/airflow/example_dags/example_latest_only.py
[2026-04-27T23:39:02.999+0000] {logging_mixin.py:188} INFO - [2026-04-27T23:39:02.999+0000] {dag.py:3096} INFO - Sync 1 DAGs
[2026-04-27T23:39:03.021+0000] {logging_mixin.py:188} INFO - [2026-04-27T23:39:03.020+0000] {dag.py:3954} INFO - Setting next_dagrun for latest_only to 2026-04-27 16:00:00+00:00, run_after=2026-04-27 20:00:00+00:00
[2026-04-27T23:39:03.043+0000] {processor.py:183} INFO - Processing /home/airflow/.local/lib/python3.12/site-packages/airflow/example_dags/example_latest_only.py took 0.083 seconds
[2026-04-27T23:39:33.207+0000] {processor.py:161} INFO - Started process (PID=1055) to work on /home/airflow/.local/lib/python3.12/site-packages/airflow/example_dags/example_latest_only.py
[2026-04-27T23:39:33.208+0000] {processor.py:830} INFO - Processing file /home/airflow/.local/lib/python3.12/site-packages/airflow/example_dags/example_latest_only.py for tasks to queue
[2026-04-27T23:39:33.210+0000] {logging_mixin.py:188} INFO - [2026-04-27T23:39:33.210+0000] {dagbag.py:540} INFO - Filling up the DagBag from /home/airflow/.local/lib/python3.12/site-packages/airflow/example_dags/example_latest_only.py
[2026-04-27T23:39:33.216+0000] {processor.py:840} INFO - DAG(s) 'latest_only' retrieved from /home/airflow/.local/lib/python3.12/site-packages/airflow/example_dags/example_latest_only.py
[2026-04-27T23:39:33.239+0000] {logging_mixin.py:188} INFO - [2026-04-27T23:39:33.239+0000] {dag.py:3096} INFO - Sync 1 DAGs
[2026-04-27T23:39:33.434+0000] {logging_mixin.py:188} INFO - [2026-04-27T23:39:33.433+0000] {dag.py:3954} INFO - Setting next_dagrun for latest_only to 2026-04-27 16:00:00+00:00, run_after=2026-04-27 20:00:00+00:00
[2026-04-27T23:39:33.527+0000] {processor.py:183} INFO - Processing /home/airflow/.local/lib/python3.12/site-packages/airflow/example_dags/example_latest_only.py took 0.327 seconds
[2026-04-27T23:40:04.019+0000] {processor.py:161} INFO - Started process (PID=1114) to work on /home/airflow/.local/lib/python3.12/site-packages/airflow/example_dags/example_latest_only.py
[2026-04-27T23:40:04.020+0000] {processor.py:830} INFO - Processing file /home/airflow/.local/lib/python3.12/site-packages/airflow/example_dags/example_latest_only.py for tasks to queue
[2026-04-27T23:40:04.023+0000] {logging_mixin.py:188} INFO - [2026-04-27T23:40:04.022+0000] {dagbag.py:540} INFO - Filling up the DagBag from /home/airflow/.local/lib/python3.12/site-packages/airflow/example_dags/example_latest_only.py
[2026-04-27T23:40:04.029+0000] {processor.py:840} INFO - DAG(s) 'latest_only' retrieved from /home/airflow/.local/lib/python3.12/site-packages/airflow/example_dags/example_latest_only.py
[2026-04-27T23:40:04.055+0000] {logging_mixin.py:188} INFO - [2026-04-27T23:40:04.054+0000] {dag.py:3096} INFO - Sync 1 DAGs
[2026-04-27T23:40:04.080+0000] {logging_mixin.py:188} INFO - [2026-04-27T23:40:04.080+0000] {dag.py:3954} INFO - Setting next_dagrun for latest_only to 2026-04-27 16:00:00+00:00, run_after=2026-04-27 20:00:00+00:00
[2026-04-27T23:40:04.243+0000] {processor.py:183} INFO - Processing /home/airflow/.local/lib/python3.12/site-packages/airflow/example_dags/example_latest_only.py took 0.231 seconds
[2026-04-27T23:40:35.027+0000] {processor.py:161} INFO - Started process (PID=1179) to work on /home/airflow/.local/lib/python3.12/site-packages/airflow/example_dags/example_latest_only.py
[2026-04-27T23:40:35.028+0000] {processor.py:830} INFO - Processing file /home/airflow/.local/lib/python3.12/site-packages/airflow/example_dags/example_latest_only.py for tasks to queue
[2026-04-27T23:40:35.030+0000] {logging_mixin.py:188} INFO - [2026-04-27T23:40:35.030+0000] {dagbag.py:540} INFO - Filling up the DagBag from /home/airflow/.local/lib/python3.12/site-packages/airflow/example_dags/example_latest_only.py
[2026-04-27T23:40:35.035+0000] {processor.py:840} INFO - DAG(s) 'latest_only' retrieved from /home/airflow/.local/lib/python3.12/site-packages/airflow/example_dags/example_latest_only.py
[2026-04-27T23:40:35.056+0000] {logging_mixin.py:188} INFO - [2026-04-27T23:40:35.056+0000] {dag.py:3096} INFO - Sync 1 DAGs
[2026-04-27T23:40:35.078+0000] {logging_mixin.py:188} INFO - [2026-04-27T23:40:35.077+0000] {dag.py:3954} INFO - Setting next_dagrun for latest_only to 2026-04-27 16:00:00+00:00, run_after=2026-04-27 20:00:00+00:00
[2026-04-27T23:40:35.097+0000] {processor.py:183} INFO - Processing /home/airflow/.local/lib/python3.12/site-packages/airflow/example_dags/example_latest_only.py took 0.076 seconds
[2026-04-27T23:41:05.340+0000] {processor.py:161} INFO - Started process (PID=1238) to work on /home/airflow/.local/lib/python3.12/site-packages/airflow/example_dags/example_latest_only.py
[2026-04-27T23:41:05.342+0000] {processor.py:830} INFO - Processing file /home/airflow/.local/lib/python3.12/site-packages/airflow/example_dags/example_latest_only.py for tasks to queue
[2026-04-27T23:41:05.345+0000] {logging_mixin.py:188} INFO - [2026-04-27T23:41:05.344+0000] {dagbag.py:540} INFO - Filling up the DagBag from /home/airflow/.local/lib/python3.12/site-packages/airflow/example_dags/example_latest_only.py
[2026-04-27T23:41:05.351+0000] {processor.py:840} INFO - DAG(s) 'latest_only' retrieved from /home/airflow/.local/lib/python3.12/site-packages/airflow/example_dags/example_latest_only.py
[2026-04-27T23:41:05.379+0000] {logging_mixin.py:188} INFO - [2026-04-27T23:41:05.378+0000] {dag.py:3096} INFO - Sync 1 DAGs
[2026-04-27T23:41:05.405+0000] {logging_mixin.py:188} INFO - [2026-04-27T23:41:05.405+0000] {dag.py:3954} INFO - Setting next_dagrun for latest_only to 2026-04-27 16:00:00+00:00, run_after=2026-04-27 20:00:00+00:00
[2026-04-27T23:41:05.432+0000] {processor.py:183} INFO - Processing /home/airflow/.local/lib/python3.12/site-packages/airflow/example_dags/example_latest_only.py took 0.099 seconds
[2026-04-27T23:41:35.673+0000] {processor.py:161} INFO - Started process (PID=1297) to work on /home/airflow/.local/lib/python3.12/site-packages/airflow/example_dags/example_latest_only.py
[2026-04-27T23:41:35.675+0000] {processor.py:830} INFO - Processing file /home/airflow/.local/lib/python3.12/site-packages/airflow/example_dags/example_latest_only.py for tasks to queue
[2026-04-27T23:41:35.677+0000] {logging_mixin.py:188} INFO - [2026-04-27T23:41:35.677+0000] {dagbag.py:540} INFO - Filling up the DagBag from /home/airflow/.local/lib/python3.12/site-packages/airflow/example_dags/example_latest_only.py
[2026-04-27T23:41:35.684+0000] {processor.py:840} INFO - DAG(s) 'latest_only' retrieved from /home/airflow/.local/lib/python3.12/site-packages/airflow/example_dags/example_latest_only.py
[2026-04-27T23:41:35.711+0000] {logging_mixin.py:188} INFO - [2026-04-27T23:41:35.711+0000] {dag.py:3096} INFO - Sync 1 DAGs
[2026-04-27T23:41:35.892+0000] {logging_mixin.py:188} INFO - [2026-04-27T23:41:35.891+0000] {dag.py:3954} INFO - Setting next_dagrun for latest_only to 2026-04-27 16:00:00+00:00, run_after=2026-04-27 20:00:00+00:00
[2026-04-27T23:41:35.912+0000] {processor.py:183} INFO - Processing /home/airflow/.local/lib/python3.12/site-packages/airflow/example_dags/example_latest_only.py took 0.247 seconds
[2026-04-27T23:42:06.419+0000] {processor.py:161} INFO - Started process (PID=1356) to work on /home/airflow/.local/lib/python3.12/site-packages/airflow/example_dags/example_latest_only.py
[2026-04-27T23:42:06.420+0000] {processor.py:830} INFO - Processing file /home/airflow/.local/lib/python3.12/site-packages/airflow/example_dags/example_latest_only.py for tasks to queue
[2026-04-27T23:42:06.424+0000] {logging_mixin.py:188} INFO - [2026-04-27T23:42:06.424+0000] {dagbag.py:540} INFO - Filling up the DagBag from /home/airflow/.local/lib/python3.12/site-packages/airflow/example_dags/example_latest_only.py
[2026-04-27T23:42:06.432+0000] {processor.py:840} INFO - DAG(s) 'latest_only' retrieved from /home/airflow/.local/lib/python3.12/site-packages/airflow/example_dags/example_latest_only.py
[2026-04-27T23:42:06.458+0000] {logging_mixin.py:188} INFO - [2026-04-27T23:42:06.457+0000] {dag.py:3096} INFO - Sync 1 DAGs
[2026-04-27T23:42:06.492+0000] {logging_mixin.py:188} INFO - [2026-04-27T23:42:06.492+0000] {dag.py:3954} INFO - Setting next_dagrun for latest_only to 2026-04-27 16:00:00+00:00, run_after=2026-04-27 20:00:00+00:00
[2026-04-27T23:42:06.613+0000] {processor.py:183} INFO - Processing /home/airflow/.local/lib/python3.12/site-packages/airflow/example_dags/example_latest_only.py took 0.203 seconds
[2026-04-27T23:42:36.757+0000] {processor.py:161} INFO - Started process (PID=1415) to work on /home/airflow/.local/lib/python3.12/site-packages/airflow/example_dags/example_latest_only.py
[2026-04-27T23:42:36.758+0000] {processor.py:830} INFO - Processing file /home/airflow/.local/lib/python3.12/site-packages/airflow/example_dags/example_latest_only.py for tasks to queue
[2026-04-27T23:42:36.762+0000] {logging_mixin.py:188} INFO - [2026-04-27T23:42:36.762+0000] {dagbag.py:540} INFO - Filling up the DagBag from /home/airflow/.local/lib/python3.12/site-packages/airflow/example_dags/example_latest_only.py
[2026-04-27T23:42:36.771+0000] {processor.py:840} INFO - DAG(s) 'latest_only' retrieved from /home/airflow/.local/lib/python3.12/site-packages/airflow/example_dags/example_latest_only.py
[2026-04-27T23:42:36.806+0000] {logging_mixin.py:188} INFO - [2026-04-27T23:42:36.806+0000] {dag.py:3096} INFO - Sync 1 DAGs
[2026-04-27T23:42:36.834+0000] {logging_mixin.py:188} INFO - [2026-04-27T23:42:36.833+0000] {dag.py:3954} INFO - Setting next_dagrun for latest_only to 2026-04-27 16:00:00+00:00, run_after=2026-04-27 20:00:00+00:00
[2026-04-27T23:42:36.858+0000] {processor.py:183} INFO - Processing /home/airflow/.local/lib/python3.12/site-packages/airflow/example_dags/example_latest_only.py took 0.115 seconds
[2026-04-27T23:43:07.066+0000] {processor.py:161} INFO - Started process (PID=1474) to work on /home/airflow/.local/lib/python3.12/site-packages/airflow/example_dags/example_latest_only.py
[2026-04-27T23:43:07.068+0000] {processor.py:830} INFO - Processing file /home/airflow/.local/lib/python3.12/site-packages/airflow/example_dags/example_latest_only.py for tasks to queue
[2026-04-27T23:43:07.072+0000] {logging_mixin.py:188} INFO - [2026-04-27T23:43:07.071+0000] {dagbag.py:540} INFO - Filling up the DagBag from /home/airflow/.local/lib/python3.12/site-packages/airflow/example_dags/example_latest_only.py
[2026-04-27T23:43:07.078+0000] {processor.py:840} INFO - DAG(s) 'latest_only' retrieved from /home/airflow/.local/lib/python3.12/site-packages/airflow/example_dags/example_latest_only.py
[2026-04-27T23:43:07.105+0000] {logging_mixin.py:188} INFO - [2026-04-27T23:43:07.105+0000] {dag.py:3096} INFO - Sync 1 DAGs
[2026-04-27T23:43:07.131+0000] {logging_mixin.py:188} INFO - [2026-04-27T23:43:07.131+0000] {dag.py:3954} INFO - Setting next_dagrun for latest_only to 2026-04-27 16:00:00+00:00, run_after=2026-04-27 20:00:00+00:00
[2026-04-27T23:43:07.162+0000] {processor.py:183} INFO - Processing /home/airflow/.local/lib/python3.12/site-packages/airflow/example_dags/example_latest_only.py took 0.104 seconds
[2026-04-27T23:43:37.486+0000] {processor.py:161} INFO - Started process (PID=1533) to work on /home/airflow/.local/lib/python3.12/site-packages/airflow/example_dags/example_latest_only.py
[2026-04-27T23:43:37.488+0000] {processor.py:830} INFO - Processing file /home/airflow/.local/lib/python3.12/site-packages/airflow/example_dags/example_latest_only.py for tasks to queue
[2026-04-27T23:43:37.492+0000] {logging_mixin.py:188} INFO - [2026-04-27T23:43:37.492+0000] {dagbag.py:540} INFO - Filling up the DagBag from /home/airflow/.local/lib/python3.12/site-packages/airflow/example_dags/example_latest_only.py
[2026-04-27T23:43:37.500+0000] {processor.py:840} INFO - DAG(s) 'latest_only' retrieved from /home/airflow/.local/lib/python3.12/site-packages/airflow/example_dags/example_latest_only.py
[2026-04-27T23:43:37.537+0000] {logging_mixin.py:188} INFO - [2026-04-27T23:43:37.536+0000] {dag.py:3096} INFO - Sync 1 DAGs
[2026-04-27T23:43:37.567+0000] {logging_mixin.py:188} INFO - [2026-04-27T23:43:37.566+0000] {dag.py:3954} INFO - Setting next_dagrun for latest_only to 2026-04-27 16:00:00+00:00, run_after=2026-04-27 20:00:00+00:00
[2026-04-27T23:43:37.601+0000] {processor.py:183} INFO - Processing /home/airflow/.local/lib/python3.12/site-packages/airflow/example_dags/example_latest_only.py took 0.126 seconds
[2026-04-27T23:44:07.682+0000] {processor.py:161} INFO - Started process (PID=1592) to work on /home/airflow/.local/lib/python3.12/site-packages/airflow/example_dags/example_latest_only.py
[2026-04-27T23:44:07.684+0000] {processor.py:830} INFO - Processing file /home/airflow/.local/lib/python3.12/site-packages/airflow/example_dags/example_latest_only.py for tasks to queue
[2026-04-27T23:44:07.688+0000] {logging_mixin.py:188} INFO - [2026-04-27T23:44:07.687+0000] {dagbag.py:540} INFO - Filling up the DagBag from /home/airflow/.local/lib/python3.12/site-packages/airflow/example_dags/example_latest_only.py
[2026-04-27T23:44:07.699+0000] {processor.py:840} INFO - DAG(s) 'latest_only' retrieved from /home/airflow/.local/lib/python3.12/site-packages/airflow/example_dags/example_latest_only.py
[2026-04-27T23:44:07.733+0000] {logging_mixin.py:188} INFO - [2026-04-27T23:44:07.732+0000] {dag.py:3096} INFO - Sync 1 DAGs
[2026-04-27T23:44:07.774+0000] {logging_mixin.py:188} INFO - [2026-04-27T23:44:07.774+0000] {dag.py:3954} INFO - Setting next_dagrun for latest_only to 2026-04-27 16:00:00+00:00, run_after=2026-04-27 20:00:00+00:00
[2026-04-27T23:44:07.801+0000] {processor.py:183} INFO - Processing /home/airflow/.local/lib/python3.12/site-packages/airflow/example_dags/example_latest_only.py took 0.127 seconds
[2026-04-27T23:44:38.579+0000] {processor.py:161} INFO - Started process (PID=1651) to work on /home/airflow/.local/lib/python3.12/site-packages/airflow/example_dags/example_latest_only.py
[2026-04-27T23:44:38.580+0000] {processor.py:830} INFO - Processing file /home/airflow/.local/lib/python3.12/site-packages/airflow/example_dags/example_latest_only.py for tasks to queue
[2026-04-27T23:44:38.584+0000] {logging_mixin.py:188} INFO - [2026-04-27T23:44:38.583+0000] {dagbag.py:540} INFO - Filling up the DagBag from /home/airflow/.local/lib/python3.12/site-packages/airflow/example_dags/example_latest_only.py
[2026-04-27T23:44:38.590+0000] {processor.py:840} INFO - DAG(s) 'latest_only' retrieved from /home/airflow/.local/lib/python3.12/site-packages/airflow/example_dags/example_latest_only.py
[2026-04-27T23:44:38.619+0000] {logging_mixin.py:188} INFO - [2026-04-27T23:44:38.619+0000] {dag.py:3096} INFO - Sync 1 DAGs
[2026-04-27T23:44:38.653+0000] {logging_mixin.py:188} INFO - [2026-04-27T23:44:38.653+0000] {dag.py:3954} INFO - Setting next_dagrun for latest_only to 2026-04-27 16:00:00+00:00, run_after=2026-04-27 20:00:00+00:00
[2026-04-27T23:44:38.749+0000] {processor.py:183} INFO - Processing /home/airflow/.local/lib/python3.12/site-packages/airflow/example_dags/example_latest_only.py took 0.179 seconds
[2026-04-27T23:45:09.731+0000] {processor.py:161} INFO - Started process (PID=1710) to work on /home/airflow/.local/lib/python3.12/site-packages/airflow/example_dags/example_latest_only.py
[2026-04-27T23:45:09.732+0000] {processor.py:830} INFO - Processing file /home/airflow/.local/lib/python3.12/site-packages/airflow/example_dags/example_latest_only.py for tasks to queue
[2026-04-27T23:45:09.736+0000] {logging_mixin.py:188} INFO - [2026-04-27T23:45:09.736+0000] {dagbag.py:540} INFO - Filling up the DagBag from /home/airflow/.local/lib/python3.12/site-packages/airflow/example_dags/example_latest_only.py
[2026-04-27T23:45:09.743+0000] {processor.py:840} INFO - DAG(s) 'latest_only' retrieved from /home/airflow/.local/lib/python3.12/site-packages/airflow/example_dags/example_latest_only.py
[2026-04-27T23:45:09.769+0000] {logging_mixin.py:188} INFO - [2026-04-27T23:45:09.768+0000] {dag.py:3096} INFO - Sync 1 DAGs
[2026-04-27T23:45:09.795+0000] {logging_mixin.py:188} INFO - [2026-04-27T23:45:09.795+0000] {dag.py:3954} INFO - Setting next_dagrun for latest_only to 2026-04-27 16:00:00+00:00, run_after=2026-04-27 20:00:00+00:00
[2026-04-27T23:45:09.836+0000] {processor.py:183} INFO - Processing /home/airflow/.local/lib/python3.12/site-packages/airflow/example_dags/example_latest_only.py took 0.112 seconds
[2026-04-27T23:45:39.930+0000] {processor.py:161} INFO - Started process (PID=1770) to work on /home/airflow/.local/lib/python3.12/site-packages/airflow/example_dags/example_latest_only.py
[2026-04-27T23:45:39.931+0000] {processor.py:830} INFO - Processing file /home/airflow/.local/lib/python3.12/site-packages/airflow/example_dags/example_latest_only.py for tasks to queue
[2026-04-27T23:45:39.936+0000] {logging_mixin.py:188} INFO - [2026-04-27T23:45:39.934+0000] {dagbag.py:540} INFO - Filling up the DagBag from /home/airflow/.local/lib/python3.12/site-packages/airflow/example_dags/example_latest_only.py
[2026-04-27T23:45:39.941+0000] {processor.py:840} INFO - DAG(s) 'latest_only' retrieved from /home/airflow/.local/lib/python3.12/site-packages/airflow/example_dags/example_latest_only.py
[2026-04-27T23:45:39.964+0000] {logging_mixin.py:188} INFO - [2026-04-27T23:45:39.964+0000] {dag.py:3096} INFO - Sync 1 DAGs
[2026-04-27T23:45:39.990+0000] {logging_mixin.py:188} INFO - [2026-04-27T23:45:39.989+0000] {dag.py:3954} INFO - Setting next_dagrun for latest_only to 2026-04-27 16:00:00+00:00, run_after=2026-04-27 20:00:00+00:00
[2026-04-27T23:45:40.014+0000] {processor.py:183} INFO - Processing /home/airflow/.local/lib/python3.12/site-packages/airflow/example_dags/example_latest_only.py took 0.092 seconds
[2026-04-27T23:46:10.340+0000] {processor.py:161} INFO - Started process (PID=1829) to work on /home/airflow/.local/lib/python3.12/site-packages/airflow/example_dags/example_latest_only.py
[2026-04-27T23:46:10.341+0000] {processor.py:830} INFO - Processing file /home/airflow/.local/lib/python3.12/site-packages/airflow/example_dags/example_latest_only.py for tasks to queue
[2026-04-27T23:46:10.344+0000] {logging_mixin.py:188} INFO - [2026-04-27T23:46:10.344+0000] {dagbag.py:540} INFO - Filling up the DagBag from /home/airflow/.local/lib/python3.12/site-packages/airflow/example_dags/example_latest_only.py
[2026-04-27T23:46:10.351+0000] {processor.py:840} INFO - DAG(s) 'latest_only' retrieved from /home/airflow/.local/lib/python3.12/site-packages/airflow/example_dags/example_latest_only.py
[2026-04-27T23:46:10.382+0000] {logging_mixin.py:188} INFO - [2026-04-27T23:46:10.382+0000] {dag.py:3096} INFO - Sync 1 DAGs
[2026-04-27T23:46:10.419+0000] {logging_mixin.py:188} INFO - [2026-04-27T23:46:10.419+0000] {dag.py:3954} INFO - Setting next_dagrun for latest_only to 2026-04-27 16:00:00+00:00, run_after=2026-04-27 20:00:00+00:00
[2026-04-27T23:46:10.449+0000] {processor.py:183} INFO - Processing /home/airflow/.local/lib/python3.12/site-packages/airflow/example_dags/example_latest_only.py took 0.118 seconds
[2026-04-27T23:46:40.919+0000] {processor.py:161} INFO - Started process (PID=1888) to work on /home/airflow/.local/lib/python3.12/site-packages/airflow/example_dags/example_latest_only.py
[2026-04-27T23:46:40.920+0000] {processor.py:830} INFO - Processing file /home/airflow/.local/lib/python3.12/site-packages/airflow/example_dags/example_latest_only.py for tasks to queue
[2026-04-27T23:46:40.923+0000] {logging_mixin.py:188} INFO - [2026-04-27T23:46:40.922+0000] {dagbag.py:540} INFO - Filling up the DagBag from /home/airflow/.local/lib/python3.12/site-packages/airflow/example_dags/example_latest_only.py
[2026-04-27T23:46:40.932+0000] {processor.py:840} INFO - DAG(s) 'latest_only' retrieved from /home/airflow/.local/lib/python3.12/site-packages/airflow/example_dags/example_latest_only.py
[2026-04-27T23:46:40.957+0000] {logging_mixin.py:188} INFO - [2026-04-27T23:46:40.957+0000] {dag.py:3096} INFO - Sync 1 DAGs
[2026-04-27T23:46:40.987+0000] {logging_mixin.py:188} INFO - [2026-04-27T23:46:40.987+0000] {dag.py:3954} INFO - Setting next_dagrun for latest_only to 2026-04-27 16:00:00+00:00, run_after=2026-04-27 20:00:00+00:00
[2026-04-27T23:46:41.010+0000] {processor.py:183} INFO - Processing /home/airflow/.local/lib/python3.12/site-packages/airflow/example_dags/example_latest_only.py took 0.098 seconds
[2026-04-27T23:47:11.299+0000] {processor.py:161} INFO - Started process (PID=1947) to work on /home/airflow/.local/lib/python3.12/site-packages/airflow/example_dags/example_latest_only.py
[2026-04-27T23:47:11.300+0000] {processor.py:830} INFO - Processing file /home/airflow/.local/lib/python3.12/site-packages/airflow/example_dags/example_latest_only.py for tasks to queue
[2026-04-27T23:47:11.303+0000] {logging_mixin.py:188} INFO - [2026-04-27T23:47:11.303+0000] {dagbag.py:540} INFO - Filling up the DagBag from /home/airflow/.local/lib/python3.12/site-packages/airflow/example_dags/example_latest_only.py
[2026-04-27T23:47:11.310+0000] {processor.py:840} INFO - DAG(s) 'latest_only' retrieved from /home/airflow/.local/lib/python3.12/site-packages/airflow/example_dags/example_latest_only.py
[2026-04-27T23:47:11.325+0000] {logging_mixin.py:188} INFO - [2026-04-27T23:47:11.325+0000] {dag.py:3096} INFO - Sync 1 DAGs
[2026-04-27T23:47:11.350+0000] {logging_mixin.py:188} INFO - [2026-04-27T23:47:11.350+0000] {dag.py:3954} INFO - Setting next_dagrun for latest_only to 2026-04-27 16:00:00+00:00, run_after=2026-04-27 20:00:00+00:00
[2026-04-27T23:47:11.380+0000] {processor.py:183} INFO - Processing /home/airflow/.local/lib/python3.12/site-packages/airflow/example_dags/example_latest_only.py took 0.088 seconds
[2026-04-27T23:47:42.023+0000] {processor.py:161} INFO - Started process (PID=2006) to work on /home/airflow/.local/lib/python3.12/site-packages/airflow/example_dags/example_latest_only.py
[2026-04-27T23:47:42.024+0000] {processor.py:830} INFO - Processing file /home/airflow/.local/lib/python3.12/site-packages/airflow/example_dags/example_latest_only.py for tasks to queue
[2026-04-27T23:47:42.027+0000] {logging_mixin.py:188} INFO - [2026-04-27T23:47:42.027+0000] {dagbag.py:540} INFO - Filling up the DagBag from /home/airflow/.local/lib/python3.12/site-packages/airflow/example_dags/example_latest_only.py
[2026-04-27T23:47:42.038+0000] {processor.py:840} INFO - DAG(s) 'latest_only' retrieved from /home/airflow/.local/lib/python3.12/site-packages/airflow/example_dags/example_latest_only.py
[2026-04-27T23:47:42.220+0000] {logging_mixin.py:188} INFO - [2026-04-27T23:47:42.219+0000] {dag.py:3096} INFO - Sync 1 DAGs
[2026-04-27T23:47:42.276+0000] {logging_mixin.py:188} INFO - [2026-04-27T23:47:42.276+0000] {dag.py:3954} INFO - Setting next_dagrun for latest_only to 2026-04-27 16:00:00+00:00, run_after=2026-04-27 20:00:00+00:00
[2026-04-27T23:47:42.328+0000] {processor.py:183} INFO - Processing /home/airflow/.local/lib/python3.12/site-packages/airflow/example_dags/example_latest_only.py took 0.319 seconds
[2026-04-27T23:48:12.892+0000] {processor.py:161} INFO - Started process (PID=2065) to work on /home/airflow/.local/lib/python3.12/site-packages/airflow/example_dags/example_latest_only.py
[2026-04-27T23:48:12.894+0000] {processor.py:830} INFO - Processing file /home/airflow/.local/lib/python3.12/site-packages/airflow/example_dags/example_latest_only.py for tasks to queue
[2026-04-27T23:48:12.896+0000] {logging_mixin.py:188} INFO - [2026-04-27T23:48:12.895+0000] {dagbag.py:540} INFO - Filling up the DagBag from /home/airflow/.local/lib/python3.12/site-packages/airflow/example_dags/example_latest_only.py
[2026-04-27T23:48:12.903+0000] {processor.py:840} INFO - DAG(s) 'latest_only' retrieved from /home/airflow/.local/lib/python3.12/site-packages/airflow/example_dags/example_latest_only.py
[2026-04-27T23:48:12.927+0000] {logging_mixin.py:188} INFO - [2026-04-27T23:48:12.927+0000] {dag.py:3096} INFO - Sync 1 DAGs
[2026-04-27T23:48:12.951+0000] {logging_mixin.py:188} INFO - [2026-04-27T23:48:12.950+0000] {dag.py:3954} INFO - Setting next_dagrun for latest_only to 2026-04-27 16:00:00+00:00, run_after=2026-04-27 20:00:00+00:00
[2026-04-27T23:48:12.972+0000] {processor.py:183} INFO - Processing /home/airflow/.local/lib/python3.12/site-packages/airflow/example_dags/example_latest_only.py took 0.086 seconds
[2026-04-27T23:48:43.111+0000] {processor.py:161} INFO - Started process (PID=2124) to work on /home/airflow/.local/lib/python3.12/site-packages/airflow/example_dags/example_latest_only.py
[2026-04-27T23:48:43.112+0000] {processor.py:830} INFO - Processing file /home/airflow/.local/lib/python3.12/site-packages/airflow/example_dags/example_latest_only.py for tasks to queue
[2026-04-27T23:48:43.114+0000] {logging_mixin.py:188} INFO - [2026-04-27T23:48:43.114+0000] {dagbag.py:540} INFO - Filling up the DagBag from /home/airflow/.local/lib/python3.12/site-packages/airflow/example_dags/example_latest_only.py
[2026-04-27T23:48:43.120+0000] {processor.py:840} INFO - DAG(s) 'latest_only' retrieved from /home/airflow/.local/lib/python3.12/site-packages/airflow/example_dags/example_latest_only.py
[2026-04-27T23:48:43.144+0000] {logging_mixin.py:188} INFO - [2026-04-27T23:48:43.144+0000] {dag.py:3096} INFO - Sync 1 DAGs
[2026-04-27T23:48:43.169+0000] {logging_mixin.py:188} INFO - [2026-04-27T23:48:43.168+0000] {dag.py:3954} INFO - Setting next_dagrun for latest_only to 2026-04-27 16:00:00+00:00, run_after=2026-04-27 20:00:00+00:00
[2026-04-27T23:48:43.190+0000] {processor.py:183} INFO - Processing /home/airflow/.local/lib/python3.12/site-packages/airflow/example_dags/example_latest_only.py took 0.085 seconds
[2026-04-27T23:49:14.084+0000] {processor.py:161} INFO - Started process (PID=2183) to work on /home/airflow/.local/lib/python3.12/site-packages/airflow/example_dags/example_latest_only.py
[2026-04-27T23:49:14.086+0000] {processor.py:830} INFO - Processing file /home/airflow/.local/lib/python3.12/site-packages/airflow/example_dags/example_latest_only.py for tasks to queue
[2026-04-27T23:49:14.089+0000] {logging_mixin.py:188} INFO - [2026-04-27T23:49:14.089+0000] {dagbag.py:540} INFO - Filling up the DagBag from /home/airflow/.local/lib/python3.12/site-packages/airflow/example_dags/example_latest_only.py
[2026-04-27T23:49:14.100+0000] {processor.py:840} INFO - DAG(s) 'latest_only' retrieved from /home/airflow/.local/lib/python3.12/site-packages/airflow/example_dags/example_latest_only.py
[2026-04-27T23:49:14.136+0000] {logging_mixin.py:188} INFO - [2026-04-27T23:49:14.136+0000] {dag.py:3096} INFO - Sync 1 DAGs
[2026-04-27T23:49:14.179+0000] {logging_mixin.py:188} INFO - [2026-04-27T23:49:14.178+0000] {dag.py:3954} INFO - Setting next_dagrun for latest_only to 2026-04-27 16:00:00+00:00, run_after=2026-04-27 20:00:00+00:00
[2026-04-27T23:49:14.209+0000] {processor.py:183} INFO - Processing /home/airflow/.local/lib/python3.12/site-packages/airflow/example_dags/example_latest_only.py took 0.135 seconds
[2026-04-27T23:49:44.720+0000] {processor.py:161} INFO - Started process (PID=2242) to work on /home/airflow/.local/lib/python3.12/site-packages/airflow/example_dags/example_latest_only.py
[2026-04-27T23:49:44.722+0000] {processor.py:830} INFO - Processing file /home/airflow/.local/lib/python3.12/site-packages/airflow/example_dags/example_latest_only.py for tasks to queue
[2026-04-27T23:49:44.725+0000] {logging_mixin.py:188} INFO - [2026-04-27T23:49:44.724+0000] {dagbag.py:540} INFO - Filling up the DagBag from /home/airflow/.local/lib/python3.12/site-packages/airflow/example_dags/example_latest_only.py
[2026-04-27T23:49:44.731+0000] {processor.py:840} INFO - DAG(s) 'latest_only' retrieved from /home/airflow/.local/lib/python3.12/site-packages/airflow/example_dags/example_latest_only.py
[2026-04-27T23:49:44.755+0000] {logging_mixin.py:188} INFO - [2026-04-27T23:49:44.755+0000] {dag.py:3096} INFO - Sync 1 DAGs
[2026-04-27T23:49:44.781+0000] {logging_mixin.py:188} INFO - [2026-04-27T23:49:44.781+0000] {dag.py:3954} INFO - Setting next_dagrun for latest_only to 2026-04-27 16:00:00+00:00, run_after=2026-04-27 20:00:00+00:00
[2026-04-27T23:49:44.804+0000] {processor.py:183} INFO - Processing /home/airflow/.local/lib/python3.12/site-packages/airflow/example_dags/example_latest_only.py took 0.092 seconds
[2026-04-27T23:50:15.342+0000] {processor.py:161} INFO - Started process (PID=2301) to work on /home/airflow/.local/lib/python3.12/site-packages/airflow/example_dags/example_latest_only.py
[2026-04-27T23:50:15.344+0000] {processor.py:830} INFO - Processing file /home/airflow/.local/lib/python3.12/site-packages/airflow/example_dags/example_latest_only.py for tasks to queue
[2026-04-27T23:50:15.348+0000] {logging_mixin.py:188} INFO - [2026-04-27T23:50:15.347+0000] {dagbag.py:540} INFO - Filling up the DagBag from /home/airflow/.local/lib/python3.12/site-packages/airflow/example_dags/example_latest_only.py
[2026-04-27T23:50:15.357+0000] {processor.py:840} INFO - DAG(s) 'latest_only' retrieved from /home/airflow/.local/lib/python3.12/site-packages/airflow/example_dags/example_latest_only.py
[2026-04-27T23:50:15.384+0000] {logging_mixin.py:188} INFO - [2026-04-27T23:50:15.383+0000] {dag.py:3096} INFO - Sync 1 DAGs
[2026-04-27T23:50:15.413+0000] {logging_mixin.py:188} INFO - [2026-04-27T23:50:15.413+0000] {dag.py:3954} INFO - Setting next_dagrun for latest_only to 2026-04-27 16:00:00+00:00, run_after=2026-04-27 20:00:00+00:00
[2026-04-27T23:50:15.437+0000] {processor.py:183} INFO - Processing /home/airflow/.local/lib/python3.12/site-packages/airflow/example_dags/example_latest_only.py took 0.106 seconds
[2026-04-27T23:58:35.902+0000] {processor.py:161} INFO - Started process (PID=105) to work on /home/airflow/.local/lib/python3.12/site-packages/airflow/example_dags/example_latest_only.py
[2026-04-27T23:58:35.947+0000] {processor.py:830} INFO - Processing file /home/airflow/.local/lib/python3.12/site-packages/airflow/example_dags/example_latest_only.py for tasks to queue
[2026-04-27T23:58:35.950+0000] {logging_mixin.py:188} INFO - [2026-04-27T23:58:35.949+0000] {dagbag.py:540} INFO - Filling up the DagBag from /home/airflow/.local/lib/python3.12/site-packages/airflow/example_dags/example_latest_only.py
[2026-04-27T23:58:35.956+0000] {processor.py:840} INFO - DAG(s) 'latest_only' retrieved from /home/airflow/.local/lib/python3.12/site-packages/airflow/example_dags/example_latest_only.py
[2026-04-27T23:58:36.076+0000] {logging_mixin.py:188} INFO - [2026-04-27T23:58:36.076+0000] {dag.py:3096} INFO - Sync 1 DAGs
[2026-04-27T23:58:36.096+0000] {logging_mixin.py:188} INFO - [2026-04-27T23:58:36.096+0000] {dag.py:3954} INFO - Setting next_dagrun for latest_only to 2026-04-27 16:00:00+00:00, run_after=2026-04-27 20:00:00+00:00
[2026-04-27T23:58:36.118+0000] {processor.py:183} INFO - Processing /home/airflow/.local/lib/python3.12/site-packages/airflow/example_dags/example_latest_only.py took 0.225 seconds
[2026-04-27T23:59:49.091+0000] {processor.py:161} INFO - Started process (PID=99) to work on /home/airflow/.local/lib/python3.12/site-packages/airflow/example_dags/example_latest_only.py
[2026-04-27T23:59:49.266+0000] {processor.py:830} INFO - Processing file /home/airflow/.local/lib/python3.12/site-packages/airflow/example_dags/example_latest_only.py for tasks to queue
[2026-04-27T23:59:49.269+0000] {logging_mixin.py:188} INFO - [2026-04-27T23:59:49.268+0000] {dagbag.py:540} INFO - Filling up the DagBag from /home/airflow/.local/lib/python3.12/site-packages/airflow/example_dags/example_latest_only.py
[2026-04-27T23:59:49.278+0000] {processor.py:840} INFO - DAG(s) 'latest_only' retrieved from /home/airflow/.local/lib/python3.12/site-packages/airflow/example_dags/example_latest_only.py
[2026-04-27T23:59:49.304+0000] {logging_mixin.py:188} INFO - [2026-04-27T23:59:49.303+0000] {dag.py:3096} INFO - Sync 1 DAGs
[2026-04-27T23:59:49.333+0000] {logging_mixin.py:188} INFO - [2026-04-27T23:59:49.333+0000] {dag.py:3954} INFO - Setting next_dagrun for latest_only to 2026-04-27 16:00:00+00:00, run_after=2026-04-27 20:00:00+00:00
[2026-04-27T23:59:49.358+0000] {processor.py:183} INFO - Processing /home/airflow/.local/lib/python3.12/site-packages/airflow/example_dags/example_latest_only.py took 0.273 seconds
