[2026-04-27T23:29:59.098+0000] {processor.py:161} INFO - Started process (PID=65) to work on /home/airflow/.local/lib/python3.12/site-packages/airflow/example_dags/example_python_decorator.py
[2026-04-27T23:29:59.101+0000] {processor.py:830} INFO - Processing file /home/airflow/.local/lib/python3.12/site-packages/airflow/example_dags/example_python_decorator.py for tasks to queue
[2026-04-27T23:29:59.129+0000] {logging_mixin.py:188} INFO - [2026-04-27T23:29:59.128+0000] {dagbag.py:540} INFO - Filling up the DagBag from /home/airflow/.local/lib/python3.12/site-packages/airflow/example_dags/example_python_decorator.py
[2026-04-27T23:29:59.210+0000] {processor.py:840} INFO - DAG(s) 'example_python_decorator' retrieved from /home/airflow/.local/lib/python3.12/site-packages/airflow/example_dags/example_python_decorator.py
[2026-04-27T23:29:59.533+0000] {logging_mixin.py:188} INFO - [2026-04-27T23:29:59.532+0000] {dag.py:3096} INFO - Sync 1 DAGs
[2026-04-27T23:29:59.564+0000] {logging_mixin.py:188} INFO - [2026-04-27T23:29:59.563+0000] {dag.py:3954} INFO - Setting next_dagrun for example_python_decorator to None, run_after=None
[2026-04-27T23:29:59.602+0000] {processor.py:183} INFO - Processing /home/airflow/.local/lib/python3.12/site-packages/airflow/example_dags/example_python_decorator.py took 0.520 seconds
[2026-04-27T23:30:38.127+0000] {processor.py:161} INFO - Started process (PID=130) to work on /home/airflow/.local/lib/python3.12/site-packages/airflow/example_dags/example_python_decorator.py
[2026-04-27T23:30:38.672+0000] {processor.py:830} INFO - Processing file /home/airflow/.local/lib/python3.12/site-packages/airflow/example_dags/example_python_decorator.py for tasks to queue
[2026-04-27T23:30:38.675+0000] {logging_mixin.py:188} INFO - [2026-04-27T23:30:38.675+0000] {dagbag.py:540} INFO - Filling up the DagBag from /home/airflow/.local/lib/python3.12/site-packages/airflow/example_dags/example_python_decorator.py
[2026-04-27T23:30:38.695+0000] {processor.py:840} INFO - DAG(s) 'example_python_decorator' retrieved from /home/airflow/.local/lib/python3.12/site-packages/airflow/example_dags/example_python_decorator.py
[2026-04-27T23:30:38.724+0000] {logging_mixin.py:188} INFO - [2026-04-27T23:30:38.724+0000] {dag.py:3096} INFO - Sync 1 DAGs
[2026-04-27T23:30:38.740+0000] {logging_mixin.py:188} INFO - [2026-04-27T23:30:38.739+0000] {dag.py:3954} INFO - Setting next_dagrun for example_python_decorator to None, run_after=None
[2026-04-27T23:30:38.767+0000] {processor.py:183} INFO - Processing /home/airflow/.local/lib/python3.12/site-packages/airflow/example_dags/example_python_decorator.py took 0.646 seconds
[2026-04-27T23:31:17.349+0000] {processor.py:161} INFO - Started process (PID=185) to work on /home/airflow/.local/lib/python3.12/site-packages/airflow/example_dags/example_python_decorator.py
[2026-04-27T23:31:17.924+0000] {processor.py:830} INFO - Processing file /home/airflow/.local/lib/python3.12/site-packages/airflow/example_dags/example_python_decorator.py for tasks to queue
[2026-04-27T23:31:17.934+0000] {logging_mixin.py:188} INFO - [2026-04-27T23:31:17.932+0000] {dagbag.py:540} INFO - Filling up the DagBag from /home/airflow/.local/lib/python3.12/site-packages/airflow/example_dags/example_python_decorator.py
[2026-04-27T23:31:17.964+0000] {processor.py:840} INFO - DAG(s) 'example_python_decorator' retrieved from /home/airflow/.local/lib/python3.12/site-packages/airflow/example_dags/example_python_decorator.py
[2026-04-27T23:31:18.821+0000] {logging_mixin.py:188} INFO - [2026-04-27T23:31:18.821+0000] {dag.py:3096} INFO - Sync 1 DAGs
[2026-04-27T23:31:18.834+0000] {logging_mixin.py:188} INFO - [2026-04-27T23:31:18.834+0000] {dag.py:3954} INFO - Setting next_dagrun for example_python_decorator to None, run_after=None
[2026-04-27T23:31:20.895+0000] {processor.py:183} INFO - Processing /home/airflow/.local/lib/python3.12/site-packages/airflow/example_dags/example_python_decorator.py took 3.554 seconds
[2026-04-27T23:32:25.222+0000] {processor.py:161} INFO - Started process (PID=250) to work on /home/airflow/.local/lib/python3.12/site-packages/airflow/example_dags/example_python_decorator.py
[2026-04-27T23:32:25.223+0000] {processor.py:830} INFO - Processing file /home/airflow/.local/lib/python3.12/site-packages/airflow/example_dags/example_python_decorator.py for tasks to queue
[2026-04-27T23:32:25.226+0000] {logging_mixin.py:188} INFO - [2026-04-27T23:32:25.226+0000] {dagbag.py:540} INFO - Filling up the DagBag from /home/airflow/.local/lib/python3.12/site-packages/airflow/example_dags/example_python_decorator.py
[2026-04-27T23:32:25.243+0000] {processor.py:840} INFO - DAG(s) 'example_python_decorator' retrieved from /home/airflow/.local/lib/python3.12/site-packages/airflow/example_dags/example_python_decorator.py
[2026-04-27T23:32:25.270+0000] {logging_mixin.py:188} INFO - [2026-04-27T23:32:25.270+0000] {dag.py:3096} INFO - Sync 1 DAGs
[2026-04-27T23:32:25.289+0000] {logging_mixin.py:188} INFO - [2026-04-27T23:32:25.289+0000] {dag.py:3954} INFO - Setting next_dagrun for example_python_decorator to None, run_after=None
[2026-04-27T23:32:25.501+0000] {processor.py:183} INFO - Processing /home/airflow/.local/lib/python3.12/site-packages/airflow/example_dags/example_python_decorator.py took 0.286 seconds
[2026-04-27T23:32:56.628+0000] {processor.py:161} INFO - Started process (PID=302) to work on /home/airflow/.local/lib/python3.12/site-packages/airflow/example_dags/example_python_decorator.py
[2026-04-27T23:32:56.630+0000] {processor.py:830} INFO - Processing file /home/airflow/.local/lib/python3.12/site-packages/airflow/example_dags/example_python_decorator.py for tasks to queue
[2026-04-27T23:32:56.632+0000] {logging_mixin.py:188} INFO - [2026-04-27T23:32:56.632+0000] {dagbag.py:540} INFO - Filling up the DagBag from /home/airflow/.local/lib/python3.12/site-packages/airflow/example_dags/example_python_decorator.py
[2026-04-27T23:32:56.648+0000] {processor.py:840} INFO - DAG(s) 'example_python_decorator' retrieved from /home/airflow/.local/lib/python3.12/site-packages/airflow/example_dags/example_python_decorator.py
[2026-04-27T23:32:56.672+0000] {logging_mixin.py:188} INFO - [2026-04-27T23:32:56.672+0000] {dag.py:3096} INFO - Sync 1 DAGs
[2026-04-27T23:32:56.686+0000] {logging_mixin.py:188} INFO - [2026-04-27T23:32:56.686+0000] {dag.py:3954} INFO - Setting next_dagrun for example_python_decorator to None, run_after=None
[2026-04-27T23:32:56.707+0000] {processor.py:183} INFO - Processing /home/airflow/.local/lib/python3.12/site-packages/airflow/example_dags/example_python_decorator.py took 0.085 seconds
[2026-04-27T23:33:26.862+0000] {processor.py:161} INFO - Started process (PID=355) to work on /home/airflow/.local/lib/python3.12/site-packages/airflow/example_dags/example_python_decorator.py
[2026-04-27T23:33:26.863+0000] {processor.py:830} INFO - Processing file /home/airflow/.local/lib/python3.12/site-packages/airflow/example_dags/example_python_decorator.py for tasks to queue
[2026-04-27T23:33:26.865+0000] {logging_mixin.py:188} INFO - [2026-04-27T23:33:26.865+0000] {dagbag.py:540} INFO - Filling up the DagBag from /home/airflow/.local/lib/python3.12/site-packages/airflow/example_dags/example_python_decorator.py
[2026-04-27T23:33:26.879+0000] {processor.py:840} INFO - DAG(s) 'example_python_decorator' retrieved from /home/airflow/.local/lib/python3.12/site-packages/airflow/example_dags/example_python_decorator.py
[2026-04-27T23:33:26.904+0000] {logging_mixin.py:188} INFO - [2026-04-27T23:33:26.904+0000] {dag.py:3096} INFO - Sync 1 DAGs
[2026-04-27T23:33:26.918+0000] {logging_mixin.py:188} INFO - [2026-04-27T23:33:26.918+0000] {dag.py:3954} INFO - Setting next_dagrun for example_python_decorator to None, run_after=None
[2026-04-27T23:33:26.941+0000] {processor.py:183} INFO - Processing /home/airflow/.local/lib/python3.12/site-packages/airflow/example_dags/example_python_decorator.py took 0.086 seconds
[2026-04-27T23:33:57.171+0000] {processor.py:161} INFO - Started process (PID=413) to work on /home/airflow/.local/lib/python3.12/site-packages/airflow/example_dags/example_python_decorator.py
[2026-04-27T23:33:57.172+0000] {processor.py:830} INFO - Processing file /home/airflow/.local/lib/python3.12/site-packages/airflow/example_dags/example_python_decorator.py for tasks to queue
[2026-04-27T23:33:57.174+0000] {logging_mixin.py:188} INFO - [2026-04-27T23:33:57.174+0000] {dagbag.py:540} INFO - Filling up the DagBag from /home/airflow/.local/lib/python3.12/site-packages/airflow/example_dags/example_python_decorator.py
[2026-04-27T23:33:57.190+0000] {processor.py:840} INFO - DAG(s) 'example_python_decorator' retrieved from /home/airflow/.local/lib/python3.12/site-packages/airflow/example_dags/example_python_decorator.py
[2026-04-27T23:33:57.217+0000] {logging_mixin.py:188} INFO - [2026-04-27T23:33:57.216+0000] {dag.py:3096} INFO - Sync 1 DAGs
[2026-04-27T23:33:57.233+0000] {logging_mixin.py:188} INFO - [2026-04-27T23:33:57.233+0000] {dag.py:3954} INFO - Setting next_dagrun for example_python_decorator to None, run_after=None
[2026-04-27T23:33:57.254+0000] {processor.py:183} INFO - Processing /home/airflow/.local/lib/python3.12/site-packages/airflow/example_dags/example_python_decorator.py took 0.092 seconds
[2026-04-27T23:34:27.564+0000] {processor.py:161} INFO - Started process (PID=467) to work on /home/airflow/.local/lib/python3.12/site-packages/airflow/example_dags/example_python_decorator.py
[2026-04-27T23:34:27.569+0000] {processor.py:830} INFO - Processing file /home/airflow/.local/lib/python3.12/site-packages/airflow/example_dags/example_python_decorator.py for tasks to queue
[2026-04-27T23:34:27.573+0000] {logging_mixin.py:188} INFO - [2026-04-27T23:34:27.572+0000] {dagbag.py:540} INFO - Filling up the DagBag from /home/airflow/.local/lib/python3.12/site-packages/airflow/example_dags/example_python_decorator.py
[2026-04-27T23:34:27.597+0000] {processor.py:840} INFO - DAG(s) 'example_python_decorator' retrieved from /home/airflow/.local/lib/python3.12/site-packages/airflow/example_dags/example_python_decorator.py
[2026-04-27T23:34:27.638+0000] {logging_mixin.py:188} INFO - [2026-04-27T23:34:27.636+0000] {dag.py:3096} INFO - Sync 1 DAGs
[2026-04-27T23:34:27.661+0000] {logging_mixin.py:188} INFO - [2026-04-27T23:34:27.660+0000] {dag.py:3954} INFO - Setting next_dagrun for example_python_decorator to None, run_after=None
[2026-04-27T23:34:27.786+0000] {processor.py:183} INFO - Processing /home/airflow/.local/lib/python3.12/site-packages/airflow/example_dags/example_python_decorator.py took 0.233 seconds
[2026-04-27T23:34:59.687+0000] {processor.py:161} INFO - Started process (PID=526) to work on /home/airflow/.local/lib/python3.12/site-packages/airflow/example_dags/example_python_decorator.py
[2026-04-27T23:34:59.688+0000] {processor.py:830} INFO - Processing file /home/airflow/.local/lib/python3.12/site-packages/airflow/example_dags/example_python_decorator.py for tasks to queue
[2026-04-27T23:34:59.690+0000] {logging_mixin.py:188} INFO - [2026-04-27T23:34:59.690+0000] {dagbag.py:540} INFO - Filling up the DagBag from /home/airflow/.local/lib/python3.12/site-packages/airflow/example_dags/example_python_decorator.py
[2026-04-27T23:34:59.704+0000] {processor.py:840} INFO - DAG(s) 'example_python_decorator' retrieved from /home/airflow/.local/lib/python3.12/site-packages/airflow/example_dags/example_python_decorator.py
[2026-04-27T23:34:59.729+0000] {logging_mixin.py:188} INFO - [2026-04-27T23:34:59.728+0000] {dag.py:3096} INFO - Sync 1 DAGs
[2026-04-27T23:34:59.741+0000] {logging_mixin.py:188} INFO - [2026-04-27T23:34:59.740+0000] {dag.py:3954} INFO - Setting next_dagrun for example_python_decorator to None, run_after=None
[2026-04-27T23:34:59.760+0000] {processor.py:183} INFO - Processing /home/airflow/.local/lib/python3.12/site-packages/airflow/example_dags/example_python_decorator.py took 0.079 seconds
[2026-04-27T23:35:30.587+0000] {processor.py:161} INFO - Started process (PID=585) to work on /home/airflow/.local/lib/python3.12/site-packages/airflow/example_dags/example_python_decorator.py
[2026-04-27T23:35:30.588+0000] {processor.py:830} INFO - Processing file /home/airflow/.local/lib/python3.12/site-packages/airflow/example_dags/example_python_decorator.py for tasks to queue
[2026-04-27T23:35:30.591+0000] {logging_mixin.py:188} INFO - [2026-04-27T23:35:30.591+0000] {dagbag.py:540} INFO - Filling up the DagBag from /home/airflow/.local/lib/python3.12/site-packages/airflow/example_dags/example_python_decorator.py
[2026-04-27T23:35:30.606+0000] {processor.py:840} INFO - DAG(s) 'example_python_decorator' retrieved from /home/airflow/.local/lib/python3.12/site-packages/airflow/example_dags/example_python_decorator.py
[2026-04-27T23:35:30.631+0000] {logging_mixin.py:188} INFO - [2026-04-27T23:35:30.631+0000] {dag.py:3096} INFO - Sync 1 DAGs
[2026-04-27T23:35:30.892+0000] {logging_mixin.py:188} INFO - [2026-04-27T23:35:30.891+0000] {dag.py:3954} INFO - Setting next_dagrun for example_python_decorator to None, run_after=None
[2026-04-27T23:35:30.916+0000] {processor.py:183} INFO - Processing /home/airflow/.local/lib/python3.12/site-packages/airflow/example_dags/example_python_decorator.py took 0.335 seconds
[2026-04-27T23:36:01.283+0000] {processor.py:161} INFO - Started process (PID=644) to work on /home/airflow/.local/lib/python3.12/site-packages/airflow/example_dags/example_python_decorator.py
[2026-04-27T23:36:01.284+0000] {processor.py:830} INFO - Processing file /home/airflow/.local/lib/python3.12/site-packages/airflow/example_dags/example_python_decorator.py for tasks to queue
[2026-04-27T23:36:01.286+0000] {logging_mixin.py:188} INFO - [2026-04-27T23:36:01.286+0000] {dagbag.py:540} INFO - Filling up the DagBag from /home/airflow/.local/lib/python3.12/site-packages/airflow/example_dags/example_python_decorator.py
[2026-04-27T23:36:01.300+0000] {processor.py:840} INFO - DAG(s) 'example_python_decorator' retrieved from /home/airflow/.local/lib/python3.12/site-packages/airflow/example_dags/example_python_decorator.py
[2026-04-27T23:36:01.324+0000] {logging_mixin.py:188} INFO - [2026-04-27T23:36:01.324+0000] {dag.py:3096} INFO - Sync 1 DAGs
[2026-04-27T23:36:01.337+0000] {logging_mixin.py:188} INFO - [2026-04-27T23:36:01.336+0000] {dag.py:3954} INFO - Setting next_dagrun for example_python_decorator to None, run_after=None
[2026-04-27T23:36:01.442+0000] {processor.py:183} INFO - Processing /home/airflow/.local/lib/python3.12/site-packages/airflow/example_dags/example_python_decorator.py took 0.166 seconds
[2026-04-27T23:36:32.243+0000] {processor.py:161} INFO - Started process (PID=710) to work on /home/airflow/.local/lib/python3.12/site-packages/airflow/example_dags/example_python_decorator.py
[2026-04-27T23:36:32.245+0000] {processor.py:830} INFO - Processing file /home/airflow/.local/lib/python3.12/site-packages/airflow/example_dags/example_python_decorator.py for tasks to queue
[2026-04-27T23:36:32.247+0000] {logging_mixin.py:188} INFO - [2026-04-27T23:36:32.247+0000] {dagbag.py:540} INFO - Filling up the DagBag from /home/airflow/.local/lib/python3.12/site-packages/airflow/example_dags/example_python_decorator.py
[2026-04-27T23:36:32.261+0000] {processor.py:840} INFO - DAG(s) 'example_python_decorator' retrieved from /home/airflow/.local/lib/python3.12/site-packages/airflow/example_dags/example_python_decorator.py
[2026-04-27T23:36:32.288+0000] {logging_mixin.py:188} INFO - [2026-04-27T23:36:32.288+0000] {dag.py:3096} INFO - Sync 1 DAGs
[2026-04-27T23:36:32.301+0000] {logging_mixin.py:188} INFO - [2026-04-27T23:36:32.301+0000] {dag.py:3954} INFO - Setting next_dagrun for example_python_decorator to None, run_after=None
[2026-04-27T23:36:32.322+0000] {processor.py:183} INFO - Processing /home/airflow/.local/lib/python3.12/site-packages/airflow/example_dags/example_python_decorator.py took 0.085 seconds
[2026-04-27T23:37:03.334+0000] {processor.py:161} INFO - Started process (PID=769) to work on /home/airflow/.local/lib/python3.12/site-packages/airflow/example_dags/example_python_decorator.py
[2026-04-27T23:37:03.335+0000] {processor.py:830} INFO - Processing file /home/airflow/.local/lib/python3.12/site-packages/airflow/example_dags/example_python_decorator.py for tasks to queue
[2026-04-27T23:37:03.338+0000] {logging_mixin.py:188} INFO - [2026-04-27T23:37:03.337+0000] {dagbag.py:540} INFO - Filling up the DagBag from /home/airflow/.local/lib/python3.12/site-packages/airflow/example_dags/example_python_decorator.py
[2026-04-27T23:37:03.354+0000] {processor.py:840} INFO - DAG(s) 'example_python_decorator' retrieved from /home/airflow/.local/lib/python3.12/site-packages/airflow/example_dags/example_python_decorator.py
[2026-04-27T23:37:03.378+0000] {logging_mixin.py:188} INFO - [2026-04-27T23:37:03.378+0000] {dag.py:3096} INFO - Sync 1 DAGs
[2026-04-27T23:37:03.393+0000] {logging_mixin.py:188} INFO - [2026-04-27T23:37:03.393+0000] {dag.py:3954} INFO - Setting next_dagrun for example_python_decorator to None, run_after=None
[2026-04-27T23:37:03.415+0000] {processor.py:183} INFO - Processing /home/airflow/.local/lib/python3.12/site-packages/airflow/example_dags/example_python_decorator.py took 0.087 seconds
[2026-04-27T23:37:33.751+0000] {processor.py:161} INFO - Started process (PID=828) to work on /home/airflow/.local/lib/python3.12/site-packages/airflow/example_dags/example_python_decorator.py
[2026-04-27T23:37:33.752+0000] {processor.py:830} INFO - Processing file /home/airflow/.local/lib/python3.12/site-packages/airflow/example_dags/example_python_decorator.py for tasks to queue
[2026-04-27T23:37:33.755+0000] {logging_mixin.py:188} INFO - [2026-04-27T23:37:33.755+0000] {dagbag.py:540} INFO - Filling up the DagBag from /home/airflow/.local/lib/python3.12/site-packages/airflow/example_dags/example_python_decorator.py
[2026-04-27T23:37:33.776+0000] {processor.py:840} INFO - DAG(s) 'example_python_decorator' retrieved from /home/airflow/.local/lib/python3.12/site-packages/airflow/example_dags/example_python_decorator.py
[2026-04-27T23:37:33.806+0000] {logging_mixin.py:188} INFO - [2026-04-27T23:37:33.806+0000] {dag.py:3096} INFO - Sync 1 DAGs
[2026-04-27T23:37:33.826+0000] {logging_mixin.py:188} INFO - [2026-04-27T23:37:33.825+0000] {dag.py:3954} INFO - Setting next_dagrun for example_python_decorator to None, run_after=None
[2026-04-27T23:37:33.981+0000] {processor.py:183} INFO - Processing /home/airflow/.local/lib/python3.12/site-packages/airflow/example_dags/example_python_decorator.py took 0.238 seconds
[2026-04-27T23:38:04.333+0000] {processor.py:161} INFO - Started process (PID=887) to work on /home/airflow/.local/lib/python3.12/site-packages/airflow/example_dags/example_python_decorator.py
[2026-04-27T23:38:04.334+0000] {processor.py:830} INFO - Processing file /home/airflow/.local/lib/python3.12/site-packages/airflow/example_dags/example_python_decorator.py for tasks to queue
[2026-04-27T23:38:04.336+0000] {logging_mixin.py:188} INFO - [2026-04-27T23:38:04.335+0000] {dagbag.py:540} INFO - Filling up the DagBag from /home/airflow/.local/lib/python3.12/site-packages/airflow/example_dags/example_python_decorator.py
[2026-04-27T23:38:04.349+0000] {processor.py:840} INFO - DAG(s) 'example_python_decorator' retrieved from /home/airflow/.local/lib/python3.12/site-packages/airflow/example_dags/example_python_decorator.py
[2026-04-27T23:38:04.714+0000] {logging_mixin.py:188} INFO - [2026-04-27T23:38:04.714+0000] {dag.py:3096} INFO - Sync 1 DAGs
[2026-04-27T23:38:04.729+0000] {logging_mixin.py:188} INFO - [2026-04-27T23:38:04.729+0000] {dag.py:3954} INFO - Setting next_dagrun for example_python_decorator to None, run_after=None
[2026-04-27T23:38:04.753+0000] {processor.py:183} INFO - Processing /home/airflow/.local/lib/python3.12/site-packages/airflow/example_dags/example_python_decorator.py took 0.426 seconds
[2026-04-27T23:38:35.166+0000] {processor.py:161} INFO - Started process (PID=946) to work on /home/airflow/.local/lib/python3.12/site-packages/airflow/example_dags/example_python_decorator.py
[2026-04-27T23:38:35.167+0000] {processor.py:830} INFO - Processing file /home/airflow/.local/lib/python3.12/site-packages/airflow/example_dags/example_python_decorator.py for tasks to queue
[2026-04-27T23:38:35.170+0000] {logging_mixin.py:188} INFO - [2026-04-27T23:38:35.170+0000] {dagbag.py:540} INFO - Filling up the DagBag from /home/airflow/.local/lib/python3.12/site-packages/airflow/example_dags/example_python_decorator.py
[2026-04-27T23:38:35.187+0000] {processor.py:840} INFO - DAG(s) 'example_python_decorator' retrieved from /home/airflow/.local/lib/python3.12/site-packages/airflow/example_dags/example_python_decorator.py
[2026-04-27T23:38:35.212+0000] {logging_mixin.py:188} INFO - [2026-04-27T23:38:35.211+0000] {dag.py:3096} INFO - Sync 1 DAGs
[2026-04-27T23:38:35.225+0000] {logging_mixin.py:188} INFO - [2026-04-27T23:38:35.224+0000] {dag.py:3954} INFO - Setting next_dagrun for example_python_decorator to None, run_after=None
[2026-04-27T23:38:35.246+0000] {processor.py:183} INFO - Processing /home/airflow/.local/lib/python3.12/site-packages/airflow/example_dags/example_python_decorator.py took 0.087 seconds
[2026-04-27T23:39:05.860+0000] {processor.py:161} INFO - Started process (PID=1005) to work on /home/airflow/.local/lib/python3.12/site-packages/airflow/example_dags/example_python_decorator.py
[2026-04-27T23:39:05.861+0000] {processor.py:830} INFO - Processing file /home/airflow/.local/lib/python3.12/site-packages/airflow/example_dags/example_python_decorator.py for tasks to queue
[2026-04-27T23:39:05.863+0000] {logging_mixin.py:188} INFO - [2026-04-27T23:39:05.863+0000] {dagbag.py:540} INFO - Filling up the DagBag from /home/airflow/.local/lib/python3.12/site-packages/airflow/example_dags/example_python_decorator.py
[2026-04-27T23:39:05.877+0000] {processor.py:840} INFO - DAG(s) 'example_python_decorator' retrieved from /home/airflow/.local/lib/python3.12/site-packages/airflow/example_dags/example_python_decorator.py
[2026-04-27T23:39:05.904+0000] {logging_mixin.py:188} INFO - [2026-04-27T23:39:05.903+0000] {dag.py:3096} INFO - Sync 1 DAGs
[2026-04-27T23:39:05.917+0000] {logging_mixin.py:188} INFO - [2026-04-27T23:39:05.917+0000] {dag.py:3954} INFO - Setting next_dagrun for example_python_decorator to None, run_after=None
[2026-04-27T23:39:05.938+0000] {processor.py:183} INFO - Processing /home/airflow/.local/lib/python3.12/site-packages/airflow/example_dags/example_python_decorator.py took 0.085 seconds
[2026-04-27T23:39:36.789+0000] {processor.py:161} INFO - Started process (PID=1064) to work on /home/airflow/.local/lib/python3.12/site-packages/airflow/example_dags/example_python_decorator.py
[2026-04-27T23:39:36.790+0000] {processor.py:830} INFO - Processing file /home/airflow/.local/lib/python3.12/site-packages/airflow/example_dags/example_python_decorator.py for tasks to queue
[2026-04-27T23:39:36.793+0000] {logging_mixin.py:188} INFO - [2026-04-27T23:39:36.792+0000] {dagbag.py:540} INFO - Filling up the DagBag from /home/airflow/.local/lib/python3.12/site-packages/airflow/example_dags/example_python_decorator.py
[2026-04-27T23:39:36.806+0000] {processor.py:840} INFO - DAG(s) 'example_python_decorator' retrieved from /home/airflow/.local/lib/python3.12/site-packages/airflow/example_dags/example_python_decorator.py
[2026-04-27T23:39:36.831+0000] {logging_mixin.py:188} INFO - [2026-04-27T23:39:36.831+0000] {dag.py:3096} INFO - Sync 1 DAGs
[2026-04-27T23:39:36.845+0000] {logging_mixin.py:188} INFO - [2026-04-27T23:39:36.844+0000] {dag.py:3954} INFO - Setting next_dagrun for example_python_decorator to None, run_after=None
[2026-04-27T23:39:37.157+0000] {processor.py:183} INFO - Processing /home/airflow/.local/lib/python3.12/site-packages/airflow/example_dags/example_python_decorator.py took 0.374 seconds
[2026-04-27T23:40:07.338+0000] {processor.py:161} INFO - Started process (PID=1123) to work on /home/airflow/.local/lib/python3.12/site-packages/airflow/example_dags/example_python_decorator.py
[2026-04-27T23:40:07.339+0000] {processor.py:830} INFO - Processing file /home/airflow/.local/lib/python3.12/site-packages/airflow/example_dags/example_python_decorator.py for tasks to queue
[2026-04-27T23:40:07.342+0000] {logging_mixin.py:188} INFO - [2026-04-27T23:40:07.342+0000] {dagbag.py:540} INFO - Filling up the DagBag from /home/airflow/.local/lib/python3.12/site-packages/airflow/example_dags/example_python_decorator.py
[2026-04-27T23:40:07.362+0000] {processor.py:840} INFO - DAG(s) 'example_python_decorator' retrieved from /home/airflow/.local/lib/python3.12/site-packages/airflow/example_dags/example_python_decorator.py
[2026-04-27T23:40:07.394+0000] {logging_mixin.py:188} INFO - [2026-04-27T23:40:07.394+0000] {dag.py:3096} INFO - Sync 1 DAGs
[2026-04-27T23:40:07.412+0000] {logging_mixin.py:188} INFO - [2026-04-27T23:40:07.412+0000] {dag.py:3954} INFO - Setting next_dagrun for example_python_decorator to None, run_after=None
[2026-04-27T23:40:07.655+0000] {processor.py:183} INFO - Processing /home/airflow/.local/lib/python3.12/site-packages/airflow/example_dags/example_python_decorator.py took 0.326 seconds
[2026-04-27T23:40:38.185+0000] {processor.py:161} INFO - Started process (PID=1182) to work on /home/airflow/.local/lib/python3.12/site-packages/airflow/example_dags/example_python_decorator.py
[2026-04-27T23:40:38.187+0000] {processor.py:830} INFO - Processing file /home/airflow/.local/lib/python3.12/site-packages/airflow/example_dags/example_python_decorator.py for tasks to queue
[2026-04-27T23:40:38.189+0000] {logging_mixin.py:188} INFO - [2026-04-27T23:40:38.189+0000] {dagbag.py:540} INFO - Filling up the DagBag from /home/airflow/.local/lib/python3.12/site-packages/airflow/example_dags/example_python_decorator.py
[2026-04-27T23:40:38.203+0000] {processor.py:840} INFO - DAG(s) 'example_python_decorator' retrieved from /home/airflow/.local/lib/python3.12/site-packages/airflow/example_dags/example_python_decorator.py
[2026-04-27T23:40:38.229+0000] {logging_mixin.py:188} INFO - [2026-04-27T23:40:38.229+0000] {dag.py:3096} INFO - Sync 1 DAGs
[2026-04-27T23:40:38.243+0000] {logging_mixin.py:188} INFO - [2026-04-27T23:40:38.243+0000] {dag.py:3954} INFO - Setting next_dagrun for example_python_decorator to None, run_after=None
[2026-04-27T23:40:38.266+0000] {processor.py:183} INFO - Processing /home/airflow/.local/lib/python3.12/site-packages/airflow/example_dags/example_python_decorator.py took 0.087 seconds
[2026-04-27T23:41:08.576+0000] {processor.py:161} INFO - Started process (PID=1241) to work on /home/airflow/.local/lib/python3.12/site-packages/airflow/example_dags/example_python_decorator.py
[2026-04-27T23:41:08.577+0000] {processor.py:830} INFO - Processing file /home/airflow/.local/lib/python3.12/site-packages/airflow/example_dags/example_python_decorator.py for tasks to queue
[2026-04-27T23:41:08.580+0000] {logging_mixin.py:188} INFO - [2026-04-27T23:41:08.579+0000] {dagbag.py:540} INFO - Filling up the DagBag from /home/airflow/.local/lib/python3.12/site-packages/airflow/example_dags/example_python_decorator.py
[2026-04-27T23:41:08.596+0000] {processor.py:840} INFO - DAG(s) 'example_python_decorator' retrieved from /home/airflow/.local/lib/python3.12/site-packages/airflow/example_dags/example_python_decorator.py
[2026-04-27T23:41:08.622+0000] {logging_mixin.py:188} INFO - [2026-04-27T23:41:08.622+0000] {dag.py:3096} INFO - Sync 1 DAGs
[2026-04-27T23:41:08.636+0000] {logging_mixin.py:188} INFO - [2026-04-27T23:41:08.635+0000] {dag.py:3954} INFO - Setting next_dagrun for example_python_decorator to None, run_after=None
[2026-04-27T23:41:08.656+0000] {processor.py:183} INFO - Processing /home/airflow/.local/lib/python3.12/site-packages/airflow/example_dags/example_python_decorator.py took 0.087 seconds
[2026-04-27T23:41:39.001+0000] {processor.py:161} INFO - Started process (PID=1300) to work on /home/airflow/.local/lib/python3.12/site-packages/airflow/example_dags/example_python_decorator.py
[2026-04-27T23:41:39.002+0000] {processor.py:830} INFO - Processing file /home/airflow/.local/lib/python3.12/site-packages/airflow/example_dags/example_python_decorator.py for tasks to queue
[2026-04-27T23:41:39.004+0000] {logging_mixin.py:188} INFO - [2026-04-27T23:41:39.004+0000] {dagbag.py:540} INFO - Filling up the DagBag from /home/airflow/.local/lib/python3.12/site-packages/airflow/example_dags/example_python_decorator.py
[2026-04-27T23:41:39.018+0000] {processor.py:840} INFO - DAG(s) 'example_python_decorator' retrieved from /home/airflow/.local/lib/python3.12/site-packages/airflow/example_dags/example_python_decorator.py
[2026-04-27T23:41:39.210+0000] {logging_mixin.py:188} INFO - [2026-04-27T23:41:39.209+0000] {dag.py:3096} INFO - Sync 1 DAGs
[2026-04-27T23:41:39.284+0000] {logging_mixin.py:188} INFO - [2026-04-27T23:41:39.284+0000] {dag.py:3954} INFO - Setting next_dagrun for example_python_decorator to None, run_after=None
[2026-04-27T23:41:39.352+0000] {processor.py:183} INFO - Processing /home/airflow/.local/lib/python3.12/site-packages/airflow/example_dags/example_python_decorator.py took 0.357 seconds
[2026-04-27T23:42:09.696+0000] {processor.py:161} INFO - Started process (PID=1359) to work on /home/airflow/.local/lib/python3.12/site-packages/airflow/example_dags/example_python_decorator.py
[2026-04-27T23:42:09.697+0000] {processor.py:830} INFO - Processing file /home/airflow/.local/lib/python3.12/site-packages/airflow/example_dags/example_python_decorator.py for tasks to queue
[2026-04-27T23:42:09.700+0000] {logging_mixin.py:188} INFO - [2026-04-27T23:42:09.700+0000] {dagbag.py:540} INFO - Filling up the DagBag from /home/airflow/.local/lib/python3.12/site-packages/airflow/example_dags/example_python_decorator.py
[2026-04-27T23:42:09.715+0000] {processor.py:840} INFO - DAG(s) 'example_python_decorator' retrieved from /home/airflow/.local/lib/python3.12/site-packages/airflow/example_dags/example_python_decorator.py
[2026-04-27T23:42:09.742+0000] {logging_mixin.py:188} INFO - [2026-04-27T23:42:09.742+0000] {dag.py:3096} INFO - Sync 1 DAGs
[2026-04-27T23:42:09.758+0000] {logging_mixin.py:188} INFO - [2026-04-27T23:42:09.758+0000] {dag.py:3954} INFO - Setting next_dagrun for example_python_decorator to None, run_after=None
[2026-04-27T23:42:09.786+0000] {processor.py:183} INFO - Processing /home/airflow/.local/lib/python3.12/site-packages/airflow/example_dags/example_python_decorator.py took 0.098 seconds
[2026-04-27T23:42:39.930+0000] {processor.py:161} INFO - Started process (PID=1417) to work on /home/airflow/.local/lib/python3.12/site-packages/airflow/example_dags/example_python_decorator.py
[2026-04-27T23:42:39.931+0000] {processor.py:830} INFO - Processing file /home/airflow/.local/lib/python3.12/site-packages/airflow/example_dags/example_python_decorator.py for tasks to queue
[2026-04-27T23:42:39.934+0000] {logging_mixin.py:188} INFO - [2026-04-27T23:42:39.933+0000] {dagbag.py:540} INFO - Filling up the DagBag from /home/airflow/.local/lib/python3.12/site-packages/airflow/example_dags/example_python_decorator.py
[2026-04-27T23:42:39.948+0000] {processor.py:840} INFO - DAG(s) 'example_python_decorator' retrieved from /home/airflow/.local/lib/python3.12/site-packages/airflow/example_dags/example_python_decorator.py
[2026-04-27T23:42:39.974+0000] {logging_mixin.py:188} INFO - [2026-04-27T23:42:39.973+0000] {dag.py:3096} INFO - Sync 1 DAGs
[2026-04-27T23:42:39.987+0000] {logging_mixin.py:188} INFO - [2026-04-27T23:42:39.987+0000] {dag.py:3954} INFO - Setting next_dagrun for example_python_decorator to None, run_after=None
[2026-04-27T23:42:40.842+0000] {processor.py:183} INFO - Processing /home/airflow/.local/lib/python3.12/site-packages/airflow/example_dags/example_python_decorator.py took 0.920 seconds
[2026-04-27T23:43:11.287+0000] {processor.py:161} INFO - Started process (PID=1477) to work on /home/airflow/.local/lib/python3.12/site-packages/airflow/example_dags/example_python_decorator.py
[2026-04-27T23:43:11.289+0000] {processor.py:830} INFO - Processing file /home/airflow/.local/lib/python3.12/site-packages/airflow/example_dags/example_python_decorator.py for tasks to queue
[2026-04-27T23:43:11.291+0000] {logging_mixin.py:188} INFO - [2026-04-27T23:43:11.291+0000] {dagbag.py:540} INFO - Filling up the DagBag from /home/airflow/.local/lib/python3.12/site-packages/airflow/example_dags/example_python_decorator.py
[2026-04-27T23:43:11.310+0000] {processor.py:840} INFO - DAG(s) 'example_python_decorator' retrieved from /home/airflow/.local/lib/python3.12/site-packages/airflow/example_dags/example_python_decorator.py
[2026-04-27T23:43:11.336+0000] {logging_mixin.py:188} INFO - [2026-04-27T23:43:11.336+0000] {dag.py:3096} INFO - Sync 1 DAGs
[2026-04-27T23:43:11.359+0000] {logging_mixin.py:188} INFO - [2026-04-27T23:43:11.358+0000] {dag.py:3954} INFO - Setting next_dagrun for example_python_decorator to None, run_after=None
[2026-04-27T23:43:11.386+0000] {processor.py:183} INFO - Processing /home/airflow/.local/lib/python3.12/site-packages/airflow/example_dags/example_python_decorator.py took 0.106 seconds
[2026-04-27T23:43:41.695+0000] {processor.py:161} INFO - Started process (PID=1536) to work on /home/airflow/.local/lib/python3.12/site-packages/airflow/example_dags/example_python_decorator.py
[2026-04-27T23:43:41.696+0000] {processor.py:830} INFO - Processing file /home/airflow/.local/lib/python3.12/site-packages/airflow/example_dags/example_python_decorator.py for tasks to queue
[2026-04-27T23:43:41.699+0000] {logging_mixin.py:188} INFO - [2026-04-27T23:43:41.698+0000] {dagbag.py:540} INFO - Filling up the DagBag from /home/airflow/.local/lib/python3.12/site-packages/airflow/example_dags/example_python_decorator.py
[2026-04-27T23:43:41.715+0000] {processor.py:840} INFO - DAG(s) 'example_python_decorator' retrieved from /home/airflow/.local/lib/python3.12/site-packages/airflow/example_dags/example_python_decorator.py
[2026-04-27T23:43:41.740+0000] {logging_mixin.py:188} INFO - [2026-04-27T23:43:41.740+0000] {dag.py:3096} INFO - Sync 1 DAGs
[2026-04-27T23:43:41.755+0000] {logging_mixin.py:188} INFO - [2026-04-27T23:43:41.755+0000] {dag.py:3954} INFO - Setting next_dagrun for example_python_decorator to None, run_after=None
[2026-04-27T23:43:41.791+0000] {processor.py:183} INFO - Processing /home/airflow/.local/lib/python3.12/site-packages/airflow/example_dags/example_python_decorator.py took 0.103 seconds
[2026-04-27T23:44:12.804+0000] {processor.py:161} INFO - Started process (PID=1595) to work on /home/airflow/.local/lib/python3.12/site-packages/airflow/example_dags/example_python_decorator.py
[2026-04-27T23:44:12.805+0000] {processor.py:830} INFO - Processing file /home/airflow/.local/lib/python3.12/site-packages/airflow/example_dags/example_python_decorator.py for tasks to queue
[2026-04-27T23:44:12.809+0000] {logging_mixin.py:188} INFO - [2026-04-27T23:44:12.808+0000] {dagbag.py:540} INFO - Filling up the DagBag from /home/airflow/.local/lib/python3.12/site-packages/airflow/example_dags/example_python_decorator.py
[2026-04-27T23:44:12.826+0000] {processor.py:840} INFO - DAG(s) 'example_python_decorator' retrieved from /home/airflow/.local/lib/python3.12/site-packages/airflow/example_dags/example_python_decorator.py
[2026-04-27T23:44:12.856+0000] {logging_mixin.py:188} INFO - [2026-04-27T23:44:12.856+0000] {dag.py:3096} INFO - Sync 1 DAGs
[2026-04-27T23:44:12.874+0000] {logging_mixin.py:188} INFO - [2026-04-27T23:44:12.874+0000] {dag.py:3954} INFO - Setting next_dagrun for example_python_decorator to None, run_after=None
[2026-04-27T23:44:12.898+0000] {processor.py:183} INFO - Processing /home/airflow/.local/lib/python3.12/site-packages/airflow/example_dags/example_python_decorator.py took 0.101 seconds
[2026-04-27T23:44:43.674+0000] {processor.py:161} INFO - Started process (PID=1654) to work on /home/airflow/.local/lib/python3.12/site-packages/airflow/example_dags/example_python_decorator.py
[2026-04-27T23:44:43.675+0000] {processor.py:830} INFO - Processing file /home/airflow/.local/lib/python3.12/site-packages/airflow/example_dags/example_python_decorator.py for tasks to queue
[2026-04-27T23:44:43.678+0000] {logging_mixin.py:188} INFO - [2026-04-27T23:44:43.677+0000] {dagbag.py:540} INFO - Filling up the DagBag from /home/airflow/.local/lib/python3.12/site-packages/airflow/example_dags/example_python_decorator.py
[2026-04-27T23:44:43.693+0000] {processor.py:840} INFO - DAG(s) 'example_python_decorator' retrieved from /home/airflow/.local/lib/python3.12/site-packages/airflow/example_dags/example_python_decorator.py
[2026-04-27T23:44:43.719+0000] {logging_mixin.py:188} INFO - [2026-04-27T23:44:43.718+0000] {dag.py:3096} INFO - Sync 1 DAGs
[2026-04-27T23:44:43.732+0000] {logging_mixin.py:188} INFO - [2026-04-27T23:44:43.732+0000] {dag.py:3954} INFO - Setting next_dagrun for example_python_decorator to None, run_after=None
[2026-04-27T23:44:43.753+0000] {processor.py:183} INFO - Processing /home/airflow/.local/lib/python3.12/site-packages/airflow/example_dags/example_python_decorator.py took 0.086 seconds
[2026-04-27T23:45:13.965+0000] {processor.py:161} INFO - Started process (PID=1713) to work on /home/airflow/.local/lib/python3.12/site-packages/airflow/example_dags/example_python_decorator.py
[2026-04-27T23:45:13.967+0000] {processor.py:830} INFO - Processing file /home/airflow/.local/lib/python3.12/site-packages/airflow/example_dags/example_python_decorator.py for tasks to queue
[2026-04-27T23:45:13.970+0000] {logging_mixin.py:188} INFO - [2026-04-27T23:45:13.970+0000] {dagbag.py:540} INFO - Filling up the DagBag from /home/airflow/.local/lib/python3.12/site-packages/airflow/example_dags/example_python_decorator.py
[2026-04-27T23:45:13.991+0000] {processor.py:840} INFO - DAG(s) 'example_python_decorator' retrieved from /home/airflow/.local/lib/python3.12/site-packages/airflow/example_dags/example_python_decorator.py
[2026-04-27T23:45:14.036+0000] {logging_mixin.py:188} INFO - [2026-04-27T23:45:14.036+0000] {dag.py:3096} INFO - Sync 1 DAGs
[2026-04-27T23:45:14.063+0000] {logging_mixin.py:188} INFO - [2026-04-27T23:45:14.062+0000] {dag.py:3954} INFO - Setting next_dagrun for example_python_decorator to None, run_after=None
[2026-04-27T23:45:14.096+0000] {processor.py:183} INFO - Processing /home/airflow/.local/lib/python3.12/site-packages/airflow/example_dags/example_python_decorator.py took 0.138 seconds
[2026-04-27T23:45:44.989+0000] {processor.py:161} INFO - Started process (PID=1772) to work on /home/airflow/.local/lib/python3.12/site-packages/airflow/example_dags/example_python_decorator.py
[2026-04-27T23:45:44.990+0000] {processor.py:830} INFO - Processing file /home/airflow/.local/lib/python3.12/site-packages/airflow/example_dags/example_python_decorator.py for tasks to queue
[2026-04-27T23:45:44.994+0000] {logging_mixin.py:188} INFO - [2026-04-27T23:45:44.993+0000] {dagbag.py:540} INFO - Filling up the DagBag from /home/airflow/.local/lib/python3.12/site-packages/airflow/example_dags/example_python_decorator.py
[2026-04-27T23:45:45.024+0000] {processor.py:840} INFO - DAG(s) 'example_python_decorator' retrieved from /home/airflow/.local/lib/python3.12/site-packages/airflow/example_dags/example_python_decorator.py
[2026-04-27T23:45:45.054+0000] {logging_mixin.py:188} INFO - [2026-04-27T23:45:45.054+0000] {dag.py:3096} INFO - Sync 1 DAGs
[2026-04-27T23:45:45.072+0000] {logging_mixin.py:188} INFO - [2026-04-27T23:45:45.071+0000] {dag.py:3954} INFO - Setting next_dagrun for example_python_decorator to None, run_after=None
[2026-04-27T23:45:45.103+0000] {processor.py:183} INFO - Processing /home/airflow/.local/lib/python3.12/site-packages/airflow/example_dags/example_python_decorator.py took 0.125 seconds
[2026-04-27T23:46:15.440+0000] {processor.py:161} INFO - Started process (PID=1831) to work on /home/airflow/.local/lib/python3.12/site-packages/airflow/example_dags/example_python_decorator.py
[2026-04-27T23:46:15.442+0000] {processor.py:830} INFO - Processing file /home/airflow/.local/lib/python3.12/site-packages/airflow/example_dags/example_python_decorator.py for tasks to queue
[2026-04-27T23:46:15.444+0000] {logging_mixin.py:188} INFO - [2026-04-27T23:46:15.444+0000] {dagbag.py:540} INFO - Filling up the DagBag from /home/airflow/.local/lib/python3.12/site-packages/airflow/example_dags/example_python_decorator.py
[2026-04-27T23:46:15.461+0000] {processor.py:840} INFO - DAG(s) 'example_python_decorator' retrieved from /home/airflow/.local/lib/python3.12/site-packages/airflow/example_dags/example_python_decorator.py
[2026-04-27T23:46:15.498+0000] {logging_mixin.py:188} INFO - [2026-04-27T23:46:15.497+0000] {dag.py:3096} INFO - Sync 1 DAGs
[2026-04-27T23:46:15.532+0000] {logging_mixin.py:188} INFO - [2026-04-27T23:46:15.531+0000] {dag.py:3954} INFO - Setting next_dagrun for example_python_decorator to None, run_after=None
[2026-04-27T23:46:15.592+0000] {processor.py:183} INFO - Processing /home/airflow/.local/lib/python3.12/site-packages/airflow/example_dags/example_python_decorator.py took 0.163 seconds
[2026-04-27T23:46:46.216+0000] {processor.py:161} INFO - Started process (PID=1890) to work on /home/airflow/.local/lib/python3.12/site-packages/airflow/example_dags/example_python_decorator.py
[2026-04-27T23:46:46.217+0000] {processor.py:830} INFO - Processing file /home/airflow/.local/lib/python3.12/site-packages/airflow/example_dags/example_python_decorator.py for tasks to queue
[2026-04-27T23:46:46.219+0000] {logging_mixin.py:188} INFO - [2026-04-27T23:46:46.219+0000] {dagbag.py:540} INFO - Filling up the DagBag from /home/airflow/.local/lib/python3.12/site-packages/airflow/example_dags/example_python_decorator.py
[2026-04-27T23:46:46.235+0000] {processor.py:840} INFO - DAG(s) 'example_python_decorator' retrieved from /home/airflow/.local/lib/python3.12/site-packages/airflow/example_dags/example_python_decorator.py
[2026-04-27T23:46:46.263+0000] {logging_mixin.py:188} INFO - [2026-04-27T23:46:46.263+0000] {dag.py:3096} INFO - Sync 1 DAGs
[2026-04-27T23:46:46.278+0000] {logging_mixin.py:188} INFO - [2026-04-27T23:46:46.278+0000] {dag.py:3954} INFO - Setting next_dagrun for example_python_decorator to None, run_after=None
[2026-04-27T23:46:46.339+0000] {processor.py:183} INFO - Processing /home/airflow/.local/lib/python3.12/site-packages/airflow/example_dags/example_python_decorator.py took 0.131 seconds
[2026-04-27T23:47:16.540+0000] {processor.py:161} INFO - Started process (PID=1949) to work on /home/airflow/.local/lib/python3.12/site-packages/airflow/example_dags/example_python_decorator.py
[2026-04-27T23:47:16.542+0000] {processor.py:830} INFO - Processing file /home/airflow/.local/lib/python3.12/site-packages/airflow/example_dags/example_python_decorator.py for tasks to queue
[2026-04-27T23:47:16.547+0000] {logging_mixin.py:188} INFO - [2026-04-27T23:47:16.546+0000] {dagbag.py:540} INFO - Filling up the DagBag from /home/airflow/.local/lib/python3.12/site-packages/airflow/example_dags/example_python_decorator.py
[2026-04-27T23:47:16.569+0000] {processor.py:840} INFO - DAG(s) 'example_python_decorator' retrieved from /home/airflow/.local/lib/python3.12/site-packages/airflow/example_dags/example_python_decorator.py
[2026-04-27T23:47:16.583+0000] {logging_mixin.py:188} INFO - [2026-04-27T23:47:16.583+0000] {dag.py:3096} INFO - Sync 1 DAGs
[2026-04-27T23:47:16.605+0000] {logging_mixin.py:188} INFO - [2026-04-27T23:47:16.605+0000] {dag.py:3954} INFO - Setting next_dagrun for example_python_decorator to None, run_after=None
[2026-04-27T23:47:16.632+0000] {processor.py:183} INFO - Processing /home/airflow/.local/lib/python3.12/site-packages/airflow/example_dags/example_python_decorator.py took 0.107 seconds
[2026-04-27T23:47:47.444+0000] {processor.py:161} INFO - Started process (PID=2008) to work on /home/airflow/.local/lib/python3.12/site-packages/airflow/example_dags/example_python_decorator.py
[2026-04-27T23:47:47.446+0000] {processor.py:830} INFO - Processing file /home/airflow/.local/lib/python3.12/site-packages/airflow/example_dags/example_python_decorator.py for tasks to queue
[2026-04-27T23:47:47.448+0000] {logging_mixin.py:188} INFO - [2026-04-27T23:47:47.448+0000] {dagbag.py:540} INFO - Filling up the DagBag from /home/airflow/.local/lib/python3.12/site-packages/airflow/example_dags/example_python_decorator.py
[2026-04-27T23:47:47.465+0000] {processor.py:840} INFO - DAG(s) 'example_python_decorator' retrieved from /home/airflow/.local/lib/python3.12/site-packages/airflow/example_dags/example_python_decorator.py
[2026-04-27T23:47:47.664+0000] {logging_mixin.py:188} INFO - [2026-04-27T23:47:47.664+0000] {dag.py:3096} INFO - Sync 1 DAGs
[2026-04-27T23:47:47.675+0000] {logging_mixin.py:188} INFO - [2026-04-27T23:47:47.675+0000] {dag.py:3954} INFO - Setting next_dagrun for example_python_decorator to None, run_after=None
[2026-04-27T23:47:47.703+0000] {processor.py:183} INFO - Processing /home/airflow/.local/lib/python3.12/site-packages/airflow/example_dags/example_python_decorator.py took 0.267 seconds
[2026-04-27T23:48:18.059+0000] {processor.py:161} INFO - Started process (PID=2067) to work on /home/airflow/.local/lib/python3.12/site-packages/airflow/example_dags/example_python_decorator.py
[2026-04-27T23:48:18.060+0000] {processor.py:830} INFO - Processing file /home/airflow/.local/lib/python3.12/site-packages/airflow/example_dags/example_python_decorator.py for tasks to queue
[2026-04-27T23:48:18.062+0000] {logging_mixin.py:188} INFO - [2026-04-27T23:48:18.062+0000] {dagbag.py:540} INFO - Filling up the DagBag from /home/airflow/.local/lib/python3.12/site-packages/airflow/example_dags/example_python_decorator.py
[2026-04-27T23:48:18.078+0000] {processor.py:840} INFO - DAG(s) 'example_python_decorator' retrieved from /home/airflow/.local/lib/python3.12/site-packages/airflow/example_dags/example_python_decorator.py
[2026-04-27T23:48:18.103+0000] {logging_mixin.py:188} INFO - [2026-04-27T23:48:18.103+0000] {dag.py:3096} INFO - Sync 1 DAGs
[2026-04-27T23:48:18.120+0000] {logging_mixin.py:188} INFO - [2026-04-27T23:48:18.119+0000] {dag.py:3954} INFO - Setting next_dagrun for example_python_decorator to None, run_after=None
[2026-04-27T23:48:18.145+0000] {processor.py:183} INFO - Processing /home/airflow/.local/lib/python3.12/site-packages/airflow/example_dags/example_python_decorator.py took 0.094 seconds
[2026-04-27T23:48:48.299+0000] {processor.py:161} INFO - Started process (PID=2126) to work on /home/airflow/.local/lib/python3.12/site-packages/airflow/example_dags/example_python_decorator.py
[2026-04-27T23:48:48.300+0000] {processor.py:830} INFO - Processing file /home/airflow/.local/lib/python3.12/site-packages/airflow/example_dags/example_python_decorator.py for tasks to queue
[2026-04-27T23:48:48.303+0000] {logging_mixin.py:188} INFO - [2026-04-27T23:48:48.302+0000] {dagbag.py:540} INFO - Filling up the DagBag from /home/airflow/.local/lib/python3.12/site-packages/airflow/example_dags/example_python_decorator.py
[2026-04-27T23:48:48.321+0000] {processor.py:840} INFO - DAG(s) 'example_python_decorator' retrieved from /home/airflow/.local/lib/python3.12/site-packages/airflow/example_dags/example_python_decorator.py
[2026-04-27T23:48:48.366+0000] {logging_mixin.py:188} INFO - [2026-04-27T23:48:48.365+0000] {dag.py:3096} INFO - Sync 1 DAGs
[2026-04-27T23:48:48.389+0000] {logging_mixin.py:188} INFO - [2026-04-27T23:48:48.388+0000] {dag.py:3954} INFO - Setting next_dagrun for example_python_decorator to None, run_after=None
[2026-04-27T23:48:48.435+0000] {processor.py:183} INFO - Processing /home/airflow/.local/lib/python3.12/site-packages/airflow/example_dags/example_python_decorator.py took 0.146 seconds
[2026-04-27T23:49:19.331+0000] {processor.py:161} INFO - Started process (PID=2185) to work on /home/airflow/.local/lib/python3.12/site-packages/airflow/example_dags/example_python_decorator.py
[2026-04-27T23:49:19.332+0000] {processor.py:830} INFO - Processing file /home/airflow/.local/lib/python3.12/site-packages/airflow/example_dags/example_python_decorator.py for tasks to queue
[2026-04-27T23:49:19.334+0000] {logging_mixin.py:188} INFO - [2026-04-27T23:49:19.334+0000] {dagbag.py:540} INFO - Filling up the DagBag from /home/airflow/.local/lib/python3.12/site-packages/airflow/example_dags/example_python_decorator.py
[2026-04-27T23:49:19.349+0000] {processor.py:840} INFO - DAG(s) 'example_python_decorator' retrieved from /home/airflow/.local/lib/python3.12/site-packages/airflow/example_dags/example_python_decorator.py
[2026-04-27T23:49:19.373+0000] {logging_mixin.py:188} INFO - [2026-04-27T23:49:19.373+0000] {dag.py:3096} INFO - Sync 1 DAGs
[2026-04-27T23:49:19.387+0000] {logging_mixin.py:188} INFO - [2026-04-27T23:49:19.387+0000] {dag.py:3954} INFO - Setting next_dagrun for example_python_decorator to None, run_after=None
[2026-04-27T23:49:19.410+0000] {processor.py:183} INFO - Processing /home/airflow/.local/lib/python3.12/site-packages/airflow/example_dags/example_python_decorator.py took 0.085 seconds
[2026-04-27T23:49:49.893+0000] {processor.py:161} INFO - Started process (PID=2244) to work on /home/airflow/.local/lib/python3.12/site-packages/airflow/example_dags/example_python_decorator.py
[2026-04-27T23:49:49.895+0000] {processor.py:830} INFO - Processing file /home/airflow/.local/lib/python3.12/site-packages/airflow/example_dags/example_python_decorator.py for tasks to queue
[2026-04-27T23:49:49.898+0000] {logging_mixin.py:188} INFO - [2026-04-27T23:49:49.897+0000] {dagbag.py:540} INFO - Filling up the DagBag from /home/airflow/.local/lib/python3.12/site-packages/airflow/example_dags/example_python_decorator.py
[2026-04-27T23:49:49.915+0000] {processor.py:840} INFO - DAG(s) 'example_python_decorator' retrieved from /home/airflow/.local/lib/python3.12/site-packages/airflow/example_dags/example_python_decorator.py
[2026-04-27T23:49:49.943+0000] {logging_mixin.py:188} INFO - [2026-04-27T23:49:49.943+0000] {dag.py:3096} INFO - Sync 1 DAGs
[2026-04-27T23:49:49.959+0000] {logging_mixin.py:188} INFO - [2026-04-27T23:49:49.958+0000] {dag.py:3954} INFO - Setting next_dagrun for example_python_decorator to None, run_after=None
[2026-04-27T23:49:49.984+0000] {processor.py:183} INFO - Processing /home/airflow/.local/lib/python3.12/site-packages/airflow/example_dags/example_python_decorator.py took 0.098 seconds
[2026-04-27T23:50:20.606+0000] {processor.py:161} INFO - Started process (PID=2303) to work on /home/airflow/.local/lib/python3.12/site-packages/airflow/example_dags/example_python_decorator.py
[2026-04-27T23:50:20.608+0000] {processor.py:830} INFO - Processing file /home/airflow/.local/lib/python3.12/site-packages/airflow/example_dags/example_python_decorator.py for tasks to queue
[2026-04-27T23:50:20.611+0000] {logging_mixin.py:188} INFO - [2026-04-27T23:50:20.610+0000] {dagbag.py:540} INFO - Filling up the DagBag from /home/airflow/.local/lib/python3.12/site-packages/airflow/example_dags/example_python_decorator.py
[2026-04-27T23:50:20.631+0000] {processor.py:840} INFO - DAG(s) 'example_python_decorator' retrieved from /home/airflow/.local/lib/python3.12/site-packages/airflow/example_dags/example_python_decorator.py
[2026-04-27T23:50:20.662+0000] {logging_mixin.py:188} INFO - [2026-04-27T23:50:20.662+0000] {dag.py:3096} INFO - Sync 1 DAGs
[2026-04-27T23:50:20.678+0000] {logging_mixin.py:188} INFO - [2026-04-27T23:50:20.678+0000] {dag.py:3954} INFO - Setting next_dagrun for example_python_decorator to None, run_after=None
[2026-04-27T23:50:20.702+0000] {processor.py:183} INFO - Processing /home/airflow/.local/lib/python3.12/site-packages/airflow/example_dags/example_python_decorator.py took 0.103 seconds
[2026-04-27T23:58:25.900+0000] {processor.py:161} INFO - Started process (PID=71) to work on /home/airflow/.local/lib/python3.12/site-packages/airflow/example_dags/example_python_decorator.py
[2026-04-27T23:58:25.913+0000] {processor.py:830} INFO - Processing file /home/airflow/.local/lib/python3.12/site-packages/airflow/example_dags/example_python_decorator.py for tasks to queue
[2026-04-27T23:58:25.915+0000] {logging_mixin.py:188} INFO - [2026-04-27T23:58:25.915+0000] {dagbag.py:540} INFO - Filling up the DagBag from /home/airflow/.local/lib/python3.12/site-packages/airflow/example_dags/example_python_decorator.py
[2026-04-27T23:58:26.004+0000] {processor.py:840} INFO - DAG(s) 'example_python_decorator' retrieved from /home/airflow/.local/lib/python3.12/site-packages/airflow/example_dags/example_python_decorator.py
[2026-04-27T23:58:27.140+0000] {logging_mixin.py:188} INFO - [2026-04-27T23:58:27.140+0000] {dag.py:3096} INFO - Sync 1 DAGs
[2026-04-27T23:58:27.153+0000] {logging_mixin.py:188} INFO - [2026-04-27T23:58:27.153+0000] {dag.py:3954} INFO - Setting next_dagrun for example_python_decorator to None, run_after=None
[2026-04-27T23:58:27.177+0000] {processor.py:183} INFO - Processing /home/airflow/.local/lib/python3.12/site-packages/airflow/example_dags/example_python_decorator.py took 1.285 seconds
[2026-04-27T23:59:39.114+0000] {processor.py:161} INFO - Started process (PID=65) to work on /home/airflow/.local/lib/python3.12/site-packages/airflow/example_dags/example_python_decorator.py
[2026-04-27T23:59:39.196+0000] {processor.py:830} INFO - Processing file /home/airflow/.local/lib/python3.12/site-packages/airflow/example_dags/example_python_decorator.py for tasks to queue
[2026-04-27T23:59:39.198+0000] {logging_mixin.py:188} INFO - [2026-04-27T23:59:39.198+0000] {dagbag.py:540} INFO - Filling up the DagBag from /home/airflow/.local/lib/python3.12/site-packages/airflow/example_dags/example_python_decorator.py
[2026-04-27T23:59:39.227+0000] {processor.py:840} INFO - DAG(s) 'example_python_decorator' retrieved from /home/airflow/.local/lib/python3.12/site-packages/airflow/example_dags/example_python_decorator.py
[2026-04-27T23:59:40.062+0000] {logging_mixin.py:188} INFO - [2026-04-27T23:59:40.061+0000] {dag.py:3096} INFO - Sync 1 DAGs
[2026-04-27T23:59:40.073+0000] {logging_mixin.py:188} INFO - [2026-04-27T23:59:40.072+0000] {dag.py:3954} INFO - Setting next_dagrun for example_python_decorator to None, run_after=None
[2026-04-27T23:59:40.095+0000] {processor.py:183} INFO - Processing /home/airflow/.local/lib/python3.12/site-packages/airflow/example_dags/example_python_decorator.py took 0.988 seconds
