[2026-04-27T23:30:23.174+0000] {processor.py:161} INFO - Started process (PID=102) to work on /home/airflow/.local/lib/python3.12/site-packages/airflow/example_dags/example_sla_dag.py
[2026-04-27T23:30:23.177+0000] {processor.py:830} INFO - Processing file /home/airflow/.local/lib/python3.12/site-packages/airflow/example_dags/example_sla_dag.py for tasks to queue
[2026-04-27T23:30:23.179+0000] {logging_mixin.py:188} INFO - [2026-04-27T23:30:23.179+0000] {dagbag.py:540} INFO - Filling up the DagBag from /home/airflow/.local/lib/python3.12/site-packages/airflow/example_dags/example_sla_dag.py
[2026-04-27T23:30:23.217+0000] {processor.py:840} INFO - DAG(s) 'example_sla_dag' retrieved from /home/airflow/.local/lib/python3.12/site-packages/airflow/example_dags/example_sla_dag.py
[2026-04-27T23:30:23.238+0000] {logging_mixin.py:188} INFO - [2026-04-27T23:30:23.238+0000] {dag.py:3096} INFO - Sync 1 DAGs
[2026-04-27T23:30:24.205+0000] {logging_mixin.py:188} INFO - [2026-04-27T23:30:24.205+0000] {dag.py:3954} INFO - Setting next_dagrun for example_sla_dag to 2026-04-27 23:28:00+00:00, run_after=2026-04-27 23:30:00+00:00
[2026-04-27T23:30:24.221+0000] {processor.py:183} INFO - Processing /home/airflow/.local/lib/python3.12/site-packages/airflow/example_dags/example_sla_dag.py took 1.681 seconds
[2026-04-27T23:30:55.708+0000] {processor.py:161} INFO - Started process (PID=161) to work on /home/airflow/.local/lib/python3.12/site-packages/airflow/example_dags/example_sla_dag.py
[2026-04-27T23:30:55.924+0000] {processor.py:830} INFO - Processing file /home/airflow/.local/lib/python3.12/site-packages/airflow/example_dags/example_sla_dag.py for tasks to queue
[2026-04-27T23:30:55.927+0000] {logging_mixin.py:188} INFO - [2026-04-27T23:30:55.927+0000] {dagbag.py:540} INFO - Filling up the DagBag from /home/airflow/.local/lib/python3.12/site-packages/airflow/example_dags/example_sla_dag.py
[2026-04-27T23:30:55.936+0000] {processor.py:840} INFO - DAG(s) 'example_sla_dag' retrieved from /home/airflow/.local/lib/python3.12/site-packages/airflow/example_dags/example_sla_dag.py
[2026-04-27T23:30:55.958+0000] {logging_mixin.py:188} INFO - [2026-04-27T23:30:55.958+0000] {dag.py:3096} INFO - Sync 1 DAGs
[2026-04-27T23:30:55.984+0000] {logging_mixin.py:188} INFO - [2026-04-27T23:30:55.983+0000] {dag.py:3954} INFO - Setting next_dagrun for example_sla_dag to 2026-04-27 23:28:00+00:00, run_after=2026-04-27 23:30:00+00:00
[2026-04-27T23:30:56.005+0000] {processor.py:183} INFO - Processing /home/airflow/.local/lib/python3.12/site-packages/airflow/example_dags/example_sla_dag.py took 0.303 seconds
[2026-04-27T23:32:17.777+0000] {processor.py:161} INFO - Started process (PID=226) to work on /home/airflow/.local/lib/python3.12/site-packages/airflow/example_dags/example_sla_dag.py
[2026-04-27T23:32:17.990+0000] {processor.py:830} INFO - Processing file /home/airflow/.local/lib/python3.12/site-packages/airflow/example_dags/example_sla_dag.py for tasks to queue
[2026-04-27T23:32:17.993+0000] {logging_mixin.py:188} INFO - [2026-04-27T23:32:17.993+0000] {dagbag.py:540} INFO - Filling up the DagBag from /home/airflow/.local/lib/python3.12/site-packages/airflow/example_dags/example_sla_dag.py
[2026-04-27T23:32:18.002+0000] {processor.py:840} INFO - DAG(s) 'example_sla_dag' retrieved from /home/airflow/.local/lib/python3.12/site-packages/airflow/example_dags/example_sla_dag.py
[2026-04-27T23:32:18.027+0000] {logging_mixin.py:188} INFO - [2026-04-27T23:32:18.026+0000] {dag.py:3096} INFO - Sync 1 DAGs
[2026-04-27T23:32:18.051+0000] {logging_mixin.py:188} INFO - [2026-04-27T23:32:18.051+0000] {dag.py:3954} INFO - Setting next_dagrun for example_sla_dag to 2026-04-27 23:30:00+00:00, run_after=2026-04-27 23:32:00+00:00
[2026-04-27T23:32:18.423+0000] {processor.py:183} INFO - Processing /home/airflow/.local/lib/python3.12/site-packages/airflow/example_dags/example_sla_dag.py took 0.653 seconds
[2026-04-27T23:32:52.593+0000] {processor.py:161} INFO - Started process (PID=285) to work on /home/airflow/.local/lib/python3.12/site-packages/airflow/example_dags/example_sla_dag.py
[2026-04-27T23:32:52.594+0000] {processor.py:830} INFO - Processing file /home/airflow/.local/lib/python3.12/site-packages/airflow/example_dags/example_sla_dag.py for tasks to queue
[2026-04-27T23:32:52.597+0000] {logging_mixin.py:188} INFO - [2026-04-27T23:32:52.597+0000] {dagbag.py:540} INFO - Filling up the DagBag from /home/airflow/.local/lib/python3.12/site-packages/airflow/example_dags/example_sla_dag.py
[2026-04-27T23:32:52.607+0000] {processor.py:840} INFO - DAG(s) 'example_sla_dag' retrieved from /home/airflow/.local/lib/python3.12/site-packages/airflow/example_dags/example_sla_dag.py
[2026-04-27T23:32:52.632+0000] {logging_mixin.py:188} INFO - [2026-04-27T23:32:52.632+0000] {dag.py:3096} INFO - Sync 1 DAGs
[2026-04-27T23:32:52.660+0000] {logging_mixin.py:188} INFO - [2026-04-27T23:32:52.660+0000] {dag.py:3954} INFO - Setting next_dagrun for example_sla_dag to 2026-04-27 23:30:00+00:00, run_after=2026-04-27 23:32:00+00:00
[2026-04-27T23:32:52.683+0000] {processor.py:183} INFO - Processing /home/airflow/.local/lib/python3.12/site-packages/airflow/example_dags/example_sla_dag.py took 0.097 seconds
[2026-04-27T23:33:22.751+0000] {processor.py:161} INFO - Started process (PID=344) to work on /home/airflow/.local/lib/python3.12/site-packages/airflow/example_dags/example_sla_dag.py
[2026-04-27T23:33:22.752+0000] {processor.py:830} INFO - Processing file /home/airflow/.local/lib/python3.12/site-packages/airflow/example_dags/example_sla_dag.py for tasks to queue
[2026-04-27T23:33:22.755+0000] {logging_mixin.py:188} INFO - [2026-04-27T23:33:22.755+0000] {dagbag.py:540} INFO - Filling up the DagBag from /home/airflow/.local/lib/python3.12/site-packages/airflow/example_dags/example_sla_dag.py
[2026-04-27T23:33:22.765+0000] {processor.py:840} INFO - DAG(s) 'example_sla_dag' retrieved from /home/airflow/.local/lib/python3.12/site-packages/airflow/example_dags/example_sla_dag.py
[2026-04-27T23:33:22.787+0000] {logging_mixin.py:188} INFO - [2026-04-27T23:33:22.787+0000] {dag.py:3096} INFO - Sync 1 DAGs
[2026-04-27T23:33:22.811+0000] {logging_mixin.py:188} INFO - [2026-04-27T23:33:22.811+0000] {dag.py:3954} INFO - Setting next_dagrun for example_sla_dag to 2026-04-27 23:30:00+00:00, run_after=2026-04-27 23:32:00+00:00
[2026-04-27T23:33:22.831+0000] {processor.py:183} INFO - Processing /home/airflow/.local/lib/python3.12/site-packages/airflow/example_dags/example_sla_dag.py took 0.088 seconds
[2026-04-27T23:33:53.651+0000] {processor.py:161} INFO - Started process (PID=403) to work on /home/airflow/.local/lib/python3.12/site-packages/airflow/example_dags/example_sla_dag.py
[2026-04-27T23:33:53.652+0000] {processor.py:830} INFO - Processing file /home/airflow/.local/lib/python3.12/site-packages/airflow/example_dags/example_sla_dag.py for tasks to queue
[2026-04-27T23:33:53.656+0000] {logging_mixin.py:188} INFO - [2026-04-27T23:33:53.655+0000] {dagbag.py:540} INFO - Filling up the DagBag from /home/airflow/.local/lib/python3.12/site-packages/airflow/example_dags/example_sla_dag.py
[2026-04-27T23:33:53.665+0000] {processor.py:840} INFO - DAG(s) 'example_sla_dag' retrieved from /home/airflow/.local/lib/python3.12/site-packages/airflow/example_dags/example_sla_dag.py
[2026-04-27T23:33:53.686+0000] {logging_mixin.py:188} INFO - [2026-04-27T23:33:53.686+0000] {dag.py:3096} INFO - Sync 1 DAGs
[2026-04-27T23:33:53.709+0000] {logging_mixin.py:188} INFO - [2026-04-27T23:33:53.709+0000] {dag.py:3954} INFO - Setting next_dagrun for example_sla_dag to 2026-04-27 23:30:00+00:00, run_after=2026-04-27 23:32:00+00:00
[2026-04-27T23:33:53.729+0000] {processor.py:183} INFO - Processing /home/airflow/.local/lib/python3.12/site-packages/airflow/example_dags/example_sla_dag.py took 0.086 seconds
[2026-04-27T23:34:24.082+0000] {processor.py:161} INFO - Started process (PID=462) to work on /home/airflow/.local/lib/python3.12/site-packages/airflow/example_dags/example_sla_dag.py
[2026-04-27T23:34:24.084+0000] {processor.py:830} INFO - Processing file /home/airflow/.local/lib/python3.12/site-packages/airflow/example_dags/example_sla_dag.py for tasks to queue
[2026-04-27T23:34:24.086+0000] {logging_mixin.py:188} INFO - [2026-04-27T23:34:24.086+0000] {dagbag.py:540} INFO - Filling up the DagBag from /home/airflow/.local/lib/python3.12/site-packages/airflow/example_dags/example_sla_dag.py
[2026-04-27T23:34:24.095+0000] {processor.py:840} INFO - DAG(s) 'example_sla_dag' retrieved from /home/airflow/.local/lib/python3.12/site-packages/airflow/example_dags/example_sla_dag.py
[2026-04-27T23:34:24.116+0000] {logging_mixin.py:188} INFO - [2026-04-27T23:34:24.116+0000] {dag.py:3096} INFO - Sync 1 DAGs
[2026-04-27T23:34:24.140+0000] {logging_mixin.py:188} INFO - [2026-04-27T23:34:24.139+0000] {dag.py:3954} INFO - Setting next_dagrun for example_sla_dag to 2026-04-27 23:32:00+00:00, run_after=2026-04-27 23:34:00+00:00
[2026-04-27T23:34:24.158+0000] {processor.py:183} INFO - Processing /home/airflow/.local/lib/python3.12/site-packages/airflow/example_dags/example_sla_dag.py took 0.082 seconds
[2026-04-27T23:34:54.788+0000] {processor.py:161} INFO - Started process (PID=521) to work on /home/airflow/.local/lib/python3.12/site-packages/airflow/example_dags/example_sla_dag.py
[2026-04-27T23:34:54.789+0000] {processor.py:830} INFO - Processing file /home/airflow/.local/lib/python3.12/site-packages/airflow/example_dags/example_sla_dag.py for tasks to queue
[2026-04-27T23:34:54.791+0000] {logging_mixin.py:188} INFO - [2026-04-27T23:34:54.791+0000] {dagbag.py:540} INFO - Filling up the DagBag from /home/airflow/.local/lib/python3.12/site-packages/airflow/example_dags/example_sla_dag.py
[2026-04-27T23:34:54.800+0000] {processor.py:840} INFO - DAG(s) 'example_sla_dag' retrieved from /home/airflow/.local/lib/python3.12/site-packages/airflow/example_dags/example_sla_dag.py
[2026-04-27T23:34:54.822+0000] {logging_mixin.py:188} INFO - [2026-04-27T23:34:54.822+0000] {dag.py:3096} INFO - Sync 1 DAGs
[2026-04-27T23:34:54.846+0000] {logging_mixin.py:188} INFO - [2026-04-27T23:34:54.846+0000] {dag.py:3954} INFO - Setting next_dagrun for example_sla_dag to 2026-04-27 23:32:00+00:00, run_after=2026-04-27 23:34:00+00:00
[2026-04-27T23:34:54.967+0000] {processor.py:183} INFO - Processing /home/airflow/.local/lib/python3.12/site-packages/airflow/example_dags/example_sla_dag.py took 0.186 seconds
[2026-04-27T23:35:25.294+0000] {processor.py:161} INFO - Started process (PID=580) to work on /home/airflow/.local/lib/python3.12/site-packages/airflow/example_dags/example_sla_dag.py
[2026-04-27T23:35:25.295+0000] {processor.py:830} INFO - Processing file /home/airflow/.local/lib/python3.12/site-packages/airflow/example_dags/example_sla_dag.py for tasks to queue
[2026-04-27T23:35:25.297+0000] {logging_mixin.py:188} INFO - [2026-04-27T23:35:25.297+0000] {dagbag.py:540} INFO - Filling up the DagBag from /home/airflow/.local/lib/python3.12/site-packages/airflow/example_dags/example_sla_dag.py
[2026-04-27T23:35:25.306+0000] {processor.py:840} INFO - DAG(s) 'example_sla_dag' retrieved from /home/airflow/.local/lib/python3.12/site-packages/airflow/example_dags/example_sla_dag.py
[2026-04-27T23:35:25.327+0000] {logging_mixin.py:188} INFO - [2026-04-27T23:35:25.327+0000] {dag.py:3096} INFO - Sync 1 DAGs
[2026-04-27T23:35:25.352+0000] {logging_mixin.py:188} INFO - [2026-04-27T23:35:25.352+0000] {dag.py:3954} INFO - Setting next_dagrun for example_sla_dag to 2026-04-27 23:32:00+00:00, run_after=2026-04-27 23:34:00+00:00
[2026-04-27T23:35:25.372+0000] {processor.py:183} INFO - Processing /home/airflow/.local/lib/python3.12/site-packages/airflow/example_dags/example_sla_dag.py took 0.085 seconds
[2026-04-27T23:35:55.931+0000] {processor.py:161} INFO - Started process (PID=639) to work on /home/airflow/.local/lib/python3.12/site-packages/airflow/example_dags/example_sla_dag.py
[2026-04-27T23:35:55.933+0000] {processor.py:830} INFO - Processing file /home/airflow/.local/lib/python3.12/site-packages/airflow/example_dags/example_sla_dag.py for tasks to queue
[2026-04-27T23:35:55.935+0000] {logging_mixin.py:188} INFO - [2026-04-27T23:35:55.935+0000] {dagbag.py:540} INFO - Filling up the DagBag from /home/airflow/.local/lib/python3.12/site-packages/airflow/example_dags/example_sla_dag.py
[2026-04-27T23:35:55.944+0000] {processor.py:840} INFO - DAG(s) 'example_sla_dag' retrieved from /home/airflow/.local/lib/python3.12/site-packages/airflow/example_dags/example_sla_dag.py
[2026-04-27T23:35:55.967+0000] {logging_mixin.py:188} INFO - [2026-04-27T23:35:55.967+0000] {dag.py:3096} INFO - Sync 1 DAGs
[2026-04-27T23:35:55.991+0000] {logging_mixin.py:188} INFO - [2026-04-27T23:35:55.991+0000] {dag.py:3954} INFO - Setting next_dagrun for example_sla_dag to 2026-04-27 23:32:00+00:00, run_after=2026-04-27 23:34:00+00:00
[2026-04-27T23:35:56.011+0000] {processor.py:183} INFO - Processing /home/airflow/.local/lib/python3.12/site-packages/airflow/example_dags/example_sla_dag.py took 0.086 seconds
[2026-04-27T23:36:26.255+0000] {processor.py:161} INFO - Started process (PID=698) to work on /home/airflow/.local/lib/python3.12/site-packages/airflow/example_dags/example_sla_dag.py
[2026-04-27T23:36:26.256+0000] {processor.py:830} INFO - Processing file /home/airflow/.local/lib/python3.12/site-packages/airflow/example_dags/example_sla_dag.py for tasks to queue
[2026-04-27T23:36:26.259+0000] {logging_mixin.py:188} INFO - [2026-04-27T23:36:26.259+0000] {dagbag.py:540} INFO - Filling up the DagBag from /home/airflow/.local/lib/python3.12/site-packages/airflow/example_dags/example_sla_dag.py
[2026-04-27T23:36:26.268+0000] {processor.py:840} INFO - DAG(s) 'example_sla_dag' retrieved from /home/airflow/.local/lib/python3.12/site-packages/airflow/example_dags/example_sla_dag.py
[2026-04-27T23:36:26.291+0000] {logging_mixin.py:188} INFO - [2026-04-27T23:36:26.290+0000] {dag.py:3096} INFO - Sync 1 DAGs
[2026-04-27T23:36:26.315+0000] {logging_mixin.py:188} INFO - [2026-04-27T23:36:26.315+0000] {dag.py:3954} INFO - Setting next_dagrun for example_sla_dag to 2026-04-27 23:34:00+00:00, run_after=2026-04-27 23:36:00+00:00
[2026-04-27T23:36:26.334+0000] {processor.py:183} INFO - Processing /home/airflow/.local/lib/python3.12/site-packages/airflow/example_dags/example_sla_dag.py took 0.084 seconds
[2026-04-27T23:36:56.891+0000] {processor.py:161} INFO - Started process (PID=758) to work on /home/airflow/.local/lib/python3.12/site-packages/airflow/example_dags/example_sla_dag.py
[2026-04-27T23:36:56.892+0000] {processor.py:830} INFO - Processing file /home/airflow/.local/lib/python3.12/site-packages/airflow/example_dags/example_sla_dag.py for tasks to queue
[2026-04-27T23:36:56.895+0000] {logging_mixin.py:188} INFO - [2026-04-27T23:36:56.895+0000] {dagbag.py:540} INFO - Filling up the DagBag from /home/airflow/.local/lib/python3.12/site-packages/airflow/example_dags/example_sla_dag.py
[2026-04-27T23:36:56.905+0000] {processor.py:840} INFO - DAG(s) 'example_sla_dag' retrieved from /home/airflow/.local/lib/python3.12/site-packages/airflow/example_dags/example_sla_dag.py
[2026-04-27T23:36:56.927+0000] {logging_mixin.py:188} INFO - [2026-04-27T23:36:56.926+0000] {dag.py:3096} INFO - Sync 1 DAGs
[2026-04-27T23:36:56.950+0000] {logging_mixin.py:188} INFO - [2026-04-27T23:36:56.950+0000] {dag.py:3954} INFO - Setting next_dagrun for example_sla_dag to 2026-04-27 23:34:00+00:00, run_after=2026-04-27 23:36:00+00:00
[2026-04-27T23:36:57.001+0000] {processor.py:183} INFO - Processing /home/airflow/.local/lib/python3.12/site-packages/airflow/example_dags/example_sla_dag.py took 0.116 seconds
[2026-04-27T23:37:27.418+0000] {processor.py:161} INFO - Started process (PID=817) to work on /home/airflow/.local/lib/python3.12/site-packages/airflow/example_dags/example_sla_dag.py
[2026-04-27T23:37:27.420+0000] {processor.py:830} INFO - Processing file /home/airflow/.local/lib/python3.12/site-packages/airflow/example_dags/example_sla_dag.py for tasks to queue
[2026-04-27T23:37:27.423+0000] {logging_mixin.py:188} INFO - [2026-04-27T23:37:27.423+0000] {dagbag.py:540} INFO - Filling up the DagBag from /home/airflow/.local/lib/python3.12/site-packages/airflow/example_dags/example_sla_dag.py
[2026-04-27T23:37:27.432+0000] {processor.py:840} INFO - DAG(s) 'example_sla_dag' retrieved from /home/airflow/.local/lib/python3.12/site-packages/airflow/example_dags/example_sla_dag.py
[2026-04-27T23:37:27.462+0000] {logging_mixin.py:188} INFO - [2026-04-27T23:37:27.462+0000] {dag.py:3096} INFO - Sync 1 DAGs
[2026-04-27T23:37:27.487+0000] {logging_mixin.py:188} INFO - [2026-04-27T23:37:27.486+0000] {dag.py:3954} INFO - Setting next_dagrun for example_sla_dag to 2026-04-27 23:34:00+00:00, run_after=2026-04-27 23:36:00+00:00
[2026-04-27T23:37:27.507+0000] {processor.py:183} INFO - Processing /home/airflow/.local/lib/python3.12/site-packages/airflow/example_dags/example_sla_dag.py took 0.098 seconds
[2026-04-27T23:37:58.006+0000] {processor.py:161} INFO - Started process (PID=876) to work on /home/airflow/.local/lib/python3.12/site-packages/airflow/example_dags/example_sla_dag.py
[2026-04-27T23:37:58.007+0000] {processor.py:830} INFO - Processing file /home/airflow/.local/lib/python3.12/site-packages/airflow/example_dags/example_sla_dag.py for tasks to queue
[2026-04-27T23:37:58.009+0000] {logging_mixin.py:188} INFO - [2026-04-27T23:37:58.009+0000] {dagbag.py:540} INFO - Filling up the DagBag from /home/airflow/.local/lib/python3.12/site-packages/airflow/example_dags/example_sla_dag.py
[2026-04-27T23:37:58.019+0000] {processor.py:840} INFO - DAG(s) 'example_sla_dag' retrieved from /home/airflow/.local/lib/python3.12/site-packages/airflow/example_dags/example_sla_dag.py
[2026-04-27T23:37:58.039+0000] {logging_mixin.py:188} INFO - [2026-04-27T23:37:58.039+0000] {dag.py:3096} INFO - Sync 1 DAGs
[2026-04-27T23:37:58.063+0000] {logging_mixin.py:188} INFO - [2026-04-27T23:37:58.063+0000] {dag.py:3954} INFO - Setting next_dagrun for example_sla_dag to 2026-04-27 23:34:00+00:00, run_after=2026-04-27 23:36:00+00:00
[2026-04-27T23:37:58.083+0000] {processor.py:183} INFO - Processing /home/airflow/.local/lib/python3.12/site-packages/airflow/example_dags/example_sla_dag.py took 0.084 seconds
[2026-04-27T23:38:29.853+0000] {processor.py:161} INFO - Started process (PID=935) to work on /home/airflow/.local/lib/python3.12/site-packages/airflow/example_dags/example_sla_dag.py
[2026-04-27T23:38:29.854+0000] {processor.py:830} INFO - Processing file /home/airflow/.local/lib/python3.12/site-packages/airflow/example_dags/example_sla_dag.py for tasks to queue
[2026-04-27T23:38:29.857+0000] {logging_mixin.py:188} INFO - [2026-04-27T23:38:29.856+0000] {dagbag.py:540} INFO - Filling up the DagBag from /home/airflow/.local/lib/python3.12/site-packages/airflow/example_dags/example_sla_dag.py
[2026-04-27T23:38:29.866+0000] {processor.py:840} INFO - DAG(s) 'example_sla_dag' retrieved from /home/airflow/.local/lib/python3.12/site-packages/airflow/example_dags/example_sla_dag.py
[2026-04-27T23:38:29.893+0000] {logging_mixin.py:188} INFO - [2026-04-27T23:38:29.892+0000] {dag.py:3096} INFO - Sync 1 DAGs
[2026-04-27T23:38:29.918+0000] {logging_mixin.py:188} INFO - [2026-04-27T23:38:29.918+0000] {dag.py:3954} INFO - Setting next_dagrun for example_sla_dag to 2026-04-27 23:36:00+00:00, run_after=2026-04-27 23:38:00+00:00
[2026-04-27T23:38:29.940+0000] {processor.py:183} INFO - Processing /home/airflow/.local/lib/python3.12/site-packages/airflow/example_dags/example_sla_dag.py took 0.094 seconds
[2026-04-27T23:39:00.798+0000] {processor.py:161} INFO - Started process (PID=994) to work on /home/airflow/.local/lib/python3.12/site-packages/airflow/example_dags/example_sla_dag.py
[2026-04-27T23:39:00.800+0000] {processor.py:830} INFO - Processing file /home/airflow/.local/lib/python3.12/site-packages/airflow/example_dags/example_sla_dag.py for tasks to queue
[2026-04-27T23:39:00.804+0000] {logging_mixin.py:188} INFO - [2026-04-27T23:39:00.803+0000] {dagbag.py:540} INFO - Filling up the DagBag from /home/airflow/.local/lib/python3.12/site-packages/airflow/example_dags/example_sla_dag.py
[2026-04-27T23:39:00.815+0000] {processor.py:840} INFO - DAG(s) 'example_sla_dag' retrieved from /home/airflow/.local/lib/python3.12/site-packages/airflow/example_dags/example_sla_dag.py
[2026-04-27T23:39:00.837+0000] {logging_mixin.py:188} INFO - [2026-04-27T23:39:00.837+0000] {dag.py:3096} INFO - Sync 1 DAGs
[2026-04-27T23:39:00.862+0000] {logging_mixin.py:188} INFO - [2026-04-27T23:39:00.861+0000] {dag.py:3954} INFO - Setting next_dagrun for example_sla_dag to 2026-04-27 23:36:00+00:00, run_after=2026-04-27 23:38:00+00:00
[2026-04-27T23:39:00.882+0000] {processor.py:183} INFO - Processing /home/airflow/.local/lib/python3.12/site-packages/airflow/example_dags/example_sla_dag.py took 0.091 seconds
[2026-04-27T23:39:30.953+0000] {processor.py:161} INFO - Started process (PID=1053) to work on /home/airflow/.local/lib/python3.12/site-packages/airflow/example_dags/example_sla_dag.py
[2026-04-27T23:39:30.954+0000] {processor.py:830} INFO - Processing file /home/airflow/.local/lib/python3.12/site-packages/airflow/example_dags/example_sla_dag.py for tasks to queue
[2026-04-27T23:39:30.957+0000] {logging_mixin.py:188} INFO - [2026-04-27T23:39:30.957+0000] {dagbag.py:540} INFO - Filling up the DagBag from /home/airflow/.local/lib/python3.12/site-packages/airflow/example_dags/example_sla_dag.py
[2026-04-27T23:39:30.966+0000] {processor.py:840} INFO - DAG(s) 'example_sla_dag' retrieved from /home/airflow/.local/lib/python3.12/site-packages/airflow/example_dags/example_sla_dag.py
[2026-04-27T23:39:30.987+0000] {logging_mixin.py:188} INFO - [2026-04-27T23:39:30.987+0000] {dag.py:3096} INFO - Sync 1 DAGs
[2026-04-27T23:39:31.013+0000] {logging_mixin.py:188} INFO - [2026-04-27T23:39:31.013+0000] {dag.py:3954} INFO - Setting next_dagrun for example_sla_dag to 2026-04-27 23:36:00+00:00, run_after=2026-04-27 23:38:00+00:00
[2026-04-27T23:39:31.033+0000] {processor.py:183} INFO - Processing /home/airflow/.local/lib/python3.12/site-packages/airflow/example_dags/example_sla_dag.py took 0.087 seconds
[2026-04-27T23:40:01.724+0000] {processor.py:161} INFO - Started process (PID=1112) to work on /home/airflow/.local/lib/python3.12/site-packages/airflow/example_dags/example_sla_dag.py
[2026-04-27T23:40:01.725+0000] {processor.py:830} INFO - Processing file /home/airflow/.local/lib/python3.12/site-packages/airflow/example_dags/example_sla_dag.py for tasks to queue
[2026-04-27T23:40:01.728+0000] {logging_mixin.py:188} INFO - [2026-04-27T23:40:01.728+0000] {dagbag.py:540} INFO - Filling up the DagBag from /home/airflow/.local/lib/python3.12/site-packages/airflow/example_dags/example_sla_dag.py
[2026-04-27T23:40:01.738+0000] {processor.py:840} INFO - DAG(s) 'example_sla_dag' retrieved from /home/airflow/.local/lib/python3.12/site-packages/airflow/example_dags/example_sla_dag.py
[2026-04-27T23:40:01.762+0000] {logging_mixin.py:188} INFO - [2026-04-27T23:40:01.762+0000] {dag.py:3096} INFO - Sync 1 DAGs
[2026-04-27T23:40:01.786+0000] {logging_mixin.py:188} INFO - [2026-04-27T23:40:01.785+0000] {dag.py:3954} INFO - Setting next_dagrun for example_sla_dag to 2026-04-27 23:38:00+00:00, run_after=2026-04-27 23:40:00+00:00
[2026-04-27T23:40:01.938+0000] {processor.py:183} INFO - Processing /home/airflow/.local/lib/python3.12/site-packages/airflow/example_dags/example_sla_dag.py took 0.221 seconds
[2026-04-27T23:40:32.854+0000] {processor.py:161} INFO - Started process (PID=1171) to work on /home/airflow/.local/lib/python3.12/site-packages/airflow/example_dags/example_sla_dag.py
[2026-04-27T23:40:32.856+0000] {processor.py:830} INFO - Processing file /home/airflow/.local/lib/python3.12/site-packages/airflow/example_dags/example_sla_dag.py for tasks to queue
[2026-04-27T23:40:32.859+0000] {logging_mixin.py:188} INFO - [2026-04-27T23:40:32.858+0000] {dagbag.py:540} INFO - Filling up the DagBag from /home/airflow/.local/lib/python3.12/site-packages/airflow/example_dags/example_sla_dag.py
[2026-04-27T23:40:32.869+0000] {processor.py:840} INFO - DAG(s) 'example_sla_dag' retrieved from /home/airflow/.local/lib/python3.12/site-packages/airflow/example_dags/example_sla_dag.py
[2026-04-27T23:40:32.892+0000] {logging_mixin.py:188} INFO - [2026-04-27T23:40:32.891+0000] {dag.py:3096} INFO - Sync 1 DAGs
[2026-04-27T23:40:32.918+0000] {logging_mixin.py:188} INFO - [2026-04-27T23:40:32.918+0000] {dag.py:3954} INFO - Setting next_dagrun for example_sla_dag to 2026-04-27 23:38:00+00:00, run_after=2026-04-27 23:40:00+00:00
[2026-04-27T23:40:32.940+0000] {processor.py:183} INFO - Processing /home/airflow/.local/lib/python3.12/site-packages/airflow/example_dags/example_sla_dag.py took 0.094 seconds
[2026-04-27T23:41:03.177+0000] {processor.py:161} INFO - Started process (PID=1230) to work on /home/airflow/.local/lib/python3.12/site-packages/airflow/example_dags/example_sla_dag.py
[2026-04-27T23:41:03.178+0000] {processor.py:830} INFO - Processing file /home/airflow/.local/lib/python3.12/site-packages/airflow/example_dags/example_sla_dag.py for tasks to queue
[2026-04-27T23:41:03.182+0000] {logging_mixin.py:188} INFO - [2026-04-27T23:41:03.181+0000] {dagbag.py:540} INFO - Filling up the DagBag from /home/airflow/.local/lib/python3.12/site-packages/airflow/example_dags/example_sla_dag.py
[2026-04-27T23:41:03.192+0000] {processor.py:840} INFO - DAG(s) 'example_sla_dag' retrieved from /home/airflow/.local/lib/python3.12/site-packages/airflow/example_dags/example_sla_dag.py
[2026-04-27T23:41:03.217+0000] {logging_mixin.py:188} INFO - [2026-04-27T23:41:03.217+0000] {dag.py:3096} INFO - Sync 1 DAGs
[2026-04-27T23:41:03.246+0000] {logging_mixin.py:188} INFO - [2026-04-27T23:41:03.246+0000] {dag.py:3954} INFO - Setting next_dagrun for example_sla_dag to 2026-04-27 23:38:00+00:00, run_after=2026-04-27 23:40:00+00:00
[2026-04-27T23:41:03.269+0000] {processor.py:183} INFO - Processing /home/airflow/.local/lib/python3.12/site-packages/airflow/example_dags/example_sla_dag.py took 0.100 seconds
[2026-04-27T23:41:33.637+0000] {processor.py:161} INFO - Started process (PID=1289) to work on /home/airflow/.local/lib/python3.12/site-packages/airflow/example_dags/example_sla_dag.py
[2026-04-27T23:41:33.639+0000] {processor.py:830} INFO - Processing file /home/airflow/.local/lib/python3.12/site-packages/airflow/example_dags/example_sla_dag.py for tasks to queue
[2026-04-27T23:41:33.643+0000] {logging_mixin.py:188} INFO - [2026-04-27T23:41:33.642+0000] {dagbag.py:540} INFO - Filling up the DagBag from /home/airflow/.local/lib/python3.12/site-packages/airflow/example_dags/example_sla_dag.py
[2026-04-27T23:41:33.653+0000] {processor.py:840} INFO - DAG(s) 'example_sla_dag' retrieved from /home/airflow/.local/lib/python3.12/site-packages/airflow/example_dags/example_sla_dag.py
[2026-04-27T23:41:33.677+0000] {logging_mixin.py:188} INFO - [2026-04-27T23:41:33.677+0000] {dag.py:3096} INFO - Sync 1 DAGs
[2026-04-27T23:41:33.876+0000] {logging_mixin.py:188} INFO - [2026-04-27T23:41:33.876+0000] {dag.py:3954} INFO - Setting next_dagrun for example_sla_dag to 2026-04-27 23:38:00+00:00, run_after=2026-04-27 23:40:00+00:00
[2026-04-27T23:41:33.895+0000] {processor.py:183} INFO - Processing /home/airflow/.local/lib/python3.12/site-packages/airflow/example_dags/example_sla_dag.py took 0.265 seconds
[2026-04-27T23:42:04.117+0000] {processor.py:161} INFO - Started process (PID=1348) to work on /home/airflow/.local/lib/python3.12/site-packages/airflow/example_dags/example_sla_dag.py
[2026-04-27T23:42:04.119+0000] {processor.py:830} INFO - Processing file /home/airflow/.local/lib/python3.12/site-packages/airflow/example_dags/example_sla_dag.py for tasks to queue
[2026-04-27T23:42:04.121+0000] {logging_mixin.py:188} INFO - [2026-04-27T23:42:04.121+0000] {dagbag.py:540} INFO - Filling up the DagBag from /home/airflow/.local/lib/python3.12/site-packages/airflow/example_dags/example_sla_dag.py
[2026-04-27T23:42:04.131+0000] {processor.py:840} INFO - DAG(s) 'example_sla_dag' retrieved from /home/airflow/.local/lib/python3.12/site-packages/airflow/example_dags/example_sla_dag.py
[2026-04-27T23:42:04.160+0000] {logging_mixin.py:188} INFO - [2026-04-27T23:42:04.159+0000] {dag.py:3096} INFO - Sync 1 DAGs
[2026-04-27T23:42:04.201+0000] {logging_mixin.py:188} INFO - [2026-04-27T23:42:04.201+0000] {dag.py:3954} INFO - Setting next_dagrun for example_sla_dag to 2026-04-27 23:40:00+00:00, run_after=2026-04-27 23:42:00+00:00
[2026-04-27T23:42:04.230+0000] {processor.py:183} INFO - Processing /home/airflow/.local/lib/python3.12/site-packages/airflow/example_dags/example_sla_dag.py took 0.119 seconds
[2026-04-27T23:42:34.310+0000] {processor.py:161} INFO - Started process (PID=1406) to work on /home/airflow/.local/lib/python3.12/site-packages/airflow/example_dags/example_sla_dag.py
[2026-04-27T23:42:34.312+0000] {processor.py:830} INFO - Processing file /home/airflow/.local/lib/python3.12/site-packages/airflow/example_dags/example_sla_dag.py for tasks to queue
[2026-04-27T23:42:34.316+0000] {logging_mixin.py:188} INFO - [2026-04-27T23:42:34.315+0000] {dagbag.py:540} INFO - Filling up the DagBag from /home/airflow/.local/lib/python3.12/site-packages/airflow/example_dags/example_sla_dag.py
[2026-04-27T23:42:34.329+0000] {processor.py:840} INFO - DAG(s) 'example_sla_dag' retrieved from /home/airflow/.local/lib/python3.12/site-packages/airflow/example_dags/example_sla_dag.py
[2026-04-27T23:42:34.374+0000] {logging_mixin.py:188} INFO - [2026-04-27T23:42:34.373+0000] {dag.py:3096} INFO - Sync 1 DAGs
[2026-04-27T23:42:34.419+0000] {logging_mixin.py:188} INFO - [2026-04-27T23:42:34.418+0000] {dag.py:3954} INFO - Setting next_dagrun for example_sla_dag to 2026-04-27 23:40:00+00:00, run_after=2026-04-27 23:42:00+00:00
[2026-04-27T23:42:34.451+0000] {processor.py:183} INFO - Processing /home/airflow/.local/lib/python3.12/site-packages/airflow/example_dags/example_sla_dag.py took 0.153 seconds
[2026-04-27T23:43:04.825+0000] {processor.py:161} INFO - Started process (PID=1466) to work on /home/airflow/.local/lib/python3.12/site-packages/airflow/example_dags/example_sla_dag.py
[2026-04-27T23:43:04.827+0000] {processor.py:830} INFO - Processing file /home/airflow/.local/lib/python3.12/site-packages/airflow/example_dags/example_sla_dag.py for tasks to queue
[2026-04-27T23:43:04.829+0000] {logging_mixin.py:188} INFO - [2026-04-27T23:43:04.829+0000] {dagbag.py:540} INFO - Filling up the DagBag from /home/airflow/.local/lib/python3.12/site-packages/airflow/example_dags/example_sla_dag.py
[2026-04-27T23:43:04.840+0000] {processor.py:840} INFO - DAG(s) 'example_sla_dag' retrieved from /home/airflow/.local/lib/python3.12/site-packages/airflow/example_dags/example_sla_dag.py
[2026-04-27T23:43:04.862+0000] {logging_mixin.py:188} INFO - [2026-04-27T23:43:04.862+0000] {dag.py:3096} INFO - Sync 1 DAGs
[2026-04-27T23:43:04.891+0000] {logging_mixin.py:188} INFO - [2026-04-27T23:43:04.891+0000] {dag.py:3954} INFO - Setting next_dagrun for example_sla_dag to 2026-04-27 23:40:00+00:00, run_after=2026-04-27 23:42:00+00:00
[2026-04-27T23:43:04.912+0000] {processor.py:183} INFO - Processing /home/airflow/.local/lib/python3.12/site-packages/airflow/example_dags/example_sla_dag.py took 0.095 seconds
[2026-04-27T23:43:35.135+0000] {processor.py:161} INFO - Started process (PID=1525) to work on /home/airflow/.local/lib/python3.12/site-packages/airflow/example_dags/example_sla_dag.py
[2026-04-27T23:43:35.138+0000] {processor.py:830} INFO - Processing file /home/airflow/.local/lib/python3.12/site-packages/airflow/example_dags/example_sla_dag.py for tasks to queue
[2026-04-27T23:43:35.143+0000] {logging_mixin.py:188} INFO - [2026-04-27T23:43:35.142+0000] {dagbag.py:540} INFO - Filling up the DagBag from /home/airflow/.local/lib/python3.12/site-packages/airflow/example_dags/example_sla_dag.py
[2026-04-27T23:43:35.158+0000] {processor.py:840} INFO - DAG(s) 'example_sla_dag' retrieved from /home/airflow/.local/lib/python3.12/site-packages/airflow/example_dags/example_sla_dag.py
[2026-04-27T23:43:35.204+0000] {logging_mixin.py:188} INFO - [2026-04-27T23:43:35.203+0000] {dag.py:3096} INFO - Sync 1 DAGs
[2026-04-27T23:43:35.256+0000] {logging_mixin.py:188} INFO - [2026-04-27T23:43:35.255+0000] {dag.py:3954} INFO - Setting next_dagrun for example_sla_dag to 2026-04-27 23:40:00+00:00, run_after=2026-04-27 23:42:00+00:00
[2026-04-27T23:43:35.289+0000] {processor.py:183} INFO - Processing /home/airflow/.local/lib/python3.12/site-packages/airflow/example_dags/example_sla_dag.py took 0.169 seconds
[2026-04-27T23:44:05.529+0000] {processor.py:161} INFO - Started process (PID=1584) to work on /home/airflow/.local/lib/python3.12/site-packages/airflow/example_dags/example_sla_dag.py
[2026-04-27T23:44:05.531+0000] {processor.py:830} INFO - Processing file /home/airflow/.local/lib/python3.12/site-packages/airflow/example_dags/example_sla_dag.py for tasks to queue
[2026-04-27T23:44:05.533+0000] {logging_mixin.py:188} INFO - [2026-04-27T23:44:05.533+0000] {dagbag.py:540} INFO - Filling up the DagBag from /home/airflow/.local/lib/python3.12/site-packages/airflow/example_dags/example_sla_dag.py
[2026-04-27T23:44:05.543+0000] {processor.py:840} INFO - DAG(s) 'example_sla_dag' retrieved from /home/airflow/.local/lib/python3.12/site-packages/airflow/example_dags/example_sla_dag.py
[2026-04-27T23:44:05.566+0000] {logging_mixin.py:188} INFO - [2026-04-27T23:44:05.566+0000] {dag.py:3096} INFO - Sync 1 DAGs
[2026-04-27T23:44:05.593+0000] {logging_mixin.py:188} INFO - [2026-04-27T23:44:05.593+0000] {dag.py:3954} INFO - Setting next_dagrun for example_sla_dag to 2026-04-27 23:42:00+00:00, run_after=2026-04-27 23:44:00+00:00
[2026-04-27T23:44:05.613+0000] {processor.py:183} INFO - Processing /home/airflow/.local/lib/python3.12/site-packages/airflow/example_dags/example_sla_dag.py took 0.090 seconds
[2026-04-27T23:44:36.321+0000] {processor.py:161} INFO - Started process (PID=1643) to work on /home/airflow/.local/lib/python3.12/site-packages/airflow/example_dags/example_sla_dag.py
[2026-04-27T23:44:36.322+0000] {processor.py:830} INFO - Processing file /home/airflow/.local/lib/python3.12/site-packages/airflow/example_dags/example_sla_dag.py for tasks to queue
[2026-04-27T23:44:36.326+0000] {logging_mixin.py:188} INFO - [2026-04-27T23:44:36.325+0000] {dagbag.py:540} INFO - Filling up the DagBag from /home/airflow/.local/lib/python3.12/site-packages/airflow/example_dags/example_sla_dag.py
[2026-04-27T23:44:36.341+0000] {processor.py:840} INFO - DAG(s) 'example_sla_dag' retrieved from /home/airflow/.local/lib/python3.12/site-packages/airflow/example_dags/example_sla_dag.py
[2026-04-27T23:44:36.373+0000] {logging_mixin.py:188} INFO - [2026-04-27T23:44:36.373+0000] {dag.py:3096} INFO - Sync 1 DAGs
[2026-04-27T23:44:36.426+0000] {logging_mixin.py:188} INFO - [2026-04-27T23:44:36.425+0000] {dag.py:3954} INFO - Setting next_dagrun for example_sla_dag to 2026-04-27 23:42:00+00:00, run_after=2026-04-27 23:44:00+00:00
[2026-04-27T23:44:36.514+0000] {processor.py:183} INFO - Processing /home/airflow/.local/lib/python3.12/site-packages/airflow/example_dags/example_sla_dag.py took 0.201 seconds
[2026-04-27T23:45:06.550+0000] {processor.py:161} INFO - Started process (PID=1702) to work on /home/airflow/.local/lib/python3.12/site-packages/airflow/example_dags/example_sla_dag.py
[2026-04-27T23:45:06.551+0000] {processor.py:830} INFO - Processing file /home/airflow/.local/lib/python3.12/site-packages/airflow/example_dags/example_sla_dag.py for tasks to queue
[2026-04-27T23:45:06.554+0000] {logging_mixin.py:188} INFO - [2026-04-27T23:45:06.554+0000] {dagbag.py:540} INFO - Filling up the DagBag from /home/airflow/.local/lib/python3.12/site-packages/airflow/example_dags/example_sla_dag.py
[2026-04-27T23:45:06.563+0000] {processor.py:840} INFO - DAG(s) 'example_sla_dag' retrieved from /home/airflow/.local/lib/python3.12/site-packages/airflow/example_dags/example_sla_dag.py
[2026-04-27T23:45:06.587+0000] {logging_mixin.py:188} INFO - [2026-04-27T23:45:06.587+0000] {dag.py:3096} INFO - Sync 1 DAGs
[2026-04-27T23:45:06.619+0000] {logging_mixin.py:188} INFO - [2026-04-27T23:45:06.619+0000] {dag.py:3954} INFO - Setting next_dagrun for example_sla_dag to 2026-04-27 23:42:00+00:00, run_after=2026-04-27 23:44:00+00:00
[2026-04-27T23:45:06.650+0000] {processor.py:183} INFO - Processing /home/airflow/.local/lib/python3.12/site-packages/airflow/example_dags/example_sla_dag.py took 0.107 seconds
[2026-04-27T23:45:36.798+0000] {processor.py:161} INFO - Started process (PID=1761) to work on /home/airflow/.local/lib/python3.12/site-packages/airflow/example_dags/example_sla_dag.py
[2026-04-27T23:45:36.800+0000] {processor.py:830} INFO - Processing file /home/airflow/.local/lib/python3.12/site-packages/airflow/example_dags/example_sla_dag.py for tasks to queue
[2026-04-27T23:45:36.802+0000] {logging_mixin.py:188} INFO - [2026-04-27T23:45:36.802+0000] {dagbag.py:540} INFO - Filling up the DagBag from /home/airflow/.local/lib/python3.12/site-packages/airflow/example_dags/example_sla_dag.py
[2026-04-27T23:45:36.812+0000] {processor.py:840} INFO - DAG(s) 'example_sla_dag' retrieved from /home/airflow/.local/lib/python3.12/site-packages/airflow/example_dags/example_sla_dag.py
[2026-04-27T23:45:36.836+0000] {logging_mixin.py:188} INFO - [2026-04-27T23:45:36.836+0000] {dag.py:3096} INFO - Sync 1 DAGs
[2026-04-27T23:45:36.864+0000] {logging_mixin.py:188} INFO - [2026-04-27T23:45:36.863+0000] {dag.py:3954} INFO - Setting next_dagrun for example_sla_dag to 2026-04-27 23:42:00+00:00, run_after=2026-04-27 23:44:00+00:00
[2026-04-27T23:45:36.885+0000] {processor.py:183} INFO - Processing /home/airflow/.local/lib/python3.12/site-packages/airflow/example_dags/example_sla_dag.py took 0.098 seconds
[2026-04-27T23:46:06.958+0000] {processor.py:161} INFO - Started process (PID=1819) to work on /home/airflow/.local/lib/python3.12/site-packages/airflow/example_dags/example_sla_dag.py
[2026-04-27T23:46:06.959+0000] {processor.py:830} INFO - Processing file /home/airflow/.local/lib/python3.12/site-packages/airflow/example_dags/example_sla_dag.py for tasks to queue
[2026-04-27T23:46:06.962+0000] {logging_mixin.py:188} INFO - [2026-04-27T23:46:06.961+0000] {dagbag.py:540} INFO - Filling up the DagBag from /home/airflow/.local/lib/python3.12/site-packages/airflow/example_dags/example_sla_dag.py
[2026-04-27T23:46:06.971+0000] {processor.py:840} INFO - DAG(s) 'example_sla_dag' retrieved from /home/airflow/.local/lib/python3.12/site-packages/airflow/example_dags/example_sla_dag.py
[2026-04-27T23:46:06.994+0000] {logging_mixin.py:188} INFO - [2026-04-27T23:46:06.994+0000] {dag.py:3096} INFO - Sync 1 DAGs
[2026-04-27T23:46:07.020+0000] {logging_mixin.py:188} INFO - [2026-04-27T23:46:07.020+0000] {dag.py:3954} INFO - Setting next_dagrun for example_sla_dag to 2026-04-27 23:44:00+00:00, run_after=2026-04-27 23:46:00+00:00
[2026-04-27T23:46:07.041+0000] {processor.py:183} INFO - Processing /home/airflow/.local/lib/python3.12/site-packages/airflow/example_dags/example_sla_dag.py took 0.090 seconds
[2026-04-27T23:46:37.142+0000] {processor.py:161} INFO - Started process (PID=1878) to work on /home/airflow/.local/lib/python3.12/site-packages/airflow/example_dags/example_sla_dag.py
[2026-04-27T23:46:37.144+0000] {processor.py:830} INFO - Processing file /home/airflow/.local/lib/python3.12/site-packages/airflow/example_dags/example_sla_dag.py for tasks to queue
[2026-04-27T23:46:37.146+0000] {logging_mixin.py:188} INFO - [2026-04-27T23:46:37.146+0000] {dagbag.py:540} INFO - Filling up the DagBag from /home/airflow/.local/lib/python3.12/site-packages/airflow/example_dags/example_sla_dag.py
[2026-04-27T23:46:37.161+0000] {processor.py:840} INFO - DAG(s) 'example_sla_dag' retrieved from /home/airflow/.local/lib/python3.12/site-packages/airflow/example_dags/example_sla_dag.py
[2026-04-27T23:46:37.186+0000] {logging_mixin.py:188} INFO - [2026-04-27T23:46:37.185+0000] {dag.py:3096} INFO - Sync 1 DAGs
[2026-04-27T23:46:37.218+0000] {logging_mixin.py:188} INFO - [2026-04-27T23:46:37.217+0000] {dag.py:3954} INFO - Setting next_dagrun for example_sla_dag to 2026-04-27 23:44:00+00:00, run_after=2026-04-27 23:46:00+00:00
[2026-04-27T23:46:37.279+0000] {processor.py:183} INFO - Processing /home/airflow/.local/lib/python3.12/site-packages/airflow/example_dags/example_sla_dag.py took 0.144 seconds
[2026-04-27T23:47:07.795+0000] {processor.py:161} INFO - Started process (PID=1937) to work on /home/airflow/.local/lib/python3.12/site-packages/airflow/example_dags/example_sla_dag.py
[2026-04-27T23:47:07.796+0000] {processor.py:830} INFO - Processing file /home/airflow/.local/lib/python3.12/site-packages/airflow/example_dags/example_sla_dag.py for tasks to queue
[2026-04-27T23:47:07.799+0000] {logging_mixin.py:188} INFO - [2026-04-27T23:47:07.798+0000] {dagbag.py:540} INFO - Filling up the DagBag from /home/airflow/.local/lib/python3.12/site-packages/airflow/example_dags/example_sla_dag.py
[2026-04-27T23:47:07.810+0000] {processor.py:840} INFO - DAG(s) 'example_sla_dag' retrieved from /home/airflow/.local/lib/python3.12/site-packages/airflow/example_dags/example_sla_dag.py
[2026-04-27T23:47:07.835+0000] {logging_mixin.py:188} INFO - [2026-04-27T23:47:07.835+0000] {dag.py:3096} INFO - Sync 1 DAGs
[2026-04-27T23:47:08.095+0000] {logging_mixin.py:188} INFO - [2026-04-27T23:47:08.095+0000] {dag.py:3954} INFO - Setting next_dagrun for example_sla_dag to 2026-04-27 23:44:00+00:00, run_after=2026-04-27 23:46:00+00:00
[2026-04-27T23:47:08.123+0000] {processor.py:183} INFO - Processing /home/airflow/.local/lib/python3.12/site-packages/airflow/example_dags/example_sla_dag.py took 0.336 seconds
[2026-04-27T23:47:38.516+0000] {processor.py:161} INFO - Started process (PID=1996) to work on /home/airflow/.local/lib/python3.12/site-packages/airflow/example_dags/example_sla_dag.py
[2026-04-27T23:47:38.518+0000] {processor.py:830} INFO - Processing file /home/airflow/.local/lib/python3.12/site-packages/airflow/example_dags/example_sla_dag.py for tasks to queue
[2026-04-27T23:47:38.520+0000] {logging_mixin.py:188} INFO - [2026-04-27T23:47:38.520+0000] {dagbag.py:540} INFO - Filling up the DagBag from /home/airflow/.local/lib/python3.12/site-packages/airflow/example_dags/example_sla_dag.py
[2026-04-27T23:47:38.533+0000] {processor.py:840} INFO - DAG(s) 'example_sla_dag' retrieved from /home/airflow/.local/lib/python3.12/site-packages/airflow/example_dags/example_sla_dag.py
[2026-04-27T23:47:38.775+0000] {logging_mixin.py:188} INFO - [2026-04-27T23:47:38.775+0000] {dag.py:3096} INFO - Sync 1 DAGs
[2026-04-27T23:47:38.818+0000] {logging_mixin.py:188} INFO - [2026-04-27T23:47:38.818+0000] {dag.py:3954} INFO - Setting next_dagrun for example_sla_dag to 2026-04-27 23:44:00+00:00, run_after=2026-04-27 23:46:00+00:00
[2026-04-27T23:47:38.906+0000] {processor.py:183} INFO - Processing /home/airflow/.local/lib/python3.12/site-packages/airflow/example_dags/example_sla_dag.py took 0.399 seconds
[2026-04-27T23:48:09.209+0000] {processor.py:161} INFO - Started process (PID=2059) to work on /home/airflow/.local/lib/python3.12/site-packages/airflow/example_dags/example_sla_dag.py
[2026-04-27T23:48:09.210+0000] {processor.py:830} INFO - Processing file /home/airflow/.local/lib/python3.12/site-packages/airflow/example_dags/example_sla_dag.py for tasks to queue
[2026-04-27T23:48:09.212+0000] {logging_mixin.py:188} INFO - [2026-04-27T23:48:09.212+0000] {dagbag.py:540} INFO - Filling up the DagBag from /home/airflow/.local/lib/python3.12/site-packages/airflow/example_dags/example_sla_dag.py
[2026-04-27T23:48:09.222+0000] {processor.py:840} INFO - DAG(s) 'example_sla_dag' retrieved from /home/airflow/.local/lib/python3.12/site-packages/airflow/example_dags/example_sla_dag.py
[2026-04-27T23:48:09.245+0000] {logging_mixin.py:188} INFO - [2026-04-27T23:48:09.244+0000] {dag.py:3096} INFO - Sync 1 DAGs
[2026-04-27T23:48:09.269+0000] {logging_mixin.py:188} INFO - [2026-04-27T23:48:09.269+0000] {dag.py:3954} INFO - Setting next_dagrun for example_sla_dag to 2026-04-27 23:46:00+00:00, run_after=2026-04-27 23:48:00+00:00
[2026-04-27T23:48:09.299+0000] {processor.py:183} INFO - Processing /home/airflow/.local/lib/python3.12/site-packages/airflow/example_dags/example_sla_dag.py took 0.097 seconds
[2026-04-27T23:48:39.503+0000] {processor.py:161} INFO - Started process (PID=2118) to work on /home/airflow/.local/lib/python3.12/site-packages/airflow/example_dags/example_sla_dag.py
[2026-04-27T23:48:39.505+0000] {processor.py:830} INFO - Processing file /home/airflow/.local/lib/python3.12/site-packages/airflow/example_dags/example_sla_dag.py for tasks to queue
[2026-04-27T23:48:39.508+0000] {logging_mixin.py:188} INFO - [2026-04-27T23:48:39.507+0000] {dagbag.py:540} INFO - Filling up the DagBag from /home/airflow/.local/lib/python3.12/site-packages/airflow/example_dags/example_sla_dag.py
[2026-04-27T23:48:39.524+0000] {processor.py:840} INFO - DAG(s) 'example_sla_dag' retrieved from /home/airflow/.local/lib/python3.12/site-packages/airflow/example_dags/example_sla_dag.py
[2026-04-27T23:48:39.553+0000] {logging_mixin.py:188} INFO - [2026-04-27T23:48:39.553+0000] {dag.py:3096} INFO - Sync 1 DAGs
[2026-04-27T23:48:39.581+0000] {logging_mixin.py:188} INFO - [2026-04-27T23:48:39.581+0000] {dag.py:3954} INFO - Setting next_dagrun for example_sla_dag to 2026-04-27 23:46:00+00:00, run_after=2026-04-27 23:48:00+00:00
[2026-04-27T23:48:39.639+0000] {processor.py:183} INFO - Processing /home/airflow/.local/lib/python3.12/site-packages/airflow/example_dags/example_sla_dag.py took 0.143 seconds
[2026-04-27T23:49:10.156+0000] {processor.py:161} INFO - Started process (PID=2177) to work on /home/airflow/.local/lib/python3.12/site-packages/airflow/example_dags/example_sla_dag.py
[2026-04-27T23:49:10.159+0000] {processor.py:830} INFO - Processing file /home/airflow/.local/lib/python3.12/site-packages/airflow/example_dags/example_sla_dag.py for tasks to queue
[2026-04-27T23:49:10.163+0000] {logging_mixin.py:188} INFO - [2026-04-27T23:49:10.162+0000] {dagbag.py:540} INFO - Filling up the DagBag from /home/airflow/.local/lib/python3.12/site-packages/airflow/example_dags/example_sla_dag.py
[2026-04-27T23:49:10.179+0000] {processor.py:840} INFO - DAG(s) 'example_sla_dag' retrieved from /home/airflow/.local/lib/python3.12/site-packages/airflow/example_dags/example_sla_dag.py
[2026-04-27T23:49:10.211+0000] {logging_mixin.py:188} INFO - [2026-04-27T23:49:10.211+0000] {dag.py:3096} INFO - Sync 1 DAGs
[2026-04-27T23:49:10.255+0000] {logging_mixin.py:188} INFO - [2026-04-27T23:49:10.255+0000] {dag.py:3954} INFO - Setting next_dagrun for example_sla_dag to 2026-04-27 23:46:00+00:00, run_after=2026-04-27 23:48:00+00:00
[2026-04-27T23:49:10.285+0000] {processor.py:183} INFO - Processing /home/airflow/.local/lib/python3.12/site-packages/airflow/example_dags/example_sla_dag.py took 0.141 seconds
[2026-04-27T23:49:40.501+0000] {processor.py:161} INFO - Started process (PID=2236) to work on /home/airflow/.local/lib/python3.12/site-packages/airflow/example_dags/example_sla_dag.py
[2026-04-27T23:49:40.502+0000] {processor.py:830} INFO - Processing file /home/airflow/.local/lib/python3.12/site-packages/airflow/example_dags/example_sla_dag.py for tasks to queue
[2026-04-27T23:49:40.505+0000] {logging_mixin.py:188} INFO - [2026-04-27T23:49:40.505+0000] {dagbag.py:540} INFO - Filling up the DagBag from /home/airflow/.local/lib/python3.12/site-packages/airflow/example_dags/example_sla_dag.py
[2026-04-27T23:49:40.517+0000] {processor.py:840} INFO - DAG(s) 'example_sla_dag' retrieved from /home/airflow/.local/lib/python3.12/site-packages/airflow/example_dags/example_sla_dag.py
[2026-04-27T23:49:40.548+0000] {logging_mixin.py:188} INFO - [2026-04-27T23:49:40.547+0000] {dag.py:3096} INFO - Sync 1 DAGs
[2026-04-27T23:49:40.575+0000] {logging_mixin.py:188} INFO - [2026-04-27T23:49:40.575+0000] {dag.py:3954} INFO - Setting next_dagrun for example_sla_dag to 2026-04-27 23:46:00+00:00, run_after=2026-04-27 23:48:00+00:00
[2026-04-27T23:49:40.610+0000] {processor.py:183} INFO - Processing /home/airflow/.local/lib/python3.12/site-packages/airflow/example_dags/example_sla_dag.py took 0.121 seconds
[2026-04-27T23:50:11.035+0000] {processor.py:161} INFO - Started process (PID=2295) to work on /home/airflow/.local/lib/python3.12/site-packages/airflow/example_dags/example_sla_dag.py
[2026-04-27T23:50:11.037+0000] {processor.py:830} INFO - Processing file /home/airflow/.local/lib/python3.12/site-packages/airflow/example_dags/example_sla_dag.py for tasks to queue
[2026-04-27T23:50:11.039+0000] {logging_mixin.py:188} INFO - [2026-04-27T23:50:11.039+0000] {dagbag.py:540} INFO - Filling up the DagBag from /home/airflow/.local/lib/python3.12/site-packages/airflow/example_dags/example_sla_dag.py
[2026-04-27T23:50:11.049+0000] {processor.py:840} INFO - DAG(s) 'example_sla_dag' retrieved from /home/airflow/.local/lib/python3.12/site-packages/airflow/example_dags/example_sla_dag.py
[2026-04-27T23:50:11.071+0000] {logging_mixin.py:188} INFO - [2026-04-27T23:50:11.070+0000] {dag.py:3096} INFO - Sync 1 DAGs
[2026-04-27T23:50:11.096+0000] {logging_mixin.py:188} INFO - [2026-04-27T23:50:11.095+0000] {dag.py:3954} INFO - Setting next_dagrun for example_sla_dag to 2026-04-27 23:48:00+00:00, run_after=2026-04-27 23:50:00+00:00
[2026-04-27T23:50:11.117+0000] {processor.py:183} INFO - Processing /home/airflow/.local/lib/python3.12/site-packages/airflow/example_dags/example_sla_dag.py took 0.088 seconds
[2026-04-27T23:58:35.437+0000] {processor.py:161} INFO - Started process (PID=102) to work on /home/airflow/.local/lib/python3.12/site-packages/airflow/example_dags/example_sla_dag.py
[2026-04-27T23:58:35.448+0000] {processor.py:830} INFO - Processing file /home/airflow/.local/lib/python3.12/site-packages/airflow/example_dags/example_sla_dag.py for tasks to queue
[2026-04-27T23:58:35.451+0000] {logging_mixin.py:188} INFO - [2026-04-27T23:58:35.450+0000] {dagbag.py:540} INFO - Filling up the DagBag from /home/airflow/.local/lib/python3.12/site-packages/airflow/example_dags/example_sla_dag.py
[2026-04-27T23:58:35.461+0000] {processor.py:840} INFO - DAG(s) 'example_sla_dag' retrieved from /home/airflow/.local/lib/python3.12/site-packages/airflow/example_dags/example_sla_dag.py
[2026-04-27T23:58:35.566+0000] {logging_mixin.py:188} INFO - [2026-04-27T23:58:35.566+0000] {dag.py:3096} INFO - Sync 1 DAGs
[2026-04-27T23:58:35.587+0000] {logging_mixin.py:188} INFO - [2026-04-27T23:58:35.587+0000] {dag.py:3954} INFO - Setting next_dagrun for example_sla_dag to 2026-04-27 23:56:00+00:00, run_after=2026-04-27 23:58:00+00:00
[2026-04-27T23:58:35.607+0000] {processor.py:183} INFO - Processing /home/airflow/.local/lib/python3.12/site-packages/airflow/example_dags/example_sla_dag.py took 0.177 seconds
[2026-04-27T23:59:48.920+0000] {processor.py:161} INFO - Started process (PID=96) to work on /home/airflow/.local/lib/python3.12/site-packages/airflow/example_dags/example_sla_dag.py
[2026-04-27T23:59:48.973+0000] {processor.py:830} INFO - Processing file /home/airflow/.local/lib/python3.12/site-packages/airflow/example_dags/example_sla_dag.py for tasks to queue
[2026-04-27T23:59:48.975+0000] {logging_mixin.py:188} INFO - [2026-04-27T23:59:48.975+0000] {dagbag.py:540} INFO - Filling up the DagBag from /home/airflow/.local/lib/python3.12/site-packages/airflow/example_dags/example_sla_dag.py
[2026-04-27T23:59:48.985+0000] {processor.py:840} INFO - DAG(s) 'example_sla_dag' retrieved from /home/airflow/.local/lib/python3.12/site-packages/airflow/example_dags/example_sla_dag.py
[2026-04-27T23:59:49.008+0000] {logging_mixin.py:188} INFO - [2026-04-27T23:59:49.008+0000] {dag.py:3096} INFO - Sync 1 DAGs
[2026-04-27T23:59:49.032+0000] {logging_mixin.py:188} INFO - [2026-04-27T23:59:49.032+0000] {dag.py:3954} INFO - Setting next_dagrun for example_sla_dag to 2026-04-27 23:56:00+00:00, run_after=2026-04-27 23:58:00+00:00
[2026-04-27T23:59:49.053+0000] {processor.py:183} INFO - Processing /home/airflow/.local/lib/python3.12/site-packages/airflow/example_dags/example_sla_dag.py took 0.140 seconds
