[2026-04-27T23:30:18.429+0000] {processor.py:161} INFO - Started process (PID=96) to work on /home/airflow/.local/lib/python3.12/site-packages/airflow/example_dags/example_bash_decorator.py
[2026-04-27T23:30:18.430+0000] {processor.py:830} INFO - Processing file /home/airflow/.local/lib/python3.12/site-packages/airflow/example_dags/example_bash_decorator.py for tasks to queue
[2026-04-27T23:30:18.432+0000] {logging_mixin.py:188} INFO - [2026-04-27T23:30:18.432+0000] {dagbag.py:540} INFO - Filling up the DagBag from /home/airflow/.local/lib/python3.12/site-packages/airflow/example_dags/example_bash_decorator.py
[2026-04-27T23:30:18.782+0000] {processor.py:840} INFO - DAG(s) 'example_bash_decorator' retrieved from /home/airflow/.local/lib/python3.12/site-packages/airflow/example_dags/example_bash_decorator.py
[2026-04-27T23:30:19.247+0000] {logging_mixin.py:188} INFO - [2026-04-27T23:30:19.246+0000] {dag.py:3096} INFO - Sync 1 DAGs
[2026-04-27T23:30:19.257+0000] {logging_mixin.py:188} INFO - [2026-04-27T23:30:19.257+0000] {dag.py:3954} INFO - Setting next_dagrun for example_bash_decorator to None, run_after=None
[2026-04-27T23:30:19.285+0000] {processor.py:183} INFO - Processing /home/airflow/.local/lib/python3.12/site-packages/airflow/example_dags/example_bash_decorator.py took 0.863 seconds
[2026-04-27T23:30:54.443+0000] {processor.py:161} INFO - Started process (PID=155) to work on /home/airflow/.local/lib/python3.12/site-packages/airflow/example_dags/example_bash_decorator.py
[2026-04-27T23:30:54.579+0000] {processor.py:830} INFO - Processing file /home/airflow/.local/lib/python3.12/site-packages/airflow/example_dags/example_bash_decorator.py for tasks to queue
[2026-04-27T23:30:54.584+0000] {logging_mixin.py:188} INFO - [2026-04-27T23:30:54.583+0000] {dagbag.py:540} INFO - Filling up the DagBag from /home/airflow/.local/lib/python3.12/site-packages/airflow/example_dags/example_bash_decorator.py
[2026-04-27T23:30:54.607+0000] {processor.py:840} INFO - DAG(s) 'example_bash_decorator' retrieved from /home/airflow/.local/lib/python3.12/site-packages/airflow/example_dags/example_bash_decorator.py
[2026-04-27T23:30:54.635+0000] {logging_mixin.py:188} INFO - [2026-04-27T23:30:54.634+0000] {dag.py:3096} INFO - Sync 1 DAGs
[2026-04-27T23:30:54.647+0000] {logging_mixin.py:188} INFO - [2026-04-27T23:30:54.647+0000] {dag.py:3954} INFO - Setting next_dagrun for example_bash_decorator to None, run_after=None
[2026-04-27T23:30:54.667+0000] {processor.py:183} INFO - Processing /home/airflow/.local/lib/python3.12/site-packages/airflow/example_dags/example_bash_decorator.py took 0.231 seconds
[2026-04-27T23:32:11.228+0000] {processor.py:161} INFO - Started process (PID=220) to work on /home/airflow/.local/lib/python3.12/site-packages/airflow/example_dags/example_bash_decorator.py
[2026-04-27T23:32:11.294+0000] {processor.py:830} INFO - Processing file /home/airflow/.local/lib/python3.12/site-packages/airflow/example_dags/example_bash_decorator.py for tasks to queue
[2026-04-27T23:32:11.296+0000] {logging_mixin.py:188} INFO - [2026-04-27T23:32:11.296+0000] {dagbag.py:540} INFO - Filling up the DagBag from /home/airflow/.local/lib/python3.12/site-packages/airflow/example_dags/example_bash_decorator.py
[2026-04-27T23:32:11.311+0000] {processor.py:840} INFO - DAG(s) 'example_bash_decorator' retrieved from /home/airflow/.local/lib/python3.12/site-packages/airflow/example_dags/example_bash_decorator.py
[2026-04-27T23:32:11.336+0000] {logging_mixin.py:188} INFO - [2026-04-27T23:32:11.336+0000] {dag.py:3096} INFO - Sync 1 DAGs
[2026-04-27T23:32:11.349+0000] {logging_mixin.py:188} INFO - [2026-04-27T23:32:11.349+0000] {dag.py:3954} INFO - Setting next_dagrun for example_bash_decorator to None, run_after=None
[2026-04-27T23:32:11.807+0000] {processor.py:183} INFO - Processing /home/airflow/.local/lib/python3.12/site-packages/airflow/example_dags/example_bash_decorator.py took 0.585 seconds
[2026-04-27T23:32:42.461+0000] {processor.py:161} INFO - Started process (PID=278) to work on /home/airflow/.local/lib/python3.12/site-packages/airflow/example_dags/example_bash_decorator.py
[2026-04-27T23:32:42.463+0000] {processor.py:830} INFO - Processing file /home/airflow/.local/lib/python3.12/site-packages/airflow/example_dags/example_bash_decorator.py for tasks to queue
[2026-04-27T23:32:42.465+0000] {logging_mixin.py:188} INFO - [2026-04-27T23:32:42.464+0000] {dagbag.py:540} INFO - Filling up the DagBag from /home/airflow/.local/lib/python3.12/site-packages/airflow/example_dags/example_bash_decorator.py
[2026-04-27T23:32:42.477+0000] {processor.py:840} INFO - DAG(s) 'example_bash_decorator' retrieved from /home/airflow/.local/lib/python3.12/site-packages/airflow/example_dags/example_bash_decorator.py
[2026-04-27T23:32:42.499+0000] {logging_mixin.py:188} INFO - [2026-04-27T23:32:42.499+0000] {dag.py:3096} INFO - Sync 1 DAGs
[2026-04-27T23:32:42.511+0000] {logging_mixin.py:188} INFO - [2026-04-27T23:32:42.511+0000] {dag.py:3954} INFO - Setting next_dagrun for example_bash_decorator to None, run_after=None
[2026-04-27T23:32:42.527+0000] {processor.py:183} INFO - Processing /home/airflow/.local/lib/python3.12/site-packages/airflow/example_dags/example_bash_decorator.py took 0.071 seconds
[2026-04-27T23:33:14.320+0000] {processor.py:161} INFO - Started process (PID=338) to work on /home/airflow/.local/lib/python3.12/site-packages/airflow/example_dags/example_bash_decorator.py
[2026-04-27T23:33:14.321+0000] {processor.py:830} INFO - Processing file /home/airflow/.local/lib/python3.12/site-packages/airflow/example_dags/example_bash_decorator.py for tasks to queue
[2026-04-27T23:33:14.325+0000] {logging_mixin.py:188} INFO - [2026-04-27T23:33:14.324+0000] {dagbag.py:540} INFO - Filling up the DagBag from /home/airflow/.local/lib/python3.12/site-packages/airflow/example_dags/example_bash_decorator.py
[2026-04-27T23:33:14.344+0000] {processor.py:840} INFO - DAG(s) 'example_bash_decorator' retrieved from /home/airflow/.local/lib/python3.12/site-packages/airflow/example_dags/example_bash_decorator.py
[2026-04-27T23:33:14.380+0000] {logging_mixin.py:188} INFO - [2026-04-27T23:33:14.379+0000] {dag.py:3096} INFO - Sync 1 DAGs
[2026-04-27T23:33:14.821+0000] {logging_mixin.py:188} INFO - [2026-04-27T23:33:14.821+0000] {dag.py:3954} INFO - Setting next_dagrun for example_bash_decorator to None, run_after=None
[2026-04-27T23:33:14.854+0000] {processor.py:183} INFO - Processing /home/airflow/.local/lib/python3.12/site-packages/airflow/example_dags/example_bash_decorator.py took 0.543 seconds
[2026-04-27T23:33:45.153+0000] {processor.py:161} INFO - Started process (PID=397) to work on /home/airflow/.local/lib/python3.12/site-packages/airflow/example_dags/example_bash_decorator.py
[2026-04-27T23:33:45.155+0000] {processor.py:830} INFO - Processing file /home/airflow/.local/lib/python3.12/site-packages/airflow/example_dags/example_bash_decorator.py for tasks to queue
[2026-04-27T23:33:45.157+0000] {logging_mixin.py:188} INFO - [2026-04-27T23:33:45.157+0000] {dagbag.py:540} INFO - Filling up the DagBag from /home/airflow/.local/lib/python3.12/site-packages/airflow/example_dags/example_bash_decorator.py
[2026-04-27T23:33:45.173+0000] {processor.py:840} INFO - DAG(s) 'example_bash_decorator' retrieved from /home/airflow/.local/lib/python3.12/site-packages/airflow/example_dags/example_bash_decorator.py
[2026-04-27T23:33:45.199+0000] {logging_mixin.py:188} INFO - [2026-04-27T23:33:45.198+0000] {dag.py:3096} INFO - Sync 1 DAGs
[2026-04-27T23:33:45.212+0000] {logging_mixin.py:188} INFO - [2026-04-27T23:33:45.212+0000] {dag.py:3954} INFO - Setting next_dagrun for example_bash_decorator to None, run_after=None
[2026-04-27T23:33:45.266+0000] {processor.py:183} INFO - Processing /home/airflow/.local/lib/python3.12/site-packages/airflow/example_dags/example_bash_decorator.py took 0.119 seconds
[2026-04-27T23:34:15.700+0000] {processor.py:161} INFO - Started process (PID=456) to work on /home/airflow/.local/lib/python3.12/site-packages/airflow/example_dags/example_bash_decorator.py
[2026-04-27T23:34:15.701+0000] {processor.py:830} INFO - Processing file /home/airflow/.local/lib/python3.12/site-packages/airflow/example_dags/example_bash_decorator.py for tasks to queue
[2026-04-27T23:34:15.703+0000] {logging_mixin.py:188} INFO - [2026-04-27T23:34:15.703+0000] {dagbag.py:540} INFO - Filling up the DagBag from /home/airflow/.local/lib/python3.12/site-packages/airflow/example_dags/example_bash_decorator.py
[2026-04-27T23:34:15.718+0000] {processor.py:840} INFO - DAG(s) 'example_bash_decorator' retrieved from /home/airflow/.local/lib/python3.12/site-packages/airflow/example_dags/example_bash_decorator.py
[2026-04-27T23:34:15.744+0000] {logging_mixin.py:188} INFO - [2026-04-27T23:34:15.744+0000] {dag.py:3096} INFO - Sync 1 DAGs
[2026-04-27T23:34:15.758+0000] {logging_mixin.py:188} INFO - [2026-04-27T23:34:15.758+0000] {dag.py:3954} INFO - Setting next_dagrun for example_bash_decorator to None, run_after=None
[2026-04-27T23:34:15.779+0000] {processor.py:183} INFO - Processing /home/airflow/.local/lib/python3.12/site-packages/airflow/example_dags/example_bash_decorator.py took 0.085 seconds
[2026-04-27T23:34:46.368+0000] {processor.py:161} INFO - Started process (PID=515) to work on /home/airflow/.local/lib/python3.12/site-packages/airflow/example_dags/example_bash_decorator.py
[2026-04-27T23:34:46.369+0000] {processor.py:830} INFO - Processing file /home/airflow/.local/lib/python3.12/site-packages/airflow/example_dags/example_bash_decorator.py for tasks to queue
[2026-04-27T23:34:46.371+0000] {logging_mixin.py:188} INFO - [2026-04-27T23:34:46.371+0000] {dagbag.py:540} INFO - Filling up the DagBag from /home/airflow/.local/lib/python3.12/site-packages/airflow/example_dags/example_bash_decorator.py
[2026-04-27T23:34:46.386+0000] {processor.py:840} INFO - DAG(s) 'example_bash_decorator' retrieved from /home/airflow/.local/lib/python3.12/site-packages/airflow/example_dags/example_bash_decorator.py
[2026-04-27T23:34:46.414+0000] {logging_mixin.py:188} INFO - [2026-04-27T23:34:46.414+0000] {dag.py:3096} INFO - Sync 1 DAGs
[2026-04-27T23:34:46.427+0000] {logging_mixin.py:188} INFO - [2026-04-27T23:34:46.427+0000] {dag.py:3954} INFO - Setting next_dagrun for example_bash_decorator to None, run_after=None
[2026-04-27T23:34:46.448+0000] {processor.py:183} INFO - Processing /home/airflow/.local/lib/python3.12/site-packages/airflow/example_dags/example_bash_decorator.py took 0.086 seconds
[2026-04-27T23:35:16.640+0000] {processor.py:161} INFO - Started process (PID=574) to work on /home/airflow/.local/lib/python3.12/site-packages/airflow/example_dags/example_bash_decorator.py
[2026-04-27T23:35:16.641+0000] {processor.py:830} INFO - Processing file /home/airflow/.local/lib/python3.12/site-packages/airflow/example_dags/example_bash_decorator.py for tasks to queue
[2026-04-27T23:35:16.644+0000] {logging_mixin.py:188} INFO - [2026-04-27T23:35:16.643+0000] {dagbag.py:540} INFO - Filling up the DagBag from /home/airflow/.local/lib/python3.12/site-packages/airflow/example_dags/example_bash_decorator.py
[2026-04-27T23:35:16.658+0000] {processor.py:840} INFO - DAG(s) 'example_bash_decorator' retrieved from /home/airflow/.local/lib/python3.12/site-packages/airflow/example_dags/example_bash_decorator.py
[2026-04-27T23:35:16.684+0000] {logging_mixin.py:188} INFO - [2026-04-27T23:35:16.684+0000] {dag.py:3096} INFO - Sync 1 DAGs
[2026-04-27T23:35:16.698+0000] {logging_mixin.py:188} INFO - [2026-04-27T23:35:16.697+0000] {dag.py:3954} INFO - Setting next_dagrun for example_bash_decorator to None, run_after=None
[2026-04-27T23:35:16.719+0000] {processor.py:183} INFO - Processing /home/airflow/.local/lib/python3.12/site-packages/airflow/example_dags/example_bash_decorator.py took 0.085 seconds
[2026-04-27T23:35:46.883+0000] {processor.py:161} INFO - Started process (PID=633) to work on /home/airflow/.local/lib/python3.12/site-packages/airflow/example_dags/example_bash_decorator.py
[2026-04-27T23:35:46.885+0000] {processor.py:830} INFO - Processing file /home/airflow/.local/lib/python3.12/site-packages/airflow/example_dags/example_bash_decorator.py for tasks to queue
[2026-04-27T23:35:46.887+0000] {logging_mixin.py:188} INFO - [2026-04-27T23:35:46.887+0000] {dagbag.py:540} INFO - Filling up the DagBag from /home/airflow/.local/lib/python3.12/site-packages/airflow/example_dags/example_bash_decorator.py
[2026-04-27T23:35:46.902+0000] {processor.py:840} INFO - DAG(s) 'example_bash_decorator' retrieved from /home/airflow/.local/lib/python3.12/site-packages/airflow/example_dags/example_bash_decorator.py
[2026-04-27T23:35:46.928+0000] {logging_mixin.py:188} INFO - [2026-04-27T23:35:46.928+0000] {dag.py:3096} INFO - Sync 1 DAGs
[2026-04-27T23:35:46.941+0000] {logging_mixin.py:188} INFO - [2026-04-27T23:35:46.941+0000] {dag.py:3954} INFO - Setting next_dagrun for example_bash_decorator to None, run_after=None
[2026-04-27T23:35:46.962+0000] {processor.py:183} INFO - Processing /home/airflow/.local/lib/python3.12/site-packages/airflow/example_dags/example_bash_decorator.py took 0.086 seconds
[2026-04-27T23:36:17.744+0000] {processor.py:161} INFO - Started process (PID=692) to work on /home/airflow/.local/lib/python3.12/site-packages/airflow/example_dags/example_bash_decorator.py
[2026-04-27T23:36:17.745+0000] {processor.py:830} INFO - Processing file /home/airflow/.local/lib/python3.12/site-packages/airflow/example_dags/example_bash_decorator.py for tasks to queue
[2026-04-27T23:36:17.747+0000] {logging_mixin.py:188} INFO - [2026-04-27T23:36:17.747+0000] {dagbag.py:540} INFO - Filling up the DagBag from /home/airflow/.local/lib/python3.12/site-packages/airflow/example_dags/example_bash_decorator.py
[2026-04-27T23:36:17.761+0000] {processor.py:840} INFO - DAG(s) 'example_bash_decorator' retrieved from /home/airflow/.local/lib/python3.12/site-packages/airflow/example_dags/example_bash_decorator.py
[2026-04-27T23:36:17.786+0000] {logging_mixin.py:188} INFO - [2026-04-27T23:36:17.786+0000] {dag.py:3096} INFO - Sync 1 DAGs
[2026-04-27T23:36:17.799+0000] {logging_mixin.py:188} INFO - [2026-04-27T23:36:17.799+0000] {dag.py:3954} INFO - Setting next_dagrun for example_bash_decorator to None, run_after=None
[2026-04-27T23:36:17.819+0000] {processor.py:183} INFO - Processing /home/airflow/.local/lib/python3.12/site-packages/airflow/example_dags/example_bash_decorator.py took 0.081 seconds
[2026-04-27T23:36:49.320+0000] {processor.py:161} INFO - Started process (PID=752) to work on /home/airflow/.local/lib/python3.12/site-packages/airflow/example_dags/example_bash_decorator.py
[2026-04-27T23:36:49.322+0000] {processor.py:830} INFO - Processing file /home/airflow/.local/lib/python3.12/site-packages/airflow/example_dags/example_bash_decorator.py for tasks to queue
[2026-04-27T23:36:49.324+0000] {logging_mixin.py:188} INFO - [2026-04-27T23:36:49.324+0000] {dagbag.py:540} INFO - Filling up the DagBag from /home/airflow/.local/lib/python3.12/site-packages/airflow/example_dags/example_bash_decorator.py
[2026-04-27T23:36:49.338+0000] {processor.py:840} INFO - DAG(s) 'example_bash_decorator' retrieved from /home/airflow/.local/lib/python3.12/site-packages/airflow/example_dags/example_bash_decorator.py
[2026-04-27T23:36:49.365+0000] {logging_mixin.py:188} INFO - [2026-04-27T23:36:49.365+0000] {dag.py:3096} INFO - Sync 1 DAGs
[2026-04-27T23:36:49.379+0000] {logging_mixin.py:188} INFO - [2026-04-27T23:36:49.379+0000] {dag.py:3954} INFO - Setting next_dagrun for example_bash_decorator to None, run_after=None
[2026-04-27T23:36:49.493+0000] {processor.py:183} INFO - Processing /home/airflow/.local/lib/python3.12/site-packages/airflow/example_dags/example_bash_decorator.py took 0.180 seconds
[2026-04-27T23:37:20.451+0000] {processor.py:161} INFO - Started process (PID=811) to work on /home/airflow/.local/lib/python3.12/site-packages/airflow/example_dags/example_bash_decorator.py
[2026-04-27T23:37:20.453+0000] {processor.py:830} INFO - Processing file /home/airflow/.local/lib/python3.12/site-packages/airflow/example_dags/example_bash_decorator.py for tasks to queue
[2026-04-27T23:37:20.455+0000] {logging_mixin.py:188} INFO - [2026-04-27T23:37:20.455+0000] {dagbag.py:540} INFO - Filling up the DagBag from /home/airflow/.local/lib/python3.12/site-packages/airflow/example_dags/example_bash_decorator.py
[2026-04-27T23:37:20.470+0000] {processor.py:840} INFO - DAG(s) 'example_bash_decorator' retrieved from /home/airflow/.local/lib/python3.12/site-packages/airflow/example_dags/example_bash_decorator.py
[2026-04-27T23:37:20.496+0000] {logging_mixin.py:188} INFO - [2026-04-27T23:37:20.496+0000] {dag.py:3096} INFO - Sync 1 DAGs
[2026-04-27T23:37:20.511+0000] {logging_mixin.py:188} INFO - [2026-04-27T23:37:20.511+0000] {dag.py:3954} INFO - Setting next_dagrun for example_bash_decorator to None, run_after=None
[2026-04-27T23:37:20.537+0000] {processor.py:183} INFO - Processing /home/airflow/.local/lib/python3.12/site-packages/airflow/example_dags/example_bash_decorator.py took 0.097 seconds
[2026-04-27T23:37:51.538+0000] {processor.py:161} INFO - Started process (PID=870) to work on /home/airflow/.local/lib/python3.12/site-packages/airflow/example_dags/example_bash_decorator.py
[2026-04-27T23:37:51.539+0000] {processor.py:830} INFO - Processing file /home/airflow/.local/lib/python3.12/site-packages/airflow/example_dags/example_bash_decorator.py for tasks to queue
[2026-04-27T23:37:51.541+0000] {logging_mixin.py:188} INFO - [2026-04-27T23:37:51.541+0000] {dagbag.py:540} INFO - Filling up the DagBag from /home/airflow/.local/lib/python3.12/site-packages/airflow/example_dags/example_bash_decorator.py
[2026-04-27T23:37:51.555+0000] {processor.py:840} INFO - DAG(s) 'example_bash_decorator' retrieved from /home/airflow/.local/lib/python3.12/site-packages/airflow/example_dags/example_bash_decorator.py
[2026-04-27T23:37:51.586+0000] {logging_mixin.py:188} INFO - [2026-04-27T23:37:51.585+0000] {dag.py:3096} INFO - Sync 1 DAGs
[2026-04-27T23:37:51.599+0000] {logging_mixin.py:188} INFO - [2026-04-27T23:37:51.599+0000] {dag.py:3954} INFO - Setting next_dagrun for example_bash_decorator to None, run_after=None
[2026-04-27T23:37:51.620+0000] {processor.py:183} INFO - Processing /home/airflow/.local/lib/python3.12/site-packages/airflow/example_dags/example_bash_decorator.py took 0.089 seconds
[2026-04-27T23:38:22.614+0000] {processor.py:161} INFO - Started process (PID=929) to work on /home/airflow/.local/lib/python3.12/site-packages/airflow/example_dags/example_bash_decorator.py
[2026-04-27T23:38:22.615+0000] {processor.py:830} INFO - Processing file /home/airflow/.local/lib/python3.12/site-packages/airflow/example_dags/example_bash_decorator.py for tasks to queue
[2026-04-27T23:38:22.617+0000] {logging_mixin.py:188} INFO - [2026-04-27T23:38:22.617+0000] {dagbag.py:540} INFO - Filling up the DagBag from /home/airflow/.local/lib/python3.12/site-packages/airflow/example_dags/example_bash_decorator.py
[2026-04-27T23:38:22.631+0000] {processor.py:840} INFO - DAG(s) 'example_bash_decorator' retrieved from /home/airflow/.local/lib/python3.12/site-packages/airflow/example_dags/example_bash_decorator.py
[2026-04-27T23:38:22.701+0000] {logging_mixin.py:188} INFO - [2026-04-27T23:38:22.701+0000] {dag.py:3096} INFO - Sync 1 DAGs
[2026-04-27T23:38:22.714+0000] {logging_mixin.py:188} INFO - [2026-04-27T23:38:22.713+0000] {dag.py:3954} INFO - Setting next_dagrun for example_bash_decorator to None, run_after=None
[2026-04-27T23:38:22.733+0000] {processor.py:183} INFO - Processing /home/airflow/.local/lib/python3.12/site-packages/airflow/example_dags/example_bash_decorator.py took 0.127 seconds
[2026-04-27T23:38:53.076+0000] {processor.py:161} INFO - Started process (PID=988) to work on /home/airflow/.local/lib/python3.12/site-packages/airflow/example_dags/example_bash_decorator.py
[2026-04-27T23:38:53.077+0000] {processor.py:830} INFO - Processing file /home/airflow/.local/lib/python3.12/site-packages/airflow/example_dags/example_bash_decorator.py for tasks to queue
[2026-04-27T23:38:53.080+0000] {logging_mixin.py:188} INFO - [2026-04-27T23:38:53.080+0000] {dagbag.py:540} INFO - Filling up the DagBag from /home/airflow/.local/lib/python3.12/site-packages/airflow/example_dags/example_bash_decorator.py
[2026-04-27T23:38:53.095+0000] {processor.py:840} INFO - DAG(s) 'example_bash_decorator' retrieved from /home/airflow/.local/lib/python3.12/site-packages/airflow/example_dags/example_bash_decorator.py
[2026-04-27T23:38:53.123+0000] {logging_mixin.py:188} INFO - [2026-04-27T23:38:53.123+0000] {dag.py:3096} INFO - Sync 1 DAGs
[2026-04-27T23:38:53.137+0000] {logging_mixin.py:188} INFO - [2026-04-27T23:38:53.136+0000] {dag.py:3954} INFO - Setting next_dagrun for example_bash_decorator to None, run_after=None
[2026-04-27T23:38:53.158+0000] {processor.py:183} INFO - Processing /home/airflow/.local/lib/python3.12/site-packages/airflow/example_dags/example_bash_decorator.py took 0.088 seconds
[2026-04-27T23:39:23.338+0000] {processor.py:161} INFO - Started process (PID=1045) to work on /home/airflow/.local/lib/python3.12/site-packages/airflow/example_dags/example_bash_decorator.py
[2026-04-27T23:39:23.340+0000] {processor.py:830} INFO - Processing file /home/airflow/.local/lib/python3.12/site-packages/airflow/example_dags/example_bash_decorator.py for tasks to queue
[2026-04-27T23:39:23.342+0000] {logging_mixin.py:188} INFO - [2026-04-27T23:39:23.341+0000] {dagbag.py:540} INFO - Filling up the DagBag from /home/airflow/.local/lib/python3.12/site-packages/airflow/example_dags/example_bash_decorator.py
[2026-04-27T23:39:23.356+0000] {processor.py:840} INFO - DAG(s) 'example_bash_decorator' retrieved from /home/airflow/.local/lib/python3.12/site-packages/airflow/example_dags/example_bash_decorator.py
[2026-04-27T23:39:23.382+0000] {logging_mixin.py:188} INFO - [2026-04-27T23:39:23.381+0000] {dag.py:3096} INFO - Sync 1 DAGs
[2026-04-27T23:39:23.395+0000] {logging_mixin.py:188} INFO - [2026-04-27T23:39:23.395+0000] {dag.py:3954} INFO - Setting next_dagrun for example_bash_decorator to None, run_after=None
[2026-04-27T23:39:23.417+0000] {processor.py:183} INFO - Processing /home/airflow/.local/lib/python3.12/site-packages/airflow/example_dags/example_bash_decorator.py took 0.086 seconds
[2026-04-27T23:39:54.248+0000] {processor.py:161} INFO - Started process (PID=1104) to work on /home/airflow/.local/lib/python3.12/site-packages/airflow/example_dags/example_bash_decorator.py
[2026-04-27T23:39:54.250+0000] {processor.py:830} INFO - Processing file /home/airflow/.local/lib/python3.12/site-packages/airflow/example_dags/example_bash_decorator.py for tasks to queue
[2026-04-27T23:39:54.252+0000] {logging_mixin.py:188} INFO - [2026-04-27T23:39:54.252+0000] {dagbag.py:540} INFO - Filling up the DagBag from /home/airflow/.local/lib/python3.12/site-packages/airflow/example_dags/example_bash_decorator.py
[2026-04-27T23:39:54.267+0000] {processor.py:840} INFO - DAG(s) 'example_bash_decorator' retrieved from /home/airflow/.local/lib/python3.12/site-packages/airflow/example_dags/example_bash_decorator.py
[2026-04-27T23:39:54.295+0000] {logging_mixin.py:188} INFO - [2026-04-27T23:39:54.295+0000] {dag.py:3096} INFO - Sync 1 DAGs
[2026-04-27T23:39:54.309+0000] {logging_mixin.py:188} INFO - [2026-04-27T23:39:54.309+0000] {dag.py:3954} INFO - Setting next_dagrun for example_bash_decorator to None, run_after=None
[2026-04-27T23:39:54.330+0000] {processor.py:183} INFO - Processing /home/airflow/.local/lib/python3.12/site-packages/airflow/example_dags/example_bash_decorator.py took 0.090 seconds
[2026-04-27T23:40:24.573+0000] {processor.py:161} INFO - Started process (PID=1162) to work on /home/airflow/.local/lib/python3.12/site-packages/airflow/example_dags/example_bash_decorator.py
[2026-04-27T23:40:24.574+0000] {processor.py:830} INFO - Processing file /home/airflow/.local/lib/python3.12/site-packages/airflow/example_dags/example_bash_decorator.py for tasks to queue
[2026-04-27T23:40:24.576+0000] {logging_mixin.py:188} INFO - [2026-04-27T23:40:24.576+0000] {dagbag.py:540} INFO - Filling up the DagBag from /home/airflow/.local/lib/python3.12/site-packages/airflow/example_dags/example_bash_decorator.py
[2026-04-27T23:40:24.591+0000] {processor.py:840} INFO - DAG(s) 'example_bash_decorator' retrieved from /home/airflow/.local/lib/python3.12/site-packages/airflow/example_dags/example_bash_decorator.py
[2026-04-27T23:40:24.616+0000] {logging_mixin.py:188} INFO - [2026-04-27T23:40:24.615+0000] {dag.py:3096} INFO - Sync 1 DAGs
[2026-04-27T23:40:24.628+0000] {logging_mixin.py:188} INFO - [2026-04-27T23:40:24.628+0000] {dag.py:3954} INFO - Setting next_dagrun for example_bash_decorator to None, run_after=None
[2026-04-27T23:40:24.648+0000] {processor.py:183} INFO - Processing /home/airflow/.local/lib/python3.12/site-packages/airflow/example_dags/example_bash_decorator.py took 0.081 seconds
[2026-04-27T23:40:55.410+0000] {processor.py:161} INFO - Started process (PID=1222) to work on /home/airflow/.local/lib/python3.12/site-packages/airflow/example_dags/example_bash_decorator.py
[2026-04-27T23:40:55.412+0000] {processor.py:830} INFO - Processing file /home/airflow/.local/lib/python3.12/site-packages/airflow/example_dags/example_bash_decorator.py for tasks to queue
[2026-04-27T23:40:55.415+0000] {logging_mixin.py:188} INFO - [2026-04-27T23:40:55.414+0000] {dagbag.py:540} INFO - Filling up the DagBag from /home/airflow/.local/lib/python3.12/site-packages/airflow/example_dags/example_bash_decorator.py
[2026-04-27T23:40:55.434+0000] {processor.py:840} INFO - DAG(s) 'example_bash_decorator' retrieved from /home/airflow/.local/lib/python3.12/site-packages/airflow/example_dags/example_bash_decorator.py
[2026-04-27T23:40:55.462+0000] {logging_mixin.py:188} INFO - [2026-04-27T23:40:55.462+0000] {dag.py:3096} INFO - Sync 1 DAGs
[2026-04-27T23:40:55.479+0000] {logging_mixin.py:188} INFO - [2026-04-27T23:40:55.478+0000] {dag.py:3954} INFO - Setting next_dagrun for example_bash_decorator to None, run_after=None
[2026-04-27T23:40:55.507+0000] {processor.py:183} INFO - Processing /home/airflow/.local/lib/python3.12/site-packages/airflow/example_dags/example_bash_decorator.py took 0.104 seconds
[2026-04-27T23:41:26.613+0000] {processor.py:161} INFO - Started process (PID=1281) to work on /home/airflow/.local/lib/python3.12/site-packages/airflow/example_dags/example_bash_decorator.py
[2026-04-27T23:41:26.614+0000] {processor.py:830} INFO - Processing file /home/airflow/.local/lib/python3.12/site-packages/airflow/example_dags/example_bash_decorator.py for tasks to queue
[2026-04-27T23:41:26.618+0000] {logging_mixin.py:188} INFO - [2026-04-27T23:41:26.617+0000] {dagbag.py:540} INFO - Filling up the DagBag from /home/airflow/.local/lib/python3.12/site-packages/airflow/example_dags/example_bash_decorator.py
[2026-04-27T23:41:26.641+0000] {processor.py:840} INFO - DAG(s) 'example_bash_decorator' retrieved from /home/airflow/.local/lib/python3.12/site-packages/airflow/example_dags/example_bash_decorator.py
[2026-04-27T23:41:26.668+0000] {logging_mixin.py:188} INFO - [2026-04-27T23:41:26.668+0000] {dag.py:3096} INFO - Sync 1 DAGs
[2026-04-27T23:41:26.848+0000] {logging_mixin.py:188} INFO - [2026-04-27T23:41:26.848+0000] {dag.py:3954} INFO - Setting next_dagrun for example_bash_decorator to None, run_after=None
[2026-04-27T23:41:26.868+0000] {processor.py:183} INFO - Processing /home/airflow/.local/lib/python3.12/site-packages/airflow/example_dags/example_bash_decorator.py took 0.268 seconds
[2026-04-27T23:41:58.680+0000] {processor.py:161} INFO - Started process (PID=1340) to work on /home/airflow/.local/lib/python3.12/site-packages/airflow/example_dags/example_bash_decorator.py
[2026-04-27T23:41:58.681+0000] {processor.py:830} INFO - Processing file /home/airflow/.local/lib/python3.12/site-packages/airflow/example_dags/example_bash_decorator.py for tasks to queue
[2026-04-27T23:41:58.683+0000] {logging_mixin.py:188} INFO - [2026-04-27T23:41:58.683+0000] {dagbag.py:540} INFO - Filling up the DagBag from /home/airflow/.local/lib/python3.12/site-packages/airflow/example_dags/example_bash_decorator.py
[2026-04-27T23:41:58.701+0000] {processor.py:840} INFO - DAG(s) 'example_bash_decorator' retrieved from /home/airflow/.local/lib/python3.12/site-packages/airflow/example_dags/example_bash_decorator.py
[2026-04-27T23:41:58.735+0000] {logging_mixin.py:188} INFO - [2026-04-27T23:41:58.734+0000] {dag.py:3096} INFO - Sync 1 DAGs
[2026-04-27T23:41:58.749+0000] {logging_mixin.py:188} INFO - [2026-04-27T23:41:58.748+0000] {dag.py:3954} INFO - Setting next_dagrun for example_bash_decorator to None, run_after=None
[2026-04-27T23:41:58.771+0000] {processor.py:183} INFO - Processing /home/airflow/.local/lib/python3.12/site-packages/airflow/example_dags/example_bash_decorator.py took 0.098 seconds
[2026-04-27T23:42:29.094+0000] {processor.py:161} INFO - Started process (PID=1399) to work on /home/airflow/.local/lib/python3.12/site-packages/airflow/example_dags/example_bash_decorator.py
[2026-04-27T23:42:29.096+0000] {processor.py:830} INFO - Processing file /home/airflow/.local/lib/python3.12/site-packages/airflow/example_dags/example_bash_decorator.py for tasks to queue
[2026-04-27T23:42:29.098+0000] {logging_mixin.py:188} INFO - [2026-04-27T23:42:29.098+0000] {dagbag.py:540} INFO - Filling up the DagBag from /home/airflow/.local/lib/python3.12/site-packages/airflow/example_dags/example_bash_decorator.py
[2026-04-27T23:42:29.115+0000] {processor.py:840} INFO - DAG(s) 'example_bash_decorator' retrieved from /home/airflow/.local/lib/python3.12/site-packages/airflow/example_dags/example_bash_decorator.py
[2026-04-27T23:42:29.143+0000] {logging_mixin.py:188} INFO - [2026-04-27T23:42:29.142+0000] {dag.py:3096} INFO - Sync 1 DAGs
[2026-04-27T23:42:29.156+0000] {logging_mixin.py:188} INFO - [2026-04-27T23:42:29.155+0000] {dag.py:3954} INFO - Setting next_dagrun for example_bash_decorator to None, run_after=None
[2026-04-27T23:42:29.177+0000] {processor.py:183} INFO - Processing /home/airflow/.local/lib/python3.12/site-packages/airflow/example_dags/example_bash_decorator.py took 0.090 seconds
[2026-04-27T23:42:59.389+0000] {processor.py:161} INFO - Started process (PID=1458) to work on /home/airflow/.local/lib/python3.12/site-packages/airflow/example_dags/example_bash_decorator.py
[2026-04-27T23:42:59.390+0000] {processor.py:830} INFO - Processing file /home/airflow/.local/lib/python3.12/site-packages/airflow/example_dags/example_bash_decorator.py for tasks to queue
[2026-04-27T23:42:59.392+0000] {logging_mixin.py:188} INFO - [2026-04-27T23:42:59.392+0000] {dagbag.py:540} INFO - Filling up the DagBag from /home/airflow/.local/lib/python3.12/site-packages/airflow/example_dags/example_bash_decorator.py
[2026-04-27T23:42:59.408+0000] {processor.py:840} INFO - DAG(s) 'example_bash_decorator' retrieved from /home/airflow/.local/lib/python3.12/site-packages/airflow/example_dags/example_bash_decorator.py
[2026-04-27T23:42:59.434+0000] {logging_mixin.py:188} INFO - [2026-04-27T23:42:59.434+0000] {dag.py:3096} INFO - Sync 1 DAGs
[2026-04-27T23:42:59.448+0000] {logging_mixin.py:188} INFO - [2026-04-27T23:42:59.448+0000] {dag.py:3954} INFO - Setting next_dagrun for example_bash_decorator to None, run_after=None
[2026-04-27T23:42:59.470+0000] {processor.py:183} INFO - Processing /home/airflow/.local/lib/python3.12/site-packages/airflow/example_dags/example_bash_decorator.py took 0.089 seconds
[2026-04-27T23:43:30.121+0000] {processor.py:161} INFO - Started process (PID=1517) to work on /home/airflow/.local/lib/python3.12/site-packages/airflow/example_dags/example_bash_decorator.py
[2026-04-27T23:43:30.122+0000] {processor.py:830} INFO - Processing file /home/airflow/.local/lib/python3.12/site-packages/airflow/example_dags/example_bash_decorator.py for tasks to queue
[2026-04-27T23:43:30.125+0000] {logging_mixin.py:188} INFO - [2026-04-27T23:43:30.124+0000] {dagbag.py:540} INFO - Filling up the DagBag from /home/airflow/.local/lib/python3.12/site-packages/airflow/example_dags/example_bash_decorator.py
[2026-04-27T23:43:30.142+0000] {processor.py:840} INFO - DAG(s) 'example_bash_decorator' retrieved from /home/airflow/.local/lib/python3.12/site-packages/airflow/example_dags/example_bash_decorator.py
[2026-04-27T23:43:30.168+0000] {logging_mixin.py:188} INFO - [2026-04-27T23:43:30.168+0000] {dag.py:3096} INFO - Sync 1 DAGs
[2026-04-27T23:43:30.182+0000] {logging_mixin.py:188} INFO - [2026-04-27T23:43:30.182+0000] {dag.py:3954} INFO - Setting next_dagrun for example_bash_decorator to None, run_after=None
[2026-04-27T23:43:30.203+0000] {processor.py:183} INFO - Processing /home/airflow/.local/lib/python3.12/site-packages/airflow/example_dags/example_bash_decorator.py took 0.089 seconds
[2026-04-27T23:44:00.883+0000] {processor.py:161} INFO - Started process (PID=1576) to work on /home/airflow/.local/lib/python3.12/site-packages/airflow/example_dags/example_bash_decorator.py
[2026-04-27T23:44:00.885+0000] {processor.py:830} INFO - Processing file /home/airflow/.local/lib/python3.12/site-packages/airflow/example_dags/example_bash_decorator.py for tasks to queue
[2026-04-27T23:44:00.888+0000] {logging_mixin.py:188} INFO - [2026-04-27T23:44:00.888+0000] {dagbag.py:540} INFO - Filling up the DagBag from /home/airflow/.local/lib/python3.12/site-packages/airflow/example_dags/example_bash_decorator.py
[2026-04-27T23:44:00.915+0000] {processor.py:840} INFO - DAG(s) 'example_bash_decorator' retrieved from /home/airflow/.local/lib/python3.12/site-packages/airflow/example_dags/example_bash_decorator.py
[2026-04-27T23:44:00.998+0000] {logging_mixin.py:188} INFO - [2026-04-27T23:44:00.998+0000] {dag.py:3096} INFO - Sync 1 DAGs
[2026-04-27T23:44:01.030+0000] {logging_mixin.py:188} INFO - [2026-04-27T23:44:01.029+0000] {dag.py:3954} INFO - Setting next_dagrun for example_bash_decorator to None, run_after=None
[2026-04-27T23:44:01.079+0000] {processor.py:183} INFO - Processing /home/airflow/.local/lib/python3.12/site-packages/airflow/example_dags/example_bash_decorator.py took 0.205 seconds
[2026-04-27T23:44:31.410+0000] {processor.py:161} INFO - Started process (PID=1635) to work on /home/airflow/.local/lib/python3.12/site-packages/airflow/example_dags/example_bash_decorator.py
[2026-04-27T23:44:31.413+0000] {processor.py:830} INFO - Processing file /home/airflow/.local/lib/python3.12/site-packages/airflow/example_dags/example_bash_decorator.py for tasks to queue
[2026-04-27T23:44:31.418+0000] {logging_mixin.py:188} INFO - [2026-04-27T23:44:31.417+0000] {dagbag.py:540} INFO - Filling up the DagBag from /home/airflow/.local/lib/python3.12/site-packages/airflow/example_dags/example_bash_decorator.py
[2026-04-27T23:44:31.442+0000] {processor.py:840} INFO - DAG(s) 'example_bash_decorator' retrieved from /home/airflow/.local/lib/python3.12/site-packages/airflow/example_dags/example_bash_decorator.py
[2026-04-27T23:44:31.468+0000] {logging_mixin.py:188} INFO - [2026-04-27T23:44:31.467+0000] {dag.py:3096} INFO - Sync 1 DAGs
[2026-04-27T23:44:31.484+0000] {logging_mixin.py:188} INFO - [2026-04-27T23:44:31.484+0000] {dag.py:3954} INFO - Setting next_dagrun for example_bash_decorator to None, run_after=None
[2026-04-27T23:44:31.508+0000] {processor.py:183} INFO - Processing /home/airflow/.local/lib/python3.12/site-packages/airflow/example_dags/example_bash_decorator.py took 0.123 seconds
[2026-04-27T23:45:01.888+0000] {processor.py:161} INFO - Started process (PID=1694) to work on /home/airflow/.local/lib/python3.12/site-packages/airflow/example_dags/example_bash_decorator.py
[2026-04-27T23:45:01.889+0000] {processor.py:830} INFO - Processing file /home/airflow/.local/lib/python3.12/site-packages/airflow/example_dags/example_bash_decorator.py for tasks to queue
[2026-04-27T23:45:01.892+0000] {logging_mixin.py:188} INFO - [2026-04-27T23:45:01.891+0000] {dagbag.py:540} INFO - Filling up the DagBag from /home/airflow/.local/lib/python3.12/site-packages/airflow/example_dags/example_bash_decorator.py
[2026-04-27T23:45:01.909+0000] {processor.py:840} INFO - DAG(s) 'example_bash_decorator' retrieved from /home/airflow/.local/lib/python3.12/site-packages/airflow/example_dags/example_bash_decorator.py
[2026-04-27T23:45:01.938+0000] {logging_mixin.py:188} INFO - [2026-04-27T23:45:01.938+0000] {dag.py:3096} INFO - Sync 1 DAGs
[2026-04-27T23:45:01.951+0000] {logging_mixin.py:188} INFO - [2026-04-27T23:45:01.951+0000] {dag.py:3954} INFO - Setting next_dagrun for example_bash_decorator to None, run_after=None
[2026-04-27T23:45:01.973+0000] {processor.py:183} INFO - Processing /home/airflow/.local/lib/python3.12/site-packages/airflow/example_dags/example_bash_decorator.py took 0.093 seconds
[2026-04-27T23:45:32.166+0000] {processor.py:161} INFO - Started process (PID=1753) to work on /home/airflow/.local/lib/python3.12/site-packages/airflow/example_dags/example_bash_decorator.py
[2026-04-27T23:45:32.167+0000] {processor.py:830} INFO - Processing file /home/airflow/.local/lib/python3.12/site-packages/airflow/example_dags/example_bash_decorator.py for tasks to queue
[2026-04-27T23:45:32.169+0000] {logging_mixin.py:188} INFO - [2026-04-27T23:45:32.169+0000] {dagbag.py:540} INFO - Filling up the DagBag from /home/airflow/.local/lib/python3.12/site-packages/airflow/example_dags/example_bash_decorator.py
[2026-04-27T23:45:32.187+0000] {processor.py:840} INFO - DAG(s) 'example_bash_decorator' retrieved from /home/airflow/.local/lib/python3.12/site-packages/airflow/example_dags/example_bash_decorator.py
[2026-04-27T23:45:32.217+0000] {logging_mixin.py:188} INFO - [2026-04-27T23:45:32.216+0000] {dag.py:3096} INFO - Sync 1 DAGs
[2026-04-27T23:45:32.233+0000] {logging_mixin.py:188} INFO - [2026-04-27T23:45:32.233+0000] {dag.py:3954} INFO - Setting next_dagrun for example_bash_decorator to None, run_after=None
[2026-04-27T23:45:32.259+0000] {processor.py:183} INFO - Processing /home/airflow/.local/lib/python3.12/site-packages/airflow/example_dags/example_bash_decorator.py took 0.101 seconds
[2026-04-27T23:46:02.705+0000] {processor.py:161} INFO - Started process (PID=1812) to work on /home/airflow/.local/lib/python3.12/site-packages/airflow/example_dags/example_bash_decorator.py
[2026-04-27T23:46:02.706+0000] {processor.py:830} INFO - Processing file /home/airflow/.local/lib/python3.12/site-packages/airflow/example_dags/example_bash_decorator.py for tasks to queue
[2026-04-27T23:46:02.708+0000] {logging_mixin.py:188} INFO - [2026-04-27T23:46:02.708+0000] {dagbag.py:540} INFO - Filling up the DagBag from /home/airflow/.local/lib/python3.12/site-packages/airflow/example_dags/example_bash_decorator.py
[2026-04-27T23:46:02.726+0000] {processor.py:840} INFO - DAG(s) 'example_bash_decorator' retrieved from /home/airflow/.local/lib/python3.12/site-packages/airflow/example_dags/example_bash_decorator.py
[2026-04-27T23:46:02.751+0000] {logging_mixin.py:188} INFO - [2026-04-27T23:46:02.751+0000] {dag.py:3096} INFO - Sync 1 DAGs
[2026-04-27T23:46:02.766+0000] {logging_mixin.py:188} INFO - [2026-04-27T23:46:02.765+0000] {dag.py:3954} INFO - Setting next_dagrun for example_bash_decorator to None, run_after=None
[2026-04-27T23:46:02.868+0000] {processor.py:183} INFO - Processing /home/airflow/.local/lib/python3.12/site-packages/airflow/example_dags/example_bash_decorator.py took 0.171 seconds
[2026-04-27T23:46:33.302+0000] {processor.py:161} INFO - Started process (PID=1871) to work on /home/airflow/.local/lib/python3.12/site-packages/airflow/example_dags/example_bash_decorator.py
[2026-04-27T23:46:33.303+0000] {processor.py:830} INFO - Processing file /home/airflow/.local/lib/python3.12/site-packages/airflow/example_dags/example_bash_decorator.py for tasks to queue
[2026-04-27T23:46:33.305+0000] {logging_mixin.py:188} INFO - [2026-04-27T23:46:33.305+0000] {dagbag.py:540} INFO - Filling up the DagBag from /home/airflow/.local/lib/python3.12/site-packages/airflow/example_dags/example_bash_decorator.py
[2026-04-27T23:46:33.320+0000] {processor.py:840} INFO - DAG(s) 'example_bash_decorator' retrieved from /home/airflow/.local/lib/python3.12/site-packages/airflow/example_dags/example_bash_decorator.py
[2026-04-27T23:46:33.347+0000] {logging_mixin.py:188} INFO - [2026-04-27T23:46:33.346+0000] {dag.py:3096} INFO - Sync 1 DAGs
[2026-04-27T23:46:33.361+0000] {logging_mixin.py:188} INFO - [2026-04-27T23:46:33.361+0000] {dag.py:3954} INFO - Setting next_dagrun for example_bash_decorator to None, run_after=None
[2026-04-27T23:46:33.382+0000] {processor.py:183} INFO - Processing /home/airflow/.local/lib/python3.12/site-packages/airflow/example_dags/example_bash_decorator.py took 0.088 seconds
[2026-04-27T23:47:03.726+0000] {processor.py:161} INFO - Started process (PID=1930) to work on /home/airflow/.local/lib/python3.12/site-packages/airflow/example_dags/example_bash_decorator.py
[2026-04-27T23:47:03.728+0000] {processor.py:830} INFO - Processing file /home/airflow/.local/lib/python3.12/site-packages/airflow/example_dags/example_bash_decorator.py for tasks to queue
[2026-04-27T23:47:03.732+0000] {logging_mixin.py:188} INFO - [2026-04-27T23:47:03.731+0000] {dagbag.py:540} INFO - Filling up the DagBag from /home/airflow/.local/lib/python3.12/site-packages/airflow/example_dags/example_bash_decorator.py
[2026-04-27T23:47:03.751+0000] {processor.py:840} INFO - DAG(s) 'example_bash_decorator' retrieved from /home/airflow/.local/lib/python3.12/site-packages/airflow/example_dags/example_bash_decorator.py
[2026-04-27T23:47:03.789+0000] {logging_mixin.py:188} INFO - [2026-04-27T23:47:03.789+0000] {dag.py:3096} INFO - Sync 1 DAGs
[2026-04-27T23:47:03.812+0000] {logging_mixin.py:188} INFO - [2026-04-27T23:47:03.812+0000] {dag.py:3954} INFO - Setting next_dagrun for example_bash_decorator to None, run_after=None
[2026-04-27T23:47:03.849+0000] {processor.py:183} INFO - Processing /home/airflow/.local/lib/python3.12/site-packages/airflow/example_dags/example_bash_decorator.py took 0.143 seconds
[2026-04-27T23:47:34.357+0000] {processor.py:161} INFO - Started process (PID=1988) to work on /home/airflow/.local/lib/python3.12/site-packages/airflow/example_dags/example_bash_decorator.py
[2026-04-27T23:47:34.358+0000] {processor.py:830} INFO - Processing file /home/airflow/.local/lib/python3.12/site-packages/airflow/example_dags/example_bash_decorator.py for tasks to queue
[2026-04-27T23:47:34.360+0000] {logging_mixin.py:188} INFO - [2026-04-27T23:47:34.360+0000] {dagbag.py:540} INFO - Filling up the DagBag from /home/airflow/.local/lib/python3.12/site-packages/airflow/example_dags/example_bash_decorator.py
[2026-04-27T23:47:34.375+0000] {processor.py:840} INFO - DAG(s) 'example_bash_decorator' retrieved from /home/airflow/.local/lib/python3.12/site-packages/airflow/example_dags/example_bash_decorator.py
[2026-04-27T23:47:34.390+0000] {logging_mixin.py:188} INFO - [2026-04-27T23:47:34.389+0000] {dag.py:3096} INFO - Sync 1 DAGs
[2026-04-27T23:47:34.404+0000] {logging_mixin.py:188} INFO - [2026-04-27T23:47:34.404+0000] {dag.py:3954} INFO - Setting next_dagrun for example_bash_decorator to None, run_after=None
[2026-04-27T23:47:34.425+0000] {processor.py:183} INFO - Processing /home/airflow/.local/lib/python3.12/site-packages/airflow/example_dags/example_bash_decorator.py took 0.076 seconds
[2026-04-27T23:48:04.780+0000] {processor.py:161} INFO - Started process (PID=2047) to work on /home/airflow/.local/lib/python3.12/site-packages/airflow/example_dags/example_bash_decorator.py
[2026-04-27T23:48:04.781+0000] {processor.py:830} INFO - Processing file /home/airflow/.local/lib/python3.12/site-packages/airflow/example_dags/example_bash_decorator.py for tasks to queue
[2026-04-27T23:48:04.783+0000] {logging_mixin.py:188} INFO - [2026-04-27T23:48:04.783+0000] {dagbag.py:540} INFO - Filling up the DagBag from /home/airflow/.local/lib/python3.12/site-packages/airflow/example_dags/example_bash_decorator.py
[2026-04-27T23:48:04.799+0000] {processor.py:840} INFO - DAG(s) 'example_bash_decorator' retrieved from /home/airflow/.local/lib/python3.12/site-packages/airflow/example_dags/example_bash_decorator.py
[2026-04-27T23:48:04.909+0000] {logging_mixin.py:188} INFO - [2026-04-27T23:48:04.909+0000] {dag.py:3096} INFO - Sync 1 DAGs
[2026-04-27T23:48:04.920+0000] {logging_mixin.py:188} INFO - [2026-04-27T23:48:04.920+0000] {dag.py:3954} INFO - Setting next_dagrun for example_bash_decorator to None, run_after=None
[2026-04-27T23:48:04.942+0000] {processor.py:183} INFO - Processing /home/airflow/.local/lib/python3.12/site-packages/airflow/example_dags/example_bash_decorator.py took 0.170 seconds
[2026-04-27T23:48:35.888+0000] {processor.py:161} INFO - Started process (PID=2106) to work on /home/airflow/.local/lib/python3.12/site-packages/airflow/example_dags/example_bash_decorator.py
[2026-04-27T23:48:35.889+0000] {processor.py:830} INFO - Processing file /home/airflow/.local/lib/python3.12/site-packages/airflow/example_dags/example_bash_decorator.py for tasks to queue
[2026-04-27T23:48:35.891+0000] {logging_mixin.py:188} INFO - [2026-04-27T23:48:35.891+0000] {dagbag.py:540} INFO - Filling up the DagBag from /home/airflow/.local/lib/python3.12/site-packages/airflow/example_dags/example_bash_decorator.py
[2026-04-27T23:48:35.906+0000] {processor.py:840} INFO - DAG(s) 'example_bash_decorator' retrieved from /home/airflow/.local/lib/python3.12/site-packages/airflow/example_dags/example_bash_decorator.py
[2026-04-27T23:48:35.930+0000] {logging_mixin.py:188} INFO - [2026-04-27T23:48:35.930+0000] {dag.py:3096} INFO - Sync 1 DAGs
[2026-04-27T23:48:35.943+0000] {logging_mixin.py:188} INFO - [2026-04-27T23:48:35.943+0000] {dag.py:3954} INFO - Setting next_dagrun for example_bash_decorator to None, run_after=None
[2026-04-27T23:48:35.964+0000] {processor.py:183} INFO - Processing /home/airflow/.local/lib/python3.12/site-packages/airflow/example_dags/example_bash_decorator.py took 0.083 seconds
[2026-04-27T23:49:07.753+0000] {processor.py:161} INFO - Started process (PID=2165) to work on /home/airflow/.local/lib/python3.12/site-packages/airflow/example_dags/example_bash_decorator.py
[2026-04-27T23:49:07.755+0000] {processor.py:830} INFO - Processing file /home/airflow/.local/lib/python3.12/site-packages/airflow/example_dags/example_bash_decorator.py for tasks to queue
[2026-04-27T23:49:07.760+0000] {logging_mixin.py:188} INFO - [2026-04-27T23:49:07.759+0000] {dagbag.py:540} INFO - Filling up the DagBag from /home/airflow/.local/lib/python3.12/site-packages/airflow/example_dags/example_bash_decorator.py
[2026-04-27T23:49:07.814+0000] {processor.py:840} INFO - DAG(s) 'example_bash_decorator' retrieved from /home/airflow/.local/lib/python3.12/site-packages/airflow/example_dags/example_bash_decorator.py
[2026-04-27T23:49:07.861+0000] {logging_mixin.py:188} INFO - [2026-04-27T23:49:07.861+0000] {dag.py:3096} INFO - Sync 1 DAGs
[2026-04-27T23:49:07.875+0000] {logging_mixin.py:188} INFO - [2026-04-27T23:49:07.875+0000] {dag.py:3954} INFO - Setting next_dagrun for example_bash_decorator to None, run_after=None
[2026-04-27T23:49:07.895+0000] {processor.py:183} INFO - Processing /home/airflow/.local/lib/python3.12/site-packages/airflow/example_dags/example_bash_decorator.py took 0.158 seconds
[2026-04-27T23:49:38.155+0000] {processor.py:161} INFO - Started process (PID=2224) to work on /home/airflow/.local/lib/python3.12/site-packages/airflow/example_dags/example_bash_decorator.py
[2026-04-27T23:49:38.156+0000] {processor.py:830} INFO - Processing file /home/airflow/.local/lib/python3.12/site-packages/airflow/example_dags/example_bash_decorator.py for tasks to queue
[2026-04-27T23:49:38.159+0000] {logging_mixin.py:188} INFO - [2026-04-27T23:49:38.159+0000] {dagbag.py:540} INFO - Filling up the DagBag from /home/airflow/.local/lib/python3.12/site-packages/airflow/example_dags/example_bash_decorator.py
[2026-04-27T23:49:38.176+0000] {processor.py:840} INFO - DAG(s) 'example_bash_decorator' retrieved from /home/airflow/.local/lib/python3.12/site-packages/airflow/example_dags/example_bash_decorator.py
[2026-04-27T23:49:38.208+0000] {logging_mixin.py:188} INFO - [2026-04-27T23:49:38.208+0000] {dag.py:3096} INFO - Sync 1 DAGs
[2026-04-27T23:49:38.226+0000] {logging_mixin.py:188} INFO - [2026-04-27T23:49:38.225+0000] {dag.py:3954} INFO - Setting next_dagrun for example_bash_decorator to None, run_after=None
[2026-04-27T23:49:38.249+0000] {processor.py:183} INFO - Processing /home/airflow/.local/lib/python3.12/site-packages/airflow/example_dags/example_bash_decorator.py took 0.102 seconds
[2026-04-27T23:50:08.342+0000] {processor.py:161} INFO - Started process (PID=2283) to work on /home/airflow/.local/lib/python3.12/site-packages/airflow/example_dags/example_bash_decorator.py
[2026-04-27T23:50:08.343+0000] {processor.py:830} INFO - Processing file /home/airflow/.local/lib/python3.12/site-packages/airflow/example_dags/example_bash_decorator.py for tasks to queue
[2026-04-27T23:50:08.345+0000] {logging_mixin.py:188} INFO - [2026-04-27T23:50:08.345+0000] {dagbag.py:540} INFO - Filling up the DagBag from /home/airflow/.local/lib/python3.12/site-packages/airflow/example_dags/example_bash_decorator.py
[2026-04-27T23:50:08.360+0000] {processor.py:840} INFO - DAG(s) 'example_bash_decorator' retrieved from /home/airflow/.local/lib/python3.12/site-packages/airflow/example_dags/example_bash_decorator.py
[2026-04-27T23:50:08.385+0000] {logging_mixin.py:188} INFO - [2026-04-27T23:50:08.385+0000] {dag.py:3096} INFO - Sync 1 DAGs
[2026-04-27T23:50:08.399+0000] {logging_mixin.py:188} INFO - [2026-04-27T23:50:08.398+0000] {dag.py:3954} INFO - Setting next_dagrun for example_bash_decorator to None, run_after=None
[2026-04-27T23:50:08.420+0000] {processor.py:183} INFO - Processing /home/airflow/.local/lib/python3.12/site-packages/airflow/example_dags/example_bash_decorator.py took 0.084 seconds
[2026-04-27T23:58:34.690+0000] {processor.py:161} INFO - Started process (PID=96) to work on /home/airflow/.local/lib/python3.12/site-packages/airflow/example_dags/example_bash_decorator.py
[2026-04-27T23:58:34.802+0000] {processor.py:830} INFO - Processing file /home/airflow/.local/lib/python3.12/site-packages/airflow/example_dags/example_bash_decorator.py for tasks to queue
[2026-04-27T23:58:34.805+0000] {logging_mixin.py:188} INFO - [2026-04-27T23:58:34.804+0000] {dagbag.py:540} INFO - Filling up the DagBag from /home/airflow/.local/lib/python3.12/site-packages/airflow/example_dags/example_bash_decorator.py
[2026-04-27T23:58:34.822+0000] {processor.py:840} INFO - DAG(s) 'example_bash_decorator' retrieved from /home/airflow/.local/lib/python3.12/site-packages/airflow/example_dags/example_bash_decorator.py
[2026-04-27T23:58:34.934+0000] {logging_mixin.py:188} INFO - [2026-04-27T23:58:34.933+0000] {dag.py:3096} INFO - Sync 1 DAGs
[2026-04-27T23:58:34.945+0000] {logging_mixin.py:188} INFO - [2026-04-27T23:58:34.945+0000] {dag.py:3954} INFO - Setting next_dagrun for example_bash_decorator to None, run_after=None
[2026-04-27T23:58:34.967+0000] {processor.py:183} INFO - Processing /home/airflow/.local/lib/python3.12/site-packages/airflow/example_dags/example_bash_decorator.py took 0.284 seconds
[2026-04-27T23:59:48.179+0000] {processor.py:161} INFO - Started process (PID=90) to work on /home/airflow/.local/lib/python3.12/site-packages/airflow/example_dags/example_bash_decorator.py
[2026-04-27T23:59:48.182+0000] {processor.py:830} INFO - Processing file /home/airflow/.local/lib/python3.12/site-packages/airflow/example_dags/example_bash_decorator.py for tasks to queue
[2026-04-27T23:59:48.184+0000] {logging_mixin.py:188} INFO - [2026-04-27T23:59:48.184+0000] {dagbag.py:540} INFO - Filling up the DagBag from /home/airflow/.local/lib/python3.12/site-packages/airflow/example_dags/example_bash_decorator.py
[2026-04-27T23:59:48.201+0000] {processor.py:840} INFO - DAG(s) 'example_bash_decorator' retrieved from /home/airflow/.local/lib/python3.12/site-packages/airflow/example_dags/example_bash_decorator.py
[2026-04-27T23:59:48.320+0000] {logging_mixin.py:188} INFO - [2026-04-27T23:59:48.319+0000] {dag.py:3096} INFO - Sync 1 DAGs
[2026-04-27T23:59:48.331+0000] {logging_mixin.py:188} INFO - [2026-04-27T23:59:48.330+0000] {dag.py:3954} INFO - Setting next_dagrun for example_bash_decorator to None, run_after=None
[2026-04-27T23:59:48.357+0000] {processor.py:183} INFO - Processing /home/airflow/.local/lib/python3.12/site-packages/airflow/example_dags/example_bash_decorator.py took 0.185 seconds
