[2026-04-27T23:30:15.070+0000] {processor.py:161} INFO - Started process (PID=91) to work on /home/airflow/.local/lib/python3.12/site-packages/airflow/example_dags/example_bash_operator.py
[2026-04-27T23:30:15.072+0000] {processor.py:830} INFO - Processing file /home/airflow/.local/lib/python3.12/site-packages/airflow/example_dags/example_bash_operator.py for tasks to queue
[2026-04-27T23:30:15.076+0000] {logging_mixin.py:188} INFO - [2026-04-27T23:30:15.075+0000] {dagbag.py:540} INFO - Filling up the DagBag from /home/airflow/.local/lib/python3.12/site-packages/airflow/example_dags/example_bash_operator.py
[2026-04-27T23:30:15.092+0000] {processor.py:840} INFO - DAG(s) 'example_bash_operator' retrieved from /home/airflow/.local/lib/python3.12/site-packages/airflow/example_dags/example_bash_operator.py
[2026-04-27T23:30:15.127+0000] {logging_mixin.py:188} INFO - [2026-04-27T23:30:15.127+0000] {dag.py:3096} INFO - Sync 1 DAGs
[2026-04-27T23:30:15.153+0000] {logging_mixin.py:188} INFO - [2026-04-27T23:30:15.153+0000] {dag.py:3954} INFO - Setting next_dagrun for example_bash_operator to 2026-04-26 00:00:00+00:00, run_after=2026-04-27 00:00:00+00:00
[2026-04-27T23:30:15.220+0000] {processor.py:183} INFO - Processing /home/airflow/.local/lib/python3.12/site-packages/airflow/example_dags/example_bash_operator.py took 0.162 seconds
[2026-04-27T23:30:53.653+0000] {processor.py:161} INFO - Started process (PID=150) to work on /home/airflow/.local/lib/python3.12/site-packages/airflow/example_dags/example_bash_operator.py
[2026-04-27T23:30:53.747+0000] {processor.py:830} INFO - Processing file /home/airflow/.local/lib/python3.12/site-packages/airflow/example_dags/example_bash_operator.py for tasks to queue
[2026-04-27T23:30:53.750+0000] {logging_mixin.py:188} INFO - [2026-04-27T23:30:53.750+0000] {dagbag.py:540} INFO - Filling up the DagBag from /home/airflow/.local/lib/python3.12/site-packages/airflow/example_dags/example_bash_operator.py
[2026-04-27T23:30:53.762+0000] {processor.py:840} INFO - DAG(s) 'example_bash_operator' retrieved from /home/airflow/.local/lib/python3.12/site-packages/airflow/example_dags/example_bash_operator.py
[2026-04-27T23:30:53.796+0000] {logging_mixin.py:188} INFO - [2026-04-27T23:30:53.796+0000] {dag.py:3096} INFO - Sync 1 DAGs
[2026-04-27T23:30:53.819+0000] {logging_mixin.py:188} INFO - [2026-04-27T23:30:53.819+0000] {dag.py:3954} INFO - Setting next_dagrun for example_bash_operator to 2026-04-26 00:00:00+00:00, run_after=2026-04-27 00:00:00+00:00
[2026-04-27T23:30:53.841+0000] {processor.py:183} INFO - Processing /home/airflow/.local/lib/python3.12/site-packages/airflow/example_dags/example_bash_operator.py took 0.194 seconds
[2026-04-27T23:31:47.201+0000] {processor.py:161} INFO - Started process (PID=214) to work on /home/airflow/.local/lib/python3.12/site-packages/airflow/example_dags/example_bash_operator.py
[2026-04-27T23:31:47.203+0000] {processor.py:830} INFO - Processing file /home/airflow/.local/lib/python3.12/site-packages/airflow/example_dags/example_bash_operator.py for tasks to queue
[2026-04-27T23:31:47.205+0000] {logging_mixin.py:188} INFO - [2026-04-27T23:31:47.205+0000] {dagbag.py:540} INFO - Filling up the DagBag from /home/airflow/.local/lib/python3.12/site-packages/airflow/example_dags/example_bash_operator.py
[2026-04-27T23:31:47.224+0000] {processor.py:840} INFO - DAG(s) 'example_bash_operator' retrieved from /home/airflow/.local/lib/python3.12/site-packages/airflow/example_dags/example_bash_operator.py
[2026-04-27T23:31:47.294+0000] {logging_mixin.py:188} INFO - [2026-04-27T23:31:47.294+0000] {dag.py:3096} INFO - Sync 1 DAGs
[2026-04-27T23:31:47.319+0000] {logging_mixin.py:188} INFO - [2026-04-27T23:31:47.319+0000] {dag.py:3954} INFO - Setting next_dagrun for example_bash_operator to 2026-04-26 00:00:00+00:00, run_after=2026-04-27 00:00:00+00:00
[2026-04-27T23:31:47.340+0000] {processor.py:183} INFO - Processing /home/airflow/.local/lib/python3.12/site-packages/airflow/example_dags/example_bash_operator.py took 0.145 seconds
[2026-04-27T23:32:29.560+0000] {processor.py:161} INFO - Started process (PID=270) to work on /home/airflow/.local/lib/python3.12/site-packages/airflow/example_dags/example_bash_operator.py
[2026-04-27T23:32:29.561+0000] {processor.py:830} INFO - Processing file /home/airflow/.local/lib/python3.12/site-packages/airflow/example_dags/example_bash_operator.py for tasks to queue
[2026-04-27T23:32:29.564+0000] {logging_mixin.py:188} INFO - [2026-04-27T23:32:29.563+0000] {dagbag.py:540} INFO - Filling up the DagBag from /home/airflow/.local/lib/python3.12/site-packages/airflow/example_dags/example_bash_operator.py
[2026-04-27T23:32:29.577+0000] {processor.py:840} INFO - DAG(s) 'example_bash_operator' retrieved from /home/airflow/.local/lib/python3.12/site-packages/airflow/example_dags/example_bash_operator.py
[2026-04-27T23:32:29.608+0000] {logging_mixin.py:188} INFO - [2026-04-27T23:32:29.608+0000] {dag.py:3096} INFO - Sync 1 DAGs
[2026-04-27T23:32:29.632+0000] {logging_mixin.py:188} INFO - [2026-04-27T23:32:29.632+0000] {dag.py:3954} INFO - Setting next_dagrun for example_bash_operator to 2026-04-26 00:00:00+00:00, run_after=2026-04-27 00:00:00+00:00
[2026-04-27T23:32:29.654+0000] {processor.py:183} INFO - Processing /home/airflow/.local/lib/python3.12/site-packages/airflow/example_dags/example_bash_operator.py took 0.100 seconds
[2026-04-27T23:33:00.873+0000] {processor.py:161} INFO - Started process (PID=329) to work on /home/airflow/.local/lib/python3.12/site-packages/airflow/example_dags/example_bash_operator.py
[2026-04-27T23:33:00.875+0000] {processor.py:830} INFO - Processing file /home/airflow/.local/lib/python3.12/site-packages/airflow/example_dags/example_bash_operator.py for tasks to queue
[2026-04-27T23:33:00.879+0000] {logging_mixin.py:188} INFO - [2026-04-27T23:33:00.878+0000] {dagbag.py:540} INFO - Filling up the DagBag from /home/airflow/.local/lib/python3.12/site-packages/airflow/example_dags/example_bash_operator.py
[2026-04-27T23:33:00.899+0000] {processor.py:840} INFO - DAG(s) 'example_bash_operator' retrieved from /home/airflow/.local/lib/python3.12/site-packages/airflow/example_dags/example_bash_operator.py
[2026-04-27T23:33:00.933+0000] {logging_mixin.py:188} INFO - [2026-04-27T23:33:00.933+0000] {dag.py:3096} INFO - Sync 1 DAGs
[2026-04-27T23:33:00.961+0000] {logging_mixin.py:188} INFO - [2026-04-27T23:33:00.961+0000] {dag.py:3954} INFO - Setting next_dagrun for example_bash_operator to 2026-04-26 00:00:00+00:00, run_after=2026-04-27 00:00:00+00:00
[2026-04-27T23:33:00.982+0000] {processor.py:183} INFO - Processing /home/airflow/.local/lib/python3.12/site-packages/airflow/example_dags/example_bash_operator.py took 0.118 seconds
[2026-04-27T23:33:31.175+0000] {processor.py:161} INFO - Started process (PID=388) to work on /home/airflow/.local/lib/python3.12/site-packages/airflow/example_dags/example_bash_operator.py
[2026-04-27T23:33:31.177+0000] {processor.py:830} INFO - Processing file /home/airflow/.local/lib/python3.12/site-packages/airflow/example_dags/example_bash_operator.py for tasks to queue
[2026-04-27T23:33:31.179+0000] {logging_mixin.py:188} INFO - [2026-04-27T23:33:31.179+0000] {dagbag.py:540} INFO - Filling up the DagBag from /home/airflow/.local/lib/python3.12/site-packages/airflow/example_dags/example_bash_operator.py
[2026-04-27T23:33:31.192+0000] {processor.py:840} INFO - DAG(s) 'example_bash_operator' retrieved from /home/airflow/.local/lib/python3.12/site-packages/airflow/example_dags/example_bash_operator.py
[2026-04-27T23:33:31.224+0000] {logging_mixin.py:188} INFO - [2026-04-27T23:33:31.224+0000] {dag.py:3096} INFO - Sync 1 DAGs
[2026-04-27T23:33:31.247+0000] {logging_mixin.py:188} INFO - [2026-04-27T23:33:31.247+0000] {dag.py:3954} INFO - Setting next_dagrun for example_bash_operator to 2026-04-26 00:00:00+00:00, run_after=2026-04-27 00:00:00+00:00
[2026-04-27T23:33:31.268+0000] {processor.py:183} INFO - Processing /home/airflow/.local/lib/python3.12/site-packages/airflow/example_dags/example_bash_operator.py took 0.099 seconds
[2026-04-27T23:34:02.160+0000] {processor.py:161} INFO - Started process (PID=447) to work on /home/airflow/.local/lib/python3.12/site-packages/airflow/example_dags/example_bash_operator.py
[2026-04-27T23:34:02.161+0000] {processor.py:830} INFO - Processing file /home/airflow/.local/lib/python3.12/site-packages/airflow/example_dags/example_bash_operator.py for tasks to queue
[2026-04-27T23:34:02.167+0000] {logging_mixin.py:188} INFO - [2026-04-27T23:34:02.166+0000] {dagbag.py:540} INFO - Filling up the DagBag from /home/airflow/.local/lib/python3.12/site-packages/airflow/example_dags/example_bash_operator.py
[2026-04-27T23:34:02.184+0000] {processor.py:840} INFO - DAG(s) 'example_bash_operator' retrieved from /home/airflow/.local/lib/python3.12/site-packages/airflow/example_dags/example_bash_operator.py
[2026-04-27T23:34:02.214+0000] {logging_mixin.py:188} INFO - [2026-04-27T23:34:02.214+0000] {dag.py:3096} INFO - Sync 1 DAGs
[2026-04-27T23:34:02.237+0000] {logging_mixin.py:188} INFO - [2026-04-27T23:34:02.237+0000] {dag.py:3954} INFO - Setting next_dagrun for example_bash_operator to 2026-04-26 00:00:00+00:00, run_after=2026-04-27 00:00:00+00:00
[2026-04-27T23:34:02.257+0000] {processor.py:183} INFO - Processing /home/airflow/.local/lib/python3.12/site-packages/airflow/example_dags/example_bash_operator.py took 0.104 seconds
[2026-04-27T23:34:39.500+0000] {processor.py:161} INFO - Started process (PID=501) to work on /home/airflow/.local/lib/python3.12/site-packages/airflow/example_dags/example_bash_operator.py
[2026-04-27T23:34:39.501+0000] {processor.py:830} INFO - Processing file /home/airflow/.local/lib/python3.12/site-packages/airflow/example_dags/example_bash_operator.py for tasks to queue
[2026-04-27T23:34:39.504+0000] {logging_mixin.py:188} INFO - [2026-04-27T23:34:39.503+0000] {dagbag.py:540} INFO - Filling up the DagBag from /home/airflow/.local/lib/python3.12/site-packages/airflow/example_dags/example_bash_operator.py
[2026-04-27T23:34:39.516+0000] {processor.py:840} INFO - DAG(s) 'example_bash_operator' retrieved from /home/airflow/.local/lib/python3.12/site-packages/airflow/example_dags/example_bash_operator.py
[2026-04-27T23:34:39.546+0000] {logging_mixin.py:188} INFO - [2026-04-27T23:34:39.546+0000] {dag.py:3096} INFO - Sync 1 DAGs
[2026-04-27T23:34:39.568+0000] {logging_mixin.py:188} INFO - [2026-04-27T23:34:39.568+0000] {dag.py:3954} INFO - Setting next_dagrun for example_bash_operator to 2026-04-26 00:00:00+00:00, run_after=2026-04-27 00:00:00+00:00
[2026-04-27T23:34:39.611+0000] {processor.py:183} INFO - Processing /home/airflow/.local/lib/python3.12/site-packages/airflow/example_dags/example_bash_operator.py took 0.118 seconds
[2026-04-27T23:35:10.281+0000] {processor.py:161} INFO - Started process (PID=560) to work on /home/airflow/.local/lib/python3.12/site-packages/airflow/example_dags/example_bash_operator.py
[2026-04-27T23:35:10.282+0000] {processor.py:830} INFO - Processing file /home/airflow/.local/lib/python3.12/site-packages/airflow/example_dags/example_bash_operator.py for tasks to queue
[2026-04-27T23:35:10.285+0000] {logging_mixin.py:188} INFO - [2026-04-27T23:35:10.284+0000] {dagbag.py:540} INFO - Filling up the DagBag from /home/airflow/.local/lib/python3.12/site-packages/airflow/example_dags/example_bash_operator.py
[2026-04-27T23:35:10.297+0000] {processor.py:840} INFO - DAG(s) 'example_bash_operator' retrieved from /home/airflow/.local/lib/python3.12/site-packages/airflow/example_dags/example_bash_operator.py
[2026-04-27T23:35:10.326+0000] {logging_mixin.py:188} INFO - [2026-04-27T23:35:10.326+0000] {dag.py:3096} INFO - Sync 1 DAGs
[2026-04-27T23:35:10.348+0000] {logging_mixin.py:188} INFO - [2026-04-27T23:35:10.348+0000] {dag.py:3954} INFO - Setting next_dagrun for example_bash_operator to 2026-04-26 00:00:00+00:00, run_after=2026-04-27 00:00:00+00:00
[2026-04-27T23:35:10.367+0000] {processor.py:183} INFO - Processing /home/airflow/.local/lib/python3.12/site-packages/airflow/example_dags/example_bash_operator.py took 0.092 seconds
[2026-04-27T23:35:40.731+0000] {processor.py:161} INFO - Started process (PID=619) to work on /home/airflow/.local/lib/python3.12/site-packages/airflow/example_dags/example_bash_operator.py
[2026-04-27T23:35:40.732+0000] {processor.py:830} INFO - Processing file /home/airflow/.local/lib/python3.12/site-packages/airflow/example_dags/example_bash_operator.py for tasks to queue
[2026-04-27T23:35:40.736+0000] {logging_mixin.py:188} INFO - [2026-04-27T23:35:40.735+0000] {dagbag.py:540} INFO - Filling up the DagBag from /home/airflow/.local/lib/python3.12/site-packages/airflow/example_dags/example_bash_operator.py
[2026-04-27T23:35:40.749+0000] {processor.py:840} INFO - DAG(s) 'example_bash_operator' retrieved from /home/airflow/.local/lib/python3.12/site-packages/airflow/example_dags/example_bash_operator.py
[2026-04-27T23:35:40.777+0000] {logging_mixin.py:188} INFO - [2026-04-27T23:35:40.777+0000] {dag.py:3096} INFO - Sync 1 DAGs
[2026-04-27T23:35:40.800+0000] {logging_mixin.py:188} INFO - [2026-04-27T23:35:40.800+0000] {dag.py:3954} INFO - Setting next_dagrun for example_bash_operator to 2026-04-26 00:00:00+00:00, run_after=2026-04-27 00:00:00+00:00
[2026-04-27T23:35:40.820+0000] {processor.py:183} INFO - Processing /home/airflow/.local/lib/python3.12/site-packages/airflow/example_dags/example_bash_operator.py took 0.096 seconds
[2026-04-27T23:36:11.334+0000] {processor.py:161} INFO - Started process (PID=678) to work on /home/airflow/.local/lib/python3.12/site-packages/airflow/example_dags/example_bash_operator.py
[2026-04-27T23:36:11.335+0000] {processor.py:830} INFO - Processing file /home/airflow/.local/lib/python3.12/site-packages/airflow/example_dags/example_bash_operator.py for tasks to queue
[2026-04-27T23:36:11.338+0000] {logging_mixin.py:188} INFO - [2026-04-27T23:36:11.337+0000] {dagbag.py:540} INFO - Filling up the DagBag from /home/airflow/.local/lib/python3.12/site-packages/airflow/example_dags/example_bash_operator.py
[2026-04-27T23:36:11.352+0000] {processor.py:840} INFO - DAG(s) 'example_bash_operator' retrieved from /home/airflow/.local/lib/python3.12/site-packages/airflow/example_dags/example_bash_operator.py
[2026-04-27T23:36:11.381+0000] {logging_mixin.py:188} INFO - [2026-04-27T23:36:11.381+0000] {dag.py:3096} INFO - Sync 1 DAGs
[2026-04-27T23:36:11.403+0000] {logging_mixin.py:188} INFO - [2026-04-27T23:36:11.403+0000] {dag.py:3954} INFO - Setting next_dagrun for example_bash_operator to 2026-04-26 00:00:00+00:00, run_after=2026-04-27 00:00:00+00:00
[2026-04-27T23:36:11.423+0000] {processor.py:183} INFO - Processing /home/airflow/.local/lib/python3.12/site-packages/airflow/example_dags/example_bash_operator.py took 0.095 seconds
[2026-04-27T23:36:42.419+0000] {processor.py:161} INFO - Started process (PID=738) to work on /home/airflow/.local/lib/python3.12/site-packages/airflow/example_dags/example_bash_operator.py
[2026-04-27T23:36:42.420+0000] {processor.py:830} INFO - Processing file /home/airflow/.local/lib/python3.12/site-packages/airflow/example_dags/example_bash_operator.py for tasks to queue
[2026-04-27T23:36:42.422+0000] {logging_mixin.py:188} INFO - [2026-04-27T23:36:42.422+0000] {dagbag.py:540} INFO - Filling up the DagBag from /home/airflow/.local/lib/python3.12/site-packages/airflow/example_dags/example_bash_operator.py
[2026-04-27T23:36:42.434+0000] {processor.py:840} INFO - DAG(s) 'example_bash_operator' retrieved from /home/airflow/.local/lib/python3.12/site-packages/airflow/example_dags/example_bash_operator.py
[2026-04-27T23:36:42.463+0000] {logging_mixin.py:188} INFO - [2026-04-27T23:36:42.463+0000] {dag.py:3096} INFO - Sync 1 DAGs
[2026-04-27T23:36:42.487+0000] {logging_mixin.py:188} INFO - [2026-04-27T23:36:42.486+0000] {dag.py:3954} INFO - Setting next_dagrun for example_bash_operator to 2026-04-26 00:00:00+00:00, run_after=2026-04-27 00:00:00+00:00
[2026-04-27T23:36:42.506+0000] {processor.py:183} INFO - Processing /home/airflow/.local/lib/python3.12/site-packages/airflow/example_dags/example_bash_operator.py took 0.094 seconds
[2026-04-27T23:37:13.880+0000] {processor.py:161} INFO - Started process (PID=797) to work on /home/airflow/.local/lib/python3.12/site-packages/airflow/example_dags/example_bash_operator.py
[2026-04-27T23:37:13.882+0000] {processor.py:830} INFO - Processing file /home/airflow/.local/lib/python3.12/site-packages/airflow/example_dags/example_bash_operator.py for tasks to queue
[2026-04-27T23:37:13.885+0000] {logging_mixin.py:188} INFO - [2026-04-27T23:37:13.885+0000] {dagbag.py:540} INFO - Filling up the DagBag from /home/airflow/.local/lib/python3.12/site-packages/airflow/example_dags/example_bash_operator.py
[2026-04-27T23:37:13.900+0000] {processor.py:840} INFO - DAG(s) 'example_bash_operator' retrieved from /home/airflow/.local/lib/python3.12/site-packages/airflow/example_dags/example_bash_operator.py
[2026-04-27T23:37:13.936+0000] {logging_mixin.py:188} INFO - [2026-04-27T23:37:13.935+0000] {dag.py:3096} INFO - Sync 1 DAGs
[2026-04-27T23:37:13.962+0000] {logging_mixin.py:188} INFO - [2026-04-27T23:37:13.961+0000] {dag.py:3954} INFO - Setting next_dagrun for example_bash_operator to 2026-04-26 00:00:00+00:00, run_after=2026-04-27 00:00:00+00:00
[2026-04-27T23:37:13.982+0000] {processor.py:183} INFO - Processing /home/airflow/.local/lib/python3.12/site-packages/airflow/example_dags/example_bash_operator.py took 0.110 seconds
[2026-04-27T23:37:44.266+0000] {processor.py:161} INFO - Started process (PID=856) to work on /home/airflow/.local/lib/python3.12/site-packages/airflow/example_dags/example_bash_operator.py
[2026-04-27T23:37:44.267+0000] {processor.py:830} INFO - Processing file /home/airflow/.local/lib/python3.12/site-packages/airflow/example_dags/example_bash_operator.py for tasks to queue
[2026-04-27T23:37:44.270+0000] {logging_mixin.py:188} INFO - [2026-04-27T23:37:44.269+0000] {dagbag.py:540} INFO - Filling up the DagBag from /home/airflow/.local/lib/python3.12/site-packages/airflow/example_dags/example_bash_operator.py
[2026-04-27T23:37:44.282+0000] {processor.py:840} INFO - DAG(s) 'example_bash_operator' retrieved from /home/airflow/.local/lib/python3.12/site-packages/airflow/example_dags/example_bash_operator.py
[2026-04-27T23:37:44.311+0000] {logging_mixin.py:188} INFO - [2026-04-27T23:37:44.310+0000] {dag.py:3096} INFO - Sync 1 DAGs
[2026-04-27T23:37:44.336+0000] {logging_mixin.py:188} INFO - [2026-04-27T23:37:44.336+0000] {dag.py:3954} INFO - Setting next_dagrun for example_bash_operator to 2026-04-26 00:00:00+00:00, run_after=2026-04-27 00:00:00+00:00
[2026-04-27T23:37:44.358+0000] {processor.py:183} INFO - Processing /home/airflow/.local/lib/python3.12/site-packages/airflow/example_dags/example_bash_operator.py took 0.098 seconds
[2026-04-27T23:38:14.481+0000] {processor.py:161} INFO - Started process (PID=915) to work on /home/airflow/.local/lib/python3.12/site-packages/airflow/example_dags/example_bash_operator.py
[2026-04-27T23:38:14.482+0000] {processor.py:830} INFO - Processing file /home/airflow/.local/lib/python3.12/site-packages/airflow/example_dags/example_bash_operator.py for tasks to queue
[2026-04-27T23:38:14.485+0000] {logging_mixin.py:188} INFO - [2026-04-27T23:38:14.484+0000] {dagbag.py:540} INFO - Filling up the DagBag from /home/airflow/.local/lib/python3.12/site-packages/airflow/example_dags/example_bash_operator.py
[2026-04-27T23:38:14.497+0000] {processor.py:840} INFO - DAG(s) 'example_bash_operator' retrieved from /home/airflow/.local/lib/python3.12/site-packages/airflow/example_dags/example_bash_operator.py
[2026-04-27T23:38:14.527+0000] {logging_mixin.py:188} INFO - [2026-04-27T23:38:14.527+0000] {dag.py:3096} INFO - Sync 1 DAGs
[2026-04-27T23:38:14.550+0000] {logging_mixin.py:188} INFO - [2026-04-27T23:38:14.550+0000] {dag.py:3954} INFO - Setting next_dagrun for example_bash_operator to 2026-04-26 00:00:00+00:00, run_after=2026-04-27 00:00:00+00:00
[2026-04-27T23:38:14.570+0000] {processor.py:183} INFO - Processing /home/airflow/.local/lib/python3.12/site-packages/airflow/example_dags/example_bash_operator.py took 0.095 seconds
[2026-04-27T23:38:45.112+0000] {processor.py:161} INFO - Started process (PID=974) to work on /home/airflow/.local/lib/python3.12/site-packages/airflow/example_dags/example_bash_operator.py
[2026-04-27T23:38:45.113+0000] {processor.py:830} INFO - Processing file /home/airflow/.local/lib/python3.12/site-packages/airflow/example_dags/example_bash_operator.py for tasks to queue
[2026-04-27T23:38:45.115+0000] {logging_mixin.py:188} INFO - [2026-04-27T23:38:45.115+0000] {dagbag.py:540} INFO - Filling up the DagBag from /home/airflow/.local/lib/python3.12/site-packages/airflow/example_dags/example_bash_operator.py
[2026-04-27T23:38:45.128+0000] {processor.py:840} INFO - DAG(s) 'example_bash_operator' retrieved from /home/airflow/.local/lib/python3.12/site-packages/airflow/example_dags/example_bash_operator.py
[2026-04-27T23:38:45.157+0000] {logging_mixin.py:188} INFO - [2026-04-27T23:38:45.157+0000] {dag.py:3096} INFO - Sync 1 DAGs
[2026-04-27T23:38:45.181+0000] {logging_mixin.py:188} INFO - [2026-04-27T23:38:45.180+0000] {dag.py:3954} INFO - Setting next_dagrun for example_bash_operator to 2026-04-26 00:00:00+00:00, run_after=2026-04-27 00:00:00+00:00
[2026-04-27T23:38:45.201+0000] {processor.py:183} INFO - Processing /home/airflow/.local/lib/python3.12/site-packages/airflow/example_dags/example_bash_operator.py took 0.095 seconds
[2026-04-27T23:39:16.133+0000] {processor.py:161} INFO - Started process (PID=1033) to work on /home/airflow/.local/lib/python3.12/site-packages/airflow/example_dags/example_bash_operator.py
[2026-04-27T23:39:16.135+0000] {processor.py:830} INFO - Processing file /home/airflow/.local/lib/python3.12/site-packages/airflow/example_dags/example_bash_operator.py for tasks to queue
[2026-04-27T23:39:16.137+0000] {logging_mixin.py:188} INFO - [2026-04-27T23:39:16.136+0000] {dagbag.py:540} INFO - Filling up the DagBag from /home/airflow/.local/lib/python3.12/site-packages/airflow/example_dags/example_bash_operator.py
[2026-04-27T23:39:16.149+0000] {processor.py:840} INFO - DAG(s) 'example_bash_operator' retrieved from /home/airflow/.local/lib/python3.12/site-packages/airflow/example_dags/example_bash_operator.py
[2026-04-27T23:39:16.178+0000] {logging_mixin.py:188} INFO - [2026-04-27T23:39:16.178+0000] {dag.py:3096} INFO - Sync 1 DAGs
[2026-04-27T23:39:16.201+0000] {logging_mixin.py:188} INFO - [2026-04-27T23:39:16.201+0000] {dag.py:3954} INFO - Setting next_dagrun for example_bash_operator to 2026-04-26 00:00:00+00:00, run_after=2026-04-27 00:00:00+00:00
[2026-04-27T23:39:16.228+0000] {processor.py:183} INFO - Processing /home/airflow/.local/lib/python3.12/site-packages/airflow/example_dags/example_bash_operator.py took 0.101 seconds
[2026-04-27T23:39:46.439+0000] {processor.py:161} INFO - Started process (PID=1092) to work on /home/airflow/.local/lib/python3.12/site-packages/airflow/example_dags/example_bash_operator.py
[2026-04-27T23:39:46.440+0000] {processor.py:830} INFO - Processing file /home/airflow/.local/lib/python3.12/site-packages/airflow/example_dags/example_bash_operator.py for tasks to queue
[2026-04-27T23:39:46.442+0000] {logging_mixin.py:188} INFO - [2026-04-27T23:39:46.442+0000] {dagbag.py:540} INFO - Filling up the DagBag from /home/airflow/.local/lib/python3.12/site-packages/airflow/example_dags/example_bash_operator.py
[2026-04-27T23:39:46.455+0000] {processor.py:840} INFO - DAG(s) 'example_bash_operator' retrieved from /home/airflow/.local/lib/python3.12/site-packages/airflow/example_dags/example_bash_operator.py
[2026-04-27T23:39:46.556+0000] {logging_mixin.py:188} INFO - [2026-04-27T23:39:46.555+0000] {dag.py:3096} INFO - Sync 1 DAGs
[2026-04-27T23:39:46.584+0000] {logging_mixin.py:188} INFO - [2026-04-27T23:39:46.584+0000] {dag.py:3954} INFO - Setting next_dagrun for example_bash_operator to 2026-04-26 00:00:00+00:00, run_after=2026-04-27 00:00:00+00:00
[2026-04-27T23:39:46.606+0000] {processor.py:183} INFO - Processing /home/airflow/.local/lib/python3.12/site-packages/airflow/example_dags/example_bash_operator.py took 0.174 seconds
[2026-04-27T23:40:16.745+0000] {processor.py:161} INFO - Started process (PID=1151) to work on /home/airflow/.local/lib/python3.12/site-packages/airflow/example_dags/example_bash_operator.py
[2026-04-27T23:40:16.746+0000] {processor.py:830} INFO - Processing file /home/airflow/.local/lib/python3.12/site-packages/airflow/example_dags/example_bash_operator.py for tasks to queue
[2026-04-27T23:40:16.750+0000] {logging_mixin.py:188} INFO - [2026-04-27T23:40:16.749+0000] {dagbag.py:540} INFO - Filling up the DagBag from /home/airflow/.local/lib/python3.12/site-packages/airflow/example_dags/example_bash_operator.py
[2026-04-27T23:40:16.785+0000] {processor.py:840} INFO - DAG(s) 'example_bash_operator' retrieved from /home/airflow/.local/lib/python3.12/site-packages/airflow/example_dags/example_bash_operator.py
[2026-04-27T23:40:16.850+0000] {logging_mixin.py:188} INFO - [2026-04-27T23:40:16.849+0000] {dag.py:3096} INFO - Sync 1 DAGs
[2026-04-27T23:40:16.898+0000] {logging_mixin.py:188} INFO - [2026-04-27T23:40:16.898+0000] {dag.py:3954} INFO - Setting next_dagrun for example_bash_operator to 2026-04-26 00:00:00+00:00, run_after=2026-04-27 00:00:00+00:00
[2026-04-27T23:40:16.936+0000] {processor.py:183} INFO - Processing /home/airflow/.local/lib/python3.12/site-packages/airflow/example_dags/example_bash_operator.py took 0.202 seconds
[2026-04-27T23:40:46.997+0000] {processor.py:161} INFO - Started process (PID=1210) to work on /home/airflow/.local/lib/python3.12/site-packages/airflow/example_dags/example_bash_operator.py
[2026-04-27T23:40:46.998+0000] {processor.py:830} INFO - Processing file /home/airflow/.local/lib/python3.12/site-packages/airflow/example_dags/example_bash_operator.py for tasks to queue
[2026-04-27T23:40:47.001+0000] {logging_mixin.py:188} INFO - [2026-04-27T23:40:47.000+0000] {dagbag.py:540} INFO - Filling up the DagBag from /home/airflow/.local/lib/python3.12/site-packages/airflow/example_dags/example_bash_operator.py
[2026-04-27T23:40:47.013+0000] {processor.py:840} INFO - DAG(s) 'example_bash_operator' retrieved from /home/airflow/.local/lib/python3.12/site-packages/airflow/example_dags/example_bash_operator.py
[2026-04-27T23:40:47.051+0000] {logging_mixin.py:188} INFO - [2026-04-27T23:40:47.051+0000] {dag.py:3096} INFO - Sync 1 DAGs
[2026-04-27T23:40:47.235+0000] {logging_mixin.py:188} INFO - [2026-04-27T23:40:47.235+0000] {dag.py:3954} INFO - Setting next_dagrun for example_bash_operator to 2026-04-26 00:00:00+00:00, run_after=2026-04-27 00:00:00+00:00
[2026-04-27T23:40:47.254+0000] {processor.py:183} INFO - Processing /home/airflow/.local/lib/python3.12/site-packages/airflow/example_dags/example_bash_operator.py took 0.263 seconds
[2026-04-27T23:41:17.996+0000] {processor.py:161} INFO - Started process (PID=1269) to work on /home/airflow/.local/lib/python3.12/site-packages/airflow/example_dags/example_bash_operator.py
[2026-04-27T23:41:17.997+0000] {processor.py:830} INFO - Processing file /home/airflow/.local/lib/python3.12/site-packages/airflow/example_dags/example_bash_operator.py for tasks to queue
[2026-04-27T23:41:18.000+0000] {logging_mixin.py:188} INFO - [2026-04-27T23:41:17.999+0000] {dagbag.py:540} INFO - Filling up the DagBag from /home/airflow/.local/lib/python3.12/site-packages/airflow/example_dags/example_bash_operator.py
[2026-04-27T23:41:18.016+0000] {processor.py:840} INFO - DAG(s) 'example_bash_operator' retrieved from /home/airflow/.local/lib/python3.12/site-packages/airflow/example_dags/example_bash_operator.py
[2026-04-27T23:41:18.066+0000] {logging_mixin.py:188} INFO - [2026-04-27T23:41:18.066+0000] {dag.py:3096} INFO - Sync 1 DAGs
[2026-04-27T23:41:18.103+0000] {logging_mixin.py:188} INFO - [2026-04-27T23:41:18.103+0000] {dag.py:3954} INFO - Setting next_dagrun for example_bash_operator to 2026-04-26 00:00:00+00:00, run_after=2026-04-27 00:00:00+00:00
[2026-04-27T23:41:18.319+0000] {processor.py:183} INFO - Processing /home/airflow/.local/lib/python3.12/site-packages/airflow/example_dags/example_bash_operator.py took 0.331 seconds
[2026-04-27T23:41:48.401+0000] {processor.py:161} INFO - Started process (PID=1328) to work on /home/airflow/.local/lib/python3.12/site-packages/airflow/example_dags/example_bash_operator.py
[2026-04-27T23:41:48.402+0000] {processor.py:830} INFO - Processing file /home/airflow/.local/lib/python3.12/site-packages/airflow/example_dags/example_bash_operator.py for tasks to queue
[2026-04-27T23:41:48.405+0000] {logging_mixin.py:188} INFO - [2026-04-27T23:41:48.405+0000] {dagbag.py:540} INFO - Filling up the DagBag from /home/airflow/.local/lib/python3.12/site-packages/airflow/example_dags/example_bash_operator.py
[2026-04-27T23:41:48.418+0000] {processor.py:840} INFO - DAG(s) 'example_bash_operator' retrieved from /home/airflow/.local/lib/python3.12/site-packages/airflow/example_dags/example_bash_operator.py
[2026-04-27T23:41:48.470+0000] {logging_mixin.py:188} INFO - [2026-04-27T23:41:48.470+0000] {dag.py:3096} INFO - Sync 1 DAGs
[2026-04-27T23:41:48.506+0000] {logging_mixin.py:188} INFO - [2026-04-27T23:41:48.506+0000] {dag.py:3954} INFO - Setting next_dagrun for example_bash_operator to 2026-04-26 00:00:00+00:00, run_after=2026-04-27 00:00:00+00:00
[2026-04-27T23:41:49.310+0000] {processor.py:183} INFO - Processing /home/airflow/.local/lib/python3.12/site-packages/airflow/example_dags/example_bash_operator.py took 0.916 seconds
[2026-04-27T23:42:22.911+0000] {processor.py:161} INFO - Started process (PID=1387) to work on /home/airflow/.local/lib/python3.12/site-packages/airflow/example_dags/example_bash_operator.py
[2026-04-27T23:42:22.912+0000] {processor.py:830} INFO - Processing file /home/airflow/.local/lib/python3.12/site-packages/airflow/example_dags/example_bash_operator.py for tasks to queue
[2026-04-27T23:42:22.915+0000] {logging_mixin.py:188} INFO - [2026-04-27T23:42:22.914+0000] {dagbag.py:540} INFO - Filling up the DagBag from /home/airflow/.local/lib/python3.12/site-packages/airflow/example_dags/example_bash_operator.py
[2026-04-27T23:42:22.928+0000] {processor.py:840} INFO - DAG(s) 'example_bash_operator' retrieved from /home/airflow/.local/lib/python3.12/site-packages/airflow/example_dags/example_bash_operator.py
[2026-04-27T23:42:23.104+0000] {logging_mixin.py:188} INFO - [2026-04-27T23:42:23.104+0000] {dag.py:3096} INFO - Sync 1 DAGs
[2026-04-27T23:42:23.125+0000] {logging_mixin.py:188} INFO - [2026-04-27T23:42:23.124+0000] {dag.py:3954} INFO - Setting next_dagrun for example_bash_operator to 2026-04-26 00:00:00+00:00, run_after=2026-04-27 00:00:00+00:00
[2026-04-27T23:42:23.142+0000] {processor.py:183} INFO - Processing /home/airflow/.local/lib/python3.12/site-packages/airflow/example_dags/example_bash_operator.py took 0.238 seconds
[2026-04-27T23:42:53.878+0000] {processor.py:161} INFO - Started process (PID=1445) to work on /home/airflow/.local/lib/python3.12/site-packages/airflow/example_dags/example_bash_operator.py
[2026-04-27T23:42:53.880+0000] {processor.py:830} INFO - Processing file /home/airflow/.local/lib/python3.12/site-packages/airflow/example_dags/example_bash_operator.py for tasks to queue
[2026-04-27T23:42:53.884+0000] {logging_mixin.py:188} INFO - [2026-04-27T23:42:53.883+0000] {dagbag.py:540} INFO - Filling up the DagBag from /home/airflow/.local/lib/python3.12/site-packages/airflow/example_dags/example_bash_operator.py
[2026-04-27T23:42:53.899+0000] {processor.py:840} INFO - DAG(s) 'example_bash_operator' retrieved from /home/airflow/.local/lib/python3.12/site-packages/airflow/example_dags/example_bash_operator.py
[2026-04-27T23:42:53.932+0000] {logging_mixin.py:188} INFO - [2026-04-27T23:42:53.932+0000] {dag.py:3096} INFO - Sync 1 DAGs
[2026-04-27T23:42:53.962+0000] {logging_mixin.py:188} INFO - [2026-04-27T23:42:53.962+0000] {dag.py:3954} INFO - Setting next_dagrun for example_bash_operator to 2026-04-26 00:00:00+00:00, run_after=2026-04-27 00:00:00+00:00
[2026-04-27T23:42:53.990+0000] {processor.py:183} INFO - Processing /home/airflow/.local/lib/python3.12/site-packages/airflow/example_dags/example_bash_operator.py took 0.122 seconds
[2026-04-27T23:43:24.113+0000] {processor.py:161} INFO - Started process (PID=1504) to work on /home/airflow/.local/lib/python3.12/site-packages/airflow/example_dags/example_bash_operator.py
[2026-04-27T23:43:24.114+0000] {processor.py:830} INFO - Processing file /home/airflow/.local/lib/python3.12/site-packages/airflow/example_dags/example_bash_operator.py for tasks to queue
[2026-04-27T23:43:24.117+0000] {logging_mixin.py:188} INFO - [2026-04-27T23:43:24.116+0000] {dagbag.py:540} INFO - Filling up the DagBag from /home/airflow/.local/lib/python3.12/site-packages/airflow/example_dags/example_bash_operator.py
[2026-04-27T23:43:24.130+0000] {processor.py:840} INFO - DAG(s) 'example_bash_operator' retrieved from /home/airflow/.local/lib/python3.12/site-packages/airflow/example_dags/example_bash_operator.py
[2026-04-27T23:43:24.170+0000] {logging_mixin.py:188} INFO - [2026-04-27T23:43:24.169+0000] {dag.py:3096} INFO - Sync 1 DAGs
[2026-04-27T23:43:24.194+0000] {logging_mixin.py:188} INFO - [2026-04-27T23:43:24.194+0000] {dag.py:3954} INFO - Setting next_dagrun for example_bash_operator to 2026-04-26 00:00:00+00:00, run_after=2026-04-27 00:00:00+00:00
[2026-04-27T23:43:24.280+0000] {processor.py:183} INFO - Processing /home/airflow/.local/lib/python3.12/site-packages/airflow/example_dags/example_bash_operator.py took 0.174 seconds
[2026-04-27T23:43:54.916+0000] {processor.py:161} INFO - Started process (PID=1563) to work on /home/airflow/.local/lib/python3.12/site-packages/airflow/example_dags/example_bash_operator.py
[2026-04-27T23:43:54.917+0000] {processor.py:830} INFO - Processing file /home/airflow/.local/lib/python3.12/site-packages/airflow/example_dags/example_bash_operator.py for tasks to queue
[2026-04-27T23:43:54.923+0000] {logging_mixin.py:188} INFO - [2026-04-27T23:43:54.922+0000] {dagbag.py:540} INFO - Filling up the DagBag from /home/airflow/.local/lib/python3.12/site-packages/airflow/example_dags/example_bash_operator.py
[2026-04-27T23:43:54.938+0000] {processor.py:840} INFO - DAG(s) 'example_bash_operator' retrieved from /home/airflow/.local/lib/python3.12/site-packages/airflow/example_dags/example_bash_operator.py
[2026-04-27T23:43:54.973+0000] {logging_mixin.py:188} INFO - [2026-04-27T23:43:54.973+0000] {dag.py:3096} INFO - Sync 1 DAGs
[2026-04-27T23:43:55.000+0000] {logging_mixin.py:188} INFO - [2026-04-27T23:43:55.000+0000] {dag.py:3954} INFO - Setting next_dagrun for example_bash_operator to 2026-04-26 00:00:00+00:00, run_after=2026-04-27 00:00:00+00:00
[2026-04-27T23:43:55.028+0000] {processor.py:183} INFO - Processing /home/airflow/.local/lib/python3.12/site-packages/airflow/example_dags/example_bash_operator.py took 0.119 seconds
[2026-04-27T23:44:25.202+0000] {processor.py:161} INFO - Started process (PID=1622) to work on /home/airflow/.local/lib/python3.12/site-packages/airflow/example_dags/example_bash_operator.py
[2026-04-27T23:44:25.203+0000] {processor.py:830} INFO - Processing file /home/airflow/.local/lib/python3.12/site-packages/airflow/example_dags/example_bash_operator.py for tasks to queue
[2026-04-27T23:44:25.206+0000] {logging_mixin.py:188} INFO - [2026-04-27T23:44:25.205+0000] {dagbag.py:540} INFO - Filling up the DagBag from /home/airflow/.local/lib/python3.12/site-packages/airflow/example_dags/example_bash_operator.py
[2026-04-27T23:44:25.220+0000] {processor.py:840} INFO - DAG(s) 'example_bash_operator' retrieved from /home/airflow/.local/lib/python3.12/site-packages/airflow/example_dags/example_bash_operator.py
[2026-04-27T23:44:25.254+0000] {logging_mixin.py:188} INFO - [2026-04-27T23:44:25.253+0000] {dag.py:3096} INFO - Sync 1 DAGs
[2026-04-27T23:44:25.277+0000] {logging_mixin.py:188} INFO - [2026-04-27T23:44:25.277+0000] {dag.py:3954} INFO - Setting next_dagrun for example_bash_operator to 2026-04-26 00:00:00+00:00, run_after=2026-04-27 00:00:00+00:00
[2026-04-27T23:44:25.302+0000] {processor.py:183} INFO - Processing /home/airflow/.local/lib/python3.12/site-packages/airflow/example_dags/example_bash_operator.py took 0.108 seconds
[2026-04-27T23:44:55.737+0000] {processor.py:161} INFO - Started process (PID=1681) to work on /home/airflow/.local/lib/python3.12/site-packages/airflow/example_dags/example_bash_operator.py
[2026-04-27T23:44:55.739+0000] {processor.py:830} INFO - Processing file /home/airflow/.local/lib/python3.12/site-packages/airflow/example_dags/example_bash_operator.py for tasks to queue
[2026-04-27T23:44:55.743+0000] {logging_mixin.py:188} INFO - [2026-04-27T23:44:55.742+0000] {dagbag.py:540} INFO - Filling up the DagBag from /home/airflow/.local/lib/python3.12/site-packages/airflow/example_dags/example_bash_operator.py
[2026-04-27T23:44:55.760+0000] {processor.py:840} INFO - DAG(s) 'example_bash_operator' retrieved from /home/airflow/.local/lib/python3.12/site-packages/airflow/example_dags/example_bash_operator.py
[2026-04-27T23:44:55.794+0000] {logging_mixin.py:188} INFO - [2026-04-27T23:44:55.794+0000] {dag.py:3096} INFO - Sync 1 DAGs
[2026-04-27T23:44:55.820+0000] {logging_mixin.py:188} INFO - [2026-04-27T23:44:55.819+0000] {dag.py:3954} INFO - Setting next_dagrun for example_bash_operator to 2026-04-26 00:00:00+00:00, run_after=2026-04-27 00:00:00+00:00
[2026-04-27T23:44:55.843+0000] {processor.py:183} INFO - Processing /home/airflow/.local/lib/python3.12/site-packages/airflow/example_dags/example_bash_operator.py took 0.115 seconds
[2026-04-27T23:45:26.112+0000] {processor.py:161} INFO - Started process (PID=1740) to work on /home/airflow/.local/lib/python3.12/site-packages/airflow/example_dags/example_bash_operator.py
[2026-04-27T23:45:26.113+0000] {processor.py:830} INFO - Processing file /home/airflow/.local/lib/python3.12/site-packages/airflow/example_dags/example_bash_operator.py for tasks to queue
[2026-04-27T23:45:26.116+0000] {logging_mixin.py:188} INFO - [2026-04-27T23:45:26.116+0000] {dagbag.py:540} INFO - Filling up the DagBag from /home/airflow/.local/lib/python3.12/site-packages/airflow/example_dags/example_bash_operator.py
[2026-04-27T23:45:26.128+0000] {processor.py:840} INFO - DAG(s) 'example_bash_operator' retrieved from /home/airflow/.local/lib/python3.12/site-packages/airflow/example_dags/example_bash_operator.py
[2026-04-27T23:45:26.159+0000] {logging_mixin.py:188} INFO - [2026-04-27T23:45:26.159+0000] {dag.py:3096} INFO - Sync 1 DAGs
[2026-04-27T23:45:26.184+0000] {logging_mixin.py:188} INFO - [2026-04-27T23:45:26.184+0000] {dag.py:3954} INFO - Setting next_dagrun for example_bash_operator to 2026-04-26 00:00:00+00:00, run_after=2026-04-27 00:00:00+00:00
[2026-04-27T23:45:26.205+0000] {processor.py:183} INFO - Processing /home/airflow/.local/lib/python3.12/site-packages/airflow/example_dags/example_bash_operator.py took 0.099 seconds
[2026-04-27T23:45:56.520+0000] {processor.py:161} INFO - Started process (PID=1799) to work on /home/airflow/.local/lib/python3.12/site-packages/airflow/example_dags/example_bash_operator.py
[2026-04-27T23:45:56.521+0000] {processor.py:830} INFO - Processing file /home/airflow/.local/lib/python3.12/site-packages/airflow/example_dags/example_bash_operator.py for tasks to queue
[2026-04-27T23:45:56.526+0000] {logging_mixin.py:188} INFO - [2026-04-27T23:45:56.526+0000] {dagbag.py:540} INFO - Filling up the DagBag from /home/airflow/.local/lib/python3.12/site-packages/airflow/example_dags/example_bash_operator.py
[2026-04-27T23:45:56.544+0000] {processor.py:840} INFO - DAG(s) 'example_bash_operator' retrieved from /home/airflow/.local/lib/python3.12/site-packages/airflow/example_dags/example_bash_operator.py
[2026-04-27T23:45:56.586+0000] {logging_mixin.py:188} INFO - [2026-04-27T23:45:56.585+0000] {dag.py:3096} INFO - Sync 1 DAGs
[2026-04-27T23:45:56.612+0000] {logging_mixin.py:188} INFO - [2026-04-27T23:45:56.612+0000] {dag.py:3954} INFO - Setting next_dagrun for example_bash_operator to 2026-04-26 00:00:00+00:00, run_after=2026-04-27 00:00:00+00:00
[2026-04-27T23:45:56.807+0000] {processor.py:183} INFO - Processing /home/airflow/.local/lib/python3.12/site-packages/airflow/example_dags/example_bash_operator.py took 0.298 seconds
[2026-04-27T23:46:26.936+0000] {processor.py:161} INFO - Started process (PID=1857) to work on /home/airflow/.local/lib/python3.12/site-packages/airflow/example_dags/example_bash_operator.py
[2026-04-27T23:46:26.937+0000] {processor.py:830} INFO - Processing file /home/airflow/.local/lib/python3.12/site-packages/airflow/example_dags/example_bash_operator.py for tasks to queue
[2026-04-27T23:46:26.939+0000] {logging_mixin.py:188} INFO - [2026-04-27T23:46:26.939+0000] {dagbag.py:540} INFO - Filling up the DagBag from /home/airflow/.local/lib/python3.12/site-packages/airflow/example_dags/example_bash_operator.py
[2026-04-27T23:46:26.960+0000] {processor.py:840} INFO - DAG(s) 'example_bash_operator' retrieved from /home/airflow/.local/lib/python3.12/site-packages/airflow/example_dags/example_bash_operator.py
[2026-04-27T23:46:27.003+0000] {logging_mixin.py:188} INFO - [2026-04-27T23:46:27.003+0000] {dag.py:3096} INFO - Sync 1 DAGs
[2026-04-27T23:46:27.029+0000] {logging_mixin.py:188} INFO - [2026-04-27T23:46:27.029+0000] {dag.py:3954} INFO - Setting next_dagrun for example_bash_operator to 2026-04-26 00:00:00+00:00, run_after=2026-04-27 00:00:00+00:00
[2026-04-27T23:46:27.071+0000] {processor.py:183} INFO - Processing /home/airflow/.local/lib/python3.12/site-packages/airflow/example_dags/example_bash_operator.py took 0.143 seconds
[2026-04-27T23:46:57.172+0000] {processor.py:161} INFO - Started process (PID=1916) to work on /home/airflow/.local/lib/python3.12/site-packages/airflow/example_dags/example_bash_operator.py
[2026-04-27T23:46:57.174+0000] {processor.py:830} INFO - Processing file /home/airflow/.local/lib/python3.12/site-packages/airflow/example_dags/example_bash_operator.py for tasks to queue
[2026-04-27T23:46:57.177+0000] {logging_mixin.py:188} INFO - [2026-04-27T23:46:57.177+0000] {dagbag.py:540} INFO - Filling up the DagBag from /home/airflow/.local/lib/python3.12/site-packages/airflow/example_dags/example_bash_operator.py
[2026-04-27T23:46:57.193+0000] {processor.py:840} INFO - DAG(s) 'example_bash_operator' retrieved from /home/airflow/.local/lib/python3.12/site-packages/airflow/example_dags/example_bash_operator.py
[2026-04-27T23:46:57.236+0000] {logging_mixin.py:188} INFO - [2026-04-27T23:46:57.236+0000] {dag.py:3096} INFO - Sync 1 DAGs
[2026-04-27T23:46:57.268+0000] {logging_mixin.py:188} INFO - [2026-04-27T23:46:57.267+0000] {dag.py:3954} INFO - Setting next_dagrun for example_bash_operator to 2026-04-26 00:00:00+00:00, run_after=2026-04-27 00:00:00+00:00
[2026-04-27T23:46:57.288+0000] {processor.py:183} INFO - Processing /home/airflow/.local/lib/python3.12/site-packages/airflow/example_dags/example_bash_operator.py took 0.123 seconds
[2026-04-27T23:47:27.455+0000] {processor.py:161} INFO - Started process (PID=1975) to work on /home/airflow/.local/lib/python3.12/site-packages/airflow/example_dags/example_bash_operator.py
[2026-04-27T23:47:27.457+0000] {processor.py:830} INFO - Processing file /home/airflow/.local/lib/python3.12/site-packages/airflow/example_dags/example_bash_operator.py for tasks to queue
[2026-04-27T23:47:27.461+0000] {logging_mixin.py:188} INFO - [2026-04-27T23:47:27.460+0000] {dagbag.py:540} INFO - Filling up the DagBag from /home/airflow/.local/lib/python3.12/site-packages/airflow/example_dags/example_bash_operator.py
[2026-04-27T23:47:27.490+0000] {processor.py:840} INFO - DAG(s) 'example_bash_operator' retrieved from /home/airflow/.local/lib/python3.12/site-packages/airflow/example_dags/example_bash_operator.py
[2026-04-27T23:47:27.514+0000] {logging_mixin.py:188} INFO - [2026-04-27T23:47:27.513+0000] {dag.py:3096} INFO - Sync 1 DAGs
[2026-04-27T23:47:27.573+0000] {logging_mixin.py:188} INFO - [2026-04-27T23:47:27.573+0000] {dag.py:3954} INFO - Setting next_dagrun for example_bash_operator to 2026-04-26 00:00:00+00:00, run_after=2026-04-27 00:00:00+00:00
[2026-04-27T23:47:27.611+0000] {processor.py:183} INFO - Processing /home/airflow/.local/lib/python3.12/site-packages/airflow/example_dags/example_bash_operator.py took 0.169 seconds
[2026-04-27T23:47:58.275+0000] {processor.py:161} INFO - Started process (PID=2032) to work on /home/airflow/.local/lib/python3.12/site-packages/airflow/example_dags/example_bash_operator.py
[2026-04-27T23:47:58.278+0000] {processor.py:830} INFO - Processing file /home/airflow/.local/lib/python3.12/site-packages/airflow/example_dags/example_bash_operator.py for tasks to queue
[2026-04-27T23:47:58.281+0000] {logging_mixin.py:188} INFO - [2026-04-27T23:47:58.281+0000] {dagbag.py:540} INFO - Filling up the DagBag from /home/airflow/.local/lib/python3.12/site-packages/airflow/example_dags/example_bash_operator.py
[2026-04-27T23:47:58.295+0000] {processor.py:840} INFO - DAG(s) 'example_bash_operator' retrieved from /home/airflow/.local/lib/python3.12/site-packages/airflow/example_dags/example_bash_operator.py
[2026-04-27T23:47:58.422+0000] {logging_mixin.py:188} INFO - [2026-04-27T23:47:58.422+0000] {dag.py:3096} INFO - Sync 1 DAGs
[2026-04-27T23:47:58.444+0000] {logging_mixin.py:188} INFO - [2026-04-27T23:47:58.444+0000] {dag.py:3954} INFO - Setting next_dagrun for example_bash_operator to 2026-04-26 00:00:00+00:00, run_after=2026-04-27 00:00:00+00:00
[2026-04-27T23:47:58.501+0000] {processor.py:183} INFO - Processing /home/airflow/.local/lib/python3.12/site-packages/airflow/example_dags/example_bash_operator.py took 0.233 seconds
[2026-04-27T23:48:28.981+0000] {processor.py:161} INFO - Started process (PID=2091) to work on /home/airflow/.local/lib/python3.12/site-packages/airflow/example_dags/example_bash_operator.py
[2026-04-27T23:48:28.982+0000] {processor.py:830} INFO - Processing file /home/airflow/.local/lib/python3.12/site-packages/airflow/example_dags/example_bash_operator.py for tasks to queue
[2026-04-27T23:48:28.985+0000] {logging_mixin.py:188} INFO - [2026-04-27T23:48:28.985+0000] {dagbag.py:540} INFO - Filling up the DagBag from /home/airflow/.local/lib/python3.12/site-packages/airflow/example_dags/example_bash_operator.py
[2026-04-27T23:48:29.002+0000] {processor.py:840} INFO - DAG(s) 'example_bash_operator' retrieved from /home/airflow/.local/lib/python3.12/site-packages/airflow/example_dags/example_bash_operator.py
[2026-04-27T23:48:29.034+0000] {logging_mixin.py:188} INFO - [2026-04-27T23:48:29.033+0000] {dag.py:3096} INFO - Sync 1 DAGs
[2026-04-27T23:48:29.058+0000] {logging_mixin.py:188} INFO - [2026-04-27T23:48:29.057+0000] {dag.py:3954} INFO - Setting next_dagrun for example_bash_operator to 2026-04-26 00:00:00+00:00, run_after=2026-04-27 00:00:00+00:00
[2026-04-27T23:48:29.080+0000] {processor.py:183} INFO - Processing /home/airflow/.local/lib/python3.12/site-packages/airflow/example_dags/example_bash_operator.py took 0.105 seconds
[2026-04-27T23:48:59.326+0000] {processor.py:161} INFO - Started process (PID=2150) to work on /home/airflow/.local/lib/python3.12/site-packages/airflow/example_dags/example_bash_operator.py
[2026-04-27T23:48:59.328+0000] {processor.py:830} INFO - Processing file /home/airflow/.local/lib/python3.12/site-packages/airflow/example_dags/example_bash_operator.py for tasks to queue
[2026-04-27T23:48:59.331+0000] {logging_mixin.py:188} INFO - [2026-04-27T23:48:59.331+0000] {dagbag.py:540} INFO - Filling up the DagBag from /home/airflow/.local/lib/python3.12/site-packages/airflow/example_dags/example_bash_operator.py
[2026-04-27T23:48:59.346+0000] {processor.py:840} INFO - DAG(s) 'example_bash_operator' retrieved from /home/airflow/.local/lib/python3.12/site-packages/airflow/example_dags/example_bash_operator.py
[2026-04-27T23:48:59.382+0000] {logging_mixin.py:188} INFO - [2026-04-27T23:48:59.381+0000] {dag.py:3096} INFO - Sync 1 DAGs
[2026-04-27T23:48:59.409+0000] {logging_mixin.py:188} INFO - [2026-04-27T23:48:59.409+0000] {dag.py:3954} INFO - Setting next_dagrun for example_bash_operator to 2026-04-26 00:00:00+00:00, run_after=2026-04-27 00:00:00+00:00
[2026-04-27T23:48:59.490+0000] {processor.py:183} INFO - Processing /home/airflow/.local/lib/python3.12/site-packages/airflow/example_dags/example_bash_operator.py took 0.171 seconds
[2026-04-27T23:49:30.120+0000] {processor.py:161} INFO - Started process (PID=2208) to work on /home/airflow/.local/lib/python3.12/site-packages/airflow/example_dags/example_bash_operator.py
[2026-04-27T23:49:30.121+0000] {processor.py:830} INFO - Processing file /home/airflow/.local/lib/python3.12/site-packages/airflow/example_dags/example_bash_operator.py for tasks to queue
[2026-04-27T23:49:30.124+0000] {logging_mixin.py:188} INFO - [2026-04-27T23:49:30.123+0000] {dagbag.py:540} INFO - Filling up the DagBag from /home/airflow/.local/lib/python3.12/site-packages/airflow/example_dags/example_bash_operator.py
[2026-04-27T23:49:30.136+0000] {processor.py:840} INFO - DAG(s) 'example_bash_operator' retrieved from /home/airflow/.local/lib/python3.12/site-packages/airflow/example_dags/example_bash_operator.py
[2026-04-27T23:49:30.165+0000] {logging_mixin.py:188} INFO - [2026-04-27T23:49:30.165+0000] {dag.py:3096} INFO - Sync 1 DAGs
[2026-04-27T23:49:30.194+0000] {logging_mixin.py:188} INFO - [2026-04-27T23:49:30.194+0000] {dag.py:3954} INFO - Setting next_dagrun for example_bash_operator to 2026-04-26 00:00:00+00:00, run_after=2026-04-27 00:00:00+00:00
[2026-04-27T23:49:30.216+0000] {processor.py:183} INFO - Processing /home/airflow/.local/lib/python3.12/site-packages/airflow/example_dags/example_bash_operator.py took 0.103 seconds
[2026-04-27T23:50:00.357+0000] {processor.py:161} INFO - Started process (PID=2267) to work on /home/airflow/.local/lib/python3.12/site-packages/airflow/example_dags/example_bash_operator.py
[2026-04-27T23:50:00.358+0000] {processor.py:830} INFO - Processing file /home/airflow/.local/lib/python3.12/site-packages/airflow/example_dags/example_bash_operator.py for tasks to queue
[2026-04-27T23:50:00.361+0000] {logging_mixin.py:188} INFO - [2026-04-27T23:50:00.360+0000] {dagbag.py:540} INFO - Filling up the DagBag from /home/airflow/.local/lib/python3.12/site-packages/airflow/example_dags/example_bash_operator.py
[2026-04-27T23:50:00.373+0000] {processor.py:840} INFO - DAG(s) 'example_bash_operator' retrieved from /home/airflow/.local/lib/python3.12/site-packages/airflow/example_dags/example_bash_operator.py
[2026-04-27T23:50:00.403+0000] {logging_mixin.py:188} INFO - [2026-04-27T23:50:00.402+0000] {dag.py:3096} INFO - Sync 1 DAGs
[2026-04-27T23:50:00.427+0000] {logging_mixin.py:188} INFO - [2026-04-27T23:50:00.426+0000] {dag.py:3954} INFO - Setting next_dagrun for example_bash_operator to 2026-04-26 00:00:00+00:00, run_after=2026-04-27 00:00:00+00:00
[2026-04-27T23:50:00.447+0000] {processor.py:183} INFO - Processing /home/airflow/.local/lib/python3.12/site-packages/airflow/example_dags/example_bash_operator.py took 0.097 seconds
[2026-04-27T23:58:32.508+0000] {processor.py:161} INFO - Started process (PID=91) to work on /home/airflow/.local/lib/python3.12/site-packages/airflow/example_dags/example_bash_operator.py
[2026-04-27T23:58:32.514+0000] {processor.py:830} INFO - Processing file /home/airflow/.local/lib/python3.12/site-packages/airflow/example_dags/example_bash_operator.py for tasks to queue
[2026-04-27T23:58:32.517+0000] {logging_mixin.py:188} INFO - [2026-04-27T23:58:32.516+0000] {dagbag.py:540} INFO - Filling up the DagBag from /home/airflow/.local/lib/python3.12/site-packages/airflow/example_dags/example_bash_operator.py
[2026-04-27T23:58:32.531+0000] {processor.py:840} INFO - DAG(s) 'example_bash_operator' retrieved from /home/airflow/.local/lib/python3.12/site-packages/airflow/example_dags/example_bash_operator.py
[2026-04-27T23:58:32.668+0000] {logging_mixin.py:188} INFO - [2026-04-27T23:58:32.668+0000] {dag.py:3096} INFO - Sync 1 DAGs
[2026-04-27T23:58:32.691+0000] {logging_mixin.py:188} INFO - [2026-04-27T23:58:32.691+0000] {dag.py:3954} INFO - Setting next_dagrun for example_bash_operator to 2026-04-26 00:00:00+00:00, run_after=2026-04-27 00:00:00+00:00
[2026-04-27T23:58:32.713+0000] {processor.py:183} INFO - Processing /home/airflow/.local/lib/python3.12/site-packages/airflow/example_dags/example_bash_operator.py took 0.211 seconds
[2026-04-27T23:59:47.158+0000] {processor.py:161} INFO - Started process (PID=85) to work on /home/airflow/.local/lib/python3.12/site-packages/airflow/example_dags/example_bash_operator.py
[2026-04-27T23:59:47.166+0000] {processor.py:830} INFO - Processing file /home/airflow/.local/lib/python3.12/site-packages/airflow/example_dags/example_bash_operator.py for tasks to queue
[2026-04-27T23:59:47.168+0000] {logging_mixin.py:188} INFO - [2026-04-27T23:59:47.167+0000] {dagbag.py:540} INFO - Filling up the DagBag from /home/airflow/.local/lib/python3.12/site-packages/airflow/example_dags/example_bash_operator.py
[2026-04-27T23:59:47.180+0000] {processor.py:840} INFO - DAG(s) 'example_bash_operator' retrieved from /home/airflow/.local/lib/python3.12/site-packages/airflow/example_dags/example_bash_operator.py
[2026-04-27T23:59:47.214+0000] {logging_mixin.py:188} INFO - [2026-04-27T23:59:47.214+0000] {dag.py:3096} INFO - Sync 1 DAGs
[2026-04-27T23:59:47.238+0000] {logging_mixin.py:188} INFO - [2026-04-27T23:59:47.237+0000] {dag.py:3954} INFO - Setting next_dagrun for example_bash_operator to 2026-04-26 00:00:00+00:00, run_after=2026-04-27 00:00:00+00:00
[2026-04-27T23:59:47.259+0000] {processor.py:183} INFO - Processing /home/airflow/.local/lib/python3.12/site-packages/airflow/example_dags/example_bash_operator.py took 0.108 seconds
