[2026-04-27T23:30:16.956+0000] {processor.py:161} INFO - Started process (PID=94) to work on /home/airflow/.local/lib/python3.12/site-packages/airflow/example_dags/example_branch_python_dop_operator_3.py
[2026-04-27T23:30:16.958+0000] {processor.py:830} INFO - Processing file /home/airflow/.local/lib/python3.12/site-packages/airflow/example_dags/example_branch_python_dop_operator_3.py for tasks to queue
[2026-04-27T23:30:16.960+0000] {logging_mixin.py:188} INFO - [2026-04-27T23:30:16.960+0000] {dagbag.py:540} INFO - Filling up the DagBag from /home/airflow/.local/lib/python3.12/site-packages/airflow/example_dags/example_branch_python_dop_operator_3.py
[2026-04-27T23:30:16.974+0000] {processor.py:840} INFO - DAG(s) 'example_branch_dop_operator_v3' retrieved from /home/airflow/.local/lib/python3.12/site-packages/airflow/example_dags/example_branch_python_dop_operator_3.py
[2026-04-27T23:30:17.002+0000] {logging_mixin.py:188} INFO - [2026-04-27T23:30:17.001+0000] {dag.py:3096} INFO - Sync 1 DAGs
[2026-04-27T23:30:17.035+0000] {logging_mixin.py:188} INFO - [2026-04-27T23:30:17.035+0000] {dag.py:3954} INFO - Setting next_dagrun for example_branch_dop_operator_v3 to 2026-04-27 23:29:00+00:00, run_after=2026-04-27 23:30:00+00:00
[2026-04-27T23:30:18.104+0000] {processor.py:183} INFO - Processing /home/airflow/.local/lib/python3.12/site-packages/airflow/example_dags/example_branch_python_dop_operator_3.py took 1.155 seconds
[2026-04-27T23:30:54.065+0000] {processor.py:161} INFO - Started process (PID=153) to work on /home/airflow/.local/lib/python3.12/site-packages/airflow/example_dags/example_branch_python_dop_operator_3.py
[2026-04-27T23:30:54.124+0000] {processor.py:830} INFO - Processing file /home/airflow/.local/lib/python3.12/site-packages/airflow/example_dags/example_branch_python_dop_operator_3.py for tasks to queue
[2026-04-27T23:30:54.126+0000] {logging_mixin.py:188} INFO - [2026-04-27T23:30:54.126+0000] {dagbag.py:540} INFO - Filling up the DagBag from /home/airflow/.local/lib/python3.12/site-packages/airflow/example_dags/example_branch_python_dop_operator_3.py
[2026-04-27T23:30:54.135+0000] {processor.py:840} INFO - DAG(s) 'example_branch_dop_operator_v3' retrieved from /home/airflow/.local/lib/python3.12/site-packages/airflow/example_dags/example_branch_python_dop_operator_3.py
[2026-04-27T23:30:54.156+0000] {logging_mixin.py:188} INFO - [2026-04-27T23:30:54.156+0000] {dag.py:3096} INFO - Sync 1 DAGs
[2026-04-27T23:30:54.180+0000] {logging_mixin.py:188} INFO - [2026-04-27T23:30:54.180+0000] {dag.py:3954} INFO - Setting next_dagrun for example_branch_dop_operator_v3 to 2026-04-27 23:29:00+00:00, run_after=2026-04-27 23:30:00+00:00
[2026-04-27T23:30:54.199+0000] {processor.py:183} INFO - Processing /home/airflow/.local/lib/python3.12/site-packages/airflow/example_dags/example_branch_python_dop_operator_3.py took 0.141 seconds
[2026-04-27T23:32:11.068+0000] {processor.py:161} INFO - Started process (PID=218) to work on /home/airflow/.local/lib/python3.12/site-packages/airflow/example_dags/example_branch_python_dop_operator_3.py
[2026-04-27T23:32:11.114+0000] {processor.py:830} INFO - Processing file /home/airflow/.local/lib/python3.12/site-packages/airflow/example_dags/example_branch_python_dop_operator_3.py for tasks to queue
[2026-04-27T23:32:11.116+0000] {logging_mixin.py:188} INFO - [2026-04-27T23:32:11.116+0000] {dagbag.py:540} INFO - Filling up the DagBag from /home/airflow/.local/lib/python3.12/site-packages/airflow/example_dags/example_branch_python_dop_operator_3.py
[2026-04-27T23:32:11.126+0000] {processor.py:840} INFO - DAG(s) 'example_branch_dop_operator_v3' retrieved from /home/airflow/.local/lib/python3.12/site-packages/airflow/example_dags/example_branch_python_dop_operator_3.py
[2026-04-27T23:32:11.148+0000] {logging_mixin.py:188} INFO - [2026-04-27T23:32:11.147+0000] {dag.py:3096} INFO - Sync 1 DAGs
[2026-04-27T23:32:11.172+0000] {logging_mixin.py:188} INFO - [2026-04-27T23:32:11.172+0000] {dag.py:3954} INFO - Setting next_dagrun for example_branch_dop_operator_v3 to 2026-04-27 23:31:00+00:00, run_after=2026-04-27 23:32:00+00:00
[2026-04-27T23:32:11.192+0000] {processor.py:183} INFO - Processing /home/airflow/.local/lib/python3.12/site-packages/airflow/example_dags/example_branch_python_dop_operator_3.py took 0.136 seconds
[2026-04-27T23:32:41.285+0000] {processor.py:161} INFO - Started process (PID=277) to work on /home/airflow/.local/lib/python3.12/site-packages/airflow/example_dags/example_branch_python_dop_operator_3.py
[2026-04-27T23:32:41.287+0000] {processor.py:830} INFO - Processing file /home/airflow/.local/lib/python3.12/site-packages/airflow/example_dags/example_branch_python_dop_operator_3.py for tasks to queue
[2026-04-27T23:32:41.290+0000] {logging_mixin.py:188} INFO - [2026-04-27T23:32:41.289+0000] {dagbag.py:540} INFO - Filling up the DagBag from /home/airflow/.local/lib/python3.12/site-packages/airflow/example_dags/example_branch_python_dop_operator_3.py
[2026-04-27T23:32:41.302+0000] {processor.py:840} INFO - DAG(s) 'example_branch_dop_operator_v3' retrieved from /home/airflow/.local/lib/python3.12/site-packages/airflow/example_dags/example_branch_python_dop_operator_3.py
[2026-04-27T23:32:41.330+0000] {logging_mixin.py:188} INFO - [2026-04-27T23:32:41.330+0000] {dag.py:3096} INFO - Sync 1 DAGs
[2026-04-27T23:32:41.361+0000] {logging_mixin.py:188} INFO - [2026-04-27T23:32:41.361+0000] {dag.py:3954} INFO - Setting next_dagrun for example_branch_dop_operator_v3 to 2026-04-27 23:31:00+00:00, run_after=2026-04-27 23:32:00+00:00
[2026-04-27T23:32:41.385+0000] {processor.py:183} INFO - Processing /home/airflow/.local/lib/python3.12/site-packages/airflow/example_dags/example_branch_python_dop_operator_3.py took 0.109 seconds
[2026-04-27T23:33:12.238+0000] {processor.py:161} INFO - Started process (PID=336) to work on /home/airflow/.local/lib/python3.12/site-packages/airflow/example_dags/example_branch_python_dop_operator_3.py
[2026-04-27T23:33:12.239+0000] {processor.py:830} INFO - Processing file /home/airflow/.local/lib/python3.12/site-packages/airflow/example_dags/example_branch_python_dop_operator_3.py for tasks to queue
[2026-04-27T23:33:12.242+0000] {logging_mixin.py:188} INFO - [2026-04-27T23:33:12.241+0000] {dagbag.py:540} INFO - Filling up the DagBag from /home/airflow/.local/lib/python3.12/site-packages/airflow/example_dags/example_branch_python_dop_operator_3.py
[2026-04-27T23:33:12.252+0000] {processor.py:840} INFO - DAG(s) 'example_branch_dop_operator_v3' retrieved from /home/airflow/.local/lib/python3.12/site-packages/airflow/example_dags/example_branch_python_dop_operator_3.py
[2026-04-27T23:33:12.276+0000] {logging_mixin.py:188} INFO - [2026-04-27T23:33:12.276+0000] {dag.py:3096} INFO - Sync 1 DAGs
[2026-04-27T23:33:12.304+0000] {logging_mixin.py:188} INFO - [2026-04-27T23:33:12.303+0000] {dag.py:3954} INFO - Setting next_dagrun for example_branch_dop_operator_v3 to 2026-04-27 23:32:00+00:00, run_after=2026-04-27 23:33:00+00:00
[2026-04-27T23:33:12.326+0000] {processor.py:183} INFO - Processing /home/airflow/.local/lib/python3.12/site-packages/airflow/example_dags/example_branch_python_dop_operator_3.py took 0.094 seconds
[2026-04-27T23:33:42.900+0000] {processor.py:161} INFO - Started process (PID=394) to work on /home/airflow/.local/lib/python3.12/site-packages/airflow/example_dags/example_branch_python_dop_operator_3.py
[2026-04-27T23:33:42.902+0000] {processor.py:830} INFO - Processing file /home/airflow/.local/lib/python3.12/site-packages/airflow/example_dags/example_branch_python_dop_operator_3.py for tasks to queue
[2026-04-27T23:33:42.904+0000] {logging_mixin.py:188} INFO - [2026-04-27T23:33:42.904+0000] {dagbag.py:540} INFO - Filling up the DagBag from /home/airflow/.local/lib/python3.12/site-packages/airflow/example_dags/example_branch_python_dop_operator_3.py
[2026-04-27T23:33:42.913+0000] {processor.py:840} INFO - DAG(s) 'example_branch_dop_operator_v3' retrieved from /home/airflow/.local/lib/python3.12/site-packages/airflow/example_dags/example_branch_python_dop_operator_3.py
[2026-04-27T23:33:42.935+0000] {logging_mixin.py:188} INFO - [2026-04-27T23:33:42.935+0000] {dag.py:3096} INFO - Sync 1 DAGs
[2026-04-27T23:33:42.960+0000] {logging_mixin.py:188} INFO - [2026-04-27T23:33:42.960+0000] {dag.py:3954} INFO - Setting next_dagrun for example_branch_dop_operator_v3 to 2026-04-27 23:32:00+00:00, run_after=2026-04-27 23:33:00+00:00
[2026-04-27T23:33:42.980+0000] {processor.py:183} INFO - Processing /home/airflow/.local/lib/python3.12/site-packages/airflow/example_dags/example_branch_python_dop_operator_3.py took 0.086 seconds
[2026-04-27T23:34:13.291+0000] {processor.py:161} INFO - Started process (PID=453) to work on /home/airflow/.local/lib/python3.12/site-packages/airflow/example_dags/example_branch_python_dop_operator_3.py
[2026-04-27T23:34:13.293+0000] {processor.py:830} INFO - Processing file /home/airflow/.local/lib/python3.12/site-packages/airflow/example_dags/example_branch_python_dop_operator_3.py for tasks to queue
[2026-04-27T23:34:13.295+0000] {logging_mixin.py:188} INFO - [2026-04-27T23:34:13.295+0000] {dagbag.py:540} INFO - Filling up the DagBag from /home/airflow/.local/lib/python3.12/site-packages/airflow/example_dags/example_branch_python_dop_operator_3.py
[2026-04-27T23:34:13.305+0000] {processor.py:840} INFO - DAG(s) 'example_branch_dop_operator_v3' retrieved from /home/airflow/.local/lib/python3.12/site-packages/airflow/example_dags/example_branch_python_dop_operator_3.py
[2026-04-27T23:34:13.326+0000] {logging_mixin.py:188} INFO - [2026-04-27T23:34:13.326+0000] {dag.py:3096} INFO - Sync 1 DAGs
[2026-04-27T23:34:13.349+0000] {logging_mixin.py:188} INFO - [2026-04-27T23:34:13.349+0000] {dag.py:3954} INFO - Setting next_dagrun for example_branch_dop_operator_v3 to 2026-04-27 23:33:00+00:00, run_after=2026-04-27 23:34:00+00:00
[2026-04-27T23:34:13.369+0000] {processor.py:183} INFO - Processing /home/airflow/.local/lib/python3.12/site-packages/airflow/example_dags/example_branch_python_dop_operator_3.py took 0.084 seconds
[2026-04-27T23:34:43.854+0000] {processor.py:161} INFO - Started process (PID=512) to work on /home/airflow/.local/lib/python3.12/site-packages/airflow/example_dags/example_branch_python_dop_operator_3.py
[2026-04-27T23:34:43.855+0000] {processor.py:830} INFO - Processing file /home/airflow/.local/lib/python3.12/site-packages/airflow/example_dags/example_branch_python_dop_operator_3.py for tasks to queue
[2026-04-27T23:34:43.857+0000] {logging_mixin.py:188} INFO - [2026-04-27T23:34:43.857+0000] {dagbag.py:540} INFO - Filling up the DagBag from /home/airflow/.local/lib/python3.12/site-packages/airflow/example_dags/example_branch_python_dop_operator_3.py
[2026-04-27T23:34:43.866+0000] {processor.py:840} INFO - DAG(s) 'example_branch_dop_operator_v3' retrieved from /home/airflow/.local/lib/python3.12/site-packages/airflow/example_dags/example_branch_python_dop_operator_3.py
[2026-04-27T23:34:43.889+0000] {logging_mixin.py:188} INFO - [2026-04-27T23:34:43.888+0000] {dag.py:3096} INFO - Sync 1 DAGs
[2026-04-27T23:34:43.916+0000] {logging_mixin.py:188} INFO - [2026-04-27T23:34:43.916+0000] {dag.py:3954} INFO - Setting next_dagrun for example_branch_dop_operator_v3 to 2026-04-27 23:33:00+00:00, run_after=2026-04-27 23:34:00+00:00
[2026-04-27T23:34:44.294+0000] {processor.py:183} INFO - Processing /home/airflow/.local/lib/python3.12/site-packages/airflow/example_dags/example_branch_python_dop_operator_3.py took 0.446 seconds
[2026-04-27T23:35:15.201+0000] {processor.py:161} INFO - Started process (PID=571) to work on /home/airflow/.local/lib/python3.12/site-packages/airflow/example_dags/example_branch_python_dop_operator_3.py
[2026-04-27T23:35:15.202+0000] {processor.py:830} INFO - Processing file /home/airflow/.local/lib/python3.12/site-packages/airflow/example_dags/example_branch_python_dop_operator_3.py for tasks to queue
[2026-04-27T23:35:15.204+0000] {logging_mixin.py:188} INFO - [2026-04-27T23:35:15.204+0000] {dagbag.py:540} INFO - Filling up the DagBag from /home/airflow/.local/lib/python3.12/site-packages/airflow/example_dags/example_branch_python_dop_operator_3.py
[2026-04-27T23:35:15.214+0000] {processor.py:840} INFO - DAG(s) 'example_branch_dop_operator_v3' retrieved from /home/airflow/.local/lib/python3.12/site-packages/airflow/example_dags/example_branch_python_dop_operator_3.py
[2026-04-27T23:35:15.236+0000] {logging_mixin.py:188} INFO - [2026-04-27T23:35:15.236+0000] {dag.py:3096} INFO - Sync 1 DAGs
[2026-04-27T23:35:15.259+0000] {logging_mixin.py:188} INFO - [2026-04-27T23:35:15.259+0000] {dag.py:3954} INFO - Setting next_dagrun for example_branch_dop_operator_v3 to 2026-04-27 23:34:00+00:00, run_after=2026-04-27 23:35:00+00:00
[2026-04-27T23:35:15.370+0000] {processor.py:183} INFO - Processing /home/airflow/.local/lib/python3.12/site-packages/airflow/example_dags/example_branch_python_dop_operator_3.py took 0.176 seconds
[2026-04-27T23:35:45.632+0000] {processor.py:161} INFO - Started process (PID=630) to work on /home/airflow/.local/lib/python3.12/site-packages/airflow/example_dags/example_branch_python_dop_operator_3.py
[2026-04-27T23:35:45.633+0000] {processor.py:830} INFO - Processing file /home/airflow/.local/lib/python3.12/site-packages/airflow/example_dags/example_branch_python_dop_operator_3.py for tasks to queue
[2026-04-27T23:35:45.635+0000] {logging_mixin.py:188} INFO - [2026-04-27T23:35:45.635+0000] {dagbag.py:540} INFO - Filling up the DagBag from /home/airflow/.local/lib/python3.12/site-packages/airflow/example_dags/example_branch_python_dop_operator_3.py
[2026-04-27T23:35:45.645+0000] {processor.py:840} INFO - DAG(s) 'example_branch_dop_operator_v3' retrieved from /home/airflow/.local/lib/python3.12/site-packages/airflow/example_dags/example_branch_python_dop_operator_3.py
[2026-04-27T23:35:45.670+0000] {logging_mixin.py:188} INFO - [2026-04-27T23:35:45.669+0000] {dag.py:3096} INFO - Sync 1 DAGs
[2026-04-27T23:35:45.699+0000] {logging_mixin.py:188} INFO - [2026-04-27T23:35:45.699+0000] {dag.py:3954} INFO - Setting next_dagrun for example_branch_dop_operator_v3 to 2026-04-27 23:34:00+00:00, run_after=2026-04-27 23:35:00+00:00
[2026-04-27T23:35:45.719+0000] {processor.py:183} INFO - Processing /home/airflow/.local/lib/python3.12/site-packages/airflow/example_dags/example_branch_python_dop_operator_3.py took 0.094 seconds
[2026-04-27T23:36:16.206+0000] {processor.py:161} INFO - Started process (PID=689) to work on /home/airflow/.local/lib/python3.12/site-packages/airflow/example_dags/example_branch_python_dop_operator_3.py
[2026-04-27T23:36:16.207+0000] {processor.py:830} INFO - Processing file /home/airflow/.local/lib/python3.12/site-packages/airflow/example_dags/example_branch_python_dop_operator_3.py for tasks to queue
[2026-04-27T23:36:16.210+0000] {logging_mixin.py:188} INFO - [2026-04-27T23:36:16.210+0000] {dagbag.py:540} INFO - Filling up the DagBag from /home/airflow/.local/lib/python3.12/site-packages/airflow/example_dags/example_branch_python_dop_operator_3.py
[2026-04-27T23:36:16.219+0000] {processor.py:840} INFO - DAG(s) 'example_branch_dop_operator_v3' retrieved from /home/airflow/.local/lib/python3.12/site-packages/airflow/example_dags/example_branch_python_dop_operator_3.py
[2026-04-27T23:36:16.251+0000] {logging_mixin.py:188} INFO - [2026-04-27T23:36:16.250+0000] {dag.py:3096} INFO - Sync 1 DAGs
[2026-04-27T23:36:16.290+0000] {logging_mixin.py:188} INFO - [2026-04-27T23:36:16.289+0000] {dag.py:3954} INFO - Setting next_dagrun for example_branch_dop_operator_v3 to 2026-04-27 23:35:00+00:00, run_after=2026-04-27 23:36:00+00:00
[2026-04-27T23:36:16.321+0000] {processor.py:183} INFO - Processing /home/airflow/.local/lib/python3.12/site-packages/airflow/example_dags/example_branch_python_dop_operator_3.py took 0.121 seconds
[2026-04-27T23:36:46.470+0000] {processor.py:161} INFO - Started process (PID=749) to work on /home/airflow/.local/lib/python3.12/site-packages/airflow/example_dags/example_branch_python_dop_operator_3.py
[2026-04-27T23:36:46.472+0000] {processor.py:830} INFO - Processing file /home/airflow/.local/lib/python3.12/site-packages/airflow/example_dags/example_branch_python_dop_operator_3.py for tasks to queue
[2026-04-27T23:36:46.474+0000] {logging_mixin.py:188} INFO - [2026-04-27T23:36:46.474+0000] {dagbag.py:540} INFO - Filling up the DagBag from /home/airflow/.local/lib/python3.12/site-packages/airflow/example_dags/example_branch_python_dop_operator_3.py
[2026-04-27T23:36:46.487+0000] {processor.py:840} INFO - DAG(s) 'example_branch_dop_operator_v3' retrieved from /home/airflow/.local/lib/python3.12/site-packages/airflow/example_dags/example_branch_python_dop_operator_3.py
[2026-04-27T23:36:46.511+0000] {logging_mixin.py:188} INFO - [2026-04-27T23:36:46.510+0000] {dag.py:3096} INFO - Sync 1 DAGs
[2026-04-27T23:36:46.539+0000] {logging_mixin.py:188} INFO - [2026-04-27T23:36:46.539+0000] {dag.py:3954} INFO - Setting next_dagrun for example_branch_dop_operator_v3 to 2026-04-27 23:35:00+00:00, run_after=2026-04-27 23:36:00+00:00
[2026-04-27T23:36:46.562+0000] {processor.py:183} INFO - Processing /home/airflow/.local/lib/python3.12/site-packages/airflow/example_dags/example_branch_python_dop_operator_3.py took 0.099 seconds
[2026-04-27T23:37:17.110+0000] {processor.py:161} INFO - Started process (PID=808) to work on /home/airflow/.local/lib/python3.12/site-packages/airflow/example_dags/example_branch_python_dop_operator_3.py
[2026-04-27T23:37:17.111+0000] {processor.py:830} INFO - Processing file /home/airflow/.local/lib/python3.12/site-packages/airflow/example_dags/example_branch_python_dop_operator_3.py for tasks to queue
[2026-04-27T23:37:17.116+0000] {logging_mixin.py:188} INFO - [2026-04-27T23:37:17.115+0000] {dagbag.py:540} INFO - Filling up the DagBag from /home/airflow/.local/lib/python3.12/site-packages/airflow/example_dags/example_branch_python_dop_operator_3.py
[2026-04-27T23:37:17.129+0000] {processor.py:840} INFO - DAG(s) 'example_branch_dop_operator_v3' retrieved from /home/airflow/.local/lib/python3.12/site-packages/airflow/example_dags/example_branch_python_dop_operator_3.py
[2026-04-27T23:37:17.153+0000] {logging_mixin.py:188} INFO - [2026-04-27T23:37:17.153+0000] {dag.py:3096} INFO - Sync 1 DAGs
[2026-04-27T23:37:17.180+0000] {logging_mixin.py:188} INFO - [2026-04-27T23:37:17.180+0000] {dag.py:3954} INFO - Setting next_dagrun for example_branch_dop_operator_v3 to 2026-04-27 23:36:00+00:00, run_after=2026-04-27 23:37:00+00:00
[2026-04-27T23:37:17.201+0000] {processor.py:183} INFO - Processing /home/airflow/.local/lib/python3.12/site-packages/airflow/example_dags/example_branch_python_dop_operator_3.py took 0.100 seconds
[2026-04-27T23:37:47.655+0000] {processor.py:161} INFO - Started process (PID=865) to work on /home/airflow/.local/lib/python3.12/site-packages/airflow/example_dags/example_branch_python_dop_operator_3.py
[2026-04-27T23:37:47.656+0000] {processor.py:830} INFO - Processing file /home/airflow/.local/lib/python3.12/site-packages/airflow/example_dags/example_branch_python_dop_operator_3.py for tasks to queue
[2026-04-27T23:37:47.659+0000] {logging_mixin.py:188} INFO - [2026-04-27T23:37:47.659+0000] {dagbag.py:540} INFO - Filling up the DagBag from /home/airflow/.local/lib/python3.12/site-packages/airflow/example_dags/example_branch_python_dop_operator_3.py
[2026-04-27T23:37:47.670+0000] {processor.py:840} INFO - DAG(s) 'example_branch_dop_operator_v3' retrieved from /home/airflow/.local/lib/python3.12/site-packages/airflow/example_dags/example_branch_python_dop_operator_3.py
[2026-04-27T23:37:47.695+0000] {logging_mixin.py:188} INFO - [2026-04-27T23:37:47.695+0000] {dag.py:3096} INFO - Sync 1 DAGs
[2026-04-27T23:37:47.722+0000] {logging_mixin.py:188} INFO - [2026-04-27T23:37:47.721+0000] {dag.py:3954} INFO - Setting next_dagrun for example_branch_dop_operator_v3 to 2026-04-27 23:36:00+00:00, run_after=2026-04-27 23:37:00+00:00
[2026-04-27T23:37:47.744+0000] {processor.py:183} INFO - Processing /home/airflow/.local/lib/python3.12/site-packages/airflow/example_dags/example_branch_python_dop_operator_3.py took 0.095 seconds
[2026-04-27T23:38:18.032+0000] {processor.py:161} INFO - Started process (PID=923) to work on /home/airflow/.local/lib/python3.12/site-packages/airflow/example_dags/example_branch_python_dop_operator_3.py
[2026-04-27T23:38:18.033+0000] {processor.py:830} INFO - Processing file /home/airflow/.local/lib/python3.12/site-packages/airflow/example_dags/example_branch_python_dop_operator_3.py for tasks to queue
[2026-04-27T23:38:18.036+0000] {logging_mixin.py:188} INFO - [2026-04-27T23:38:18.035+0000] {dagbag.py:540} INFO - Filling up the DagBag from /home/airflow/.local/lib/python3.12/site-packages/airflow/example_dags/example_branch_python_dop_operator_3.py
[2026-04-27T23:38:18.049+0000] {processor.py:840} INFO - DAG(s) 'example_branch_dop_operator_v3' retrieved from /home/airflow/.local/lib/python3.12/site-packages/airflow/example_dags/example_branch_python_dop_operator_3.py
[2026-04-27T23:38:18.333+0000] {logging_mixin.py:188} INFO - [2026-04-27T23:38:18.332+0000] {dag.py:3096} INFO - Sync 1 DAGs
[2026-04-27T23:38:18.367+0000] {logging_mixin.py:188} INFO - [2026-04-27T23:38:18.367+0000] {dag.py:3954} INFO - Setting next_dagrun for example_branch_dop_operator_v3 to 2026-04-27 23:37:00+00:00, run_after=2026-04-27 23:38:00+00:00
[2026-04-27T23:38:18.652+0000] {processor.py:183} INFO - Processing /home/airflow/.local/lib/python3.12/site-packages/airflow/example_dags/example_branch_python_dop_operator_3.py took 0.626 seconds
[2026-04-27T23:38:49.535+0000] {processor.py:161} INFO - Started process (PID=982) to work on /home/airflow/.local/lib/python3.12/site-packages/airflow/example_dags/example_branch_python_dop_operator_3.py
[2026-04-27T23:38:49.537+0000] {processor.py:830} INFO - Processing file /home/airflow/.local/lib/python3.12/site-packages/airflow/example_dags/example_branch_python_dop_operator_3.py for tasks to queue
[2026-04-27T23:38:49.787+0000] {logging_mixin.py:188} INFO - [2026-04-27T23:38:49.539+0000] {dagbag.py:540} INFO - Filling up the DagBag from /home/airflow/.local/lib/python3.12/site-packages/airflow/example_dags/example_branch_python_dop_operator_3.py
[2026-04-27T23:38:49.799+0000] {processor.py:840} INFO - DAG(s) 'example_branch_dop_operator_v3' retrieved from /home/airflow/.local/lib/python3.12/site-packages/airflow/example_dags/example_branch_python_dop_operator_3.py
[2026-04-27T23:38:49.825+0000] {logging_mixin.py:188} INFO - [2026-04-27T23:38:49.825+0000] {dag.py:3096} INFO - Sync 1 DAGs
[2026-04-27T23:38:49.850+0000] {logging_mixin.py:188} INFO - [2026-04-27T23:38:49.850+0000] {dag.py:3954} INFO - Setting next_dagrun for example_branch_dop_operator_v3 to 2026-04-27 23:37:00+00:00, run_after=2026-04-27 23:38:00+00:00
[2026-04-27T23:38:49.871+0000] {processor.py:183} INFO - Processing /home/airflow/.local/lib/python3.12/site-packages/airflow/example_dags/example_branch_python_dop_operator_3.py took 0.342 seconds
[2026-04-27T23:39:20.703+0000] {processor.py:161} INFO - Started process (PID=1041) to work on /home/airflow/.local/lib/python3.12/site-packages/airflow/example_dags/example_branch_python_dop_operator_3.py
[2026-04-27T23:39:20.704+0000] {processor.py:830} INFO - Processing file /home/airflow/.local/lib/python3.12/site-packages/airflow/example_dags/example_branch_python_dop_operator_3.py for tasks to queue
[2026-04-27T23:39:20.707+0000] {logging_mixin.py:188} INFO - [2026-04-27T23:39:20.706+0000] {dagbag.py:540} INFO - Filling up the DagBag from /home/airflow/.local/lib/python3.12/site-packages/airflow/example_dags/example_branch_python_dop_operator_3.py
[2026-04-27T23:39:20.717+0000] {processor.py:840} INFO - DAG(s) 'example_branch_dop_operator_v3' retrieved from /home/airflow/.local/lib/python3.12/site-packages/airflow/example_dags/example_branch_python_dop_operator_3.py
[2026-04-27T23:39:20.740+0000] {logging_mixin.py:188} INFO - [2026-04-27T23:39:20.740+0000] {dag.py:3096} INFO - Sync 1 DAGs
[2026-04-27T23:39:20.766+0000] {logging_mixin.py:188} INFO - [2026-04-27T23:39:20.766+0000] {dag.py:3954} INFO - Setting next_dagrun for example_branch_dop_operator_v3 to 2026-04-27 23:38:00+00:00, run_after=2026-04-27 23:39:00+00:00
[2026-04-27T23:39:20.944+0000] {processor.py:183} INFO - Processing /home/airflow/.local/lib/python3.12/site-packages/airflow/example_dags/example_branch_python_dop_operator_3.py took 0.249 seconds
[2026-04-27T23:39:51.909+0000] {processor.py:161} INFO - Started process (PID=1100) to work on /home/airflow/.local/lib/python3.12/site-packages/airflow/example_dags/example_branch_python_dop_operator_3.py
[2026-04-27T23:39:51.911+0000] {processor.py:830} INFO - Processing file /home/airflow/.local/lib/python3.12/site-packages/airflow/example_dags/example_branch_python_dop_operator_3.py for tasks to queue
[2026-04-27T23:39:51.914+0000] {logging_mixin.py:188} INFO - [2026-04-27T23:39:51.913+0000] {dagbag.py:540} INFO - Filling up the DagBag from /home/airflow/.local/lib/python3.12/site-packages/airflow/example_dags/example_branch_python_dop_operator_3.py
[2026-04-27T23:39:51.924+0000] {processor.py:840} INFO - DAG(s) 'example_branch_dop_operator_v3' retrieved from /home/airflow/.local/lib/python3.12/site-packages/airflow/example_dags/example_branch_python_dop_operator_3.py
[2026-04-27T23:39:51.950+0000] {logging_mixin.py:188} INFO - [2026-04-27T23:39:51.950+0000] {dag.py:3096} INFO - Sync 1 DAGs
[2026-04-27T23:39:51.981+0000] {logging_mixin.py:188} INFO - [2026-04-27T23:39:51.981+0000] {dag.py:3954} INFO - Setting next_dagrun for example_branch_dop_operator_v3 to 2026-04-27 23:38:00+00:00, run_after=2026-04-27 23:39:00+00:00
[2026-04-27T23:39:52.005+0000] {processor.py:183} INFO - Processing /home/airflow/.local/lib/python3.12/site-packages/airflow/example_dags/example_branch_python_dop_operator_3.py took 0.103 seconds
[2026-04-27T23:40:22.366+0000] {processor.py:161} INFO - Started process (PID=1159) to work on /home/airflow/.local/lib/python3.12/site-packages/airflow/example_dags/example_branch_python_dop_operator_3.py
[2026-04-27T23:40:22.368+0000] {processor.py:830} INFO - Processing file /home/airflow/.local/lib/python3.12/site-packages/airflow/example_dags/example_branch_python_dop_operator_3.py for tasks to queue
[2026-04-27T23:40:22.370+0000] {logging_mixin.py:188} INFO - [2026-04-27T23:40:22.370+0000] {dagbag.py:540} INFO - Filling up the DagBag from /home/airflow/.local/lib/python3.12/site-packages/airflow/example_dags/example_branch_python_dop_operator_3.py
[2026-04-27T23:40:22.380+0000] {processor.py:840} INFO - DAG(s) 'example_branch_dop_operator_v3' retrieved from /home/airflow/.local/lib/python3.12/site-packages/airflow/example_dags/example_branch_python_dop_operator_3.py
[2026-04-27T23:40:22.401+0000] {logging_mixin.py:188} INFO - [2026-04-27T23:40:22.401+0000] {dag.py:3096} INFO - Sync 1 DAGs
[2026-04-27T23:40:22.428+0000] {logging_mixin.py:188} INFO - [2026-04-27T23:40:22.427+0000] {dag.py:3954} INFO - Setting next_dagrun for example_branch_dop_operator_v3 to 2026-04-27 23:39:00+00:00, run_after=2026-04-27 23:40:00+00:00
[2026-04-27T23:40:22.448+0000] {processor.py:183} INFO - Processing /home/airflow/.local/lib/python3.12/site-packages/airflow/example_dags/example_branch_python_dop_operator_3.py took 0.088 seconds
[2026-04-27T23:40:53.087+0000] {processor.py:161} INFO - Started process (PID=1218) to work on /home/airflow/.local/lib/python3.12/site-packages/airflow/example_dags/example_branch_python_dop_operator_3.py
[2026-04-27T23:40:53.089+0000] {processor.py:830} INFO - Processing file /home/airflow/.local/lib/python3.12/site-packages/airflow/example_dags/example_branch_python_dop_operator_3.py for tasks to queue
[2026-04-27T23:40:53.091+0000] {logging_mixin.py:188} INFO - [2026-04-27T23:40:53.091+0000] {dagbag.py:540} INFO - Filling up the DagBag from /home/airflow/.local/lib/python3.12/site-packages/airflow/example_dags/example_branch_python_dop_operator_3.py
[2026-04-27T23:40:53.102+0000] {processor.py:840} INFO - DAG(s) 'example_branch_dop_operator_v3' retrieved from /home/airflow/.local/lib/python3.12/site-packages/airflow/example_dags/example_branch_python_dop_operator_3.py
[2026-04-27T23:40:53.163+0000] {logging_mixin.py:188} INFO - [2026-04-27T23:40:53.163+0000] {dag.py:3096} INFO - Sync 1 DAGs
[2026-04-27T23:40:53.188+0000] {logging_mixin.py:188} INFO - [2026-04-27T23:40:53.188+0000] {dag.py:3954} INFO - Setting next_dagrun for example_branch_dop_operator_v3 to 2026-04-27 23:39:00+00:00, run_after=2026-04-27 23:40:00+00:00
[2026-04-27T23:40:53.209+0000] {processor.py:183} INFO - Processing /home/airflow/.local/lib/python3.12/site-packages/airflow/example_dags/example_branch_python_dop_operator_3.py took 0.129 seconds
[2026-04-27T23:41:23.910+0000] {processor.py:161} INFO - Started process (PID=1277) to work on /home/airflow/.local/lib/python3.12/site-packages/airflow/example_dags/example_branch_python_dop_operator_3.py
[2026-04-27T23:41:23.911+0000] {processor.py:830} INFO - Processing file /home/airflow/.local/lib/python3.12/site-packages/airflow/example_dags/example_branch_python_dop_operator_3.py for tasks to queue
[2026-04-27T23:41:23.913+0000] {logging_mixin.py:188} INFO - [2026-04-27T23:41:23.913+0000] {dagbag.py:540} INFO - Filling up the DagBag from /home/airflow/.local/lib/python3.12/site-packages/airflow/example_dags/example_branch_python_dop_operator_3.py
[2026-04-27T23:41:23.924+0000] {processor.py:840} INFO - DAG(s) 'example_branch_dop_operator_v3' retrieved from /home/airflow/.local/lib/python3.12/site-packages/airflow/example_dags/example_branch_python_dop_operator_3.py
[2026-04-27T23:41:23.949+0000] {logging_mixin.py:188} INFO - [2026-04-27T23:41:23.948+0000] {dag.py:3096} INFO - Sync 1 DAGs
[2026-04-27T23:41:24.153+0000] {logging_mixin.py:188} INFO - [2026-04-27T23:41:24.152+0000] {dag.py:3954} INFO - Setting next_dagrun for example_branch_dop_operator_v3 to 2026-04-27 23:40:00+00:00, run_after=2026-04-27 23:41:00+00:00
[2026-04-27T23:41:24.172+0000] {processor.py:183} INFO - Processing /home/airflow/.local/lib/python3.12/site-packages/airflow/example_dags/example_branch_python_dop_operator_3.py took 0.270 seconds
[2026-04-27T23:41:55.120+0000] {processor.py:161} INFO - Started process (PID=1336) to work on /home/airflow/.local/lib/python3.12/site-packages/airflow/example_dags/example_branch_python_dop_operator_3.py
[2026-04-27T23:41:55.122+0000] {processor.py:830} INFO - Processing file /home/airflow/.local/lib/python3.12/site-packages/airflow/example_dags/example_branch_python_dop_operator_3.py for tasks to queue
[2026-04-27T23:41:55.125+0000] {logging_mixin.py:188} INFO - [2026-04-27T23:41:55.124+0000] {dagbag.py:540} INFO - Filling up the DagBag from /home/airflow/.local/lib/python3.12/site-packages/airflow/example_dags/example_branch_python_dop_operator_3.py
[2026-04-27T23:41:55.134+0000] {processor.py:840} INFO - DAG(s) 'example_branch_dop_operator_v3' retrieved from /home/airflow/.local/lib/python3.12/site-packages/airflow/example_dags/example_branch_python_dop_operator_3.py
[2026-04-27T23:41:55.158+0000] {logging_mixin.py:188} INFO - [2026-04-27T23:41:55.158+0000] {dag.py:3096} INFO - Sync 1 DAGs
[2026-04-27T23:41:55.186+0000] {logging_mixin.py:188} INFO - [2026-04-27T23:41:55.186+0000] {dag.py:3954} INFO - Setting next_dagrun for example_branch_dop_operator_v3 to 2026-04-27 23:40:00+00:00, run_after=2026-04-27 23:41:00+00:00
[2026-04-27T23:41:55.295+0000] {processor.py:183} INFO - Processing /home/airflow/.local/lib/python3.12/site-packages/airflow/example_dags/example_branch_python_dop_operator_3.py took 0.181 seconds
[2026-04-27T23:42:25.903+0000] {processor.py:161} INFO - Started process (PID=1395) to work on /home/airflow/.local/lib/python3.12/site-packages/airflow/example_dags/example_branch_python_dop_operator_3.py
[2026-04-27T23:42:25.905+0000] {processor.py:830} INFO - Processing file /home/airflow/.local/lib/python3.12/site-packages/airflow/example_dags/example_branch_python_dop_operator_3.py for tasks to queue
[2026-04-27T23:42:25.908+0000] {logging_mixin.py:188} INFO - [2026-04-27T23:42:25.907+0000] {dagbag.py:540} INFO - Filling up the DagBag from /home/airflow/.local/lib/python3.12/site-packages/airflow/example_dags/example_branch_python_dop_operator_3.py
[2026-04-27T23:42:25.917+0000] {processor.py:840} INFO - DAG(s) 'example_branch_dop_operator_v3' retrieved from /home/airflow/.local/lib/python3.12/site-packages/airflow/example_dags/example_branch_python_dop_operator_3.py
[2026-04-27T23:42:25.940+0000] {logging_mixin.py:188} INFO - [2026-04-27T23:42:25.939+0000] {dag.py:3096} INFO - Sync 1 DAGs
[2026-04-27T23:42:25.965+0000] {logging_mixin.py:188} INFO - [2026-04-27T23:42:25.965+0000] {dag.py:3954} INFO - Setting next_dagrun for example_branch_dop_operator_v3 to 2026-04-27 23:41:00+00:00, run_after=2026-04-27 23:42:00+00:00
[2026-04-27T23:42:25.987+0000] {processor.py:183} INFO - Processing /home/airflow/.local/lib/python3.12/site-packages/airflow/example_dags/example_branch_python_dop_operator_3.py took 0.092 seconds
[2026-04-27T23:42:56.912+0000] {processor.py:161} INFO - Started process (PID=1454) to work on /home/airflow/.local/lib/python3.12/site-packages/airflow/example_dags/example_branch_python_dop_operator_3.py
[2026-04-27T23:42:56.913+0000] {processor.py:830} INFO - Processing file /home/airflow/.local/lib/python3.12/site-packages/airflow/example_dags/example_branch_python_dop_operator_3.py for tasks to queue
[2026-04-27T23:42:56.916+0000] {logging_mixin.py:188} INFO - [2026-04-27T23:42:56.915+0000] {dagbag.py:540} INFO - Filling up the DagBag from /home/airflow/.local/lib/python3.12/site-packages/airflow/example_dags/example_branch_python_dop_operator_3.py
[2026-04-27T23:42:56.926+0000] {processor.py:840} INFO - DAG(s) 'example_branch_dop_operator_v3' retrieved from /home/airflow/.local/lib/python3.12/site-packages/airflow/example_dags/example_branch_python_dop_operator_3.py
[2026-04-27T23:42:56.949+0000] {logging_mixin.py:188} INFO - [2026-04-27T23:42:56.949+0000] {dag.py:3096} INFO - Sync 1 DAGs
[2026-04-27T23:42:56.977+0000] {logging_mixin.py:188} INFO - [2026-04-27T23:42:56.977+0000] {dag.py:3954} INFO - Setting next_dagrun for example_branch_dop_operator_v3 to 2026-04-27 23:41:00+00:00, run_after=2026-04-27 23:42:00+00:00
[2026-04-27T23:42:56.997+0000] {processor.py:183} INFO - Processing /home/airflow/.local/lib/python3.12/site-packages/airflow/example_dags/example_branch_python_dop_operator_3.py took 0.092 seconds
[2026-04-27T23:43:27.805+0000] {processor.py:161} INFO - Started process (PID=1513) to work on /home/airflow/.local/lib/python3.12/site-packages/airflow/example_dags/example_branch_python_dop_operator_3.py
[2026-04-27T23:43:27.806+0000] {processor.py:830} INFO - Processing file /home/airflow/.local/lib/python3.12/site-packages/airflow/example_dags/example_branch_python_dop_operator_3.py for tasks to queue
[2026-04-27T23:43:27.809+0000] {logging_mixin.py:188} INFO - [2026-04-27T23:43:27.809+0000] {dagbag.py:540} INFO - Filling up the DagBag from /home/airflow/.local/lib/python3.12/site-packages/airflow/example_dags/example_branch_python_dop_operator_3.py
[2026-04-27T23:43:27.821+0000] {processor.py:840} INFO - DAG(s) 'example_branch_dop_operator_v3' retrieved from /home/airflow/.local/lib/python3.12/site-packages/airflow/example_dags/example_branch_python_dop_operator_3.py
[2026-04-27T23:43:27.846+0000] {logging_mixin.py:188} INFO - [2026-04-27T23:43:27.845+0000] {dag.py:3096} INFO - Sync 1 DAGs
[2026-04-27T23:43:27.877+0000] {logging_mixin.py:188} INFO - [2026-04-27T23:43:27.877+0000] {dag.py:3954} INFO - Setting next_dagrun for example_branch_dop_operator_v3 to 2026-04-27 23:42:00+00:00, run_after=2026-04-27 23:43:00+00:00
[2026-04-27T23:43:27.905+0000] {processor.py:183} INFO - Processing /home/airflow/.local/lib/python3.12/site-packages/airflow/example_dags/example_branch_python_dop_operator_3.py took 0.107 seconds
[2026-04-27T23:43:58.551+0000] {processor.py:161} INFO - Started process (PID=1572) to work on /home/airflow/.local/lib/python3.12/site-packages/airflow/example_dags/example_branch_python_dop_operator_3.py
[2026-04-27T23:43:58.552+0000] {processor.py:830} INFO - Processing file /home/airflow/.local/lib/python3.12/site-packages/airflow/example_dags/example_branch_python_dop_operator_3.py for tasks to queue
[2026-04-27T23:43:58.555+0000] {logging_mixin.py:188} INFO - [2026-04-27T23:43:58.555+0000] {dagbag.py:540} INFO - Filling up the DagBag from /home/airflow/.local/lib/python3.12/site-packages/airflow/example_dags/example_branch_python_dop_operator_3.py
[2026-04-27T23:43:58.567+0000] {processor.py:840} INFO - DAG(s) 'example_branch_dop_operator_v3' retrieved from /home/airflow/.local/lib/python3.12/site-packages/airflow/example_dags/example_branch_python_dop_operator_3.py
[2026-04-27T23:43:58.596+0000] {logging_mixin.py:188} INFO - [2026-04-27T23:43:58.596+0000] {dag.py:3096} INFO - Sync 1 DAGs
[2026-04-27T23:43:58.637+0000] {logging_mixin.py:188} INFO - [2026-04-27T23:43:58.637+0000] {dag.py:3954} INFO - Setting next_dagrun for example_branch_dop_operator_v3 to 2026-04-27 23:42:00+00:00, run_after=2026-04-27 23:43:00+00:00
[2026-04-27T23:43:58.657+0000] {processor.py:183} INFO - Processing /home/airflow/.local/lib/python3.12/site-packages/airflow/example_dags/example_branch_python_dop_operator_3.py took 0.114 seconds
[2026-04-27T23:44:28.963+0000] {processor.py:161} INFO - Started process (PID=1631) to work on /home/airflow/.local/lib/python3.12/site-packages/airflow/example_dags/example_branch_python_dop_operator_3.py
[2026-04-27T23:44:28.964+0000] {processor.py:830} INFO - Processing file /home/airflow/.local/lib/python3.12/site-packages/airflow/example_dags/example_branch_python_dop_operator_3.py for tasks to queue
[2026-04-27T23:44:28.967+0000] {logging_mixin.py:188} INFO - [2026-04-27T23:44:28.966+0000] {dagbag.py:540} INFO - Filling up the DagBag from /home/airflow/.local/lib/python3.12/site-packages/airflow/example_dags/example_branch_python_dop_operator_3.py
[2026-04-27T23:44:28.979+0000] {processor.py:840} INFO - DAG(s) 'example_branch_dop_operator_v3' retrieved from /home/airflow/.local/lib/python3.12/site-packages/airflow/example_dags/example_branch_python_dop_operator_3.py
[2026-04-27T23:44:29.008+0000] {logging_mixin.py:188} INFO - [2026-04-27T23:44:29.008+0000] {dag.py:3096} INFO - Sync 1 DAGs
[2026-04-27T23:44:29.036+0000] {logging_mixin.py:188} INFO - [2026-04-27T23:44:29.036+0000] {dag.py:3954} INFO - Setting next_dagrun for example_branch_dop_operator_v3 to 2026-04-27 23:43:00+00:00, run_after=2026-04-27 23:44:00+00:00
[2026-04-27T23:44:29.066+0000] {processor.py:183} INFO - Processing /home/airflow/.local/lib/python3.12/site-packages/airflow/example_dags/example_branch_python_dop_operator_3.py took 0.113 seconds
[2026-04-27T23:44:59.370+0000] {processor.py:161} INFO - Started process (PID=1690) to work on /home/airflow/.local/lib/python3.12/site-packages/airflow/example_dags/example_branch_python_dop_operator_3.py
[2026-04-27T23:44:59.371+0000] {processor.py:830} INFO - Processing file /home/airflow/.local/lib/python3.12/site-packages/airflow/example_dags/example_branch_python_dop_operator_3.py for tasks to queue
[2026-04-27T23:44:59.374+0000] {logging_mixin.py:188} INFO - [2026-04-27T23:44:59.374+0000] {dagbag.py:540} INFO - Filling up the DagBag from /home/airflow/.local/lib/python3.12/site-packages/airflow/example_dags/example_branch_python_dop_operator_3.py
[2026-04-27T23:44:59.386+0000] {processor.py:840} INFO - DAG(s) 'example_branch_dop_operator_v3' retrieved from /home/airflow/.local/lib/python3.12/site-packages/airflow/example_dags/example_branch_python_dop_operator_3.py
[2026-04-27T23:44:59.414+0000] {logging_mixin.py:188} INFO - [2026-04-27T23:44:59.414+0000] {dag.py:3096} INFO - Sync 1 DAGs
[2026-04-27T23:44:59.443+0000] {logging_mixin.py:188} INFO - [2026-04-27T23:44:59.443+0000] {dag.py:3954} INFO - Setting next_dagrun for example_branch_dop_operator_v3 to 2026-04-27 23:43:00+00:00, run_after=2026-04-27 23:44:00+00:00
[2026-04-27T23:44:59.463+0000] {processor.py:183} INFO - Processing /home/airflow/.local/lib/python3.12/site-packages/airflow/example_dags/example_branch_python_dop_operator_3.py took 0.102 seconds
[2026-04-27T23:45:29.784+0000] {processor.py:161} INFO - Started process (PID=1749) to work on /home/airflow/.local/lib/python3.12/site-packages/airflow/example_dags/example_branch_python_dop_operator_3.py
[2026-04-27T23:45:29.785+0000] {processor.py:830} INFO - Processing file /home/airflow/.local/lib/python3.12/site-packages/airflow/example_dags/example_branch_python_dop_operator_3.py for tasks to queue
[2026-04-27T23:45:29.787+0000] {logging_mixin.py:188} INFO - [2026-04-27T23:45:29.787+0000] {dagbag.py:540} INFO - Filling up the DagBag from /home/airflow/.local/lib/python3.12/site-packages/airflow/example_dags/example_branch_python_dop_operator_3.py
[2026-04-27T23:45:29.799+0000] {processor.py:840} INFO - DAG(s) 'example_branch_dop_operator_v3' retrieved from /home/airflow/.local/lib/python3.12/site-packages/airflow/example_dags/example_branch_python_dop_operator_3.py
[2026-04-27T23:45:29.822+0000] {logging_mixin.py:188} INFO - [2026-04-27T23:45:29.822+0000] {dag.py:3096} INFO - Sync 1 DAGs
[2026-04-27T23:45:29.851+0000] {logging_mixin.py:188} INFO - [2026-04-27T23:45:29.851+0000] {dag.py:3954} INFO - Setting next_dagrun for example_branch_dop_operator_v3 to 2026-04-27 23:44:00+00:00, run_after=2026-04-27 23:45:00+00:00
[2026-04-27T23:45:29.872+0000] {processor.py:183} INFO - Processing /home/airflow/.local/lib/python3.12/site-packages/airflow/example_dags/example_branch_python_dop_operator_3.py took 0.097 seconds
[2026-04-27T23:46:00.404+0000] {processor.py:161} INFO - Started process (PID=1808) to work on /home/airflow/.local/lib/python3.12/site-packages/airflow/example_dags/example_branch_python_dop_operator_3.py
[2026-04-27T23:46:00.405+0000] {processor.py:830} INFO - Processing file /home/airflow/.local/lib/python3.12/site-packages/airflow/example_dags/example_branch_python_dop_operator_3.py for tasks to queue
[2026-04-27T23:46:00.408+0000] {logging_mixin.py:188} INFO - [2026-04-27T23:46:00.408+0000] {dagbag.py:540} INFO - Filling up the DagBag from /home/airflow/.local/lib/python3.12/site-packages/airflow/example_dags/example_branch_python_dop_operator_3.py
[2026-04-27T23:46:00.420+0000] {processor.py:840} INFO - DAG(s) 'example_branch_dop_operator_v3' retrieved from /home/airflow/.local/lib/python3.12/site-packages/airflow/example_dags/example_branch_python_dop_operator_3.py
[2026-04-27T23:46:00.445+0000] {logging_mixin.py:188} INFO - [2026-04-27T23:46:00.444+0000] {dag.py:3096} INFO - Sync 1 DAGs
[2026-04-27T23:46:00.471+0000] {logging_mixin.py:188} INFO - [2026-04-27T23:46:00.471+0000] {dag.py:3954} INFO - Setting next_dagrun for example_branch_dop_operator_v3 to 2026-04-27 23:45:00+00:00, run_after=2026-04-27 23:46:00+00:00
[2026-04-27T23:46:00.493+0000] {processor.py:183} INFO - Processing /home/airflow/.local/lib/python3.12/site-packages/airflow/example_dags/example_branch_python_dop_operator_3.py took 0.095 seconds
[2026-04-27T23:46:30.902+0000] {processor.py:161} INFO - Started process (PID=1867) to work on /home/airflow/.local/lib/python3.12/site-packages/airflow/example_dags/example_branch_python_dop_operator_3.py
[2026-04-27T23:46:30.903+0000] {processor.py:830} INFO - Processing file /home/airflow/.local/lib/python3.12/site-packages/airflow/example_dags/example_branch_python_dop_operator_3.py for tasks to queue
[2026-04-27T23:46:30.905+0000] {logging_mixin.py:188} INFO - [2026-04-27T23:46:30.905+0000] {dagbag.py:540} INFO - Filling up the DagBag from /home/airflow/.local/lib/python3.12/site-packages/airflow/example_dags/example_branch_python_dop_operator_3.py
[2026-04-27T23:46:30.915+0000] {processor.py:840} INFO - DAG(s) 'example_branch_dop_operator_v3' retrieved from /home/airflow/.local/lib/python3.12/site-packages/airflow/example_dags/example_branch_python_dop_operator_3.py
[2026-04-27T23:46:30.937+0000] {logging_mixin.py:188} INFO - [2026-04-27T23:46:30.937+0000] {dag.py:3096} INFO - Sync 1 DAGs
[2026-04-27T23:46:30.964+0000] {logging_mixin.py:188} INFO - [2026-04-27T23:46:30.964+0000] {dag.py:3954} INFO - Setting next_dagrun for example_branch_dop_operator_v3 to 2026-04-27 23:45:00+00:00, run_after=2026-04-27 23:46:00+00:00
[2026-04-27T23:46:30.985+0000] {processor.py:183} INFO - Processing /home/airflow/.local/lib/python3.12/site-packages/airflow/example_dags/example_branch_python_dop_operator_3.py took 0.090 seconds
[2026-04-27T23:47:01.321+0000] {processor.py:161} INFO - Started process (PID=1926) to work on /home/airflow/.local/lib/python3.12/site-packages/airflow/example_dags/example_branch_python_dop_operator_3.py
[2026-04-27T23:47:01.322+0000] {processor.py:830} INFO - Processing file /home/airflow/.local/lib/python3.12/site-packages/airflow/example_dags/example_branch_python_dop_operator_3.py for tasks to queue
[2026-04-27T23:47:01.325+0000] {logging_mixin.py:188} INFO - [2026-04-27T23:47:01.324+0000] {dagbag.py:540} INFO - Filling up the DagBag from /home/airflow/.local/lib/python3.12/site-packages/airflow/example_dags/example_branch_python_dop_operator_3.py
[2026-04-27T23:47:01.335+0000] {processor.py:840} INFO - DAG(s) 'example_branch_dop_operator_v3' retrieved from /home/airflow/.local/lib/python3.12/site-packages/airflow/example_dags/example_branch_python_dop_operator_3.py
[2026-04-27T23:47:01.360+0000] {logging_mixin.py:188} INFO - [2026-04-27T23:47:01.360+0000] {dag.py:3096} INFO - Sync 1 DAGs
[2026-04-27T23:47:01.388+0000] {logging_mixin.py:188} INFO - [2026-04-27T23:47:01.388+0000] {dag.py:3954} INFO - Setting next_dagrun for example_branch_dop_operator_v3 to 2026-04-27 23:46:00+00:00, run_after=2026-04-27 23:47:00+00:00
[2026-04-27T23:47:01.414+0000] {processor.py:183} INFO - Processing /home/airflow/.local/lib/python3.12/site-packages/airflow/example_dags/example_branch_python_dop_operator_3.py took 0.099 seconds
[2026-04-27T23:47:32.152+0000] {processor.py:161} INFO - Started process (PID=1985) to work on /home/airflow/.local/lib/python3.12/site-packages/airflow/example_dags/example_branch_python_dop_operator_3.py
[2026-04-27T23:47:32.153+0000] {processor.py:830} INFO - Processing file /home/airflow/.local/lib/python3.12/site-packages/airflow/example_dags/example_branch_python_dop_operator_3.py for tasks to queue
[2026-04-27T23:47:32.155+0000] {logging_mixin.py:188} INFO - [2026-04-27T23:47:32.155+0000] {dagbag.py:540} INFO - Filling up the DagBag from /home/airflow/.local/lib/python3.12/site-packages/airflow/example_dags/example_branch_python_dop_operator_3.py
[2026-04-27T23:47:32.167+0000] {processor.py:840} INFO - DAG(s) 'example_branch_dop_operator_v3' retrieved from /home/airflow/.local/lib/python3.12/site-packages/airflow/example_dags/example_branch_python_dop_operator_3.py
[2026-04-27T23:47:32.182+0000] {logging_mixin.py:188} INFO - [2026-04-27T23:47:32.181+0000] {dag.py:3096} INFO - Sync 1 DAGs
[2026-04-27T23:47:32.228+0000] {logging_mixin.py:188} INFO - [2026-04-27T23:47:32.227+0000] {dag.py:3954} INFO - Setting next_dagrun for example_branch_dop_operator_v3 to 2026-04-27 23:46:00+00:00, run_after=2026-04-27 23:47:00+00:00
[2026-04-27T23:47:32.256+0000] {processor.py:183} INFO - Processing /home/airflow/.local/lib/python3.12/site-packages/airflow/example_dags/example_branch_python_dop_operator_3.py took 0.113 seconds
[2026-04-27T23:48:02.512+0000] {processor.py:161} INFO - Started process (PID=2044) to work on /home/airflow/.local/lib/python3.12/site-packages/airflow/example_dags/example_branch_python_dop_operator_3.py
[2026-04-27T23:48:02.513+0000] {processor.py:830} INFO - Processing file /home/airflow/.local/lib/python3.12/site-packages/airflow/example_dags/example_branch_python_dop_operator_3.py for tasks to queue
[2026-04-27T23:48:02.517+0000] {logging_mixin.py:188} INFO - [2026-04-27T23:48:02.516+0000] {dagbag.py:540} INFO - Filling up the DagBag from /home/airflow/.local/lib/python3.12/site-packages/airflow/example_dags/example_branch_python_dop_operator_3.py
[2026-04-27T23:48:02.530+0000] {processor.py:840} INFO - DAG(s) 'example_branch_dop_operator_v3' retrieved from /home/airflow/.local/lib/python3.12/site-packages/airflow/example_dags/example_branch_python_dop_operator_3.py
[2026-04-27T23:48:02.652+0000] {logging_mixin.py:188} INFO - [2026-04-27T23:48:02.651+0000] {dag.py:3096} INFO - Sync 1 DAGs
[2026-04-27T23:48:02.678+0000] {logging_mixin.py:188} INFO - [2026-04-27T23:48:02.677+0000] {dag.py:3954} INFO - Setting next_dagrun for example_branch_dop_operator_v3 to 2026-04-27 23:47:00+00:00, run_after=2026-04-27 23:48:00+00:00
[2026-04-27T23:48:02.706+0000] {processor.py:183} INFO - Processing /home/airflow/.local/lib/python3.12/site-packages/airflow/example_dags/example_branch_python_dop_operator_3.py took 0.203 seconds
[2026-04-27T23:48:33.610+0000] {processor.py:161} INFO - Started process (PID=2103) to work on /home/airflow/.local/lib/python3.12/site-packages/airflow/example_dags/example_branch_python_dop_operator_3.py
[2026-04-27T23:48:33.611+0000] {processor.py:830} INFO - Processing file /home/airflow/.local/lib/python3.12/site-packages/airflow/example_dags/example_branch_python_dop_operator_3.py for tasks to queue
[2026-04-27T23:48:33.614+0000] {logging_mixin.py:188} INFO - [2026-04-27T23:48:33.614+0000] {dagbag.py:540} INFO - Filling up the DagBag from /home/airflow/.local/lib/python3.12/site-packages/airflow/example_dags/example_branch_python_dop_operator_3.py
[2026-04-27T23:48:33.624+0000] {processor.py:840} INFO - DAG(s) 'example_branch_dop_operator_v3' retrieved from /home/airflow/.local/lib/python3.12/site-packages/airflow/example_dags/example_branch_python_dop_operator_3.py
[2026-04-27T23:48:33.650+0000] {logging_mixin.py:188} INFO - [2026-04-27T23:48:33.650+0000] {dag.py:3096} INFO - Sync 1 DAGs
[2026-04-27T23:48:33.676+0000] {logging_mixin.py:188} INFO - [2026-04-27T23:48:33.676+0000] {dag.py:3954} INFO - Setting next_dagrun for example_branch_dop_operator_v3 to 2026-04-27 23:47:00+00:00, run_after=2026-04-27 23:48:00+00:00
[2026-04-27T23:48:33.697+0000] {processor.py:183} INFO - Processing /home/airflow/.local/lib/python3.12/site-packages/airflow/example_dags/example_branch_python_dop_operator_3.py took 0.093 seconds
[2026-04-27T23:49:04.303+0000] {processor.py:161} INFO - Started process (PID=2162) to work on /home/airflow/.local/lib/python3.12/site-packages/airflow/example_dags/example_branch_python_dop_operator_3.py
[2026-04-27T23:49:04.304+0000] {processor.py:830} INFO - Processing file /home/airflow/.local/lib/python3.12/site-packages/airflow/example_dags/example_branch_python_dop_operator_3.py for tasks to queue
[2026-04-27T23:49:04.307+0000] {logging_mixin.py:188} INFO - [2026-04-27T23:49:04.306+0000] {dagbag.py:540} INFO - Filling up the DagBag from /home/airflow/.local/lib/python3.12/site-packages/airflow/example_dags/example_branch_python_dop_operator_3.py
[2026-04-27T23:49:04.316+0000] {processor.py:840} INFO - DAG(s) 'example_branch_dop_operator_v3' retrieved from /home/airflow/.local/lib/python3.12/site-packages/airflow/example_dags/example_branch_python_dop_operator_3.py
[2026-04-27T23:49:04.338+0000] {logging_mixin.py:188} INFO - [2026-04-27T23:49:04.337+0000] {dag.py:3096} INFO - Sync 1 DAGs
[2026-04-27T23:49:04.362+0000] {logging_mixin.py:188} INFO - [2026-04-27T23:49:04.362+0000] {dag.py:3954} INFO - Setting next_dagrun for example_branch_dop_operator_v3 to 2026-04-27 23:48:00+00:00, run_after=2026-04-27 23:49:00+00:00
[2026-04-27T23:49:04.385+0000] {processor.py:183} INFO - Processing /home/airflow/.local/lib/python3.12/site-packages/airflow/example_dags/example_branch_python_dop_operator_3.py took 0.088 seconds
[2026-04-27T23:49:35.018+0000] {processor.py:161} INFO - Started process (PID=2221) to work on /home/airflow/.local/lib/python3.12/site-packages/airflow/example_dags/example_branch_python_dop_operator_3.py
[2026-04-27T23:49:35.020+0000] {processor.py:830} INFO - Processing file /home/airflow/.local/lib/python3.12/site-packages/airflow/example_dags/example_branch_python_dop_operator_3.py for tasks to queue
[2026-04-27T23:49:35.024+0000] {logging_mixin.py:188} INFO - [2026-04-27T23:49:35.023+0000] {dagbag.py:540} INFO - Filling up the DagBag from /home/airflow/.local/lib/python3.12/site-packages/airflow/example_dags/example_branch_python_dop_operator_3.py
[2026-04-27T23:49:35.034+0000] {processor.py:840} INFO - DAG(s) 'example_branch_dop_operator_v3' retrieved from /home/airflow/.local/lib/python3.12/site-packages/airflow/example_dags/example_branch_python_dop_operator_3.py
[2026-04-27T23:49:35.061+0000] {logging_mixin.py:188} INFO - [2026-04-27T23:49:35.060+0000] {dag.py:3096} INFO - Sync 1 DAGs
[2026-04-27T23:49:35.090+0000] {logging_mixin.py:188} INFO - [2026-04-27T23:49:35.089+0000] {dag.py:3954} INFO - Setting next_dagrun for example_branch_dop_operator_v3 to 2026-04-27 23:48:00+00:00, run_after=2026-04-27 23:49:00+00:00
[2026-04-27T23:49:35.128+0000] {processor.py:183} INFO - Processing /home/airflow/.local/lib/python3.12/site-packages/airflow/example_dags/example_branch_python_dop_operator_3.py took 0.116 seconds
[2026-04-27T23:50:05.178+0000] {processor.py:161} INFO - Started process (PID=2280) to work on /home/airflow/.local/lib/python3.12/site-packages/airflow/example_dags/example_branch_python_dop_operator_3.py
[2026-04-27T23:50:05.179+0000] {processor.py:830} INFO - Processing file /home/airflow/.local/lib/python3.12/site-packages/airflow/example_dags/example_branch_python_dop_operator_3.py for tasks to queue
[2026-04-27T23:50:05.182+0000] {logging_mixin.py:188} INFO - [2026-04-27T23:50:05.181+0000] {dagbag.py:540} INFO - Filling up the DagBag from /home/airflow/.local/lib/python3.12/site-packages/airflow/example_dags/example_branch_python_dop_operator_3.py
[2026-04-27T23:50:05.191+0000] {processor.py:840} INFO - DAG(s) 'example_branch_dop_operator_v3' retrieved from /home/airflow/.local/lib/python3.12/site-packages/airflow/example_dags/example_branch_python_dop_operator_3.py
[2026-04-27T23:50:05.214+0000] {logging_mixin.py:188} INFO - [2026-04-27T23:50:05.214+0000] {dag.py:3096} INFO - Sync 1 DAGs
[2026-04-27T23:50:05.239+0000] {logging_mixin.py:188} INFO - [2026-04-27T23:50:05.239+0000] {dag.py:3954} INFO - Setting next_dagrun for example_branch_dop_operator_v3 to 2026-04-27 23:49:00+00:00, run_after=2026-04-27 23:50:00+00:00
[2026-04-27T23:50:05.270+0000] {processor.py:183} INFO - Processing /home/airflow/.local/lib/python3.12/site-packages/airflow/example_dags/example_branch_python_dop_operator_3.py took 0.099 seconds
[2026-04-27T23:58:33.991+0000] {processor.py:161} INFO - Started process (PID=94) to work on /home/airflow/.local/lib/python3.12/site-packages/airflow/example_dags/example_branch_python_dop_operator_3.py
[2026-04-27T23:58:34.008+0000] {processor.py:830} INFO - Processing file /home/airflow/.local/lib/python3.12/site-packages/airflow/example_dags/example_branch_python_dop_operator_3.py for tasks to queue
[2026-04-27T23:58:34.011+0000] {logging_mixin.py:188} INFO - [2026-04-27T23:58:34.010+0000] {dagbag.py:540} INFO - Filling up the DagBag from /home/airflow/.local/lib/python3.12/site-packages/airflow/example_dags/example_branch_python_dop_operator_3.py
[2026-04-27T23:58:34.148+0000] {processor.py:840} INFO - DAG(s) 'example_branch_dop_operator_v3' retrieved from /home/airflow/.local/lib/python3.12/site-packages/airflow/example_dags/example_branch_python_dop_operator_3.py
[2026-04-27T23:58:34.272+0000] {logging_mixin.py:188} INFO - [2026-04-27T23:58:34.272+0000] {dag.py:3096} INFO - Sync 1 DAGs
[2026-04-27T23:58:34.298+0000] {logging_mixin.py:188} INFO - [2026-04-27T23:58:34.297+0000] {dag.py:3954} INFO - Setting next_dagrun for example_branch_dop_operator_v3 to 2026-04-27 23:57:00+00:00, run_after=2026-04-27 23:58:00+00:00
[2026-04-27T23:58:34.319+0000] {processor.py:183} INFO - Processing /home/airflow/.local/lib/python3.12/site-packages/airflow/example_dags/example_branch_python_dop_operator_3.py took 0.334 seconds
[2026-04-27T23:59:48.037+0000] {processor.py:161} INFO - Started process (PID=88) to work on /home/airflow/.local/lib/python3.12/site-packages/airflow/example_dags/example_branch_python_dop_operator_3.py
[2026-04-27T23:59:48.039+0000] {processor.py:830} INFO - Processing file /home/airflow/.local/lib/python3.12/site-packages/airflow/example_dags/example_branch_python_dop_operator_3.py for tasks to queue
[2026-04-27T23:59:48.041+0000] {logging_mixin.py:188} INFO - [2026-04-27T23:59:48.041+0000] {dagbag.py:540} INFO - Filling up the DagBag from /home/airflow/.local/lib/python3.12/site-packages/airflow/example_dags/example_branch_python_dop_operator_3.py
[2026-04-27T23:59:48.051+0000] {processor.py:840} INFO - DAG(s) 'example_branch_dop_operator_v3' retrieved from /home/airflow/.local/lib/python3.12/site-packages/airflow/example_dags/example_branch_python_dop_operator_3.py
[2026-04-27T23:59:48.075+0000] {logging_mixin.py:188} INFO - [2026-04-27T23:59:48.075+0000] {dag.py:3096} INFO - Sync 1 DAGs
[2026-04-27T23:59:48.104+0000] {logging_mixin.py:188} INFO - [2026-04-27T23:59:48.104+0000] {dag.py:3954} INFO - Setting next_dagrun for example_branch_dop_operator_v3 to 2026-04-27 23:58:00+00:00, run_after=2026-04-27 23:59:00+00:00
[2026-04-27T23:59:48.127+0000] {processor.py:183} INFO - Processing /home/airflow/.local/lib/python3.12/site-packages/airflow/example_dags/example_branch_python_dop_operator_3.py took 0.096 seconds
