[2026-04-27T23:30:09.815+0000] {processor.py:161} INFO - Started process (PID=89) to work on /home/airflow/.local/lib/python3.12/site-packages/airflow/example_dags/example_branch_labels.py
[2026-04-27T23:30:11.064+0000] {processor.py:830} INFO - Processing file /home/airflow/.local/lib/python3.12/site-packages/airflow/example_dags/example_branch_labels.py for tasks to queue
[2026-04-27T23:30:11.068+0000] {logging_mixin.py:188} INFO - [2026-04-27T23:30:11.068+0000] {dagbag.py:540} INFO - Filling up the DagBag from /home/airflow/.local/lib/python3.12/site-packages/airflow/example_dags/example_branch_labels.py
[2026-04-27T23:30:12.185+0000] {processor.py:840} INFO - DAG(s) 'example_branch_labels' retrieved from /home/airflow/.local/lib/python3.12/site-packages/airflow/example_dags/example_branch_labels.py
[2026-04-27T23:30:13.121+0000] {logging_mixin.py:188} INFO - [2026-04-27T23:30:13.120+0000] {dag.py:3096} INFO - Sync 1 DAGs
[2026-04-27T23:30:13.824+0000] {logging_mixin.py:188} INFO - [2026-04-27T23:30:13.823+0000] {dag.py:3954} INFO - Setting next_dagrun for example_branch_labels to 2026-04-26 00:00:00+00:00, run_after=2026-04-27 00:00:00+00:00
[2026-04-27T23:30:13.857+0000] {processor.py:183} INFO - Processing /home/airflow/.local/lib/python3.12/site-packages/airflow/example_dags/example_branch_labels.py took 4.050 seconds
[2026-04-27T23:30:52.182+0000] {processor.py:161} INFO - Started process (PID=148) to work on /home/airflow/.local/lib/python3.12/site-packages/airflow/example_dags/example_branch_labels.py
[2026-04-27T23:30:52.314+0000] {processor.py:830} INFO - Processing file /home/airflow/.local/lib/python3.12/site-packages/airflow/example_dags/example_branch_labels.py for tasks to queue
[2026-04-27T23:30:52.316+0000] {logging_mixin.py:188} INFO - [2026-04-27T23:30:52.316+0000] {dagbag.py:540} INFO - Filling up the DagBag from /home/airflow/.local/lib/python3.12/site-packages/airflow/example_dags/example_branch_labels.py
[2026-04-27T23:30:52.326+0000] {processor.py:840} INFO - DAG(s) 'example_branch_labels' retrieved from /home/airflow/.local/lib/python3.12/site-packages/airflow/example_dags/example_branch_labels.py
[2026-04-27T23:30:52.906+0000] {logging_mixin.py:188} INFO - [2026-04-27T23:30:52.906+0000] {dag.py:3096} INFO - Sync 1 DAGs
[2026-04-27T23:30:53.025+0000] {logging_mixin.py:188} INFO - [2026-04-27T23:30:53.025+0000] {dag.py:3954} INFO - Setting next_dagrun for example_branch_labels to 2026-04-26 00:00:00+00:00, run_after=2026-04-27 00:00:00+00:00
[2026-04-27T23:30:53.044+0000] {processor.py:183} INFO - Processing /home/airflow/.local/lib/python3.12/site-packages/airflow/example_dags/example_branch_labels.py took 0.873 seconds
[2026-04-27T23:31:46.955+0000] {processor.py:161} INFO - Started process (PID=212) to work on /home/airflow/.local/lib/python3.12/site-packages/airflow/example_dags/example_branch_labels.py
[2026-04-27T23:31:46.956+0000] {processor.py:830} INFO - Processing file /home/airflow/.local/lib/python3.12/site-packages/airflow/example_dags/example_branch_labels.py for tasks to queue
[2026-04-27T23:31:46.960+0000] {logging_mixin.py:188} INFO - [2026-04-27T23:31:46.960+0000] {dagbag.py:540} INFO - Filling up the DagBag from /home/airflow/.local/lib/python3.12/site-packages/airflow/example_dags/example_branch_labels.py
[2026-04-27T23:31:46.970+0000] {processor.py:840} INFO - DAG(s) 'example_branch_labels' retrieved from /home/airflow/.local/lib/python3.12/site-packages/airflow/example_dags/example_branch_labels.py
[2026-04-27T23:31:47.000+0000] {logging_mixin.py:188} INFO - [2026-04-27T23:31:46.999+0000] {dag.py:3096} INFO - Sync 1 DAGs
[2026-04-27T23:31:47.029+0000] {logging_mixin.py:188} INFO - [2026-04-27T23:31:47.029+0000] {dag.py:3954} INFO - Setting next_dagrun for example_branch_labels to 2026-04-26 00:00:00+00:00, run_after=2026-04-27 00:00:00+00:00
[2026-04-27T23:31:47.051+0000] {processor.py:183} INFO - Processing /home/airflow/.local/lib/python3.12/site-packages/airflow/example_dags/example_branch_labels.py took 0.108 seconds
[2026-04-27T23:32:29.313+0000] {processor.py:161} INFO - Started process (PID=268) to work on /home/airflow/.local/lib/python3.12/site-packages/airflow/example_dags/example_branch_labels.py
[2026-04-27T23:32:29.435+0000] {processor.py:830} INFO - Processing file /home/airflow/.local/lib/python3.12/site-packages/airflow/example_dags/example_branch_labels.py for tasks to queue
[2026-04-27T23:32:29.438+0000] {logging_mixin.py:188} INFO - [2026-04-27T23:32:29.437+0000] {dagbag.py:540} INFO - Filling up the DagBag from /home/airflow/.local/lib/python3.12/site-packages/airflow/example_dags/example_branch_labels.py
[2026-04-27T23:32:29.448+0000] {processor.py:840} INFO - DAG(s) 'example_branch_labels' retrieved from /home/airflow/.local/lib/python3.12/site-packages/airflow/example_dags/example_branch_labels.py
[2026-04-27T23:32:29.474+0000] {logging_mixin.py:188} INFO - [2026-04-27T23:32:29.474+0000] {dag.py:3096} INFO - Sync 1 DAGs
[2026-04-27T23:32:29.500+0000] {logging_mixin.py:188} INFO - [2026-04-27T23:32:29.500+0000] {dag.py:3954} INFO - Setting next_dagrun for example_branch_labels to 2026-04-26 00:00:00+00:00, run_after=2026-04-27 00:00:00+00:00
[2026-04-27T23:32:29.522+0000] {processor.py:183} INFO - Processing /home/airflow/.local/lib/python3.12/site-packages/airflow/example_dags/example_branch_labels.py took 0.218 seconds
[2026-04-27T23:33:00.734+0000] {processor.py:161} INFO - Started process (PID=327) to work on /home/airflow/.local/lib/python3.12/site-packages/airflow/example_dags/example_branch_labels.py
[2026-04-27T23:33:00.735+0000] {processor.py:830} INFO - Processing file /home/airflow/.local/lib/python3.12/site-packages/airflow/example_dags/example_branch_labels.py for tasks to queue
[2026-04-27T23:33:00.738+0000] {logging_mixin.py:188} INFO - [2026-04-27T23:33:00.737+0000] {dagbag.py:540} INFO - Filling up the DagBag from /home/airflow/.local/lib/python3.12/site-packages/airflow/example_dags/example_branch_labels.py
[2026-04-27T23:33:00.747+0000] {processor.py:840} INFO - DAG(s) 'example_branch_labels' retrieved from /home/airflow/.local/lib/python3.12/site-packages/airflow/example_dags/example_branch_labels.py
[2026-04-27T23:33:00.775+0000] {logging_mixin.py:188} INFO - [2026-04-27T23:33:00.774+0000] {dag.py:3096} INFO - Sync 1 DAGs
[2026-04-27T23:33:00.802+0000] {logging_mixin.py:188} INFO - [2026-04-27T23:33:00.802+0000] {dag.py:3954} INFO - Setting next_dagrun for example_branch_labels to 2026-04-26 00:00:00+00:00, run_after=2026-04-27 00:00:00+00:00
[2026-04-27T23:33:00.826+0000] {processor.py:183} INFO - Processing /home/airflow/.local/lib/python3.12/site-packages/airflow/example_dags/example_branch_labels.py took 0.100 seconds
[2026-04-27T23:33:31.056+0000] {processor.py:161} INFO - Started process (PID=386) to work on /home/airflow/.local/lib/python3.12/site-packages/airflow/example_dags/example_branch_labels.py
[2026-04-27T23:33:31.057+0000] {processor.py:830} INFO - Processing file /home/airflow/.local/lib/python3.12/site-packages/airflow/example_dags/example_branch_labels.py for tasks to queue
[2026-04-27T23:33:31.060+0000] {logging_mixin.py:188} INFO - [2026-04-27T23:33:31.059+0000] {dagbag.py:540} INFO - Filling up the DagBag from /home/airflow/.local/lib/python3.12/site-packages/airflow/example_dags/example_branch_labels.py
[2026-04-27T23:33:31.071+0000] {processor.py:840} INFO - DAG(s) 'example_branch_labels' retrieved from /home/airflow/.local/lib/python3.12/site-packages/airflow/example_dags/example_branch_labels.py
[2026-04-27T23:33:31.094+0000] {logging_mixin.py:188} INFO - [2026-04-27T23:33:31.093+0000] {dag.py:3096} INFO - Sync 1 DAGs
[2026-04-27T23:33:31.119+0000] {logging_mixin.py:188} INFO - [2026-04-27T23:33:31.119+0000] {dag.py:3954} INFO - Setting next_dagrun for example_branch_labels to 2026-04-26 00:00:00+00:00, run_after=2026-04-27 00:00:00+00:00
[2026-04-27T23:33:31.139+0000] {processor.py:183} INFO - Processing /home/airflow/.local/lib/python3.12/site-packages/airflow/example_dags/example_branch_labels.py took 0.090 seconds
[2026-04-27T23:34:01.867+0000] {processor.py:161} INFO - Started process (PID=445) to work on /home/airflow/.local/lib/python3.12/site-packages/airflow/example_dags/example_branch_labels.py
[2026-04-27T23:34:01.869+0000] {processor.py:830} INFO - Processing file /home/airflow/.local/lib/python3.12/site-packages/airflow/example_dags/example_branch_labels.py for tasks to queue
[2026-04-27T23:34:01.871+0000] {logging_mixin.py:188} INFO - [2026-04-27T23:34:01.871+0000] {dagbag.py:540} INFO - Filling up the DagBag from /home/airflow/.local/lib/python3.12/site-packages/airflow/example_dags/example_branch_labels.py
[2026-04-27T23:34:01.880+0000] {processor.py:840} INFO - DAG(s) 'example_branch_labels' retrieved from /home/airflow/.local/lib/python3.12/site-packages/airflow/example_dags/example_branch_labels.py
[2026-04-27T23:34:01.903+0000] {logging_mixin.py:188} INFO - [2026-04-27T23:34:01.903+0000] {dag.py:3096} INFO - Sync 1 DAGs
[2026-04-27T23:34:01.925+0000] {logging_mixin.py:188} INFO - [2026-04-27T23:34:01.925+0000] {dag.py:3954} INFO - Setting next_dagrun for example_branch_labels to 2026-04-26 00:00:00+00:00, run_after=2026-04-27 00:00:00+00:00
[2026-04-27T23:34:01.943+0000] {processor.py:183} INFO - Processing /home/airflow/.local/lib/python3.12/site-packages/airflow/example_dags/example_branch_labels.py took 0.082 seconds
[2026-04-27T23:34:37.157+0000] {processor.py:161} INFO - Started process (PID=499) to work on /home/airflow/.local/lib/python3.12/site-packages/airflow/example_dags/example_branch_labels.py
[2026-04-27T23:34:37.249+0000] {processor.py:830} INFO - Processing file /home/airflow/.local/lib/python3.12/site-packages/airflow/example_dags/example_branch_labels.py for tasks to queue
[2026-04-27T23:34:37.252+0000] {logging_mixin.py:188} INFO - [2026-04-27T23:34:37.252+0000] {dagbag.py:540} INFO - Filling up the DagBag from /home/airflow/.local/lib/python3.12/site-packages/airflow/example_dags/example_branch_labels.py
[2026-04-27T23:34:37.262+0000] {processor.py:840} INFO - DAG(s) 'example_branch_labels' retrieved from /home/airflow/.local/lib/python3.12/site-packages/airflow/example_dags/example_branch_labels.py
[2026-04-27T23:34:37.306+0000] {logging_mixin.py:188} INFO - [2026-04-27T23:34:37.306+0000] {dag.py:3096} INFO - Sync 1 DAGs
[2026-04-27T23:34:38.012+0000] {logging_mixin.py:188} INFO - [2026-04-27T23:34:38.012+0000] {dag.py:3954} INFO - Setting next_dagrun for example_branch_labels to 2026-04-26 00:00:00+00:00, run_after=2026-04-27 00:00:00+00:00
[2026-04-27T23:34:38.915+0000] {processor.py:183} INFO - Processing /home/airflow/.local/lib/python3.12/site-packages/airflow/example_dags/example_branch_labels.py took 1.765 seconds
[2026-04-27T23:35:10.163+0000] {processor.py:161} INFO - Started process (PID=558) to work on /home/airflow/.local/lib/python3.12/site-packages/airflow/example_dags/example_branch_labels.py
[2026-04-27T23:35:10.164+0000] {processor.py:830} INFO - Processing file /home/airflow/.local/lib/python3.12/site-packages/airflow/example_dags/example_branch_labels.py for tasks to queue
[2026-04-27T23:35:10.167+0000] {logging_mixin.py:188} INFO - [2026-04-27T23:35:10.166+0000] {dagbag.py:540} INFO - Filling up the DagBag from /home/airflow/.local/lib/python3.12/site-packages/airflow/example_dags/example_branch_labels.py
[2026-04-27T23:35:10.175+0000] {processor.py:840} INFO - DAG(s) 'example_branch_labels' retrieved from /home/airflow/.local/lib/python3.12/site-packages/airflow/example_dags/example_branch_labels.py
[2026-04-27T23:35:10.198+0000] {logging_mixin.py:188} INFO - [2026-04-27T23:35:10.197+0000] {dag.py:3096} INFO - Sync 1 DAGs
[2026-04-27T23:35:10.220+0000] {logging_mixin.py:188} INFO - [2026-04-27T23:35:10.219+0000] {dag.py:3954} INFO - Setting next_dagrun for example_branch_labels to 2026-04-26 00:00:00+00:00, run_after=2026-04-27 00:00:00+00:00
[2026-04-27T23:35:10.240+0000] {processor.py:183} INFO - Processing /home/airflow/.local/lib/python3.12/site-packages/airflow/example_dags/example_branch_labels.py took 0.083 seconds
[2026-04-27T23:35:40.629+0000] {processor.py:161} INFO - Started process (PID=617) to work on /home/airflow/.local/lib/python3.12/site-packages/airflow/example_dags/example_branch_labels.py
[2026-04-27T23:35:40.631+0000] {processor.py:830} INFO - Processing file /home/airflow/.local/lib/python3.12/site-packages/airflow/example_dags/example_branch_labels.py for tasks to queue
[2026-04-27T23:35:40.635+0000] {logging_mixin.py:188} INFO - [2026-04-27T23:35:40.634+0000] {dagbag.py:540} INFO - Filling up the DagBag from /home/airflow/.local/lib/python3.12/site-packages/airflow/example_dags/example_branch_labels.py
[2026-04-27T23:35:40.647+0000] {processor.py:840} INFO - DAG(s) 'example_branch_labels' retrieved from /home/airflow/.local/lib/python3.12/site-packages/airflow/example_dags/example_branch_labels.py
[2026-04-27T23:35:40.671+0000] {logging_mixin.py:188} INFO - [2026-04-27T23:35:40.670+0000] {dag.py:3096} INFO - Sync 1 DAGs
[2026-04-27T23:35:40.694+0000] {logging_mixin.py:188} INFO - [2026-04-27T23:35:40.694+0000] {dag.py:3954} INFO - Setting next_dagrun for example_branch_labels to 2026-04-26 00:00:00+00:00, run_after=2026-04-27 00:00:00+00:00
[2026-04-27T23:35:40.717+0000] {processor.py:183} INFO - Processing /home/airflow/.local/lib/python3.12/site-packages/airflow/example_dags/example_branch_labels.py took 0.104 seconds
[2026-04-27T23:36:11.230+0000] {processor.py:161} INFO - Started process (PID=676) to work on /home/airflow/.local/lib/python3.12/site-packages/airflow/example_dags/example_branch_labels.py
[2026-04-27T23:36:11.231+0000] {processor.py:830} INFO - Processing file /home/airflow/.local/lib/python3.12/site-packages/airflow/example_dags/example_branch_labels.py for tasks to queue
[2026-04-27T23:36:11.234+0000] {logging_mixin.py:188} INFO - [2026-04-27T23:36:11.233+0000] {dagbag.py:540} INFO - Filling up the DagBag from /home/airflow/.local/lib/python3.12/site-packages/airflow/example_dags/example_branch_labels.py
[2026-04-27T23:36:11.243+0000] {processor.py:840} INFO - DAG(s) 'example_branch_labels' retrieved from /home/airflow/.local/lib/python3.12/site-packages/airflow/example_dags/example_branch_labels.py
[2026-04-27T23:36:11.266+0000] {logging_mixin.py:188} INFO - [2026-04-27T23:36:11.266+0000] {dag.py:3096} INFO - Sync 1 DAGs
[2026-04-27T23:36:11.289+0000] {logging_mixin.py:188} INFO - [2026-04-27T23:36:11.289+0000] {dag.py:3954} INFO - Setting next_dagrun for example_branch_labels to 2026-04-26 00:00:00+00:00, run_after=2026-04-27 00:00:00+00:00
[2026-04-27T23:36:11.311+0000] {processor.py:183} INFO - Processing /home/airflow/.local/lib/python3.12/site-packages/airflow/example_dags/example_branch_labels.py took 0.088 seconds
[2026-04-27T23:36:42.308+0000] {processor.py:161} INFO - Started process (PID=736) to work on /home/airflow/.local/lib/python3.12/site-packages/airflow/example_dags/example_branch_labels.py
[2026-04-27T23:36:42.309+0000] {processor.py:830} INFO - Processing file /home/airflow/.local/lib/python3.12/site-packages/airflow/example_dags/example_branch_labels.py for tasks to queue
[2026-04-27T23:36:42.311+0000] {logging_mixin.py:188} INFO - [2026-04-27T23:36:42.311+0000] {dagbag.py:540} INFO - Filling up the DagBag from /home/airflow/.local/lib/python3.12/site-packages/airflow/example_dags/example_branch_labels.py
[2026-04-27T23:36:42.320+0000] {processor.py:840} INFO - DAG(s) 'example_branch_labels' retrieved from /home/airflow/.local/lib/python3.12/site-packages/airflow/example_dags/example_branch_labels.py
[2026-04-27T23:36:42.342+0000] {logging_mixin.py:188} INFO - [2026-04-27T23:36:42.341+0000] {dag.py:3096} INFO - Sync 1 DAGs
[2026-04-27T23:36:42.364+0000] {logging_mixin.py:188} INFO - [2026-04-27T23:36:42.363+0000] {dag.py:3954} INFO - Setting next_dagrun for example_branch_labels to 2026-04-26 00:00:00+00:00, run_after=2026-04-27 00:00:00+00:00
[2026-04-27T23:36:42.385+0000] {processor.py:183} INFO - Processing /home/airflow/.local/lib/python3.12/site-packages/airflow/example_dags/example_branch_labels.py took 0.083 seconds
[2026-04-27T23:37:12.903+0000] {processor.py:161} INFO - Started process (PID=795) to work on /home/airflow/.local/lib/python3.12/site-packages/airflow/example_dags/example_branch_labels.py
[2026-04-27T23:37:12.904+0000] {processor.py:830} INFO - Processing file /home/airflow/.local/lib/python3.12/site-packages/airflow/example_dags/example_branch_labels.py for tasks to queue
[2026-04-27T23:37:12.907+0000] {logging_mixin.py:188} INFO - [2026-04-27T23:37:12.907+0000] {dagbag.py:540} INFO - Filling up the DagBag from /home/airflow/.local/lib/python3.12/site-packages/airflow/example_dags/example_branch_labels.py
[2026-04-27T23:37:12.920+0000] {processor.py:840} INFO - DAG(s) 'example_branch_labels' retrieved from /home/airflow/.local/lib/python3.12/site-packages/airflow/example_dags/example_branch_labels.py
[2026-04-27T23:37:12.948+0000] {logging_mixin.py:188} INFO - [2026-04-27T23:37:12.948+0000] {dag.py:3096} INFO - Sync 1 DAGs
[2026-04-27T23:37:12.974+0000] {logging_mixin.py:188} INFO - [2026-04-27T23:37:12.974+0000] {dag.py:3954} INFO - Setting next_dagrun for example_branch_labels to 2026-04-26 00:00:00+00:00, run_after=2026-04-27 00:00:00+00:00
[2026-04-27T23:37:13.835+0000] {processor.py:183} INFO - Processing /home/airflow/.local/lib/python3.12/site-packages/airflow/example_dags/example_branch_labels.py took 0.940 seconds
[2026-04-27T23:37:44.150+0000] {processor.py:161} INFO - Started process (PID=854) to work on /home/airflow/.local/lib/python3.12/site-packages/airflow/example_dags/example_branch_labels.py
[2026-04-27T23:37:44.154+0000] {processor.py:830} INFO - Processing file /home/airflow/.local/lib/python3.12/site-packages/airflow/example_dags/example_branch_labels.py for tasks to queue
[2026-04-27T23:37:44.157+0000] {logging_mixin.py:188} INFO - [2026-04-27T23:37:44.157+0000] {dagbag.py:540} INFO - Filling up the DagBag from /home/airflow/.local/lib/python3.12/site-packages/airflow/example_dags/example_branch_labels.py
[2026-04-27T23:37:44.166+0000] {processor.py:840} INFO - DAG(s) 'example_branch_labels' retrieved from /home/airflow/.local/lib/python3.12/site-packages/airflow/example_dags/example_branch_labels.py
[2026-04-27T23:37:44.192+0000] {logging_mixin.py:188} INFO - [2026-04-27T23:37:44.192+0000] {dag.py:3096} INFO - Sync 1 DAGs
[2026-04-27T23:37:44.219+0000] {logging_mixin.py:188} INFO - [2026-04-27T23:37:44.219+0000] {dag.py:3954} INFO - Setting next_dagrun for example_branch_labels to 2026-04-26 00:00:00+00:00, run_after=2026-04-27 00:00:00+00:00
[2026-04-27T23:37:44.242+0000] {processor.py:183} INFO - Processing /home/airflow/.local/lib/python3.12/site-packages/airflow/example_dags/example_branch_labels.py took 0.099 seconds
[2026-04-27T23:38:14.367+0000] {processor.py:161} INFO - Started process (PID=913) to work on /home/airflow/.local/lib/python3.12/site-packages/airflow/example_dags/example_branch_labels.py
[2026-04-27T23:38:14.368+0000] {processor.py:830} INFO - Processing file /home/airflow/.local/lib/python3.12/site-packages/airflow/example_dags/example_branch_labels.py for tasks to queue
[2026-04-27T23:38:14.370+0000] {logging_mixin.py:188} INFO - [2026-04-27T23:38:14.370+0000] {dagbag.py:540} INFO - Filling up the DagBag from /home/airflow/.local/lib/python3.12/site-packages/airflow/example_dags/example_branch_labels.py
[2026-04-27T23:38:14.379+0000] {processor.py:840} INFO - DAG(s) 'example_branch_labels' retrieved from /home/airflow/.local/lib/python3.12/site-packages/airflow/example_dags/example_branch_labels.py
[2026-04-27T23:38:14.403+0000] {logging_mixin.py:188} INFO - [2026-04-27T23:38:14.403+0000] {dag.py:3096} INFO - Sync 1 DAGs
[2026-04-27T23:38:14.426+0000] {logging_mixin.py:188} INFO - [2026-04-27T23:38:14.426+0000] {dag.py:3954} INFO - Setting next_dagrun for example_branch_labels to 2026-04-26 00:00:00+00:00, run_after=2026-04-27 00:00:00+00:00
[2026-04-27T23:38:14.447+0000] {processor.py:183} INFO - Processing /home/airflow/.local/lib/python3.12/site-packages/airflow/example_dags/example_branch_labels.py took 0.087 seconds
[2026-04-27T23:38:44.992+0000] {processor.py:161} INFO - Started process (PID=972) to work on /home/airflow/.local/lib/python3.12/site-packages/airflow/example_dags/example_branch_labels.py
[2026-04-27T23:38:44.994+0000] {processor.py:830} INFO - Processing file /home/airflow/.local/lib/python3.12/site-packages/airflow/example_dags/example_branch_labels.py for tasks to queue
[2026-04-27T23:38:44.997+0000] {logging_mixin.py:188} INFO - [2026-04-27T23:38:44.996+0000] {dagbag.py:540} INFO - Filling up the DagBag from /home/airflow/.local/lib/python3.12/site-packages/airflow/example_dags/example_branch_labels.py
[2026-04-27T23:38:45.006+0000] {processor.py:840} INFO - DAG(s) 'example_branch_labels' retrieved from /home/airflow/.local/lib/python3.12/site-packages/airflow/example_dags/example_branch_labels.py
[2026-04-27T23:38:45.030+0000] {logging_mixin.py:188} INFO - [2026-04-27T23:38:45.030+0000] {dag.py:3096} INFO - Sync 1 DAGs
[2026-04-27T23:38:45.053+0000] {logging_mixin.py:188} INFO - [2026-04-27T23:38:45.053+0000] {dag.py:3954} INFO - Setting next_dagrun for example_branch_labels to 2026-04-26 00:00:00+00:00, run_after=2026-04-27 00:00:00+00:00
[2026-04-27T23:38:45.074+0000] {processor.py:183} INFO - Processing /home/airflow/.local/lib/python3.12/site-packages/airflow/example_dags/example_branch_labels.py took 0.088 seconds
[2026-04-27T23:39:16.015+0000] {processor.py:161} INFO - Started process (PID=1031) to work on /home/airflow/.local/lib/python3.12/site-packages/airflow/example_dags/example_branch_labels.py
[2026-04-27T23:39:16.017+0000] {processor.py:830} INFO - Processing file /home/airflow/.local/lib/python3.12/site-packages/airflow/example_dags/example_branch_labels.py for tasks to queue
[2026-04-27T23:39:16.020+0000] {logging_mixin.py:188} INFO - [2026-04-27T23:39:16.019+0000] {dagbag.py:540} INFO - Filling up the DagBag from /home/airflow/.local/lib/python3.12/site-packages/airflow/example_dags/example_branch_labels.py
[2026-04-27T23:39:16.029+0000] {processor.py:840} INFO - DAG(s) 'example_branch_labels' retrieved from /home/airflow/.local/lib/python3.12/site-packages/airflow/example_dags/example_branch_labels.py
[2026-04-27T23:39:16.055+0000] {logging_mixin.py:188} INFO - [2026-04-27T23:39:16.055+0000] {dag.py:3096} INFO - Sync 1 DAGs
[2026-04-27T23:39:16.079+0000] {logging_mixin.py:188} INFO - [2026-04-27T23:39:16.078+0000] {dag.py:3954} INFO - Setting next_dagrun for example_branch_labels to 2026-04-26 00:00:00+00:00, run_after=2026-04-27 00:00:00+00:00
[2026-04-27T23:39:16.101+0000] {processor.py:183} INFO - Processing /home/airflow/.local/lib/python3.12/site-packages/airflow/example_dags/example_branch_labels.py took 0.094 seconds
[2026-04-27T23:39:46.321+0000] {processor.py:161} INFO - Started process (PID=1090) to work on /home/airflow/.local/lib/python3.12/site-packages/airflow/example_dags/example_branch_labels.py
[2026-04-27T23:39:46.322+0000] {processor.py:830} INFO - Processing file /home/airflow/.local/lib/python3.12/site-packages/airflow/example_dags/example_branch_labels.py for tasks to queue
[2026-04-27T23:39:46.325+0000] {logging_mixin.py:188} INFO - [2026-04-27T23:39:46.325+0000] {dagbag.py:540} INFO - Filling up the DagBag from /home/airflow/.local/lib/python3.12/site-packages/airflow/example_dags/example_branch_labels.py
[2026-04-27T23:39:46.336+0000] {processor.py:840} INFO - DAG(s) 'example_branch_labels' retrieved from /home/airflow/.local/lib/python3.12/site-packages/airflow/example_dags/example_branch_labels.py
[2026-04-27T23:39:46.369+0000] {logging_mixin.py:188} INFO - [2026-04-27T23:39:46.369+0000] {dag.py:3096} INFO - Sync 1 DAGs
[2026-04-27T23:39:46.396+0000] {logging_mixin.py:188} INFO - [2026-04-27T23:39:46.395+0000] {dag.py:3954} INFO - Setting next_dagrun for example_branch_labels to 2026-04-26 00:00:00+00:00, run_after=2026-04-27 00:00:00+00:00
[2026-04-27T23:39:46.421+0000] {processor.py:183} INFO - Processing /home/airflow/.local/lib/python3.12/site-packages/airflow/example_dags/example_branch_labels.py took 0.109 seconds
[2026-04-27T23:40:16.532+0000] {processor.py:161} INFO - Started process (PID=1149) to work on /home/airflow/.local/lib/python3.12/site-packages/airflow/example_dags/example_branch_labels.py
[2026-04-27T23:40:16.534+0000] {processor.py:830} INFO - Processing file /home/airflow/.local/lib/python3.12/site-packages/airflow/example_dags/example_branch_labels.py for tasks to queue
[2026-04-27T23:40:16.539+0000] {logging_mixin.py:188} INFO - [2026-04-27T23:40:16.538+0000] {dagbag.py:540} INFO - Filling up the DagBag from /home/airflow/.local/lib/python3.12/site-packages/airflow/example_dags/example_branch_labels.py
[2026-04-27T23:40:16.556+0000] {processor.py:840} INFO - DAG(s) 'example_branch_labels' retrieved from /home/airflow/.local/lib/python3.12/site-packages/airflow/example_dags/example_branch_labels.py
[2026-04-27T23:40:16.620+0000] {logging_mixin.py:188} INFO - [2026-04-27T23:40:16.620+0000] {dag.py:3096} INFO - Sync 1 DAGs
[2026-04-27T23:40:16.653+0000] {logging_mixin.py:188} INFO - [2026-04-27T23:40:16.653+0000] {dag.py:3954} INFO - Setting next_dagrun for example_branch_labels to 2026-04-26 00:00:00+00:00, run_after=2026-04-27 00:00:00+00:00
[2026-04-27T23:40:16.698+0000] {processor.py:183} INFO - Processing /home/airflow/.local/lib/python3.12/site-packages/airflow/example_dags/example_branch_labels.py took 0.187 seconds
[2026-04-27T23:40:46.997+0000] {processor.py:161} INFO - Started process (PID=1209) to work on /home/airflow/.local/lib/python3.12/site-packages/airflow/example_dags/example_branch_labels.py
[2026-04-27T23:40:46.998+0000] {processor.py:830} INFO - Processing file /home/airflow/.local/lib/python3.12/site-packages/airflow/example_dags/example_branch_labels.py for tasks to queue
[2026-04-27T23:40:47.001+0000] {logging_mixin.py:188} INFO - [2026-04-27T23:40:47.000+0000] {dagbag.py:540} INFO - Filling up the DagBag from /home/airflow/.local/lib/python3.12/site-packages/airflow/example_dags/example_branch_labels.py
[2026-04-27T23:40:47.010+0000] {processor.py:840} INFO - DAG(s) 'example_branch_labels' retrieved from /home/airflow/.local/lib/python3.12/site-packages/airflow/example_dags/example_branch_labels.py
[2026-04-27T23:40:47.036+0000] {logging_mixin.py:188} INFO - [2026-04-27T23:40:47.036+0000] {dag.py:3096} INFO - Sync 1 DAGs
[2026-04-27T23:40:47.215+0000] {logging_mixin.py:188} INFO - [2026-04-27T23:40:47.215+0000] {dag.py:3954} INFO - Setting next_dagrun for example_branch_labels to 2026-04-26 00:00:00+00:00, run_after=2026-04-27 00:00:00+00:00
[2026-04-27T23:40:47.242+0000] {processor.py:183} INFO - Processing /home/airflow/.local/lib/python3.12/site-packages/airflow/example_dags/example_branch_labels.py took 0.251 seconds
[2026-04-27T23:41:17.862+0000] {processor.py:161} INFO - Started process (PID=1267) to work on /home/airflow/.local/lib/python3.12/site-packages/airflow/example_dags/example_branch_labels.py
[2026-04-27T23:41:17.863+0000] {processor.py:830} INFO - Processing file /home/airflow/.local/lib/python3.12/site-packages/airflow/example_dags/example_branch_labels.py for tasks to queue
[2026-04-27T23:41:17.865+0000] {logging_mixin.py:188} INFO - [2026-04-27T23:41:17.865+0000] {dagbag.py:540} INFO - Filling up the DagBag from /home/airflow/.local/lib/python3.12/site-packages/airflow/example_dags/example_branch_labels.py
[2026-04-27T23:41:17.879+0000] {processor.py:840} INFO - DAG(s) 'example_branch_labels' retrieved from /home/airflow/.local/lib/python3.12/site-packages/airflow/example_dags/example_branch_labels.py
[2026-04-27T23:41:17.911+0000] {logging_mixin.py:188} INFO - [2026-04-27T23:41:17.910+0000] {dag.py:3096} INFO - Sync 1 DAGs
[2026-04-27T23:41:17.945+0000] {logging_mixin.py:188} INFO - [2026-04-27T23:41:17.945+0000] {dag.py:3954} INFO - Setting next_dagrun for example_branch_labels to 2026-04-26 00:00:00+00:00, run_after=2026-04-27 00:00:00+00:00
[2026-04-27T23:41:18.174+0000] {processor.py:183} INFO - Processing /home/airflow/.local/lib/python3.12/site-packages/airflow/example_dags/example_branch_labels.py took 0.320 seconds
[2026-04-27T23:41:48.255+0000] {processor.py:161} INFO - Started process (PID=1327) to work on /home/airflow/.local/lib/python3.12/site-packages/airflow/example_dags/example_branch_labels.py
[2026-04-27T23:41:48.257+0000] {processor.py:830} INFO - Processing file /home/airflow/.local/lib/python3.12/site-packages/airflow/example_dags/example_branch_labels.py for tasks to queue
[2026-04-27T23:41:48.259+0000] {logging_mixin.py:188} INFO - [2026-04-27T23:41:48.259+0000] {dagbag.py:540} INFO - Filling up the DagBag from /home/airflow/.local/lib/python3.12/site-packages/airflow/example_dags/example_branch_labels.py
[2026-04-27T23:41:48.268+0000] {processor.py:840} INFO - DAG(s) 'example_branch_labels' retrieved from /home/airflow/.local/lib/python3.12/site-packages/airflow/example_dags/example_branch_labels.py
[2026-04-27T23:41:48.293+0000] {logging_mixin.py:188} INFO - [2026-04-27T23:41:48.293+0000] {dag.py:3096} INFO - Sync 1 DAGs
[2026-04-27T23:41:48.319+0000] {logging_mixin.py:188} INFO - [2026-04-27T23:41:48.318+0000] {dag.py:3954} INFO - Setting next_dagrun for example_branch_labels to 2026-04-26 00:00:00+00:00, run_after=2026-04-27 00:00:00+00:00
[2026-04-27T23:41:48.353+0000] {processor.py:183} INFO - Processing /home/airflow/.local/lib/python3.12/site-packages/airflow/example_dags/example_branch_labels.py took 0.104 seconds
[2026-04-27T23:42:22.620+0000] {processor.py:161} INFO - Started process (PID=1385) to work on /home/airflow/.local/lib/python3.12/site-packages/airflow/example_dags/example_branch_labels.py
[2026-04-27T23:42:22.622+0000] {processor.py:830} INFO - Processing file /home/airflow/.local/lib/python3.12/site-packages/airflow/example_dags/example_branch_labels.py for tasks to queue
[2026-04-27T23:42:22.625+0000] {logging_mixin.py:188} INFO - [2026-04-27T23:42:22.624+0000] {dagbag.py:540} INFO - Filling up the DagBag from /home/airflow/.local/lib/python3.12/site-packages/airflow/example_dags/example_branch_labels.py
[2026-04-27T23:42:22.635+0000] {processor.py:840} INFO - DAG(s) 'example_branch_labels' retrieved from /home/airflow/.local/lib/python3.12/site-packages/airflow/example_dags/example_branch_labels.py
[2026-04-27T23:42:22.824+0000] {logging_mixin.py:188} INFO - [2026-04-27T23:42:22.824+0000] {dag.py:3096} INFO - Sync 1 DAGs
[2026-04-27T23:42:22.847+0000] {logging_mixin.py:188} INFO - [2026-04-27T23:42:22.846+0000] {dag.py:3954} INFO - Setting next_dagrun for example_branch_labels to 2026-04-26 00:00:00+00:00, run_after=2026-04-27 00:00:00+00:00
[2026-04-27T23:42:22.867+0000] {processor.py:183} INFO - Processing /home/airflow/.local/lib/python3.12/site-packages/airflow/example_dags/example_branch_labels.py took 0.254 seconds
[2026-04-27T23:42:53.722+0000] {processor.py:161} INFO - Started process (PID=1443) to work on /home/airflow/.local/lib/python3.12/site-packages/airflow/example_dags/example_branch_labels.py
[2026-04-27T23:42:53.725+0000] {processor.py:830} INFO - Processing file /home/airflow/.local/lib/python3.12/site-packages/airflow/example_dags/example_branch_labels.py for tasks to queue
[2026-04-27T23:42:53.729+0000] {logging_mixin.py:188} INFO - [2026-04-27T23:42:53.728+0000] {dagbag.py:540} INFO - Filling up the DagBag from /home/airflow/.local/lib/python3.12/site-packages/airflow/example_dags/example_branch_labels.py
[2026-04-27T23:42:53.746+0000] {processor.py:840} INFO - DAG(s) 'example_branch_labels' retrieved from /home/airflow/.local/lib/python3.12/site-packages/airflow/example_dags/example_branch_labels.py
[2026-04-27T23:42:53.783+0000] {logging_mixin.py:188} INFO - [2026-04-27T23:42:53.783+0000] {dag.py:3096} INFO - Sync 1 DAGs
[2026-04-27T23:42:53.817+0000] {logging_mixin.py:188} INFO - [2026-04-27T23:42:53.816+0000] {dag.py:3954} INFO - Setting next_dagrun for example_branch_labels to 2026-04-26 00:00:00+00:00, run_after=2026-04-27 00:00:00+00:00
[2026-04-27T23:42:53.848+0000] {processor.py:183} INFO - Processing /home/airflow/.local/lib/python3.12/site-packages/airflow/example_dags/example_branch_labels.py took 0.135 seconds
[2026-04-27T23:43:23.985+0000] {processor.py:161} INFO - Started process (PID=1502) to work on /home/airflow/.local/lib/python3.12/site-packages/airflow/example_dags/example_branch_labels.py
[2026-04-27T23:43:23.987+0000] {processor.py:830} INFO - Processing file /home/airflow/.local/lib/python3.12/site-packages/airflow/example_dags/example_branch_labels.py for tasks to queue
[2026-04-27T23:43:23.991+0000] {logging_mixin.py:188} INFO - [2026-04-27T23:43:23.990+0000] {dagbag.py:540} INFO - Filling up the DagBag from /home/airflow/.local/lib/python3.12/site-packages/airflow/example_dags/example_branch_labels.py
[2026-04-27T23:43:24.003+0000] {processor.py:840} INFO - DAG(s) 'example_branch_labels' retrieved from /home/airflow/.local/lib/python3.12/site-packages/airflow/example_dags/example_branch_labels.py
[2026-04-27T23:43:24.032+0000] {logging_mixin.py:188} INFO - [2026-04-27T23:43:24.032+0000] {dag.py:3096} INFO - Sync 1 DAGs
[2026-04-27T23:43:24.058+0000] {logging_mixin.py:188} INFO - [2026-04-27T23:43:24.058+0000] {dag.py:3954} INFO - Setting next_dagrun for example_branch_labels to 2026-04-26 00:00:00+00:00, run_after=2026-04-27 00:00:00+00:00
[2026-04-27T23:43:24.079+0000] {processor.py:183} INFO - Processing /home/airflow/.local/lib/python3.12/site-packages/airflow/example_dags/example_branch_labels.py took 0.104 seconds
[2026-04-27T23:43:54.721+0000] {processor.py:161} INFO - Started process (PID=1561) to work on /home/airflow/.local/lib/python3.12/site-packages/airflow/example_dags/example_branch_labels.py
[2026-04-27T23:43:54.724+0000] {processor.py:830} INFO - Processing file /home/airflow/.local/lib/python3.12/site-packages/airflow/example_dags/example_branch_labels.py for tasks to queue
[2026-04-27T23:43:54.730+0000] {logging_mixin.py:188} INFO - [2026-04-27T23:43:54.728+0000] {dagbag.py:540} INFO - Filling up the DagBag from /home/airflow/.local/lib/python3.12/site-packages/airflow/example_dags/example_branch_labels.py
[2026-04-27T23:43:54.761+0000] {processor.py:840} INFO - DAG(s) 'example_branch_labels' retrieved from /home/airflow/.local/lib/python3.12/site-packages/airflow/example_dags/example_branch_labels.py
[2026-04-27T23:43:54.818+0000] {logging_mixin.py:188} INFO - [2026-04-27T23:43:54.817+0000] {dag.py:3096} INFO - Sync 1 DAGs
[2026-04-27T23:43:54.851+0000] {logging_mixin.py:188} INFO - [2026-04-27T23:43:54.850+0000] {dag.py:3954} INFO - Setting next_dagrun for example_branch_labels to 2026-04-26 00:00:00+00:00, run_after=2026-04-27 00:00:00+00:00
[2026-04-27T23:43:54.880+0000] {processor.py:183} INFO - Processing /home/airflow/.local/lib/python3.12/site-packages/airflow/example_dags/example_branch_labels.py took 0.177 seconds
[2026-04-27T23:44:25.085+0000] {processor.py:161} INFO - Started process (PID=1620) to work on /home/airflow/.local/lib/python3.12/site-packages/airflow/example_dags/example_branch_labels.py
[2026-04-27T23:44:25.087+0000] {processor.py:830} INFO - Processing file /home/airflow/.local/lib/python3.12/site-packages/airflow/example_dags/example_branch_labels.py for tasks to queue
[2026-04-27T23:44:25.090+0000] {logging_mixin.py:188} INFO - [2026-04-27T23:44:25.089+0000] {dagbag.py:540} INFO - Filling up the DagBag from /home/airflow/.local/lib/python3.12/site-packages/airflow/example_dags/example_branch_labels.py
[2026-04-27T23:44:25.102+0000] {processor.py:840} INFO - DAG(s) 'example_branch_labels' retrieved from /home/airflow/.local/lib/python3.12/site-packages/airflow/example_dags/example_branch_labels.py
[2026-04-27T23:44:25.134+0000] {logging_mixin.py:188} INFO - [2026-04-27T23:44:25.134+0000] {dag.py:3096} INFO - Sync 1 DAGs
[2026-04-27T23:44:25.166+0000] {logging_mixin.py:188} INFO - [2026-04-27T23:44:25.165+0000] {dag.py:3954} INFO - Setting next_dagrun for example_branch_labels to 2026-04-26 00:00:00+00:00, run_after=2026-04-27 00:00:00+00:00
[2026-04-27T23:44:25.190+0000] {processor.py:183} INFO - Processing /home/airflow/.local/lib/python3.12/site-packages/airflow/example_dags/example_branch_labels.py took 0.115 seconds
[2026-04-27T23:44:55.622+0000] {processor.py:161} INFO - Started process (PID=1679) to work on /home/airflow/.local/lib/python3.12/site-packages/airflow/example_dags/example_branch_labels.py
[2026-04-27T23:44:55.623+0000] {processor.py:830} INFO - Processing file /home/airflow/.local/lib/python3.12/site-packages/airflow/example_dags/example_branch_labels.py for tasks to queue
[2026-04-27T23:44:55.626+0000] {logging_mixin.py:188} INFO - [2026-04-27T23:44:55.626+0000] {dagbag.py:540} INFO - Filling up the DagBag from /home/airflow/.local/lib/python3.12/site-packages/airflow/example_dags/example_branch_labels.py
[2026-04-27T23:44:55.637+0000] {processor.py:840} INFO - DAG(s) 'example_branch_labels' retrieved from /home/airflow/.local/lib/python3.12/site-packages/airflow/example_dags/example_branch_labels.py
[2026-04-27T23:44:55.667+0000] {logging_mixin.py:188} INFO - [2026-04-27T23:44:55.667+0000] {dag.py:3096} INFO - Sync 1 DAGs
[2026-04-27T23:44:55.694+0000] {logging_mixin.py:188} INFO - [2026-04-27T23:44:55.694+0000] {dag.py:3954} INFO - Setting next_dagrun for example_branch_labels to 2026-04-26 00:00:00+00:00, run_after=2026-04-27 00:00:00+00:00
[2026-04-27T23:44:55.722+0000] {processor.py:183} INFO - Processing /home/airflow/.local/lib/python3.12/site-packages/airflow/example_dags/example_branch_labels.py took 0.108 seconds
[2026-04-27T23:45:25.987+0000] {processor.py:161} INFO - Started process (PID=1738) to work on /home/airflow/.local/lib/python3.12/site-packages/airflow/example_dags/example_branch_labels.py
[2026-04-27T23:45:25.989+0000] {processor.py:830} INFO - Processing file /home/airflow/.local/lib/python3.12/site-packages/airflow/example_dags/example_branch_labels.py for tasks to queue
[2026-04-27T23:45:25.991+0000] {logging_mixin.py:188} INFO - [2026-04-27T23:45:25.991+0000] {dagbag.py:540} INFO - Filling up the DagBag from /home/airflow/.local/lib/python3.12/site-packages/airflow/example_dags/example_branch_labels.py
[2026-04-27T23:45:26.000+0000] {processor.py:840} INFO - DAG(s) 'example_branch_labels' retrieved from /home/airflow/.local/lib/python3.12/site-packages/airflow/example_dags/example_branch_labels.py
[2026-04-27T23:45:26.027+0000] {logging_mixin.py:188} INFO - [2026-04-27T23:45:26.027+0000] {dag.py:3096} INFO - Sync 1 DAGs
[2026-04-27T23:45:26.055+0000] {logging_mixin.py:188} INFO - [2026-04-27T23:45:26.055+0000] {dag.py:3954} INFO - Setting next_dagrun for example_branch_labels to 2026-04-26 00:00:00+00:00, run_after=2026-04-27 00:00:00+00:00
[2026-04-27T23:45:26.076+0000] {processor.py:183} INFO - Processing /home/airflow/.local/lib/python3.12/site-packages/airflow/example_dags/example_branch_labels.py took 0.095 seconds
[2026-04-27T23:45:56.814+0000] {processor.py:161} INFO - Started process (PID=1797) to work on /home/airflow/.local/lib/python3.12/site-packages/airflow/example_dags/example_branch_labels.py
[2026-04-27T23:45:56.816+0000] {processor.py:830} INFO - Processing file /home/airflow/.local/lib/python3.12/site-packages/airflow/example_dags/example_branch_labels.py for tasks to queue
[2026-04-27T23:45:56.819+0000] {logging_mixin.py:188} INFO - [2026-04-27T23:45:56.818+0000] {dagbag.py:540} INFO - Filling up the DagBag from /home/airflow/.local/lib/python3.12/site-packages/airflow/example_dags/example_branch_labels.py
[2026-04-27T23:45:56.830+0000] {processor.py:840} INFO - DAG(s) 'example_branch_labels' retrieved from /home/airflow/.local/lib/python3.12/site-packages/airflow/example_dags/example_branch_labels.py
[2026-04-27T23:45:56.856+0000] {logging_mixin.py:188} INFO - [2026-04-27T23:45:56.855+0000] {dag.py:3096} INFO - Sync 1 DAGs
[2026-04-27T23:45:56.882+0000] {logging_mixin.py:188} INFO - [2026-04-27T23:45:56.882+0000] {dag.py:3954} INFO - Setting next_dagrun for example_branch_labels to 2026-04-26 00:00:00+00:00, run_after=2026-04-27 00:00:00+00:00
[2026-04-27T23:45:56.906+0000] {processor.py:183} INFO - Processing /home/airflow/.local/lib/python3.12/site-packages/airflow/example_dags/example_branch_labels.py took 0.106 seconds
[2026-04-27T23:46:27.122+0000] {processor.py:161} INFO - Started process (PID=1858) to work on /home/airflow/.local/lib/python3.12/site-packages/airflow/example_dags/example_branch_labels.py
[2026-04-27T23:46:27.123+0000] {processor.py:830} INFO - Processing file /home/airflow/.local/lib/python3.12/site-packages/airflow/example_dags/example_branch_labels.py for tasks to queue
[2026-04-27T23:46:27.126+0000] {logging_mixin.py:188} INFO - [2026-04-27T23:46:27.125+0000] {dagbag.py:540} INFO - Filling up the DagBag from /home/airflow/.local/lib/python3.12/site-packages/airflow/example_dags/example_branch_labels.py
[2026-04-27T23:46:27.135+0000] {processor.py:840} INFO - DAG(s) 'example_branch_labels' retrieved from /home/airflow/.local/lib/python3.12/site-packages/airflow/example_dags/example_branch_labels.py
[2026-04-27T23:46:27.160+0000] {logging_mixin.py:188} INFO - [2026-04-27T23:46:27.160+0000] {dag.py:3096} INFO - Sync 1 DAGs
[2026-04-27T23:46:27.187+0000] {logging_mixin.py:188} INFO - [2026-04-27T23:46:27.186+0000] {dag.py:3954} INFO - Setting next_dagrun for example_branch_labels to 2026-04-26 00:00:00+00:00, run_after=2026-04-27 00:00:00+00:00
[2026-04-27T23:46:27.219+0000] {processor.py:183} INFO - Processing /home/airflow/.local/lib/python3.12/site-packages/airflow/example_dags/example_branch_labels.py took 0.103 seconds
[2026-04-27T23:46:57.333+0000] {processor.py:161} INFO - Started process (PID=1917) to work on /home/airflow/.local/lib/python3.12/site-packages/airflow/example_dags/example_branch_labels.py
[2026-04-27T23:46:57.335+0000] {processor.py:830} INFO - Processing file /home/airflow/.local/lib/python3.12/site-packages/airflow/example_dags/example_branch_labels.py for tasks to queue
[2026-04-27T23:46:57.337+0000] {logging_mixin.py:188} INFO - [2026-04-27T23:46:57.337+0000] {dagbag.py:540} INFO - Filling up the DagBag from /home/airflow/.local/lib/python3.12/site-packages/airflow/example_dags/example_branch_labels.py
[2026-04-27T23:46:57.348+0000] {processor.py:840} INFO - DAG(s) 'example_branch_labels' retrieved from /home/airflow/.local/lib/python3.12/site-packages/airflow/example_dags/example_branch_labels.py
[2026-04-27T23:46:57.375+0000] {logging_mixin.py:188} INFO - [2026-04-27T23:46:57.374+0000] {dag.py:3096} INFO - Sync 1 DAGs
[2026-04-27T23:46:57.410+0000] {logging_mixin.py:188} INFO - [2026-04-27T23:46:57.410+0000] {dag.py:3954} INFO - Setting next_dagrun for example_branch_labels to 2026-04-26 00:00:00+00:00, run_after=2026-04-27 00:00:00+00:00
[2026-04-27T23:46:57.439+0000] {processor.py:183} INFO - Processing /home/airflow/.local/lib/python3.12/site-packages/airflow/example_dags/example_branch_labels.py took 0.112 seconds
[2026-04-27T23:47:27.520+0000] {processor.py:161} INFO - Started process (PID=1976) to work on /home/airflow/.local/lib/python3.12/site-packages/airflow/example_dags/example_branch_labels.py
[2026-04-27T23:47:27.522+0000] {processor.py:830} INFO - Processing file /home/airflow/.local/lib/python3.12/site-packages/airflow/example_dags/example_branch_labels.py for tasks to queue
[2026-04-27T23:47:27.528+0000] {logging_mixin.py:188} INFO - [2026-04-27T23:47:27.527+0000] {dagbag.py:540} INFO - Filling up the DagBag from /home/airflow/.local/lib/python3.12/site-packages/airflow/example_dags/example_branch_labels.py
[2026-04-27T23:47:27.547+0000] {processor.py:840} INFO - DAG(s) 'example_branch_labels' retrieved from /home/airflow/.local/lib/python3.12/site-packages/airflow/example_dags/example_branch_labels.py
[2026-04-27T23:47:27.570+0000] {logging_mixin.py:188} INFO - [2026-04-27T23:47:27.570+0000] {dag.py:3096} INFO - Sync 1 DAGs
[2026-04-27T23:47:27.620+0000] {logging_mixin.py:188} INFO - [2026-04-27T23:47:27.619+0000] {dag.py:3954} INFO - Setting next_dagrun for example_branch_labels to 2026-04-26 00:00:00+00:00, run_after=2026-04-27 00:00:00+00:00
[2026-04-27T23:47:27.653+0000] {processor.py:183} INFO - Processing /home/airflow/.local/lib/python3.12/site-packages/airflow/example_dags/example_branch_labels.py took 0.147 seconds
[2026-04-27T23:47:58.080+0000] {processor.py:161} INFO - Started process (PID=2030) to work on /home/airflow/.local/lib/python3.12/site-packages/airflow/example_dags/example_branch_labels.py
[2026-04-27T23:47:58.081+0000] {processor.py:830} INFO - Processing file /home/airflow/.local/lib/python3.12/site-packages/airflow/example_dags/example_branch_labels.py for tasks to queue
[2026-04-27T23:47:58.083+0000] {logging_mixin.py:188} INFO - [2026-04-27T23:47:58.083+0000] {dagbag.py:540} INFO - Filling up the DagBag from /home/airflow/.local/lib/python3.12/site-packages/airflow/example_dags/example_branch_labels.py
[2026-04-27T23:47:58.093+0000] {processor.py:840} INFO - DAG(s) 'example_branch_labels' retrieved from /home/airflow/.local/lib/python3.12/site-packages/airflow/example_dags/example_branch_labels.py
[2026-04-27T23:47:58.201+0000] {logging_mixin.py:188} INFO - [2026-04-27T23:47:58.201+0000] {dag.py:3096} INFO - Sync 1 DAGs
[2026-04-27T23:47:58.221+0000] {logging_mixin.py:188} INFO - [2026-04-27T23:47:58.221+0000] {dag.py:3954} INFO - Setting next_dagrun for example_branch_labels to 2026-04-26 00:00:00+00:00, run_after=2026-04-27 00:00:00+00:00
[2026-04-27T23:47:58.241+0000] {processor.py:183} INFO - Processing /home/airflow/.local/lib/python3.12/site-packages/airflow/example_dags/example_branch_labels.py took 0.168 seconds
[2026-04-27T23:48:28.744+0000] {processor.py:161} INFO - Started process (PID=2089) to work on /home/airflow/.local/lib/python3.12/site-packages/airflow/example_dags/example_branch_labels.py
[2026-04-27T23:48:28.746+0000] {processor.py:830} INFO - Processing file /home/airflow/.local/lib/python3.12/site-packages/airflow/example_dags/example_branch_labels.py for tasks to queue
[2026-04-27T23:48:28.750+0000] {logging_mixin.py:188} INFO - [2026-04-27T23:48:28.750+0000] {dagbag.py:540} INFO - Filling up the DagBag from /home/airflow/.local/lib/python3.12/site-packages/airflow/example_dags/example_branch_labels.py
[2026-04-27T23:48:28.770+0000] {processor.py:840} INFO - DAG(s) 'example_branch_labels' retrieved from /home/airflow/.local/lib/python3.12/site-packages/airflow/example_dags/example_branch_labels.py
[2026-04-27T23:48:28.798+0000] {logging_mixin.py:188} INFO - [2026-04-27T23:48:28.797+0000] {dag.py:3096} INFO - Sync 1 DAGs
[2026-04-27T23:48:28.823+0000] {logging_mixin.py:188} INFO - [2026-04-27T23:48:28.822+0000] {dag.py:3954} INFO - Setting next_dagrun for example_branch_labels to 2026-04-26 00:00:00+00:00, run_after=2026-04-27 00:00:00+00:00
[2026-04-27T23:48:28.845+0000] {processor.py:183} INFO - Processing /home/airflow/.local/lib/python3.12/site-packages/airflow/example_dags/example_branch_labels.py took 0.108 seconds
[2026-04-27T23:48:58.978+0000] {processor.py:161} INFO - Started process (PID=2148) to work on /home/airflow/.local/lib/python3.12/site-packages/airflow/example_dags/example_branch_labels.py
[2026-04-27T23:48:58.979+0000] {processor.py:830} INFO - Processing file /home/airflow/.local/lib/python3.12/site-packages/airflow/example_dags/example_branch_labels.py for tasks to queue
[2026-04-27T23:48:58.982+0000] {logging_mixin.py:188} INFO - [2026-04-27T23:48:58.982+0000] {dagbag.py:540} INFO - Filling up the DagBag from /home/airflow/.local/lib/python3.12/site-packages/airflow/example_dags/example_branch_labels.py
[2026-04-27T23:48:58.993+0000] {processor.py:840} INFO - DAG(s) 'example_branch_labels' retrieved from /home/airflow/.local/lib/python3.12/site-packages/airflow/example_dags/example_branch_labels.py
[2026-04-27T23:48:59.019+0000] {logging_mixin.py:188} INFO - [2026-04-27T23:48:59.018+0000] {dag.py:3096} INFO - Sync 1 DAGs
[2026-04-27T23:48:59.044+0000] {logging_mixin.py:188} INFO - [2026-04-27T23:48:59.044+0000] {dag.py:3954} INFO - Setting next_dagrun for example_branch_labels to 2026-04-26 00:00:00+00:00, run_after=2026-04-27 00:00:00+00:00
[2026-04-27T23:48:59.133+0000] {processor.py:183} INFO - Processing /home/airflow/.local/lib/python3.12/site-packages/airflow/example_dags/example_branch_labels.py took 0.164 seconds
[2026-04-27T23:49:29.856+0000] {processor.py:161} INFO - Started process (PID=2206) to work on /home/airflow/.local/lib/python3.12/site-packages/airflow/example_dags/example_branch_labels.py
[2026-04-27T23:49:29.857+0000] {processor.py:830} INFO - Processing file /home/airflow/.local/lib/python3.12/site-packages/airflow/example_dags/example_branch_labels.py for tasks to queue
[2026-04-27T23:49:29.860+0000] {logging_mixin.py:188} INFO - [2026-04-27T23:49:29.859+0000] {dagbag.py:540} INFO - Filling up the DagBag from /home/airflow/.local/lib/python3.12/site-packages/airflow/example_dags/example_branch_labels.py
[2026-04-27T23:49:29.870+0000] {processor.py:840} INFO - DAG(s) 'example_branch_labels' retrieved from /home/airflow/.local/lib/python3.12/site-packages/airflow/example_dags/example_branch_labels.py
[2026-04-27T23:49:29.898+0000] {logging_mixin.py:188} INFO - [2026-04-27T23:49:29.897+0000] {dag.py:3096} INFO - Sync 1 DAGs
[2026-04-27T23:49:29.926+0000] {logging_mixin.py:188} INFO - [2026-04-27T23:49:29.925+0000] {dag.py:3954} INFO - Setting next_dagrun for example_branch_labels to 2026-04-26 00:00:00+00:00, run_after=2026-04-27 00:00:00+00:00
[2026-04-27T23:49:29.949+0000] {processor.py:183} INFO - Processing /home/airflow/.local/lib/python3.12/site-packages/airflow/example_dags/example_branch_labels.py took 0.100 seconds
[2026-04-27T23:50:00.085+0000] {processor.py:161} INFO - Started process (PID=2265) to work on /home/airflow/.local/lib/python3.12/site-packages/airflow/example_dags/example_branch_labels.py
[2026-04-27T23:50:00.086+0000] {processor.py:830} INFO - Processing file /home/airflow/.local/lib/python3.12/site-packages/airflow/example_dags/example_branch_labels.py for tasks to queue
[2026-04-27T23:50:00.088+0000] {logging_mixin.py:188} INFO - [2026-04-27T23:50:00.088+0000] {dagbag.py:540} INFO - Filling up the DagBag from /home/airflow/.local/lib/python3.12/site-packages/airflow/example_dags/example_branch_labels.py
[2026-04-27T23:50:00.098+0000] {processor.py:840} INFO - DAG(s) 'example_branch_labels' retrieved from /home/airflow/.local/lib/python3.12/site-packages/airflow/example_dags/example_branch_labels.py
[2026-04-27T23:50:00.122+0000] {logging_mixin.py:188} INFO - [2026-04-27T23:50:00.121+0000] {dag.py:3096} INFO - Sync 1 DAGs
[2026-04-27T23:50:00.151+0000] {logging_mixin.py:188} INFO - [2026-04-27T23:50:00.151+0000] {dag.py:3954} INFO - Setting next_dagrun for example_branch_labels to 2026-04-26 00:00:00+00:00, run_after=2026-04-27 00:00:00+00:00
[2026-04-27T23:50:00.172+0000] {processor.py:183} INFO - Processing /home/airflow/.local/lib/python3.12/site-packages/airflow/example_dags/example_branch_labels.py took 0.094 seconds
[2026-04-27T23:58:32.285+0000] {processor.py:161} INFO - Started process (PID=89) to work on /home/airflow/.local/lib/python3.12/site-packages/airflow/example_dags/example_branch_labels.py
[2026-04-27T23:58:32.287+0000] {processor.py:830} INFO - Processing file /home/airflow/.local/lib/python3.12/site-packages/airflow/example_dags/example_branch_labels.py for tasks to queue
[2026-04-27T23:58:32.290+0000] {logging_mixin.py:188} INFO - [2026-04-27T23:58:32.289+0000] {dagbag.py:540} INFO - Filling up the DagBag from /home/airflow/.local/lib/python3.12/site-packages/airflow/example_dags/example_branch_labels.py
[2026-04-27T23:58:32.299+0000] {processor.py:840} INFO - DAG(s) 'example_branch_labels' retrieved from /home/airflow/.local/lib/python3.12/site-packages/airflow/example_dags/example_branch_labels.py
[2026-04-27T23:58:32.418+0000] {logging_mixin.py:188} INFO - [2026-04-27T23:58:32.418+0000] {dag.py:3096} INFO - Sync 1 DAGs
[2026-04-27T23:58:32.438+0000] {logging_mixin.py:188} INFO - [2026-04-27T23:58:32.438+0000] {dag.py:3954} INFO - Setting next_dagrun for example_branch_labels to 2026-04-26 00:00:00+00:00, run_after=2026-04-27 00:00:00+00:00
[2026-04-27T23:58:32.459+0000] {processor.py:183} INFO - Processing /home/airflow/.local/lib/python3.12/site-packages/airflow/example_dags/example_branch_labels.py took 0.180 seconds
[2026-04-27T23:59:46.877+0000] {processor.py:161} INFO - Started process (PID=83) to work on /home/airflow/.local/lib/python3.12/site-packages/airflow/example_dags/example_branch_labels.py
[2026-04-27T23:59:47.034+0000] {processor.py:830} INFO - Processing file /home/airflow/.local/lib/python3.12/site-packages/airflow/example_dags/example_branch_labels.py for tasks to queue
[2026-04-27T23:59:47.037+0000] {logging_mixin.py:188} INFO - [2026-04-27T23:59:47.036+0000] {dagbag.py:540} INFO - Filling up the DagBag from /home/airflow/.local/lib/python3.12/site-packages/airflow/example_dags/example_branch_labels.py
[2026-04-27T23:59:47.045+0000] {processor.py:840} INFO - DAG(s) 'example_branch_labels' retrieved from /home/airflow/.local/lib/python3.12/site-packages/airflow/example_dags/example_branch_labels.py
[2026-04-27T23:59:47.069+0000] {logging_mixin.py:188} INFO - [2026-04-27T23:59:47.069+0000] {dag.py:3096} INFO - Sync 1 DAGs
[2026-04-27T23:59:47.093+0000] {logging_mixin.py:188} INFO - [2026-04-27T23:59:47.093+0000] {dag.py:3954} INFO - Setting next_dagrun for example_branch_labels to 2026-04-26 00:00:00+00:00, run_after=2026-04-27 00:00:00+00:00
[2026-04-27T23:59:47.113+0000] {processor.py:183} INFO - Processing /home/airflow/.local/lib/python3.12/site-packages/airflow/example_dags/example_branch_labels.py took 0.243 seconds
