[2026-04-27T23:30:16.955+0000] {processor.py:161} INFO - Started process (PID=93) to work on /home/airflow/.local/lib/python3.12/site-packages/airflow/example_dags/example_kubernetes_executor.py
[2026-04-27T23:30:16.957+0000] {processor.py:830} INFO - Processing file /home/airflow/.local/lib/python3.12/site-packages/airflow/example_dags/example_kubernetes_executor.py for tasks to queue
[2026-04-27T23:30:16.960+0000] {logging_mixin.py:188} INFO - [2026-04-27T23:30:16.959+0000] {dagbag.py:540} INFO - Filling up the DagBag from /home/airflow/.local/lib/python3.12/site-packages/airflow/example_dags/example_kubernetes_executor.py
[2026-04-27T23:30:16.985+0000] {processor.py:840} INFO - DAG(s) 'example_kubernetes_executor' retrieved from /home/airflow/.local/lib/python3.12/site-packages/airflow/example_dags/example_kubernetes_executor.py
[2026-04-27T23:30:17.044+0000] {logging_mixin.py:188} INFO - [2026-04-27T23:30:17.044+0000] {dag.py:3096} INFO - Sync 1 DAGs
[2026-04-27T23:30:17.060+0000] {logging_mixin.py:188} INFO - [2026-04-27T23:30:17.059+0000] {dag.py:3954} INFO - Setting next_dagrun for example_kubernetes_executor to None, run_after=None
[2026-04-27T23:30:17.632+0000] {processor.py:183} INFO - Processing /home/airflow/.local/lib/python3.12/site-packages/airflow/example_dags/example_kubernetes_executor.py took 0.683 seconds
[2026-04-27T23:30:53.879+0000] {processor.py:161} INFO - Started process (PID=152) to work on /home/airflow/.local/lib/python3.12/site-packages/airflow/example_dags/example_kubernetes_executor.py
[2026-04-27T23:30:53.987+0000] {processor.py:830} INFO - Processing file /home/airflow/.local/lib/python3.12/site-packages/airflow/example_dags/example_kubernetes_executor.py for tasks to queue
[2026-04-27T23:30:53.990+0000] {logging_mixin.py:188} INFO - [2026-04-27T23:30:53.990+0000] {dagbag.py:540} INFO - Filling up the DagBag from /home/airflow/.local/lib/python3.12/site-packages/airflow/example_dags/example_kubernetes_executor.py
[2026-04-27T23:30:54.003+0000] {processor.py:840} INFO - DAG(s) 'example_kubernetes_executor' retrieved from /home/airflow/.local/lib/python3.12/site-packages/airflow/example_dags/example_kubernetes_executor.py
[2026-04-27T23:30:54.050+0000] {logging_mixin.py:188} INFO - [2026-04-27T23:30:54.049+0000] {dag.py:3096} INFO - Sync 1 DAGs
[2026-04-27T23:30:54.063+0000] {logging_mixin.py:188} INFO - [2026-04-27T23:30:54.063+0000] {dag.py:3954} INFO - Setting next_dagrun for example_kubernetes_executor to None, run_after=None
[2026-04-27T23:30:54.083+0000] {processor.py:183} INFO - Processing /home/airflow/.local/lib/python3.12/site-packages/airflow/example_dags/example_kubernetes_executor.py took 0.212 seconds
[2026-04-27T23:32:06.796+0000] {processor.py:161} INFO - Started process (PID=217) to work on /home/airflow/.local/lib/python3.12/site-packages/airflow/example_dags/example_kubernetes_executor.py
[2026-04-27T23:32:07.899+0000] {processor.py:830} INFO - Processing file /home/airflow/.local/lib/python3.12/site-packages/airflow/example_dags/example_kubernetes_executor.py for tasks to queue
[2026-04-27T23:32:08.705+0000] {logging_mixin.py:188} INFO - [2026-04-27T23:32:08.705+0000] {dagbag.py:540} INFO - Filling up the DagBag from /home/airflow/.local/lib/python3.12/site-packages/airflow/example_dags/example_kubernetes_executor.py
[2026-04-27T23:32:10.203+0000] {processor.py:840} INFO - DAG(s) 'example_kubernetes_executor' retrieved from /home/airflow/.local/lib/python3.12/site-packages/airflow/example_dags/example_kubernetes_executor.py
[2026-04-27T23:32:11.085+0000] {logging_mixin.py:188} INFO - [2026-04-27T23:32:11.084+0000] {dag.py:3096} INFO - Sync 1 DAGs
[2026-04-27T23:32:11.098+0000] {logging_mixin.py:188} INFO - [2026-04-27T23:32:11.098+0000] {dag.py:3954} INFO - Setting next_dagrun for example_kubernetes_executor to None, run_after=None
[2026-04-27T23:32:11.119+0000] {processor.py:183} INFO - Processing /home/airflow/.local/lib/python3.12/site-packages/airflow/example_dags/example_kubernetes_executor.py took 4.362 seconds
[2026-04-27T23:32:41.281+0000] {processor.py:161} INFO - Started process (PID=276) to work on /home/airflow/.local/lib/python3.12/site-packages/airflow/example_dags/example_kubernetes_executor.py
[2026-04-27T23:32:41.283+0000] {processor.py:830} INFO - Processing file /home/airflow/.local/lib/python3.12/site-packages/airflow/example_dags/example_kubernetes_executor.py for tasks to queue
[2026-04-27T23:32:41.286+0000] {logging_mixin.py:188} INFO - [2026-04-27T23:32:41.286+0000] {dagbag.py:540} INFO - Filling up the DagBag from /home/airflow/.local/lib/python3.12/site-packages/airflow/example_dags/example_kubernetes_executor.py
[2026-04-27T23:32:41.303+0000] {processor.py:840} INFO - DAG(s) 'example_kubernetes_executor' retrieved from /home/airflow/.local/lib/python3.12/site-packages/airflow/example_dags/example_kubernetes_executor.py
[2026-04-27T23:32:41.352+0000] {logging_mixin.py:188} INFO - [2026-04-27T23:32:41.352+0000] {dag.py:3096} INFO - Sync 1 DAGs
[2026-04-27T23:32:41.369+0000] {logging_mixin.py:188} INFO - [2026-04-27T23:32:41.369+0000] {dag.py:3954} INFO - Setting next_dagrun for example_kubernetes_executor to None, run_after=None
[2026-04-27T23:32:41.394+0000] {processor.py:183} INFO - Processing /home/airflow/.local/lib/python3.12/site-packages/airflow/example_dags/example_kubernetes_executor.py took 0.121 seconds
[2026-04-27T23:33:12.238+0000] {processor.py:161} INFO - Started process (PID=335) to work on /home/airflow/.local/lib/python3.12/site-packages/airflow/example_dags/example_kubernetes_executor.py
[2026-04-27T23:33:12.239+0000] {processor.py:830} INFO - Processing file /home/airflow/.local/lib/python3.12/site-packages/airflow/example_dags/example_kubernetes_executor.py for tasks to queue
[2026-04-27T23:33:12.242+0000] {logging_mixin.py:188} INFO - [2026-04-27T23:33:12.241+0000] {dagbag.py:540} INFO - Filling up the DagBag from /home/airflow/.local/lib/python3.12/site-packages/airflow/example_dags/example_kubernetes_executor.py
[2026-04-27T23:33:12.255+0000] {processor.py:840} INFO - DAG(s) 'example_kubernetes_executor' retrieved from /home/airflow/.local/lib/python3.12/site-packages/airflow/example_dags/example_kubernetes_executor.py
[2026-04-27T23:33:12.297+0000] {logging_mixin.py:188} INFO - [2026-04-27T23:33:12.297+0000] {dag.py:3096} INFO - Sync 1 DAGs
[2026-04-27T23:33:12.311+0000] {logging_mixin.py:188} INFO - [2026-04-27T23:33:12.311+0000] {dag.py:3954} INFO - Setting next_dagrun for example_kubernetes_executor to None, run_after=None
[2026-04-27T23:33:12.486+0000] {processor.py:183} INFO - Processing /home/airflow/.local/lib/python3.12/site-packages/airflow/example_dags/example_kubernetes_executor.py took 0.254 seconds
[2026-04-27T23:33:43.980+0000] {processor.py:161} INFO - Started process (PID=395) to work on /home/airflow/.local/lib/python3.12/site-packages/airflow/example_dags/example_kubernetes_executor.py
[2026-04-27T23:33:43.981+0000] {processor.py:830} INFO - Processing file /home/airflow/.local/lib/python3.12/site-packages/airflow/example_dags/example_kubernetes_executor.py for tasks to queue
[2026-04-27T23:33:43.984+0000] {logging_mixin.py:188} INFO - [2026-04-27T23:33:43.983+0000] {dagbag.py:540} INFO - Filling up the DagBag from /home/airflow/.local/lib/python3.12/site-packages/airflow/example_dags/example_kubernetes_executor.py
[2026-04-27T23:33:43.998+0000] {processor.py:840} INFO - DAG(s) 'example_kubernetes_executor' retrieved from /home/airflow/.local/lib/python3.12/site-packages/airflow/example_dags/example_kubernetes_executor.py
[2026-04-27T23:33:44.037+0000] {logging_mixin.py:188} INFO - [2026-04-27T23:33:44.036+0000] {dag.py:3096} INFO - Sync 1 DAGs
[2026-04-27T23:33:44.050+0000] {logging_mixin.py:188} INFO - [2026-04-27T23:33:44.049+0000] {dag.py:3954} INFO - Setting next_dagrun for example_kubernetes_executor to None, run_after=None
[2026-04-27T23:33:44.072+0000] {processor.py:183} INFO - Processing /home/airflow/.local/lib/python3.12/site-packages/airflow/example_dags/example_kubernetes_executor.py took 0.100 seconds
[2026-04-27T23:34:14.324+0000] {processor.py:161} INFO - Started process (PID=454) to work on /home/airflow/.local/lib/python3.12/site-packages/airflow/example_dags/example_kubernetes_executor.py
[2026-04-27T23:34:14.334+0000] {processor.py:830} INFO - Processing file /home/airflow/.local/lib/python3.12/site-packages/airflow/example_dags/example_kubernetes_executor.py for tasks to queue
[2026-04-27T23:34:14.336+0000] {logging_mixin.py:188} INFO - [2026-04-27T23:34:14.336+0000] {dagbag.py:540} INFO - Filling up the DagBag from /home/airflow/.local/lib/python3.12/site-packages/airflow/example_dags/example_kubernetes_executor.py
[2026-04-27T23:34:14.349+0000] {processor.py:840} INFO - DAG(s) 'example_kubernetes_executor' retrieved from /home/airflow/.local/lib/python3.12/site-packages/airflow/example_dags/example_kubernetes_executor.py
[2026-04-27T23:34:14.387+0000] {logging_mixin.py:188} INFO - [2026-04-27T23:34:14.387+0000] {dag.py:3096} INFO - Sync 1 DAGs
[2026-04-27T23:34:14.400+0000] {logging_mixin.py:188} INFO - [2026-04-27T23:34:14.400+0000] {dag.py:3954} INFO - Setting next_dagrun for example_kubernetes_executor to None, run_after=None
[2026-04-27T23:34:14.419+0000] {processor.py:183} INFO - Processing /home/airflow/.local/lib/python3.12/site-packages/airflow/example_dags/example_kubernetes_executor.py took 0.102 seconds
[2026-04-27T23:34:45.231+0000] {processor.py:161} INFO - Started process (PID=513) to work on /home/airflow/.local/lib/python3.12/site-packages/airflow/example_dags/example_kubernetes_executor.py
[2026-04-27T23:34:45.233+0000] {processor.py:830} INFO - Processing file /home/airflow/.local/lib/python3.12/site-packages/airflow/example_dags/example_kubernetes_executor.py for tasks to queue
[2026-04-27T23:34:45.236+0000] {logging_mixin.py:188} INFO - [2026-04-27T23:34:45.236+0000] {dagbag.py:540} INFO - Filling up the DagBag from /home/airflow/.local/lib/python3.12/site-packages/airflow/example_dags/example_kubernetes_executor.py
[2026-04-27T23:34:45.254+0000] {processor.py:840} INFO - DAG(s) 'example_kubernetes_executor' retrieved from /home/airflow/.local/lib/python3.12/site-packages/airflow/example_dags/example_kubernetes_executor.py
[2026-04-27T23:34:45.304+0000] {logging_mixin.py:188} INFO - [2026-04-27T23:34:45.304+0000] {dag.py:3096} INFO - Sync 1 DAGs
[2026-04-27T23:34:45.320+0000] {logging_mixin.py:188} INFO - [2026-04-27T23:34:45.320+0000] {dag.py:3954} INFO - Setting next_dagrun for example_kubernetes_executor to None, run_after=None
[2026-04-27T23:34:45.343+0000] {processor.py:183} INFO - Processing /home/airflow/.local/lib/python3.12/site-packages/airflow/example_dags/example_kubernetes_executor.py took 0.122 seconds
[2026-04-27T23:35:16.461+0000] {processor.py:161} INFO - Started process (PID=572) to work on /home/airflow/.local/lib/python3.12/site-packages/airflow/example_dags/example_kubernetes_executor.py
[2026-04-27T23:35:16.463+0000] {processor.py:830} INFO - Processing file /home/airflow/.local/lib/python3.12/site-packages/airflow/example_dags/example_kubernetes_executor.py for tasks to queue
[2026-04-27T23:35:16.465+0000] {logging_mixin.py:188} INFO - [2026-04-27T23:35:16.465+0000] {dagbag.py:540} INFO - Filling up the DagBag from /home/airflow/.local/lib/python3.12/site-packages/airflow/example_dags/example_kubernetes_executor.py
[2026-04-27T23:35:16.478+0000] {processor.py:840} INFO - DAG(s) 'example_kubernetes_executor' retrieved from /home/airflow/.local/lib/python3.12/site-packages/airflow/example_dags/example_kubernetes_executor.py
[2026-04-27T23:35:16.563+0000] {logging_mixin.py:188} INFO - [2026-04-27T23:35:16.562+0000] {dag.py:3096} INFO - Sync 1 DAGs
[2026-04-27T23:35:16.576+0000] {logging_mixin.py:188} INFO - [2026-04-27T23:35:16.575+0000] {dag.py:3954} INFO - Setting next_dagrun for example_kubernetes_executor to None, run_after=None
[2026-04-27T23:35:16.595+0000] {processor.py:183} INFO - Processing /home/airflow/.local/lib/python3.12/site-packages/airflow/example_dags/example_kubernetes_executor.py took 0.140 seconds
[2026-04-27T23:35:46.749+0000] {processor.py:161} INFO - Started process (PID=631) to work on /home/airflow/.local/lib/python3.12/site-packages/airflow/example_dags/example_kubernetes_executor.py
[2026-04-27T23:35:46.751+0000] {processor.py:830} INFO - Processing file /home/airflow/.local/lib/python3.12/site-packages/airflow/example_dags/example_kubernetes_executor.py for tasks to queue
[2026-04-27T23:35:46.753+0000] {logging_mixin.py:188} INFO - [2026-04-27T23:35:46.752+0000] {dagbag.py:540} INFO - Filling up the DagBag from /home/airflow/.local/lib/python3.12/site-packages/airflow/example_dags/example_kubernetes_executor.py
[2026-04-27T23:35:46.766+0000] {processor.py:840} INFO - DAG(s) 'example_kubernetes_executor' retrieved from /home/airflow/.local/lib/python3.12/site-packages/airflow/example_dags/example_kubernetes_executor.py
[2026-04-27T23:35:46.805+0000] {logging_mixin.py:188} INFO - [2026-04-27T23:35:46.805+0000] {dag.py:3096} INFO - Sync 1 DAGs
[2026-04-27T23:35:46.818+0000] {logging_mixin.py:188} INFO - [2026-04-27T23:35:46.817+0000] {dag.py:3954} INFO - Setting next_dagrun for example_kubernetes_executor to None, run_after=None
[2026-04-27T23:35:46.837+0000] {processor.py:183} INFO - Processing /home/airflow/.local/lib/python3.12/site-packages/airflow/example_dags/example_kubernetes_executor.py took 0.094 seconds
[2026-04-27T23:36:17.299+0000] {processor.py:161} INFO - Started process (PID=690) to work on /home/airflow/.local/lib/python3.12/site-packages/airflow/example_dags/example_kubernetes_executor.py
[2026-04-27T23:36:17.300+0000] {processor.py:830} INFO - Processing file /home/airflow/.local/lib/python3.12/site-packages/airflow/example_dags/example_kubernetes_executor.py for tasks to queue
[2026-04-27T23:36:17.303+0000] {logging_mixin.py:188} INFO - [2026-04-27T23:36:17.302+0000] {dagbag.py:540} INFO - Filling up the DagBag from /home/airflow/.local/lib/python3.12/site-packages/airflow/example_dags/example_kubernetes_executor.py
[2026-04-27T23:36:17.315+0000] {processor.py:840} INFO - DAG(s) 'example_kubernetes_executor' retrieved from /home/airflow/.local/lib/python3.12/site-packages/airflow/example_dags/example_kubernetes_executor.py
[2026-04-27T23:36:17.662+0000] {logging_mixin.py:188} INFO - [2026-04-27T23:36:17.661+0000] {dag.py:3096} INFO - Sync 1 DAGs
[2026-04-27T23:36:17.682+0000] {logging_mixin.py:188} INFO - [2026-04-27T23:36:17.682+0000] {dag.py:3954} INFO - Setting next_dagrun for example_kubernetes_executor to None, run_after=None
[2026-04-27T23:36:17.707+0000] {processor.py:183} INFO - Processing /home/airflow/.local/lib/python3.12/site-packages/airflow/example_dags/example_kubernetes_executor.py took 0.414 seconds
[2026-04-27T23:36:48.896+0000] {processor.py:161} INFO - Started process (PID=750) to work on /home/airflow/.local/lib/python3.12/site-packages/airflow/example_dags/example_kubernetes_executor.py
[2026-04-27T23:36:48.897+0000] {processor.py:830} INFO - Processing file /home/airflow/.local/lib/python3.12/site-packages/airflow/example_dags/example_kubernetes_executor.py for tasks to queue
[2026-04-27T23:36:48.900+0000] {logging_mixin.py:188} INFO - [2026-04-27T23:36:48.900+0000] {dagbag.py:540} INFO - Filling up the DagBag from /home/airflow/.local/lib/python3.12/site-packages/airflow/example_dags/example_kubernetes_executor.py
[2026-04-27T23:36:49.205+0000] {processor.py:840} INFO - DAG(s) 'example_kubernetes_executor' retrieved from /home/airflow/.local/lib/python3.12/site-packages/airflow/example_dags/example_kubernetes_executor.py
[2026-04-27T23:36:49.264+0000] {logging_mixin.py:188} INFO - [2026-04-27T23:36:49.264+0000] {dag.py:3096} INFO - Sync 1 DAGs
[2026-04-27T23:36:49.282+0000] {logging_mixin.py:188} INFO - [2026-04-27T23:36:49.281+0000] {dag.py:3954} INFO - Setting next_dagrun for example_kubernetes_executor to None, run_after=None
[2026-04-27T23:36:49.305+0000] {processor.py:183} INFO - Processing /home/airflow/.local/lib/python3.12/site-packages/airflow/example_dags/example_kubernetes_executor.py took 0.637 seconds
[2026-04-27T23:37:20.138+0000] {processor.py:161} INFO - Started process (PID=809) to work on /home/airflow/.local/lib/python3.12/site-packages/airflow/example_dags/example_kubernetes_executor.py
[2026-04-27T23:37:20.139+0000] {processor.py:830} INFO - Processing file /home/airflow/.local/lib/python3.12/site-packages/airflow/example_dags/example_kubernetes_executor.py for tasks to queue
[2026-04-27T23:37:20.141+0000] {logging_mixin.py:188} INFO - [2026-04-27T23:37:20.141+0000] {dagbag.py:540} INFO - Filling up the DagBag from /home/airflow/.local/lib/python3.12/site-packages/airflow/example_dags/example_kubernetes_executor.py
[2026-04-27T23:37:20.155+0000] {processor.py:840} INFO - DAG(s) 'example_kubernetes_executor' retrieved from /home/airflow/.local/lib/python3.12/site-packages/airflow/example_dags/example_kubernetes_executor.py
[2026-04-27T23:37:20.195+0000] {logging_mixin.py:188} INFO - [2026-04-27T23:37:20.195+0000] {dag.py:3096} INFO - Sync 1 DAGs
[2026-04-27T23:37:20.402+0000] {logging_mixin.py:188} INFO - [2026-04-27T23:37:20.402+0000] {dag.py:3954} INFO - Setting next_dagrun for example_kubernetes_executor to None, run_after=None
[2026-04-27T23:37:20.429+0000] {processor.py:183} INFO - Processing /home/airflow/.local/lib/python3.12/site-packages/airflow/example_dags/example_kubernetes_executor.py took 0.298 seconds
[2026-04-27T23:37:51.152+0000] {processor.py:161} INFO - Started process (PID=868) to work on /home/airflow/.local/lib/python3.12/site-packages/airflow/example_dags/example_kubernetes_executor.py
[2026-04-27T23:37:51.153+0000] {processor.py:830} INFO - Processing file /home/airflow/.local/lib/python3.12/site-packages/airflow/example_dags/example_kubernetes_executor.py for tasks to queue
[2026-04-27T23:37:51.155+0000] {logging_mixin.py:188} INFO - [2026-04-27T23:37:51.155+0000] {dagbag.py:540} INFO - Filling up the DagBag from /home/airflow/.local/lib/python3.12/site-packages/airflow/example_dags/example_kubernetes_executor.py
[2026-04-27T23:37:51.168+0000] {processor.py:840} INFO - DAG(s) 'example_kubernetes_executor' retrieved from /home/airflow/.local/lib/python3.12/site-packages/airflow/example_dags/example_kubernetes_executor.py
[2026-04-27T23:37:51.213+0000] {logging_mixin.py:188} INFO - [2026-04-27T23:37:51.213+0000] {dag.py:3096} INFO - Sync 1 DAGs
[2026-04-27T23:37:51.227+0000] {logging_mixin.py:188} INFO - [2026-04-27T23:37:51.227+0000] {dag.py:3954} INFO - Setting next_dagrun for example_kubernetes_executor to None, run_after=None
[2026-04-27T23:37:51.256+0000] {processor.py:183} INFO - Processing /home/airflow/.local/lib/python3.12/site-packages/airflow/example_dags/example_kubernetes_executor.py took 0.111 seconds
[2026-04-27T23:38:22.311+0000] {processor.py:161} INFO - Started process (PID=927) to work on /home/airflow/.local/lib/python3.12/site-packages/airflow/example_dags/example_kubernetes_executor.py
[2026-04-27T23:38:22.313+0000] {processor.py:830} INFO - Processing file /home/airflow/.local/lib/python3.12/site-packages/airflow/example_dags/example_kubernetes_executor.py for tasks to queue
[2026-04-27T23:38:22.315+0000] {logging_mixin.py:188} INFO - [2026-04-27T23:38:22.315+0000] {dagbag.py:540} INFO - Filling up the DagBag from /home/airflow/.local/lib/python3.12/site-packages/airflow/example_dags/example_kubernetes_executor.py
[2026-04-27T23:38:22.328+0000] {processor.py:840} INFO - DAG(s) 'example_kubernetes_executor' retrieved from /home/airflow/.local/lib/python3.12/site-packages/airflow/example_dags/example_kubernetes_executor.py
[2026-04-27T23:38:22.432+0000] {logging_mixin.py:188} INFO - [2026-04-27T23:38:22.432+0000] {dag.py:3096} INFO - Sync 1 DAGs
[2026-04-27T23:38:22.449+0000] {logging_mixin.py:188} INFO - [2026-04-27T23:38:22.449+0000] {dag.py:3954} INFO - Setting next_dagrun for example_kubernetes_executor to None, run_after=None
[2026-04-27T23:38:22.471+0000] {processor.py:183} INFO - Processing /home/airflow/.local/lib/python3.12/site-packages/airflow/example_dags/example_kubernetes_executor.py took 0.166 seconds
[2026-04-27T23:38:52.605+0000] {processor.py:161} INFO - Started process (PID=984) to work on /home/airflow/.local/lib/python3.12/site-packages/airflow/example_dags/example_kubernetes_executor.py
[2026-04-27T23:38:52.606+0000] {processor.py:830} INFO - Processing file /home/airflow/.local/lib/python3.12/site-packages/airflow/example_dags/example_kubernetes_executor.py for tasks to queue
[2026-04-27T23:38:52.609+0000] {logging_mixin.py:188} INFO - [2026-04-27T23:38:52.608+0000] {dagbag.py:540} INFO - Filling up the DagBag from /home/airflow/.local/lib/python3.12/site-packages/airflow/example_dags/example_kubernetes_executor.py
[2026-04-27T23:38:52.624+0000] {processor.py:840} INFO - DAG(s) 'example_kubernetes_executor' retrieved from /home/airflow/.local/lib/python3.12/site-packages/airflow/example_dags/example_kubernetes_executor.py
[2026-04-27T23:38:52.673+0000] {logging_mixin.py:188} INFO - [2026-04-27T23:38:52.673+0000] {dag.py:3096} INFO - Sync 1 DAGs
[2026-04-27T23:38:52.689+0000] {logging_mixin.py:188} INFO - [2026-04-27T23:38:52.689+0000] {dag.py:3954} INFO - Setting next_dagrun for example_kubernetes_executor to None, run_after=None
[2026-04-27T23:38:52.713+0000] {processor.py:183} INFO - Processing /home/airflow/.local/lib/python3.12/site-packages/airflow/example_dags/example_kubernetes_executor.py took 0.115 seconds
[2026-04-27T23:39:23.027+0000] {processor.py:161} INFO - Started process (PID=1042) to work on /home/airflow/.local/lib/python3.12/site-packages/airflow/example_dags/example_kubernetes_executor.py
[2026-04-27T23:39:23.029+0000] {processor.py:830} INFO - Processing file /home/airflow/.local/lib/python3.12/site-packages/airflow/example_dags/example_kubernetes_executor.py for tasks to queue
[2026-04-27T23:39:23.031+0000] {logging_mixin.py:188} INFO - [2026-04-27T23:39:23.031+0000] {dagbag.py:540} INFO - Filling up the DagBag from /home/airflow/.local/lib/python3.12/site-packages/airflow/example_dags/example_kubernetes_executor.py
[2026-04-27T23:39:23.047+0000] {processor.py:840} INFO - DAG(s) 'example_kubernetes_executor' retrieved from /home/airflow/.local/lib/python3.12/site-packages/airflow/example_dags/example_kubernetes_executor.py
[2026-04-27T23:39:23.090+0000] {logging_mixin.py:188} INFO - [2026-04-27T23:39:23.090+0000] {dag.py:3096} INFO - Sync 1 DAGs
[2026-04-27T23:39:23.268+0000] {logging_mixin.py:188} INFO - [2026-04-27T23:39:23.268+0000] {dag.py:3954} INFO - Setting next_dagrun for example_kubernetes_executor to None, run_after=None
[2026-04-27T23:39:23.289+0000] {processor.py:183} INFO - Processing /home/airflow/.local/lib/python3.12/site-packages/airflow/example_dags/example_kubernetes_executor.py took 0.269 seconds
[2026-04-27T23:39:53.950+0000] {processor.py:161} INFO - Started process (PID=1102) to work on /home/airflow/.local/lib/python3.12/site-packages/airflow/example_dags/example_kubernetes_executor.py
[2026-04-27T23:39:53.952+0000] {processor.py:830} INFO - Processing file /home/airflow/.local/lib/python3.12/site-packages/airflow/example_dags/example_kubernetes_executor.py for tasks to queue
[2026-04-27T23:39:53.954+0000] {logging_mixin.py:188} INFO - [2026-04-27T23:39:53.954+0000] {dagbag.py:540} INFO - Filling up the DagBag from /home/airflow/.local/lib/python3.12/site-packages/airflow/example_dags/example_kubernetes_executor.py
[2026-04-27T23:39:53.969+0000] {processor.py:840} INFO - DAG(s) 'example_kubernetes_executor' retrieved from /home/airflow/.local/lib/python3.12/site-packages/airflow/example_dags/example_kubernetes_executor.py
[2026-04-27T23:39:54.015+0000] {logging_mixin.py:188} INFO - [2026-04-27T23:39:54.015+0000] {dag.py:3096} INFO - Sync 1 DAGs
[2026-04-27T23:39:54.034+0000] {logging_mixin.py:188} INFO - [2026-04-27T23:39:54.033+0000] {dag.py:3954} INFO - Setting next_dagrun for example_kubernetes_executor to None, run_after=None
[2026-04-27T23:39:54.064+0000] {processor.py:183} INFO - Processing /home/airflow/.local/lib/python3.12/site-packages/airflow/example_dags/example_kubernetes_executor.py took 0.120 seconds
[2026-04-27T23:40:24.458+0000] {processor.py:161} INFO - Started process (PID=1160) to work on /home/airflow/.local/lib/python3.12/site-packages/airflow/example_dags/example_kubernetes_executor.py
[2026-04-27T23:40:24.460+0000] {processor.py:830} INFO - Processing file /home/airflow/.local/lib/python3.12/site-packages/airflow/example_dags/example_kubernetes_executor.py for tasks to queue
[2026-04-27T23:40:24.462+0000] {logging_mixin.py:188} INFO - [2026-04-27T23:40:24.462+0000] {dagbag.py:540} INFO - Filling up the DagBag from /home/airflow/.local/lib/python3.12/site-packages/airflow/example_dags/example_kubernetes_executor.py
[2026-04-27T23:40:24.476+0000] {processor.py:840} INFO - DAG(s) 'example_kubernetes_executor' retrieved from /home/airflow/.local/lib/python3.12/site-packages/airflow/example_dags/example_kubernetes_executor.py
[2026-04-27T23:40:24.516+0000] {logging_mixin.py:188} INFO - [2026-04-27T23:40:24.516+0000] {dag.py:3096} INFO - Sync 1 DAGs
[2026-04-27T23:40:24.529+0000] {logging_mixin.py:188} INFO - [2026-04-27T23:40:24.529+0000] {dag.py:3954} INFO - Setting next_dagrun for example_kubernetes_executor to None, run_after=None
[2026-04-27T23:40:24.551+0000] {processor.py:183} INFO - Processing /home/airflow/.local/lib/python3.12/site-packages/airflow/example_dags/example_kubernetes_executor.py took 0.099 seconds
[2026-04-27T23:40:55.121+0000] {processor.py:161} INFO - Started process (PID=1220) to work on /home/airflow/.local/lib/python3.12/site-packages/airflow/example_dags/example_kubernetes_executor.py
[2026-04-27T23:40:55.123+0000] {processor.py:830} INFO - Processing file /home/airflow/.local/lib/python3.12/site-packages/airflow/example_dags/example_kubernetes_executor.py for tasks to queue
[2026-04-27T23:40:55.126+0000] {logging_mixin.py:188} INFO - [2026-04-27T23:40:55.126+0000] {dagbag.py:540} INFO - Filling up the DagBag from /home/airflow/.local/lib/python3.12/site-packages/airflow/example_dags/example_kubernetes_executor.py
[2026-04-27T23:40:55.142+0000] {processor.py:840} INFO - DAG(s) 'example_kubernetes_executor' retrieved from /home/airflow/.local/lib/python3.12/site-packages/airflow/example_dags/example_kubernetes_executor.py
[2026-04-27T23:40:55.190+0000] {logging_mixin.py:188} INFO - [2026-04-27T23:40:55.190+0000] {dag.py:3096} INFO - Sync 1 DAGs
[2026-04-27T23:40:55.207+0000] {logging_mixin.py:188} INFO - [2026-04-27T23:40:55.206+0000] {dag.py:3954} INFO - Setting next_dagrun for example_kubernetes_executor to None, run_after=None
[2026-04-27T23:40:55.234+0000] {processor.py:183} INFO - Processing /home/airflow/.local/lib/python3.12/site-packages/airflow/example_dags/example_kubernetes_executor.py took 0.121 seconds
[2026-04-27T23:41:26.013+0000] {processor.py:161} INFO - Started process (PID=1279) to work on /home/airflow/.local/lib/python3.12/site-packages/airflow/example_dags/example_kubernetes_executor.py
[2026-04-27T23:41:26.015+0000] {processor.py:830} INFO - Processing file /home/airflow/.local/lib/python3.12/site-packages/airflow/example_dags/example_kubernetes_executor.py for tasks to queue
[2026-04-27T23:41:26.017+0000] {logging_mixin.py:188} INFO - [2026-04-27T23:41:26.016+0000] {dagbag.py:540} INFO - Filling up the DagBag from /home/airflow/.local/lib/python3.12/site-packages/airflow/example_dags/example_kubernetes_executor.py
[2026-04-27T23:41:26.030+0000] {processor.py:840} INFO - DAG(s) 'example_kubernetes_executor' retrieved from /home/airflow/.local/lib/python3.12/site-packages/airflow/example_dags/example_kubernetes_executor.py
[2026-04-27T23:41:26.263+0000] {logging_mixin.py:188} INFO - [2026-04-27T23:41:26.262+0000] {dag.py:3096} INFO - Sync 1 DAGs
[2026-04-27T23:41:26.283+0000] {logging_mixin.py:188} INFO - [2026-04-27T23:41:26.283+0000] {dag.py:3954} INFO - Setting next_dagrun for example_kubernetes_executor to None, run_after=None
[2026-04-27T23:41:26.312+0000] {processor.py:183} INFO - Processing /home/airflow/.local/lib/python3.12/site-packages/airflow/example_dags/example_kubernetes_executor.py took 0.305 seconds
[2026-04-27T23:41:57.151+0000] {processor.py:161} INFO - Started process (PID=1338) to work on /home/airflow/.local/lib/python3.12/site-packages/airflow/example_dags/example_kubernetes_executor.py
[2026-04-27T23:41:57.152+0000] {processor.py:830} INFO - Processing file /home/airflow/.local/lib/python3.12/site-packages/airflow/example_dags/example_kubernetes_executor.py for tasks to queue
[2026-04-27T23:41:57.155+0000] {logging_mixin.py:188} INFO - [2026-04-27T23:41:57.155+0000] {dagbag.py:540} INFO - Filling up the DagBag from /home/airflow/.local/lib/python3.12/site-packages/airflow/example_dags/example_kubernetes_executor.py
[2026-04-27T23:41:57.169+0000] {processor.py:840} INFO - DAG(s) 'example_kubernetes_executor' retrieved from /home/airflow/.local/lib/python3.12/site-packages/airflow/example_dags/example_kubernetes_executor.py
[2026-04-27T23:41:57.209+0000] {logging_mixin.py:188} INFO - [2026-04-27T23:41:57.209+0000] {dag.py:3096} INFO - Sync 1 DAGs
[2026-04-27T23:41:57.223+0000] {logging_mixin.py:188} INFO - [2026-04-27T23:41:57.223+0000] {dag.py:3954} INFO - Setting next_dagrun for example_kubernetes_executor to None, run_after=None
[2026-04-27T23:41:57.631+0000] {processor.py:183} INFO - Processing /home/airflow/.local/lib/python3.12/site-packages/airflow/example_dags/example_kubernetes_executor.py took 0.487 seconds
[2026-04-27T23:42:27.929+0000] {processor.py:161} INFO - Started process (PID=1397) to work on /home/airflow/.local/lib/python3.12/site-packages/airflow/example_dags/example_kubernetes_executor.py
[2026-04-27T23:42:27.930+0000] {processor.py:830} INFO - Processing file /home/airflow/.local/lib/python3.12/site-packages/airflow/example_dags/example_kubernetes_executor.py for tasks to queue
[2026-04-27T23:42:27.933+0000] {logging_mixin.py:188} INFO - [2026-04-27T23:42:27.933+0000] {dagbag.py:540} INFO - Filling up the DagBag from /home/airflow/.local/lib/python3.12/site-packages/airflow/example_dags/example_kubernetes_executor.py
[2026-04-27T23:42:27.948+0000] {processor.py:840} INFO - DAG(s) 'example_kubernetes_executor' retrieved from /home/airflow/.local/lib/python3.12/site-packages/airflow/example_dags/example_kubernetes_executor.py
[2026-04-27T23:42:27.988+0000] {logging_mixin.py:188} INFO - [2026-04-27T23:42:27.988+0000] {dag.py:3096} INFO - Sync 1 DAGs
[2026-04-27T23:42:28.001+0000] {logging_mixin.py:188} INFO - [2026-04-27T23:42:28.001+0000] {dag.py:3954} INFO - Setting next_dagrun for example_kubernetes_executor to None, run_after=None
[2026-04-27T23:42:28.023+0000] {processor.py:183} INFO - Processing /home/airflow/.local/lib/python3.12/site-packages/airflow/example_dags/example_kubernetes_executor.py took 0.102 seconds
[2026-04-27T23:42:59.039+0000] {processor.py:161} INFO - Started process (PID=1456) to work on /home/airflow/.local/lib/python3.12/site-packages/airflow/example_dags/example_kubernetes_executor.py
[2026-04-27T23:42:59.040+0000] {processor.py:830} INFO - Processing file /home/airflow/.local/lib/python3.12/site-packages/airflow/example_dags/example_kubernetes_executor.py for tasks to queue
[2026-04-27T23:42:59.043+0000] {logging_mixin.py:188} INFO - [2026-04-27T23:42:59.043+0000] {dagbag.py:540} INFO - Filling up the DagBag from /home/airflow/.local/lib/python3.12/site-packages/airflow/example_dags/example_kubernetes_executor.py
[2026-04-27T23:42:59.058+0000] {processor.py:840} INFO - DAG(s) 'example_kubernetes_executor' retrieved from /home/airflow/.local/lib/python3.12/site-packages/airflow/example_dags/example_kubernetes_executor.py
[2026-04-27T23:42:59.103+0000] {logging_mixin.py:188} INFO - [2026-04-27T23:42:59.102+0000] {dag.py:3096} INFO - Sync 1 DAGs
[2026-04-27T23:42:59.116+0000] {logging_mixin.py:188} INFO - [2026-04-27T23:42:59.116+0000] {dag.py:3954} INFO - Setting next_dagrun for example_kubernetes_executor to None, run_after=None
[2026-04-27T23:42:59.139+0000] {processor.py:183} INFO - Processing /home/airflow/.local/lib/python3.12/site-packages/airflow/example_dags/example_kubernetes_executor.py took 0.106 seconds
[2026-04-27T23:43:29.858+0000] {processor.py:161} INFO - Started process (PID=1515) to work on /home/airflow/.local/lib/python3.12/site-packages/airflow/example_dags/example_kubernetes_executor.py
[2026-04-27T23:43:29.859+0000] {processor.py:830} INFO - Processing file /home/airflow/.local/lib/python3.12/site-packages/airflow/example_dags/example_kubernetes_executor.py for tasks to queue
[2026-04-27T23:43:29.862+0000] {logging_mixin.py:188} INFO - [2026-04-27T23:43:29.862+0000] {dagbag.py:540} INFO - Filling up the DagBag from /home/airflow/.local/lib/python3.12/site-packages/airflow/example_dags/example_kubernetes_executor.py
[2026-04-27T23:43:29.877+0000] {processor.py:840} INFO - DAG(s) 'example_kubernetes_executor' retrieved from /home/airflow/.local/lib/python3.12/site-packages/airflow/example_dags/example_kubernetes_executor.py
[2026-04-27T23:43:29.925+0000] {logging_mixin.py:188} INFO - [2026-04-27T23:43:29.925+0000] {dag.py:3096} INFO - Sync 1 DAGs
[2026-04-27T23:43:29.939+0000] {logging_mixin.py:188} INFO - [2026-04-27T23:43:29.939+0000] {dag.py:3954} INFO - Setting next_dagrun for example_kubernetes_executor to None, run_after=None
[2026-04-27T23:43:29.962+0000] {processor.py:183} INFO - Processing /home/airflow/.local/lib/python3.12/site-packages/airflow/example_dags/example_kubernetes_executor.py took 0.111 seconds
[2026-04-27T23:44:00.571+0000] {processor.py:161} INFO - Started process (PID=1574) to work on /home/airflow/.local/lib/python3.12/site-packages/airflow/example_dags/example_kubernetes_executor.py
[2026-04-27T23:44:00.572+0000] {processor.py:830} INFO - Processing file /home/airflow/.local/lib/python3.12/site-packages/airflow/example_dags/example_kubernetes_executor.py for tasks to queue
[2026-04-27T23:44:00.575+0000] {logging_mixin.py:188} INFO - [2026-04-27T23:44:00.574+0000] {dagbag.py:540} INFO - Filling up the DagBag from /home/airflow/.local/lib/python3.12/site-packages/airflow/example_dags/example_kubernetes_executor.py
[2026-04-27T23:44:00.591+0000] {processor.py:840} INFO - DAG(s) 'example_kubernetes_executor' retrieved from /home/airflow/.local/lib/python3.12/site-packages/airflow/example_dags/example_kubernetes_executor.py
[2026-04-27T23:44:00.641+0000] {logging_mixin.py:188} INFO - [2026-04-27T23:44:00.641+0000] {dag.py:3096} INFO - Sync 1 DAGs
[2026-04-27T23:44:00.658+0000] {logging_mixin.py:188} INFO - [2026-04-27T23:44:00.657+0000] {dag.py:3954} INFO - Setting next_dagrun for example_kubernetes_executor to None, run_after=None
[2026-04-27T23:44:00.681+0000] {processor.py:183} INFO - Processing /home/airflow/.local/lib/python3.12/site-packages/airflow/example_dags/example_kubernetes_executor.py took 0.118 seconds
[2026-04-27T23:44:31.030+0000] {processor.py:161} INFO - Started process (PID=1633) to work on /home/airflow/.local/lib/python3.12/site-packages/airflow/example_dags/example_kubernetes_executor.py
[2026-04-27T23:44:31.032+0000] {processor.py:830} INFO - Processing file /home/airflow/.local/lib/python3.12/site-packages/airflow/example_dags/example_kubernetes_executor.py for tasks to queue
[2026-04-27T23:44:31.034+0000] {logging_mixin.py:188} INFO - [2026-04-27T23:44:31.034+0000] {dagbag.py:540} INFO - Filling up the DagBag from /home/airflow/.local/lib/python3.12/site-packages/airflow/example_dags/example_kubernetes_executor.py
[2026-04-27T23:44:31.053+0000] {processor.py:840} INFO - DAG(s) 'example_kubernetes_executor' retrieved from /home/airflow/.local/lib/python3.12/site-packages/airflow/example_dags/example_kubernetes_executor.py
[2026-04-27T23:44:31.103+0000] {logging_mixin.py:188} INFO - [2026-04-27T23:44:31.103+0000] {dag.py:3096} INFO - Sync 1 DAGs
[2026-04-27T23:44:31.120+0000] {logging_mixin.py:188} INFO - [2026-04-27T23:44:31.119+0000] {dag.py:3954} INFO - Setting next_dagrun for example_kubernetes_executor to None, run_after=None
[2026-04-27T23:44:31.142+0000] {processor.py:183} INFO - Processing /home/airflow/.local/lib/python3.12/site-packages/airflow/example_dags/example_kubernetes_executor.py took 0.123 seconds
[2026-04-27T23:45:01.396+0000] {processor.py:161} INFO - Started process (PID=1691) to work on /home/airflow/.local/lib/python3.12/site-packages/airflow/example_dags/example_kubernetes_executor.py
[2026-04-27T23:45:01.397+0000] {processor.py:830} INFO - Processing file /home/airflow/.local/lib/python3.12/site-packages/airflow/example_dags/example_kubernetes_executor.py for tasks to queue
[2026-04-27T23:45:01.400+0000] {logging_mixin.py:188} INFO - [2026-04-27T23:45:01.399+0000] {dagbag.py:540} INFO - Filling up the DagBag from /home/airflow/.local/lib/python3.12/site-packages/airflow/example_dags/example_kubernetes_executor.py
[2026-04-27T23:45:01.414+0000] {processor.py:840} INFO - DAG(s) 'example_kubernetes_executor' retrieved from /home/airflow/.local/lib/python3.12/site-packages/airflow/example_dags/example_kubernetes_executor.py
[2026-04-27T23:45:01.457+0000] {logging_mixin.py:188} INFO - [2026-04-27T23:45:01.457+0000] {dag.py:3096} INFO - Sync 1 DAGs
[2026-04-27T23:45:01.472+0000] {logging_mixin.py:188} INFO - [2026-04-27T23:45:01.471+0000] {dag.py:3954} INFO - Setting next_dagrun for example_kubernetes_executor to None, run_after=None
[2026-04-27T23:45:01.493+0000] {processor.py:183} INFO - Processing /home/airflow/.local/lib/python3.12/site-packages/airflow/example_dags/example_kubernetes_executor.py took 0.104 seconds
[2026-04-27T23:45:31.802+0000] {processor.py:161} INFO - Started process (PID=1750) to work on /home/airflow/.local/lib/python3.12/site-packages/airflow/example_dags/example_kubernetes_executor.py
[2026-04-27T23:45:31.803+0000] {processor.py:830} INFO - Processing file /home/airflow/.local/lib/python3.12/site-packages/airflow/example_dags/example_kubernetes_executor.py for tasks to queue
[2026-04-27T23:45:31.805+0000] {logging_mixin.py:188} INFO - [2026-04-27T23:45:31.805+0000] {dagbag.py:540} INFO - Filling up the DagBag from /home/airflow/.local/lib/python3.12/site-packages/airflow/example_dags/example_kubernetes_executor.py
[2026-04-27T23:45:31.819+0000] {processor.py:840} INFO - DAG(s) 'example_kubernetes_executor' retrieved from /home/airflow/.local/lib/python3.12/site-packages/airflow/example_dags/example_kubernetes_executor.py
[2026-04-27T23:45:31.860+0000] {logging_mixin.py:188} INFO - [2026-04-27T23:45:31.860+0000] {dag.py:3096} INFO - Sync 1 DAGs
[2026-04-27T23:45:31.873+0000] {logging_mixin.py:188} INFO - [2026-04-27T23:45:31.873+0000] {dag.py:3954} INFO - Setting next_dagrun for example_kubernetes_executor to None, run_after=None
[2026-04-27T23:45:31.896+0000] {processor.py:183} INFO - Processing /home/airflow/.local/lib/python3.12/site-packages/airflow/example_dags/example_kubernetes_executor.py took 0.101 seconds
[2026-04-27T23:46:02.435+0000] {processor.py:161} INFO - Started process (PID=1810) to work on /home/airflow/.local/lib/python3.12/site-packages/airflow/example_dags/example_kubernetes_executor.py
[2026-04-27T23:46:02.437+0000] {processor.py:830} INFO - Processing file /home/airflow/.local/lib/python3.12/site-packages/airflow/example_dags/example_kubernetes_executor.py for tasks to queue
[2026-04-27T23:46:02.440+0000] {logging_mixin.py:188} INFO - [2026-04-27T23:46:02.439+0000] {dagbag.py:540} INFO - Filling up the DagBag from /home/airflow/.local/lib/python3.12/site-packages/airflow/example_dags/example_kubernetes_executor.py
[2026-04-27T23:46:02.455+0000] {processor.py:840} INFO - DAG(s) 'example_kubernetes_executor' retrieved from /home/airflow/.local/lib/python3.12/site-packages/airflow/example_dags/example_kubernetes_executor.py
[2026-04-27T23:46:02.502+0000] {logging_mixin.py:188} INFO - [2026-04-27T23:46:02.501+0000] {dag.py:3096} INFO - Sync 1 DAGs
[2026-04-27T23:46:02.518+0000] {logging_mixin.py:188} INFO - [2026-04-27T23:46:02.517+0000] {dag.py:3954} INFO - Setting next_dagrun for example_kubernetes_executor to None, run_after=None
[2026-04-27T23:46:02.541+0000] {processor.py:183} INFO - Processing /home/airflow/.local/lib/python3.12/site-packages/airflow/example_dags/example_kubernetes_executor.py took 0.114 seconds
[2026-04-27T23:46:32.930+0000] {processor.py:161} INFO - Started process (PID=1869) to work on /home/airflow/.local/lib/python3.12/site-packages/airflow/example_dags/example_kubernetes_executor.py
[2026-04-27T23:46:32.931+0000] {processor.py:830} INFO - Processing file /home/airflow/.local/lib/python3.12/site-packages/airflow/example_dags/example_kubernetes_executor.py for tasks to queue
[2026-04-27T23:46:32.934+0000] {logging_mixin.py:188} INFO - [2026-04-27T23:46:32.934+0000] {dagbag.py:540} INFO - Filling up the DagBag from /home/airflow/.local/lib/python3.12/site-packages/airflow/example_dags/example_kubernetes_executor.py
[2026-04-27T23:46:32.954+0000] {processor.py:840} INFO - DAG(s) 'example_kubernetes_executor' retrieved from /home/airflow/.local/lib/python3.12/site-packages/airflow/example_dags/example_kubernetes_executor.py
[2026-04-27T23:46:33.022+0000] {logging_mixin.py:188} INFO - [2026-04-27T23:46:33.022+0000] {dag.py:3096} INFO - Sync 1 DAGs
[2026-04-27T23:46:33.044+0000] {logging_mixin.py:188} INFO - [2026-04-27T23:46:33.044+0000] {dag.py:3954} INFO - Setting next_dagrun for example_kubernetes_executor to None, run_after=None
[2026-04-27T23:46:33.071+0000] {processor.py:183} INFO - Processing /home/airflow/.local/lib/python3.12/site-packages/airflow/example_dags/example_kubernetes_executor.py took 0.148 seconds
[2026-04-27T23:47:03.353+0000] {processor.py:161} INFO - Started process (PID=1928) to work on /home/airflow/.local/lib/python3.12/site-packages/airflow/example_dags/example_kubernetes_executor.py
[2026-04-27T23:47:03.355+0000] {processor.py:830} INFO - Processing file /home/airflow/.local/lib/python3.12/site-packages/airflow/example_dags/example_kubernetes_executor.py for tasks to queue
[2026-04-27T23:47:03.361+0000] {logging_mixin.py:188} INFO - [2026-04-27T23:47:03.360+0000] {dagbag.py:540} INFO - Filling up the DagBag from /home/airflow/.local/lib/python3.12/site-packages/airflow/example_dags/example_kubernetes_executor.py
[2026-04-27T23:47:03.384+0000] {processor.py:840} INFO - DAG(s) 'example_kubernetes_executor' retrieved from /home/airflow/.local/lib/python3.12/site-packages/airflow/example_dags/example_kubernetes_executor.py
[2026-04-27T23:47:03.450+0000] {logging_mixin.py:188} INFO - [2026-04-27T23:47:03.449+0000] {dag.py:3096} INFO - Sync 1 DAGs
[2026-04-27T23:47:03.475+0000] {logging_mixin.py:188} INFO - [2026-04-27T23:47:03.474+0000] {dag.py:3954} INFO - Setting next_dagrun for example_kubernetes_executor to None, run_after=None
[2026-04-27T23:47:03.506+0000] {processor.py:183} INFO - Processing /home/airflow/.local/lib/python3.12/site-packages/airflow/example_dags/example_kubernetes_executor.py took 0.164 seconds
[2026-04-27T23:47:34.239+0000] {processor.py:161} INFO - Started process (PID=1986) to work on /home/airflow/.local/lib/python3.12/site-packages/airflow/example_dags/example_kubernetes_executor.py
[2026-04-27T23:47:34.240+0000] {processor.py:830} INFO - Processing file /home/airflow/.local/lib/python3.12/site-packages/airflow/example_dags/example_kubernetes_executor.py for tasks to queue
[2026-04-27T23:47:34.243+0000] {logging_mixin.py:188} INFO - [2026-04-27T23:47:34.243+0000] {dagbag.py:540} INFO - Filling up the DagBag from /home/airflow/.local/lib/python3.12/site-packages/airflow/example_dags/example_kubernetes_executor.py
[2026-04-27T23:47:34.258+0000] {processor.py:840} INFO - DAG(s) 'example_kubernetes_executor' retrieved from /home/airflow/.local/lib/python3.12/site-packages/airflow/example_dags/example_kubernetes_executor.py
[2026-04-27T23:47:34.274+0000] {logging_mixin.py:188} INFO - [2026-04-27T23:47:34.273+0000] {dag.py:3096} INFO - Sync 1 DAGs
[2026-04-27T23:47:34.289+0000] {logging_mixin.py:188} INFO - [2026-04-27T23:47:34.289+0000] {dag.py:3954} INFO - Setting next_dagrun for example_kubernetes_executor to None, run_after=None
[2026-04-27T23:47:34.313+0000] {processor.py:183} INFO - Processing /home/airflow/.local/lib/python3.12/site-packages/airflow/example_dags/example_kubernetes_executor.py took 0.082 seconds
[2026-04-27T23:48:04.546+0000] {processor.py:161} INFO - Started process (PID=2045) to work on /home/airflow/.local/lib/python3.12/site-packages/airflow/example_dags/example_kubernetes_executor.py
[2026-04-27T23:48:04.547+0000] {processor.py:830} INFO - Processing file /home/airflow/.local/lib/python3.12/site-packages/airflow/example_dags/example_kubernetes_executor.py for tasks to queue
[2026-04-27T23:48:04.549+0000] {logging_mixin.py:188} INFO - [2026-04-27T23:48:04.549+0000] {dagbag.py:540} INFO - Filling up the DagBag from /home/airflow/.local/lib/python3.12/site-packages/airflow/example_dags/example_kubernetes_executor.py
[2026-04-27T23:48:04.563+0000] {processor.py:840} INFO - DAG(s) 'example_kubernetes_executor' retrieved from /home/airflow/.local/lib/python3.12/site-packages/airflow/example_dags/example_kubernetes_executor.py
[2026-04-27T23:48:04.695+0000] {logging_mixin.py:188} INFO - [2026-04-27T23:48:04.695+0000] {dag.py:3096} INFO - Sync 1 DAGs
[2026-04-27T23:48:04.707+0000] {logging_mixin.py:188} INFO - [2026-04-27T23:48:04.707+0000] {dag.py:3954} INFO - Setting next_dagrun for example_kubernetes_executor to None, run_after=None
[2026-04-27T23:48:04.730+0000] {processor.py:183} INFO - Processing /home/airflow/.local/lib/python3.12/site-packages/airflow/example_dags/example_kubernetes_executor.py took 0.191 seconds
[2026-04-27T23:48:35.691+0000] {processor.py:161} INFO - Started process (PID=2104) to work on /home/airflow/.local/lib/python3.12/site-packages/airflow/example_dags/example_kubernetes_executor.py
[2026-04-27T23:48:35.692+0000] {processor.py:830} INFO - Processing file /home/airflow/.local/lib/python3.12/site-packages/airflow/example_dags/example_kubernetes_executor.py for tasks to queue
[2026-04-27T23:48:35.696+0000] {logging_mixin.py:188} INFO - [2026-04-27T23:48:35.695+0000] {dagbag.py:540} INFO - Filling up the DagBag from /home/airflow/.local/lib/python3.12/site-packages/airflow/example_dags/example_kubernetes_executor.py
[2026-04-27T23:48:35.714+0000] {processor.py:840} INFO - DAG(s) 'example_kubernetes_executor' retrieved from /home/airflow/.local/lib/python3.12/site-packages/airflow/example_dags/example_kubernetes_executor.py
[2026-04-27T23:48:35.765+0000] {logging_mixin.py:188} INFO - [2026-04-27T23:48:35.765+0000] {dag.py:3096} INFO - Sync 1 DAGs
[2026-04-27T23:48:35.782+0000] {logging_mixin.py:188} INFO - [2026-04-27T23:48:35.782+0000] {dag.py:3954} INFO - Setting next_dagrun for example_kubernetes_executor to None, run_after=None
[2026-04-27T23:48:35.804+0000] {processor.py:183} INFO - Processing /home/airflow/.local/lib/python3.12/site-packages/airflow/example_dags/example_kubernetes_executor.py took 0.123 seconds
[2026-04-27T23:49:06.335+0000] {processor.py:161} INFO - Started process (PID=2163) to work on /home/airflow/.local/lib/python3.12/site-packages/airflow/example_dags/example_kubernetes_executor.py
[2026-04-27T23:49:06.337+0000] {processor.py:830} INFO - Processing file /home/airflow/.local/lib/python3.12/site-packages/airflow/example_dags/example_kubernetes_executor.py for tasks to queue
[2026-04-27T23:49:06.339+0000] {logging_mixin.py:188} INFO - [2026-04-27T23:49:06.339+0000] {dagbag.py:540} INFO - Filling up the DagBag from /home/airflow/.local/lib/python3.12/site-packages/airflow/example_dags/example_kubernetes_executor.py
[2026-04-27T23:49:06.356+0000] {processor.py:840} INFO - DAG(s) 'example_kubernetes_executor' retrieved from /home/airflow/.local/lib/python3.12/site-packages/airflow/example_dags/example_kubernetes_executor.py
[2026-04-27T23:49:07.642+0000] {logging_mixin.py:188} INFO - [2026-04-27T23:49:07.642+0000] {dag.py:3096} INFO - Sync 1 DAGs
[2026-04-27T23:49:07.668+0000] {logging_mixin.py:188} INFO - [2026-04-27T23:49:07.667+0000] {dag.py:3954} INFO - Setting next_dagrun for example_kubernetes_executor to None, run_after=None
[2026-04-27T23:49:07.711+0000] {processor.py:183} INFO - Processing /home/airflow/.local/lib/python3.12/site-packages/airflow/example_dags/example_kubernetes_executor.py took 1.384 seconds
[2026-04-27T23:49:38.015+0000] {processor.py:161} INFO - Started process (PID=2222) to work on /home/airflow/.local/lib/python3.12/site-packages/airflow/example_dags/example_kubernetes_executor.py
[2026-04-27T23:49:38.016+0000] {processor.py:830} INFO - Processing file /home/airflow/.local/lib/python3.12/site-packages/airflow/example_dags/example_kubernetes_executor.py for tasks to queue
[2026-04-27T23:49:38.019+0000] {logging_mixin.py:188} INFO - [2026-04-27T23:49:38.019+0000] {dagbag.py:540} INFO - Filling up the DagBag from /home/airflow/.local/lib/python3.12/site-packages/airflow/example_dags/example_kubernetes_executor.py
[2026-04-27T23:49:38.035+0000] {processor.py:840} INFO - DAG(s) 'example_kubernetes_executor' retrieved from /home/airflow/.local/lib/python3.12/site-packages/airflow/example_dags/example_kubernetes_executor.py
[2026-04-27T23:49:38.087+0000] {logging_mixin.py:188} INFO - [2026-04-27T23:49:38.086+0000] {dag.py:3096} INFO - Sync 1 DAGs
[2026-04-27T23:49:38.103+0000] {logging_mixin.py:188} INFO - [2026-04-27T23:49:38.102+0000] {dag.py:3954} INFO - Setting next_dagrun for example_kubernetes_executor to None, run_after=None
[2026-04-27T23:49:38.129+0000] {processor.py:183} INFO - Processing /home/airflow/.local/lib/python3.12/site-packages/airflow/example_dags/example_kubernetes_executor.py took 0.122 seconds
[2026-04-27T23:50:08.218+0000] {processor.py:161} INFO - Started process (PID=2281) to work on /home/airflow/.local/lib/python3.12/site-packages/airflow/example_dags/example_kubernetes_executor.py
[2026-04-27T23:50:08.220+0000] {processor.py:830} INFO - Processing file /home/airflow/.local/lib/python3.12/site-packages/airflow/example_dags/example_kubernetes_executor.py for tasks to queue
[2026-04-27T23:50:08.222+0000] {logging_mixin.py:188} INFO - [2026-04-27T23:50:08.222+0000] {dagbag.py:540} INFO - Filling up the DagBag from /home/airflow/.local/lib/python3.12/site-packages/airflow/example_dags/example_kubernetes_executor.py
[2026-04-27T23:50:08.236+0000] {processor.py:840} INFO - DAG(s) 'example_kubernetes_executor' retrieved from /home/airflow/.local/lib/python3.12/site-packages/airflow/example_dags/example_kubernetes_executor.py
[2026-04-27T23:50:08.276+0000] {logging_mixin.py:188} INFO - [2026-04-27T23:50:08.275+0000] {dag.py:3096} INFO - Sync 1 DAGs
[2026-04-27T23:50:08.290+0000] {logging_mixin.py:188} INFO - [2026-04-27T23:50:08.290+0000] {dag.py:3954} INFO - Setting next_dagrun for example_kubernetes_executor to None, run_after=None
[2026-04-27T23:50:08.312+0000] {processor.py:183} INFO - Processing /home/airflow/.local/lib/python3.12/site-packages/airflow/example_dags/example_kubernetes_executor.py took 0.100 seconds
[2026-04-27T23:58:32.857+0000] {processor.py:161} INFO - Started process (PID=93) to work on /home/airflow/.local/lib/python3.12/site-packages/airflow/example_dags/example_kubernetes_executor.py
[2026-04-27T23:58:32.897+0000] {processor.py:830} INFO - Processing file /home/airflow/.local/lib/python3.12/site-packages/airflow/example_dags/example_kubernetes_executor.py for tasks to queue
[2026-04-27T23:58:32.899+0000] {logging_mixin.py:188} INFO - [2026-04-27T23:58:32.899+0000] {dagbag.py:540} INFO - Filling up the DagBag from /home/airflow/.local/lib/python3.12/site-packages/airflow/example_dags/example_kubernetes_executor.py
[2026-04-27T23:58:32.932+0000] {processor.py:840} INFO - DAG(s) 'example_kubernetes_executor' retrieved from /home/airflow/.local/lib/python3.12/site-packages/airflow/example_dags/example_kubernetes_executor.py
[2026-04-27T23:58:33.406+0000] {logging_mixin.py:188} INFO - [2026-04-27T23:58:33.406+0000] {dag.py:3096} INFO - Sync 1 DAGs
[2026-04-27T23:58:33.570+0000] {logging_mixin.py:188} INFO - [2026-04-27T23:58:33.570+0000] {dag.py:3954} INFO - Setting next_dagrun for example_kubernetes_executor to None, run_after=None
[2026-04-27T23:58:33.593+0000] {processor.py:183} INFO - Processing /home/airflow/.local/lib/python3.12/site-packages/airflow/example_dags/example_kubernetes_executor.py took 0.743 seconds
[2026-04-27T23:59:48.037+0000] {processor.py:161} INFO - Started process (PID=87) to work on /home/airflow/.local/lib/python3.12/site-packages/airflow/example_dags/example_kubernetes_executor.py
[2026-04-27T23:59:48.039+0000] {processor.py:830} INFO - Processing file /home/airflow/.local/lib/python3.12/site-packages/airflow/example_dags/example_kubernetes_executor.py for tasks to queue
[2026-04-27T23:59:48.041+0000] {logging_mixin.py:188} INFO - [2026-04-27T23:59:48.041+0000] {dagbag.py:540} INFO - Filling up the DagBag from /home/airflow/.local/lib/python3.12/site-packages/airflow/example_dags/example_kubernetes_executor.py
[2026-04-27T23:59:48.055+0000] {processor.py:840} INFO - DAG(s) 'example_kubernetes_executor' retrieved from /home/airflow/.local/lib/python3.12/site-packages/airflow/example_dags/example_kubernetes_executor.py
[2026-04-27T23:59:48.099+0000] {logging_mixin.py:188} INFO - [2026-04-27T23:59:48.099+0000] {dag.py:3096} INFO - Sync 1 DAGs
[2026-04-27T23:59:48.114+0000] {logging_mixin.py:188} INFO - [2026-04-27T23:59:48.114+0000] {dag.py:3954} INFO - Setting next_dagrun for example_kubernetes_executor to None, run_after=None
[2026-04-27T23:59:48.138+0000] {processor.py:183} INFO - Processing /home/airflow/.local/lib/python3.12/site-packages/airflow/example_dags/example_kubernetes_executor.py took 0.107 seconds
