[2026-04-27T23:30:21.602+0000] {processor.py:161} INFO - Started process (PID=100) to work on /home/airflow/.local/lib/python3.12/site-packages/airflow/example_dags/example_task_group_decorator.py
[2026-04-27T23:30:21.604+0000] {processor.py:830} INFO - Processing file /home/airflow/.local/lib/python3.12/site-packages/airflow/example_dags/example_task_group_decorator.py for tasks to queue
[2026-04-27T23:30:21.606+0000] {logging_mixin.py:188} INFO - [2026-04-27T23:30:21.606+0000] {dagbag.py:540} INFO - Filling up the DagBag from /home/airflow/.local/lib/python3.12/site-packages/airflow/example_dags/example_task_group_decorator.py
[2026-04-27T23:30:21.987+0000] {processor.py:840} INFO - DAG(s) 'example_task_group_decorator' retrieved from /home/airflow/.local/lib/python3.12/site-packages/airflow/example_dags/example_task_group_decorator.py
[2026-04-27T23:30:22.021+0000] {logging_mixin.py:188} INFO - [2026-04-27T23:30:22.021+0000] {dag.py:3096} INFO - Sync 1 DAGs
[2026-04-27T23:30:22.050+0000] {logging_mixin.py:188} INFO - [2026-04-27T23:30:22.050+0000] {dag.py:3954} INFO - Setting next_dagrun for example_task_group_decorator to 2026-04-26 00:00:00+00:00, run_after=2026-04-27 00:00:00+00:00
[2026-04-27T23:30:22.354+0000] {processor.py:183} INFO - Processing /home/airflow/.local/lib/python3.12/site-packages/airflow/example_dags/example_task_group_decorator.py took 0.760 seconds
[2026-04-27T23:30:55.485+0000] {processor.py:161} INFO - Started process (PID=159) to work on /home/airflow/.local/lib/python3.12/site-packages/airflow/example_dags/example_task_group_decorator.py
[2026-04-27T23:30:55.581+0000] {processor.py:830} INFO - Processing file /home/airflow/.local/lib/python3.12/site-packages/airflow/example_dags/example_task_group_decorator.py for tasks to queue
[2026-04-27T23:30:55.583+0000] {logging_mixin.py:188} INFO - [2026-04-27T23:30:55.583+0000] {dagbag.py:540} INFO - Filling up the DagBag from /home/airflow/.local/lib/python3.12/site-packages/airflow/example_dags/example_task_group_decorator.py
[2026-04-27T23:30:55.598+0000] {processor.py:840} INFO - DAG(s) 'example_task_group_decorator' retrieved from /home/airflow/.local/lib/python3.12/site-packages/airflow/example_dags/example_task_group_decorator.py
[2026-04-27T23:30:55.624+0000] {logging_mixin.py:188} INFO - [2026-04-27T23:30:55.624+0000] {dag.py:3096} INFO - Sync 1 DAGs
[2026-04-27T23:30:55.646+0000] {logging_mixin.py:188} INFO - [2026-04-27T23:30:55.646+0000] {dag.py:3954} INFO - Setting next_dagrun for example_task_group_decorator to 2026-04-26 00:00:00+00:00, run_after=2026-04-27 00:00:00+00:00
[2026-04-27T23:30:55.666+0000] {processor.py:183} INFO - Processing /home/airflow/.local/lib/python3.12/site-packages/airflow/example_dags/example_task_group_decorator.py took 0.187 seconds
[2026-04-27T23:32:15.992+0000] {processor.py:161} INFO - Started process (PID=224) to work on /home/airflow/.local/lib/python3.12/site-packages/airflow/example_dags/example_task_group_decorator.py
[2026-04-27T23:32:16.270+0000] {processor.py:830} INFO - Processing file /home/airflow/.local/lib/python3.12/site-packages/airflow/example_dags/example_task_group_decorator.py for tasks to queue
[2026-04-27T23:32:16.275+0000] {logging_mixin.py:188} INFO - [2026-04-27T23:32:16.274+0000] {dagbag.py:540} INFO - Filling up the DagBag from /home/airflow/.local/lib/python3.12/site-packages/airflow/example_dags/example_task_group_decorator.py
[2026-04-27T23:32:16.298+0000] {processor.py:840} INFO - DAG(s) 'example_task_group_decorator' retrieved from /home/airflow/.local/lib/python3.12/site-packages/airflow/example_dags/example_task_group_decorator.py
[2026-04-27T23:32:16.330+0000] {logging_mixin.py:188} INFO - [2026-04-27T23:32:16.330+0000] {dag.py:3096} INFO - Sync 1 DAGs
[2026-04-27T23:32:16.354+0000] {logging_mixin.py:188} INFO - [2026-04-27T23:32:16.354+0000] {dag.py:3954} INFO - Setting next_dagrun for example_task_group_decorator to 2026-04-26 00:00:00+00:00, run_after=2026-04-27 00:00:00+00:00
[2026-04-27T23:32:17.020+0000] {processor.py:183} INFO - Processing /home/airflow/.local/lib/python3.12/site-packages/airflow/example_dags/example_task_group_decorator.py took 1.034 seconds
[2026-04-27T23:32:50.472+0000] {processor.py:161} INFO - Started process (PID=283) to work on /home/airflow/.local/lib/python3.12/site-packages/airflow/example_dags/example_task_group_decorator.py
[2026-04-27T23:32:50.474+0000] {processor.py:830} INFO - Processing file /home/airflow/.local/lib/python3.12/site-packages/airflow/example_dags/example_task_group_decorator.py for tasks to queue
[2026-04-27T23:32:50.479+0000] {logging_mixin.py:188} INFO - [2026-04-27T23:32:50.479+0000] {dagbag.py:540} INFO - Filling up the DagBag from /home/airflow/.local/lib/python3.12/site-packages/airflow/example_dags/example_task_group_decorator.py
[2026-04-27T23:32:50.499+0000] {processor.py:840} INFO - DAG(s) 'example_task_group_decorator' retrieved from /home/airflow/.local/lib/python3.12/site-packages/airflow/example_dags/example_task_group_decorator.py
[2026-04-27T23:32:51.712+0000] {logging_mixin.py:188} INFO - [2026-04-27T23:32:51.712+0000] {dag.py:3096} INFO - Sync 1 DAGs
[2026-04-27T23:32:51.754+0000] {logging_mixin.py:188} INFO - [2026-04-27T23:32:51.753+0000] {dag.py:3954} INFO - Setting next_dagrun for example_task_group_decorator to 2026-04-26 00:00:00+00:00, run_after=2026-04-27 00:00:00+00:00
[2026-04-27T23:32:52.238+0000] {processor.py:183} INFO - Processing /home/airflow/.local/lib/python3.12/site-packages/airflow/example_dags/example_task_group_decorator.py took 1.776 seconds
[2026-04-27T23:33:22.604+0000] {processor.py:161} INFO - Started process (PID=343) to work on /home/airflow/.local/lib/python3.12/site-packages/airflow/example_dags/example_task_group_decorator.py
[2026-04-27T23:33:22.605+0000] {processor.py:830} INFO - Processing file /home/airflow/.local/lib/python3.12/site-packages/airflow/example_dags/example_task_group_decorator.py for tasks to queue
[2026-04-27T23:33:22.608+0000] {logging_mixin.py:188} INFO - [2026-04-27T23:33:22.608+0000] {dagbag.py:540} INFO - Filling up the DagBag from /home/airflow/.local/lib/python3.12/site-packages/airflow/example_dags/example_task_group_decorator.py
[2026-04-27T23:33:22.623+0000] {processor.py:840} INFO - DAG(s) 'example_task_group_decorator' retrieved from /home/airflow/.local/lib/python3.12/site-packages/airflow/example_dags/example_task_group_decorator.py
[2026-04-27T23:33:22.650+0000] {logging_mixin.py:188} INFO - [2026-04-27T23:33:22.650+0000] {dag.py:3096} INFO - Sync 1 DAGs
[2026-04-27T23:33:22.672+0000] {logging_mixin.py:188} INFO - [2026-04-27T23:33:22.671+0000] {dag.py:3954} INFO - Setting next_dagrun for example_task_group_decorator to 2026-04-26 00:00:00+00:00, run_after=2026-04-27 00:00:00+00:00
[2026-04-27T23:33:22.701+0000] {processor.py:183} INFO - Processing /home/airflow/.local/lib/python3.12/site-packages/airflow/example_dags/example_task_group_decorator.py took 0.103 seconds
[2026-04-27T23:33:53.151+0000] {processor.py:161} INFO - Started process (PID=401) to work on /home/airflow/.local/lib/python3.12/site-packages/airflow/example_dags/example_task_group_decorator.py
[2026-04-27T23:33:53.153+0000] {processor.py:830} INFO - Processing file /home/airflow/.local/lib/python3.12/site-packages/airflow/example_dags/example_task_group_decorator.py for tasks to queue
[2026-04-27T23:33:53.156+0000] {logging_mixin.py:188} INFO - [2026-04-27T23:33:53.155+0000] {dagbag.py:540} INFO - Filling up the DagBag from /home/airflow/.local/lib/python3.12/site-packages/airflow/example_dags/example_task_group_decorator.py
[2026-04-27T23:33:53.171+0000] {processor.py:840} INFO - DAG(s) 'example_task_group_decorator' retrieved from /home/airflow/.local/lib/python3.12/site-packages/airflow/example_dags/example_task_group_decorator.py
[2026-04-27T23:33:53.197+0000] {logging_mixin.py:188} INFO - [2026-04-27T23:33:53.197+0000] {dag.py:3096} INFO - Sync 1 DAGs
[2026-04-27T23:33:53.219+0000] {logging_mixin.py:188} INFO - [2026-04-27T23:33:53.218+0000] {dag.py:3954} INFO - Setting next_dagrun for example_task_group_decorator to 2026-04-26 00:00:00+00:00, run_after=2026-04-27 00:00:00+00:00
[2026-04-27T23:33:53.239+0000] {processor.py:183} INFO - Processing /home/airflow/.local/lib/python3.12/site-packages/airflow/example_dags/example_task_group_decorator.py took 0.094 seconds
[2026-04-27T23:34:23.951+0000] {processor.py:161} INFO - Started process (PID=460) to work on /home/airflow/.local/lib/python3.12/site-packages/airflow/example_dags/example_task_group_decorator.py
[2026-04-27T23:34:23.953+0000] {processor.py:830} INFO - Processing file /home/airflow/.local/lib/python3.12/site-packages/airflow/example_dags/example_task_group_decorator.py for tasks to queue
[2026-04-27T23:34:23.958+0000] {logging_mixin.py:188} INFO - [2026-04-27T23:34:23.958+0000] {dagbag.py:540} INFO - Filling up the DagBag from /home/airflow/.local/lib/python3.12/site-packages/airflow/example_dags/example_task_group_decorator.py
[2026-04-27T23:34:23.977+0000] {processor.py:840} INFO - DAG(s) 'example_task_group_decorator' retrieved from /home/airflow/.local/lib/python3.12/site-packages/airflow/example_dags/example_task_group_decorator.py
[2026-04-27T23:34:24.010+0000] {logging_mixin.py:188} INFO - [2026-04-27T23:34:24.010+0000] {dag.py:3096} INFO - Sync 1 DAGs
[2026-04-27T23:34:24.037+0000] {logging_mixin.py:188} INFO - [2026-04-27T23:34:24.037+0000] {dag.py:3954} INFO - Setting next_dagrun for example_task_group_decorator to 2026-04-26 00:00:00+00:00, run_after=2026-04-27 00:00:00+00:00
[2026-04-27T23:34:24.059+0000] {processor.py:183} INFO - Processing /home/airflow/.local/lib/python3.12/site-packages/airflow/example_dags/example_task_group_decorator.py took 0.118 seconds
[2026-04-27T23:34:54.680+0000] {processor.py:161} INFO - Started process (PID=519) to work on /home/airflow/.local/lib/python3.12/site-packages/airflow/example_dags/example_task_group_decorator.py
[2026-04-27T23:34:54.681+0000] {processor.py:830} INFO - Processing file /home/airflow/.local/lib/python3.12/site-packages/airflow/example_dags/example_task_group_decorator.py for tasks to queue
[2026-04-27T23:34:54.683+0000] {logging_mixin.py:188} INFO - [2026-04-27T23:34:54.683+0000] {dagbag.py:540} INFO - Filling up the DagBag from /home/airflow/.local/lib/python3.12/site-packages/airflow/example_dags/example_task_group_decorator.py
[2026-04-27T23:34:54.698+0000] {processor.py:840} INFO - DAG(s) 'example_task_group_decorator' retrieved from /home/airflow/.local/lib/python3.12/site-packages/airflow/example_dags/example_task_group_decorator.py
[2026-04-27T23:34:54.731+0000] {logging_mixin.py:188} INFO - [2026-04-27T23:34:54.730+0000] {dag.py:3096} INFO - Sync 1 DAGs
[2026-04-27T23:34:54.753+0000] {logging_mixin.py:188} INFO - [2026-04-27T23:34:54.752+0000] {dag.py:3954} INFO - Setting next_dagrun for example_task_group_decorator to 2026-04-26 00:00:00+00:00, run_after=2026-04-27 00:00:00+00:00
[2026-04-27T23:34:54.967+0000] {processor.py:183} INFO - Processing /home/airflow/.local/lib/python3.12/site-packages/airflow/example_dags/example_task_group_decorator.py took 0.293 seconds
[2026-04-27T23:35:25.250+0000] {processor.py:161} INFO - Started process (PID=579) to work on /home/airflow/.local/lib/python3.12/site-packages/airflow/example_dags/example_task_group_decorator.py
[2026-04-27T23:35:25.251+0000] {processor.py:830} INFO - Processing file /home/airflow/.local/lib/python3.12/site-packages/airflow/example_dags/example_task_group_decorator.py for tasks to queue
[2026-04-27T23:35:25.254+0000] {logging_mixin.py:188} INFO - [2026-04-27T23:35:25.253+0000] {dagbag.py:540} INFO - Filling up the DagBag from /home/airflow/.local/lib/python3.12/site-packages/airflow/example_dags/example_task_group_decorator.py
[2026-04-27T23:35:25.270+0000] {processor.py:840} INFO - DAG(s) 'example_task_group_decorator' retrieved from /home/airflow/.local/lib/python3.12/site-packages/airflow/example_dags/example_task_group_decorator.py
[2026-04-27T23:35:25.299+0000] {logging_mixin.py:188} INFO - [2026-04-27T23:35:25.299+0000] {dag.py:3096} INFO - Sync 1 DAGs
[2026-04-27T23:35:25.322+0000] {logging_mixin.py:188} INFO - [2026-04-27T23:35:25.321+0000] {dag.py:3954} INFO - Setting next_dagrun for example_task_group_decorator to 2026-04-26 00:00:00+00:00, run_after=2026-04-27 00:00:00+00:00
[2026-04-27T23:35:25.341+0000] {processor.py:183} INFO - Processing /home/airflow/.local/lib/python3.12/site-packages/airflow/example_dags/example_task_group_decorator.py took 0.098 seconds
[2026-04-27T23:35:55.802+0000] {processor.py:161} INFO - Started process (PID=637) to work on /home/airflow/.local/lib/python3.12/site-packages/airflow/example_dags/example_task_group_decorator.py
[2026-04-27T23:35:55.803+0000] {processor.py:830} INFO - Processing file /home/airflow/.local/lib/python3.12/site-packages/airflow/example_dags/example_task_group_decorator.py for tasks to queue
[2026-04-27T23:35:55.806+0000] {logging_mixin.py:188} INFO - [2026-04-27T23:35:55.806+0000] {dagbag.py:540} INFO - Filling up the DagBag from /home/airflow/.local/lib/python3.12/site-packages/airflow/example_dags/example_task_group_decorator.py
[2026-04-27T23:35:55.820+0000] {processor.py:840} INFO - DAG(s) 'example_task_group_decorator' retrieved from /home/airflow/.local/lib/python3.12/site-packages/airflow/example_dags/example_task_group_decorator.py
[2026-04-27T23:35:55.850+0000] {logging_mixin.py:188} INFO - [2026-04-27T23:35:55.849+0000] {dag.py:3096} INFO - Sync 1 DAGs
[2026-04-27T23:35:55.871+0000] {logging_mixin.py:188} INFO - [2026-04-27T23:35:55.871+0000] {dag.py:3954} INFO - Setting next_dagrun for example_task_group_decorator to 2026-04-26 00:00:00+00:00, run_after=2026-04-27 00:00:00+00:00
[2026-04-27T23:35:55.889+0000] {processor.py:183} INFO - Processing /home/airflow/.local/lib/python3.12/site-packages/airflow/example_dags/example_task_group_decorator.py took 0.094 seconds
[2026-04-27T23:36:26.126+0000] {processor.py:161} INFO - Started process (PID=696) to work on /home/airflow/.local/lib/python3.12/site-packages/airflow/example_dags/example_task_group_decorator.py
[2026-04-27T23:36:26.128+0000] {processor.py:830} INFO - Processing file /home/airflow/.local/lib/python3.12/site-packages/airflow/example_dags/example_task_group_decorator.py for tasks to queue
[2026-04-27T23:36:26.132+0000] {logging_mixin.py:188} INFO - [2026-04-27T23:36:26.131+0000] {dagbag.py:540} INFO - Filling up the DagBag from /home/airflow/.local/lib/python3.12/site-packages/airflow/example_dags/example_task_group_decorator.py
[2026-04-27T23:36:26.149+0000] {processor.py:840} INFO - DAG(s) 'example_task_group_decorator' retrieved from /home/airflow/.local/lib/python3.12/site-packages/airflow/example_dags/example_task_group_decorator.py
[2026-04-27T23:36:26.183+0000] {logging_mixin.py:188} INFO - [2026-04-27T23:36:26.183+0000] {dag.py:3096} INFO - Sync 1 DAGs
[2026-04-27T23:36:26.209+0000] {logging_mixin.py:188} INFO - [2026-04-27T23:36:26.209+0000] {dag.py:3954} INFO - Setting next_dagrun for example_task_group_decorator to 2026-04-26 00:00:00+00:00, run_after=2026-04-27 00:00:00+00:00
[2026-04-27T23:36:26.231+0000] {processor.py:183} INFO - Processing /home/airflow/.local/lib/python3.12/site-packages/airflow/example_dags/example_task_group_decorator.py took 0.113 seconds
[2026-04-27T23:36:56.747+0000] {processor.py:161} INFO - Started process (PID=756) to work on /home/airflow/.local/lib/python3.12/site-packages/airflow/example_dags/example_task_group_decorator.py
[2026-04-27T23:36:56.748+0000] {processor.py:830} INFO - Processing file /home/airflow/.local/lib/python3.12/site-packages/airflow/example_dags/example_task_group_decorator.py for tasks to queue
[2026-04-27T23:36:56.751+0000] {logging_mixin.py:188} INFO - [2026-04-27T23:36:56.750+0000] {dagbag.py:540} INFO - Filling up the DagBag from /home/airflow/.local/lib/python3.12/site-packages/airflow/example_dags/example_task_group_decorator.py
[2026-04-27T23:36:56.766+0000] {processor.py:840} INFO - DAG(s) 'example_task_group_decorator' retrieved from /home/airflow/.local/lib/python3.12/site-packages/airflow/example_dags/example_task_group_decorator.py
[2026-04-27T23:36:56.794+0000] {logging_mixin.py:188} INFO - [2026-04-27T23:36:56.794+0000] {dag.py:3096} INFO - Sync 1 DAGs
[2026-04-27T23:36:56.820+0000] {logging_mixin.py:188} INFO - [2026-04-27T23:36:56.820+0000] {dag.py:3954} INFO - Setting next_dagrun for example_task_group_decorator to 2026-04-26 00:00:00+00:00, run_after=2026-04-27 00:00:00+00:00
[2026-04-27T23:36:56.898+0000] {processor.py:183} INFO - Processing /home/airflow/.local/lib/python3.12/site-packages/airflow/example_dags/example_task_group_decorator.py took 0.158 seconds
[2026-04-27T23:37:27.292+0000] {processor.py:161} INFO - Started process (PID=815) to work on /home/airflow/.local/lib/python3.12/site-packages/airflow/example_dags/example_task_group_decorator.py
[2026-04-27T23:37:27.293+0000] {processor.py:830} INFO - Processing file /home/airflow/.local/lib/python3.12/site-packages/airflow/example_dags/example_task_group_decorator.py for tasks to queue
[2026-04-27T23:37:27.296+0000] {logging_mixin.py:188} INFO - [2026-04-27T23:37:27.296+0000] {dagbag.py:540} INFO - Filling up the DagBag from /home/airflow/.local/lib/python3.12/site-packages/airflow/example_dags/example_task_group_decorator.py
[2026-04-27T23:37:27.313+0000] {processor.py:840} INFO - DAG(s) 'example_task_group_decorator' retrieved from /home/airflow/.local/lib/python3.12/site-packages/airflow/example_dags/example_task_group_decorator.py
[2026-04-27T23:37:27.344+0000] {logging_mixin.py:188} INFO - [2026-04-27T23:37:27.343+0000] {dag.py:3096} INFO - Sync 1 DAGs
[2026-04-27T23:37:27.372+0000] {logging_mixin.py:188} INFO - [2026-04-27T23:37:27.372+0000] {dag.py:3954} INFO - Setting next_dagrun for example_task_group_decorator to 2026-04-26 00:00:00+00:00, run_after=2026-04-27 00:00:00+00:00
[2026-04-27T23:37:27.401+0000] {processor.py:183} INFO - Processing /home/airflow/.local/lib/python3.12/site-packages/airflow/example_dags/example_task_group_decorator.py took 0.116 seconds
[2026-04-27T23:37:57.857+0000] {processor.py:161} INFO - Started process (PID=874) to work on /home/airflow/.local/lib/python3.12/site-packages/airflow/example_dags/example_task_group_decorator.py
[2026-04-27T23:37:57.859+0000] {processor.py:830} INFO - Processing file /home/airflow/.local/lib/python3.12/site-packages/airflow/example_dags/example_task_group_decorator.py for tasks to queue
[2026-04-27T23:37:57.862+0000] {logging_mixin.py:188} INFO - [2026-04-27T23:37:57.861+0000] {dagbag.py:540} INFO - Filling up the DagBag from /home/airflow/.local/lib/python3.12/site-packages/airflow/example_dags/example_task_group_decorator.py
[2026-04-27T23:37:57.886+0000] {processor.py:840} INFO - DAG(s) 'example_task_group_decorator' retrieved from /home/airflow/.local/lib/python3.12/site-packages/airflow/example_dags/example_task_group_decorator.py
[2026-04-27T23:37:57.920+0000] {logging_mixin.py:188} INFO - [2026-04-27T23:37:57.920+0000] {dag.py:3096} INFO - Sync 1 DAGs
[2026-04-27T23:37:57.944+0000] {logging_mixin.py:188} INFO - [2026-04-27T23:37:57.944+0000] {dag.py:3954} INFO - Setting next_dagrun for example_task_group_decorator to 2026-04-26 00:00:00+00:00, run_after=2026-04-27 00:00:00+00:00
[2026-04-27T23:37:57.970+0000] {processor.py:183} INFO - Processing /home/airflow/.local/lib/python3.12/site-packages/airflow/example_dags/example_task_group_decorator.py took 0.122 seconds
[2026-04-27T23:38:29.719+0000] {processor.py:161} INFO - Started process (PID=933) to work on /home/airflow/.local/lib/python3.12/site-packages/airflow/example_dags/example_task_group_decorator.py
[2026-04-27T23:38:29.721+0000] {processor.py:830} INFO - Processing file /home/airflow/.local/lib/python3.12/site-packages/airflow/example_dags/example_task_group_decorator.py for tasks to queue
[2026-04-27T23:38:29.723+0000] {logging_mixin.py:188} INFO - [2026-04-27T23:38:29.722+0000] {dagbag.py:540} INFO - Filling up the DagBag from /home/airflow/.local/lib/python3.12/site-packages/airflow/example_dags/example_task_group_decorator.py
[2026-04-27T23:38:29.738+0000] {processor.py:840} INFO - DAG(s) 'example_task_group_decorator' retrieved from /home/airflow/.local/lib/python3.12/site-packages/airflow/example_dags/example_task_group_decorator.py
[2026-04-27T23:38:29.765+0000] {logging_mixin.py:188} INFO - [2026-04-27T23:38:29.765+0000] {dag.py:3096} INFO - Sync 1 DAGs
[2026-04-27T23:38:29.787+0000] {logging_mixin.py:188} INFO - [2026-04-27T23:38:29.787+0000] {dag.py:3954} INFO - Setting next_dagrun for example_task_group_decorator to 2026-04-26 00:00:00+00:00, run_after=2026-04-27 00:00:00+00:00
[2026-04-27T23:38:29.808+0000] {processor.py:183} INFO - Processing /home/airflow/.local/lib/python3.12/site-packages/airflow/example_dags/example_task_group_decorator.py took 0.095 seconds
[2026-04-27T23:39:00.664+0000] {processor.py:161} INFO - Started process (PID=992) to work on /home/airflow/.local/lib/python3.12/site-packages/airflow/example_dags/example_task_group_decorator.py
[2026-04-27T23:39:00.665+0000] {processor.py:830} INFO - Processing file /home/airflow/.local/lib/python3.12/site-packages/airflow/example_dags/example_task_group_decorator.py for tasks to queue
[2026-04-27T23:39:00.668+0000] {logging_mixin.py:188} INFO - [2026-04-27T23:39:00.667+0000] {dagbag.py:540} INFO - Filling up the DagBag from /home/airflow/.local/lib/python3.12/site-packages/airflow/example_dags/example_task_group_decorator.py
[2026-04-27T23:39:00.682+0000] {processor.py:840} INFO - DAG(s) 'example_task_group_decorator' retrieved from /home/airflow/.local/lib/python3.12/site-packages/airflow/example_dags/example_task_group_decorator.py
[2026-04-27T23:39:00.709+0000] {logging_mixin.py:188} INFO - [2026-04-27T23:39:00.709+0000] {dag.py:3096} INFO - Sync 1 DAGs
[2026-04-27T23:39:00.732+0000] {logging_mixin.py:188} INFO - [2026-04-27T23:39:00.731+0000] {dag.py:3954} INFO - Setting next_dagrun for example_task_group_decorator to 2026-04-26 00:00:00+00:00, run_after=2026-04-27 00:00:00+00:00
[2026-04-27T23:39:00.752+0000] {processor.py:183} INFO - Processing /home/airflow/.local/lib/python3.12/site-packages/airflow/example_dags/example_task_group_decorator.py took 0.095 seconds
[2026-04-27T23:39:30.815+0000] {processor.py:161} INFO - Started process (PID=1051) to work on /home/airflow/.local/lib/python3.12/site-packages/airflow/example_dags/example_task_group_decorator.py
[2026-04-27T23:39:30.816+0000] {processor.py:830} INFO - Processing file /home/airflow/.local/lib/python3.12/site-packages/airflow/example_dags/example_task_group_decorator.py for tasks to queue
[2026-04-27T23:39:30.821+0000] {logging_mixin.py:188} INFO - [2026-04-27T23:39:30.820+0000] {dagbag.py:540} INFO - Filling up the DagBag from /home/airflow/.local/lib/python3.12/site-packages/airflow/example_dags/example_task_group_decorator.py
[2026-04-27T23:39:30.839+0000] {processor.py:840} INFO - DAG(s) 'example_task_group_decorator' retrieved from /home/airflow/.local/lib/python3.12/site-packages/airflow/example_dags/example_task_group_decorator.py
[2026-04-27T23:39:30.868+0000] {logging_mixin.py:188} INFO - [2026-04-27T23:39:30.868+0000] {dag.py:3096} INFO - Sync 1 DAGs
[2026-04-27T23:39:30.891+0000] {logging_mixin.py:188} INFO - [2026-04-27T23:39:30.890+0000] {dag.py:3954} INFO - Setting next_dagrun for example_task_group_decorator to 2026-04-26 00:00:00+00:00, run_after=2026-04-27 00:00:00+00:00
[2026-04-27T23:39:30.910+0000] {processor.py:183} INFO - Processing /home/airflow/.local/lib/python3.12/site-packages/airflow/example_dags/example_task_group_decorator.py took 0.102 seconds
[2026-04-27T23:40:01.398+0000] {processor.py:161} INFO - Started process (PID=1110) to work on /home/airflow/.local/lib/python3.12/site-packages/airflow/example_dags/example_task_group_decorator.py
[2026-04-27T23:40:01.399+0000] {processor.py:830} INFO - Processing file /home/airflow/.local/lib/python3.12/site-packages/airflow/example_dags/example_task_group_decorator.py for tasks to queue
[2026-04-27T23:40:01.402+0000] {logging_mixin.py:188} INFO - [2026-04-27T23:40:01.402+0000] {dagbag.py:540} INFO - Filling up the DagBag from /home/airflow/.local/lib/python3.12/site-packages/airflow/example_dags/example_task_group_decorator.py
[2026-04-27T23:40:01.423+0000] {processor.py:840} INFO - DAG(s) 'example_task_group_decorator' retrieved from /home/airflow/.local/lib/python3.12/site-packages/airflow/example_dags/example_task_group_decorator.py
[2026-04-27T23:40:01.456+0000] {logging_mixin.py:188} INFO - [2026-04-27T23:40:01.456+0000] {dag.py:3096} INFO - Sync 1 DAGs
[2026-04-27T23:40:01.480+0000] {logging_mixin.py:188} INFO - [2026-04-27T23:40:01.480+0000] {dag.py:3954} INFO - Setting next_dagrun for example_task_group_decorator to 2026-04-26 00:00:00+00:00, run_after=2026-04-27 00:00:00+00:00
[2026-04-27T23:40:01.674+0000] {processor.py:183} INFO - Processing /home/airflow/.local/lib/python3.12/site-packages/airflow/example_dags/example_task_group_decorator.py took 0.285 seconds
[2026-04-27T23:40:32.702+0000] {processor.py:161} INFO - Started process (PID=1169) to work on /home/airflow/.local/lib/python3.12/site-packages/airflow/example_dags/example_task_group_decorator.py
[2026-04-27T23:40:32.704+0000] {processor.py:830} INFO - Processing file /home/airflow/.local/lib/python3.12/site-packages/airflow/example_dags/example_task_group_decorator.py for tasks to queue
[2026-04-27T23:40:32.707+0000] {logging_mixin.py:188} INFO - [2026-04-27T23:40:32.707+0000] {dagbag.py:540} INFO - Filling up the DagBag from /home/airflow/.local/lib/python3.12/site-packages/airflow/example_dags/example_task_group_decorator.py
[2026-04-27T23:40:32.724+0000] {processor.py:840} INFO - DAG(s) 'example_task_group_decorator' retrieved from /home/airflow/.local/lib/python3.12/site-packages/airflow/example_dags/example_task_group_decorator.py
[2026-04-27T23:40:32.755+0000] {logging_mixin.py:188} INFO - [2026-04-27T23:40:32.755+0000] {dag.py:3096} INFO - Sync 1 DAGs
[2026-04-27T23:40:32.816+0000] {logging_mixin.py:188} INFO - [2026-04-27T23:40:32.816+0000] {dag.py:3954} INFO - Setting next_dagrun for example_task_group_decorator to 2026-04-26 00:00:00+00:00, run_after=2026-04-27 00:00:00+00:00
[2026-04-27T23:40:32.842+0000] {processor.py:183} INFO - Processing /home/airflow/.local/lib/python3.12/site-packages/airflow/example_dags/example_task_group_decorator.py took 0.146 seconds
[2026-04-27T23:41:03.049+0000] {processor.py:161} INFO - Started process (PID=1228) to work on /home/airflow/.local/lib/python3.12/site-packages/airflow/example_dags/example_task_group_decorator.py
[2026-04-27T23:41:03.050+0000] {processor.py:830} INFO - Processing file /home/airflow/.local/lib/python3.12/site-packages/airflow/example_dags/example_task_group_decorator.py for tasks to queue
[2026-04-27T23:41:03.053+0000] {logging_mixin.py:188} INFO - [2026-04-27T23:41:03.052+0000] {dagbag.py:540} INFO - Filling up the DagBag from /home/airflow/.local/lib/python3.12/site-packages/airflow/example_dags/example_task_group_decorator.py
[2026-04-27T23:41:03.068+0000] {processor.py:840} INFO - DAG(s) 'example_task_group_decorator' retrieved from /home/airflow/.local/lib/python3.12/site-packages/airflow/example_dags/example_task_group_decorator.py
[2026-04-27T23:41:03.103+0000] {logging_mixin.py:188} INFO - [2026-04-27T23:41:03.102+0000] {dag.py:3096} INFO - Sync 1 DAGs
[2026-04-27T23:41:03.130+0000] {logging_mixin.py:188} INFO - [2026-04-27T23:41:03.130+0000] {dag.py:3954} INFO - Setting next_dagrun for example_task_group_decorator to 2026-04-26 00:00:00+00:00, run_after=2026-04-27 00:00:00+00:00
[2026-04-27T23:41:03.155+0000] {processor.py:183} INFO - Processing /home/airflow/.local/lib/python3.12/site-packages/airflow/example_dags/example_task_group_decorator.py took 0.113 seconds
[2026-04-27T23:41:33.335+0000] {processor.py:161} INFO - Started process (PID=1287) to work on /home/airflow/.local/lib/python3.12/site-packages/airflow/example_dags/example_task_group_decorator.py
[2026-04-27T23:41:33.337+0000] {processor.py:830} INFO - Processing file /home/airflow/.local/lib/python3.12/site-packages/airflow/example_dags/example_task_group_decorator.py for tasks to queue
[2026-04-27T23:41:33.339+0000] {logging_mixin.py:188} INFO - [2026-04-27T23:41:33.339+0000] {dagbag.py:540} INFO - Filling up the DagBag from /home/airflow/.local/lib/python3.12/site-packages/airflow/example_dags/example_task_group_decorator.py
[2026-04-27T23:41:33.354+0000] {processor.py:840} INFO - DAG(s) 'example_task_group_decorator' retrieved from /home/airflow/.local/lib/python3.12/site-packages/airflow/example_dags/example_task_group_decorator.py
[2026-04-27T23:41:33.546+0000] {logging_mixin.py:188} INFO - [2026-04-27T23:41:33.546+0000] {dag.py:3096} INFO - Sync 1 DAGs
[2026-04-27T23:41:33.569+0000] {logging_mixin.py:188} INFO - [2026-04-27T23:41:33.569+0000] {dag.py:3954} INFO - Setting next_dagrun for example_task_group_decorator to 2026-04-26 00:00:00+00:00, run_after=2026-04-27 00:00:00+00:00
[2026-04-27T23:41:33.591+0000] {processor.py:183} INFO - Processing /home/airflow/.local/lib/python3.12/site-packages/airflow/example_dags/example_task_group_decorator.py took 0.262 seconds
[2026-04-27T23:42:03.966+0000] {processor.py:161} INFO - Started process (PID=1346) to work on /home/airflow/.local/lib/python3.12/site-packages/airflow/example_dags/example_task_group_decorator.py
[2026-04-27T23:42:03.967+0000] {processor.py:830} INFO - Processing file /home/airflow/.local/lib/python3.12/site-packages/airflow/example_dags/example_task_group_decorator.py for tasks to queue
[2026-04-27T23:42:03.970+0000] {logging_mixin.py:188} INFO - [2026-04-27T23:42:03.970+0000] {dagbag.py:540} INFO - Filling up the DagBag from /home/airflow/.local/lib/python3.12/site-packages/airflow/example_dags/example_task_group_decorator.py
[2026-04-27T23:42:03.986+0000] {processor.py:840} INFO - DAG(s) 'example_task_group_decorator' retrieved from /home/airflow/.local/lib/python3.12/site-packages/airflow/example_dags/example_task_group_decorator.py
[2026-04-27T23:42:04.033+0000] {logging_mixin.py:188} INFO - [2026-04-27T23:42:04.032+0000] {dag.py:3096} INFO - Sync 1 DAGs
[2026-04-27T23:42:04.066+0000] {logging_mixin.py:188} INFO - [2026-04-27T23:42:04.066+0000] {dag.py:3954} INFO - Setting next_dagrun for example_task_group_decorator to 2026-04-26 00:00:00+00:00, run_after=2026-04-27 00:00:00+00:00
[2026-04-27T23:42:04.326+0000] {processor.py:183} INFO - Processing /home/airflow/.local/lib/python3.12/site-packages/airflow/example_dags/example_task_group_decorator.py took 0.367 seconds
[2026-04-27T23:42:34.520+0000] {processor.py:161} INFO - Started process (PID=1407) to work on /home/airflow/.local/lib/python3.12/site-packages/airflow/example_dags/example_task_group_decorator.py
[2026-04-27T23:42:34.521+0000] {processor.py:830} INFO - Processing file /home/airflow/.local/lib/python3.12/site-packages/airflow/example_dags/example_task_group_decorator.py for tasks to queue
[2026-04-27T23:42:34.525+0000] {logging_mixin.py:188} INFO - [2026-04-27T23:42:34.524+0000] {dagbag.py:540} INFO - Filling up the DagBag from /home/airflow/.local/lib/python3.12/site-packages/airflow/example_dags/example_task_group_decorator.py
[2026-04-27T23:42:34.544+0000] {processor.py:840} INFO - DAG(s) 'example_task_group_decorator' retrieved from /home/airflow/.local/lib/python3.12/site-packages/airflow/example_dags/example_task_group_decorator.py
[2026-04-27T23:42:34.574+0000] {logging_mixin.py:188} INFO - [2026-04-27T23:42:34.574+0000] {dag.py:3096} INFO - Sync 1 DAGs
[2026-04-27T23:42:34.600+0000] {logging_mixin.py:188} INFO - [2026-04-27T23:42:34.600+0000] {dag.py:3954} INFO - Setting next_dagrun for example_task_group_decorator to 2026-04-26 00:00:00+00:00, run_after=2026-04-27 00:00:00+00:00
[2026-04-27T23:42:34.620+0000] {processor.py:183} INFO - Processing /home/airflow/.local/lib/python3.12/site-packages/airflow/example_dags/example_task_group_decorator.py took 0.110 seconds
[2026-04-27T23:43:04.702+0000] {processor.py:161} INFO - Started process (PID=1464) to work on /home/airflow/.local/lib/python3.12/site-packages/airflow/example_dags/example_task_group_decorator.py
[2026-04-27T23:43:04.704+0000] {processor.py:830} INFO - Processing file /home/airflow/.local/lib/python3.12/site-packages/airflow/example_dags/example_task_group_decorator.py for tasks to queue
[2026-04-27T23:43:04.707+0000] {logging_mixin.py:188} INFO - [2026-04-27T23:43:04.706+0000] {dagbag.py:540} INFO - Filling up the DagBag from /home/airflow/.local/lib/python3.12/site-packages/airflow/example_dags/example_task_group_decorator.py
[2026-04-27T23:43:04.726+0000] {processor.py:840} INFO - DAG(s) 'example_task_group_decorator' retrieved from /home/airflow/.local/lib/python3.12/site-packages/airflow/example_dags/example_task_group_decorator.py
[2026-04-27T23:43:04.754+0000] {logging_mixin.py:188} INFO - [2026-04-27T23:43:04.754+0000] {dag.py:3096} INFO - Sync 1 DAGs
[2026-04-27T23:43:04.779+0000] {logging_mixin.py:188} INFO - [2026-04-27T23:43:04.778+0000] {dag.py:3954} INFO - Setting next_dagrun for example_task_group_decorator to 2026-04-26 00:00:00+00:00, run_after=2026-04-27 00:00:00+00:00
[2026-04-27T23:43:04.802+0000] {processor.py:183} INFO - Processing /home/airflow/.local/lib/python3.12/site-packages/airflow/example_dags/example_task_group_decorator.py took 0.107 seconds
[2026-04-27T23:43:34.928+0000] {processor.py:161} INFO - Started process (PID=1523) to work on /home/airflow/.local/lib/python3.12/site-packages/airflow/example_dags/example_task_group_decorator.py
[2026-04-27T23:43:34.930+0000] {processor.py:830} INFO - Processing file /home/airflow/.local/lib/python3.12/site-packages/airflow/example_dags/example_task_group_decorator.py for tasks to queue
[2026-04-27T23:43:34.934+0000] {logging_mixin.py:188} INFO - [2026-04-27T23:43:34.933+0000] {dagbag.py:540} INFO - Filling up the DagBag from /home/airflow/.local/lib/python3.12/site-packages/airflow/example_dags/example_task_group_decorator.py
[2026-04-27T23:43:34.966+0000] {processor.py:840} INFO - DAG(s) 'example_task_group_decorator' retrieved from /home/airflow/.local/lib/python3.12/site-packages/airflow/example_dags/example_task_group_decorator.py
[2026-04-27T23:43:35.021+0000] {logging_mixin.py:188} INFO - [2026-04-27T23:43:35.021+0000] {dag.py:3096} INFO - Sync 1 DAGs
[2026-04-27T23:43:35.060+0000] {logging_mixin.py:188} INFO - [2026-04-27T23:43:35.060+0000] {dag.py:3954} INFO - Setting next_dagrun for example_task_group_decorator to 2026-04-26 00:00:00+00:00, run_after=2026-04-27 00:00:00+00:00
[2026-04-27T23:43:35.099+0000] {processor.py:183} INFO - Processing /home/airflow/.local/lib/python3.12/site-packages/airflow/example_dags/example_task_group_decorator.py took 0.184 seconds
[2026-04-27T23:44:05.390+0000] {processor.py:161} INFO - Started process (PID=1582) to work on /home/airflow/.local/lib/python3.12/site-packages/airflow/example_dags/example_task_group_decorator.py
[2026-04-27T23:44:05.391+0000] {processor.py:830} INFO - Processing file /home/airflow/.local/lib/python3.12/site-packages/airflow/example_dags/example_task_group_decorator.py for tasks to queue
[2026-04-27T23:44:05.394+0000] {logging_mixin.py:188} INFO - [2026-04-27T23:44:05.393+0000] {dagbag.py:540} INFO - Filling up the DagBag from /home/airflow/.local/lib/python3.12/site-packages/airflow/example_dags/example_task_group_decorator.py
[2026-04-27T23:44:05.411+0000] {processor.py:840} INFO - DAG(s) 'example_task_group_decorator' retrieved from /home/airflow/.local/lib/python3.12/site-packages/airflow/example_dags/example_task_group_decorator.py
[2026-04-27T23:44:05.445+0000] {logging_mixin.py:188} INFO - [2026-04-27T23:44:05.445+0000] {dag.py:3096} INFO - Sync 1 DAGs
[2026-04-27T23:44:05.470+0000] {logging_mixin.py:188} INFO - [2026-04-27T23:44:05.470+0000] {dag.py:3954} INFO - Setting next_dagrun for example_task_group_decorator to 2026-04-26 00:00:00+00:00, run_after=2026-04-27 00:00:00+00:00
[2026-04-27T23:44:05.490+0000] {processor.py:183} INFO - Processing /home/airflow/.local/lib/python3.12/site-packages/airflow/example_dags/example_task_group_decorator.py took 0.107 seconds
[2026-04-27T23:44:36.056+0000] {processor.py:161} INFO - Started process (PID=1641) to work on /home/airflow/.local/lib/python3.12/site-packages/airflow/example_dags/example_task_group_decorator.py
[2026-04-27T23:44:36.057+0000] {processor.py:830} INFO - Processing file /home/airflow/.local/lib/python3.12/site-packages/airflow/example_dags/example_task_group_decorator.py for tasks to queue
[2026-04-27T23:44:36.060+0000] {logging_mixin.py:188} INFO - [2026-04-27T23:44:36.060+0000] {dagbag.py:540} INFO - Filling up the DagBag from /home/airflow/.local/lib/python3.12/site-packages/airflow/example_dags/example_task_group_decorator.py
[2026-04-27T23:44:36.078+0000] {processor.py:840} INFO - DAG(s) 'example_task_group_decorator' retrieved from /home/airflow/.local/lib/python3.12/site-packages/airflow/example_dags/example_task_group_decorator.py
[2026-04-27T23:44:36.108+0000] {logging_mixin.py:188} INFO - [2026-04-27T23:44:36.108+0000] {dag.py:3096} INFO - Sync 1 DAGs
[2026-04-27T23:44:36.174+0000] {logging_mixin.py:188} INFO - [2026-04-27T23:44:36.174+0000] {dag.py:3954} INFO - Setting next_dagrun for example_task_group_decorator to 2026-04-26 00:00:00+00:00, run_after=2026-04-27 00:00:00+00:00
[2026-04-27T23:44:36.273+0000] {processor.py:183} INFO - Processing /home/airflow/.local/lib/python3.12/site-packages/airflow/example_dags/example_task_group_decorator.py took 0.225 seconds
[2026-04-27T23:45:06.402+0000] {processor.py:161} INFO - Started process (PID=1700) to work on /home/airflow/.local/lib/python3.12/site-packages/airflow/example_dags/example_task_group_decorator.py
[2026-04-27T23:45:06.404+0000] {processor.py:830} INFO - Processing file /home/airflow/.local/lib/python3.12/site-packages/airflow/example_dags/example_task_group_decorator.py for tasks to queue
[2026-04-27T23:45:06.407+0000] {logging_mixin.py:188} INFO - [2026-04-27T23:45:06.406+0000] {dagbag.py:540} INFO - Filling up the DagBag from /home/airflow/.local/lib/python3.12/site-packages/airflow/example_dags/example_task_group_decorator.py
[2026-04-27T23:45:06.431+0000] {processor.py:840} INFO - DAG(s) 'example_task_group_decorator' retrieved from /home/airflow/.local/lib/python3.12/site-packages/airflow/example_dags/example_task_group_decorator.py
[2026-04-27T23:45:06.472+0000] {logging_mixin.py:188} INFO - [2026-04-27T23:45:06.471+0000] {dag.py:3096} INFO - Sync 1 DAGs
[2026-04-27T23:45:06.505+0000] {logging_mixin.py:188} INFO - [2026-04-27T23:45:06.505+0000] {dag.py:3954} INFO - Setting next_dagrun for example_task_group_decorator to 2026-04-26 00:00:00+00:00, run_after=2026-04-27 00:00:00+00:00
[2026-04-27T23:45:06.531+0000] {processor.py:183} INFO - Processing /home/airflow/.local/lib/python3.12/site-packages/airflow/example_dags/example_task_group_decorator.py took 0.137 seconds
[2026-04-27T23:45:36.618+0000] {processor.py:161} INFO - Started process (PID=1759) to work on /home/airflow/.local/lib/python3.12/site-packages/airflow/example_dags/example_task_group_decorator.py
[2026-04-27T23:45:36.619+0000] {processor.py:830} INFO - Processing file /home/airflow/.local/lib/python3.12/site-packages/airflow/example_dags/example_task_group_decorator.py for tasks to queue
[2026-04-27T23:45:36.622+0000] {logging_mixin.py:188} INFO - [2026-04-27T23:45:36.622+0000] {dagbag.py:540} INFO - Filling up the DagBag from /home/airflow/.local/lib/python3.12/site-packages/airflow/example_dags/example_task_group_decorator.py
[2026-04-27T23:45:36.638+0000] {processor.py:840} INFO - DAG(s) 'example_task_group_decorator' retrieved from /home/airflow/.local/lib/python3.12/site-packages/airflow/example_dags/example_task_group_decorator.py
[2026-04-27T23:45:36.671+0000] {logging_mixin.py:188} INFO - [2026-04-27T23:45:36.671+0000] {dag.py:3096} INFO - Sync 1 DAGs
[2026-04-27T23:45:36.709+0000] {logging_mixin.py:188} INFO - [2026-04-27T23:45:36.709+0000] {dag.py:3954} INFO - Setting next_dagrun for example_task_group_decorator to 2026-04-26 00:00:00+00:00, run_after=2026-04-27 00:00:00+00:00
[2026-04-27T23:45:36.737+0000] {processor.py:183} INFO - Processing /home/airflow/.local/lib/python3.12/site-packages/airflow/example_dags/example_task_group_decorator.py took 0.126 seconds
[2026-04-27T23:46:06.958+0000] {processor.py:161} INFO - Started process (PID=1818) to work on /home/airflow/.local/lib/python3.12/site-packages/airflow/example_dags/example_task_group_decorator.py
[2026-04-27T23:46:06.959+0000] {processor.py:830} INFO - Processing file /home/airflow/.local/lib/python3.12/site-packages/airflow/example_dags/example_task_group_decorator.py for tasks to queue
[2026-04-27T23:46:06.962+0000] {logging_mixin.py:188} INFO - [2026-04-27T23:46:06.961+0000] {dagbag.py:540} INFO - Filling up the DagBag from /home/airflow/.local/lib/python3.12/site-packages/airflow/example_dags/example_task_group_decorator.py
[2026-04-27T23:46:06.982+0000] {processor.py:840} INFO - DAG(s) 'example_task_group_decorator' retrieved from /home/airflow/.local/lib/python3.12/site-packages/airflow/example_dags/example_task_group_decorator.py
[2026-04-27T23:46:07.012+0000] {logging_mixin.py:188} INFO - [2026-04-27T23:46:07.012+0000] {dag.py:3096} INFO - Sync 1 DAGs
[2026-04-27T23:46:07.034+0000] {logging_mixin.py:188} INFO - [2026-04-27T23:46:07.034+0000] {dag.py:3954} INFO - Setting next_dagrun for example_task_group_decorator to 2026-04-26 00:00:00+00:00, run_after=2026-04-27 00:00:00+00:00
[2026-04-27T23:46:07.057+0000] {processor.py:183} INFO - Processing /home/airflow/.local/lib/python3.12/site-packages/airflow/example_dags/example_task_group_decorator.py took 0.107 seconds
[2026-04-27T23:46:37.141+0000] {processor.py:161} INFO - Started process (PID=1877) to work on /home/airflow/.local/lib/python3.12/site-packages/airflow/example_dags/example_task_group_decorator.py
[2026-04-27T23:46:37.143+0000] {processor.py:830} INFO - Processing file /home/airflow/.local/lib/python3.12/site-packages/airflow/example_dags/example_task_group_decorator.py for tasks to queue
[2026-04-27T23:46:37.145+0000] {logging_mixin.py:188} INFO - [2026-04-27T23:46:37.145+0000] {dagbag.py:540} INFO - Filling up the DagBag from /home/airflow/.local/lib/python3.12/site-packages/airflow/example_dags/example_task_group_decorator.py
[2026-04-27T23:46:37.168+0000] {processor.py:840} INFO - DAG(s) 'example_task_group_decorator' retrieved from /home/airflow/.local/lib/python3.12/site-packages/airflow/example_dags/example_task_group_decorator.py
[2026-04-27T23:46:37.201+0000] {logging_mixin.py:188} INFO - [2026-04-27T23:46:37.201+0000] {dag.py:3096} INFO - Sync 1 DAGs
[2026-04-27T23:46:37.228+0000] {logging_mixin.py:188} INFO - [2026-04-27T23:46:37.228+0000] {dag.py:3954} INFO - Setting next_dagrun for example_task_group_decorator to 2026-04-26 00:00:00+00:00, run_after=2026-04-27 00:00:00+00:00
[2026-04-27T23:46:37.281+0000] {processor.py:183} INFO - Processing /home/airflow/.local/lib/python3.12/site-packages/airflow/example_dags/example_task_group_decorator.py took 0.147 seconds
[2026-04-27T23:47:07.793+0000] {processor.py:161} INFO - Started process (PID=1936) to work on /home/airflow/.local/lib/python3.12/site-packages/airflow/example_dags/example_task_group_decorator.py
[2026-04-27T23:47:07.795+0000] {processor.py:830} INFO - Processing file /home/airflow/.local/lib/python3.12/site-packages/airflow/example_dags/example_task_group_decorator.py for tasks to queue
[2026-04-27T23:47:07.797+0000] {logging_mixin.py:188} INFO - [2026-04-27T23:47:07.797+0000] {dagbag.py:540} INFO - Filling up the DagBag from /home/airflow/.local/lib/python3.12/site-packages/airflow/example_dags/example_task_group_decorator.py
[2026-04-27T23:47:07.815+0000] {processor.py:840} INFO - DAG(s) 'example_task_group_decorator' retrieved from /home/airflow/.local/lib/python3.12/site-packages/airflow/example_dags/example_task_group_decorator.py
[2026-04-27T23:47:07.846+0000] {logging_mixin.py:188} INFO - [2026-04-27T23:47:07.846+0000] {dag.py:3096} INFO - Sync 1 DAGs
[2026-04-27T23:47:08.091+0000] {logging_mixin.py:188} INFO - [2026-04-27T23:47:08.091+0000] {dag.py:3954} INFO - Setting next_dagrun for example_task_group_decorator to 2026-04-26 00:00:00+00:00, run_after=2026-04-27 00:00:00+00:00
[2026-04-27T23:47:08.122+0000] {processor.py:183} INFO - Processing /home/airflow/.local/lib/python3.12/site-packages/airflow/example_dags/example_task_group_decorator.py took 0.336 seconds
[2026-04-27T23:47:38.516+0000] {processor.py:161} INFO - Started process (PID=1995) to work on /home/airflow/.local/lib/python3.12/site-packages/airflow/example_dags/example_task_group_decorator.py
[2026-04-27T23:47:38.518+0000] {processor.py:830} INFO - Processing file /home/airflow/.local/lib/python3.12/site-packages/airflow/example_dags/example_task_group_decorator.py for tasks to queue
[2026-04-27T23:47:38.521+0000] {logging_mixin.py:188} INFO - [2026-04-27T23:47:38.520+0000] {dagbag.py:540} INFO - Filling up the DagBag from /home/airflow/.local/lib/python3.12/site-packages/airflow/example_dags/example_task_group_decorator.py
[2026-04-27T23:47:38.544+0000] {processor.py:840} INFO - DAG(s) 'example_task_group_decorator' retrieved from /home/airflow/.local/lib/python3.12/site-packages/airflow/example_dags/example_task_group_decorator.py
[2026-04-27T23:47:38.807+0000] {logging_mixin.py:188} INFO - [2026-04-27T23:47:38.806+0000] {dag.py:3096} INFO - Sync 1 DAGs
[2026-04-27T23:47:38.851+0000] {logging_mixin.py:188} INFO - [2026-04-27T23:47:38.850+0000] {dag.py:3954} INFO - Setting next_dagrun for example_task_group_decorator to 2026-04-26 00:00:00+00:00, run_after=2026-04-27 00:00:00+00:00
[2026-04-27T23:47:38.906+0000] {processor.py:183} INFO - Processing /home/airflow/.local/lib/python3.12/site-packages/airflow/example_dags/example_task_group_decorator.py took 0.399 seconds
[2026-04-27T23:48:09.208+0000] {processor.py:161} INFO - Started process (PID=2058) to work on /home/airflow/.local/lib/python3.12/site-packages/airflow/example_dags/example_task_group_decorator.py
[2026-04-27T23:48:09.210+0000] {processor.py:830} INFO - Processing file /home/airflow/.local/lib/python3.12/site-packages/airflow/example_dags/example_task_group_decorator.py for tasks to queue
[2026-04-27T23:48:09.212+0000] {logging_mixin.py:188} INFO - [2026-04-27T23:48:09.212+0000] {dagbag.py:540} INFO - Filling up the DagBag from /home/airflow/.local/lib/python3.12/site-packages/airflow/example_dags/example_task_group_decorator.py
[2026-04-27T23:48:09.227+0000] {processor.py:840} INFO - DAG(s) 'example_task_group_decorator' retrieved from /home/airflow/.local/lib/python3.12/site-packages/airflow/example_dags/example_task_group_decorator.py
[2026-04-27T23:48:09.256+0000] {logging_mixin.py:188} INFO - [2026-04-27T23:48:09.255+0000] {dag.py:3096} INFO - Sync 1 DAGs
[2026-04-27T23:48:09.279+0000] {logging_mixin.py:188} INFO - [2026-04-27T23:48:09.279+0000] {dag.py:3954} INFO - Setting next_dagrun for example_task_group_decorator to 2026-04-26 00:00:00+00:00, run_after=2026-04-27 00:00:00+00:00
[2026-04-27T23:48:09.300+0000] {processor.py:183} INFO - Processing /home/airflow/.local/lib/python3.12/site-packages/airflow/example_dags/example_task_group_decorator.py took 0.098 seconds
[2026-04-27T23:48:39.503+0000] {processor.py:161} INFO - Started process (PID=2117) to work on /home/airflow/.local/lib/python3.12/site-packages/airflow/example_dags/example_task_group_decorator.py
[2026-04-27T23:48:39.505+0000] {processor.py:830} INFO - Processing file /home/airflow/.local/lib/python3.12/site-packages/airflow/example_dags/example_task_group_decorator.py for tasks to queue
[2026-04-27T23:48:39.508+0000] {logging_mixin.py:188} INFO - [2026-04-27T23:48:39.507+0000] {dagbag.py:540} INFO - Filling up the DagBag from /home/airflow/.local/lib/python3.12/site-packages/airflow/example_dags/example_task_group_decorator.py
[2026-04-27T23:48:39.532+0000] {processor.py:840} INFO - DAG(s) 'example_task_group_decorator' retrieved from /home/airflow/.local/lib/python3.12/site-packages/airflow/example_dags/example_task_group_decorator.py
[2026-04-27T23:48:39.564+0000] {logging_mixin.py:188} INFO - [2026-04-27T23:48:39.564+0000] {dag.py:3096} INFO - Sync 1 DAGs
[2026-04-27T23:48:39.589+0000] {logging_mixin.py:188} INFO - [2026-04-27T23:48:39.589+0000] {dag.py:3954} INFO - Setting next_dagrun for example_task_group_decorator to 2026-04-26 00:00:00+00:00, run_after=2026-04-27 00:00:00+00:00
[2026-04-27T23:48:39.640+0000] {processor.py:183} INFO - Processing /home/airflow/.local/lib/python3.12/site-packages/airflow/example_dags/example_task_group_decorator.py took 0.144 seconds
[2026-04-27T23:49:10.156+0000] {processor.py:161} INFO - Started process (PID=2176) to work on /home/airflow/.local/lib/python3.12/site-packages/airflow/example_dags/example_task_group_decorator.py
[2026-04-27T23:49:10.159+0000] {processor.py:830} INFO - Processing file /home/airflow/.local/lib/python3.12/site-packages/airflow/example_dags/example_task_group_decorator.py for tasks to queue
[2026-04-27T23:49:10.163+0000] {logging_mixin.py:188} INFO - [2026-04-27T23:49:10.162+0000] {dagbag.py:540} INFO - Filling up the DagBag from /home/airflow/.local/lib/python3.12/site-packages/airflow/example_dags/example_task_group_decorator.py
[2026-04-27T23:49:10.187+0000] {processor.py:840} INFO - DAG(s) 'example_task_group_decorator' retrieved from /home/airflow/.local/lib/python3.12/site-packages/airflow/example_dags/example_task_group_decorator.py
[2026-04-27T23:49:10.232+0000] {logging_mixin.py:188} INFO - [2026-04-27T23:49:10.231+0000] {dag.py:3096} INFO - Sync 1 DAGs
[2026-04-27T23:49:10.272+0000] {logging_mixin.py:188} INFO - [2026-04-27T23:49:10.271+0000] {dag.py:3954} INFO - Setting next_dagrun for example_task_group_decorator to 2026-04-26 00:00:00+00:00, run_after=2026-04-27 00:00:00+00:00
[2026-04-27T23:49:10.297+0000] {processor.py:183} INFO - Processing /home/airflow/.local/lib/python3.12/site-packages/airflow/example_dags/example_task_group_decorator.py took 0.154 seconds
[2026-04-27T23:49:40.499+0000] {processor.py:161} INFO - Started process (PID=2235) to work on /home/airflow/.local/lib/python3.12/site-packages/airflow/example_dags/example_task_group_decorator.py
[2026-04-27T23:49:40.501+0000] {processor.py:830} INFO - Processing file /home/airflow/.local/lib/python3.12/site-packages/airflow/example_dags/example_task_group_decorator.py for tasks to queue
[2026-04-27T23:49:40.504+0000] {logging_mixin.py:188} INFO - [2026-04-27T23:49:40.503+0000] {dagbag.py:540} INFO - Filling up the DagBag from /home/airflow/.local/lib/python3.12/site-packages/airflow/example_dags/example_task_group_decorator.py
[2026-04-27T23:49:40.527+0000] {processor.py:840} INFO - DAG(s) 'example_task_group_decorator' retrieved from /home/airflow/.local/lib/python3.12/site-packages/airflow/example_dags/example_task_group_decorator.py
[2026-04-27T23:49:40.559+0000] {logging_mixin.py:188} INFO - [2026-04-27T23:49:40.559+0000] {dag.py:3096} INFO - Sync 1 DAGs
[2026-04-27T23:49:40.585+0000] {logging_mixin.py:188} INFO - [2026-04-27T23:49:40.585+0000] {dag.py:3954} INFO - Setting next_dagrun for example_task_group_decorator to 2026-04-26 00:00:00+00:00, run_after=2026-04-27 00:00:00+00:00
[2026-04-27T23:49:40.609+0000] {processor.py:183} INFO - Processing /home/airflow/.local/lib/python3.12/site-packages/airflow/example_dags/example_task_group_decorator.py took 0.121 seconds
[2026-04-27T23:50:11.035+0000] {processor.py:161} INFO - Started process (PID=2294) to work on /home/airflow/.local/lib/python3.12/site-packages/airflow/example_dags/example_task_group_decorator.py
[2026-04-27T23:50:11.037+0000] {processor.py:830} INFO - Processing file /home/airflow/.local/lib/python3.12/site-packages/airflow/example_dags/example_task_group_decorator.py for tasks to queue
[2026-04-27T23:50:11.039+0000] {logging_mixin.py:188} INFO - [2026-04-27T23:50:11.039+0000] {dagbag.py:540} INFO - Filling up the DagBag from /home/airflow/.local/lib/python3.12/site-packages/airflow/example_dags/example_task_group_decorator.py
[2026-04-27T23:50:11.054+0000] {processor.py:840} INFO - DAG(s) 'example_task_group_decorator' retrieved from /home/airflow/.local/lib/python3.12/site-packages/airflow/example_dags/example_task_group_decorator.py
[2026-04-27T23:50:11.082+0000] {logging_mixin.py:188} INFO - [2026-04-27T23:50:11.082+0000] {dag.py:3096} INFO - Sync 1 DAGs
[2026-04-27T23:50:11.105+0000] {logging_mixin.py:188} INFO - [2026-04-27T23:50:11.105+0000] {dag.py:3954} INFO - Setting next_dagrun for example_task_group_decorator to 2026-04-26 00:00:00+00:00, run_after=2026-04-27 00:00:00+00:00
[2026-04-27T23:50:11.126+0000] {processor.py:183} INFO - Processing /home/airflow/.local/lib/python3.12/site-packages/airflow/example_dags/example_task_group_decorator.py took 0.097 seconds
[2026-04-27T23:58:35.197+0000] {processor.py:161} INFO - Started process (PID=100) to work on /home/airflow/.local/lib/python3.12/site-packages/airflow/example_dags/example_task_group_decorator.py
[2026-04-27T23:58:35.223+0000] {processor.py:830} INFO - Processing file /home/airflow/.local/lib/python3.12/site-packages/airflow/example_dags/example_task_group_decorator.py for tasks to queue
[2026-04-27T23:58:35.226+0000] {logging_mixin.py:188} INFO - [2026-04-27T23:58:35.225+0000] {dagbag.py:540} INFO - Filling up the DagBag from /home/airflow/.local/lib/python3.12/site-packages/airflow/example_dags/example_task_group_decorator.py
[2026-04-27T23:58:35.242+0000] {processor.py:840} INFO - DAG(s) 'example_task_group_decorator' retrieved from /home/airflow/.local/lib/python3.12/site-packages/airflow/example_dags/example_task_group_decorator.py
[2026-04-27T23:58:35.360+0000] {logging_mixin.py:188} INFO - [2026-04-27T23:58:35.359+0000] {dag.py:3096} INFO - Sync 1 DAGs
[2026-04-27T23:58:35.378+0000] {logging_mixin.py:188} INFO - [2026-04-27T23:58:35.378+0000] {dag.py:3954} INFO - Setting next_dagrun for example_task_group_decorator to 2026-04-26 00:00:00+00:00, run_after=2026-04-27 00:00:00+00:00
[2026-04-27T23:58:35.401+0000] {processor.py:183} INFO - Processing /home/airflow/.local/lib/python3.12/site-packages/airflow/example_dags/example_task_group_decorator.py took 0.211 seconds
[2026-04-27T23:59:48.751+0000] {processor.py:161} INFO - Started process (PID=94) to work on /home/airflow/.local/lib/python3.12/site-packages/airflow/example_dags/example_task_group_decorator.py
[2026-04-27T23:59:48.782+0000] {processor.py:830} INFO - Processing file /home/airflow/.local/lib/python3.12/site-packages/airflow/example_dags/example_task_group_decorator.py for tasks to queue
[2026-04-27T23:59:48.791+0000] {logging_mixin.py:188} INFO - [2026-04-27T23:59:48.790+0000] {dagbag.py:540} INFO - Filling up the DagBag from /home/airflow/.local/lib/python3.12/site-packages/airflow/example_dags/example_task_group_decorator.py
[2026-04-27T23:59:48.820+0000] {processor.py:840} INFO - DAG(s) 'example_task_group_decorator' retrieved from /home/airflow/.local/lib/python3.12/site-packages/airflow/example_dags/example_task_group_decorator.py
[2026-04-27T23:59:48.854+0000] {logging_mixin.py:188} INFO - [2026-04-27T23:59:48.853+0000] {dag.py:3096} INFO - Sync 1 DAGs
[2026-04-27T23:59:48.879+0000] {logging_mixin.py:188} INFO - [2026-04-27T23:59:48.879+0000] {dag.py:3954} INFO - Setting next_dagrun for example_task_group_decorator to 2026-04-26 00:00:00+00:00, run_after=2026-04-27 00:00:00+00:00
[2026-04-27T23:59:48.900+0000] {processor.py:183} INFO - Processing /home/airflow/.local/lib/python3.12/site-packages/airflow/example_dags/example_task_group_decorator.py took 0.155 seconds
