[2026-04-27T23:30:19.727+0000] {processor.py:161} INFO - Started process (PID=97) to work on /home/airflow/.local/lib/python3.12/site-packages/airflow/example_dags/example_skip_dag.py
[2026-04-27T23:30:19.729+0000] {processor.py:830} INFO - Processing file /home/airflow/.local/lib/python3.12/site-packages/airflow/example_dags/example_skip_dag.py for tasks to queue
[2026-04-27T23:30:19.732+0000] {logging_mixin.py:188} INFO - [2026-04-27T23:30:19.731+0000] {dagbag.py:540} INFO - Filling up the DagBag from /home/airflow/.local/lib/python3.12/site-packages/airflow/example_dags/example_skip_dag.py
[2026-04-27T23:30:20.121+0000] {processor.py:840} INFO - DAG(s) 'example_skip_dag' retrieved from /home/airflow/.local/lib/python3.12/site-packages/airflow/example_dags/example_skip_dag.py
[2026-04-27T23:30:20.154+0000] {logging_mixin.py:188} INFO - [2026-04-27T23:30:20.153+0000] {dag.py:3096} INFO - Sync 1 DAGs
[2026-04-27T23:30:20.178+0000] {logging_mixin.py:188} INFO - [2026-04-27T23:30:20.177+0000] {dag.py:3954} INFO - Setting next_dagrun for example_skip_dag to 2026-04-26 00:00:00+00:00, run_after=2026-04-27 00:00:00+00:00
[2026-04-27T23:30:20.362+0000] {processor.py:183} INFO - Processing /home/airflow/.local/lib/python3.12/site-packages/airflow/example_dags/example_skip_dag.py took 0.645 seconds
[2026-04-27T23:30:54.730+0000] {processor.py:161} INFO - Started process (PID=156) to work on /home/airflow/.local/lib/python3.12/site-packages/airflow/example_dags/example_skip_dag.py
[2026-04-27T23:30:54.821+0000] {processor.py:830} INFO - Processing file /home/airflow/.local/lib/python3.12/site-packages/airflow/example_dags/example_skip_dag.py for tasks to queue
[2026-04-27T23:30:54.830+0000] {logging_mixin.py:188} INFO - [2026-04-27T23:30:54.828+0000] {dagbag.py:540} INFO - Filling up the DagBag from /home/airflow/.local/lib/python3.12/site-packages/airflow/example_dags/example_skip_dag.py
[2026-04-27T23:30:54.851+0000] {processor.py:840} INFO - DAG(s) 'example_skip_dag' retrieved from /home/airflow/.local/lib/python3.12/site-packages/airflow/example_dags/example_skip_dag.py
[2026-04-27T23:30:55.152+0000] {logging_mixin.py:188} INFO - [2026-04-27T23:30:55.152+0000] {dag.py:3096} INFO - Sync 1 DAGs
[2026-04-27T23:30:55.176+0000] {logging_mixin.py:188} INFO - [2026-04-27T23:30:55.176+0000] {dag.py:3954} INFO - Setting next_dagrun for example_skip_dag to 2026-04-26 00:00:00+00:00, run_after=2026-04-27 00:00:00+00:00
[2026-04-27T23:30:55.196+0000] {processor.py:183} INFO - Processing /home/airflow/.local/lib/python3.12/site-packages/airflow/example_dags/example_skip_dag.py took 0.473 seconds
[2026-04-27T23:32:11.866+0000] {processor.py:161} INFO - Started process (PID=221) to work on /home/airflow/.local/lib/python3.12/site-packages/airflow/example_dags/example_skip_dag.py
[2026-04-27T23:32:13.287+0000] {processor.py:830} INFO - Processing file /home/airflow/.local/lib/python3.12/site-packages/airflow/example_dags/example_skip_dag.py for tasks to queue
[2026-04-27T23:32:13.290+0000] {logging_mixin.py:188} INFO - [2026-04-27T23:32:13.290+0000] {dagbag.py:540} INFO - Filling up the DagBag from /home/airflow/.local/lib/python3.12/site-packages/airflow/example_dags/example_skip_dag.py
[2026-04-27T23:32:13.300+0000] {processor.py:840} INFO - DAG(s) 'example_skip_dag' retrieved from /home/airflow/.local/lib/python3.12/site-packages/airflow/example_dags/example_skip_dag.py
[2026-04-27T23:32:13.781+0000] {logging_mixin.py:188} INFO - [2026-04-27T23:32:13.781+0000] {dag.py:3096} INFO - Sync 1 DAGs
[2026-04-27T23:32:14.078+0000] {logging_mixin.py:188} INFO - [2026-04-27T23:32:14.078+0000] {dag.py:3954} INFO - Setting next_dagrun for example_skip_dag to 2026-04-26 00:00:00+00:00, run_after=2026-04-27 00:00:00+00:00
[2026-04-27T23:32:14.341+0000] {processor.py:183} INFO - Processing /home/airflow/.local/lib/python3.12/site-packages/airflow/example_dags/example_skip_dag.py took 2.489 seconds
[2026-04-27T23:32:49.244+0000] {processor.py:161} INFO - Started process (PID=280) to work on /home/airflow/.local/lib/python3.12/site-packages/airflow/example_dags/example_skip_dag.py
[2026-04-27T23:32:49.408+0000] {processor.py:830} INFO - Processing file /home/airflow/.local/lib/python3.12/site-packages/airflow/example_dags/example_skip_dag.py for tasks to queue
[2026-04-27T23:32:49.908+0000] {logging_mixin.py:188} INFO - [2026-04-27T23:32:49.907+0000] {dagbag.py:540} INFO - Filling up the DagBag from /home/airflow/.local/lib/python3.12/site-packages/airflow/example_dags/example_skip_dag.py
[2026-04-27T23:32:49.916+0000] {processor.py:840} INFO - DAG(s) 'example_skip_dag' retrieved from /home/airflow/.local/lib/python3.12/site-packages/airflow/example_dags/example_skip_dag.py
[2026-04-27T23:32:49.944+0000] {logging_mixin.py:188} INFO - [2026-04-27T23:32:49.943+0000] {dag.py:3096} INFO - Sync 1 DAGs
[2026-04-27T23:32:49.967+0000] {logging_mixin.py:188} INFO - [2026-04-27T23:32:49.966+0000] {dag.py:3954} INFO - Setting next_dagrun for example_skip_dag to 2026-04-26 00:00:00+00:00, run_after=2026-04-27 00:00:00+00:00
[2026-04-27T23:32:49.987+0000] {processor.py:183} INFO - Processing /home/airflow/.local/lib/python3.12/site-packages/airflow/example_dags/example_skip_dag.py took 0.752 seconds
[2026-04-27T23:33:20.277+0000] {processor.py:161} INFO - Started process (PID=340) to work on /home/airflow/.local/lib/python3.12/site-packages/airflow/example_dags/example_skip_dag.py
[2026-04-27T23:33:20.278+0000] {processor.py:830} INFO - Processing file /home/airflow/.local/lib/python3.12/site-packages/airflow/example_dags/example_skip_dag.py for tasks to queue
[2026-04-27T23:33:20.280+0000] {logging_mixin.py:188} INFO - [2026-04-27T23:33:20.280+0000] {dagbag.py:540} INFO - Filling up the DagBag from /home/airflow/.local/lib/python3.12/site-packages/airflow/example_dags/example_skip_dag.py
[2026-04-27T23:33:20.287+0000] {processor.py:840} INFO - DAG(s) 'example_skip_dag' retrieved from /home/airflow/.local/lib/python3.12/site-packages/airflow/example_dags/example_skip_dag.py
[2026-04-27T23:33:20.317+0000] {logging_mixin.py:188} INFO - [2026-04-27T23:33:20.316+0000] {dag.py:3096} INFO - Sync 1 DAGs
[2026-04-27T23:33:20.338+0000] {logging_mixin.py:188} INFO - [2026-04-27T23:33:20.338+0000] {dag.py:3954} INFO - Setting next_dagrun for example_skip_dag to 2026-04-26 00:00:00+00:00, run_after=2026-04-27 00:00:00+00:00
[2026-04-27T23:33:20.360+0000] {processor.py:183} INFO - Processing /home/airflow/.local/lib/python3.12/site-packages/airflow/example_dags/example_skip_dag.py took 0.091 seconds
[2026-04-27T23:33:50.971+0000] {processor.py:161} INFO - Started process (PID=399) to work on /home/airflow/.local/lib/python3.12/site-packages/airflow/example_dags/example_skip_dag.py
[2026-04-27T23:33:50.972+0000] {processor.py:830} INFO - Processing file /home/airflow/.local/lib/python3.12/site-packages/airflow/example_dags/example_skip_dag.py for tasks to queue
[2026-04-27T23:33:50.974+0000] {logging_mixin.py:188} INFO - [2026-04-27T23:33:50.974+0000] {dagbag.py:540} INFO - Filling up the DagBag from /home/airflow/.local/lib/python3.12/site-packages/airflow/example_dags/example_skip_dag.py
[2026-04-27T23:33:50.982+0000] {processor.py:840} INFO - DAG(s) 'example_skip_dag' retrieved from /home/airflow/.local/lib/python3.12/site-packages/airflow/example_dags/example_skip_dag.py
[2026-04-27T23:33:51.013+0000] {logging_mixin.py:188} INFO - [2026-04-27T23:33:51.013+0000] {dag.py:3096} INFO - Sync 1 DAGs
[2026-04-27T23:33:51.041+0000] {logging_mixin.py:188} INFO - [2026-04-27T23:33:51.041+0000] {dag.py:3954} INFO - Setting next_dagrun for example_skip_dag to 2026-04-26 00:00:00+00:00, run_after=2026-04-27 00:00:00+00:00
[2026-04-27T23:33:51.067+0000] {processor.py:183} INFO - Processing /home/airflow/.local/lib/python3.12/site-packages/airflow/example_dags/example_skip_dag.py took 0.102 seconds
[2026-04-27T23:34:21.812+0000] {processor.py:161} INFO - Started process (PID=457) to work on /home/airflow/.local/lib/python3.12/site-packages/airflow/example_dags/example_skip_dag.py
[2026-04-27T23:34:21.813+0000] {processor.py:830} INFO - Processing file /home/airflow/.local/lib/python3.12/site-packages/airflow/example_dags/example_skip_dag.py for tasks to queue
[2026-04-27T23:34:21.816+0000] {logging_mixin.py:188} INFO - [2026-04-27T23:34:21.815+0000] {dagbag.py:540} INFO - Filling up the DagBag from /home/airflow/.local/lib/python3.12/site-packages/airflow/example_dags/example_skip_dag.py
[2026-04-27T23:34:21.823+0000] {processor.py:840} INFO - DAG(s) 'example_skip_dag' retrieved from /home/airflow/.local/lib/python3.12/site-packages/airflow/example_dags/example_skip_dag.py
[2026-04-27T23:34:21.846+0000] {logging_mixin.py:188} INFO - [2026-04-27T23:34:21.845+0000] {dag.py:3096} INFO - Sync 1 DAGs
[2026-04-27T23:34:21.867+0000] {logging_mixin.py:188} INFO - [2026-04-27T23:34:21.867+0000] {dag.py:3954} INFO - Setting next_dagrun for example_skip_dag to 2026-04-26 00:00:00+00:00, run_after=2026-04-27 00:00:00+00:00
[2026-04-27T23:34:21.888+0000] {processor.py:183} INFO - Processing /home/airflow/.local/lib/python3.12/site-packages/airflow/example_dags/example_skip_dag.py took 0.082 seconds
[2026-04-27T23:34:52.519+0000] {processor.py:161} INFO - Started process (PID=516) to work on /home/airflow/.local/lib/python3.12/site-packages/airflow/example_dags/example_skip_dag.py
[2026-04-27T23:34:52.521+0000] {processor.py:830} INFO - Processing file /home/airflow/.local/lib/python3.12/site-packages/airflow/example_dags/example_skip_dag.py for tasks to queue
[2026-04-27T23:34:52.523+0000] {logging_mixin.py:188} INFO - [2026-04-27T23:34:52.523+0000] {dagbag.py:540} INFO - Filling up the DagBag from /home/airflow/.local/lib/python3.12/site-packages/airflow/example_dags/example_skip_dag.py
[2026-04-27T23:34:52.530+0000] {processor.py:840} INFO - DAG(s) 'example_skip_dag' retrieved from /home/airflow/.local/lib/python3.12/site-packages/airflow/example_dags/example_skip_dag.py
[2026-04-27T23:34:52.560+0000] {logging_mixin.py:188} INFO - [2026-04-27T23:34:52.559+0000] {dag.py:3096} INFO - Sync 1 DAGs
[2026-04-27T23:34:52.582+0000] {logging_mixin.py:188} INFO - [2026-04-27T23:34:52.582+0000] {dag.py:3954} INFO - Setting next_dagrun for example_skip_dag to 2026-04-26 00:00:00+00:00, run_after=2026-04-27 00:00:00+00:00
[2026-04-27T23:34:52.605+0000] {processor.py:183} INFO - Processing /home/airflow/.local/lib/python3.12/site-packages/airflow/example_dags/example_skip_dag.py took 0.092 seconds
[2026-04-27T23:35:22.827+0000] {processor.py:161} INFO - Started process (PID=575) to work on /home/airflow/.local/lib/python3.12/site-packages/airflow/example_dags/example_skip_dag.py
[2026-04-27T23:35:22.829+0000] {processor.py:830} INFO - Processing file /home/airflow/.local/lib/python3.12/site-packages/airflow/example_dags/example_skip_dag.py for tasks to queue
[2026-04-27T23:35:22.831+0000] {logging_mixin.py:188} INFO - [2026-04-27T23:35:22.830+0000] {dagbag.py:540} INFO - Filling up the DagBag from /home/airflow/.local/lib/python3.12/site-packages/airflow/example_dags/example_skip_dag.py
[2026-04-27T23:35:22.838+0000] {processor.py:840} INFO - DAG(s) 'example_skip_dag' retrieved from /home/airflow/.local/lib/python3.12/site-packages/airflow/example_dags/example_skip_dag.py
[2026-04-27T23:35:22.861+0000] {logging_mixin.py:188} INFO - [2026-04-27T23:35:22.861+0000] {dag.py:3096} INFO - Sync 1 DAGs
[2026-04-27T23:35:22.884+0000] {logging_mixin.py:188} INFO - [2026-04-27T23:35:22.884+0000] {dag.py:3954} INFO - Setting next_dagrun for example_skip_dag to 2026-04-26 00:00:00+00:00, run_after=2026-04-27 00:00:00+00:00
[2026-04-27T23:35:22.905+0000] {processor.py:183} INFO - Processing /home/airflow/.local/lib/python3.12/site-packages/airflow/example_dags/example_skip_dag.py took 0.084 seconds
[2026-04-27T23:35:53.727+0000] {processor.py:161} INFO - Started process (PID=635) to work on /home/airflow/.local/lib/python3.12/site-packages/airflow/example_dags/example_skip_dag.py
[2026-04-27T23:35:53.729+0000] {processor.py:830} INFO - Processing file /home/airflow/.local/lib/python3.12/site-packages/airflow/example_dags/example_skip_dag.py for tasks to queue
[2026-04-27T23:35:53.731+0000] {logging_mixin.py:188} INFO - [2026-04-27T23:35:53.730+0000] {dagbag.py:540} INFO - Filling up the DagBag from /home/airflow/.local/lib/python3.12/site-packages/airflow/example_dags/example_skip_dag.py
[2026-04-27T23:35:53.739+0000] {processor.py:840} INFO - DAG(s) 'example_skip_dag' retrieved from /home/airflow/.local/lib/python3.12/site-packages/airflow/example_dags/example_skip_dag.py
[2026-04-27T23:35:53.763+0000] {logging_mixin.py:188} INFO - [2026-04-27T23:35:53.763+0000] {dag.py:3096} INFO - Sync 1 DAGs
[2026-04-27T23:35:53.785+0000] {logging_mixin.py:188} INFO - [2026-04-27T23:35:53.784+0000] {dag.py:3954} INFO - Setting next_dagrun for example_skip_dag to 2026-04-26 00:00:00+00:00, run_after=2026-04-27 00:00:00+00:00
[2026-04-27T23:35:53.808+0000] {processor.py:183} INFO - Processing /home/airflow/.local/lib/python3.12/site-packages/airflow/example_dags/example_skip_dag.py took 0.087 seconds
[2026-04-27T23:36:23.898+0000] {processor.py:161} INFO - Started process (PID=694) to work on /home/airflow/.local/lib/python3.12/site-packages/airflow/example_dags/example_skip_dag.py
[2026-04-27T23:36:23.900+0000] {processor.py:830} INFO - Processing file /home/airflow/.local/lib/python3.12/site-packages/airflow/example_dags/example_skip_dag.py for tasks to queue
[2026-04-27T23:36:23.902+0000] {logging_mixin.py:188} INFO - [2026-04-27T23:36:23.902+0000] {dagbag.py:540} INFO - Filling up the DagBag from /home/airflow/.local/lib/python3.12/site-packages/airflow/example_dags/example_skip_dag.py
[2026-04-27T23:36:23.909+0000] {processor.py:840} INFO - DAG(s) 'example_skip_dag' retrieved from /home/airflow/.local/lib/python3.12/site-packages/airflow/example_dags/example_skip_dag.py
[2026-04-27T23:36:23.933+0000] {logging_mixin.py:188} INFO - [2026-04-27T23:36:23.933+0000] {dag.py:3096} INFO - Sync 1 DAGs
[2026-04-27T23:36:23.956+0000] {logging_mixin.py:188} INFO - [2026-04-27T23:36:23.956+0000] {dag.py:3954} INFO - Setting next_dagrun for example_skip_dag to 2026-04-26 00:00:00+00:00, run_after=2026-04-27 00:00:00+00:00
[2026-04-27T23:36:23.976+0000] {processor.py:183} INFO - Processing /home/airflow/.local/lib/python3.12/site-packages/airflow/example_dags/example_skip_dag.py took 0.084 seconds
[2026-04-27T23:36:54.562+0000] {processor.py:161} INFO - Started process (PID=753) to work on /home/airflow/.local/lib/python3.12/site-packages/airflow/example_dags/example_skip_dag.py
[2026-04-27T23:36:54.563+0000] {processor.py:830} INFO - Processing file /home/airflow/.local/lib/python3.12/site-packages/airflow/example_dags/example_skip_dag.py for tasks to queue
[2026-04-27T23:36:54.565+0000] {logging_mixin.py:188} INFO - [2026-04-27T23:36:54.565+0000] {dagbag.py:540} INFO - Filling up the DagBag from /home/airflow/.local/lib/python3.12/site-packages/airflow/example_dags/example_skip_dag.py
[2026-04-27T23:36:54.573+0000] {processor.py:840} INFO - DAG(s) 'example_skip_dag' retrieved from /home/airflow/.local/lib/python3.12/site-packages/airflow/example_dags/example_skip_dag.py
[2026-04-27T23:36:54.604+0000] {logging_mixin.py:188} INFO - [2026-04-27T23:36:54.604+0000] {dag.py:3096} INFO - Sync 1 DAGs
[2026-04-27T23:36:54.629+0000] {logging_mixin.py:188} INFO - [2026-04-27T23:36:54.629+0000] {dag.py:3954} INFO - Setting next_dagrun for example_skip_dag to 2026-04-26 00:00:00+00:00, run_after=2026-04-27 00:00:00+00:00
[2026-04-27T23:36:55.228+0000] {processor.py:183} INFO - Processing /home/airflow/.local/lib/python3.12/site-packages/airflow/example_dags/example_skip_dag.py took 0.673 seconds
[2026-04-27T23:37:26.633+0000] {processor.py:161} INFO - Started process (PID=813) to work on /home/airflow/.local/lib/python3.12/site-packages/airflow/example_dags/example_skip_dag.py
[2026-04-27T23:37:26.634+0000] {processor.py:830} INFO - Processing file /home/airflow/.local/lib/python3.12/site-packages/airflow/example_dags/example_skip_dag.py for tasks to queue
[2026-04-27T23:37:26.637+0000] {logging_mixin.py:188} INFO - [2026-04-27T23:37:26.637+0000] {dagbag.py:540} INFO - Filling up the DagBag from /home/airflow/.local/lib/python3.12/site-packages/airflow/example_dags/example_skip_dag.py
[2026-04-27T23:37:26.646+0000] {processor.py:840} INFO - DAG(s) 'example_skip_dag' retrieved from /home/airflow/.local/lib/python3.12/site-packages/airflow/example_dags/example_skip_dag.py
[2026-04-27T23:37:26.672+0000] {logging_mixin.py:188} INFO - [2026-04-27T23:37:26.671+0000] {dag.py:3096} INFO - Sync 1 DAGs
[2026-04-27T23:37:26.697+0000] {logging_mixin.py:188} INFO - [2026-04-27T23:37:26.697+0000] {dag.py:3954} INFO - Setting next_dagrun for example_skip_dag to 2026-04-26 00:00:00+00:00, run_after=2026-04-27 00:00:00+00:00
[2026-04-27T23:37:26.720+0000] {processor.py:183} INFO - Processing /home/airflow/.local/lib/python3.12/site-packages/airflow/example_dags/example_skip_dag.py took 0.096 seconds
[2026-04-27T23:37:56.834+0000] {processor.py:161} INFO - Started process (PID=872) to work on /home/airflow/.local/lib/python3.12/site-packages/airflow/example_dags/example_skip_dag.py
[2026-04-27T23:37:56.835+0000] {processor.py:830} INFO - Processing file /home/airflow/.local/lib/python3.12/site-packages/airflow/example_dags/example_skip_dag.py for tasks to queue
[2026-04-27T23:37:56.839+0000] {logging_mixin.py:188} INFO - [2026-04-27T23:37:56.838+0000] {dagbag.py:540} INFO - Filling up the DagBag from /home/airflow/.local/lib/python3.12/site-packages/airflow/example_dags/example_skip_dag.py
[2026-04-27T23:37:56.849+0000] {processor.py:840} INFO - DAG(s) 'example_skip_dag' retrieved from /home/airflow/.local/lib/python3.12/site-packages/airflow/example_dags/example_skip_dag.py
[2026-04-27T23:37:56.891+0000] {logging_mixin.py:188} INFO - [2026-04-27T23:37:56.891+0000] {dag.py:3096} INFO - Sync 1 DAGs
[2026-04-27T23:37:56.923+0000] {logging_mixin.py:188} INFO - [2026-04-27T23:37:56.923+0000] {dag.py:3954} INFO - Setting next_dagrun for example_skip_dag to 2026-04-26 00:00:00+00:00, run_after=2026-04-27 00:00:00+00:00
[2026-04-27T23:37:56.952+0000] {processor.py:183} INFO - Processing /home/airflow/.local/lib/python3.12/site-packages/airflow/example_dags/example_skip_dag.py took 0.124 seconds
[2026-04-27T23:38:29.602+0000] {processor.py:161} INFO - Started process (PID=931) to work on /home/airflow/.local/lib/python3.12/site-packages/airflow/example_dags/example_skip_dag.py
[2026-04-27T23:38:29.603+0000] {processor.py:830} INFO - Processing file /home/airflow/.local/lib/python3.12/site-packages/airflow/example_dags/example_skip_dag.py for tasks to queue
[2026-04-27T23:38:29.606+0000] {logging_mixin.py:188} INFO - [2026-04-27T23:38:29.605+0000] {dagbag.py:540} INFO - Filling up the DagBag from /home/airflow/.local/lib/python3.12/site-packages/airflow/example_dags/example_skip_dag.py
[2026-04-27T23:38:29.613+0000] {processor.py:840} INFO - DAG(s) 'example_skip_dag' retrieved from /home/airflow/.local/lib/python3.12/site-packages/airflow/example_dags/example_skip_dag.py
[2026-04-27T23:38:29.636+0000] {logging_mixin.py:188} INFO - [2026-04-27T23:38:29.636+0000] {dag.py:3096} INFO - Sync 1 DAGs
[2026-04-27T23:38:29.662+0000] {logging_mixin.py:188} INFO - [2026-04-27T23:38:29.662+0000] {dag.py:3954} INFO - Setting next_dagrun for example_skip_dag to 2026-04-26 00:00:00+00:00, run_after=2026-04-27 00:00:00+00:00
[2026-04-27T23:38:29.682+0000] {processor.py:183} INFO - Processing /home/airflow/.local/lib/python3.12/site-packages/airflow/example_dags/example_skip_dag.py took 0.086 seconds
[2026-04-27T23:39:00.535+0000] {processor.py:161} INFO - Started process (PID=990) to work on /home/airflow/.local/lib/python3.12/site-packages/airflow/example_dags/example_skip_dag.py
[2026-04-27T23:39:00.537+0000] {processor.py:830} INFO - Processing file /home/airflow/.local/lib/python3.12/site-packages/airflow/example_dags/example_skip_dag.py for tasks to queue
[2026-04-27T23:39:00.541+0000] {logging_mixin.py:188} INFO - [2026-04-27T23:39:00.540+0000] {dagbag.py:540} INFO - Filling up the DagBag from /home/airflow/.local/lib/python3.12/site-packages/airflow/example_dags/example_skip_dag.py
[2026-04-27T23:39:00.550+0000] {processor.py:840} INFO - DAG(s) 'example_skip_dag' retrieved from /home/airflow/.local/lib/python3.12/site-packages/airflow/example_dags/example_skip_dag.py
[2026-04-27T23:39:00.578+0000] {logging_mixin.py:188} INFO - [2026-04-27T23:39:00.578+0000] {dag.py:3096} INFO - Sync 1 DAGs
[2026-04-27T23:39:00.603+0000] {logging_mixin.py:188} INFO - [2026-04-27T23:39:00.603+0000] {dag.py:3954} INFO - Setting next_dagrun for example_skip_dag to 2026-04-26 00:00:00+00:00, run_after=2026-04-27 00:00:00+00:00
[2026-04-27T23:39:00.625+0000] {processor.py:183} INFO - Processing /home/airflow/.local/lib/python3.12/site-packages/airflow/example_dags/example_skip_dag.py took 0.102 seconds
[2026-04-27T23:39:30.679+0000] {processor.py:161} INFO - Started process (PID=1049) to work on /home/airflow/.local/lib/python3.12/site-packages/airflow/example_dags/example_skip_dag.py
[2026-04-27T23:39:30.681+0000] {processor.py:830} INFO - Processing file /home/airflow/.local/lib/python3.12/site-packages/airflow/example_dags/example_skip_dag.py for tasks to queue
[2026-04-27T23:39:30.683+0000] {logging_mixin.py:188} INFO - [2026-04-27T23:39:30.683+0000] {dagbag.py:540} INFO - Filling up the DagBag from /home/airflow/.local/lib/python3.12/site-packages/airflow/example_dags/example_skip_dag.py
[2026-04-27T23:39:30.691+0000] {processor.py:840} INFO - DAG(s) 'example_skip_dag' retrieved from /home/airflow/.local/lib/python3.12/site-packages/airflow/example_dags/example_skip_dag.py
[2026-04-27T23:39:30.722+0000] {logging_mixin.py:188} INFO - [2026-04-27T23:39:30.722+0000] {dag.py:3096} INFO - Sync 1 DAGs
[2026-04-27T23:39:30.747+0000] {logging_mixin.py:188} INFO - [2026-04-27T23:39:30.747+0000] {dag.py:3954} INFO - Setting next_dagrun for example_skip_dag to 2026-04-26 00:00:00+00:00, run_after=2026-04-27 00:00:00+00:00
[2026-04-27T23:39:30.769+0000] {processor.py:183} INFO - Processing /home/airflow/.local/lib/python3.12/site-packages/airflow/example_dags/example_skip_dag.py took 0.098 seconds
[2026-04-27T23:40:01.103+0000] {processor.py:161} INFO - Started process (PID=1108) to work on /home/airflow/.local/lib/python3.12/site-packages/airflow/example_dags/example_skip_dag.py
[2026-04-27T23:40:01.104+0000] {processor.py:830} INFO - Processing file /home/airflow/.local/lib/python3.12/site-packages/airflow/example_dags/example_skip_dag.py for tasks to queue
[2026-04-27T23:40:01.107+0000] {logging_mixin.py:188} INFO - [2026-04-27T23:40:01.106+0000] {dagbag.py:540} INFO - Filling up the DagBag from /home/airflow/.local/lib/python3.12/site-packages/airflow/example_dags/example_skip_dag.py
[2026-04-27T23:40:01.115+0000] {processor.py:840} INFO - DAG(s) 'example_skip_dag' retrieved from /home/airflow/.local/lib/python3.12/site-packages/airflow/example_dags/example_skip_dag.py
[2026-04-27T23:40:01.145+0000] {logging_mixin.py:188} INFO - [2026-04-27T23:40:01.144+0000] {dag.py:3096} INFO - Sync 1 DAGs
[2026-04-27T23:40:01.169+0000] {logging_mixin.py:188} INFO - [2026-04-27T23:40:01.169+0000] {dag.py:3954} INFO - Setting next_dagrun for example_skip_dag to 2026-04-26 00:00:00+00:00, run_after=2026-04-27 00:00:00+00:00
[2026-04-27T23:40:01.351+0000] {processor.py:183} INFO - Processing /home/airflow/.local/lib/python3.12/site-packages/airflow/example_dags/example_skip_dag.py took 0.255 seconds
[2026-04-27T23:40:31.566+0000] {processor.py:161} INFO - Started process (PID=1167) to work on /home/airflow/.local/lib/python3.12/site-packages/airflow/example_dags/example_skip_dag.py
[2026-04-27T23:40:31.567+0000] {processor.py:830} INFO - Processing file /home/airflow/.local/lib/python3.12/site-packages/airflow/example_dags/example_skip_dag.py for tasks to queue
[2026-04-27T23:40:31.569+0000] {logging_mixin.py:188} INFO - [2026-04-27T23:40:31.569+0000] {dagbag.py:540} INFO - Filling up the DagBag from /home/airflow/.local/lib/python3.12/site-packages/airflow/example_dags/example_skip_dag.py
[2026-04-27T23:40:31.577+0000] {processor.py:840} INFO - DAG(s) 'example_skip_dag' retrieved from /home/airflow/.local/lib/python3.12/site-packages/airflow/example_dags/example_skip_dag.py
[2026-04-27T23:40:31.604+0000] {logging_mixin.py:188} INFO - [2026-04-27T23:40:31.604+0000] {dag.py:3096} INFO - Sync 1 DAGs
[2026-04-27T23:40:31.628+0000] {logging_mixin.py:188} INFO - [2026-04-27T23:40:31.628+0000] {dag.py:3954} INFO - Setting next_dagrun for example_skip_dag to 2026-04-26 00:00:00+00:00, run_after=2026-04-27 00:00:00+00:00
[2026-04-27T23:40:31.648+0000] {processor.py:183} INFO - Processing /home/airflow/.local/lib/python3.12/site-packages/airflow/example_dags/example_skip_dag.py took 0.089 seconds
[2026-04-27T23:41:01.851+0000] {processor.py:161} INFO - Started process (PID=1226) to work on /home/airflow/.local/lib/python3.12/site-packages/airflow/example_dags/example_skip_dag.py
[2026-04-27T23:41:01.853+0000] {processor.py:830} INFO - Processing file /home/airflow/.local/lib/python3.12/site-packages/airflow/example_dags/example_skip_dag.py for tasks to queue
[2026-04-27T23:41:01.855+0000] {logging_mixin.py:188} INFO - [2026-04-27T23:41:01.855+0000] {dagbag.py:540} INFO - Filling up the DagBag from /home/airflow/.local/lib/python3.12/site-packages/airflow/example_dags/example_skip_dag.py
[2026-04-27T23:41:01.863+0000] {processor.py:840} INFO - DAG(s) 'example_skip_dag' retrieved from /home/airflow/.local/lib/python3.12/site-packages/airflow/example_dags/example_skip_dag.py
[2026-04-27T23:41:01.886+0000] {logging_mixin.py:188} INFO - [2026-04-27T23:41:01.886+0000] {dag.py:3096} INFO - Sync 1 DAGs
[2026-04-27T23:41:01.910+0000] {logging_mixin.py:188} INFO - [2026-04-27T23:41:01.909+0000] {dag.py:3954} INFO - Setting next_dagrun for example_skip_dag to 2026-04-26 00:00:00+00:00, run_after=2026-04-27 00:00:00+00:00
[2026-04-27T23:41:01.997+0000] {processor.py:183} INFO - Processing /home/airflow/.local/lib/python3.12/site-packages/airflow/example_dags/example_skip_dag.py took 0.153 seconds
[2026-04-27T23:41:32.307+0000] {processor.py:161} INFO - Started process (PID=1285) to work on /home/airflow/.local/lib/python3.12/site-packages/airflow/example_dags/example_skip_dag.py
[2026-04-27T23:41:32.308+0000] {processor.py:830} INFO - Processing file /home/airflow/.local/lib/python3.12/site-packages/airflow/example_dags/example_skip_dag.py for tasks to queue
[2026-04-27T23:41:32.311+0000] {logging_mixin.py:188} INFO - [2026-04-27T23:41:32.310+0000] {dagbag.py:540} INFO - Filling up the DagBag from /home/airflow/.local/lib/python3.12/site-packages/airflow/example_dags/example_skip_dag.py
[2026-04-27T23:41:32.318+0000] {processor.py:840} INFO - DAG(s) 'example_skip_dag' retrieved from /home/airflow/.local/lib/python3.12/site-packages/airflow/example_dags/example_skip_dag.py
[2026-04-27T23:41:32.342+0000] {logging_mixin.py:188} INFO - [2026-04-27T23:41:32.341+0000] {dag.py:3096} INFO - Sync 1 DAGs
[2026-04-27T23:41:32.511+0000] {logging_mixin.py:188} INFO - [2026-04-27T23:41:32.511+0000] {dag.py:3954} INFO - Setting next_dagrun for example_skip_dag to 2026-04-26 00:00:00+00:00, run_after=2026-04-27 00:00:00+00:00
[2026-04-27T23:41:32.547+0000] {processor.py:183} INFO - Processing /home/airflow/.local/lib/python3.12/site-packages/airflow/example_dags/example_skip_dag.py took 0.247 seconds
[2026-04-27T23:42:02.866+0000] {processor.py:161} INFO - Started process (PID=1344) to work on /home/airflow/.local/lib/python3.12/site-packages/airflow/example_dags/example_skip_dag.py
[2026-04-27T23:42:02.868+0000] {processor.py:830} INFO - Processing file /home/airflow/.local/lib/python3.12/site-packages/airflow/example_dags/example_skip_dag.py for tasks to queue
[2026-04-27T23:42:02.871+0000] {logging_mixin.py:188} INFO - [2026-04-27T23:42:02.871+0000] {dagbag.py:540} INFO - Filling up the DagBag from /home/airflow/.local/lib/python3.12/site-packages/airflow/example_dags/example_skip_dag.py
[2026-04-27T23:42:02.882+0000] {processor.py:840} INFO - DAG(s) 'example_skip_dag' retrieved from /home/airflow/.local/lib/python3.12/site-packages/airflow/example_dags/example_skip_dag.py
[2026-04-27T23:42:02.913+0000] {logging_mixin.py:188} INFO - [2026-04-27T23:42:02.913+0000] {dag.py:3096} INFO - Sync 1 DAGs
[2026-04-27T23:42:02.947+0000] {logging_mixin.py:188} INFO - [2026-04-27T23:42:02.947+0000] {dag.py:3954} INFO - Setting next_dagrun for example_skip_dag to 2026-04-26 00:00:00+00:00, run_after=2026-04-27 00:00:00+00:00
[2026-04-27T23:42:03.204+0000] {processor.py:183} INFO - Processing /home/airflow/.local/lib/python3.12/site-packages/airflow/example_dags/example_skip_dag.py took 0.353 seconds
[2026-04-27T23:42:33.274+0000] {processor.py:161} INFO - Started process (PID=1403) to work on /home/airflow/.local/lib/python3.12/site-packages/airflow/example_dags/example_skip_dag.py
[2026-04-27T23:42:33.275+0000] {processor.py:830} INFO - Processing file /home/airflow/.local/lib/python3.12/site-packages/airflow/example_dags/example_skip_dag.py for tasks to queue
[2026-04-27T23:42:33.279+0000] {logging_mixin.py:188} INFO - [2026-04-27T23:42:33.279+0000] {dagbag.py:540} INFO - Filling up the DagBag from /home/airflow/.local/lib/python3.12/site-packages/airflow/example_dags/example_skip_dag.py
[2026-04-27T23:42:33.286+0000] {processor.py:840} INFO - DAG(s) 'example_skip_dag' retrieved from /home/airflow/.local/lib/python3.12/site-packages/airflow/example_dags/example_skip_dag.py
[2026-04-27T23:42:33.319+0000] {logging_mixin.py:188} INFO - [2026-04-27T23:42:33.318+0000] {dag.py:3096} INFO - Sync 1 DAGs
[2026-04-27T23:42:33.351+0000] {logging_mixin.py:188} INFO - [2026-04-27T23:42:33.351+0000] {dag.py:3954} INFO - Setting next_dagrun for example_skip_dag to 2026-04-26 00:00:00+00:00, run_after=2026-04-27 00:00:00+00:00
[2026-04-27T23:42:33.376+0000] {processor.py:183} INFO - Processing /home/airflow/.local/lib/python3.12/site-packages/airflow/example_dags/example_skip_dag.py took 0.109 seconds
[2026-04-27T23:43:03.574+0000] {processor.py:161} INFO - Started process (PID=1462) to work on /home/airflow/.local/lib/python3.12/site-packages/airflow/example_dags/example_skip_dag.py
[2026-04-27T23:43:03.575+0000] {processor.py:830} INFO - Processing file /home/airflow/.local/lib/python3.12/site-packages/airflow/example_dags/example_skip_dag.py for tasks to queue
[2026-04-27T23:43:03.578+0000] {logging_mixin.py:188} INFO - [2026-04-27T23:43:03.577+0000] {dagbag.py:540} INFO - Filling up the DagBag from /home/airflow/.local/lib/python3.12/site-packages/airflow/example_dags/example_skip_dag.py
[2026-04-27T23:43:03.585+0000] {processor.py:840} INFO - DAG(s) 'example_skip_dag' retrieved from /home/airflow/.local/lib/python3.12/site-packages/airflow/example_dags/example_skip_dag.py
[2026-04-27T23:43:03.609+0000] {logging_mixin.py:188} INFO - [2026-04-27T23:43:03.609+0000] {dag.py:3096} INFO - Sync 1 DAGs
[2026-04-27T23:43:03.631+0000] {logging_mixin.py:188} INFO - [2026-04-27T23:43:03.631+0000] {dag.py:3954} INFO - Setting next_dagrun for example_skip_dag to 2026-04-26 00:00:00+00:00, run_after=2026-04-27 00:00:00+00:00
[2026-04-27T23:43:03.653+0000] {processor.py:183} INFO - Processing /home/airflow/.local/lib/python3.12/site-packages/airflow/example_dags/example_skip_dag.py took 0.086 seconds
[2026-04-27T23:43:33.730+0000] {processor.py:161} INFO - Started process (PID=1521) to work on /home/airflow/.local/lib/python3.12/site-packages/airflow/example_dags/example_skip_dag.py
[2026-04-27T23:43:33.731+0000] {processor.py:830} INFO - Processing file /home/airflow/.local/lib/python3.12/site-packages/airflow/example_dags/example_skip_dag.py for tasks to queue
[2026-04-27T23:43:33.734+0000] {logging_mixin.py:188} INFO - [2026-04-27T23:43:33.734+0000] {dagbag.py:540} INFO - Filling up the DagBag from /home/airflow/.local/lib/python3.12/site-packages/airflow/example_dags/example_skip_dag.py
[2026-04-27T23:43:33.745+0000] {processor.py:840} INFO - DAG(s) 'example_skip_dag' retrieved from /home/airflow/.local/lib/python3.12/site-packages/airflow/example_dags/example_skip_dag.py
[2026-04-27T23:43:33.782+0000] {logging_mixin.py:188} INFO - [2026-04-27T23:43:33.782+0000] {dag.py:3096} INFO - Sync 1 DAGs
[2026-04-27T23:43:33.819+0000] {logging_mixin.py:188} INFO - [2026-04-27T23:43:33.818+0000] {dag.py:3954} INFO - Setting next_dagrun for example_skip_dag to 2026-04-26 00:00:00+00:00, run_after=2026-04-27 00:00:00+00:00
[2026-04-27T23:43:33.844+0000] {processor.py:183} INFO - Processing /home/airflow/.local/lib/python3.12/site-packages/airflow/example_dags/example_skip_dag.py took 0.121 seconds
[2026-04-27T23:44:04.129+0000] {processor.py:161} INFO - Started process (PID=1580) to work on /home/airflow/.local/lib/python3.12/site-packages/airflow/example_dags/example_skip_dag.py
[2026-04-27T23:44:04.130+0000] {processor.py:830} INFO - Processing file /home/airflow/.local/lib/python3.12/site-packages/airflow/example_dags/example_skip_dag.py for tasks to queue
[2026-04-27T23:44:04.133+0000] {logging_mixin.py:188} INFO - [2026-04-27T23:44:04.132+0000] {dagbag.py:540} INFO - Filling up the DagBag from /home/airflow/.local/lib/python3.12/site-packages/airflow/example_dags/example_skip_dag.py
[2026-04-27T23:44:04.145+0000] {processor.py:840} INFO - DAG(s) 'example_skip_dag' retrieved from /home/airflow/.local/lib/python3.12/site-packages/airflow/example_dags/example_skip_dag.py
[2026-04-27T23:44:04.175+0000] {logging_mixin.py:188} INFO - [2026-04-27T23:44:04.175+0000] {dag.py:3096} INFO - Sync 1 DAGs
[2026-04-27T23:44:04.208+0000] {logging_mixin.py:188} INFO - [2026-04-27T23:44:04.208+0000] {dag.py:3954} INFO - Setting next_dagrun for example_skip_dag to 2026-04-26 00:00:00+00:00, run_after=2026-04-27 00:00:00+00:00
[2026-04-27T23:44:04.345+0000] {processor.py:183} INFO - Processing /home/airflow/.local/lib/python3.12/site-packages/airflow/example_dags/example_skip_dag.py took 0.223 seconds
[2026-04-27T23:44:34.869+0000] {processor.py:161} INFO - Started process (PID=1639) to work on /home/airflow/.local/lib/python3.12/site-packages/airflow/example_dags/example_skip_dag.py
[2026-04-27T23:44:34.871+0000] {processor.py:830} INFO - Processing file /home/airflow/.local/lib/python3.12/site-packages/airflow/example_dags/example_skip_dag.py for tasks to queue
[2026-04-27T23:44:34.873+0000] {logging_mixin.py:188} INFO - [2026-04-27T23:44:34.873+0000] {dagbag.py:540} INFO - Filling up the DagBag from /home/airflow/.local/lib/python3.12/site-packages/airflow/example_dags/example_skip_dag.py
[2026-04-27T23:44:34.884+0000] {processor.py:840} INFO - DAG(s) 'example_skip_dag' retrieved from /home/airflow/.local/lib/python3.12/site-packages/airflow/example_dags/example_skip_dag.py
[2026-04-27T23:44:34.909+0000] {logging_mixin.py:188} INFO - [2026-04-27T23:44:34.909+0000] {dag.py:3096} INFO - Sync 1 DAGs
[2026-04-27T23:44:34.938+0000] {logging_mixin.py:188} INFO - [2026-04-27T23:44:34.938+0000] {dag.py:3954} INFO - Setting next_dagrun for example_skip_dag to 2026-04-26 00:00:00+00:00, run_after=2026-04-27 00:00:00+00:00
[2026-04-27T23:44:35.005+0000] {processor.py:183} INFO - Processing /home/airflow/.local/lib/python3.12/site-packages/airflow/example_dags/example_skip_dag.py took 0.143 seconds
[2026-04-27T23:45:05.116+0000] {processor.py:161} INFO - Started process (PID=1698) to work on /home/airflow/.local/lib/python3.12/site-packages/airflow/example_dags/example_skip_dag.py
[2026-04-27T23:45:05.117+0000] {processor.py:830} INFO - Processing file /home/airflow/.local/lib/python3.12/site-packages/airflow/example_dags/example_skip_dag.py for tasks to queue
[2026-04-27T23:45:05.120+0000] {logging_mixin.py:188} INFO - [2026-04-27T23:45:05.119+0000] {dagbag.py:540} INFO - Filling up the DagBag from /home/airflow/.local/lib/python3.12/site-packages/airflow/example_dags/example_skip_dag.py
[2026-04-27T23:45:05.127+0000] {processor.py:840} INFO - DAG(s) 'example_skip_dag' retrieved from /home/airflow/.local/lib/python3.12/site-packages/airflow/example_dags/example_skip_dag.py
[2026-04-27T23:45:05.151+0000] {logging_mixin.py:188} INFO - [2026-04-27T23:45:05.151+0000] {dag.py:3096} INFO - Sync 1 DAGs
[2026-04-27T23:45:05.174+0000] {logging_mixin.py:188} INFO - [2026-04-27T23:45:05.174+0000] {dag.py:3954} INFO - Setting next_dagrun for example_skip_dag to 2026-04-26 00:00:00+00:00, run_after=2026-04-27 00:00:00+00:00
[2026-04-27T23:45:05.194+0000] {processor.py:183} INFO - Processing /home/airflow/.local/lib/python3.12/site-packages/airflow/example_dags/example_skip_dag.py took 0.085 seconds
[2026-04-27T23:45:35.358+0000] {processor.py:161} INFO - Started process (PID=1755) to work on /home/airflow/.local/lib/python3.12/site-packages/airflow/example_dags/example_skip_dag.py
[2026-04-27T23:45:35.360+0000] {processor.py:830} INFO - Processing file /home/airflow/.local/lib/python3.12/site-packages/airflow/example_dags/example_skip_dag.py for tasks to queue
[2026-04-27T23:45:35.362+0000] {logging_mixin.py:188} INFO - [2026-04-27T23:45:35.362+0000] {dagbag.py:540} INFO - Filling up the DagBag from /home/airflow/.local/lib/python3.12/site-packages/airflow/example_dags/example_skip_dag.py
[2026-04-27T23:45:35.370+0000] {processor.py:840} INFO - DAG(s) 'example_skip_dag' retrieved from /home/airflow/.local/lib/python3.12/site-packages/airflow/example_dags/example_skip_dag.py
[2026-04-27T23:45:35.394+0000] {logging_mixin.py:188} INFO - [2026-04-27T23:45:35.393+0000] {dag.py:3096} INFO - Sync 1 DAGs
[2026-04-27T23:45:35.417+0000] {logging_mixin.py:188} INFO - [2026-04-27T23:45:35.417+0000] {dag.py:3954} INFO - Setting next_dagrun for example_skip_dag to 2026-04-26 00:00:00+00:00, run_after=2026-04-27 00:00:00+00:00
[2026-04-27T23:45:35.444+0000] {processor.py:183} INFO - Processing /home/airflow/.local/lib/python3.12/site-packages/airflow/example_dags/example_skip_dag.py took 0.093 seconds
[2026-04-27T23:46:05.818+0000] {processor.py:161} INFO - Started process (PID=1814) to work on /home/airflow/.local/lib/python3.12/site-packages/airflow/example_dags/example_skip_dag.py
[2026-04-27T23:46:05.819+0000] {processor.py:830} INFO - Processing file /home/airflow/.local/lib/python3.12/site-packages/airflow/example_dags/example_skip_dag.py for tasks to queue
[2026-04-27T23:46:05.821+0000] {logging_mixin.py:188} INFO - [2026-04-27T23:46:05.821+0000] {dagbag.py:540} INFO - Filling up the DagBag from /home/airflow/.local/lib/python3.12/site-packages/airflow/example_dags/example_skip_dag.py
[2026-04-27T23:46:05.829+0000] {processor.py:840} INFO - DAG(s) 'example_skip_dag' retrieved from /home/airflow/.local/lib/python3.12/site-packages/airflow/example_dags/example_skip_dag.py
[2026-04-27T23:46:05.855+0000] {logging_mixin.py:188} INFO - [2026-04-27T23:46:05.855+0000] {dag.py:3096} INFO - Sync 1 DAGs
[2026-04-27T23:46:05.881+0000] {logging_mixin.py:188} INFO - [2026-04-27T23:46:05.881+0000] {dag.py:3954} INFO - Setting next_dagrun for example_skip_dag to 2026-04-26 00:00:00+00:00, run_after=2026-04-27 00:00:00+00:00
[2026-04-27T23:46:05.901+0000] {processor.py:183} INFO - Processing /home/airflow/.local/lib/python3.12/site-packages/airflow/example_dags/example_skip_dag.py took 0.090 seconds
[2026-04-27T23:46:36.504+0000] {processor.py:161} INFO - Started process (PID=1873) to work on /home/airflow/.local/lib/python3.12/site-packages/airflow/example_dags/example_skip_dag.py
[2026-04-27T23:46:36.505+0000] {processor.py:830} INFO - Processing file /home/airflow/.local/lib/python3.12/site-packages/airflow/example_dags/example_skip_dag.py for tasks to queue
[2026-04-27T23:46:36.508+0000] {logging_mixin.py:188} INFO - [2026-04-27T23:46:36.507+0000] {dagbag.py:540} INFO - Filling up the DagBag from /home/airflow/.local/lib/python3.12/site-packages/airflow/example_dags/example_skip_dag.py
[2026-04-27T23:46:36.518+0000] {processor.py:840} INFO - DAG(s) 'example_skip_dag' retrieved from /home/airflow/.local/lib/python3.12/site-packages/airflow/example_dags/example_skip_dag.py
[2026-04-27T23:46:36.553+0000] {logging_mixin.py:188} INFO - [2026-04-27T23:46:36.553+0000] {dag.py:3096} INFO - Sync 1 DAGs
[2026-04-27T23:46:36.589+0000] {logging_mixin.py:188} INFO - [2026-04-27T23:46:36.589+0000] {dag.py:3954} INFO - Setting next_dagrun for example_skip_dag to 2026-04-26 00:00:00+00:00, run_after=2026-04-27 00:00:00+00:00
[2026-04-27T23:46:36.618+0000] {processor.py:183} INFO - Processing /home/airflow/.local/lib/python3.12/site-packages/airflow/example_dags/example_skip_dag.py took 0.122 seconds
[2026-04-27T23:47:06.919+0000] {processor.py:161} INFO - Started process (PID=1932) to work on /home/airflow/.local/lib/python3.12/site-packages/airflow/example_dags/example_skip_dag.py
[2026-04-27T23:47:06.922+0000] {processor.py:830} INFO - Processing file /home/airflow/.local/lib/python3.12/site-packages/airflow/example_dags/example_skip_dag.py for tasks to queue
[2026-04-27T23:47:06.927+0000] {logging_mixin.py:188} INFO - [2026-04-27T23:47:06.926+0000] {dagbag.py:540} INFO - Filling up the DagBag from /home/airflow/.local/lib/python3.12/site-packages/airflow/example_dags/example_skip_dag.py
[2026-04-27T23:47:06.941+0000] {processor.py:840} INFO - DAG(s) 'example_skip_dag' retrieved from /home/airflow/.local/lib/python3.12/site-packages/airflow/example_dags/example_skip_dag.py
[2026-04-27T23:47:06.998+0000] {logging_mixin.py:188} INFO - [2026-04-27T23:47:06.998+0000] {dag.py:3096} INFO - Sync 1 DAGs
[2026-04-27T23:47:07.059+0000] {logging_mixin.py:188} INFO - [2026-04-27T23:47:07.058+0000] {dag.py:3954} INFO - Setting next_dagrun for example_skip_dag to 2026-04-26 00:00:00+00:00, run_after=2026-04-27 00:00:00+00:00
[2026-04-27T23:47:07.117+0000] {processor.py:183} INFO - Processing /home/airflow/.local/lib/python3.12/site-packages/airflow/example_dags/example_skip_dag.py took 0.206 seconds
[2026-04-27T23:47:37.568+0000] {processor.py:161} INFO - Started process (PID=1991) to work on /home/airflow/.local/lib/python3.12/site-packages/airflow/example_dags/example_skip_dag.py
[2026-04-27T23:47:37.570+0000] {processor.py:830} INFO - Processing file /home/airflow/.local/lib/python3.12/site-packages/airflow/example_dags/example_skip_dag.py for tasks to queue
[2026-04-27T23:47:37.574+0000] {logging_mixin.py:188} INFO - [2026-04-27T23:47:37.573+0000] {dagbag.py:540} INFO - Filling up the DagBag from /home/airflow/.local/lib/python3.12/site-packages/airflow/example_dags/example_skip_dag.py
[2026-04-27T23:47:37.584+0000] {processor.py:840} INFO - DAG(s) 'example_skip_dag' retrieved from /home/airflow/.local/lib/python3.12/site-packages/airflow/example_dags/example_skip_dag.py
[2026-04-27T23:47:37.713+0000] {logging_mixin.py:188} INFO - [2026-04-27T23:47:37.712+0000] {dag.py:3096} INFO - Sync 1 DAGs
[2026-04-27T23:47:37.736+0000] {logging_mixin.py:188} INFO - [2026-04-27T23:47:37.736+0000] {dag.py:3954} INFO - Setting next_dagrun for example_skip_dag to 2026-04-26 00:00:00+00:00, run_after=2026-04-27 00:00:00+00:00
[2026-04-27T23:47:37.840+0000] {processor.py:183} INFO - Processing /home/airflow/.local/lib/python3.12/site-packages/airflow/example_dags/example_skip_dag.py took 0.280 seconds
[2026-04-27T23:48:08.179+0000] {processor.py:161} INFO - Started process (PID=2051) to work on /home/airflow/.local/lib/python3.12/site-packages/airflow/example_dags/example_skip_dag.py
[2026-04-27T23:48:08.180+0000] {processor.py:830} INFO - Processing file /home/airflow/.local/lib/python3.12/site-packages/airflow/example_dags/example_skip_dag.py for tasks to queue
[2026-04-27T23:48:08.182+0000] {logging_mixin.py:188} INFO - [2026-04-27T23:48:08.182+0000] {dagbag.py:540} INFO - Filling up the DagBag from /home/airflow/.local/lib/python3.12/site-packages/airflow/example_dags/example_skip_dag.py
[2026-04-27T23:48:08.190+0000] {processor.py:840} INFO - DAG(s) 'example_skip_dag' retrieved from /home/airflow/.local/lib/python3.12/site-packages/airflow/example_dags/example_skip_dag.py
[2026-04-27T23:48:08.220+0000] {logging_mixin.py:188} INFO - [2026-04-27T23:48:08.220+0000] {dag.py:3096} INFO - Sync 1 DAGs
[2026-04-27T23:48:08.243+0000] {logging_mixin.py:188} INFO - [2026-04-27T23:48:08.243+0000] {dag.py:3954} INFO - Setting next_dagrun for example_skip_dag to 2026-04-26 00:00:00+00:00, run_after=2026-04-27 00:00:00+00:00
[2026-04-27T23:48:08.283+0000] {processor.py:183} INFO - Processing /home/airflow/.local/lib/python3.12/site-packages/airflow/example_dags/example_skip_dag.py took 0.111 seconds
[2026-04-27T23:48:38.369+0000] {processor.py:161} INFO - Started process (PID=2109) to work on /home/airflow/.local/lib/python3.12/site-packages/airflow/example_dags/example_skip_dag.py
[2026-04-27T23:48:38.371+0000] {processor.py:830} INFO - Processing file /home/airflow/.local/lib/python3.12/site-packages/airflow/example_dags/example_skip_dag.py for tasks to queue
[2026-04-27T23:48:38.373+0000] {logging_mixin.py:188} INFO - [2026-04-27T23:48:38.373+0000] {dagbag.py:540} INFO - Filling up the DagBag from /home/airflow/.local/lib/python3.12/site-packages/airflow/example_dags/example_skip_dag.py
[2026-04-27T23:48:38.381+0000] {processor.py:840} INFO - DAG(s) 'example_skip_dag' retrieved from /home/airflow/.local/lib/python3.12/site-packages/airflow/example_dags/example_skip_dag.py
[2026-04-27T23:48:38.405+0000] {logging_mixin.py:188} INFO - [2026-04-27T23:48:38.405+0000] {dag.py:3096} INFO - Sync 1 DAGs
[2026-04-27T23:48:38.428+0000] {logging_mixin.py:188} INFO - [2026-04-27T23:48:38.428+0000] {dag.py:3954} INFO - Setting next_dagrun for example_skip_dag to 2026-04-26 00:00:00+00:00, run_after=2026-04-27 00:00:00+00:00
[2026-04-27T23:48:38.448+0000] {processor.py:183} INFO - Processing /home/airflow/.local/lib/python3.12/site-packages/airflow/example_dags/example_skip_dag.py took 0.086 seconds
[2026-04-27T23:49:08.798+0000] {processor.py:161} INFO - Started process (PID=2168) to work on /home/airflow/.local/lib/python3.12/site-packages/airflow/example_dags/example_skip_dag.py
[2026-04-27T23:49:08.801+0000] {processor.py:830} INFO - Processing file /home/airflow/.local/lib/python3.12/site-packages/airflow/example_dags/example_skip_dag.py for tasks to queue
[2026-04-27T23:49:08.805+0000] {logging_mixin.py:188} INFO - [2026-04-27T23:49:08.804+0000] {dagbag.py:540} INFO - Filling up the DagBag from /home/airflow/.local/lib/python3.12/site-packages/airflow/example_dags/example_skip_dag.py
[2026-04-27T23:49:08.817+0000] {processor.py:840} INFO - DAG(s) 'example_skip_dag' retrieved from /home/airflow/.local/lib/python3.12/site-packages/airflow/example_dags/example_skip_dag.py
[2026-04-27T23:49:08.849+0000] {logging_mixin.py:188} INFO - [2026-04-27T23:49:08.849+0000] {dag.py:3096} INFO - Sync 1 DAGs
[2026-04-27T23:49:08.879+0000] {logging_mixin.py:188} INFO - [2026-04-27T23:49:08.879+0000] {dag.py:3954} INFO - Setting next_dagrun for example_skip_dag to 2026-04-26 00:00:00+00:00, run_after=2026-04-27 00:00:00+00:00
[2026-04-27T23:49:08.905+0000] {processor.py:183} INFO - Processing /home/airflow/.local/lib/python3.12/site-packages/airflow/example_dags/example_skip_dag.py took 0.120 seconds
[2026-04-27T23:49:39.191+0000] {processor.py:161} INFO - Started process (PID=2227) to work on /home/airflow/.local/lib/python3.12/site-packages/airflow/example_dags/example_skip_dag.py
[2026-04-27T23:49:39.193+0000] {processor.py:830} INFO - Processing file /home/airflow/.local/lib/python3.12/site-packages/airflow/example_dags/example_skip_dag.py for tasks to queue
[2026-04-27T23:49:39.195+0000] {logging_mixin.py:188} INFO - [2026-04-27T23:49:39.195+0000] {dagbag.py:540} INFO - Filling up the DagBag from /home/airflow/.local/lib/python3.12/site-packages/airflow/example_dags/example_skip_dag.py
[2026-04-27T23:49:39.205+0000] {processor.py:840} INFO - DAG(s) 'example_skip_dag' retrieved from /home/airflow/.local/lib/python3.12/site-packages/airflow/example_dags/example_skip_dag.py
[2026-04-27T23:49:39.230+0000] {logging_mixin.py:188} INFO - [2026-04-27T23:49:39.230+0000] {dag.py:3096} INFO - Sync 1 DAGs
[2026-04-27T23:49:39.257+0000] {logging_mixin.py:188} INFO - [2026-04-27T23:49:39.257+0000] {dag.py:3954} INFO - Setting next_dagrun for example_skip_dag to 2026-04-26 00:00:00+00:00, run_after=2026-04-27 00:00:00+00:00
[2026-04-27T23:49:39.280+0000] {processor.py:183} INFO - Processing /home/airflow/.local/lib/python3.12/site-packages/airflow/example_dags/example_skip_dag.py took 0.096 seconds
[2026-04-27T23:50:09.380+0000] {processor.py:161} INFO - Started process (PID=2285) to work on /home/airflow/.local/lib/python3.12/site-packages/airflow/example_dags/example_skip_dag.py
[2026-04-27T23:50:09.381+0000] {processor.py:830} INFO - Processing file /home/airflow/.local/lib/python3.12/site-packages/airflow/example_dags/example_skip_dag.py for tasks to queue
[2026-04-27T23:50:09.384+0000] {logging_mixin.py:188} INFO - [2026-04-27T23:50:09.383+0000] {dagbag.py:540} INFO - Filling up the DagBag from /home/airflow/.local/lib/python3.12/site-packages/airflow/example_dags/example_skip_dag.py
[2026-04-27T23:50:09.393+0000] {processor.py:840} INFO - DAG(s) 'example_skip_dag' retrieved from /home/airflow/.local/lib/python3.12/site-packages/airflow/example_dags/example_skip_dag.py
[2026-04-27T23:50:09.680+0000] {logging_mixin.py:188} INFO - [2026-04-27T23:50:09.680+0000] {dag.py:3096} INFO - Sync 1 DAGs
[2026-04-27T23:50:09.702+0000] {logging_mixin.py:188} INFO - [2026-04-27T23:50:09.702+0000] {dag.py:3954} INFO - Setting next_dagrun for example_skip_dag to 2026-04-26 00:00:00+00:00, run_after=2026-04-27 00:00:00+00:00
[2026-04-27T23:50:09.721+0000] {processor.py:183} INFO - Processing /home/airflow/.local/lib/python3.12/site-packages/airflow/example_dags/example_skip_dag.py took 0.351 seconds
[2026-04-27T23:58:34.811+0000] {processor.py:161} INFO - Started process (PID=97) to work on /home/airflow/.local/lib/python3.12/site-packages/airflow/example_dags/example_skip_dag.py
[2026-04-27T23:58:34.835+0000] {processor.py:830} INFO - Processing file /home/airflow/.local/lib/python3.12/site-packages/airflow/example_dags/example_skip_dag.py for tasks to queue
[2026-04-27T23:58:34.837+0000] {logging_mixin.py:188} INFO - [2026-04-27T23:58:34.837+0000] {dagbag.py:540} INFO - Filling up the DagBag from /home/airflow/.local/lib/python3.12/site-packages/airflow/example_dags/example_skip_dag.py
[2026-04-27T23:58:34.845+0000] {processor.py:840} INFO - DAG(s) 'example_skip_dag' retrieved from /home/airflow/.local/lib/python3.12/site-packages/airflow/example_dags/example_skip_dag.py
[2026-04-27T23:58:34.955+0000] {logging_mixin.py:188} INFO - [2026-04-27T23:58:34.954+0000] {dag.py:3096} INFO - Sync 1 DAGs
[2026-04-27T23:58:34.976+0000] {logging_mixin.py:188} INFO - [2026-04-27T23:58:34.976+0000] {dag.py:3954} INFO - Setting next_dagrun for example_skip_dag to 2026-04-26 00:00:00+00:00, run_after=2026-04-27 00:00:00+00:00
[2026-04-27T23:58:34.997+0000] {processor.py:183} INFO - Processing /home/airflow/.local/lib/python3.12/site-packages/airflow/example_dags/example_skip_dag.py took 0.194 seconds
[2026-04-27T23:59:48.298+0000] {processor.py:161} INFO - Started process (PID=91) to work on /home/airflow/.local/lib/python3.12/site-packages/airflow/example_dags/example_skip_dag.py
[2026-04-27T23:59:48.468+0000] {processor.py:830} INFO - Processing file /home/airflow/.local/lib/python3.12/site-packages/airflow/example_dags/example_skip_dag.py for tasks to queue
[2026-04-27T23:59:48.471+0000] {logging_mixin.py:188} INFO - [2026-04-27T23:59:48.471+0000] {dagbag.py:540} INFO - Filling up the DagBag from /home/airflow/.local/lib/python3.12/site-packages/airflow/example_dags/example_skip_dag.py
[2026-04-27T23:59:48.479+0000] {processor.py:840} INFO - DAG(s) 'example_skip_dag' retrieved from /home/airflow/.local/lib/python3.12/site-packages/airflow/example_dags/example_skip_dag.py
[2026-04-27T23:59:48.504+0000] {logging_mixin.py:188} INFO - [2026-04-27T23:59:48.504+0000] {dag.py:3096} INFO - Sync 1 DAGs
[2026-04-27T23:59:48.527+0000] {logging_mixin.py:188} INFO - [2026-04-27T23:59:48.526+0000] {dag.py:3954} INFO - Setting next_dagrun for example_skip_dag to 2026-04-26 00:00:00+00:00, run_after=2026-04-27 00:00:00+00:00
[2026-04-27T23:59:48.551+0000] {processor.py:183} INFO - Processing /home/airflow/.local/lib/python3.12/site-packages/airflow/example_dags/example_skip_dag.py took 0.259 seconds
