[2026-04-27T23:29:59.650+0000] {processor.py:161} INFO - Started process (PID=67) to work on /home/airflow/.local/lib/python3.12/site-packages/airflow/example_dags/example_complex.py
[2026-04-27T23:29:59.652+0000] {processor.py:830} INFO - Processing file /home/airflow/.local/lib/python3.12/site-packages/airflow/example_dags/example_complex.py for tasks to queue
[2026-04-27T23:29:59.661+0000] {logging_mixin.py:188} INFO - [2026-04-27T23:29:59.660+0000] {dagbag.py:540} INFO - Filling up the DagBag from /home/airflow/.local/lib/python3.12/site-packages/airflow/example_dags/example_complex.py
[2026-04-27T23:29:59.699+0000] {processor.py:840} INFO - DAG(s) 'example_complex' retrieved from /home/airflow/.local/lib/python3.12/site-packages/airflow/example_dags/example_complex.py
[2026-04-27T23:29:59.791+0000] {logging_mixin.py:188} INFO - [2026-04-27T23:29:59.791+0000] {dag.py:3096} INFO - Sync 1 DAGs
[2026-04-27T23:29:59.830+0000] {logging_mixin.py:188} INFO - [2026-04-27T23:29:59.830+0000] {dag.py:3954} INFO - Setting next_dagrun for example_complex to None, run_after=None
[2026-04-27T23:29:59.878+0000] {processor.py:183} INFO - Processing /home/airflow/.local/lib/python3.12/site-packages/airflow/example_dags/example_complex.py took 0.239 seconds
[2026-04-27T23:30:39.817+0000] {processor.py:161} INFO - Started process (PID=132) to work on /home/airflow/.local/lib/python3.12/site-packages/airflow/example_dags/example_complex.py
[2026-04-27T23:30:40.330+0000] {processor.py:830} INFO - Processing file /home/airflow/.local/lib/python3.12/site-packages/airflow/example_dags/example_complex.py for tasks to queue
[2026-04-27T23:30:40.722+0000] {logging_mixin.py:188} INFO - [2026-04-27T23:30:40.722+0000] {dagbag.py:540} INFO - Filling up the DagBag from /home/airflow/.local/lib/python3.12/site-packages/airflow/example_dags/example_complex.py
[2026-04-27T23:30:41.247+0000] {processor.py:840} INFO - DAG(s) 'example_complex' retrieved from /home/airflow/.local/lib/python3.12/site-packages/airflow/example_dags/example_complex.py
[2026-04-27T23:30:41.295+0000] {logging_mixin.py:188} INFO - [2026-04-27T23:30:41.294+0000] {dag.py:3096} INFO - Sync 1 DAGs
[2026-04-27T23:30:41.514+0000] {logging_mixin.py:188} INFO - [2026-04-27T23:30:41.514+0000] {dag.py:3954} INFO - Setting next_dagrun for example_complex to None, run_after=None
[2026-04-27T23:30:41.650+0000] {processor.py:183} INFO - Processing /home/airflow/.local/lib/python3.12/site-packages/airflow/example_dags/example_complex.py took 1.839 seconds
[2026-04-27T23:31:22.455+0000] {processor.py:161} INFO - Started process (PID=189) to work on /home/airflow/.local/lib/python3.12/site-packages/airflow/example_dags/example_complex.py
[2026-04-27T23:31:23.182+0000] {processor.py:830} INFO - Processing file /home/airflow/.local/lib/python3.12/site-packages/airflow/example_dags/example_complex.py for tasks to queue
[2026-04-27T23:31:23.186+0000] {logging_mixin.py:188} INFO - [2026-04-27T23:31:23.186+0000] {dagbag.py:540} INFO - Filling up the DagBag from /home/airflow/.local/lib/python3.12/site-packages/airflow/example_dags/example_complex.py
[2026-04-27T23:31:23.206+0000] {processor.py:840} INFO - DAG(s) 'example_complex' retrieved from /home/airflow/.local/lib/python3.12/site-packages/airflow/example_dags/example_complex.py
[2026-04-27T23:31:23.241+0000] {logging_mixin.py:188} INFO - [2026-04-27T23:31:23.241+0000] {dag.py:3096} INFO - Sync 1 DAGs
[2026-04-27T23:31:23.254+0000] {logging_mixin.py:188} INFO - [2026-04-27T23:31:23.254+0000] {dag.py:3954} INFO - Setting next_dagrun for example_complex to None, run_after=None
[2026-04-27T23:31:23.273+0000] {processor.py:183} INFO - Processing /home/airflow/.local/lib/python3.12/site-packages/airflow/example_dags/example_complex.py took 0.824 seconds
[2026-04-27T23:32:25.549+0000] {processor.py:161} INFO - Started process (PID=252) to work on /home/airflow/.local/lib/python3.12/site-packages/airflow/example_dags/example_complex.py
[2026-04-27T23:32:25.550+0000] {processor.py:830} INFO - Processing file /home/airflow/.local/lib/python3.12/site-packages/airflow/example_dags/example_complex.py for tasks to queue
[2026-04-27T23:32:25.553+0000] {logging_mixin.py:188} INFO - [2026-04-27T23:32:25.552+0000] {dagbag.py:540} INFO - Filling up the DagBag from /home/airflow/.local/lib/python3.12/site-packages/airflow/example_dags/example_complex.py
[2026-04-27T23:32:25.565+0000] {processor.py:840} INFO - DAG(s) 'example_complex' retrieved from /home/airflow/.local/lib/python3.12/site-packages/airflow/example_dags/example_complex.py
[2026-04-27T23:32:25.602+0000] {logging_mixin.py:188} INFO - [2026-04-27T23:32:25.602+0000] {dag.py:3096} INFO - Sync 1 DAGs
[2026-04-27T23:32:25.621+0000] {logging_mixin.py:188} INFO - [2026-04-27T23:32:25.620+0000] {dag.py:3954} INFO - Setting next_dagrun for example_complex to None, run_after=None
[2026-04-27T23:32:25.642+0000] {processor.py:183} INFO - Processing /home/airflow/.local/lib/python3.12/site-packages/airflow/example_dags/example_complex.py took 0.100 seconds
[2026-04-27T23:32:56.743+0000] {processor.py:161} INFO - Started process (PID=304) to work on /home/airflow/.local/lib/python3.12/site-packages/airflow/example_dags/example_complex.py
[2026-04-27T23:32:56.744+0000] {processor.py:830} INFO - Processing file /home/airflow/.local/lib/python3.12/site-packages/airflow/example_dags/example_complex.py for tasks to queue
[2026-04-27T23:32:56.746+0000] {logging_mixin.py:188} INFO - [2026-04-27T23:32:56.746+0000] {dagbag.py:540} INFO - Filling up the DagBag from /home/airflow/.local/lib/python3.12/site-packages/airflow/example_dags/example_complex.py
[2026-04-27T23:32:56.758+0000] {processor.py:840} INFO - DAG(s) 'example_complex' retrieved from /home/airflow/.local/lib/python3.12/site-packages/airflow/example_dags/example_complex.py
[2026-04-27T23:32:56.791+0000] {logging_mixin.py:188} INFO - [2026-04-27T23:32:56.791+0000] {dag.py:3096} INFO - Sync 1 DAGs
[2026-04-27T23:32:56.805+0000] {logging_mixin.py:188} INFO - [2026-04-27T23:32:56.805+0000] {dag.py:3954} INFO - Setting next_dagrun for example_complex to None, run_after=None
[2026-04-27T23:32:57.121+0000] {processor.py:183} INFO - Processing /home/airflow/.local/lib/python3.12/site-packages/airflow/example_dags/example_complex.py took 0.384 seconds
[2026-04-27T23:33:27.544+0000] {processor.py:161} INFO - Started process (PID=357) to work on /home/airflow/.local/lib/python3.12/site-packages/airflow/example_dags/example_complex.py
[2026-04-27T23:33:27.545+0000] {processor.py:830} INFO - Processing file /home/airflow/.local/lib/python3.12/site-packages/airflow/example_dags/example_complex.py for tasks to queue
[2026-04-27T23:33:27.548+0000] {logging_mixin.py:188} INFO - [2026-04-27T23:33:27.547+0000] {dagbag.py:540} INFO - Filling up the DagBag from /home/airflow/.local/lib/python3.12/site-packages/airflow/example_dags/example_complex.py
[2026-04-27T23:33:27.558+0000] {processor.py:840} INFO - DAG(s) 'example_complex' retrieved from /home/airflow/.local/lib/python3.12/site-packages/airflow/example_dags/example_complex.py
[2026-04-27T23:33:27.592+0000] {logging_mixin.py:188} INFO - [2026-04-27T23:33:27.592+0000] {dag.py:3096} INFO - Sync 1 DAGs
[2026-04-27T23:33:27.605+0000] {logging_mixin.py:188} INFO - [2026-04-27T23:33:27.605+0000] {dag.py:3954} INFO - Setting next_dagrun for example_complex to None, run_after=None
[2026-04-27T23:33:27.627+0000] {processor.py:183} INFO - Processing /home/airflow/.local/lib/python3.12/site-packages/airflow/example_dags/example_complex.py took 0.089 seconds
[2026-04-27T23:33:58.393+0000] {processor.py:161} INFO - Started process (PID=416) to work on /home/airflow/.local/lib/python3.12/site-packages/airflow/example_dags/example_complex.py
[2026-04-27T23:33:58.394+0000] {processor.py:830} INFO - Processing file /home/airflow/.local/lib/python3.12/site-packages/airflow/example_dags/example_complex.py for tasks to queue
[2026-04-27T23:33:58.396+0000] {logging_mixin.py:188} INFO - [2026-04-27T23:33:58.396+0000] {dagbag.py:540} INFO - Filling up the DagBag from /home/airflow/.local/lib/python3.12/site-packages/airflow/example_dags/example_complex.py
[2026-04-27T23:33:58.407+0000] {processor.py:840} INFO - DAG(s) 'example_complex' retrieved from /home/airflow/.local/lib/python3.12/site-packages/airflow/example_dags/example_complex.py
[2026-04-27T23:33:58.441+0000] {logging_mixin.py:188} INFO - [2026-04-27T23:33:58.440+0000] {dag.py:3096} INFO - Sync 1 DAGs
[2026-04-27T23:33:58.454+0000] {logging_mixin.py:188} INFO - [2026-04-27T23:33:58.453+0000] {dag.py:3954} INFO - Setting next_dagrun for example_complex to None, run_after=None
[2026-04-27T23:33:58.474+0000] {processor.py:183} INFO - Processing /home/airflow/.local/lib/python3.12/site-packages/airflow/example_dags/example_complex.py took 0.087 seconds
[2026-04-27T23:34:30.545+0000] {processor.py:161} INFO - Started process (PID=481) to work on /home/airflow/.local/lib/python3.12/site-packages/airflow/example_dags/example_complex.py
[2026-04-27T23:34:30.547+0000] {processor.py:830} INFO - Processing file /home/airflow/.local/lib/python3.12/site-packages/airflow/example_dags/example_complex.py for tasks to queue
[2026-04-27T23:34:30.549+0000] {logging_mixin.py:188} INFO - [2026-04-27T23:34:30.549+0000] {dagbag.py:540} INFO - Filling up the DagBag from /home/airflow/.local/lib/python3.12/site-packages/airflow/example_dags/example_complex.py
[2026-04-27T23:34:30.560+0000] {processor.py:840} INFO - DAG(s) 'example_complex' retrieved from /home/airflow/.local/lib/python3.12/site-packages/airflow/example_dags/example_complex.py
[2026-04-27T23:34:30.594+0000] {logging_mixin.py:188} INFO - [2026-04-27T23:34:30.593+0000] {dag.py:3096} INFO - Sync 1 DAGs
[2026-04-27T23:34:30.607+0000] {logging_mixin.py:188} INFO - [2026-04-27T23:34:30.606+0000] {dag.py:3954} INFO - Setting next_dagrun for example_complex to None, run_after=None
[2026-04-27T23:34:30.626+0000] {processor.py:183} INFO - Processing /home/airflow/.local/lib/python3.12/site-packages/airflow/example_dags/example_complex.py took 0.087 seconds
[2026-04-27T23:35:00.967+0000] {processor.py:161} INFO - Started process (PID=536) to work on /home/airflow/.local/lib/python3.12/site-packages/airflow/example_dags/example_complex.py
[2026-04-27T23:35:00.968+0000] {processor.py:830} INFO - Processing file /home/airflow/.local/lib/python3.12/site-packages/airflow/example_dags/example_complex.py for tasks to queue
[2026-04-27T23:35:00.971+0000] {logging_mixin.py:188} INFO - [2026-04-27T23:35:00.970+0000] {dagbag.py:540} INFO - Filling up the DagBag from /home/airflow/.local/lib/python3.12/site-packages/airflow/example_dags/example_complex.py
[2026-04-27T23:35:00.981+0000] {processor.py:840} INFO - DAG(s) 'example_complex' retrieved from /home/airflow/.local/lib/python3.12/site-packages/airflow/example_dags/example_complex.py
[2026-04-27T23:35:01.015+0000] {logging_mixin.py:188} INFO - [2026-04-27T23:35:01.015+0000] {dag.py:3096} INFO - Sync 1 DAGs
[2026-04-27T23:35:01.029+0000] {logging_mixin.py:188} INFO - [2026-04-27T23:35:01.029+0000] {dag.py:3954} INFO - Setting next_dagrun for example_complex to None, run_after=None
[2026-04-27T23:35:01.050+0000] {processor.py:183} INFO - Processing /home/airflow/.local/lib/python3.12/site-packages/airflow/example_dags/example_complex.py took 0.089 seconds
[2026-04-27T23:35:31.180+0000] {processor.py:161} INFO - Started process (PID=589) to work on /home/airflow/.local/lib/python3.12/site-packages/airflow/example_dags/example_complex.py
[2026-04-27T23:35:31.181+0000] {processor.py:830} INFO - Processing file /home/airflow/.local/lib/python3.12/site-packages/airflow/example_dags/example_complex.py for tasks to queue
[2026-04-27T23:35:31.184+0000] {logging_mixin.py:188} INFO - [2026-04-27T23:35:31.183+0000] {dagbag.py:540} INFO - Filling up the DagBag from /home/airflow/.local/lib/python3.12/site-packages/airflow/example_dags/example_complex.py
[2026-04-27T23:35:31.197+0000] {processor.py:840} INFO - DAG(s) 'example_complex' retrieved from /home/airflow/.local/lib/python3.12/site-packages/airflow/example_dags/example_complex.py
[2026-04-27T23:35:31.233+0000] {logging_mixin.py:188} INFO - [2026-04-27T23:35:31.233+0000] {dag.py:3096} INFO - Sync 1 DAGs
[2026-04-27T23:35:31.249+0000] {logging_mixin.py:188} INFO - [2026-04-27T23:35:31.248+0000] {dag.py:3954} INFO - Setting next_dagrun for example_complex to None, run_after=None
[2026-04-27T23:35:31.273+0000] {processor.py:183} INFO - Processing /home/airflow/.local/lib/python3.12/site-packages/airflow/example_dags/example_complex.py took 0.099 seconds
[2026-04-27T23:36:02.612+0000] {processor.py:161} INFO - Started process (PID=654) to work on /home/airflow/.local/lib/python3.12/site-packages/airflow/example_dags/example_complex.py
[2026-04-27T23:36:02.613+0000] {processor.py:830} INFO - Processing file /home/airflow/.local/lib/python3.12/site-packages/airflow/example_dags/example_complex.py for tasks to queue
[2026-04-27T23:36:02.615+0000] {logging_mixin.py:188} INFO - [2026-04-27T23:36:02.615+0000] {dagbag.py:540} INFO - Filling up the DagBag from /home/airflow/.local/lib/python3.12/site-packages/airflow/example_dags/example_complex.py
[2026-04-27T23:36:02.626+0000] {processor.py:840} INFO - DAG(s) 'example_complex' retrieved from /home/airflow/.local/lib/python3.12/site-packages/airflow/example_dags/example_complex.py
[2026-04-27T23:36:02.659+0000] {logging_mixin.py:188} INFO - [2026-04-27T23:36:02.659+0000] {dag.py:3096} INFO - Sync 1 DAGs
[2026-04-27T23:36:02.672+0000] {logging_mixin.py:188} INFO - [2026-04-27T23:36:02.672+0000] {dag.py:3954} INFO - Setting next_dagrun for example_complex to None, run_after=None
[2026-04-27T23:36:02.693+0000] {processor.py:183} INFO - Processing /home/airflow/.local/lib/python3.12/site-packages/airflow/example_dags/example_complex.py took 0.087 seconds
[2026-04-27T23:36:34.122+0000] {processor.py:161} INFO - Started process (PID=712) to work on /home/airflow/.local/lib/python3.12/site-packages/airflow/example_dags/example_complex.py
[2026-04-27T23:36:34.124+0000] {processor.py:830} INFO - Processing file /home/airflow/.local/lib/python3.12/site-packages/airflow/example_dags/example_complex.py for tasks to queue
[2026-04-27T23:36:34.127+0000] {logging_mixin.py:188} INFO - [2026-04-27T23:36:34.126+0000] {dagbag.py:540} INFO - Filling up the DagBag from /home/airflow/.local/lib/python3.12/site-packages/airflow/example_dags/example_complex.py
[2026-04-27T23:36:34.138+0000] {processor.py:840} INFO - DAG(s) 'example_complex' retrieved from /home/airflow/.local/lib/python3.12/site-packages/airflow/example_dags/example_complex.py
[2026-04-27T23:36:34.187+0000] {logging_mixin.py:188} INFO - [2026-04-27T23:36:34.187+0000] {dag.py:3096} INFO - Sync 1 DAGs
[2026-04-27T23:36:34.201+0000] {logging_mixin.py:188} INFO - [2026-04-27T23:36:34.200+0000] {dag.py:3954} INFO - Setting next_dagrun for example_complex to None, run_after=None
[2026-04-27T23:36:34.422+0000] {processor.py:183} INFO - Processing /home/airflow/.local/lib/python3.12/site-packages/airflow/example_dags/example_complex.py took 0.308 seconds
[2026-04-27T23:37:04.489+0000] {processor.py:161} INFO - Started process (PID=771) to work on /home/airflow/.local/lib/python3.12/site-packages/airflow/example_dags/example_complex.py
[2026-04-27T23:37:04.490+0000] {processor.py:830} INFO - Processing file /home/airflow/.local/lib/python3.12/site-packages/airflow/example_dags/example_complex.py for tasks to queue
[2026-04-27T23:37:04.492+0000] {logging_mixin.py:188} INFO - [2026-04-27T23:37:04.492+0000] {dagbag.py:540} INFO - Filling up the DagBag from /home/airflow/.local/lib/python3.12/site-packages/airflow/example_dags/example_complex.py
[2026-04-27T23:37:04.503+0000] {processor.py:840} INFO - DAG(s) 'example_complex' retrieved from /home/airflow/.local/lib/python3.12/site-packages/airflow/example_dags/example_complex.py
[2026-04-27T23:37:04.538+0000] {logging_mixin.py:188} INFO - [2026-04-27T23:37:04.537+0000] {dag.py:3096} INFO - Sync 1 DAGs
[2026-04-27T23:37:04.552+0000] {logging_mixin.py:188} INFO - [2026-04-27T23:37:04.551+0000] {dag.py:3954} INFO - Setting next_dagrun for example_complex to None, run_after=None
[2026-04-27T23:37:04.583+0000] {processor.py:183} INFO - Processing /home/airflow/.local/lib/python3.12/site-packages/airflow/example_dags/example_complex.py took 0.100 seconds
[2026-04-27T23:37:35.041+0000] {processor.py:161} INFO - Started process (PID=830) to work on /home/airflow/.local/lib/python3.12/site-packages/airflow/example_dags/example_complex.py
[2026-04-27T23:37:35.042+0000] {processor.py:830} INFO - Processing file /home/airflow/.local/lib/python3.12/site-packages/airflow/example_dags/example_complex.py for tasks to queue
[2026-04-27T23:37:35.045+0000] {logging_mixin.py:188} INFO - [2026-04-27T23:37:35.044+0000] {dagbag.py:540} INFO - Filling up the DagBag from /home/airflow/.local/lib/python3.12/site-packages/airflow/example_dags/example_complex.py
[2026-04-27T23:37:35.056+0000] {processor.py:840} INFO - DAG(s) 'example_complex' retrieved from /home/airflow/.local/lib/python3.12/site-packages/airflow/example_dags/example_complex.py
[2026-04-27T23:37:35.092+0000] {logging_mixin.py:188} INFO - [2026-04-27T23:37:35.092+0000] {dag.py:3096} INFO - Sync 1 DAGs
[2026-04-27T23:37:35.106+0000] {logging_mixin.py:188} INFO - [2026-04-27T23:37:35.106+0000] {dag.py:3954} INFO - Setting next_dagrun for example_complex to None, run_after=None
[2026-04-27T23:37:35.127+0000] {processor.py:183} INFO - Processing /home/airflow/.local/lib/python3.12/site-packages/airflow/example_dags/example_complex.py took 0.092 seconds
[2026-04-27T23:38:05.839+0000] {processor.py:161} INFO - Started process (PID=889) to work on /home/airflow/.local/lib/python3.12/site-packages/airflow/example_dags/example_complex.py
[2026-04-27T23:38:05.841+0000] {processor.py:830} INFO - Processing file /home/airflow/.local/lib/python3.12/site-packages/airflow/example_dags/example_complex.py for tasks to queue
[2026-04-27T23:38:05.844+0000] {logging_mixin.py:188} INFO - [2026-04-27T23:38:05.844+0000] {dagbag.py:540} INFO - Filling up the DagBag from /home/airflow/.local/lib/python3.12/site-packages/airflow/example_dags/example_complex.py
[2026-04-27T23:38:05.865+0000] {processor.py:840} INFO - DAG(s) 'example_complex' retrieved from /home/airflow/.local/lib/python3.12/site-packages/airflow/example_dags/example_complex.py
[2026-04-27T23:38:05.923+0000] {logging_mixin.py:188} INFO - [2026-04-27T23:38:05.923+0000] {dag.py:3096} INFO - Sync 1 DAGs
[2026-04-27T23:38:06.000+0000] {logging_mixin.py:188} INFO - [2026-04-27T23:38:05.999+0000] {dag.py:3954} INFO - Setting next_dagrun for example_complex to None, run_after=None
[2026-04-27T23:38:06.027+0000] {processor.py:183} INFO - Processing /home/airflow/.local/lib/python3.12/site-packages/airflow/example_dags/example_complex.py took 0.198 seconds
[2026-04-27T23:38:36.493+0000] {processor.py:161} INFO - Started process (PID=948) to work on /home/airflow/.local/lib/python3.12/site-packages/airflow/example_dags/example_complex.py
[2026-04-27T23:38:36.494+0000] {processor.py:830} INFO - Processing file /home/airflow/.local/lib/python3.12/site-packages/airflow/example_dags/example_complex.py for tasks to queue
[2026-04-27T23:38:36.496+0000] {logging_mixin.py:188} INFO - [2026-04-27T23:38:36.496+0000] {dagbag.py:540} INFO - Filling up the DagBag from /home/airflow/.local/lib/python3.12/site-packages/airflow/example_dags/example_complex.py
[2026-04-27T23:38:36.507+0000] {processor.py:840} INFO - DAG(s) 'example_complex' retrieved from /home/airflow/.local/lib/python3.12/site-packages/airflow/example_dags/example_complex.py
[2026-04-27T23:38:37.309+0000] {logging_mixin.py:188} INFO - [2026-04-27T23:38:37.309+0000] {dag.py:3096} INFO - Sync 1 DAGs
[2026-04-27T23:38:37.335+0000] {logging_mixin.py:188} INFO - [2026-04-27T23:38:37.334+0000] {dag.py:3954} INFO - Setting next_dagrun for example_complex to None, run_after=None
[2026-04-27T23:38:37.368+0000] {processor.py:183} INFO - Processing /home/airflow/.local/lib/python3.12/site-packages/airflow/example_dags/example_complex.py took 0.882 seconds
[2026-04-27T23:39:08.028+0000] {processor.py:161} INFO - Started process (PID=1007) to work on /home/airflow/.local/lib/python3.12/site-packages/airflow/example_dags/example_complex.py
[2026-04-27T23:39:08.030+0000] {processor.py:830} INFO - Processing file /home/airflow/.local/lib/python3.12/site-packages/airflow/example_dags/example_complex.py for tasks to queue
[2026-04-27T23:39:08.032+0000] {logging_mixin.py:188} INFO - [2026-04-27T23:39:08.032+0000] {dagbag.py:540} INFO - Filling up the DagBag from /home/airflow/.local/lib/python3.12/site-packages/airflow/example_dags/example_complex.py
[2026-04-27T23:39:08.044+0000] {processor.py:840} INFO - DAG(s) 'example_complex' retrieved from /home/airflow/.local/lib/python3.12/site-packages/airflow/example_dags/example_complex.py
[2026-04-27T23:39:08.078+0000] {logging_mixin.py:188} INFO - [2026-04-27T23:39:08.078+0000] {dag.py:3096} INFO - Sync 1 DAGs
[2026-04-27T23:39:08.091+0000] {logging_mixin.py:188} INFO - [2026-04-27T23:39:08.091+0000] {dag.py:3954} INFO - Setting next_dagrun for example_complex to None, run_after=None
[2026-04-27T23:39:08.112+0000] {processor.py:183} INFO - Processing /home/airflow/.local/lib/python3.12/site-packages/airflow/example_dags/example_complex.py took 0.091 seconds
[2026-04-27T23:39:38.223+0000] {processor.py:161} INFO - Started process (PID=1066) to work on /home/airflow/.local/lib/python3.12/site-packages/airflow/example_dags/example_complex.py
[2026-04-27T23:39:38.224+0000] {processor.py:830} INFO - Processing file /home/airflow/.local/lib/python3.12/site-packages/airflow/example_dags/example_complex.py for tasks to queue
[2026-04-27T23:39:38.227+0000] {logging_mixin.py:188} INFO - [2026-04-27T23:39:38.226+0000] {dagbag.py:540} INFO - Filling up the DagBag from /home/airflow/.local/lib/python3.12/site-packages/airflow/example_dags/example_complex.py
[2026-04-27T23:39:38.238+0000] {processor.py:840} INFO - DAG(s) 'example_complex' retrieved from /home/airflow/.local/lib/python3.12/site-packages/airflow/example_dags/example_complex.py
[2026-04-27T23:39:38.272+0000] {logging_mixin.py:188} INFO - [2026-04-27T23:39:38.271+0000] {dag.py:3096} INFO - Sync 1 DAGs
[2026-04-27T23:39:38.286+0000] {logging_mixin.py:188} INFO - [2026-04-27T23:39:38.285+0000] {dag.py:3954} INFO - Setting next_dagrun for example_complex to None, run_after=None
[2026-04-27T23:39:38.401+0000] {processor.py:183} INFO - Processing /home/airflow/.local/lib/python3.12/site-packages/airflow/example_dags/example_complex.py took 0.186 seconds
[2026-04-27T23:40:08.715+0000] {processor.py:161} INFO - Started process (PID=1125) to work on /home/airflow/.local/lib/python3.12/site-packages/airflow/example_dags/example_complex.py
[2026-04-27T23:40:08.717+0000] {processor.py:830} INFO - Processing file /home/airflow/.local/lib/python3.12/site-packages/airflow/example_dags/example_complex.py for tasks to queue
[2026-04-27T23:40:08.719+0000] {logging_mixin.py:188} INFO - [2026-04-27T23:40:08.719+0000] {dagbag.py:540} INFO - Filling up the DagBag from /home/airflow/.local/lib/python3.12/site-packages/airflow/example_dags/example_complex.py
[2026-04-27T23:40:08.730+0000] {processor.py:840} INFO - DAG(s) 'example_complex' retrieved from /home/airflow/.local/lib/python3.12/site-packages/airflow/example_dags/example_complex.py
[2026-04-27T23:40:08.765+0000] {logging_mixin.py:188} INFO - [2026-04-27T23:40:08.765+0000] {dag.py:3096} INFO - Sync 1 DAGs
[2026-04-27T23:40:08.949+0000] {logging_mixin.py:188} INFO - [2026-04-27T23:40:08.949+0000] {dag.py:3954} INFO - Setting next_dagrun for example_complex to None, run_after=None
[2026-04-27T23:40:08.973+0000] {processor.py:183} INFO - Processing /home/airflow/.local/lib/python3.12/site-packages/airflow/example_dags/example_complex.py took 0.265 seconds
[2026-04-27T23:40:39.333+0000] {processor.py:161} INFO - Started process (PID=1184) to work on /home/airflow/.local/lib/python3.12/site-packages/airflow/example_dags/example_complex.py
[2026-04-27T23:40:39.335+0000] {processor.py:830} INFO - Processing file /home/airflow/.local/lib/python3.12/site-packages/airflow/example_dags/example_complex.py for tasks to queue
[2026-04-27T23:40:39.338+0000] {logging_mixin.py:188} INFO - [2026-04-27T23:40:39.337+0000] {dagbag.py:540} INFO - Filling up the DagBag from /home/airflow/.local/lib/python3.12/site-packages/airflow/example_dags/example_complex.py
[2026-04-27T23:40:39.350+0000] {processor.py:840} INFO - DAG(s) 'example_complex' retrieved from /home/airflow/.local/lib/python3.12/site-packages/airflow/example_dags/example_complex.py
[2026-04-27T23:40:39.388+0000] {logging_mixin.py:188} INFO - [2026-04-27T23:40:39.388+0000] {dag.py:3096} INFO - Sync 1 DAGs
[2026-04-27T23:40:39.402+0000] {logging_mixin.py:188} INFO - [2026-04-27T23:40:39.402+0000] {dag.py:3954} INFO - Setting next_dagrun for example_complex to None, run_after=None
[2026-04-27T23:40:39.423+0000] {processor.py:183} INFO - Processing /home/airflow/.local/lib/python3.12/site-packages/airflow/example_dags/example_complex.py took 0.097 seconds
[2026-04-27T23:41:09.770+0000] {processor.py:161} INFO - Started process (PID=1243) to work on /home/airflow/.local/lib/python3.12/site-packages/airflow/example_dags/example_complex.py
[2026-04-27T23:41:09.772+0000] {processor.py:830} INFO - Processing file /home/airflow/.local/lib/python3.12/site-packages/airflow/example_dags/example_complex.py for tasks to queue
[2026-04-27T23:41:09.775+0000] {logging_mixin.py:188} INFO - [2026-04-27T23:41:09.774+0000] {dagbag.py:540} INFO - Filling up the DagBag from /home/airflow/.local/lib/python3.12/site-packages/airflow/example_dags/example_complex.py
[2026-04-27T23:41:09.791+0000] {processor.py:840} INFO - DAG(s) 'example_complex' retrieved from /home/airflow/.local/lib/python3.12/site-packages/airflow/example_dags/example_complex.py
[2026-04-27T23:41:09.879+0000] {logging_mixin.py:188} INFO - [2026-04-27T23:41:09.877+0000] {dag.py:3096} INFO - Sync 1 DAGs
[2026-04-27T23:41:09.909+0000] {logging_mixin.py:188} INFO - [2026-04-27T23:41:09.909+0000] {dag.py:3954} INFO - Setting next_dagrun for example_complex to None, run_after=None
[2026-04-27T23:41:09.950+0000] {processor.py:183} INFO - Processing /home/airflow/.local/lib/python3.12/site-packages/airflow/example_dags/example_complex.py took 0.190 seconds
[2026-04-27T23:41:40.467+0000] {processor.py:161} INFO - Started process (PID=1302) to work on /home/airflow/.local/lib/python3.12/site-packages/airflow/example_dags/example_complex.py
[2026-04-27T23:41:40.468+0000] {processor.py:830} INFO - Processing file /home/airflow/.local/lib/python3.12/site-packages/airflow/example_dags/example_complex.py for tasks to queue
[2026-04-27T23:41:40.471+0000] {logging_mixin.py:188} INFO - [2026-04-27T23:41:40.470+0000] {dagbag.py:540} INFO - Filling up the DagBag from /home/airflow/.local/lib/python3.12/site-packages/airflow/example_dags/example_complex.py
[2026-04-27T23:41:40.482+0000] {processor.py:840} INFO - DAG(s) 'example_complex' retrieved from /home/airflow/.local/lib/python3.12/site-packages/airflow/example_dags/example_complex.py
[2026-04-27T23:41:40.516+0000] {logging_mixin.py:188} INFO - [2026-04-27T23:41:40.516+0000] {dag.py:3096} INFO - Sync 1 DAGs
[2026-04-27T23:41:40.530+0000] {logging_mixin.py:188} INFO - [2026-04-27T23:41:40.530+0000] {dag.py:3954} INFO - Setting next_dagrun for example_complex to None, run_after=None
[2026-04-27T23:41:41.101+0000] {processor.py:183} INFO - Processing /home/airflow/.local/lib/python3.12/site-packages/airflow/example_dags/example_complex.py took 0.641 seconds
[2026-04-27T23:42:11.211+0000] {processor.py:161} INFO - Started process (PID=1361) to work on /home/airflow/.local/lib/python3.12/site-packages/airflow/example_dags/example_complex.py
[2026-04-27T23:42:11.213+0000] {processor.py:830} INFO - Processing file /home/airflow/.local/lib/python3.12/site-packages/airflow/example_dags/example_complex.py for tasks to queue
[2026-04-27T23:42:11.216+0000] {logging_mixin.py:188} INFO - [2026-04-27T23:42:11.215+0000] {dagbag.py:540} INFO - Filling up the DagBag from /home/airflow/.local/lib/python3.12/site-packages/airflow/example_dags/example_complex.py
[2026-04-27T23:42:11.227+0000] {processor.py:840} INFO - DAG(s) 'example_complex' retrieved from /home/airflow/.local/lib/python3.12/site-packages/airflow/example_dags/example_complex.py
[2026-04-27T23:42:11.266+0000] {logging_mixin.py:188} INFO - [2026-04-27T23:42:11.266+0000] {dag.py:3096} INFO - Sync 1 DAGs
[2026-04-27T23:42:11.281+0000] {logging_mixin.py:188} INFO - [2026-04-27T23:42:11.281+0000] {dag.py:3954} INFO - Setting next_dagrun for example_complex to None, run_after=None
[2026-04-27T23:42:11.546+0000] {processor.py:183} INFO - Processing /home/airflow/.local/lib/python3.12/site-packages/airflow/example_dags/example_complex.py took 0.342 seconds
[2026-04-27T23:42:41.919+0000] {processor.py:161} INFO - Started process (PID=1420) to work on /home/airflow/.local/lib/python3.12/site-packages/airflow/example_dags/example_complex.py
[2026-04-27T23:42:41.921+0000] {processor.py:830} INFO - Processing file /home/airflow/.local/lib/python3.12/site-packages/airflow/example_dags/example_complex.py for tasks to queue
[2026-04-27T23:42:41.923+0000] {logging_mixin.py:188} INFO - [2026-04-27T23:42:41.923+0000] {dagbag.py:540} INFO - Filling up the DagBag from /home/airflow/.local/lib/python3.12/site-packages/airflow/example_dags/example_complex.py
[2026-04-27T23:42:41.936+0000] {processor.py:840} INFO - DAG(s) 'example_complex' retrieved from /home/airflow/.local/lib/python3.12/site-packages/airflow/example_dags/example_complex.py
[2026-04-27T23:42:41.974+0000] {logging_mixin.py:188} INFO - [2026-04-27T23:42:41.974+0000] {dag.py:3096} INFO - Sync 1 DAGs
[2026-04-27T23:42:41.989+0000] {logging_mixin.py:188} INFO - [2026-04-27T23:42:41.988+0000] {dag.py:3954} INFO - Setting next_dagrun for example_complex to None, run_after=None
[2026-04-27T23:42:42.026+0000] {processor.py:183} INFO - Processing /home/airflow/.local/lib/python3.12/site-packages/airflow/example_dags/example_complex.py took 0.115 seconds
[2026-04-27T23:43:12.471+0000] {processor.py:161} INFO - Started process (PID=1479) to work on /home/airflow/.local/lib/python3.12/site-packages/airflow/example_dags/example_complex.py
[2026-04-27T23:43:12.473+0000] {processor.py:830} INFO - Processing file /home/airflow/.local/lib/python3.12/site-packages/airflow/example_dags/example_complex.py for tasks to queue
[2026-04-27T23:43:12.476+0000] {logging_mixin.py:188} INFO - [2026-04-27T23:43:12.476+0000] {dagbag.py:540} INFO - Filling up the DagBag from /home/airflow/.local/lib/python3.12/site-packages/airflow/example_dags/example_complex.py
[2026-04-27T23:43:12.496+0000] {processor.py:840} INFO - DAG(s) 'example_complex' retrieved from /home/airflow/.local/lib/python3.12/site-packages/airflow/example_dags/example_complex.py
[2026-04-27T23:43:12.532+0000] {logging_mixin.py:188} INFO - [2026-04-27T23:43:12.532+0000] {dag.py:3096} INFO - Sync 1 DAGs
[2026-04-27T23:43:12.547+0000] {logging_mixin.py:188} INFO - [2026-04-27T23:43:12.547+0000] {dag.py:3954} INFO - Setting next_dagrun for example_complex to None, run_after=None
[2026-04-27T23:43:12.571+0000] {processor.py:183} INFO - Processing /home/airflow/.local/lib/python3.12/site-packages/airflow/example_dags/example_complex.py took 0.109 seconds
[2026-04-27T23:43:42.870+0000] {processor.py:161} INFO - Started process (PID=1538) to work on /home/airflow/.local/lib/python3.12/site-packages/airflow/example_dags/example_complex.py
[2026-04-27T23:43:42.872+0000] {processor.py:830} INFO - Processing file /home/airflow/.local/lib/python3.12/site-packages/airflow/example_dags/example_complex.py for tasks to queue
[2026-04-27T23:43:42.876+0000] {logging_mixin.py:188} INFO - [2026-04-27T23:43:42.876+0000] {dagbag.py:540} INFO - Filling up the DagBag from /home/airflow/.local/lib/python3.12/site-packages/airflow/example_dags/example_complex.py
[2026-04-27T23:43:42.892+0000] {processor.py:840} INFO - DAG(s) 'example_complex' retrieved from /home/airflow/.local/lib/python3.12/site-packages/airflow/example_dags/example_complex.py
[2026-04-27T23:43:42.932+0000] {logging_mixin.py:188} INFO - [2026-04-27T23:43:42.932+0000] {dag.py:3096} INFO - Sync 1 DAGs
[2026-04-27T23:43:42.947+0000] {logging_mixin.py:188} INFO - [2026-04-27T23:43:42.947+0000] {dag.py:3954} INFO - Setting next_dagrun for example_complex to None, run_after=None
[2026-04-27T23:43:42.974+0000] {processor.py:183} INFO - Processing /home/airflow/.local/lib/python3.12/site-packages/airflow/example_dags/example_complex.py took 0.113 seconds
[2026-04-27T23:44:13.139+0000] {processor.py:161} INFO - Started process (PID=1597) to work on /home/airflow/.local/lib/python3.12/site-packages/airflow/example_dags/example_complex.py
[2026-04-27T23:44:13.140+0000] {processor.py:830} INFO - Processing file /home/airflow/.local/lib/python3.12/site-packages/airflow/example_dags/example_complex.py for tasks to queue
[2026-04-27T23:44:13.142+0000] {logging_mixin.py:188} INFO - [2026-04-27T23:44:13.142+0000] {dagbag.py:540} INFO - Filling up the DagBag from /home/airflow/.local/lib/python3.12/site-packages/airflow/example_dags/example_complex.py
[2026-04-27T23:44:13.155+0000] {processor.py:840} INFO - DAG(s) 'example_complex' retrieved from /home/airflow/.local/lib/python3.12/site-packages/airflow/example_dags/example_complex.py
[2026-04-27T23:44:13.196+0000] {logging_mixin.py:188} INFO - [2026-04-27T23:44:13.196+0000] {dag.py:3096} INFO - Sync 1 DAGs
[2026-04-27T23:44:13.212+0000] {logging_mixin.py:188} INFO - [2026-04-27T23:44:13.212+0000] {dag.py:3954} INFO - Setting next_dagrun for example_complex to None, run_after=None
[2026-04-27T23:44:13.240+0000] {processor.py:183} INFO - Processing /home/airflow/.local/lib/python3.12/site-packages/airflow/example_dags/example_complex.py took 0.109 seconds
[2026-04-27T23:44:43.813+0000] {processor.py:161} INFO - Started process (PID=1656) to work on /home/airflow/.local/lib/python3.12/site-packages/airflow/example_dags/example_complex.py
[2026-04-27T23:44:43.814+0000] {processor.py:830} INFO - Processing file /home/airflow/.local/lib/python3.12/site-packages/airflow/example_dags/example_complex.py for tasks to queue
[2026-04-27T23:44:43.817+0000] {logging_mixin.py:188} INFO - [2026-04-27T23:44:43.816+0000] {dagbag.py:540} INFO - Filling up the DagBag from /home/airflow/.local/lib/python3.12/site-packages/airflow/example_dags/example_complex.py
[2026-04-27T23:44:43.829+0000] {processor.py:840} INFO - DAG(s) 'example_complex' retrieved from /home/airflow/.local/lib/python3.12/site-packages/airflow/example_dags/example_complex.py
[2026-04-27T23:44:43.864+0000] {logging_mixin.py:188} INFO - [2026-04-27T23:44:43.863+0000] {dag.py:3096} INFO - Sync 1 DAGs
[2026-04-27T23:44:43.878+0000] {logging_mixin.py:188} INFO - [2026-04-27T23:44:43.878+0000] {dag.py:3954} INFO - Setting next_dagrun for example_complex to None, run_after=None
[2026-04-27T23:44:43.900+0000] {processor.py:183} INFO - Processing /home/airflow/.local/lib/python3.12/site-packages/airflow/example_dags/example_complex.py took 0.095 seconds
[2026-04-27T23:45:14.150+0000] {processor.py:161} INFO - Started process (PID=1715) to work on /home/airflow/.local/lib/python3.12/site-packages/airflow/example_dags/example_complex.py
[2026-04-27T23:45:14.151+0000] {processor.py:830} INFO - Processing file /home/airflow/.local/lib/python3.12/site-packages/airflow/example_dags/example_complex.py for tasks to queue
[2026-04-27T23:45:14.155+0000] {logging_mixin.py:188} INFO - [2026-04-27T23:45:14.154+0000] {dagbag.py:540} INFO - Filling up the DagBag from /home/airflow/.local/lib/python3.12/site-packages/airflow/example_dags/example_complex.py
[2026-04-27T23:45:14.169+0000] {processor.py:840} INFO - DAG(s) 'example_complex' retrieved from /home/airflow/.local/lib/python3.12/site-packages/airflow/example_dags/example_complex.py
[2026-04-27T23:45:14.211+0000] {logging_mixin.py:188} INFO - [2026-04-27T23:45:14.211+0000] {dag.py:3096} INFO - Sync 1 DAGs
[2026-04-27T23:45:14.238+0000] {logging_mixin.py:188} INFO - [2026-04-27T23:45:14.238+0000] {dag.py:3954} INFO - Setting next_dagrun for example_complex to None, run_after=None
[2026-04-27T23:45:14.267+0000] {processor.py:183} INFO - Processing /home/airflow/.local/lib/python3.12/site-packages/airflow/example_dags/example_complex.py took 0.127 seconds
[2026-04-27T23:45:45.167+0000] {processor.py:161} INFO - Started process (PID=1774) to work on /home/airflow/.local/lib/python3.12/site-packages/airflow/example_dags/example_complex.py
[2026-04-27T23:45:45.169+0000] {processor.py:830} INFO - Processing file /home/airflow/.local/lib/python3.12/site-packages/airflow/example_dags/example_complex.py for tasks to queue
[2026-04-27T23:45:45.171+0000] {logging_mixin.py:188} INFO - [2026-04-27T23:45:45.171+0000] {dagbag.py:540} INFO - Filling up the DagBag from /home/airflow/.local/lib/python3.12/site-packages/airflow/example_dags/example_complex.py
[2026-04-27T23:45:45.186+0000] {processor.py:840} INFO - DAG(s) 'example_complex' retrieved from /home/airflow/.local/lib/python3.12/site-packages/airflow/example_dags/example_complex.py
[2026-04-27T23:45:45.234+0000] {logging_mixin.py:188} INFO - [2026-04-27T23:45:45.233+0000] {dag.py:3096} INFO - Sync 1 DAGs
[2026-04-27T23:45:45.251+0000] {logging_mixin.py:188} INFO - [2026-04-27T23:45:45.251+0000] {dag.py:3954} INFO - Setting next_dagrun for example_complex to None, run_after=None
[2026-04-27T23:45:45.275+0000] {processor.py:183} INFO - Processing /home/airflow/.local/lib/python3.12/site-packages/airflow/example_dags/example_complex.py took 0.118 seconds
[2026-04-27T23:46:15.956+0000] {processor.py:161} INFO - Started process (PID=1833) to work on /home/airflow/.local/lib/python3.12/site-packages/airflow/example_dags/example_complex.py
[2026-04-27T23:46:15.958+0000] {processor.py:830} INFO - Processing file /home/airflow/.local/lib/python3.12/site-packages/airflow/example_dags/example_complex.py for tasks to queue
[2026-04-27T23:46:15.960+0000] {logging_mixin.py:188} INFO - [2026-04-27T23:46:15.960+0000] {dagbag.py:540} INFO - Filling up the DagBag from /home/airflow/.local/lib/python3.12/site-packages/airflow/example_dags/example_complex.py
[2026-04-27T23:46:15.974+0000] {processor.py:840} INFO - DAG(s) 'example_complex' retrieved from /home/airflow/.local/lib/python3.12/site-packages/airflow/example_dags/example_complex.py
[2026-04-27T23:46:16.012+0000] {logging_mixin.py:188} INFO - [2026-04-27T23:46:16.011+0000] {dag.py:3096} INFO - Sync 1 DAGs
[2026-04-27T23:46:16.027+0000] {logging_mixin.py:188} INFO - [2026-04-27T23:46:16.027+0000] {dag.py:3954} INFO - Setting next_dagrun for example_complex to None, run_after=None
[2026-04-27T23:46:16.100+0000] {processor.py:183} INFO - Processing /home/airflow/.local/lib/python3.12/site-packages/airflow/example_dags/example_complex.py took 0.153 seconds
[2026-04-27T23:46:46.599+0000] {processor.py:161} INFO - Started process (PID=1892) to work on /home/airflow/.local/lib/python3.12/site-packages/airflow/example_dags/example_complex.py
[2026-04-27T23:46:46.601+0000] {processor.py:830} INFO - Processing file /home/airflow/.local/lib/python3.12/site-packages/airflow/example_dags/example_complex.py for tasks to queue
[2026-04-27T23:46:46.603+0000] {logging_mixin.py:188} INFO - [2026-04-27T23:46:46.603+0000] {dagbag.py:540} INFO - Filling up the DagBag from /home/airflow/.local/lib/python3.12/site-packages/airflow/example_dags/example_complex.py
[2026-04-27T23:46:46.621+0000] {processor.py:840} INFO - DAG(s) 'example_complex' retrieved from /home/airflow/.local/lib/python3.12/site-packages/airflow/example_dags/example_complex.py
[2026-04-27T23:46:46.684+0000] {logging_mixin.py:188} INFO - [2026-04-27T23:46:46.683+0000] {dag.py:3096} INFO - Sync 1 DAGs
[2026-04-27T23:46:46.718+0000] {logging_mixin.py:188} INFO - [2026-04-27T23:46:46.718+0000] {dag.py:3954} INFO - Setting next_dagrun for example_complex to None, run_after=None
[2026-04-27T23:46:46.756+0000] {processor.py:183} INFO - Processing /home/airflow/.local/lib/python3.12/site-packages/airflow/example_dags/example_complex.py took 0.165 seconds
[2026-04-27T23:47:16.904+0000] {processor.py:161} INFO - Started process (PID=1951) to work on /home/airflow/.local/lib/python3.12/site-packages/airflow/example_dags/example_complex.py
[2026-04-27T23:47:16.905+0000] {processor.py:830} INFO - Processing file /home/airflow/.local/lib/python3.12/site-packages/airflow/example_dags/example_complex.py for tasks to queue
[2026-04-27T23:47:16.907+0000] {logging_mixin.py:188} INFO - [2026-04-27T23:47:16.907+0000] {dagbag.py:540} INFO - Filling up the DagBag from /home/airflow/.local/lib/python3.12/site-packages/airflow/example_dags/example_complex.py
[2026-04-27T23:47:16.918+0000] {processor.py:840} INFO - DAG(s) 'example_complex' retrieved from /home/airflow/.local/lib/python3.12/site-packages/airflow/example_dags/example_complex.py
[2026-04-27T23:47:17.069+0000] {logging_mixin.py:188} INFO - [2026-04-27T23:47:17.068+0000] {dag.py:3096} INFO - Sync 1 DAGs
[2026-04-27T23:47:17.096+0000] {logging_mixin.py:188} INFO - [2026-04-27T23:47:17.095+0000] {dag.py:3954} INFO - Setting next_dagrun for example_complex to None, run_after=None
[2026-04-27T23:47:17.131+0000] {processor.py:183} INFO - Processing /home/airflow/.local/lib/python3.12/site-packages/airflow/example_dags/example_complex.py took 0.235 seconds
[2026-04-27T23:47:47.745+0000] {processor.py:161} INFO - Started process (PID=2010) to work on /home/airflow/.local/lib/python3.12/site-packages/airflow/example_dags/example_complex.py
[2026-04-27T23:47:47.746+0000] {processor.py:830} INFO - Processing file /home/airflow/.local/lib/python3.12/site-packages/airflow/example_dags/example_complex.py for tasks to queue
[2026-04-27T23:47:47.749+0000] {logging_mixin.py:188} INFO - [2026-04-27T23:47:47.748+0000] {dagbag.py:540} INFO - Filling up the DagBag from /home/airflow/.local/lib/python3.12/site-packages/airflow/example_dags/example_complex.py
[2026-04-27T23:47:47.767+0000] {processor.py:840} INFO - DAG(s) 'example_complex' retrieved from /home/airflow/.local/lib/python3.12/site-packages/airflow/example_dags/example_complex.py
[2026-04-27T23:47:47.937+0000] {logging_mixin.py:188} INFO - [2026-04-27T23:47:47.936+0000] {dag.py:3096} INFO - Sync 1 DAGs
[2026-04-27T23:47:47.950+0000] {logging_mixin.py:188} INFO - [2026-04-27T23:47:47.950+0000] {dag.py:3954} INFO - Setting next_dagrun for example_complex to None, run_after=None
[2026-04-27T23:47:48.114+0000] {processor.py:183} INFO - Processing /home/airflow/.local/lib/python3.12/site-packages/airflow/example_dags/example_complex.py took 0.379 seconds
[2026-04-27T23:48:18.370+0000] {processor.py:161} INFO - Started process (PID=2069) to work on /home/airflow/.local/lib/python3.12/site-packages/airflow/example_dags/example_complex.py
[2026-04-27T23:48:18.371+0000] {processor.py:830} INFO - Processing file /home/airflow/.local/lib/python3.12/site-packages/airflow/example_dags/example_complex.py for tasks to queue
[2026-04-27T23:48:18.374+0000] {logging_mixin.py:188} INFO - [2026-04-27T23:48:18.373+0000] {dagbag.py:540} INFO - Filling up the DagBag from /home/airflow/.local/lib/python3.12/site-packages/airflow/example_dags/example_complex.py
[2026-04-27T23:48:18.384+0000] {processor.py:840} INFO - DAG(s) 'example_complex' retrieved from /home/airflow/.local/lib/python3.12/site-packages/airflow/example_dags/example_complex.py
[2026-04-27T23:48:18.417+0000] {logging_mixin.py:188} INFO - [2026-04-27T23:48:18.417+0000] {dag.py:3096} INFO - Sync 1 DAGs
[2026-04-27T23:48:18.430+0000] {logging_mixin.py:188} INFO - [2026-04-27T23:48:18.430+0000] {dag.py:3954} INFO - Setting next_dagrun for example_complex to None, run_after=None
[2026-04-27T23:48:18.450+0000] {processor.py:183} INFO - Processing /home/airflow/.local/lib/python3.12/site-packages/airflow/example_dags/example_complex.py took 0.087 seconds
[2026-04-27T23:48:48.556+0000] {processor.py:161} INFO - Started process (PID=2128) to work on /home/airflow/.local/lib/python3.12/site-packages/airflow/example_dags/example_complex.py
[2026-04-27T23:48:48.558+0000] {processor.py:830} INFO - Processing file /home/airflow/.local/lib/python3.12/site-packages/airflow/example_dags/example_complex.py for tasks to queue
[2026-04-27T23:48:48.564+0000] {logging_mixin.py:188} INFO - [2026-04-27T23:48:48.563+0000] {dagbag.py:540} INFO - Filling up the DagBag from /home/airflow/.local/lib/python3.12/site-packages/airflow/example_dags/example_complex.py
[2026-04-27T23:48:48.584+0000] {processor.py:840} INFO - DAG(s) 'example_complex' retrieved from /home/airflow/.local/lib/python3.12/site-packages/airflow/example_dags/example_complex.py
[2026-04-27T23:48:48.642+0000] {logging_mixin.py:188} INFO - [2026-04-27T23:48:48.641+0000] {dag.py:3096} INFO - Sync 1 DAGs
[2026-04-27T23:48:48.682+0000] {logging_mixin.py:188} INFO - [2026-04-27T23:48:48.682+0000] {dag.py:3954} INFO - Setting next_dagrun for example_complex to None, run_after=None
[2026-04-27T23:48:48.729+0000] {processor.py:183} INFO - Processing /home/airflow/.local/lib/python3.12/site-packages/airflow/example_dags/example_complex.py took 0.187 seconds
[2026-04-27T23:49:19.585+0000] {processor.py:161} INFO - Started process (PID=2187) to work on /home/airflow/.local/lib/python3.12/site-packages/airflow/example_dags/example_complex.py
[2026-04-27T23:49:19.586+0000] {processor.py:830} INFO - Processing file /home/airflow/.local/lib/python3.12/site-packages/airflow/example_dags/example_complex.py for tasks to queue
[2026-04-27T23:49:19.589+0000] {logging_mixin.py:188} INFO - [2026-04-27T23:49:19.588+0000] {dagbag.py:540} INFO - Filling up the DagBag from /home/airflow/.local/lib/python3.12/site-packages/airflow/example_dags/example_complex.py
[2026-04-27T23:49:19.599+0000] {processor.py:840} INFO - DAG(s) 'example_complex' retrieved from /home/airflow/.local/lib/python3.12/site-packages/airflow/example_dags/example_complex.py
[2026-04-27T23:49:19.632+0000] {logging_mixin.py:188} INFO - [2026-04-27T23:49:19.632+0000] {dag.py:3096} INFO - Sync 1 DAGs
[2026-04-27T23:49:19.647+0000] {logging_mixin.py:188} INFO - [2026-04-27T23:49:19.646+0000] {dag.py:3954} INFO - Setting next_dagrun for example_complex to None, run_after=None
[2026-04-27T23:49:19.670+0000] {processor.py:183} INFO - Processing /home/airflow/.local/lib/python3.12/site-packages/airflow/example_dags/example_complex.py took 0.092 seconds
[2026-04-27T23:49:50.209+0000] {processor.py:161} INFO - Started process (PID=2246) to work on /home/airflow/.local/lib/python3.12/site-packages/airflow/example_dags/example_complex.py
[2026-04-27T23:49:50.210+0000] {processor.py:830} INFO - Processing file /home/airflow/.local/lib/python3.12/site-packages/airflow/example_dags/example_complex.py for tasks to queue
[2026-04-27T23:49:50.213+0000] {logging_mixin.py:188} INFO - [2026-04-27T23:49:50.212+0000] {dagbag.py:540} INFO - Filling up the DagBag from /home/airflow/.local/lib/python3.12/site-packages/airflow/example_dags/example_complex.py
[2026-04-27T23:49:50.224+0000] {processor.py:840} INFO - DAG(s) 'example_complex' retrieved from /home/airflow/.local/lib/python3.12/site-packages/airflow/example_dags/example_complex.py
[2026-04-27T23:49:50.330+0000] {logging_mixin.py:188} INFO - [2026-04-27T23:49:50.330+0000] {dag.py:3096} INFO - Sync 1 DAGs
[2026-04-27T23:49:50.346+0000] {logging_mixin.py:188} INFO - [2026-04-27T23:49:50.346+0000] {dag.py:3954} INFO - Setting next_dagrun for example_complex to None, run_after=None
[2026-04-27T23:49:50.375+0000] {processor.py:183} INFO - Processing /home/airflow/.local/lib/python3.12/site-packages/airflow/example_dags/example_complex.py took 0.173 seconds
[2026-04-27T23:50:20.755+0000] {processor.py:161} INFO - Started process (PID=2305) to work on /home/airflow/.local/lib/python3.12/site-packages/airflow/example_dags/example_complex.py
[2026-04-27T23:50:20.757+0000] {processor.py:830} INFO - Processing file /home/airflow/.local/lib/python3.12/site-packages/airflow/example_dags/example_complex.py for tasks to queue
[2026-04-27T23:50:20.759+0000] {logging_mixin.py:188} INFO - [2026-04-27T23:50:20.759+0000] {dagbag.py:540} INFO - Filling up the DagBag from /home/airflow/.local/lib/python3.12/site-packages/airflow/example_dags/example_complex.py
[2026-04-27T23:50:20.771+0000] {processor.py:840} INFO - DAG(s) 'example_complex' retrieved from /home/airflow/.local/lib/python3.12/site-packages/airflow/example_dags/example_complex.py
[2026-04-27T23:50:20.811+0000] {logging_mixin.py:188} INFO - [2026-04-27T23:50:20.811+0000] {dag.py:3096} INFO - Sync 1 DAGs
[2026-04-27T23:50:20.826+0000] {logging_mixin.py:188} INFO - [2026-04-27T23:50:20.826+0000] {dag.py:3954} INFO - Setting next_dagrun for example_complex to None, run_after=None
[2026-04-27T23:50:20.849+0000] {processor.py:183} INFO - Processing /home/airflow/.local/lib/python3.12/site-packages/airflow/example_dags/example_complex.py took 0.102 seconds
[2026-04-27T23:58:27.776+0000] {processor.py:161} INFO - Started process (PID=73) to work on /home/airflow/.local/lib/python3.12/site-packages/airflow/example_dags/example_complex.py
[2026-04-27T23:58:27.802+0000] {processor.py:830} INFO - Processing file /home/airflow/.local/lib/python3.12/site-packages/airflow/example_dags/example_complex.py for tasks to queue
[2026-04-27T23:58:27.805+0000] {logging_mixin.py:188} INFO - [2026-04-27T23:58:27.804+0000] {dagbag.py:540} INFO - Filling up the DagBag from /home/airflow/.local/lib/python3.12/site-packages/airflow/example_dags/example_complex.py
[2026-04-27T23:58:27.840+0000] {processor.py:840} INFO - DAG(s) 'example_complex' retrieved from /home/airflow/.local/lib/python3.12/site-packages/airflow/example_dags/example_complex.py
[2026-04-27T23:58:27.966+0000] {logging_mixin.py:188} INFO - [2026-04-27T23:58:27.965+0000] {dag.py:3096} INFO - Sync 1 DAGs
[2026-04-27T23:58:27.976+0000] {logging_mixin.py:188} INFO - [2026-04-27T23:58:27.976+0000] {dag.py:3954} INFO - Setting next_dagrun for example_complex to None, run_after=None
[2026-04-27T23:58:28.126+0000] {processor.py:183} INFO - Processing /home/airflow/.local/lib/python3.12/site-packages/airflow/example_dags/example_complex.py took 0.356 seconds
[2026-04-27T23:59:40.053+0000] {processor.py:161} INFO - Started process (PID=67) to work on /home/airflow/.local/lib/python3.12/site-packages/airflow/example_dags/example_complex.py
[2026-04-27T23:59:40.210+0000] {processor.py:830} INFO - Processing file /home/airflow/.local/lib/python3.12/site-packages/airflow/example_dags/example_complex.py for tasks to queue
[2026-04-27T23:59:40.215+0000] {logging_mixin.py:188} INFO - [2026-04-27T23:59:40.214+0000] {dagbag.py:540} INFO - Filling up the DagBag from /home/airflow/.local/lib/python3.12/site-packages/airflow/example_dags/example_complex.py
[2026-04-27T23:59:40.235+0000] {processor.py:840} INFO - DAG(s) 'example_complex' retrieved from /home/airflow/.local/lib/python3.12/site-packages/airflow/example_dags/example_complex.py
[2026-04-27T23:59:40.274+0000] {logging_mixin.py:188} INFO - [2026-04-27T23:59:40.273+0000] {dag.py:3096} INFO - Sync 1 DAGs
[2026-04-27T23:59:40.287+0000] {logging_mixin.py:188} INFO - [2026-04-27T23:59:40.287+0000] {dag.py:3954} INFO - Setting next_dagrun for example_complex to None, run_after=None
[2026-04-27T23:59:40.353+0000] {processor.py:183} INFO - Processing /home/airflow/.local/lib/python3.12/site-packages/airflow/example_dags/example_complex.py took 0.307 seconds
