[2026-04-27T23:30:21.638+0000] {processor.py:161} INFO - Started process (PID=101) to work on /home/airflow/.local/lib/python3.12/site-packages/airflow/example_dags/example_latest_only_with_trigger.py
[2026-04-27T23:30:21.639+0000] {processor.py:830} INFO - Processing file /home/airflow/.local/lib/python3.12/site-packages/airflow/example_dags/example_latest_only_with_trigger.py for tasks to queue
[2026-04-27T23:30:21.644+0000] {logging_mixin.py:188} INFO - [2026-04-27T23:30:21.643+0000] {dagbag.py:540} INFO - Filling up the DagBag from /home/airflow/.local/lib/python3.12/site-packages/airflow/example_dags/example_latest_only_with_trigger.py
[2026-04-27T23:30:22.010+0000] {processor.py:840} INFO - DAG(s) 'latest_only_with_trigger' retrieved from /home/airflow/.local/lib/python3.12/site-packages/airflow/example_dags/example_latest_only_with_trigger.py
[2026-04-27T23:30:22.040+0000] {logging_mixin.py:188} INFO - [2026-04-27T23:30:22.040+0000] {dag.py:3096} INFO - Sync 1 DAGs
[2026-04-27T23:30:22.067+0000] {logging_mixin.py:188} INFO - [2026-04-27T23:30:22.067+0000] {dag.py:3954} INFO - Setting next_dagrun for latest_only_with_trigger to 2026-04-27 16:00:00+00:00, run_after=2026-04-27 20:00:00+00:00
[2026-04-27T23:30:22.352+0000] {processor.py:183} INFO - Processing /home/airflow/.local/lib/python3.12/site-packages/airflow/example_dags/example_latest_only_with_trigger.py took 0.721 seconds
[2026-04-27T23:30:55.510+0000] {processor.py:161} INFO - Started process (PID=160) to work on /home/airflow/.local/lib/python3.12/site-packages/airflow/example_dags/example_latest_only_with_trigger.py
[2026-04-27T23:30:55.605+0000] {processor.py:830} INFO - Processing file /home/airflow/.local/lib/python3.12/site-packages/airflow/example_dags/example_latest_only_with_trigger.py for tasks to queue
[2026-04-27T23:30:55.608+0000] {logging_mixin.py:188} INFO - [2026-04-27T23:30:55.607+0000] {dagbag.py:540} INFO - Filling up the DagBag from /home/airflow/.local/lib/python3.12/site-packages/airflow/example_dags/example_latest_only_with_trigger.py
[2026-04-27T23:30:55.615+0000] {processor.py:840} INFO - DAG(s) 'latest_only_with_trigger' retrieved from /home/airflow/.local/lib/python3.12/site-packages/airflow/example_dags/example_latest_only_with_trigger.py
[2026-04-27T23:30:55.639+0000] {logging_mixin.py:188} INFO - [2026-04-27T23:30:55.638+0000] {dag.py:3096} INFO - Sync 1 DAGs
[2026-04-27T23:30:55.661+0000] {logging_mixin.py:188} INFO - [2026-04-27T23:30:55.661+0000] {dag.py:3954} INFO - Setting next_dagrun for latest_only_with_trigger to 2026-04-27 16:00:00+00:00, run_after=2026-04-27 20:00:00+00:00
[2026-04-27T23:30:55.683+0000] {processor.py:183} INFO - Processing /home/airflow/.local/lib/python3.12/site-packages/airflow/example_dags/example_latest_only_with_trigger.py took 0.178 seconds
[2026-04-27T23:32:17.770+0000] {processor.py:161} INFO - Started process (PID=225) to work on /home/airflow/.local/lib/python3.12/site-packages/airflow/example_dags/example_latest_only_with_trigger.py
[2026-04-27T23:32:17.963+0000] {processor.py:830} INFO - Processing file /home/airflow/.local/lib/python3.12/site-packages/airflow/example_dags/example_latest_only_with_trigger.py for tasks to queue
[2026-04-27T23:32:17.967+0000] {logging_mixin.py:188} INFO - [2026-04-27T23:32:17.965+0000] {dagbag.py:540} INFO - Filling up the DagBag from /home/airflow/.local/lib/python3.12/site-packages/airflow/example_dags/example_latest_only_with_trigger.py
[2026-04-27T23:32:17.973+0000] {processor.py:840} INFO - DAG(s) 'latest_only_with_trigger' retrieved from /home/airflow/.local/lib/python3.12/site-packages/airflow/example_dags/example_latest_only_with_trigger.py
[2026-04-27T23:32:17.996+0000] {logging_mixin.py:188} INFO - [2026-04-27T23:32:17.996+0000] {dag.py:3096} INFO - Sync 1 DAGs
[2026-04-27T23:32:18.021+0000] {logging_mixin.py:188} INFO - [2026-04-27T23:32:18.021+0000] {dag.py:3954} INFO - Setting next_dagrun for latest_only_with_trigger to 2026-04-27 16:00:00+00:00, run_after=2026-04-27 20:00:00+00:00
[2026-04-27T23:32:18.422+0000] {processor.py:183} INFO - Processing /home/airflow/.local/lib/python3.12/site-packages/airflow/example_dags/example_latest_only_with_trigger.py took 0.659 seconds
[2026-04-27T23:32:50.480+0000] {processor.py:161} INFO - Started process (PID=284) to work on /home/airflow/.local/lib/python3.12/site-packages/airflow/example_dags/example_latest_only_with_trigger.py
[2026-04-27T23:32:50.482+0000] {processor.py:830} INFO - Processing file /home/airflow/.local/lib/python3.12/site-packages/airflow/example_dags/example_latest_only_with_trigger.py for tasks to queue
[2026-04-27T23:32:50.486+0000] {logging_mixin.py:188} INFO - [2026-04-27T23:32:50.486+0000] {dagbag.py:540} INFO - Filling up the DagBag from /home/airflow/.local/lib/python3.12/site-packages/airflow/example_dags/example_latest_only_with_trigger.py
[2026-04-27T23:32:50.493+0000] {processor.py:840} INFO - DAG(s) 'latest_only_with_trigger' retrieved from /home/airflow/.local/lib/python3.12/site-packages/airflow/example_dags/example_latest_only_with_trigger.py
[2026-04-27T23:32:50.591+0000] {logging_mixin.py:188} INFO - [2026-04-27T23:32:50.591+0000] {dag.py:3096} INFO - Sync 1 DAGs
[2026-04-27T23:32:50.701+0000] {logging_mixin.py:188} INFO - [2026-04-27T23:32:50.700+0000] {dag.py:3954} INFO - Setting next_dagrun for latest_only_with_trigger to 2026-04-27 16:00:00+00:00, run_after=2026-04-27 20:00:00+00:00
[2026-04-27T23:32:51.608+0000] {processor.py:183} INFO - Processing /home/airflow/.local/lib/python3.12/site-packages/airflow/example_dags/example_latest_only_with_trigger.py took 1.136 seconds
[2026-04-27T23:33:22.468+0000] {processor.py:161} INFO - Started process (PID=342) to work on /home/airflow/.local/lib/python3.12/site-packages/airflow/example_dags/example_latest_only_with_trigger.py
[2026-04-27T23:33:22.470+0000] {processor.py:830} INFO - Processing file /home/airflow/.local/lib/python3.12/site-packages/airflow/example_dags/example_latest_only_with_trigger.py for tasks to queue
[2026-04-27T23:33:22.472+0000] {logging_mixin.py:188} INFO - [2026-04-27T23:33:22.472+0000] {dagbag.py:540} INFO - Filling up the DagBag from /home/airflow/.local/lib/python3.12/site-packages/airflow/example_dags/example_latest_only_with_trigger.py
[2026-04-27T23:33:22.478+0000] {processor.py:840} INFO - DAG(s) 'latest_only_with_trigger' retrieved from /home/airflow/.local/lib/python3.12/site-packages/airflow/example_dags/example_latest_only_with_trigger.py
[2026-04-27T23:33:22.501+0000] {logging_mixin.py:188} INFO - [2026-04-27T23:33:22.501+0000] {dag.py:3096} INFO - Sync 1 DAGs
[2026-04-27T23:33:22.523+0000] {logging_mixin.py:188} INFO - [2026-04-27T23:33:22.523+0000] {dag.py:3954} INFO - Setting next_dagrun for latest_only_with_trigger to 2026-04-27 16:00:00+00:00, run_after=2026-04-27 20:00:00+00:00
[2026-04-27T23:33:22.542+0000] {processor.py:183} INFO - Processing /home/airflow/.local/lib/python3.12/site-packages/airflow/example_dags/example_latest_only_with_trigger.py took 0.081 seconds
[2026-04-27T23:33:53.151+0000] {processor.py:161} INFO - Started process (PID=402) to work on /home/airflow/.local/lib/python3.12/site-packages/airflow/example_dags/example_latest_only_with_trigger.py
[2026-04-27T23:33:53.153+0000] {processor.py:830} INFO - Processing file /home/airflow/.local/lib/python3.12/site-packages/airflow/example_dags/example_latest_only_with_trigger.py for tasks to queue
[2026-04-27T23:33:53.156+0000] {logging_mixin.py:188} INFO - [2026-04-27T23:33:53.155+0000] {dagbag.py:540} INFO - Filling up the DagBag from /home/airflow/.local/lib/python3.12/site-packages/airflow/example_dags/example_latest_only_with_trigger.py
[2026-04-27T23:33:53.162+0000] {processor.py:840} INFO - DAG(s) 'latest_only_with_trigger' retrieved from /home/airflow/.local/lib/python3.12/site-packages/airflow/example_dags/example_latest_only_with_trigger.py
[2026-04-27T23:33:53.185+0000] {logging_mixin.py:188} INFO - [2026-04-27T23:33:53.185+0000] {dag.py:3096} INFO - Sync 1 DAGs
[2026-04-27T23:33:53.207+0000] {logging_mixin.py:188} INFO - [2026-04-27T23:33:53.206+0000] {dag.py:3954} INFO - Setting next_dagrun for latest_only_with_trigger to 2026-04-27 16:00:00+00:00, run_after=2026-04-27 20:00:00+00:00
[2026-04-27T23:33:53.228+0000] {processor.py:183} INFO - Processing /home/airflow/.local/lib/python3.12/site-packages/airflow/example_dags/example_latest_only_with_trigger.py took 0.082 seconds
[2026-04-27T23:34:23.956+0000] {processor.py:161} INFO - Started process (PID=461) to work on /home/airflow/.local/lib/python3.12/site-packages/airflow/example_dags/example_latest_only_with_trigger.py
[2026-04-27T23:34:23.958+0000] {processor.py:830} INFO - Processing file /home/airflow/.local/lib/python3.12/site-packages/airflow/example_dags/example_latest_only_with_trigger.py for tasks to queue
[2026-04-27T23:34:23.963+0000] {logging_mixin.py:188} INFO - [2026-04-27T23:34:23.962+0000] {dagbag.py:540} INFO - Filling up the DagBag from /home/airflow/.local/lib/python3.12/site-packages/airflow/example_dags/example_latest_only_with_trigger.py
[2026-04-27T23:34:23.971+0000] {processor.py:840} INFO - DAG(s) 'latest_only_with_trigger' retrieved from /home/airflow/.local/lib/python3.12/site-packages/airflow/example_dags/example_latest_only_with_trigger.py
[2026-04-27T23:34:24.000+0000] {logging_mixin.py:188} INFO - [2026-04-27T23:34:24.000+0000] {dag.py:3096} INFO - Sync 1 DAGs
[2026-04-27T23:34:24.026+0000] {logging_mixin.py:188} INFO - [2026-04-27T23:34:24.026+0000] {dag.py:3954} INFO - Setting next_dagrun for latest_only_with_trigger to 2026-04-27 16:00:00+00:00, run_after=2026-04-27 20:00:00+00:00
[2026-04-27T23:34:24.049+0000] {processor.py:183} INFO - Processing /home/airflow/.local/lib/python3.12/site-packages/airflow/example_dags/example_latest_only_with_trigger.py took 0.105 seconds
[2026-04-27T23:34:54.675+0000] {processor.py:161} INFO - Started process (PID=520) to work on /home/airflow/.local/lib/python3.12/site-packages/airflow/example_dags/example_latest_only_with_trigger.py
[2026-04-27T23:34:54.677+0000] {processor.py:830} INFO - Processing file /home/airflow/.local/lib/python3.12/site-packages/airflow/example_dags/example_latest_only_with_trigger.py for tasks to queue
[2026-04-27T23:34:54.679+0000] {logging_mixin.py:188} INFO - [2026-04-27T23:34:54.679+0000] {dagbag.py:540} INFO - Filling up the DagBag from /home/airflow/.local/lib/python3.12/site-packages/airflow/example_dags/example_latest_only_with_trigger.py
[2026-04-27T23:34:54.685+0000] {processor.py:840} INFO - DAG(s) 'latest_only_with_trigger' retrieved from /home/airflow/.local/lib/python3.12/site-packages/airflow/example_dags/example_latest_only_with_trigger.py
[2026-04-27T23:34:54.709+0000] {logging_mixin.py:188} INFO - [2026-04-27T23:34:54.708+0000] {dag.py:3096} INFO - Sync 1 DAGs
[2026-04-27T23:34:54.734+0000] {logging_mixin.py:188} INFO - [2026-04-27T23:34:54.734+0000] {dag.py:3954} INFO - Setting next_dagrun for latest_only_with_trigger to 2026-04-27 16:00:00+00:00, run_after=2026-04-27 20:00:00+00:00
[2026-04-27T23:34:54.755+0000] {processor.py:183} INFO - Processing /home/airflow/.local/lib/python3.12/site-packages/airflow/example_dags/example_latest_only_with_trigger.py took 0.086 seconds
[2026-04-27T23:35:24.966+0000] {processor.py:161} INFO - Started process (PID=578) to work on /home/airflow/.local/lib/python3.12/site-packages/airflow/example_dags/example_latest_only_with_trigger.py
[2026-04-27T23:35:24.968+0000] {processor.py:830} INFO - Processing file /home/airflow/.local/lib/python3.12/site-packages/airflow/example_dags/example_latest_only_with_trigger.py for tasks to queue
[2026-04-27T23:35:24.971+0000] {logging_mixin.py:188} INFO - [2026-04-27T23:35:24.970+0000] {dagbag.py:540} INFO - Filling up the DagBag from /home/airflow/.local/lib/python3.12/site-packages/airflow/example_dags/example_latest_only_with_trigger.py
[2026-04-27T23:35:24.977+0000] {processor.py:840} INFO - DAG(s) 'latest_only_with_trigger' retrieved from /home/airflow/.local/lib/python3.12/site-packages/airflow/example_dags/example_latest_only_with_trigger.py
[2026-04-27T23:35:25.000+0000] {logging_mixin.py:188} INFO - [2026-04-27T23:35:24.999+0000] {dag.py:3096} INFO - Sync 1 DAGs
[2026-04-27T23:35:25.236+0000] {logging_mixin.py:188} INFO - [2026-04-27T23:35:25.236+0000] {dag.py:3954} INFO - Setting next_dagrun for latest_only_with_trigger to 2026-04-27 16:00:00+00:00, run_after=2026-04-27 20:00:00+00:00
[2026-04-27T23:35:25.256+0000] {processor.py:183} INFO - Processing /home/airflow/.local/lib/python3.12/site-packages/airflow/example_dags/example_latest_only_with_trigger.py took 0.296 seconds
[2026-04-27T23:35:55.812+0000] {processor.py:161} INFO - Started process (PID=638) to work on /home/airflow/.local/lib/python3.12/site-packages/airflow/example_dags/example_latest_only_with_trigger.py
[2026-04-27T23:35:55.814+0000] {processor.py:830} INFO - Processing file /home/airflow/.local/lib/python3.12/site-packages/airflow/example_dags/example_latest_only_with_trigger.py for tasks to queue
[2026-04-27T23:35:55.817+0000] {logging_mixin.py:188} INFO - [2026-04-27T23:35:55.816+0000] {dagbag.py:540} INFO - Filling up the DagBag from /home/airflow/.local/lib/python3.12/site-packages/airflow/example_dags/example_latest_only_with_trigger.py
[2026-04-27T23:35:55.822+0000] {processor.py:840} INFO - DAG(s) 'latest_only_with_trigger' retrieved from /home/airflow/.local/lib/python3.12/site-packages/airflow/example_dags/example_latest_only_with_trigger.py
[2026-04-27T23:35:55.847+0000] {logging_mixin.py:188} INFO - [2026-04-27T23:35:55.846+0000] {dag.py:3096} INFO - Sync 1 DAGs
[2026-04-27T23:35:55.869+0000] {logging_mixin.py:188} INFO - [2026-04-27T23:35:55.869+0000] {dag.py:3954} INFO - Setting next_dagrun for latest_only_with_trigger to 2026-04-27 16:00:00+00:00, run_after=2026-04-27 20:00:00+00:00
[2026-04-27T23:35:55.889+0000] {processor.py:183} INFO - Processing /home/airflow/.local/lib/python3.12/site-packages/airflow/example_dags/example_latest_only_with_trigger.py took 0.083 seconds
[2026-04-27T23:36:26.127+0000] {processor.py:161} INFO - Started process (PID=697) to work on /home/airflow/.local/lib/python3.12/site-packages/airflow/example_dags/example_latest_only_with_trigger.py
[2026-04-27T23:36:26.128+0000] {processor.py:830} INFO - Processing file /home/airflow/.local/lib/python3.12/site-packages/airflow/example_dags/example_latest_only_with_trigger.py for tasks to queue
[2026-04-27T23:36:26.132+0000] {logging_mixin.py:188} INFO - [2026-04-27T23:36:26.132+0000] {dagbag.py:540} INFO - Filling up the DagBag from /home/airflow/.local/lib/python3.12/site-packages/airflow/example_dags/example_latest_only_with_trigger.py
[2026-04-27T23:36:26.140+0000] {processor.py:840} INFO - DAG(s) 'latest_only_with_trigger' retrieved from /home/airflow/.local/lib/python3.12/site-packages/airflow/example_dags/example_latest_only_with_trigger.py
[2026-04-27T23:36:26.169+0000] {logging_mixin.py:188} INFO - [2026-04-27T23:36:26.168+0000] {dag.py:3096} INFO - Sync 1 DAGs
[2026-04-27T23:36:26.196+0000] {logging_mixin.py:188} INFO - [2026-04-27T23:36:26.195+0000] {dag.py:3954} INFO - Setting next_dagrun for latest_only_with_trigger to 2026-04-27 16:00:00+00:00, run_after=2026-04-27 20:00:00+00:00
[2026-04-27T23:36:26.219+0000] {processor.py:183} INFO - Processing /home/airflow/.local/lib/python3.12/site-packages/airflow/example_dags/example_latest_only_with_trigger.py took 0.100 seconds
[2026-04-27T23:36:56.747+0000] {processor.py:161} INFO - Started process (PID=757) to work on /home/airflow/.local/lib/python3.12/site-packages/airflow/example_dags/example_latest_only_with_trigger.py
[2026-04-27T23:36:56.748+0000] {processor.py:830} INFO - Processing file /home/airflow/.local/lib/python3.12/site-packages/airflow/example_dags/example_latest_only_with_trigger.py for tasks to queue
[2026-04-27T23:36:56.751+0000] {logging_mixin.py:188} INFO - [2026-04-27T23:36:56.750+0000] {dagbag.py:540} INFO - Filling up the DagBag from /home/airflow/.local/lib/python3.12/site-packages/airflow/example_dags/example_latest_only_with_trigger.py
[2026-04-27T23:36:56.757+0000] {processor.py:840} INFO - DAG(s) 'latest_only_with_trigger' retrieved from /home/airflow/.local/lib/python3.12/site-packages/airflow/example_dags/example_latest_only_with_trigger.py
[2026-04-27T23:36:56.780+0000] {logging_mixin.py:188} INFO - [2026-04-27T23:36:56.780+0000] {dag.py:3096} INFO - Sync 1 DAGs
[2026-04-27T23:36:56.805+0000] {logging_mixin.py:188} INFO - [2026-04-27T23:36:56.804+0000] {dag.py:3954} INFO - Setting next_dagrun for latest_only_with_trigger to 2026-04-27 16:00:00+00:00, run_after=2026-04-27 20:00:00+00:00
[2026-04-27T23:36:56.856+0000] {processor.py:183} INFO - Processing /home/airflow/.local/lib/python3.12/site-packages/airflow/example_dags/example_latest_only_with_trigger.py took 0.116 seconds
[2026-04-27T23:37:27.292+0000] {processor.py:161} INFO - Started process (PID=816) to work on /home/airflow/.local/lib/python3.12/site-packages/airflow/example_dags/example_latest_only_with_trigger.py
[2026-04-27T23:37:27.293+0000] {processor.py:830} INFO - Processing file /home/airflow/.local/lib/python3.12/site-packages/airflow/example_dags/example_latest_only_with_trigger.py for tasks to queue
[2026-04-27T23:37:27.296+0000] {logging_mixin.py:188} INFO - [2026-04-27T23:37:27.296+0000] {dagbag.py:540} INFO - Filling up the DagBag from /home/airflow/.local/lib/python3.12/site-packages/airflow/example_dags/example_latest_only_with_trigger.py
[2026-04-27T23:37:27.302+0000] {processor.py:840} INFO - DAG(s) 'latest_only_with_trigger' retrieved from /home/airflow/.local/lib/python3.12/site-packages/airflow/example_dags/example_latest_only_with_trigger.py
[2026-04-27T23:37:27.327+0000] {logging_mixin.py:188} INFO - [2026-04-27T23:37:27.326+0000] {dag.py:3096} INFO - Sync 1 DAGs
[2026-04-27T23:37:27.351+0000] {logging_mixin.py:188} INFO - [2026-04-27T23:37:27.351+0000] {dag.py:3954} INFO - Setting next_dagrun for latest_only_with_trigger to 2026-04-27 16:00:00+00:00, run_after=2026-04-27 20:00:00+00:00
[2026-04-27T23:37:27.376+0000] {processor.py:183} INFO - Processing /home/airflow/.local/lib/python3.12/site-packages/airflow/example_dags/example_latest_only_with_trigger.py took 0.091 seconds
[2026-04-27T23:37:57.992+0000] {processor.py:161} INFO - Started process (PID=875) to work on /home/airflow/.local/lib/python3.12/site-packages/airflow/example_dags/example_latest_only_with_trigger.py
[2026-04-27T23:37:57.993+0000] {processor.py:830} INFO - Processing file /home/airflow/.local/lib/python3.12/site-packages/airflow/example_dags/example_latest_only_with_trigger.py for tasks to queue
[2026-04-27T23:37:57.995+0000] {logging_mixin.py:188} INFO - [2026-04-27T23:37:57.995+0000] {dagbag.py:540} INFO - Filling up the DagBag from /home/airflow/.local/lib/python3.12/site-packages/airflow/example_dags/example_latest_only_with_trigger.py
[2026-04-27T23:37:58.001+0000] {processor.py:840} INFO - DAG(s) 'latest_only_with_trigger' retrieved from /home/airflow/.local/lib/python3.12/site-packages/airflow/example_dags/example_latest_only_with_trigger.py
[2026-04-27T23:37:58.023+0000] {logging_mixin.py:188} INFO - [2026-04-27T23:37:58.022+0000] {dag.py:3096} INFO - Sync 1 DAGs
[2026-04-27T23:37:58.044+0000] {logging_mixin.py:188} INFO - [2026-04-27T23:37:58.044+0000] {dag.py:3954} INFO - Setting next_dagrun for latest_only_with_trigger to 2026-04-27 16:00:00+00:00, run_after=2026-04-27 20:00:00+00:00
[2026-04-27T23:37:58.064+0000] {processor.py:183} INFO - Processing /home/airflow/.local/lib/python3.12/site-packages/airflow/example_dags/example_latest_only_with_trigger.py took 0.080 seconds
[2026-04-27T23:38:29.734+0000] {processor.py:161} INFO - Started process (PID=934) to work on /home/airflow/.local/lib/python3.12/site-packages/airflow/example_dags/example_latest_only_with_trigger.py
[2026-04-27T23:38:29.736+0000] {processor.py:830} INFO - Processing file /home/airflow/.local/lib/python3.12/site-packages/airflow/example_dags/example_latest_only_with_trigger.py for tasks to queue
[2026-04-27T23:38:29.738+0000] {logging_mixin.py:188} INFO - [2026-04-27T23:38:29.738+0000] {dagbag.py:540} INFO - Filling up the DagBag from /home/airflow/.local/lib/python3.12/site-packages/airflow/example_dags/example_latest_only_with_trigger.py
[2026-04-27T23:38:29.745+0000] {processor.py:840} INFO - DAG(s) 'latest_only_with_trigger' retrieved from /home/airflow/.local/lib/python3.12/site-packages/airflow/example_dags/example_latest_only_with_trigger.py
[2026-04-27T23:38:29.768+0000] {logging_mixin.py:188} INFO - [2026-04-27T23:38:29.768+0000] {dag.py:3096} INFO - Sync 1 DAGs
[2026-04-27T23:38:29.789+0000] {logging_mixin.py:188} INFO - [2026-04-27T23:38:29.789+0000] {dag.py:3954} INFO - Setting next_dagrun for latest_only_with_trigger to 2026-04-27 16:00:00+00:00, run_after=2026-04-27 20:00:00+00:00
[2026-04-27T23:38:29.809+0000] {processor.py:183} INFO - Processing /home/airflow/.local/lib/python3.12/site-packages/airflow/example_dags/example_latest_only_with_trigger.py took 0.082 seconds
[2026-04-27T23:39:00.798+0000] {processor.py:161} INFO - Started process (PID=993) to work on /home/airflow/.local/lib/python3.12/site-packages/airflow/example_dags/example_latest_only_with_trigger.py
[2026-04-27T23:39:00.800+0000] {processor.py:830} INFO - Processing file /home/airflow/.local/lib/python3.12/site-packages/airflow/example_dags/example_latest_only_with_trigger.py for tasks to queue
[2026-04-27T23:39:00.804+0000] {logging_mixin.py:188} INFO - [2026-04-27T23:39:00.803+0000] {dagbag.py:540} INFO - Filling up the DagBag from /home/airflow/.local/lib/python3.12/site-packages/airflow/example_dags/example_latest_only_with_trigger.py
[2026-04-27T23:39:00.812+0000] {processor.py:840} INFO - DAG(s) 'latest_only_with_trigger' retrieved from /home/airflow/.local/lib/python3.12/site-packages/airflow/example_dags/example_latest_only_with_trigger.py
[2026-04-27T23:39:00.837+0000] {logging_mixin.py:188} INFO - [2026-04-27T23:39:00.837+0000] {dag.py:3096} INFO - Sync 1 DAGs
[2026-04-27T23:39:00.859+0000] {logging_mixin.py:188} INFO - [2026-04-27T23:39:00.859+0000] {dag.py:3954} INFO - Setting next_dagrun for latest_only_with_trigger to 2026-04-27 16:00:00+00:00, run_after=2026-04-27 20:00:00+00:00
[2026-04-27T23:39:00.881+0000] {processor.py:183} INFO - Processing /home/airflow/.local/lib/python3.12/site-packages/airflow/example_dags/example_latest_only_with_trigger.py took 0.090 seconds
[2026-04-27T23:39:30.953+0000] {processor.py:161} INFO - Started process (PID=1052) to work on /home/airflow/.local/lib/python3.12/site-packages/airflow/example_dags/example_latest_only_with_trigger.py
[2026-04-27T23:39:30.954+0000] {processor.py:830} INFO - Processing file /home/airflow/.local/lib/python3.12/site-packages/airflow/example_dags/example_latest_only_with_trigger.py for tasks to queue
[2026-04-27T23:39:30.957+0000] {logging_mixin.py:188} INFO - [2026-04-27T23:39:30.957+0000] {dagbag.py:540} INFO - Filling up the DagBag from /home/airflow/.local/lib/python3.12/site-packages/airflow/example_dags/example_latest_only_with_trigger.py
[2026-04-27T23:39:30.963+0000] {processor.py:840} INFO - DAG(s) 'latest_only_with_trigger' retrieved from /home/airflow/.local/lib/python3.12/site-packages/airflow/example_dags/example_latest_only_with_trigger.py
[2026-04-27T23:39:30.986+0000] {logging_mixin.py:188} INFO - [2026-04-27T23:39:30.986+0000] {dag.py:3096} INFO - Sync 1 DAGs
[2026-04-27T23:39:31.011+0000] {logging_mixin.py:188} INFO - [2026-04-27T23:39:31.011+0000] {dag.py:3954} INFO - Setting next_dagrun for latest_only_with_trigger to 2026-04-27 16:00:00+00:00, run_after=2026-04-27 20:00:00+00:00
[2026-04-27T23:39:31.030+0000] {processor.py:183} INFO - Processing /home/airflow/.local/lib/python3.12/site-packages/airflow/example_dags/example_latest_only_with_trigger.py took 0.084 seconds
[2026-04-27T23:40:01.448+0000] {processor.py:161} INFO - Started process (PID=1111) to work on /home/airflow/.local/lib/python3.12/site-packages/airflow/example_dags/example_latest_only_with_trigger.py
[2026-04-27T23:40:01.449+0000] {processor.py:830} INFO - Processing file /home/airflow/.local/lib/python3.12/site-packages/airflow/example_dags/example_latest_only_with_trigger.py for tasks to queue
[2026-04-27T23:40:01.451+0000] {logging_mixin.py:188} INFO - [2026-04-27T23:40:01.451+0000] {dagbag.py:540} INFO - Filling up the DagBag from /home/airflow/.local/lib/python3.12/site-packages/airflow/example_dags/example_latest_only_with_trigger.py
[2026-04-27T23:40:01.458+0000] {processor.py:840} INFO - DAG(s) 'latest_only_with_trigger' retrieved from /home/airflow/.local/lib/python3.12/site-packages/airflow/example_dags/example_latest_only_with_trigger.py
[2026-04-27T23:40:01.482+0000] {logging_mixin.py:188} INFO - [2026-04-27T23:40:01.481+0000] {dag.py:3096} INFO - Sync 1 DAGs
[2026-04-27T23:40:01.504+0000] {logging_mixin.py:188} INFO - [2026-04-27T23:40:01.503+0000] {dag.py:3954} INFO - Setting next_dagrun for latest_only_with_trigger to 2026-04-27 16:00:00+00:00, run_after=2026-04-27 20:00:00+00:00
[2026-04-27T23:40:01.674+0000] {processor.py:183} INFO - Processing /home/airflow/.local/lib/python3.12/site-packages/airflow/example_dags/example_latest_only_with_trigger.py took 0.234 seconds
[2026-04-27T23:40:32.702+0000] {processor.py:161} INFO - Started process (PID=1170) to work on /home/airflow/.local/lib/python3.12/site-packages/airflow/example_dags/example_latest_only_with_trigger.py
[2026-04-27T23:40:32.704+0000] {processor.py:830} INFO - Processing file /home/airflow/.local/lib/python3.12/site-packages/airflow/example_dags/example_latest_only_with_trigger.py for tasks to queue
[2026-04-27T23:40:32.707+0000] {logging_mixin.py:188} INFO - [2026-04-27T23:40:32.707+0000] {dagbag.py:540} INFO - Filling up the DagBag from /home/airflow/.local/lib/python3.12/site-packages/airflow/example_dags/example_latest_only_with_trigger.py
[2026-04-27T23:40:32.714+0000] {processor.py:840} INFO - DAG(s) 'latest_only_with_trigger' retrieved from /home/airflow/.local/lib/python3.12/site-packages/airflow/example_dags/example_latest_only_with_trigger.py
[2026-04-27T23:40:32.740+0000] {logging_mixin.py:188} INFO - [2026-04-27T23:40:32.740+0000] {dag.py:3096} INFO - Sync 1 DAGs
[2026-04-27T23:40:32.767+0000] {logging_mixin.py:188} INFO - [2026-04-27T23:40:32.767+0000] {dag.py:3954} INFO - Setting next_dagrun for latest_only_with_trigger to 2026-04-27 16:00:00+00:00, run_after=2026-04-27 20:00:00+00:00
[2026-04-27T23:40:32.815+0000] {processor.py:183} INFO - Processing /home/airflow/.local/lib/python3.12/site-packages/airflow/example_dags/example_latest_only_with_trigger.py took 0.120 seconds
[2026-04-27T23:41:03.049+0000] {processor.py:161} INFO - Started process (PID=1229) to work on /home/airflow/.local/lib/python3.12/site-packages/airflow/example_dags/example_latest_only_with_trigger.py
[2026-04-27T23:41:03.050+0000] {processor.py:830} INFO - Processing file /home/airflow/.local/lib/python3.12/site-packages/airflow/example_dags/example_latest_only_with_trigger.py for tasks to queue
[2026-04-27T23:41:03.053+0000] {logging_mixin.py:188} INFO - [2026-04-27T23:41:03.052+0000] {dagbag.py:540} INFO - Filling up the DagBag from /home/airflow/.local/lib/python3.12/site-packages/airflow/example_dags/example_latest_only_with_trigger.py
[2026-04-27T23:41:03.059+0000] {processor.py:840} INFO - DAG(s) 'latest_only_with_trigger' retrieved from /home/airflow/.local/lib/python3.12/site-packages/airflow/example_dags/example_latest_only_with_trigger.py
[2026-04-27T23:41:03.085+0000] {logging_mixin.py:188} INFO - [2026-04-27T23:41:03.084+0000] {dag.py:3096} INFO - Sync 1 DAGs
[2026-04-27T23:41:03.114+0000] {logging_mixin.py:188} INFO - [2026-04-27T23:41:03.114+0000] {dag.py:3954} INFO - Setting next_dagrun for latest_only_with_trigger to 2026-04-27 16:00:00+00:00, run_after=2026-04-27 20:00:00+00:00
[2026-04-27T23:41:03.140+0000] {processor.py:183} INFO - Processing /home/airflow/.local/lib/python3.12/site-packages/airflow/example_dags/example_latest_only_with_trigger.py took 0.098 seconds
[2026-04-27T23:41:33.336+0000] {processor.py:161} INFO - Started process (PID=1288) to work on /home/airflow/.local/lib/python3.12/site-packages/airflow/example_dags/example_latest_only_with_trigger.py
[2026-04-27T23:41:33.337+0000] {processor.py:830} INFO - Processing file /home/airflow/.local/lib/python3.12/site-packages/airflow/example_dags/example_latest_only_with_trigger.py for tasks to queue
[2026-04-27T23:41:33.340+0000] {logging_mixin.py:188} INFO - [2026-04-27T23:41:33.339+0000] {dagbag.py:540} INFO - Filling up the DagBag from /home/airflow/.local/lib/python3.12/site-packages/airflow/example_dags/example_latest_only_with_trigger.py
[2026-04-27T23:41:33.346+0000] {processor.py:840} INFO - DAG(s) 'latest_only_with_trigger' retrieved from /home/airflow/.local/lib/python3.12/site-packages/airflow/example_dags/example_latest_only_with_trigger.py
[2026-04-27T23:41:33.370+0000] {logging_mixin.py:188} INFO - [2026-04-27T23:41:33.369+0000] {dag.py:3096} INFO - Sync 1 DAGs
[2026-04-27T23:41:33.557+0000] {logging_mixin.py:188} INFO - [2026-04-27T23:41:33.557+0000] {dag.py:3954} INFO - Setting next_dagrun for latest_only_with_trigger to 2026-04-27 16:00:00+00:00, run_after=2026-04-27 20:00:00+00:00
[2026-04-27T23:41:33.580+0000] {processor.py:183} INFO - Processing /home/airflow/.local/lib/python3.12/site-packages/airflow/example_dags/example_latest_only_with_trigger.py took 0.251 seconds
[2026-04-27T23:42:03.966+0000] {processor.py:161} INFO - Started process (PID=1347) to work on /home/airflow/.local/lib/python3.12/site-packages/airflow/example_dags/example_latest_only_with_trigger.py
[2026-04-27T23:42:03.967+0000] {processor.py:830} INFO - Processing file /home/airflow/.local/lib/python3.12/site-packages/airflow/example_dags/example_latest_only_with_trigger.py for tasks to queue
[2026-04-27T23:42:03.970+0000] {logging_mixin.py:188} INFO - [2026-04-27T23:42:03.970+0000] {dagbag.py:540} INFO - Filling up the DagBag from /home/airflow/.local/lib/python3.12/site-packages/airflow/example_dags/example_latest_only_with_trigger.py
[2026-04-27T23:42:03.977+0000] {processor.py:840} INFO - DAG(s) 'latest_only_with_trigger' retrieved from /home/airflow/.local/lib/python3.12/site-packages/airflow/example_dags/example_latest_only_with_trigger.py
[2026-04-27T23:42:04.005+0000] {logging_mixin.py:188} INFO - [2026-04-27T23:42:04.005+0000] {dag.py:3096} INFO - Sync 1 DAGs
[2026-04-27T23:42:04.044+0000] {logging_mixin.py:188} INFO - [2026-04-27T23:42:04.044+0000] {dag.py:3954} INFO - Setting next_dagrun for latest_only_with_trigger to 2026-04-27 16:00:00+00:00, run_after=2026-04-27 20:00:00+00:00
[2026-04-27T23:42:04.074+0000] {processor.py:183} INFO - Processing /home/airflow/.local/lib/python3.12/site-packages/airflow/example_dags/example_latest_only_with_trigger.py took 0.115 seconds
[2026-04-27T23:42:34.317+0000] {processor.py:161} INFO - Started process (PID=1405) to work on /home/airflow/.local/lib/python3.12/site-packages/airflow/example_dags/example_latest_only_with_trigger.py
[2026-04-27T23:42:34.321+0000] {processor.py:830} INFO - Processing file /home/airflow/.local/lib/python3.12/site-packages/airflow/example_dags/example_latest_only_with_trigger.py for tasks to queue
[2026-04-27T23:42:34.325+0000] {logging_mixin.py:188} INFO - [2026-04-27T23:42:34.324+0000] {dagbag.py:540} INFO - Filling up the DagBag from /home/airflow/.local/lib/python3.12/site-packages/airflow/example_dags/example_latest_only_with_trigger.py
[2026-04-27T23:42:34.335+0000] {processor.py:840} INFO - DAG(s) 'latest_only_with_trigger' retrieved from /home/airflow/.local/lib/python3.12/site-packages/airflow/example_dags/example_latest_only_with_trigger.py
[2026-04-27T23:42:34.378+0000] {logging_mixin.py:188} INFO - [2026-04-27T23:42:34.377+0000] {dag.py:3096} INFO - Sync 1 DAGs
[2026-04-27T23:42:34.416+0000] {logging_mixin.py:188} INFO - [2026-04-27T23:42:34.415+0000] {dag.py:3954} INFO - Setting next_dagrun for latest_only_with_trigger to 2026-04-27 16:00:00+00:00, run_after=2026-04-27 20:00:00+00:00
[2026-04-27T23:42:34.450+0000] {processor.py:183} INFO - Processing /home/airflow/.local/lib/python3.12/site-packages/airflow/example_dags/example_latest_only_with_trigger.py took 0.145 seconds
[2026-04-27T23:43:04.702+0000] {processor.py:161} INFO - Started process (PID=1465) to work on /home/airflow/.local/lib/python3.12/site-packages/airflow/example_dags/example_latest_only_with_trigger.py
[2026-04-27T23:43:04.704+0000] {processor.py:830} INFO - Processing file /home/airflow/.local/lib/python3.12/site-packages/airflow/example_dags/example_latest_only_with_trigger.py for tasks to queue
[2026-04-27T23:43:04.707+0000] {logging_mixin.py:188} INFO - [2026-04-27T23:43:04.706+0000] {dagbag.py:540} INFO - Filling up the DagBag from /home/airflow/.local/lib/python3.12/site-packages/airflow/example_dags/example_latest_only_with_trigger.py
[2026-04-27T23:43:04.714+0000] {processor.py:840} INFO - DAG(s) 'latest_only_with_trigger' retrieved from /home/airflow/.local/lib/python3.12/site-packages/airflow/example_dags/example_latest_only_with_trigger.py
[2026-04-27T23:43:04.739+0000] {logging_mixin.py:188} INFO - [2026-04-27T23:43:04.739+0000] {dag.py:3096} INFO - Sync 1 DAGs
[2026-04-27T23:43:04.763+0000] {logging_mixin.py:188} INFO - [2026-04-27T23:43:04.763+0000] {dag.py:3954} INFO - Setting next_dagrun for latest_only_with_trigger to 2026-04-27 16:00:00+00:00, run_after=2026-04-27 20:00:00+00:00
[2026-04-27T23:43:04.786+0000] {processor.py:183} INFO - Processing /home/airflow/.local/lib/python3.12/site-packages/airflow/example_dags/example_latest_only_with_trigger.py took 0.090 seconds
[2026-04-27T23:43:34.928+0000] {processor.py:161} INFO - Started process (PID=1524) to work on /home/airflow/.local/lib/python3.12/site-packages/airflow/example_dags/example_latest_only_with_trigger.py
[2026-04-27T23:43:34.930+0000] {processor.py:830} INFO - Processing file /home/airflow/.local/lib/python3.12/site-packages/airflow/example_dags/example_latest_only_with_trigger.py for tasks to queue
[2026-04-27T23:43:34.934+0000] {logging_mixin.py:188} INFO - [2026-04-27T23:43:34.933+0000] {dagbag.py:540} INFO - Filling up the DagBag from /home/airflow/.local/lib/python3.12/site-packages/airflow/example_dags/example_latest_only_with_trigger.py
[2026-04-27T23:43:34.948+0000] {processor.py:840} INFO - DAG(s) 'latest_only_with_trigger' retrieved from /home/airflow/.local/lib/python3.12/site-packages/airflow/example_dags/example_latest_only_with_trigger.py
[2026-04-27T23:43:34.989+0000] {logging_mixin.py:188} INFO - [2026-04-27T23:43:34.989+0000] {dag.py:3096} INFO - Sync 1 DAGs
[2026-04-27T23:43:35.035+0000] {logging_mixin.py:188} INFO - [2026-04-27T23:43:35.035+0000] {dag.py:3954} INFO - Setting next_dagrun for latest_only_with_trigger to 2026-04-27 16:00:00+00:00, run_after=2026-04-27 20:00:00+00:00
[2026-04-27T23:43:35.070+0000] {processor.py:183} INFO - Processing /home/airflow/.local/lib/python3.12/site-packages/airflow/example_dags/example_latest_only_with_trigger.py took 0.153 seconds
[2026-04-27T23:44:05.392+0000] {processor.py:161} INFO - Started process (PID=1583) to work on /home/airflow/.local/lib/python3.12/site-packages/airflow/example_dags/example_latest_only_with_trigger.py
[2026-04-27T23:44:05.393+0000] {processor.py:830} INFO - Processing file /home/airflow/.local/lib/python3.12/site-packages/airflow/example_dags/example_latest_only_with_trigger.py for tasks to queue
[2026-04-27T23:44:05.396+0000] {logging_mixin.py:188} INFO - [2026-04-27T23:44:05.396+0000] {dagbag.py:540} INFO - Filling up the DagBag from /home/airflow/.local/lib/python3.12/site-packages/airflow/example_dags/example_latest_only_with_trigger.py
[2026-04-27T23:44:05.403+0000] {processor.py:840} INFO - DAG(s) 'latest_only_with_trigger' retrieved from /home/airflow/.local/lib/python3.12/site-packages/airflow/example_dags/example_latest_only_with_trigger.py
[2026-04-27T23:44:05.436+0000] {logging_mixin.py:188} INFO - [2026-04-27T23:44:05.436+0000] {dag.py:3096} INFO - Sync 1 DAGs
[2026-04-27T23:44:05.463+0000] {logging_mixin.py:188} INFO - [2026-04-27T23:44:05.463+0000] {dag.py:3954} INFO - Setting next_dagrun for latest_only_with_trigger to 2026-04-27 16:00:00+00:00, run_after=2026-04-27 20:00:00+00:00
[2026-04-27T23:44:05.488+0000] {processor.py:183} INFO - Processing /home/airflow/.local/lib/python3.12/site-packages/airflow/example_dags/example_latest_only_with_trigger.py took 0.106 seconds
[2026-04-27T23:44:36.056+0000] {processor.py:161} INFO - Started process (PID=1642) to work on /home/airflow/.local/lib/python3.12/site-packages/airflow/example_dags/example_latest_only_with_trigger.py
[2026-04-27T23:44:36.057+0000] {processor.py:830} INFO - Processing file /home/airflow/.local/lib/python3.12/site-packages/airflow/example_dags/example_latest_only_with_trigger.py for tasks to queue
[2026-04-27T23:44:36.060+0000] {logging_mixin.py:188} INFO - [2026-04-27T23:44:36.060+0000] {dagbag.py:540} INFO - Filling up the DagBag from /home/airflow/.local/lib/python3.12/site-packages/airflow/example_dags/example_latest_only_with_trigger.py
[2026-04-27T23:44:36.068+0000] {processor.py:840} INFO - DAG(s) 'latest_only_with_trigger' retrieved from /home/airflow/.local/lib/python3.12/site-packages/airflow/example_dags/example_latest_only_with_trigger.py
[2026-04-27T23:44:36.094+0000] {logging_mixin.py:188} INFO - [2026-04-27T23:44:36.094+0000] {dag.py:3096} INFO - Sync 1 DAGs
[2026-04-27T23:44:36.163+0000] {logging_mixin.py:188} INFO - [2026-04-27T23:44:36.162+0000] {dag.py:3954} INFO - Setting next_dagrun for latest_only_with_trigger to 2026-04-27 16:00:00+00:00, run_after=2026-04-27 20:00:00+00:00
[2026-04-27T23:44:36.260+0000] {processor.py:183} INFO - Processing /home/airflow/.local/lib/python3.12/site-packages/airflow/example_dags/example_latest_only_with_trigger.py took 0.211 seconds
[2026-04-27T23:45:06.402+0000] {processor.py:161} INFO - Started process (PID=1701) to work on /home/airflow/.local/lib/python3.12/site-packages/airflow/example_dags/example_latest_only_with_trigger.py
[2026-04-27T23:45:06.404+0000] {processor.py:830} INFO - Processing file /home/airflow/.local/lib/python3.12/site-packages/airflow/example_dags/example_latest_only_with_trigger.py for tasks to queue
[2026-04-27T23:45:06.407+0000] {logging_mixin.py:188} INFO - [2026-04-27T23:45:06.406+0000] {dagbag.py:540} INFO - Filling up the DagBag from /home/airflow/.local/lib/python3.12/site-packages/airflow/example_dags/example_latest_only_with_trigger.py
[2026-04-27T23:45:06.416+0000] {processor.py:840} INFO - DAG(s) 'latest_only_with_trigger' retrieved from /home/airflow/.local/lib/python3.12/site-packages/airflow/example_dags/example_latest_only_with_trigger.py
[2026-04-27T23:45:06.451+0000] {logging_mixin.py:188} INFO - [2026-04-27T23:45:06.450+0000] {dag.py:3096} INFO - Sync 1 DAGs
[2026-04-27T23:45:06.487+0000] {logging_mixin.py:188} INFO - [2026-04-27T23:45:06.486+0000] {dag.py:3954} INFO - Setting next_dagrun for latest_only_with_trigger to 2026-04-27 16:00:00+00:00, run_after=2026-04-27 20:00:00+00:00
[2026-04-27T23:45:06.515+0000] {processor.py:183} INFO - Processing /home/airflow/.local/lib/python3.12/site-packages/airflow/example_dags/example_latest_only_with_trigger.py took 0.121 seconds
[2026-04-27T23:45:37.690+0000] {processor.py:161} INFO - Started process (PID=1760) to work on /home/airflow/.local/lib/python3.12/site-packages/airflow/example_dags/example_latest_only_with_trigger.py
[2026-04-27T23:45:37.692+0000] {processor.py:830} INFO - Processing file /home/airflow/.local/lib/python3.12/site-packages/airflow/example_dags/example_latest_only_with_trigger.py for tasks to queue
[2026-04-27T23:45:37.696+0000] {logging_mixin.py:188} INFO - [2026-04-27T23:45:37.695+0000] {dagbag.py:540} INFO - Filling up the DagBag from /home/airflow/.local/lib/python3.12/site-packages/airflow/example_dags/example_latest_only_with_trigger.py
[2026-04-27T23:45:37.705+0000] {processor.py:840} INFO - DAG(s) 'latest_only_with_trigger' retrieved from /home/airflow/.local/lib/python3.12/site-packages/airflow/example_dags/example_latest_only_with_trigger.py
[2026-04-27T23:45:37.741+0000] {logging_mixin.py:188} INFO - [2026-04-27T23:45:37.741+0000] {dag.py:3096} INFO - Sync 1 DAGs
[2026-04-27T23:45:37.801+0000] {logging_mixin.py:188} INFO - [2026-04-27T23:45:37.801+0000] {dag.py:3954} INFO - Setting next_dagrun for latest_only_with_trigger to 2026-04-27 16:00:00+00:00, run_after=2026-04-27 20:00:00+00:00
[2026-04-27T23:45:37.837+0000] {processor.py:183} INFO - Processing /home/airflow/.local/lib/python3.12/site-packages/airflow/example_dags/example_latest_only_with_trigger.py took 0.154 seconds
[2026-04-27T23:46:08.120+0000] {processor.py:161} INFO - Started process (PID=1827) to work on /home/airflow/.local/lib/python3.12/site-packages/airflow/example_dags/example_latest_only_with_trigger.py
[2026-04-27T23:46:08.122+0000] {processor.py:830} INFO - Processing file /home/airflow/.local/lib/python3.12/site-packages/airflow/example_dags/example_latest_only_with_trigger.py for tasks to queue
[2026-04-27T23:46:08.125+0000] {logging_mixin.py:188} INFO - [2026-04-27T23:46:08.125+0000] {dagbag.py:540} INFO - Filling up the DagBag from /home/airflow/.local/lib/python3.12/site-packages/airflow/example_dags/example_latest_only_with_trigger.py
[2026-04-27T23:46:08.132+0000] {processor.py:840} INFO - DAG(s) 'latest_only_with_trigger' retrieved from /home/airflow/.local/lib/python3.12/site-packages/airflow/example_dags/example_latest_only_with_trigger.py
[2026-04-27T23:46:08.157+0000] {logging_mixin.py:188} INFO - [2026-04-27T23:46:08.157+0000] {dag.py:3096} INFO - Sync 1 DAGs
[2026-04-27T23:46:08.182+0000] {logging_mixin.py:188} INFO - [2026-04-27T23:46:08.182+0000] {dag.py:3954} INFO - Setting next_dagrun for latest_only_with_trigger to 2026-04-27 16:00:00+00:00, run_after=2026-04-27 20:00:00+00:00
[2026-04-27T23:46:08.207+0000] {processor.py:183} INFO - Processing /home/airflow/.local/lib/python3.12/site-packages/airflow/example_dags/example_latest_only_with_trigger.py took 0.094 seconds
[2026-04-27T23:46:38.833+0000] {processor.py:161} INFO - Started process (PID=1886) to work on /home/airflow/.local/lib/python3.12/site-packages/airflow/example_dags/example_latest_only_with_trigger.py
[2026-04-27T23:46:38.834+0000] {processor.py:830} INFO - Processing file /home/airflow/.local/lib/python3.12/site-packages/airflow/example_dags/example_latest_only_with_trigger.py for tasks to queue
[2026-04-27T23:46:38.837+0000] {logging_mixin.py:188} INFO - [2026-04-27T23:46:38.837+0000] {dagbag.py:540} INFO - Filling up the DagBag from /home/airflow/.local/lib/python3.12/site-packages/airflow/example_dags/example_latest_only_with_trigger.py
[2026-04-27T23:46:38.844+0000] {processor.py:840} INFO - DAG(s) 'latest_only_with_trigger' retrieved from /home/airflow/.local/lib/python3.12/site-packages/airflow/example_dags/example_latest_only_with_trigger.py
[2026-04-27T23:46:38.869+0000] {logging_mixin.py:188} INFO - [2026-04-27T23:46:38.869+0000] {dag.py:3096} INFO - Sync 1 DAGs
[2026-04-27T23:46:38.895+0000] {logging_mixin.py:188} INFO - [2026-04-27T23:46:38.894+0000] {dag.py:3954} INFO - Setting next_dagrun for latest_only_with_trigger to 2026-04-27 16:00:00+00:00, run_after=2026-04-27 20:00:00+00:00
[2026-04-27T23:46:38.915+0000] {processor.py:183} INFO - Processing /home/airflow/.local/lib/python3.12/site-packages/airflow/example_dags/example_latest_only_with_trigger.py took 0.089 seconds
[2026-04-27T23:47:09.192+0000] {processor.py:161} INFO - Started process (PID=1945) to work on /home/airflow/.local/lib/python3.12/site-packages/airflow/example_dags/example_latest_only_with_trigger.py
[2026-04-27T23:47:09.194+0000] {processor.py:830} INFO - Processing file /home/airflow/.local/lib/python3.12/site-packages/airflow/example_dags/example_latest_only_with_trigger.py for tasks to queue
[2026-04-27T23:47:09.196+0000] {logging_mixin.py:188} INFO - [2026-04-27T23:47:09.196+0000] {dagbag.py:540} INFO - Filling up the DagBag from /home/airflow/.local/lib/python3.12/site-packages/airflow/example_dags/example_latest_only_with_trigger.py
[2026-04-27T23:47:09.205+0000] {processor.py:840} INFO - DAG(s) 'latest_only_with_trigger' retrieved from /home/airflow/.local/lib/python3.12/site-packages/airflow/example_dags/example_latest_only_with_trigger.py
[2026-04-27T23:47:09.226+0000] {logging_mixin.py:188} INFO - [2026-04-27T23:47:09.225+0000] {dag.py:3096} INFO - Sync 1 DAGs
[2026-04-27T23:47:09.261+0000] {logging_mixin.py:188} INFO - [2026-04-27T23:47:09.260+0000] {dag.py:3954} INFO - Setting next_dagrun for latest_only_with_trigger to 2026-04-27 16:00:00+00:00, run_after=2026-04-27 20:00:00+00:00
[2026-04-27T23:47:09.285+0000] {processor.py:183} INFO - Processing /home/airflow/.local/lib/python3.12/site-packages/airflow/example_dags/example_latest_only_with_trigger.py took 0.102 seconds
[2026-04-27T23:47:39.972+0000] {processor.py:161} INFO - Started process (PID=2004) to work on /home/airflow/.local/lib/python3.12/site-packages/airflow/example_dags/example_latest_only_with_trigger.py
[2026-04-27T23:47:39.973+0000] {processor.py:830} INFO - Processing file /home/airflow/.local/lib/python3.12/site-packages/airflow/example_dags/example_latest_only_with_trigger.py for tasks to queue
[2026-04-27T23:47:39.975+0000] {logging_mixin.py:188} INFO - [2026-04-27T23:47:39.975+0000] {dagbag.py:540} INFO - Filling up the DagBag from /home/airflow/.local/lib/python3.12/site-packages/airflow/example_dags/example_latest_only_with_trigger.py
[2026-04-27T23:47:39.983+0000] {processor.py:840} INFO - DAG(s) 'latest_only_with_trigger' retrieved from /home/airflow/.local/lib/python3.12/site-packages/airflow/example_dags/example_latest_only_with_trigger.py
[2026-04-27T23:47:40.104+0000] {logging_mixin.py:188} INFO - [2026-04-27T23:47:40.104+0000] {dag.py:3096} INFO - Sync 1 DAGs
[2026-04-27T23:47:40.127+0000] {logging_mixin.py:188} INFO - [2026-04-27T23:47:40.127+0000] {dag.py:3954} INFO - Setting next_dagrun for latest_only_with_trigger to 2026-04-27 16:00:00+00:00, run_after=2026-04-27 20:00:00+00:00
[2026-04-27T23:47:40.149+0000] {processor.py:183} INFO - Processing /home/airflow/.local/lib/python3.12/site-packages/airflow/example_dags/example_latest_only_with_trigger.py took 0.185 seconds
[2026-04-27T23:48:10.717+0000] {processor.py:161} INFO - Started process (PID=2063) to work on /home/airflow/.local/lib/python3.12/site-packages/airflow/example_dags/example_latest_only_with_trigger.py
[2026-04-27T23:48:10.718+0000] {processor.py:830} INFO - Processing file /home/airflow/.local/lib/python3.12/site-packages/airflow/example_dags/example_latest_only_with_trigger.py for tasks to queue
[2026-04-27T23:48:10.721+0000] {logging_mixin.py:188} INFO - [2026-04-27T23:48:10.721+0000] {dagbag.py:540} INFO - Filling up the DagBag from /home/airflow/.local/lib/python3.12/site-packages/airflow/example_dags/example_latest_only_with_trigger.py
[2026-04-27T23:48:10.729+0000] {processor.py:840} INFO - DAG(s) 'latest_only_with_trigger' retrieved from /home/airflow/.local/lib/python3.12/site-packages/airflow/example_dags/example_latest_only_with_trigger.py
[2026-04-27T23:48:10.754+0000] {logging_mixin.py:188} INFO - [2026-04-27T23:48:10.754+0000] {dag.py:3096} INFO - Sync 1 DAGs
[2026-04-27T23:48:10.780+0000] {logging_mixin.py:188} INFO - [2026-04-27T23:48:10.780+0000] {dag.py:3954} INFO - Setting next_dagrun for latest_only_with_trigger to 2026-04-27 16:00:00+00:00, run_after=2026-04-27 20:00:00+00:00
[2026-04-27T23:48:10.803+0000] {processor.py:183} INFO - Processing /home/airflow/.local/lib/python3.12/site-packages/airflow/example_dags/example_latest_only_with_trigger.py took 0.095 seconds
[2026-04-27T23:48:40.976+0000] {processor.py:161} INFO - Started process (PID=2122) to work on /home/airflow/.local/lib/python3.12/site-packages/airflow/example_dags/example_latest_only_with_trigger.py
[2026-04-27T23:48:40.978+0000] {processor.py:830} INFO - Processing file /home/airflow/.local/lib/python3.12/site-packages/airflow/example_dags/example_latest_only_with_trigger.py for tasks to queue
[2026-04-27T23:48:40.980+0000] {logging_mixin.py:188} INFO - [2026-04-27T23:48:40.980+0000] {dagbag.py:540} INFO - Filling up the DagBag from /home/airflow/.local/lib/python3.12/site-packages/airflow/example_dags/example_latest_only_with_trigger.py
[2026-04-27T23:48:40.987+0000] {processor.py:840} INFO - DAG(s) 'latest_only_with_trigger' retrieved from /home/airflow/.local/lib/python3.12/site-packages/airflow/example_dags/example_latest_only_with_trigger.py
[2026-04-27T23:48:41.010+0000] {logging_mixin.py:188} INFO - [2026-04-27T23:48:41.010+0000] {dag.py:3096} INFO - Sync 1 DAGs
[2026-04-27T23:48:41.033+0000] {logging_mixin.py:188} INFO - [2026-04-27T23:48:41.033+0000] {dag.py:3954} INFO - Setting next_dagrun for latest_only_with_trigger to 2026-04-27 16:00:00+00:00, run_after=2026-04-27 20:00:00+00:00
[2026-04-27T23:48:41.054+0000] {processor.py:183} INFO - Processing /home/airflow/.local/lib/python3.12/site-packages/airflow/example_dags/example_latest_only_with_trigger.py took 0.085 seconds
[2026-04-27T23:49:11.332+0000] {processor.py:161} INFO - Started process (PID=2178) to work on /home/airflow/.local/lib/python3.12/site-packages/airflow/example_dags/example_latest_only_with_trigger.py
[2026-04-27T23:49:11.333+0000] {processor.py:830} INFO - Processing file /home/airflow/.local/lib/python3.12/site-packages/airflow/example_dags/example_latest_only_with_trigger.py for tasks to queue
[2026-04-27T23:49:11.336+0000] {logging_mixin.py:188} INFO - [2026-04-27T23:49:11.336+0000] {dagbag.py:540} INFO - Filling up the DagBag from /home/airflow/.local/lib/python3.12/site-packages/airflow/example_dags/example_latest_only_with_trigger.py
[2026-04-27T23:49:11.342+0000] {processor.py:840} INFO - DAG(s) 'latest_only_with_trigger' retrieved from /home/airflow/.local/lib/python3.12/site-packages/airflow/example_dags/example_latest_only_with_trigger.py
[2026-04-27T23:49:11.366+0000] {logging_mixin.py:188} INFO - [2026-04-27T23:49:11.366+0000] {dag.py:3096} INFO - Sync 1 DAGs
[2026-04-27T23:49:11.390+0000] {logging_mixin.py:188} INFO - [2026-04-27T23:49:11.390+0000] {dag.py:3954} INFO - Setting next_dagrun for latest_only_with_trigger to 2026-04-27 16:00:00+00:00, run_after=2026-04-27 20:00:00+00:00
[2026-04-27T23:49:11.416+0000] {processor.py:183} INFO - Processing /home/airflow/.local/lib/python3.12/site-packages/airflow/example_dags/example_latest_only_with_trigger.py took 0.091 seconds
[2026-04-27T23:49:41.562+0000] {processor.py:161} INFO - Started process (PID=2237) to work on /home/airflow/.local/lib/python3.12/site-packages/airflow/example_dags/example_latest_only_with_trigger.py
[2026-04-27T23:49:41.563+0000] {processor.py:830} INFO - Processing file /home/airflow/.local/lib/python3.12/site-packages/airflow/example_dags/example_latest_only_with_trigger.py for tasks to queue
[2026-04-27T23:49:41.566+0000] {logging_mixin.py:188} INFO - [2026-04-27T23:49:41.565+0000] {dagbag.py:540} INFO - Filling up the DagBag from /home/airflow/.local/lib/python3.12/site-packages/airflow/example_dags/example_latest_only_with_trigger.py
[2026-04-27T23:49:41.572+0000] {processor.py:840} INFO - DAG(s) 'latest_only_with_trigger' retrieved from /home/airflow/.local/lib/python3.12/site-packages/airflow/example_dags/example_latest_only_with_trigger.py
[2026-04-27T23:49:41.597+0000] {logging_mixin.py:188} INFO - [2026-04-27T23:49:41.596+0000] {dag.py:3096} INFO - Sync 1 DAGs
[2026-04-27T23:49:41.620+0000] {logging_mixin.py:188} INFO - [2026-04-27T23:49:41.619+0000] {dag.py:3954} INFO - Setting next_dagrun for latest_only_with_trigger to 2026-04-27 16:00:00+00:00, run_after=2026-04-27 20:00:00+00:00
[2026-04-27T23:49:41.649+0000] {processor.py:183} INFO - Processing /home/airflow/.local/lib/python3.12/site-packages/airflow/example_dags/example_latest_only_with_trigger.py took 0.093 seconds
[2026-04-27T23:50:12.190+0000] {processor.py:161} INFO - Started process (PID=2296) to work on /home/airflow/.local/lib/python3.12/site-packages/airflow/example_dags/example_latest_only_with_trigger.py
[2026-04-27T23:50:12.191+0000] {processor.py:830} INFO - Processing file /home/airflow/.local/lib/python3.12/site-packages/airflow/example_dags/example_latest_only_with_trigger.py for tasks to queue
[2026-04-27T23:50:12.194+0000] {logging_mixin.py:188} INFO - [2026-04-27T23:50:12.194+0000] {dagbag.py:540} INFO - Filling up the DagBag from /home/airflow/.local/lib/python3.12/site-packages/airflow/example_dags/example_latest_only_with_trigger.py
[2026-04-27T23:50:12.201+0000] {processor.py:840} INFO - DAG(s) 'latest_only_with_trigger' retrieved from /home/airflow/.local/lib/python3.12/site-packages/airflow/example_dags/example_latest_only_with_trigger.py
[2026-04-27T23:50:12.225+0000] {logging_mixin.py:188} INFO - [2026-04-27T23:50:12.225+0000] {dag.py:3096} INFO - Sync 1 DAGs
[2026-04-27T23:50:12.249+0000] {logging_mixin.py:188} INFO - [2026-04-27T23:50:12.248+0000] {dag.py:3954} INFO - Setting next_dagrun for latest_only_with_trigger to 2026-04-27 16:00:00+00:00, run_after=2026-04-27 20:00:00+00:00
[2026-04-27T23:50:12.271+0000] {processor.py:183} INFO - Processing /home/airflow/.local/lib/python3.12/site-packages/airflow/example_dags/example_latest_only_with_trigger.py took 0.087 seconds
[2026-04-27T23:58:35.248+0000] {processor.py:161} INFO - Started process (PID=101) to work on /home/airflow/.local/lib/python3.12/site-packages/airflow/example_dags/example_latest_only_with_trigger.py
[2026-04-27T23:58:35.260+0000] {processor.py:830} INFO - Processing file /home/airflow/.local/lib/python3.12/site-packages/airflow/example_dags/example_latest_only_with_trigger.py for tasks to queue
[2026-04-27T23:58:35.263+0000] {logging_mixin.py:188} INFO - [2026-04-27T23:58:35.262+0000] {dagbag.py:540} INFO - Filling up the DagBag from /home/airflow/.local/lib/python3.12/site-packages/airflow/example_dags/example_latest_only_with_trigger.py
[2026-04-27T23:58:35.269+0000] {processor.py:840} INFO - DAG(s) 'latest_only_with_trigger' retrieved from /home/airflow/.local/lib/python3.12/site-packages/airflow/example_dags/example_latest_only_with_trigger.py
[2026-04-27T23:58:35.382+0000] {logging_mixin.py:188} INFO - [2026-04-27T23:58:35.382+0000] {dag.py:3096} INFO - Sync 1 DAGs
[2026-04-27T23:58:35.402+0000] {logging_mixin.py:188} INFO - [2026-04-27T23:58:35.402+0000] {dag.py:3954} INFO - Setting next_dagrun for latest_only_with_trigger to 2026-04-27 16:00:00+00:00, run_after=2026-04-27 20:00:00+00:00
[2026-04-27T23:58:35.426+0000] {processor.py:183} INFO - Processing /home/airflow/.local/lib/python3.12/site-packages/airflow/example_dags/example_latest_only_with_trigger.py took 0.185 seconds
[2026-04-27T23:59:48.751+0000] {processor.py:161} INFO - Started process (PID=95) to work on /home/airflow/.local/lib/python3.12/site-packages/airflow/example_dags/example_latest_only_with_trigger.py
[2026-04-27T23:59:48.778+0000] {processor.py:830} INFO - Processing file /home/airflow/.local/lib/python3.12/site-packages/airflow/example_dags/example_latest_only_with_trigger.py for tasks to queue
[2026-04-27T23:59:48.789+0000] {logging_mixin.py:188} INFO - [2026-04-27T23:59:48.786+0000] {dagbag.py:540} INFO - Filling up the DagBag from /home/airflow/.local/lib/python3.12/site-packages/airflow/example_dags/example_latest_only_with_trigger.py
[2026-04-27T23:59:48.803+0000] {processor.py:840} INFO - DAG(s) 'latest_only_with_trigger' retrieved from /home/airflow/.local/lib/python3.12/site-packages/airflow/example_dags/example_latest_only_with_trigger.py
[2026-04-27T23:59:48.833+0000] {logging_mixin.py:188} INFO - [2026-04-27T23:59:48.833+0000] {dag.py:3096} INFO - Sync 1 DAGs
[2026-04-27T23:59:48.862+0000] {logging_mixin.py:188} INFO - [2026-04-27T23:59:48.862+0000] {dag.py:3954} INFO - Setting next_dagrun for latest_only_with_trigger to 2026-04-27 16:00:00+00:00, run_after=2026-04-27 20:00:00+00:00
[2026-04-27T23:59:48.884+0000] {processor.py:183} INFO - Processing /home/airflow/.local/lib/python3.12/site-packages/airflow/example_dags/example_latest_only_with_trigger.py took 0.139 seconds
