[2026-04-27T23:30:31.003+0000] {processor.py:161} INFO - Started process (PID=109) to work on /home/airflow/.local/lib/python3.12/site-packages/airflow/example_dags/example_nested_branch_dag.py
[2026-04-27T23:30:31.005+0000] {processor.py:830} INFO - Processing file /home/airflow/.local/lib/python3.12/site-packages/airflow/example_dags/example_nested_branch_dag.py for tasks to queue
[2026-04-27T23:30:31.007+0000] {logging_mixin.py:188} INFO - [2026-04-27T23:30:31.007+0000] {dagbag.py:540} INFO - Filling up the DagBag from /home/airflow/.local/lib/python3.12/site-packages/airflow/example_dags/example_nested_branch_dag.py
[2026-04-27T23:30:31.018+0000] {processor.py:840} INFO - DAG(s) 'example_nested_branch_dag' retrieved from /home/airflow/.local/lib/python3.12/site-packages/airflow/example_dags/example_nested_branch_dag.py
[2026-04-27T23:30:31.046+0000] {logging_mixin.py:188} INFO - [2026-04-27T23:30:31.046+0000] {dag.py:3096} INFO - Sync 1 DAGs
[2026-04-27T23:30:31.074+0000] {logging_mixin.py:188} INFO - [2026-04-27T23:30:31.074+0000] {dag.py:3954} INFO - Setting next_dagrun for example_nested_branch_dag to 2026-04-26 00:00:00+00:00, run_after=2026-04-27 00:00:00+00:00
[2026-04-27T23:30:31.260+0000] {processor.py:183} INFO - Processing /home/airflow/.local/lib/python3.12/site-packages/airflow/example_dags/example_nested_branch_dag.py took 0.263 seconds
[2026-04-27T23:31:01.869+0000] {processor.py:161} INFO - Started process (PID=168) to work on /home/airflow/.local/lib/python3.12/site-packages/airflow/example_dags/example_nested_branch_dag.py
[2026-04-27T23:31:01.871+0000] {processor.py:830} INFO - Processing file /home/airflow/.local/lib/python3.12/site-packages/airflow/example_dags/example_nested_branch_dag.py for tasks to queue
[2026-04-27T23:31:01.873+0000] {logging_mixin.py:188} INFO - [2026-04-27T23:31:01.873+0000] {dagbag.py:540} INFO - Filling up the DagBag from /home/airflow/.local/lib/python3.12/site-packages/airflow/example_dags/example_nested_branch_dag.py
[2026-04-27T23:31:01.884+0000] {processor.py:840} INFO - DAG(s) 'example_nested_branch_dag' retrieved from /home/airflow/.local/lib/python3.12/site-packages/airflow/example_dags/example_nested_branch_dag.py
[2026-04-27T23:31:01.909+0000] {logging_mixin.py:188} INFO - [2026-04-27T23:31:01.909+0000] {dag.py:3096} INFO - Sync 1 DAGs
[2026-04-27T23:31:01.932+0000] {logging_mixin.py:188} INFO - [2026-04-27T23:31:01.932+0000] {dag.py:3954} INFO - Setting next_dagrun for example_nested_branch_dag to 2026-04-26 00:00:00+00:00, run_after=2026-04-27 00:00:00+00:00
[2026-04-27T23:31:02.295+0000] {processor.py:183} INFO - Processing /home/airflow/.local/lib/python3.12/site-packages/airflow/example_dags/example_nested_branch_dag.py took 0.436 seconds
[2026-04-27T23:32:22.315+0000] {processor.py:161} INFO - Started process (PID=239) to work on /home/airflow/.local/lib/python3.12/site-packages/airflow/example_dags/example_nested_branch_dag.py
[2026-04-27T23:32:22.856+0000] {processor.py:830} INFO - Processing file /home/airflow/.local/lib/python3.12/site-packages/airflow/example_dags/example_nested_branch_dag.py for tasks to queue
[2026-04-27T23:32:22.859+0000] {logging_mixin.py:188} INFO - [2026-04-27T23:32:22.859+0000] {dagbag.py:540} INFO - Filling up the DagBag from /home/airflow/.local/lib/python3.12/site-packages/airflow/example_dags/example_nested_branch_dag.py
[2026-04-27T23:32:22.870+0000] {processor.py:840} INFO - DAG(s) 'example_nested_branch_dag' retrieved from /home/airflow/.local/lib/python3.12/site-packages/airflow/example_dags/example_nested_branch_dag.py
[2026-04-27T23:32:23.407+0000] {logging_mixin.py:188} INFO - [2026-04-27T23:32:23.406+0000] {dag.py:3096} INFO - Sync 1 DAGs
[2026-04-27T23:32:24.043+0000] {logging_mixin.py:188} INFO - [2026-04-27T23:32:24.043+0000] {dag.py:3954} INFO - Setting next_dagrun for example_nested_branch_dag to 2026-04-26 00:00:00+00:00, run_after=2026-04-27 00:00:00+00:00
[2026-04-27T23:32:24.065+0000] {processor.py:183} INFO - Processing /home/airflow/.local/lib/python3.12/site-packages/airflow/example_dags/example_nested_branch_dag.py took 1.758 seconds
[2026-04-27T23:32:55.811+0000] {processor.py:161} INFO - Started process (PID=298) to work on /home/airflow/.local/lib/python3.12/site-packages/airflow/example_dags/example_nested_branch_dag.py
[2026-04-27T23:32:55.813+0000] {processor.py:830} INFO - Processing file /home/airflow/.local/lib/python3.12/site-packages/airflow/example_dags/example_nested_branch_dag.py for tasks to queue
[2026-04-27T23:32:55.815+0000] {logging_mixin.py:188} INFO - [2026-04-27T23:32:55.815+0000] {dagbag.py:540} INFO - Filling up the DagBag from /home/airflow/.local/lib/python3.12/site-packages/airflow/example_dags/example_nested_branch_dag.py
[2026-04-27T23:32:55.827+0000] {processor.py:840} INFO - DAG(s) 'example_nested_branch_dag' retrieved from /home/airflow/.local/lib/python3.12/site-packages/airflow/example_dags/example_nested_branch_dag.py
[2026-04-27T23:32:55.852+0000] {logging_mixin.py:188} INFO - [2026-04-27T23:32:55.851+0000] {dag.py:3096} INFO - Sync 1 DAGs
[2026-04-27T23:32:55.877+0000] {logging_mixin.py:188} INFO - [2026-04-27T23:32:55.876+0000] {dag.py:3954} INFO - Setting next_dagrun for example_nested_branch_dag to 2026-04-26 00:00:00+00:00, run_after=2026-04-27 00:00:00+00:00
[2026-04-27T23:32:55.898+0000] {processor.py:183} INFO - Processing /home/airflow/.local/lib/python3.12/site-packages/airflow/example_dags/example_nested_branch_dag.py took 0.093 seconds
[2026-04-27T23:33:26.474+0000] {processor.py:161} INFO - Started process (PID=351) to work on /home/airflow/.local/lib/python3.12/site-packages/airflow/example_dags/example_nested_branch_dag.py
[2026-04-27T23:33:26.475+0000] {processor.py:830} INFO - Processing file /home/airflow/.local/lib/python3.12/site-packages/airflow/example_dags/example_nested_branch_dag.py for tasks to queue
[2026-04-27T23:33:26.477+0000] {logging_mixin.py:188} INFO - [2026-04-27T23:33:26.477+0000] {dagbag.py:540} INFO - Filling up the DagBag from /home/airflow/.local/lib/python3.12/site-packages/airflow/example_dags/example_nested_branch_dag.py
[2026-04-27T23:33:26.488+0000] {processor.py:840} INFO - DAG(s) 'example_nested_branch_dag' retrieved from /home/airflow/.local/lib/python3.12/site-packages/airflow/example_dags/example_nested_branch_dag.py
[2026-04-27T23:33:26.512+0000] {logging_mixin.py:188} INFO - [2026-04-27T23:33:26.512+0000] {dag.py:3096} INFO - Sync 1 DAGs
[2026-04-27T23:33:26.534+0000] {logging_mixin.py:188} INFO - [2026-04-27T23:33:26.534+0000] {dag.py:3954} INFO - Setting next_dagrun for example_nested_branch_dag to 2026-04-26 00:00:00+00:00, run_after=2026-04-27 00:00:00+00:00
[2026-04-27T23:33:26.554+0000] {processor.py:183} INFO - Processing /home/airflow/.local/lib/python3.12/site-packages/airflow/example_dags/example_nested_branch_dag.py took 0.087 seconds
[2026-04-27T23:33:56.961+0000] {processor.py:161} INFO - Started process (PID=410) to work on /home/airflow/.local/lib/python3.12/site-packages/airflow/example_dags/example_nested_branch_dag.py
[2026-04-27T23:33:56.962+0000] {processor.py:830} INFO - Processing file /home/airflow/.local/lib/python3.12/site-packages/airflow/example_dags/example_nested_branch_dag.py for tasks to queue
[2026-04-27T23:33:56.965+0000] {logging_mixin.py:188} INFO - [2026-04-27T23:33:56.964+0000] {dagbag.py:540} INFO - Filling up the DagBag from /home/airflow/.local/lib/python3.12/site-packages/airflow/example_dags/example_nested_branch_dag.py
[2026-04-27T23:33:56.977+0000] {processor.py:840} INFO - DAG(s) 'example_nested_branch_dag' retrieved from /home/airflow/.local/lib/python3.12/site-packages/airflow/example_dags/example_nested_branch_dag.py
[2026-04-27T23:33:57.004+0000] {logging_mixin.py:188} INFO - [2026-04-27T23:33:57.003+0000] {dag.py:3096} INFO - Sync 1 DAGs
[2026-04-27T23:33:57.028+0000] {logging_mixin.py:188} INFO - [2026-04-27T23:33:57.028+0000] {dag.py:3954} INFO - Setting next_dagrun for example_nested_branch_dag to 2026-04-26 00:00:00+00:00, run_after=2026-04-27 00:00:00+00:00
[2026-04-27T23:33:57.048+0000] {processor.py:183} INFO - Processing /home/airflow/.local/lib/python3.12/site-packages/airflow/example_dags/example_nested_branch_dag.py took 0.095 seconds
[2026-04-27T23:34:28.760+0000] {processor.py:161} INFO - Started process (PID=472) to work on /home/airflow/.local/lib/python3.12/site-packages/airflow/example_dags/example_nested_branch_dag.py
[2026-04-27T23:34:28.762+0000] {processor.py:830} INFO - Processing file /home/airflow/.local/lib/python3.12/site-packages/airflow/example_dags/example_nested_branch_dag.py for tasks to queue
[2026-04-27T23:34:28.764+0000] {logging_mixin.py:188} INFO - [2026-04-27T23:34:28.764+0000] {dagbag.py:540} INFO - Filling up the DagBag from /home/airflow/.local/lib/python3.12/site-packages/airflow/example_dags/example_nested_branch_dag.py
[2026-04-27T23:34:28.775+0000] {processor.py:840} INFO - DAG(s) 'example_nested_branch_dag' retrieved from /home/airflow/.local/lib/python3.12/site-packages/airflow/example_dags/example_nested_branch_dag.py
[2026-04-27T23:34:29.906+0000] {logging_mixin.py:188} INFO - [2026-04-27T23:34:29.905+0000] {dag.py:3096} INFO - Sync 1 DAGs
[2026-04-27T23:34:30.375+0000] {logging_mixin.py:188} INFO - [2026-04-27T23:34:30.375+0000] {dag.py:3954} INFO - Setting next_dagrun for example_nested_branch_dag to 2026-04-26 00:00:00+00:00, run_after=2026-04-27 00:00:00+00:00
[2026-04-27T23:34:30.398+0000] {processor.py:183} INFO - Processing /home/airflow/.local/lib/python3.12/site-packages/airflow/example_dags/example_nested_branch_dag.py took 1.644 seconds
[2026-04-27T23:35:01.187+0000] {processor.py:161} INFO - Started process (PID=540) to work on /home/airflow/.local/lib/python3.12/site-packages/airflow/example_dags/example_nested_branch_dag.py
[2026-04-27T23:35:01.189+0000] {processor.py:830} INFO - Processing file /home/airflow/.local/lib/python3.12/site-packages/airflow/example_dags/example_nested_branch_dag.py for tasks to queue
[2026-04-27T23:35:01.191+0000] {logging_mixin.py:188} INFO - [2026-04-27T23:35:01.191+0000] {dagbag.py:540} INFO - Filling up the DagBag from /home/airflow/.local/lib/python3.12/site-packages/airflow/example_dags/example_nested_branch_dag.py
[2026-04-27T23:35:01.202+0000] {processor.py:840} INFO - DAG(s) 'example_nested_branch_dag' retrieved from /home/airflow/.local/lib/python3.12/site-packages/airflow/example_dags/example_nested_branch_dag.py
[2026-04-27T23:35:01.225+0000] {logging_mixin.py:188} INFO - [2026-04-27T23:35:01.224+0000] {dag.py:3096} INFO - Sync 1 DAGs
[2026-04-27T23:35:01.247+0000] {logging_mixin.py:188} INFO - [2026-04-27T23:35:01.247+0000] {dag.py:3954} INFO - Setting next_dagrun for example_nested_branch_dag to 2026-04-26 00:00:00+00:00, run_after=2026-04-27 00:00:00+00:00
[2026-04-27T23:35:01.285+0000] {processor.py:183} INFO - Processing /home/airflow/.local/lib/python3.12/site-packages/airflow/example_dags/example_nested_branch_dag.py took 0.104 seconds
[2026-04-27T23:35:31.588+0000] {processor.py:161} INFO - Started process (PID=599) to work on /home/airflow/.local/lib/python3.12/site-packages/airflow/example_dags/example_nested_branch_dag.py
[2026-04-27T23:35:31.589+0000] {processor.py:830} INFO - Processing file /home/airflow/.local/lib/python3.12/site-packages/airflow/example_dags/example_nested_branch_dag.py for tasks to queue
[2026-04-27T23:35:31.592+0000] {logging_mixin.py:188} INFO - [2026-04-27T23:35:31.591+0000] {dagbag.py:540} INFO - Filling up the DagBag from /home/airflow/.local/lib/python3.12/site-packages/airflow/example_dags/example_nested_branch_dag.py
[2026-04-27T23:35:31.603+0000] {processor.py:840} INFO - DAG(s) 'example_nested_branch_dag' retrieved from /home/airflow/.local/lib/python3.12/site-packages/airflow/example_dags/example_nested_branch_dag.py
[2026-04-27T23:35:31.627+0000] {logging_mixin.py:188} INFO - [2026-04-27T23:35:31.627+0000] {dag.py:3096} INFO - Sync 1 DAGs
[2026-04-27T23:35:31.652+0000] {logging_mixin.py:188} INFO - [2026-04-27T23:35:31.652+0000] {dag.py:3954} INFO - Setting next_dagrun for example_nested_branch_dag to 2026-04-26 00:00:00+00:00, run_after=2026-04-27 00:00:00+00:00
[2026-04-27T23:35:31.674+0000] {processor.py:183} INFO - Processing /home/airflow/.local/lib/python3.12/site-packages/airflow/example_dags/example_nested_branch_dag.py took 0.093 seconds
[2026-04-27T23:36:02.839+0000] {processor.py:161} INFO - Started process (PID=658) to work on /home/airflow/.local/lib/python3.12/site-packages/airflow/example_dags/example_nested_branch_dag.py
[2026-04-27T23:36:02.841+0000] {processor.py:830} INFO - Processing file /home/airflow/.local/lib/python3.12/site-packages/airflow/example_dags/example_nested_branch_dag.py for tasks to queue
[2026-04-27T23:36:02.843+0000] {logging_mixin.py:188} INFO - [2026-04-27T23:36:02.842+0000] {dagbag.py:540} INFO - Filling up the DagBag from /home/airflow/.local/lib/python3.12/site-packages/airflow/example_dags/example_nested_branch_dag.py
[2026-04-27T23:36:02.855+0000] {processor.py:840} INFO - DAG(s) 'example_nested_branch_dag' retrieved from /home/airflow/.local/lib/python3.12/site-packages/airflow/example_dags/example_nested_branch_dag.py
[2026-04-27T23:36:02.880+0000] {logging_mixin.py:188} INFO - [2026-04-27T23:36:02.880+0000] {dag.py:3096} INFO - Sync 1 DAGs
[2026-04-27T23:36:02.903+0000] {logging_mixin.py:188} INFO - [2026-04-27T23:36:02.903+0000] {dag.py:3954} INFO - Setting next_dagrun for example_nested_branch_dag to 2026-04-26 00:00:00+00:00, run_after=2026-04-27 00:00:00+00:00
[2026-04-27T23:36:02.923+0000] {processor.py:183} INFO - Processing /home/airflow/.local/lib/python3.12/site-packages/airflow/example_dags/example_nested_branch_dag.py took 0.091 seconds
[2026-04-27T23:36:35.866+0000] {processor.py:161} INFO - Started process (PID=718) to work on /home/airflow/.local/lib/python3.12/site-packages/airflow/example_dags/example_nested_branch_dag.py
[2026-04-27T23:36:35.868+0000] {processor.py:830} INFO - Processing file /home/airflow/.local/lib/python3.12/site-packages/airflow/example_dags/example_nested_branch_dag.py for tasks to queue
[2026-04-27T23:36:35.872+0000] {logging_mixin.py:188} INFO - [2026-04-27T23:36:35.871+0000] {dagbag.py:540} INFO - Filling up the DagBag from /home/airflow/.local/lib/python3.12/site-packages/airflow/example_dags/example_nested_branch_dag.py
[2026-04-27T23:36:35.892+0000] {processor.py:840} INFO - DAG(s) 'example_nested_branch_dag' retrieved from /home/airflow/.local/lib/python3.12/site-packages/airflow/example_dags/example_nested_branch_dag.py
[2026-04-27T23:36:35.930+0000] {logging_mixin.py:188} INFO - [2026-04-27T23:36:35.930+0000] {dag.py:3096} INFO - Sync 1 DAGs
[2026-04-27T23:36:35.967+0000] {logging_mixin.py:188} INFO - [2026-04-27T23:36:35.967+0000] {dag.py:3954} INFO - Setting next_dagrun for example_nested_branch_dag to 2026-04-26 00:00:00+00:00, run_after=2026-04-27 00:00:00+00:00
[2026-04-27T23:36:35.988+0000] {processor.py:183} INFO - Processing /home/airflow/.local/lib/python3.12/site-packages/airflow/example_dags/example_nested_branch_dag.py took 0.132 seconds
[2026-04-27T23:37:06.865+0000] {processor.py:161} INFO - Started process (PID=778) to work on /home/airflow/.local/lib/python3.12/site-packages/airflow/example_dags/example_nested_branch_dag.py
[2026-04-27T23:37:06.867+0000] {processor.py:830} INFO - Processing file /home/airflow/.local/lib/python3.12/site-packages/airflow/example_dags/example_nested_branch_dag.py for tasks to queue
[2026-04-27T23:37:06.869+0000] {logging_mixin.py:188} INFO - [2026-04-27T23:37:06.869+0000] {dagbag.py:540} INFO - Filling up the DagBag from /home/airflow/.local/lib/python3.12/site-packages/airflow/example_dags/example_nested_branch_dag.py
[2026-04-27T23:37:06.880+0000] {processor.py:840} INFO - DAG(s) 'example_nested_branch_dag' retrieved from /home/airflow/.local/lib/python3.12/site-packages/airflow/example_dags/example_nested_branch_dag.py
[2026-04-27T23:37:06.904+0000] {logging_mixin.py:188} INFO - [2026-04-27T23:37:06.903+0000] {dag.py:3096} INFO - Sync 1 DAGs
[2026-04-27T23:37:06.926+0000] {logging_mixin.py:188} INFO - [2026-04-27T23:37:06.925+0000] {dag.py:3954} INFO - Setting next_dagrun for example_nested_branch_dag to 2026-04-26 00:00:00+00:00, run_after=2026-04-27 00:00:00+00:00
[2026-04-27T23:37:06.946+0000] {processor.py:183} INFO - Processing /home/airflow/.local/lib/python3.12/site-packages/airflow/example_dags/example_nested_branch_dag.py took 0.086 seconds
[2026-04-27T23:37:37.590+0000] {processor.py:161} INFO - Started process (PID=839) to work on /home/airflow/.local/lib/python3.12/site-packages/airflow/example_dags/example_nested_branch_dag.py
[2026-04-27T23:37:37.591+0000] {processor.py:830} INFO - Processing file /home/airflow/.local/lib/python3.12/site-packages/airflow/example_dags/example_nested_branch_dag.py for tasks to queue
[2026-04-27T23:37:37.594+0000] {logging_mixin.py:188} INFO - [2026-04-27T23:37:37.593+0000] {dagbag.py:540} INFO - Filling up the DagBag from /home/airflow/.local/lib/python3.12/site-packages/airflow/example_dags/example_nested_branch_dag.py
[2026-04-27T23:37:37.605+0000] {processor.py:840} INFO - DAG(s) 'example_nested_branch_dag' retrieved from /home/airflow/.local/lib/python3.12/site-packages/airflow/example_dags/example_nested_branch_dag.py
[2026-04-27T23:37:37.630+0000] {logging_mixin.py:188} INFO - [2026-04-27T23:37:37.630+0000] {dag.py:3096} INFO - Sync 1 DAGs
[2026-04-27T23:37:37.658+0000] {logging_mixin.py:188} INFO - [2026-04-27T23:37:37.657+0000] {dag.py:3954} INFO - Setting next_dagrun for example_nested_branch_dag to 2026-04-26 00:00:00+00:00, run_after=2026-04-27 00:00:00+00:00
[2026-04-27T23:37:37.682+0000] {processor.py:183} INFO - Processing /home/airflow/.local/lib/python3.12/site-packages/airflow/example_dags/example_nested_branch_dag.py took 0.098 seconds
[2026-04-27T23:38:07.887+0000] {processor.py:161} INFO - Started process (PID=898) to work on /home/airflow/.local/lib/python3.12/site-packages/airflow/example_dags/example_nested_branch_dag.py
[2026-04-27T23:38:07.889+0000] {processor.py:830} INFO - Processing file /home/airflow/.local/lib/python3.12/site-packages/airflow/example_dags/example_nested_branch_dag.py for tasks to queue
[2026-04-27T23:38:07.891+0000] {logging_mixin.py:188} INFO - [2026-04-27T23:38:07.891+0000] {dagbag.py:540} INFO - Filling up the DagBag from /home/airflow/.local/lib/python3.12/site-packages/airflow/example_dags/example_nested_branch_dag.py
[2026-04-27T23:38:07.903+0000] {processor.py:840} INFO - DAG(s) 'example_nested_branch_dag' retrieved from /home/airflow/.local/lib/python3.12/site-packages/airflow/example_dags/example_nested_branch_dag.py
[2026-04-27T23:38:07.928+0000] {logging_mixin.py:188} INFO - [2026-04-27T23:38:07.927+0000] {dag.py:3096} INFO - Sync 1 DAGs
[2026-04-27T23:38:07.954+0000] {logging_mixin.py:188} INFO - [2026-04-27T23:38:07.953+0000] {dag.py:3954} INFO - Setting next_dagrun for example_nested_branch_dag to 2026-04-26 00:00:00+00:00, run_after=2026-04-27 00:00:00+00:00
[2026-04-27T23:38:07.975+0000] {processor.py:183} INFO - Processing /home/airflow/.local/lib/python3.12/site-packages/airflow/example_dags/example_nested_branch_dag.py took 0.095 seconds
[2026-04-27T23:38:38.728+0000] {processor.py:161} INFO - Started process (PID=958) to work on /home/airflow/.local/lib/python3.12/site-packages/airflow/example_dags/example_nested_branch_dag.py
[2026-04-27T23:38:38.729+0000] {processor.py:830} INFO - Processing file /home/airflow/.local/lib/python3.12/site-packages/airflow/example_dags/example_nested_branch_dag.py for tasks to queue
[2026-04-27T23:38:38.732+0000] {logging_mixin.py:188} INFO - [2026-04-27T23:38:38.731+0000] {dagbag.py:540} INFO - Filling up the DagBag from /home/airflow/.local/lib/python3.12/site-packages/airflow/example_dags/example_nested_branch_dag.py
[2026-04-27T23:38:38.743+0000] {processor.py:840} INFO - DAG(s) 'example_nested_branch_dag' retrieved from /home/airflow/.local/lib/python3.12/site-packages/airflow/example_dags/example_nested_branch_dag.py
[2026-04-27T23:38:38.769+0000] {logging_mixin.py:188} INFO - [2026-04-27T23:38:38.768+0000] {dag.py:3096} INFO - Sync 1 DAGs
[2026-04-27T23:38:38.793+0000] {logging_mixin.py:188} INFO - [2026-04-27T23:38:38.792+0000] {dag.py:3954} INFO - Setting next_dagrun for example_nested_branch_dag to 2026-04-26 00:00:00+00:00, run_after=2026-04-27 00:00:00+00:00
[2026-04-27T23:38:38.813+0000] {processor.py:183} INFO - Processing /home/airflow/.local/lib/python3.12/site-packages/airflow/example_dags/example_nested_branch_dag.py took 0.092 seconds
[2026-04-27T23:39:09.633+0000] {processor.py:161} INFO - Started process (PID=1017) to work on /home/airflow/.local/lib/python3.12/site-packages/airflow/example_dags/example_nested_branch_dag.py
[2026-04-27T23:39:09.634+0000] {processor.py:830} INFO - Processing file /home/airflow/.local/lib/python3.12/site-packages/airflow/example_dags/example_nested_branch_dag.py for tasks to queue
[2026-04-27T23:39:09.637+0000] {logging_mixin.py:188} INFO - [2026-04-27T23:39:09.636+0000] {dagbag.py:540} INFO - Filling up the DagBag from /home/airflow/.local/lib/python3.12/site-packages/airflow/example_dags/example_nested_branch_dag.py
[2026-04-27T23:39:09.648+0000] {processor.py:840} INFO - DAG(s) 'example_nested_branch_dag' retrieved from /home/airflow/.local/lib/python3.12/site-packages/airflow/example_dags/example_nested_branch_dag.py
[2026-04-27T23:39:09.672+0000] {logging_mixin.py:188} INFO - [2026-04-27T23:39:09.672+0000] {dag.py:3096} INFO - Sync 1 DAGs
[2026-04-27T23:39:09.696+0000] {logging_mixin.py:188} INFO - [2026-04-27T23:39:09.695+0000] {dag.py:3954} INFO - Setting next_dagrun for example_nested_branch_dag to 2026-04-26 00:00:00+00:00, run_after=2026-04-27 00:00:00+00:00
[2026-04-27T23:39:09.808+0000] {processor.py:183} INFO - Processing /home/airflow/.local/lib/python3.12/site-packages/airflow/example_dags/example_nested_branch_dag.py took 0.181 seconds
[2026-04-27T23:39:40.880+0000] {processor.py:161} INFO - Started process (PID=1076) to work on /home/airflow/.local/lib/python3.12/site-packages/airflow/example_dags/example_nested_branch_dag.py
[2026-04-27T23:39:40.881+0000] {processor.py:830} INFO - Processing file /home/airflow/.local/lib/python3.12/site-packages/airflow/example_dags/example_nested_branch_dag.py for tasks to queue
[2026-04-27T23:39:40.884+0000] {logging_mixin.py:188} INFO - [2026-04-27T23:39:40.883+0000] {dagbag.py:540} INFO - Filling up the DagBag from /home/airflow/.local/lib/python3.12/site-packages/airflow/example_dags/example_nested_branch_dag.py
[2026-04-27T23:39:40.899+0000] {processor.py:840} INFO - DAG(s) 'example_nested_branch_dag' retrieved from /home/airflow/.local/lib/python3.12/site-packages/airflow/example_dags/example_nested_branch_dag.py
[2026-04-27T23:39:40.927+0000] {logging_mixin.py:188} INFO - [2026-04-27T23:39:40.927+0000] {dag.py:3096} INFO - Sync 1 DAGs
[2026-04-27T23:39:40.951+0000] {logging_mixin.py:188} INFO - [2026-04-27T23:39:40.951+0000] {dag.py:3954} INFO - Setting next_dagrun for example_nested_branch_dag to 2026-04-26 00:00:00+00:00, run_after=2026-04-27 00:00:00+00:00
[2026-04-27T23:39:41.120+0000] {processor.py:183} INFO - Processing /home/airflow/.local/lib/python3.12/site-packages/airflow/example_dags/example_nested_branch_dag.py took 0.247 seconds
[2026-04-27T23:40:12.073+0000] {processor.py:161} INFO - Started process (PID=1137) to work on /home/airflow/.local/lib/python3.12/site-packages/airflow/example_dags/example_nested_branch_dag.py
[2026-04-27T23:40:12.074+0000] {processor.py:830} INFO - Processing file /home/airflow/.local/lib/python3.12/site-packages/airflow/example_dags/example_nested_branch_dag.py for tasks to queue
[2026-04-27T23:40:12.078+0000] {logging_mixin.py:188} INFO - [2026-04-27T23:40:12.077+0000] {dagbag.py:540} INFO - Filling up the DagBag from /home/airflow/.local/lib/python3.12/site-packages/airflow/example_dags/example_nested_branch_dag.py
[2026-04-27T23:40:12.091+0000] {processor.py:840} INFO - DAG(s) 'example_nested_branch_dag' retrieved from /home/airflow/.local/lib/python3.12/site-packages/airflow/example_dags/example_nested_branch_dag.py
[2026-04-27T23:40:12.118+0000] {logging_mixin.py:188} INFO - [2026-04-27T23:40:12.118+0000] {dag.py:3096} INFO - Sync 1 DAGs
[2026-04-27T23:40:12.144+0000] {logging_mixin.py:188} INFO - [2026-04-27T23:40:12.144+0000] {dag.py:3954} INFO - Setting next_dagrun for example_nested_branch_dag to 2026-04-26 00:00:00+00:00, run_after=2026-04-27 00:00:00+00:00
[2026-04-27T23:40:12.170+0000] {processor.py:183} INFO - Processing /home/airflow/.local/lib/python3.12/site-packages/airflow/example_dags/example_nested_branch_dag.py took 0.105 seconds
[2026-04-27T23:40:43.015+0000] {processor.py:161} INFO - Started process (PID=1196) to work on /home/airflow/.local/lib/python3.12/site-packages/airflow/example_dags/example_nested_branch_dag.py
[2026-04-27T23:40:43.017+0000] {processor.py:830} INFO - Processing file /home/airflow/.local/lib/python3.12/site-packages/airflow/example_dags/example_nested_branch_dag.py for tasks to queue
[2026-04-27T23:40:43.019+0000] {logging_mixin.py:188} INFO - [2026-04-27T23:40:43.019+0000] {dagbag.py:540} INFO - Filling up the DagBag from /home/airflow/.local/lib/python3.12/site-packages/airflow/example_dags/example_nested_branch_dag.py
[2026-04-27T23:40:43.036+0000] {processor.py:840} INFO - DAG(s) 'example_nested_branch_dag' retrieved from /home/airflow/.local/lib/python3.12/site-packages/airflow/example_dags/example_nested_branch_dag.py
[2026-04-27T23:40:43.066+0000] {logging_mixin.py:188} INFO - [2026-04-27T23:40:43.066+0000] {dag.py:3096} INFO - Sync 1 DAGs
[2026-04-27T23:40:43.101+0000] {logging_mixin.py:188} INFO - [2026-04-27T23:40:43.100+0000] {dag.py:3954} INFO - Setting next_dagrun for example_nested_branch_dag to 2026-04-26 00:00:00+00:00, run_after=2026-04-27 00:00:00+00:00
[2026-04-27T23:40:43.260+0000] {processor.py:183} INFO - Processing /home/airflow/.local/lib/python3.12/site-packages/airflow/example_dags/example_nested_branch_dag.py took 0.252 seconds
[2026-04-27T23:41:14.250+0000] {processor.py:161} INFO - Started process (PID=1255) to work on /home/airflow/.local/lib/python3.12/site-packages/airflow/example_dags/example_nested_branch_dag.py
[2026-04-27T23:41:14.251+0000] {processor.py:830} INFO - Processing file /home/airflow/.local/lib/python3.12/site-packages/airflow/example_dags/example_nested_branch_dag.py for tasks to queue
[2026-04-27T23:41:14.254+0000] {logging_mixin.py:188} INFO - [2026-04-27T23:41:14.253+0000] {dagbag.py:540} INFO - Filling up the DagBag from /home/airflow/.local/lib/python3.12/site-packages/airflow/example_dags/example_nested_branch_dag.py
[2026-04-27T23:41:14.265+0000] {processor.py:840} INFO - DAG(s) 'example_nested_branch_dag' retrieved from /home/airflow/.local/lib/python3.12/site-packages/airflow/example_dags/example_nested_branch_dag.py
[2026-04-27T23:41:14.289+0000] {logging_mixin.py:188} INFO - [2026-04-27T23:41:14.288+0000] {dag.py:3096} INFO - Sync 1 DAGs
[2026-04-27T23:41:14.312+0000] {logging_mixin.py:188} INFO - [2026-04-27T23:41:14.312+0000] {dag.py:3954} INFO - Setting next_dagrun for example_nested_branch_dag to 2026-04-26 00:00:00+00:00, run_after=2026-04-27 00:00:00+00:00
[2026-04-27T23:41:14.333+0000] {processor.py:183} INFO - Processing /home/airflow/.local/lib/python3.12/site-packages/airflow/example_dags/example_nested_branch_dag.py took 0.090 seconds
[2026-04-27T23:41:46.605+0000] {processor.py:161} INFO - Started process (PID=1317) to work on /home/airflow/.local/lib/python3.12/site-packages/airflow/example_dags/example_nested_branch_dag.py
[2026-04-27T23:41:46.608+0000] {processor.py:830} INFO - Processing file /home/airflow/.local/lib/python3.12/site-packages/airflow/example_dags/example_nested_branch_dag.py for tasks to queue
[2026-04-27T23:41:46.612+0000] {logging_mixin.py:188} INFO - [2026-04-27T23:41:46.612+0000] {dagbag.py:540} INFO - Filling up the DagBag from /home/airflow/.local/lib/python3.12/site-packages/airflow/example_dags/example_nested_branch_dag.py
[2026-04-27T23:41:46.627+0000] {processor.py:840} INFO - DAG(s) 'example_nested_branch_dag' retrieved from /home/airflow/.local/lib/python3.12/site-packages/airflow/example_dags/example_nested_branch_dag.py
[2026-04-27T23:41:46.656+0000] {logging_mixin.py:188} INFO - [2026-04-27T23:41:46.656+0000] {dag.py:3096} INFO - Sync 1 DAGs
[2026-04-27T23:41:46.689+0000] {logging_mixin.py:188} INFO - [2026-04-27T23:41:46.688+0000] {dag.py:3954} INFO - Setting next_dagrun for example_nested_branch_dag to 2026-04-26 00:00:00+00:00, run_after=2026-04-27 00:00:00+00:00
[2026-04-27T23:41:46.711+0000] {processor.py:183} INFO - Processing /home/airflow/.local/lib/python3.12/site-packages/airflow/example_dags/example_nested_branch_dag.py took 0.117 seconds
[2026-04-27T23:42:18.785+0000] {processor.py:161} INFO - Started process (PID=1380) to work on /home/airflow/.local/lib/python3.12/site-packages/airflow/example_dags/example_nested_branch_dag.py
[2026-04-27T23:42:18.786+0000] {processor.py:830} INFO - Processing file /home/airflow/.local/lib/python3.12/site-packages/airflow/example_dags/example_nested_branch_dag.py for tasks to queue
[2026-04-27T23:42:18.788+0000] {logging_mixin.py:188} INFO - [2026-04-27T23:42:18.788+0000] {dagbag.py:540} INFO - Filling up the DagBag from /home/airflow/.local/lib/python3.12/site-packages/airflow/example_dags/example_nested_branch_dag.py
[2026-04-27T23:42:18.800+0000] {processor.py:840} INFO - DAG(s) 'example_nested_branch_dag' retrieved from /home/airflow/.local/lib/python3.12/site-packages/airflow/example_dags/example_nested_branch_dag.py
[2026-04-27T23:42:18.974+0000] {logging_mixin.py:188} INFO - [2026-04-27T23:42:18.974+0000] {dag.py:3096} INFO - Sync 1 DAGs
[2026-04-27T23:42:18.996+0000] {logging_mixin.py:188} INFO - [2026-04-27T23:42:18.995+0000] {dag.py:3954} INFO - Setting next_dagrun for example_nested_branch_dag to 2026-04-26 00:00:00+00:00, run_after=2026-04-27 00:00:00+00:00
[2026-04-27T23:42:21.240+0000] {processor.py:183} INFO - Processing /home/airflow/.local/lib/python3.12/site-packages/airflow/example_dags/example_nested_branch_dag.py took 2.462 seconds
[2026-04-27T23:42:51.385+0000] {processor.py:161} INFO - Started process (PID=1439) to work on /home/airflow/.local/lib/python3.12/site-packages/airflow/example_dags/example_nested_branch_dag.py
[2026-04-27T23:42:51.386+0000] {processor.py:830} INFO - Processing file /home/airflow/.local/lib/python3.12/site-packages/airflow/example_dags/example_nested_branch_dag.py for tasks to queue
[2026-04-27T23:42:51.389+0000] {logging_mixin.py:188} INFO - [2026-04-27T23:42:51.389+0000] {dagbag.py:540} INFO - Filling up the DagBag from /home/airflow/.local/lib/python3.12/site-packages/airflow/example_dags/example_nested_branch_dag.py
[2026-04-27T23:42:51.403+0000] {processor.py:840} INFO - DAG(s) 'example_nested_branch_dag' retrieved from /home/airflow/.local/lib/python3.12/site-packages/airflow/example_dags/example_nested_branch_dag.py
[2026-04-27T23:42:51.436+0000] {logging_mixin.py:188} INFO - [2026-04-27T23:42:51.436+0000] {dag.py:3096} INFO - Sync 1 DAGs
[2026-04-27T23:42:51.472+0000] {logging_mixin.py:188} INFO - [2026-04-27T23:42:51.471+0000] {dag.py:3954} INFO - Setting next_dagrun for example_nested_branch_dag to 2026-04-26 00:00:00+00:00, run_after=2026-04-27 00:00:00+00:00
[2026-04-27T23:42:51.503+0000] {processor.py:183} INFO - Processing /home/airflow/.local/lib/python3.12/site-packages/airflow/example_dags/example_nested_branch_dag.py took 0.126 seconds
[2026-04-27T23:43:21.752+0000] {processor.py:161} INFO - Started process (PID=1498) to work on /home/airflow/.local/lib/python3.12/site-packages/airflow/example_dags/example_nested_branch_dag.py
[2026-04-27T23:43:21.754+0000] {processor.py:830} INFO - Processing file /home/airflow/.local/lib/python3.12/site-packages/airflow/example_dags/example_nested_branch_dag.py for tasks to queue
[2026-04-27T23:43:21.757+0000] {logging_mixin.py:188} INFO - [2026-04-27T23:43:21.756+0000] {dagbag.py:540} INFO - Filling up the DagBag from /home/airflow/.local/lib/python3.12/site-packages/airflow/example_dags/example_nested_branch_dag.py
[2026-04-27T23:43:21.778+0000] {processor.py:840} INFO - DAG(s) 'example_nested_branch_dag' retrieved from /home/airflow/.local/lib/python3.12/site-packages/airflow/example_dags/example_nested_branch_dag.py
[2026-04-27T23:43:21.816+0000] {logging_mixin.py:188} INFO - [2026-04-27T23:43:21.816+0000] {dag.py:3096} INFO - Sync 1 DAGs
[2026-04-27T23:43:21.890+0000] {logging_mixin.py:188} INFO - [2026-04-27T23:43:21.888+0000] {dag.py:3954} INFO - Setting next_dagrun for example_nested_branch_dag to 2026-04-26 00:00:00+00:00, run_after=2026-04-27 00:00:00+00:00
[2026-04-27T23:43:21.938+0000] {processor.py:183} INFO - Processing /home/airflow/.local/lib/python3.12/site-packages/airflow/example_dags/example_nested_branch_dag.py took 0.196 seconds
[2026-04-27T23:43:52.427+0000] {processor.py:161} INFO - Started process (PID=1557) to work on /home/airflow/.local/lib/python3.12/site-packages/airflow/example_dags/example_nested_branch_dag.py
[2026-04-27T23:43:52.430+0000] {processor.py:830} INFO - Processing file /home/airflow/.local/lib/python3.12/site-packages/airflow/example_dags/example_nested_branch_dag.py for tasks to queue
[2026-04-27T23:43:52.441+0000] {logging_mixin.py:188} INFO - [2026-04-27T23:43:52.440+0000] {dagbag.py:540} INFO - Filling up the DagBag from /home/airflow/.local/lib/python3.12/site-packages/airflow/example_dags/example_nested_branch_dag.py
[2026-04-27T23:43:52.484+0000] {processor.py:840} INFO - DAG(s) 'example_nested_branch_dag' retrieved from /home/airflow/.local/lib/python3.12/site-packages/airflow/example_dags/example_nested_branch_dag.py
[2026-04-27T23:43:52.543+0000] {logging_mixin.py:188} INFO - [2026-04-27T23:43:52.543+0000] {dag.py:3096} INFO - Sync 1 DAGs
[2026-04-27T23:43:52.634+0000] {logging_mixin.py:188} INFO - [2026-04-27T23:43:52.634+0000] {dag.py:3954} INFO - Setting next_dagrun for example_nested_branch_dag to 2026-04-26 00:00:00+00:00, run_after=2026-04-27 00:00:00+00:00
[2026-04-27T23:43:52.698+0000] {processor.py:183} INFO - Processing /home/airflow/.local/lib/python3.12/site-packages/airflow/example_dags/example_nested_branch_dag.py took 0.284 seconds
[2026-04-27T23:44:22.777+0000] {processor.py:161} INFO - Started process (PID=1616) to work on /home/airflow/.local/lib/python3.12/site-packages/airflow/example_dags/example_nested_branch_dag.py
[2026-04-27T23:44:22.778+0000] {processor.py:830} INFO - Processing file /home/airflow/.local/lib/python3.12/site-packages/airflow/example_dags/example_nested_branch_dag.py for tasks to queue
[2026-04-27T23:44:22.781+0000] {logging_mixin.py:188} INFO - [2026-04-27T23:44:22.781+0000] {dagbag.py:540} INFO - Filling up the DagBag from /home/airflow/.local/lib/python3.12/site-packages/airflow/example_dags/example_nested_branch_dag.py
[2026-04-27T23:44:22.802+0000] {processor.py:840} INFO - DAG(s) 'example_nested_branch_dag' retrieved from /home/airflow/.local/lib/python3.12/site-packages/airflow/example_dags/example_nested_branch_dag.py
[2026-04-27T23:44:22.862+0000] {logging_mixin.py:188} INFO - [2026-04-27T23:44:22.861+0000] {dag.py:3096} INFO - Sync 1 DAGs
[2026-04-27T23:44:22.900+0000] {logging_mixin.py:188} INFO - [2026-04-27T23:44:22.899+0000] {dag.py:3954} INFO - Setting next_dagrun for example_nested_branch_dag to 2026-04-26 00:00:00+00:00, run_after=2026-04-27 00:00:00+00:00
[2026-04-27T23:44:22.926+0000] {processor.py:183} INFO - Processing /home/airflow/.local/lib/python3.12/site-packages/airflow/example_dags/example_nested_branch_dag.py took 0.157 seconds
[2026-04-27T23:44:53.217+0000] {processor.py:161} INFO - Started process (PID=1675) to work on /home/airflow/.local/lib/python3.12/site-packages/airflow/example_dags/example_nested_branch_dag.py
[2026-04-27T23:44:53.219+0000] {processor.py:830} INFO - Processing file /home/airflow/.local/lib/python3.12/site-packages/airflow/example_dags/example_nested_branch_dag.py for tasks to queue
[2026-04-27T23:44:53.222+0000] {logging_mixin.py:188} INFO - [2026-04-27T23:44:53.221+0000] {dagbag.py:540} INFO - Filling up the DagBag from /home/airflow/.local/lib/python3.12/site-packages/airflow/example_dags/example_nested_branch_dag.py
[2026-04-27T23:44:53.237+0000] {processor.py:840} INFO - DAG(s) 'example_nested_branch_dag' retrieved from /home/airflow/.local/lib/python3.12/site-packages/airflow/example_dags/example_nested_branch_dag.py
[2026-04-27T23:44:53.302+0000] {logging_mixin.py:188} INFO - [2026-04-27T23:44:53.301+0000] {dag.py:3096} INFO - Sync 1 DAGs
[2026-04-27T23:44:53.339+0000] {logging_mixin.py:188} INFO - [2026-04-27T23:44:53.338+0000] {dag.py:3954} INFO - Setting next_dagrun for example_nested_branch_dag to 2026-04-26 00:00:00+00:00, run_after=2026-04-27 00:00:00+00:00
[2026-04-27T23:44:53.429+0000] {processor.py:183} INFO - Processing /home/airflow/.local/lib/python3.12/site-packages/airflow/example_dags/example_nested_branch_dag.py took 0.221 seconds
[2026-04-27T23:45:23.759+0000] {processor.py:161} INFO - Started process (PID=1734) to work on /home/airflow/.local/lib/python3.12/site-packages/airflow/example_dags/example_nested_branch_dag.py
[2026-04-27T23:45:23.761+0000] {processor.py:830} INFO - Processing file /home/airflow/.local/lib/python3.12/site-packages/airflow/example_dags/example_nested_branch_dag.py for tasks to queue
[2026-04-27T23:45:23.764+0000] {logging_mixin.py:188} INFO - [2026-04-27T23:45:23.763+0000] {dagbag.py:540} INFO - Filling up the DagBag from /home/airflow/.local/lib/python3.12/site-packages/airflow/example_dags/example_nested_branch_dag.py
[2026-04-27T23:45:23.785+0000] {processor.py:840} INFO - DAG(s) 'example_nested_branch_dag' retrieved from /home/airflow/.local/lib/python3.12/site-packages/airflow/example_dags/example_nested_branch_dag.py
[2026-04-27T23:45:23.808+0000] {logging_mixin.py:188} INFO - [2026-04-27T23:45:23.808+0000] {dag.py:3096} INFO - Sync 1 DAGs
[2026-04-27T23:45:23.832+0000] {logging_mixin.py:188} INFO - [2026-04-27T23:45:23.832+0000] {dag.py:3954} INFO - Setting next_dagrun for example_nested_branch_dag to 2026-04-26 00:00:00+00:00, run_after=2026-04-27 00:00:00+00:00
[2026-04-27T23:45:23.853+0000] {processor.py:183} INFO - Processing /home/airflow/.local/lib/python3.12/site-packages/airflow/example_dags/example_nested_branch_dag.py took 0.100 seconds
[2026-04-27T23:45:54.103+0000] {processor.py:161} INFO - Started process (PID=1793) to work on /home/airflow/.local/lib/python3.12/site-packages/airflow/example_dags/example_nested_branch_dag.py
[2026-04-27T23:45:54.105+0000] {processor.py:830} INFO - Processing file /home/airflow/.local/lib/python3.12/site-packages/airflow/example_dags/example_nested_branch_dag.py for tasks to queue
[2026-04-27T23:45:54.108+0000] {logging_mixin.py:188} INFO - [2026-04-27T23:45:54.108+0000] {dagbag.py:540} INFO - Filling up the DagBag from /home/airflow/.local/lib/python3.12/site-packages/airflow/example_dags/example_nested_branch_dag.py
[2026-04-27T23:45:54.122+0000] {processor.py:840} INFO - DAG(s) 'example_nested_branch_dag' retrieved from /home/airflow/.local/lib/python3.12/site-packages/airflow/example_dags/example_nested_branch_dag.py
[2026-04-27T23:45:54.147+0000] {logging_mixin.py:188} INFO - [2026-04-27T23:45:54.146+0000] {dag.py:3096} INFO - Sync 1 DAGs
[2026-04-27T23:45:54.170+0000] {logging_mixin.py:188} INFO - [2026-04-27T23:45:54.169+0000] {dag.py:3954} INFO - Setting next_dagrun for example_nested_branch_dag to 2026-04-26 00:00:00+00:00, run_after=2026-04-27 00:00:00+00:00
[2026-04-27T23:45:54.190+0000] {processor.py:183} INFO - Processing /home/airflow/.local/lib/python3.12/site-packages/airflow/example_dags/example_nested_branch_dag.py took 0.094 seconds
[2026-04-27T23:46:24.445+0000] {processor.py:161} INFO - Started process (PID=1852) to work on /home/airflow/.local/lib/python3.12/site-packages/airflow/example_dags/example_nested_branch_dag.py
[2026-04-27T23:46:24.446+0000] {processor.py:830} INFO - Processing file /home/airflow/.local/lib/python3.12/site-packages/airflow/example_dags/example_nested_branch_dag.py for tasks to queue
[2026-04-27T23:46:24.449+0000] {logging_mixin.py:188} INFO - [2026-04-27T23:46:24.448+0000] {dagbag.py:540} INFO - Filling up the DagBag from /home/airflow/.local/lib/python3.12/site-packages/airflow/example_dags/example_nested_branch_dag.py
[2026-04-27T23:46:24.461+0000] {processor.py:840} INFO - DAG(s) 'example_nested_branch_dag' retrieved from /home/airflow/.local/lib/python3.12/site-packages/airflow/example_dags/example_nested_branch_dag.py
[2026-04-27T23:46:24.485+0000] {logging_mixin.py:188} INFO - [2026-04-27T23:46:24.485+0000] {dag.py:3096} INFO - Sync 1 DAGs
[2026-04-27T23:46:24.509+0000] {logging_mixin.py:188} INFO - [2026-04-27T23:46:24.509+0000] {dag.py:3954} INFO - Setting next_dagrun for example_nested_branch_dag to 2026-04-26 00:00:00+00:00, run_after=2026-04-27 00:00:00+00:00
[2026-04-27T23:46:24.538+0000] {processor.py:183} INFO - Processing /home/airflow/.local/lib/python3.12/site-packages/airflow/example_dags/example_nested_branch_dag.py took 0.100 seconds
[2026-04-27T23:46:55.268+0000] {processor.py:161} INFO - Started process (PID=1911) to work on /home/airflow/.local/lib/python3.12/site-packages/airflow/example_dags/example_nested_branch_dag.py
[2026-04-27T23:46:55.271+0000] {processor.py:830} INFO - Processing file /home/airflow/.local/lib/python3.12/site-packages/airflow/example_dags/example_nested_branch_dag.py for tasks to queue
[2026-04-27T23:46:55.278+0000] {logging_mixin.py:188} INFO - [2026-04-27T23:46:55.277+0000] {dagbag.py:540} INFO - Filling up the DagBag from /home/airflow/.local/lib/python3.12/site-packages/airflow/example_dags/example_nested_branch_dag.py
[2026-04-27T23:46:55.299+0000] {processor.py:840} INFO - DAG(s) 'example_nested_branch_dag' retrieved from /home/airflow/.local/lib/python3.12/site-packages/airflow/example_dags/example_nested_branch_dag.py
[2026-04-27T23:46:55.337+0000] {logging_mixin.py:188} INFO - [2026-04-27T23:46:55.337+0000] {dag.py:3096} INFO - Sync 1 DAGs
[2026-04-27T23:46:55.373+0000] {logging_mixin.py:188} INFO - [2026-04-27T23:46:55.373+0000] {dag.py:3954} INFO - Setting next_dagrun for example_nested_branch_dag to 2026-04-26 00:00:00+00:00, run_after=2026-04-27 00:00:00+00:00
[2026-04-27T23:46:55.401+0000] {processor.py:183} INFO - Processing /home/airflow/.local/lib/python3.12/site-packages/airflow/example_dags/example_nested_branch_dag.py took 0.154 seconds
[2026-04-27T23:47:26.088+0000] {processor.py:161} INFO - Started process (PID=1970) to work on /home/airflow/.local/lib/python3.12/site-packages/airflow/example_dags/example_nested_branch_dag.py
[2026-04-27T23:47:26.090+0000] {processor.py:830} INFO - Processing file /home/airflow/.local/lib/python3.12/site-packages/airflow/example_dags/example_nested_branch_dag.py for tasks to queue
[2026-04-27T23:47:26.093+0000] {logging_mixin.py:188} INFO - [2026-04-27T23:47:26.092+0000] {dagbag.py:540} INFO - Filling up the DagBag from /home/airflow/.local/lib/python3.12/site-packages/airflow/example_dags/example_nested_branch_dag.py
[2026-04-27T23:47:26.105+0000] {processor.py:840} INFO - DAG(s) 'example_nested_branch_dag' retrieved from /home/airflow/.local/lib/python3.12/site-packages/airflow/example_dags/example_nested_branch_dag.py
[2026-04-27T23:47:26.121+0000] {logging_mixin.py:188} INFO - [2026-04-27T23:47:26.120+0000] {dag.py:3096} INFO - Sync 1 DAGs
[2026-04-27T23:47:26.146+0000] {logging_mixin.py:188} INFO - [2026-04-27T23:47:26.146+0000] {dag.py:3954} INFO - Setting next_dagrun for example_nested_branch_dag to 2026-04-26 00:00:00+00:00, run_after=2026-04-27 00:00:00+00:00
[2026-04-27T23:47:26.170+0000] {processor.py:183} INFO - Processing /home/airflow/.local/lib/python3.12/site-packages/airflow/example_dags/example_nested_branch_dag.py took 0.093 seconds
[2026-04-27T23:47:57.030+0000] {processor.py:161} INFO - Started process (PID=2029) to work on /home/airflow/.local/lib/python3.12/site-packages/airflow/example_dags/example_nested_branch_dag.py
[2026-04-27T23:47:57.031+0000] {processor.py:830} INFO - Processing file /home/airflow/.local/lib/python3.12/site-packages/airflow/example_dags/example_nested_branch_dag.py for tasks to queue
[2026-04-27T23:47:57.035+0000] {logging_mixin.py:188} INFO - [2026-04-27T23:47:57.034+0000] {dagbag.py:540} INFO - Filling up the DagBag from /home/airflow/.local/lib/python3.12/site-packages/airflow/example_dags/example_nested_branch_dag.py
[2026-04-27T23:47:57.048+0000] {processor.py:840} INFO - DAG(s) 'example_nested_branch_dag' retrieved from /home/airflow/.local/lib/python3.12/site-packages/airflow/example_dags/example_nested_branch_dag.py
[2026-04-27T23:47:57.161+0000] {logging_mixin.py:188} INFO - [2026-04-27T23:47:57.161+0000] {dag.py:3096} INFO - Sync 1 DAGs
[2026-04-27T23:47:57.185+0000] {logging_mixin.py:188} INFO - [2026-04-27T23:47:57.184+0000] {dag.py:3954} INFO - Setting next_dagrun for example_nested_branch_dag to 2026-04-26 00:00:00+00:00, run_after=2026-04-27 00:00:00+00:00
[2026-04-27T23:47:57.209+0000] {processor.py:183} INFO - Processing /home/airflow/.local/lib/python3.12/site-packages/airflow/example_dags/example_nested_branch_dag.py took 0.191 seconds
[2026-04-27T23:48:27.688+0000] {processor.py:161} INFO - Started process (PID=2088) to work on /home/airflow/.local/lib/python3.12/site-packages/airflow/example_dags/example_nested_branch_dag.py
[2026-04-27T23:48:27.689+0000] {processor.py:830} INFO - Processing file /home/airflow/.local/lib/python3.12/site-packages/airflow/example_dags/example_nested_branch_dag.py for tasks to queue
[2026-04-27T23:48:27.692+0000] {logging_mixin.py:188} INFO - [2026-04-27T23:48:27.691+0000] {dagbag.py:540} INFO - Filling up the DagBag from /home/airflow/.local/lib/python3.12/site-packages/airflow/example_dags/example_nested_branch_dag.py
[2026-04-27T23:48:27.710+0000] {processor.py:840} INFO - DAG(s) 'example_nested_branch_dag' retrieved from /home/airflow/.local/lib/python3.12/site-packages/airflow/example_dags/example_nested_branch_dag.py
[2026-04-27T23:48:27.735+0000] {logging_mixin.py:188} INFO - [2026-04-27T23:48:27.734+0000] {dag.py:3096} INFO - Sync 1 DAGs
[2026-04-27T23:48:27.761+0000] {logging_mixin.py:188} INFO - [2026-04-27T23:48:27.761+0000] {dag.py:3954} INFO - Setting next_dagrun for example_nested_branch_dag to 2026-04-26 00:00:00+00:00, run_after=2026-04-27 00:00:00+00:00
[2026-04-27T23:48:27.781+0000] {processor.py:183} INFO - Processing /home/airflow/.local/lib/python3.12/site-packages/airflow/example_dags/example_nested_branch_dag.py took 0.099 seconds
[2026-04-27T23:48:58.745+0000] {processor.py:161} INFO - Started process (PID=2147) to work on /home/airflow/.local/lib/python3.12/site-packages/airflow/example_dags/example_nested_branch_dag.py
[2026-04-27T23:48:58.747+0000] {processor.py:830} INFO - Processing file /home/airflow/.local/lib/python3.12/site-packages/airflow/example_dags/example_nested_branch_dag.py for tasks to queue
[2026-04-27T23:48:58.750+0000] {logging_mixin.py:188} INFO - [2026-04-27T23:48:58.750+0000] {dagbag.py:540} INFO - Filling up the DagBag from /home/airflow/.local/lib/python3.12/site-packages/airflow/example_dags/example_nested_branch_dag.py
[2026-04-27T23:48:58.762+0000] {processor.py:840} INFO - DAG(s) 'example_nested_branch_dag' retrieved from /home/airflow/.local/lib/python3.12/site-packages/airflow/example_dags/example_nested_branch_dag.py
[2026-04-27T23:48:58.785+0000] {logging_mixin.py:188} INFO - [2026-04-27T23:48:58.785+0000] {dag.py:3096} INFO - Sync 1 DAGs
[2026-04-27T23:48:58.811+0000] {logging_mixin.py:188} INFO - [2026-04-27T23:48:58.811+0000] {dag.py:3954} INFO - Setting next_dagrun for example_nested_branch_dag to 2026-04-26 00:00:00+00:00, run_after=2026-04-27 00:00:00+00:00
[2026-04-27T23:48:58.928+0000] {processor.py:183} INFO - Processing /home/airflow/.local/lib/python3.12/site-packages/airflow/example_dags/example_nested_branch_dag.py took 0.190 seconds
[2026-04-27T23:49:30.120+0000] {processor.py:161} INFO - Started process (PID=2209) to work on /home/airflow/.local/lib/python3.12/site-packages/airflow/example_dags/example_nested_branch_dag.py
[2026-04-27T23:49:30.121+0000] {processor.py:830} INFO - Processing file /home/airflow/.local/lib/python3.12/site-packages/airflow/example_dags/example_nested_branch_dag.py for tasks to queue
[2026-04-27T23:49:30.124+0000] {logging_mixin.py:188} INFO - [2026-04-27T23:49:30.123+0000] {dagbag.py:540} INFO - Filling up the DagBag from /home/airflow/.local/lib/python3.12/site-packages/airflow/example_dags/example_nested_branch_dag.py
[2026-04-27T23:49:30.135+0000] {processor.py:840} INFO - DAG(s) 'example_nested_branch_dag' retrieved from /home/airflow/.local/lib/python3.12/site-packages/airflow/example_dags/example_nested_branch_dag.py
[2026-04-27T23:49:30.159+0000] {logging_mixin.py:188} INFO - [2026-04-27T23:49:30.159+0000] {dag.py:3096} INFO - Sync 1 DAGs
[2026-04-27T23:49:30.187+0000] {logging_mixin.py:188} INFO - [2026-04-27T23:49:30.187+0000] {dag.py:3954} INFO - Setting next_dagrun for example_nested_branch_dag to 2026-04-26 00:00:00+00:00, run_after=2026-04-27 00:00:00+00:00
[2026-04-27T23:49:30.209+0000] {processor.py:183} INFO - Processing /home/airflow/.local/lib/python3.12/site-packages/airflow/example_dags/example_nested_branch_dag.py took 0.096 seconds
[2026-04-27T23:50:00.358+0000] {processor.py:161} INFO - Started process (PID=2268) to work on /home/airflow/.local/lib/python3.12/site-packages/airflow/example_dags/example_nested_branch_dag.py
[2026-04-27T23:50:00.359+0000] {processor.py:830} INFO - Processing file /home/airflow/.local/lib/python3.12/site-packages/airflow/example_dags/example_nested_branch_dag.py for tasks to queue
[2026-04-27T23:50:00.362+0000] {logging_mixin.py:188} INFO - [2026-04-27T23:50:00.362+0000] {dagbag.py:540} INFO - Filling up the DagBag from /home/airflow/.local/lib/python3.12/site-packages/airflow/example_dags/example_nested_branch_dag.py
[2026-04-27T23:50:00.373+0000] {processor.py:840} INFO - DAG(s) 'example_nested_branch_dag' retrieved from /home/airflow/.local/lib/python3.12/site-packages/airflow/example_dags/example_nested_branch_dag.py
[2026-04-27T23:50:00.397+0000] {logging_mixin.py:188} INFO - [2026-04-27T23:50:00.397+0000] {dag.py:3096} INFO - Sync 1 DAGs
[2026-04-27T23:50:00.421+0000] {logging_mixin.py:188} INFO - [2026-04-27T23:50:00.421+0000] {dag.py:3954} INFO - Setting next_dagrun for example_nested_branch_dag to 2026-04-26 00:00:00+00:00, run_after=2026-04-27 00:00:00+00:00
[2026-04-27T23:50:00.442+0000] {processor.py:183} INFO - Processing /home/airflow/.local/lib/python3.12/site-packages/airflow/example_dags/example_nested_branch_dag.py took 0.090 seconds
[2026-04-27T23:58:37.159+0000] {processor.py:161} INFO - Started process (PID=109) to work on /home/airflow/.local/lib/python3.12/site-packages/airflow/example_dags/example_nested_branch_dag.py
[2026-04-27T23:58:37.235+0000] {processor.py:830} INFO - Processing file /home/airflow/.local/lib/python3.12/site-packages/airflow/example_dags/example_nested_branch_dag.py for tasks to queue
[2026-04-27T23:58:37.237+0000] {logging_mixin.py:188} INFO - [2026-04-27T23:58:37.237+0000] {dagbag.py:540} INFO - Filling up the DagBag from /home/airflow/.local/lib/python3.12/site-packages/airflow/example_dags/example_nested_branch_dag.py
[2026-04-27T23:58:37.464+0000] {processor.py:840} INFO - DAG(s) 'example_nested_branch_dag' retrieved from /home/airflow/.local/lib/python3.12/site-packages/airflow/example_dags/example_nested_branch_dag.py
[2026-04-27T23:58:37.579+0000] {logging_mixin.py:188} INFO - [2026-04-27T23:58:37.579+0000] {dag.py:3096} INFO - Sync 1 DAGs
[2026-04-27T23:58:37.603+0000] {logging_mixin.py:188} INFO - [2026-04-27T23:58:37.603+0000] {dag.py:3954} INFO - Setting next_dagrun for example_nested_branch_dag to 2026-04-26 00:00:00+00:00, run_after=2026-04-27 00:00:00+00:00
[2026-04-27T23:58:37.627+0000] {processor.py:183} INFO - Processing /home/airflow/.local/lib/python3.12/site-packages/airflow/example_dags/example_nested_branch_dag.py took 0.474 seconds
[2026-04-27T23:59:51.827+0000] {processor.py:161} INFO - Started process (PID=103) to work on /home/airflow/.local/lib/python3.12/site-packages/airflow/example_dags/example_nested_branch_dag.py
[2026-04-27T23:59:51.900+0000] {processor.py:830} INFO - Processing file /home/airflow/.local/lib/python3.12/site-packages/airflow/example_dags/example_nested_branch_dag.py for tasks to queue
[2026-04-27T23:59:51.902+0000] {logging_mixin.py:188} INFO - [2026-04-27T23:59:51.902+0000] {dagbag.py:540} INFO - Filling up the DagBag from /home/airflow/.local/lib/python3.12/site-packages/airflow/example_dags/example_nested_branch_dag.py
[2026-04-27T23:59:51.913+0000] {processor.py:840} INFO - DAG(s) 'example_nested_branch_dag' retrieved from /home/airflow/.local/lib/python3.12/site-packages/airflow/example_dags/example_nested_branch_dag.py
[2026-04-27T23:59:52.024+0000] {logging_mixin.py:188} INFO - [2026-04-27T23:59:52.023+0000] {dag.py:3096} INFO - Sync 1 DAGs
[2026-04-27T23:59:52.186+0000] {logging_mixin.py:188} INFO - [2026-04-27T23:59:52.186+0000] {dag.py:3954} INFO - Setting next_dagrun for example_nested_branch_dag to 2026-04-26 00:00:00+00:00, run_after=2026-04-27 00:00:00+00:00
[2026-04-27T23:59:52.209+0000] {processor.py:183} INFO - Processing /home/airflow/.local/lib/python3.12/site-packages/airflow/example_dags/example_nested_branch_dag.py took 0.389 seconds
