[2026-04-27T23:30:15.069+0000] {processor.py:161} INFO - Started process (PID=90) to work on /home/airflow/.local/lib/python3.12/site-packages/airflow/example_dags/tutorial_taskflow_api.py
[2026-04-27T23:30:15.071+0000] {processor.py:830} INFO - Processing file /home/airflow/.local/lib/python3.12/site-packages/airflow/example_dags/tutorial_taskflow_api.py for tasks to queue
[2026-04-27T23:30:15.074+0000] {logging_mixin.py:188} INFO - [2026-04-27T23:30:15.074+0000] {dagbag.py:540} INFO - Filling up the DagBag from /home/airflow/.local/lib/python3.12/site-packages/airflow/example_dags/tutorial_taskflow_api.py
[2026-04-27T23:30:15.086+0000] {processor.py:840} INFO - DAG(s) 'tutorial_taskflow_api' retrieved from /home/airflow/.local/lib/python3.12/site-packages/airflow/example_dags/tutorial_taskflow_api.py
[2026-04-27T23:30:15.112+0000] {logging_mixin.py:188} INFO - [2026-04-27T23:30:15.112+0000] {dag.py:3096} INFO - Sync 1 DAGs
[2026-04-27T23:30:15.128+0000] {logging_mixin.py:188} INFO - [2026-04-27T23:30:15.127+0000] {dag.py:3954} INFO - Setting next_dagrun for tutorial_taskflow_api to None, run_after=None
[2026-04-27T23:30:15.149+0000] {processor.py:183} INFO - Processing /home/airflow/.local/lib/python3.12/site-packages/airflow/example_dags/tutorial_taskflow_api.py took 0.092 seconds
[2026-04-27T23:30:52.187+0000] {processor.py:161} INFO - Started process (PID=149) to work on /home/airflow/.local/lib/python3.12/site-packages/airflow/example_dags/tutorial_taskflow_api.py
[2026-04-27T23:30:52.412+0000] {processor.py:830} INFO - Processing file /home/airflow/.local/lib/python3.12/site-packages/airflow/example_dags/tutorial_taskflow_api.py for tasks to queue
[2026-04-27T23:30:52.415+0000] {logging_mixin.py:188} INFO - [2026-04-27T23:30:52.415+0000] {dagbag.py:540} INFO - Filling up the DagBag from /home/airflow/.local/lib/python3.12/site-packages/airflow/example_dags/tutorial_taskflow_api.py
[2026-04-27T23:30:52.424+0000] {processor.py:840} INFO - DAG(s) 'tutorial_taskflow_api' retrieved from /home/airflow/.local/lib/python3.12/site-packages/airflow/example_dags/tutorial_taskflow_api.py
[2026-04-27T23:30:52.906+0000] {logging_mixin.py:188} INFO - [2026-04-27T23:30:52.906+0000] {dag.py:3096} INFO - Sync 1 DAGs
[2026-04-27T23:30:53.015+0000] {logging_mixin.py:188} INFO - [2026-04-27T23:30:53.015+0000] {dag.py:3954} INFO - Setting next_dagrun for tutorial_taskflow_api to None, run_after=None
[2026-04-27T23:30:53.036+0000] {processor.py:183} INFO - Processing /home/airflow/.local/lib/python3.12/site-packages/airflow/example_dags/tutorial_taskflow_api.py took 0.857 seconds
[2026-04-27T23:31:47.088+0000] {processor.py:161} INFO - Started process (PID=213) to work on /home/airflow/.local/lib/python3.12/site-packages/airflow/example_dags/tutorial_taskflow_api.py
[2026-04-27T23:31:47.089+0000] {processor.py:830} INFO - Processing file /home/airflow/.local/lib/python3.12/site-packages/airflow/example_dags/tutorial_taskflow_api.py for tasks to queue
[2026-04-27T23:31:47.095+0000] {logging_mixin.py:188} INFO - [2026-04-27T23:31:47.094+0000] {dagbag.py:540} INFO - Filling up the DagBag from /home/airflow/.local/lib/python3.12/site-packages/airflow/example_dags/tutorial_taskflow_api.py
[2026-04-27T23:31:47.102+0000] {processor.py:840} INFO - DAG(s) 'tutorial_taskflow_api' retrieved from /home/airflow/.local/lib/python3.12/site-packages/airflow/example_dags/tutorial_taskflow_api.py
[2026-04-27T23:31:47.124+0000] {logging_mixin.py:188} INFO - [2026-04-27T23:31:47.124+0000] {dag.py:3096} INFO - Sync 1 DAGs
[2026-04-27T23:31:47.141+0000] {logging_mixin.py:188} INFO - [2026-04-27T23:31:47.141+0000] {dag.py:3954} INFO - Setting next_dagrun for tutorial_taskflow_api to None, run_after=None
[2026-04-27T23:31:47.165+0000] {processor.py:183} INFO - Processing /home/airflow/.local/lib/python3.12/site-packages/airflow/example_dags/tutorial_taskflow_api.py took 0.083 seconds
[2026-04-27T23:32:29.312+0000] {processor.py:161} INFO - Started process (PID=269) to work on /home/airflow/.local/lib/python3.12/site-packages/airflow/example_dags/tutorial_taskflow_api.py
[2026-04-27T23:32:29.435+0000] {processor.py:830} INFO - Processing file /home/airflow/.local/lib/python3.12/site-packages/airflow/example_dags/tutorial_taskflow_api.py for tasks to queue
[2026-04-27T23:32:29.438+0000] {logging_mixin.py:188} INFO - [2026-04-27T23:32:29.437+0000] {dagbag.py:540} INFO - Filling up the DagBag from /home/airflow/.local/lib/python3.12/site-packages/airflow/example_dags/tutorial_taskflow_api.py
[2026-04-27T23:32:29.447+0000] {processor.py:840} INFO - DAG(s) 'tutorial_taskflow_api' retrieved from /home/airflow/.local/lib/python3.12/site-packages/airflow/example_dags/tutorial_taskflow_api.py
[2026-04-27T23:32:29.473+0000] {logging_mixin.py:188} INFO - [2026-04-27T23:32:29.472+0000] {dag.py:3096} INFO - Sync 1 DAGs
[2026-04-27T23:32:29.488+0000] {logging_mixin.py:188} INFO - [2026-04-27T23:32:29.487+0000] {dag.py:3954} INFO - Setting next_dagrun for tutorial_taskflow_api to None, run_after=None
[2026-04-27T23:32:29.510+0000] {processor.py:183} INFO - Processing /home/airflow/.local/lib/python3.12/site-packages/airflow/example_dags/tutorial_taskflow_api.py took 0.206 seconds
[2026-04-27T23:33:00.873+0000] {processor.py:161} INFO - Started process (PID=328) to work on /home/airflow/.local/lib/python3.12/site-packages/airflow/example_dags/tutorial_taskflow_api.py
[2026-04-27T23:33:00.874+0000] {processor.py:830} INFO - Processing file /home/airflow/.local/lib/python3.12/site-packages/airflow/example_dags/tutorial_taskflow_api.py for tasks to queue
[2026-04-27T23:33:00.878+0000] {logging_mixin.py:188} INFO - [2026-04-27T23:33:00.877+0000] {dagbag.py:540} INFO - Filling up the DagBag from /home/airflow/.local/lib/python3.12/site-packages/airflow/example_dags/tutorial_taskflow_api.py
[2026-04-27T23:33:00.889+0000] {processor.py:840} INFO - DAG(s) 'tutorial_taskflow_api' retrieved from /home/airflow/.local/lib/python3.12/site-packages/airflow/example_dags/tutorial_taskflow_api.py
[2026-04-27T23:33:00.919+0000] {logging_mixin.py:188} INFO - [2026-04-27T23:33:00.918+0000] {dag.py:3096} INFO - Sync 1 DAGs
[2026-04-27T23:33:00.934+0000] {logging_mixin.py:188} INFO - [2026-04-27T23:33:00.933+0000] {dag.py:3954} INFO - Setting next_dagrun for tutorial_taskflow_api to None, run_after=None
[2026-04-27T23:33:00.957+0000] {processor.py:183} INFO - Processing /home/airflow/.local/lib/python3.12/site-packages/airflow/example_dags/tutorial_taskflow_api.py took 0.093 seconds
[2026-04-27T23:33:31.132+0000] {processor.py:161} INFO - Started process (PID=387) to work on /home/airflow/.local/lib/python3.12/site-packages/airflow/example_dags/tutorial_taskflow_api.py
[2026-04-27T23:33:31.133+0000] {processor.py:830} INFO - Processing file /home/airflow/.local/lib/python3.12/site-packages/airflow/example_dags/tutorial_taskflow_api.py for tasks to queue
[2026-04-27T23:33:31.135+0000] {logging_mixin.py:188} INFO - [2026-04-27T23:33:31.135+0000] {dagbag.py:540} INFO - Filling up the DagBag from /home/airflow/.local/lib/python3.12/site-packages/airflow/example_dags/tutorial_taskflow_api.py
[2026-04-27T23:33:31.143+0000] {processor.py:840} INFO - DAG(s) 'tutorial_taskflow_api' retrieved from /home/airflow/.local/lib/python3.12/site-packages/airflow/example_dags/tutorial_taskflow_api.py
[2026-04-27T23:33:31.166+0000] {logging_mixin.py:188} INFO - [2026-04-27T23:33:31.165+0000] {dag.py:3096} INFO - Sync 1 DAGs
[2026-04-27T23:33:31.179+0000] {logging_mixin.py:188} INFO - [2026-04-27T23:33:31.179+0000] {dag.py:3954} INFO - Setting next_dagrun for tutorial_taskflow_api to None, run_after=None
[2026-04-27T23:33:31.200+0000] {processor.py:183} INFO - Processing /home/airflow/.local/lib/python3.12/site-packages/airflow/example_dags/tutorial_taskflow_api.py took 0.075 seconds
[2026-04-27T23:34:02.051+0000] {processor.py:161} INFO - Started process (PID=446) to work on /home/airflow/.local/lib/python3.12/site-packages/airflow/example_dags/tutorial_taskflow_api.py
[2026-04-27T23:34:02.053+0000] {processor.py:830} INFO - Processing file /home/airflow/.local/lib/python3.12/site-packages/airflow/example_dags/tutorial_taskflow_api.py for tasks to queue
[2026-04-27T23:34:02.055+0000] {logging_mixin.py:188} INFO - [2026-04-27T23:34:02.055+0000] {dagbag.py:540} INFO - Filling up the DagBag from /home/airflow/.local/lib/python3.12/site-packages/airflow/example_dags/tutorial_taskflow_api.py
[2026-04-27T23:34:02.062+0000] {processor.py:840} INFO - DAG(s) 'tutorial_taskflow_api' retrieved from /home/airflow/.local/lib/python3.12/site-packages/airflow/example_dags/tutorial_taskflow_api.py
[2026-04-27T23:34:02.084+0000] {logging_mixin.py:188} INFO - [2026-04-27T23:34:02.084+0000] {dag.py:3096} INFO - Sync 1 DAGs
[2026-04-27T23:34:02.097+0000] {logging_mixin.py:188} INFO - [2026-04-27T23:34:02.096+0000] {dag.py:3954} INFO - Setting next_dagrun for tutorial_taskflow_api to None, run_after=None
[2026-04-27T23:34:02.118+0000] {processor.py:183} INFO - Processing /home/airflow/.local/lib/python3.12/site-packages/airflow/example_dags/tutorial_taskflow_api.py took 0.073 seconds
[2026-04-27T23:34:39.500+0000] {processor.py:161} INFO - Started process (PID=500) to work on /home/airflow/.local/lib/python3.12/site-packages/airflow/example_dags/tutorial_taskflow_api.py
[2026-04-27T23:34:39.501+0000] {processor.py:830} INFO - Processing file /home/airflow/.local/lib/python3.12/site-packages/airflow/example_dags/tutorial_taskflow_api.py for tasks to queue
[2026-04-27T23:34:39.504+0000] {logging_mixin.py:188} INFO - [2026-04-27T23:34:39.504+0000] {dagbag.py:540} INFO - Filling up the DagBag from /home/airflow/.local/lib/python3.12/site-packages/airflow/example_dags/tutorial_taskflow_api.py
[2026-04-27T23:34:39.511+0000] {processor.py:840} INFO - DAG(s) 'tutorial_taskflow_api' retrieved from /home/airflow/.local/lib/python3.12/site-packages/airflow/example_dags/tutorial_taskflow_api.py
[2026-04-27T23:34:39.534+0000] {logging_mixin.py:188} INFO - [2026-04-27T23:34:39.534+0000] {dag.py:3096} INFO - Sync 1 DAGs
[2026-04-27T23:34:39.548+0000] {logging_mixin.py:188} INFO - [2026-04-27T23:34:39.547+0000] {dag.py:3954} INFO - Setting next_dagrun for tutorial_taskflow_api to None, run_after=None
[2026-04-27T23:34:39.615+0000] {processor.py:183} INFO - Processing /home/airflow/.local/lib/python3.12/site-packages/airflow/example_dags/tutorial_taskflow_api.py took 0.122 seconds
[2026-04-27T23:35:10.163+0000] {processor.py:161} INFO - Started process (PID=559) to work on /home/airflow/.local/lib/python3.12/site-packages/airflow/example_dags/tutorial_taskflow_api.py
[2026-04-27T23:35:10.164+0000] {processor.py:830} INFO - Processing file /home/airflow/.local/lib/python3.12/site-packages/airflow/example_dags/tutorial_taskflow_api.py for tasks to queue
[2026-04-27T23:35:10.167+0000] {logging_mixin.py:188} INFO - [2026-04-27T23:35:10.166+0000] {dagbag.py:540} INFO - Filling up the DagBag from /home/airflow/.local/lib/python3.12/site-packages/airflow/example_dags/tutorial_taskflow_api.py
[2026-04-27T23:35:10.174+0000] {processor.py:840} INFO - DAG(s) 'tutorial_taskflow_api' retrieved from /home/airflow/.local/lib/python3.12/site-packages/airflow/example_dags/tutorial_taskflow_api.py
[2026-04-27T23:35:10.196+0000] {logging_mixin.py:188} INFO - [2026-04-27T23:35:10.196+0000] {dag.py:3096} INFO - Sync 1 DAGs
[2026-04-27T23:35:10.209+0000] {logging_mixin.py:188} INFO - [2026-04-27T23:35:10.209+0000] {dag.py:3954} INFO - Setting next_dagrun for tutorial_taskflow_api to None, run_after=None
[2026-04-27T23:35:10.229+0000] {processor.py:183} INFO - Processing /home/airflow/.local/lib/python3.12/site-packages/airflow/example_dags/tutorial_taskflow_api.py took 0.073 seconds
[2026-04-27T23:35:40.628+0000] {processor.py:161} INFO - Started process (PID=618) to work on /home/airflow/.local/lib/python3.12/site-packages/airflow/example_dags/tutorial_taskflow_api.py
[2026-04-27T23:35:40.631+0000] {processor.py:830} INFO - Processing file /home/airflow/.local/lib/python3.12/site-packages/airflow/example_dags/tutorial_taskflow_api.py for tasks to queue
[2026-04-27T23:35:40.634+0000] {logging_mixin.py:188} INFO - [2026-04-27T23:35:40.634+0000] {dagbag.py:540} INFO - Filling up the DagBag from /home/airflow/.local/lib/python3.12/site-packages/airflow/example_dags/tutorial_taskflow_api.py
[2026-04-27T23:35:40.643+0000] {processor.py:840} INFO - DAG(s) 'tutorial_taskflow_api' retrieved from /home/airflow/.local/lib/python3.12/site-packages/airflow/example_dags/tutorial_taskflow_api.py
[2026-04-27T23:35:40.666+0000] {logging_mixin.py:188} INFO - [2026-04-27T23:35:40.665+0000] {dag.py:3096} INFO - Sync 1 DAGs
[2026-04-27T23:35:40.679+0000] {logging_mixin.py:188} INFO - [2026-04-27T23:35:40.678+0000] {dag.py:3954} INFO - Setting next_dagrun for tutorial_taskflow_api to None, run_after=None
[2026-04-27T23:35:40.699+0000] {processor.py:183} INFO - Processing /home/airflow/.local/lib/python3.12/site-packages/airflow/example_dags/tutorial_taskflow_api.py took 0.086 seconds
[2026-04-27T23:36:11.230+0000] {processor.py:161} INFO - Started process (PID=677) to work on /home/airflow/.local/lib/python3.12/site-packages/airflow/example_dags/tutorial_taskflow_api.py
[2026-04-27T23:36:11.231+0000] {processor.py:830} INFO - Processing file /home/airflow/.local/lib/python3.12/site-packages/airflow/example_dags/tutorial_taskflow_api.py for tasks to queue
[2026-04-27T23:36:11.234+0000] {logging_mixin.py:188} INFO - [2026-04-27T23:36:11.233+0000] {dagbag.py:540} INFO - Filling up the DagBag from /home/airflow/.local/lib/python3.12/site-packages/airflow/example_dags/tutorial_taskflow_api.py
[2026-04-27T23:36:11.241+0000] {processor.py:840} INFO - DAG(s) 'tutorial_taskflow_api' retrieved from /home/airflow/.local/lib/python3.12/site-packages/airflow/example_dags/tutorial_taskflow_api.py
[2026-04-27T23:36:11.265+0000] {logging_mixin.py:188} INFO - [2026-04-27T23:36:11.265+0000] {dag.py:3096} INFO - Sync 1 DAGs
[2026-04-27T23:36:11.278+0000] {logging_mixin.py:188} INFO - [2026-04-27T23:36:11.278+0000] {dag.py:3954} INFO - Setting next_dagrun for tutorial_taskflow_api to None, run_after=None
[2026-04-27T23:36:11.298+0000] {processor.py:183} INFO - Processing /home/airflow/.local/lib/python3.12/site-packages/airflow/example_dags/tutorial_taskflow_api.py took 0.075 seconds
[2026-04-27T23:36:42.308+0000] {processor.py:161} INFO - Started process (PID=737) to work on /home/airflow/.local/lib/python3.12/site-packages/airflow/example_dags/tutorial_taskflow_api.py
[2026-04-27T23:36:42.309+0000] {processor.py:830} INFO - Processing file /home/airflow/.local/lib/python3.12/site-packages/airflow/example_dags/tutorial_taskflow_api.py for tasks to queue
[2026-04-27T23:36:42.311+0000] {logging_mixin.py:188} INFO - [2026-04-27T23:36:42.311+0000] {dagbag.py:540} INFO - Filling up the DagBag from /home/airflow/.local/lib/python3.12/site-packages/airflow/example_dags/tutorial_taskflow_api.py
[2026-04-27T23:36:42.319+0000] {processor.py:840} INFO - DAG(s) 'tutorial_taskflow_api' retrieved from /home/airflow/.local/lib/python3.12/site-packages/airflow/example_dags/tutorial_taskflow_api.py
[2026-04-27T23:36:42.341+0000] {logging_mixin.py:188} INFO - [2026-04-27T23:36:42.340+0000] {dag.py:3096} INFO - Sync 1 DAGs
[2026-04-27T23:36:42.354+0000] {logging_mixin.py:188} INFO - [2026-04-27T23:36:42.354+0000] {dag.py:3954} INFO - Setting next_dagrun for tutorial_taskflow_api to None, run_after=None
[2026-04-27T23:36:42.375+0000] {processor.py:183} INFO - Processing /home/airflow/.local/lib/python3.12/site-packages/airflow/example_dags/tutorial_taskflow_api.py took 0.074 seconds
[2026-04-27T23:37:12.903+0000] {processor.py:161} INFO - Started process (PID=796) to work on /home/airflow/.local/lib/python3.12/site-packages/airflow/example_dags/tutorial_taskflow_api.py
[2026-04-27T23:37:12.905+0000] {processor.py:830} INFO - Processing file /home/airflow/.local/lib/python3.12/site-packages/airflow/example_dags/tutorial_taskflow_api.py for tasks to queue
[2026-04-27T23:37:12.908+0000] {logging_mixin.py:188} INFO - [2026-04-27T23:37:12.907+0000] {dagbag.py:540} INFO - Filling up the DagBag from /home/airflow/.local/lib/python3.12/site-packages/airflow/example_dags/tutorial_taskflow_api.py
[2026-04-27T23:37:12.919+0000] {processor.py:840} INFO - DAG(s) 'tutorial_taskflow_api' retrieved from /home/airflow/.local/lib/python3.12/site-packages/airflow/example_dags/tutorial_taskflow_api.py
[2026-04-27T23:37:12.947+0000] {logging_mixin.py:188} INFO - [2026-04-27T23:37:12.947+0000] {dag.py:3096} INFO - Sync 1 DAGs
[2026-04-27T23:37:12.964+0000] {logging_mixin.py:188} INFO - [2026-04-27T23:37:12.964+0000] {dag.py:3954} INFO - Setting next_dagrun for tutorial_taskflow_api to None, run_after=None
[2026-04-27T23:37:13.835+0000] {processor.py:183} INFO - Processing /home/airflow/.local/lib/python3.12/site-packages/airflow/example_dags/tutorial_taskflow_api.py took 0.939 seconds
[2026-04-27T23:37:44.150+0000] {processor.py:161} INFO - Started process (PID=855) to work on /home/airflow/.local/lib/python3.12/site-packages/airflow/example_dags/tutorial_taskflow_api.py
[2026-04-27T23:37:44.151+0000] {processor.py:830} INFO - Processing file /home/airflow/.local/lib/python3.12/site-packages/airflow/example_dags/tutorial_taskflow_api.py for tasks to queue
[2026-04-27T23:37:44.154+0000] {logging_mixin.py:188} INFO - [2026-04-27T23:37:44.154+0000] {dagbag.py:540} INFO - Filling up the DagBag from /home/airflow/.local/lib/python3.12/site-packages/airflow/example_dags/tutorial_taskflow_api.py
[2026-04-27T23:37:44.163+0000] {processor.py:840} INFO - DAG(s) 'tutorial_taskflow_api' retrieved from /home/airflow/.local/lib/python3.12/site-packages/airflow/example_dags/tutorial_taskflow_api.py
[2026-04-27T23:37:44.188+0000] {logging_mixin.py:188} INFO - [2026-04-27T23:37:44.188+0000] {dag.py:3096} INFO - Sync 1 DAGs
[2026-04-27T23:37:44.205+0000] {logging_mixin.py:188} INFO - [2026-04-27T23:37:44.205+0000] {dag.py:3954} INFO - Setting next_dagrun for tutorial_taskflow_api to None, run_after=None
[2026-04-27T23:37:44.230+0000] {processor.py:183} INFO - Processing /home/airflow/.local/lib/python3.12/site-packages/airflow/example_dags/tutorial_taskflow_api.py took 0.087 seconds
[2026-04-27T23:38:14.367+0000] {processor.py:161} INFO - Started process (PID=914) to work on /home/airflow/.local/lib/python3.12/site-packages/airflow/example_dags/tutorial_taskflow_api.py
[2026-04-27T23:38:14.368+0000] {processor.py:830} INFO - Processing file /home/airflow/.local/lib/python3.12/site-packages/airflow/example_dags/tutorial_taskflow_api.py for tasks to queue
[2026-04-27T23:38:14.370+0000] {logging_mixin.py:188} INFO - [2026-04-27T23:38:14.370+0000] {dagbag.py:540} INFO - Filling up the DagBag from /home/airflow/.local/lib/python3.12/site-packages/airflow/example_dags/tutorial_taskflow_api.py
[2026-04-27T23:38:14.378+0000] {processor.py:840} INFO - DAG(s) 'tutorial_taskflow_api' retrieved from /home/airflow/.local/lib/python3.12/site-packages/airflow/example_dags/tutorial_taskflow_api.py
[2026-04-27T23:38:14.402+0000] {logging_mixin.py:188} INFO - [2026-04-27T23:38:14.402+0000] {dag.py:3096} INFO - Sync 1 DAGs
[2026-04-27T23:38:14.416+0000] {logging_mixin.py:188} INFO - [2026-04-27T23:38:14.415+0000] {dag.py:3954} INFO - Setting next_dagrun for tutorial_taskflow_api to None, run_after=None
[2026-04-27T23:38:14.437+0000] {processor.py:183} INFO - Processing /home/airflow/.local/lib/python3.12/site-packages/airflow/example_dags/tutorial_taskflow_api.py took 0.076 seconds
[2026-04-27T23:38:44.992+0000] {processor.py:161} INFO - Started process (PID=973) to work on /home/airflow/.local/lib/python3.12/site-packages/airflow/example_dags/tutorial_taskflow_api.py
[2026-04-27T23:38:44.994+0000] {processor.py:830} INFO - Processing file /home/airflow/.local/lib/python3.12/site-packages/airflow/example_dags/tutorial_taskflow_api.py for tasks to queue
[2026-04-27T23:38:44.997+0000] {logging_mixin.py:188} INFO - [2026-04-27T23:38:44.996+0000] {dagbag.py:540} INFO - Filling up the DagBag from /home/airflow/.local/lib/python3.12/site-packages/airflow/example_dags/tutorial_taskflow_api.py
[2026-04-27T23:38:45.005+0000] {processor.py:840} INFO - DAG(s) 'tutorial_taskflow_api' retrieved from /home/airflow/.local/lib/python3.12/site-packages/airflow/example_dags/tutorial_taskflow_api.py
[2026-04-27T23:38:45.029+0000] {logging_mixin.py:188} INFO - [2026-04-27T23:38:45.029+0000] {dag.py:3096} INFO - Sync 1 DAGs
[2026-04-27T23:38:45.043+0000] {logging_mixin.py:188} INFO - [2026-04-27T23:38:45.043+0000] {dag.py:3954} INFO - Setting next_dagrun for tutorial_taskflow_api to None, run_after=None
[2026-04-27T23:38:45.065+0000] {processor.py:183} INFO - Processing /home/airflow/.local/lib/python3.12/site-packages/airflow/example_dags/tutorial_taskflow_api.py took 0.079 seconds
[2026-04-27T23:39:16.016+0000] {processor.py:161} INFO - Started process (PID=1032) to work on /home/airflow/.local/lib/python3.12/site-packages/airflow/example_dags/tutorial_taskflow_api.py
[2026-04-27T23:39:16.017+0000] {processor.py:830} INFO - Processing file /home/airflow/.local/lib/python3.12/site-packages/airflow/example_dags/tutorial_taskflow_api.py for tasks to queue
[2026-04-27T23:39:16.021+0000] {logging_mixin.py:188} INFO - [2026-04-27T23:39:16.020+0000] {dagbag.py:540} INFO - Filling up the DagBag from /home/airflow/.local/lib/python3.12/site-packages/airflow/example_dags/tutorial_taskflow_api.py
[2026-04-27T23:39:16.030+0000] {processor.py:840} INFO - DAG(s) 'tutorial_taskflow_api' retrieved from /home/airflow/.local/lib/python3.12/site-packages/airflow/example_dags/tutorial_taskflow_api.py
[2026-04-27T23:39:16.054+0000] {logging_mixin.py:188} INFO - [2026-04-27T23:39:16.053+0000] {dag.py:3096} INFO - Sync 1 DAGs
[2026-04-27T23:39:16.068+0000] {logging_mixin.py:188} INFO - [2026-04-27T23:39:16.068+0000] {dag.py:3954} INFO - Setting next_dagrun for tutorial_taskflow_api to None, run_after=None
[2026-04-27T23:39:16.091+0000] {processor.py:183} INFO - Processing /home/airflow/.local/lib/python3.12/site-packages/airflow/example_dags/tutorial_taskflow_api.py took 0.083 seconds
[2026-04-27T23:39:46.321+0000] {processor.py:161} INFO - Started process (PID=1091) to work on /home/airflow/.local/lib/python3.12/site-packages/airflow/example_dags/tutorial_taskflow_api.py
[2026-04-27T23:39:46.322+0000] {processor.py:830} INFO - Processing file /home/airflow/.local/lib/python3.12/site-packages/airflow/example_dags/tutorial_taskflow_api.py for tasks to queue
[2026-04-27T23:39:46.325+0000] {logging_mixin.py:188} INFO - [2026-04-27T23:39:46.325+0000] {dagbag.py:540} INFO - Filling up the DagBag from /home/airflow/.local/lib/python3.12/site-packages/airflow/example_dags/tutorial_taskflow_api.py
[2026-04-27T23:39:46.335+0000] {processor.py:840} INFO - DAG(s) 'tutorial_taskflow_api' retrieved from /home/airflow/.local/lib/python3.12/site-packages/airflow/example_dags/tutorial_taskflow_api.py
[2026-04-27T23:39:46.363+0000] {logging_mixin.py:188} INFO - [2026-04-27T23:39:46.363+0000] {dag.py:3096} INFO - Sync 1 DAGs
[2026-04-27T23:39:46.379+0000] {logging_mixin.py:188} INFO - [2026-04-27T23:39:46.379+0000] {dag.py:3954} INFO - Setting next_dagrun for tutorial_taskflow_api to None, run_after=None
[2026-04-27T23:39:46.404+0000] {processor.py:183} INFO - Processing /home/airflow/.local/lib/python3.12/site-packages/airflow/example_dags/tutorial_taskflow_api.py took 0.091 seconds
[2026-04-27T23:40:16.526+0000] {processor.py:161} INFO - Started process (PID=1150) to work on /home/airflow/.local/lib/python3.12/site-packages/airflow/example_dags/tutorial_taskflow_api.py
[2026-04-27T23:40:16.529+0000] {processor.py:830} INFO - Processing file /home/airflow/.local/lib/python3.12/site-packages/airflow/example_dags/tutorial_taskflow_api.py for tasks to queue
[2026-04-27T23:40:16.534+0000] {logging_mixin.py:188} INFO - [2026-04-27T23:40:16.533+0000] {dagbag.py:540} INFO - Filling up the DagBag from /home/airflow/.local/lib/python3.12/site-packages/airflow/example_dags/tutorial_taskflow_api.py
[2026-04-27T23:40:16.551+0000] {processor.py:840} INFO - DAG(s) 'tutorial_taskflow_api' retrieved from /home/airflow/.local/lib/python3.12/site-packages/airflow/example_dags/tutorial_taskflow_api.py
[2026-04-27T23:40:16.609+0000] {logging_mixin.py:188} INFO - [2026-04-27T23:40:16.608+0000] {dag.py:3096} INFO - Sync 1 DAGs
[2026-04-27T23:40:16.631+0000] {logging_mixin.py:188} INFO - [2026-04-27T23:40:16.631+0000] {dag.py:3954} INFO - Setting next_dagrun for tutorial_taskflow_api to None, run_after=None
[2026-04-27T23:40:16.666+0000] {processor.py:183} INFO - Processing /home/airflow/.local/lib/python3.12/site-packages/airflow/example_dags/tutorial_taskflow_api.py took 0.160 seconds
[2026-04-27T23:40:46.730+0000] {processor.py:161} INFO - Started process (PID=1208) to work on /home/airflow/.local/lib/python3.12/site-packages/airflow/example_dags/tutorial_taskflow_api.py
[2026-04-27T23:40:46.732+0000] {processor.py:830} INFO - Processing file /home/airflow/.local/lib/python3.12/site-packages/airflow/example_dags/tutorial_taskflow_api.py for tasks to queue
[2026-04-27T23:40:46.735+0000] {logging_mixin.py:188} INFO - [2026-04-27T23:40:46.734+0000] {dagbag.py:540} INFO - Filling up the DagBag from /home/airflow/.local/lib/python3.12/site-packages/airflow/example_dags/tutorial_taskflow_api.py
[2026-04-27T23:40:46.742+0000] {processor.py:840} INFO - DAG(s) 'tutorial_taskflow_api' retrieved from /home/airflow/.local/lib/python3.12/site-packages/airflow/example_dags/tutorial_taskflow_api.py
[2026-04-27T23:40:46.764+0000] {logging_mixin.py:188} INFO - [2026-04-27T23:40:46.764+0000] {dag.py:3096} INFO - Sync 1 DAGs
[2026-04-27T23:40:46.912+0000] {logging_mixin.py:188} INFO - [2026-04-27T23:40:46.911+0000] {dag.py:3954} INFO - Setting next_dagrun for tutorial_taskflow_api to None, run_after=None
[2026-04-27T23:40:46.932+0000] {processor.py:183} INFO - Processing /home/airflow/.local/lib/python3.12/site-packages/airflow/example_dags/tutorial_taskflow_api.py took 0.210 seconds
[2026-04-27T23:41:17.862+0000] {processor.py:161} INFO - Started process (PID=1268) to work on /home/airflow/.local/lib/python3.12/site-packages/airflow/example_dags/tutorial_taskflow_api.py
[2026-04-27T23:41:17.863+0000] {processor.py:830} INFO - Processing file /home/airflow/.local/lib/python3.12/site-packages/airflow/example_dags/tutorial_taskflow_api.py for tasks to queue
[2026-04-27T23:41:17.865+0000] {logging_mixin.py:188} INFO - [2026-04-27T23:41:17.865+0000] {dagbag.py:540} INFO - Filling up the DagBag from /home/airflow/.local/lib/python3.12/site-packages/airflow/example_dags/tutorial_taskflow_api.py
[2026-04-27T23:41:17.879+0000] {processor.py:840} INFO - DAG(s) 'tutorial_taskflow_api' retrieved from /home/airflow/.local/lib/python3.12/site-packages/airflow/example_dags/tutorial_taskflow_api.py
[2026-04-27T23:41:17.911+0000] {logging_mixin.py:188} INFO - [2026-04-27T23:41:17.910+0000] {dag.py:3096} INFO - Sync 1 DAGs
[2026-04-27T23:41:17.930+0000] {logging_mixin.py:188} INFO - [2026-04-27T23:41:17.930+0000] {dag.py:3954} INFO - Setting next_dagrun for tutorial_taskflow_api to None, run_after=None
[2026-04-27T23:41:17.958+0000] {processor.py:183} INFO - Processing /home/airflow/.local/lib/python3.12/site-packages/airflow/example_dags/tutorial_taskflow_api.py took 0.104 seconds
[2026-04-27T23:41:48.201+0000] {processor.py:161} INFO - Started process (PID=1326) to work on /home/airflow/.local/lib/python3.12/site-packages/airflow/example_dags/tutorial_taskflow_api.py
[2026-04-27T23:41:48.202+0000] {processor.py:830} INFO - Processing file /home/airflow/.local/lib/python3.12/site-packages/airflow/example_dags/tutorial_taskflow_api.py for tasks to queue
[2026-04-27T23:41:48.205+0000] {logging_mixin.py:188} INFO - [2026-04-27T23:41:48.204+0000] {dagbag.py:540} INFO - Filling up the DagBag from /home/airflow/.local/lib/python3.12/site-packages/airflow/example_dags/tutorial_taskflow_api.py
[2026-04-27T23:41:48.212+0000] {processor.py:840} INFO - DAG(s) 'tutorial_taskflow_api' retrieved from /home/airflow/.local/lib/python3.12/site-packages/airflow/example_dags/tutorial_taskflow_api.py
[2026-04-27T23:41:48.238+0000] {logging_mixin.py:188} INFO - [2026-04-27T23:41:48.238+0000] {dag.py:3096} INFO - Sync 1 DAGs
[2026-04-27T23:41:48.253+0000] {logging_mixin.py:188} INFO - [2026-04-27T23:41:48.253+0000] {dag.py:3954} INFO - Setting next_dagrun for tutorial_taskflow_api to None, run_after=None
[2026-04-27T23:41:48.291+0000] {processor.py:183} INFO - Processing /home/airflow/.local/lib/python3.12/site-packages/airflow/example_dags/tutorial_taskflow_api.py took 0.098 seconds
[2026-04-27T23:42:22.875+0000] {processor.py:161} INFO - Started process (PID=1386) to work on /home/airflow/.local/lib/python3.12/site-packages/airflow/example_dags/tutorial_taskflow_api.py
[2026-04-27T23:42:22.876+0000] {processor.py:830} INFO - Processing file /home/airflow/.local/lib/python3.12/site-packages/airflow/example_dags/tutorial_taskflow_api.py for tasks to queue
[2026-04-27T23:42:22.879+0000] {logging_mixin.py:188} INFO - [2026-04-27T23:42:22.878+0000] {dagbag.py:540} INFO - Filling up the DagBag from /home/airflow/.local/lib/python3.12/site-packages/airflow/example_dags/tutorial_taskflow_api.py
[2026-04-27T23:42:22.887+0000] {processor.py:840} INFO - DAG(s) 'tutorial_taskflow_api' retrieved from /home/airflow/.local/lib/python3.12/site-packages/airflow/example_dags/tutorial_taskflow_api.py
[2026-04-27T23:42:23.054+0000] {logging_mixin.py:188} INFO - [2026-04-27T23:42:23.053+0000] {dag.py:3096} INFO - Sync 1 DAGs
[2026-04-27T23:42:23.068+0000] {logging_mixin.py:188} INFO - [2026-04-27T23:42:23.068+0000] {dag.py:3954} INFO - Setting next_dagrun for tutorial_taskflow_api to None, run_after=None
[2026-04-27T23:42:23.091+0000] {processor.py:183} INFO - Processing /home/airflow/.local/lib/python3.12/site-packages/airflow/example_dags/tutorial_taskflow_api.py took 0.223 seconds
[2026-04-27T23:42:53.722+0000] {processor.py:161} INFO - Started process (PID=1444) to work on /home/airflow/.local/lib/python3.12/site-packages/airflow/example_dags/tutorial_taskflow_api.py
[2026-04-27T23:42:53.725+0000] {processor.py:830} INFO - Processing file /home/airflow/.local/lib/python3.12/site-packages/airflow/example_dags/tutorial_taskflow_api.py for tasks to queue
[2026-04-27T23:42:53.729+0000] {logging_mixin.py:188} INFO - [2026-04-27T23:42:53.728+0000] {dagbag.py:540} INFO - Filling up the DagBag from /home/airflow/.local/lib/python3.12/site-packages/airflow/example_dags/tutorial_taskflow_api.py
[2026-04-27T23:42:53.743+0000] {processor.py:840} INFO - DAG(s) 'tutorial_taskflow_api' retrieved from /home/airflow/.local/lib/python3.12/site-packages/airflow/example_dags/tutorial_taskflow_api.py
[2026-04-27T23:42:53.779+0000] {logging_mixin.py:188} INFO - [2026-04-27T23:42:53.778+0000] {dag.py:3096} INFO - Sync 1 DAGs
[2026-04-27T23:42:53.800+0000] {logging_mixin.py:188} INFO - [2026-04-27T23:42:53.800+0000] {dag.py:3954} INFO - Setting next_dagrun for tutorial_taskflow_api to None, run_after=None
[2026-04-27T23:42:53.830+0000] {processor.py:183} INFO - Processing /home/airflow/.local/lib/python3.12/site-packages/airflow/example_dags/tutorial_taskflow_api.py took 0.115 seconds
[2026-04-27T23:43:23.987+0000] {processor.py:161} INFO - Started process (PID=1503) to work on /home/airflow/.local/lib/python3.12/site-packages/airflow/example_dags/tutorial_taskflow_api.py
[2026-04-27T23:43:23.990+0000] {processor.py:830} INFO - Processing file /home/airflow/.local/lib/python3.12/site-packages/airflow/example_dags/tutorial_taskflow_api.py for tasks to queue
[2026-04-27T23:43:23.994+0000] {logging_mixin.py:188} INFO - [2026-04-27T23:43:23.993+0000] {dagbag.py:540} INFO - Filling up the DagBag from /home/airflow/.local/lib/python3.12/site-packages/airflow/example_dags/tutorial_taskflow_api.py
[2026-04-27T23:43:24.004+0000] {processor.py:840} INFO - DAG(s) 'tutorial_taskflow_api' retrieved from /home/airflow/.local/lib/python3.12/site-packages/airflow/example_dags/tutorial_taskflow_api.py
[2026-04-27T23:43:24.032+0000] {logging_mixin.py:188} INFO - [2026-04-27T23:43:24.032+0000] {dag.py:3096} INFO - Sync 1 DAGs
[2026-04-27T23:43:24.049+0000] {logging_mixin.py:188} INFO - [2026-04-27T23:43:24.049+0000] {dag.py:3954} INFO - Setting next_dagrun for tutorial_taskflow_api to None, run_after=None
[2026-04-27T23:43:24.072+0000] {processor.py:183} INFO - Processing /home/airflow/.local/lib/python3.12/site-packages/airflow/example_dags/tutorial_taskflow_api.py took 0.095 seconds
[2026-04-27T23:43:54.722+0000] {processor.py:161} INFO - Started process (PID=1562) to work on /home/airflow/.local/lib/python3.12/site-packages/airflow/example_dags/tutorial_taskflow_api.py
[2026-04-27T23:43:54.725+0000] {processor.py:830} INFO - Processing file /home/airflow/.local/lib/python3.12/site-packages/airflow/example_dags/tutorial_taskflow_api.py for tasks to queue
[2026-04-27T23:43:54.731+0000] {logging_mixin.py:188} INFO - [2026-04-27T23:43:54.730+0000] {dagbag.py:540} INFO - Filling up the DagBag from /home/airflow/.local/lib/python3.12/site-packages/airflow/example_dags/tutorial_taskflow_api.py
[2026-04-27T23:43:54.757+0000] {processor.py:840} INFO - DAG(s) 'tutorial_taskflow_api' retrieved from /home/airflow/.local/lib/python3.12/site-packages/airflow/example_dags/tutorial_taskflow_api.py
[2026-04-27T23:43:54.816+0000] {logging_mixin.py:188} INFO - [2026-04-27T23:43:54.816+0000] {dag.py:3096} INFO - Sync 1 DAGs
[2026-04-27T23:43:54.842+0000] {logging_mixin.py:188} INFO - [2026-04-27T23:43:54.841+0000] {dag.py:3954} INFO - Setting next_dagrun for tutorial_taskflow_api to None, run_after=None
[2026-04-27T23:43:54.863+0000] {processor.py:183} INFO - Processing /home/airflow/.local/lib/python3.12/site-packages/airflow/example_dags/tutorial_taskflow_api.py took 0.160 seconds
[2026-04-27T23:44:25.083+0000] {processor.py:161} INFO - Started process (PID=1621) to work on /home/airflow/.local/lib/python3.12/site-packages/airflow/example_dags/tutorial_taskflow_api.py
[2026-04-27T23:44:25.085+0000] {processor.py:830} INFO - Processing file /home/airflow/.local/lib/python3.12/site-packages/airflow/example_dags/tutorial_taskflow_api.py for tasks to queue
[2026-04-27T23:44:25.087+0000] {logging_mixin.py:188} INFO - [2026-04-27T23:44:25.087+0000] {dagbag.py:540} INFO - Filling up the DagBag from /home/airflow/.local/lib/python3.12/site-packages/airflow/example_dags/tutorial_taskflow_api.py
[2026-04-27T23:44:25.097+0000] {processor.py:840} INFO - DAG(s) 'tutorial_taskflow_api' retrieved from /home/airflow/.local/lib/python3.12/site-packages/airflow/example_dags/tutorial_taskflow_api.py
[2026-04-27T23:44:25.126+0000] {logging_mixin.py:188} INFO - [2026-04-27T23:44:25.125+0000] {dag.py:3096} INFO - Sync 1 DAGs
[2026-04-27T23:44:25.141+0000] {logging_mixin.py:188} INFO - [2026-04-27T23:44:25.140+0000] {dag.py:3954} INFO - Setting next_dagrun for tutorial_taskflow_api to None, run_after=None
[2026-04-27T23:44:25.166+0000] {processor.py:183} INFO - Processing /home/airflow/.local/lib/python3.12/site-packages/airflow/example_dags/tutorial_taskflow_api.py took 0.091 seconds
[2026-04-27T23:44:55.622+0000] {processor.py:161} INFO - Started process (PID=1680) to work on /home/airflow/.local/lib/python3.12/site-packages/airflow/example_dags/tutorial_taskflow_api.py
[2026-04-27T23:44:55.623+0000] {processor.py:830} INFO - Processing file /home/airflow/.local/lib/python3.12/site-packages/airflow/example_dags/tutorial_taskflow_api.py for tasks to queue
[2026-04-27T23:44:55.626+0000] {logging_mixin.py:188} INFO - [2026-04-27T23:44:55.626+0000] {dagbag.py:540} INFO - Filling up the DagBag from /home/airflow/.local/lib/python3.12/site-packages/airflow/example_dags/tutorial_taskflow_api.py
[2026-04-27T23:44:55.634+0000] {processor.py:840} INFO - DAG(s) 'tutorial_taskflow_api' retrieved from /home/airflow/.local/lib/python3.12/site-packages/airflow/example_dags/tutorial_taskflow_api.py
[2026-04-27T23:44:55.659+0000] {logging_mixin.py:188} INFO - [2026-04-27T23:44:55.659+0000] {dag.py:3096} INFO - Sync 1 DAGs
[2026-04-27T23:44:55.673+0000] {logging_mixin.py:188} INFO - [2026-04-27T23:44:55.672+0000] {dag.py:3954} INFO - Setting next_dagrun for tutorial_taskflow_api to None, run_after=None
[2026-04-27T23:44:55.695+0000] {processor.py:183} INFO - Processing /home/airflow/.local/lib/python3.12/site-packages/airflow/example_dags/tutorial_taskflow_api.py took 0.080 seconds
[2026-04-27T23:45:25.987+0000] {processor.py:161} INFO - Started process (PID=1739) to work on /home/airflow/.local/lib/python3.12/site-packages/airflow/example_dags/tutorial_taskflow_api.py
[2026-04-27T23:45:25.989+0000] {processor.py:830} INFO - Processing file /home/airflow/.local/lib/python3.12/site-packages/airflow/example_dags/tutorial_taskflow_api.py for tasks to queue
[2026-04-27T23:45:25.991+0000] {logging_mixin.py:188} INFO - [2026-04-27T23:45:25.991+0000] {dagbag.py:540} INFO - Filling up the DagBag from /home/airflow/.local/lib/python3.12/site-packages/airflow/example_dags/tutorial_taskflow_api.py
[2026-04-27T23:45:25.999+0000] {processor.py:840} INFO - DAG(s) 'tutorial_taskflow_api' retrieved from /home/airflow/.local/lib/python3.12/site-packages/airflow/example_dags/tutorial_taskflow_api.py
[2026-04-27T23:45:26.025+0000] {logging_mixin.py:188} INFO - [2026-04-27T23:45:26.025+0000] {dag.py:3096} INFO - Sync 1 DAGs
[2026-04-27T23:45:26.041+0000] {logging_mixin.py:188} INFO - [2026-04-27T23:45:26.041+0000] {dag.py:3954} INFO - Setting next_dagrun for tutorial_taskflow_api to None, run_after=None
[2026-04-27T23:45:26.069+0000] {processor.py:183} INFO - Processing /home/airflow/.local/lib/python3.12/site-packages/airflow/example_dags/tutorial_taskflow_api.py took 0.088 seconds
[2026-04-27T23:45:56.384+0000] {processor.py:161} INFO - Started process (PID=1798) to work on /home/airflow/.local/lib/python3.12/site-packages/airflow/example_dags/tutorial_taskflow_api.py
[2026-04-27T23:45:56.385+0000] {processor.py:830} INFO - Processing file /home/airflow/.local/lib/python3.12/site-packages/airflow/example_dags/tutorial_taskflow_api.py for tasks to queue
[2026-04-27T23:45:56.387+0000] {logging_mixin.py:188} INFO - [2026-04-27T23:45:56.387+0000] {dagbag.py:540} INFO - Filling up the DagBag from /home/airflow/.local/lib/python3.12/site-packages/airflow/example_dags/tutorial_taskflow_api.py
[2026-04-27T23:45:56.396+0000] {processor.py:840} INFO - DAG(s) 'tutorial_taskflow_api' retrieved from /home/airflow/.local/lib/python3.12/site-packages/airflow/example_dags/tutorial_taskflow_api.py
[2026-04-27T23:45:56.424+0000] {logging_mixin.py:188} INFO - [2026-04-27T23:45:56.423+0000] {dag.py:3096} INFO - Sync 1 DAGs
[2026-04-27T23:45:56.441+0000] {logging_mixin.py:188} INFO - [2026-04-27T23:45:56.441+0000] {dag.py:3954} INFO - Setting next_dagrun for tutorial_taskflow_api to None, run_after=None
[2026-04-27T23:45:56.471+0000] {processor.py:183} INFO - Processing /home/airflow/.local/lib/python3.12/site-packages/airflow/example_dags/tutorial_taskflow_api.py took 0.095 seconds
[2026-04-27T23:46:26.738+0000] {processor.py:161} INFO - Started process (PID=1856) to work on /home/airflow/.local/lib/python3.12/site-packages/airflow/example_dags/tutorial_taskflow_api.py
[2026-04-27T23:46:26.740+0000] {processor.py:830} INFO - Processing file /home/airflow/.local/lib/python3.12/site-packages/airflow/example_dags/tutorial_taskflow_api.py for tasks to queue
[2026-04-27T23:46:26.742+0000] {logging_mixin.py:188} INFO - [2026-04-27T23:46:26.742+0000] {dagbag.py:540} INFO - Filling up the DagBag from /home/airflow/.local/lib/python3.12/site-packages/airflow/example_dags/tutorial_taskflow_api.py
[2026-04-27T23:46:26.754+0000] {processor.py:840} INFO - DAG(s) 'tutorial_taskflow_api' retrieved from /home/airflow/.local/lib/python3.12/site-packages/airflow/example_dags/tutorial_taskflow_api.py
[2026-04-27T23:46:26.784+0000] {logging_mixin.py:188} INFO - [2026-04-27T23:46:26.784+0000] {dag.py:3096} INFO - Sync 1 DAGs
[2026-04-27T23:46:26.805+0000] {logging_mixin.py:188} INFO - [2026-04-27T23:46:26.805+0000] {dag.py:3954} INFO - Setting next_dagrun for tutorial_taskflow_api to None, run_after=None
[2026-04-27T23:46:26.833+0000] {processor.py:183} INFO - Processing /home/airflow/.local/lib/python3.12/site-packages/airflow/example_dags/tutorial_taskflow_api.py took 0.102 seconds
[2026-04-27T23:46:57.050+0000] {processor.py:161} INFO - Started process (PID=1915) to work on /home/airflow/.local/lib/python3.12/site-packages/airflow/example_dags/tutorial_taskflow_api.py
[2026-04-27T23:46:57.051+0000] {processor.py:830} INFO - Processing file /home/airflow/.local/lib/python3.12/site-packages/airflow/example_dags/tutorial_taskflow_api.py for tasks to queue
[2026-04-27T23:46:57.054+0000] {logging_mixin.py:188} INFO - [2026-04-27T23:46:57.054+0000] {dagbag.py:540} INFO - Filling up the DagBag from /home/airflow/.local/lib/python3.12/site-packages/airflow/example_dags/tutorial_taskflow_api.py
[2026-04-27T23:46:57.069+0000] {processor.py:840} INFO - DAG(s) 'tutorial_taskflow_api' retrieved from /home/airflow/.local/lib/python3.12/site-packages/airflow/example_dags/tutorial_taskflow_api.py
[2026-04-27T23:46:57.097+0000] {logging_mixin.py:188} INFO - [2026-04-27T23:46:57.097+0000] {dag.py:3096} INFO - Sync 1 DAGs
[2026-04-27T23:46:57.117+0000] {logging_mixin.py:188} INFO - [2026-04-27T23:46:57.116+0000] {dag.py:3954} INFO - Setting next_dagrun for tutorial_taskflow_api to None, run_after=None
[2026-04-27T23:46:57.146+0000] {processor.py:183} INFO - Processing /home/airflow/.local/lib/python3.12/site-packages/airflow/example_dags/tutorial_taskflow_api.py took 0.106 seconds
[2026-04-27T23:47:27.202+0000] {processor.py:161} INFO - Started process (PID=1971) to work on /home/airflow/.local/lib/python3.12/site-packages/airflow/example_dags/tutorial_taskflow_api.py
[2026-04-27T23:47:27.204+0000] {processor.py:830} INFO - Processing file /home/airflow/.local/lib/python3.12/site-packages/airflow/example_dags/tutorial_taskflow_api.py for tasks to queue
[2026-04-27T23:47:27.206+0000] {logging_mixin.py:188} INFO - [2026-04-27T23:47:27.206+0000] {dagbag.py:540} INFO - Filling up the DagBag from /home/airflow/.local/lib/python3.12/site-packages/airflow/example_dags/tutorial_taskflow_api.py
[2026-04-27T23:47:27.215+0000] {processor.py:840} INFO - DAG(s) 'tutorial_taskflow_api' retrieved from /home/airflow/.local/lib/python3.12/site-packages/airflow/example_dags/tutorial_taskflow_api.py
[2026-04-27T23:47:27.231+0000] {logging_mixin.py:188} INFO - [2026-04-27T23:47:27.231+0000] {dag.py:3096} INFO - Sync 1 DAGs
[2026-04-27T23:47:27.248+0000] {logging_mixin.py:188} INFO - [2026-04-27T23:47:27.248+0000] {dag.py:3954} INFO - Setting next_dagrun for tutorial_taskflow_api to None, run_after=None
[2026-04-27T23:47:27.271+0000] {processor.py:183} INFO - Processing /home/airflow/.local/lib/python3.12/site-packages/airflow/example_dags/tutorial_taskflow_api.py took 0.076 seconds
[2026-04-27T23:47:58.081+0000] {processor.py:161} INFO - Started process (PID=2031) to work on /home/airflow/.local/lib/python3.12/site-packages/airflow/example_dags/tutorial_taskflow_api.py
[2026-04-27T23:47:58.083+0000] {processor.py:830} INFO - Processing file /home/airflow/.local/lib/python3.12/site-packages/airflow/example_dags/tutorial_taskflow_api.py for tasks to queue
[2026-04-27T23:47:58.086+0000] {logging_mixin.py:188} INFO - [2026-04-27T23:47:58.085+0000] {dagbag.py:540} INFO - Filling up the DagBag from /home/airflow/.local/lib/python3.12/site-packages/airflow/example_dags/tutorial_taskflow_api.py
[2026-04-27T23:47:58.095+0000] {processor.py:840} INFO - DAG(s) 'tutorial_taskflow_api' retrieved from /home/airflow/.local/lib/python3.12/site-packages/airflow/example_dags/tutorial_taskflow_api.py
[2026-04-27T23:47:58.201+0000] {logging_mixin.py:188} INFO - [2026-04-27T23:47:58.201+0000] {dag.py:3096} INFO - Sync 1 DAGs
[2026-04-27T23:47:58.212+0000] {logging_mixin.py:188} INFO - [2026-04-27T23:47:58.212+0000] {dag.py:3954} INFO - Setting next_dagrun for tutorial_taskflow_api to None, run_after=None
[2026-04-27T23:47:58.233+0000] {processor.py:183} INFO - Processing /home/airflow/.local/lib/python3.12/site-packages/airflow/example_dags/tutorial_taskflow_api.py took 0.159 seconds
[2026-04-27T23:48:28.744+0000] {processor.py:161} INFO - Started process (PID=2090) to work on /home/airflow/.local/lib/python3.12/site-packages/airflow/example_dags/tutorial_taskflow_api.py
[2026-04-27T23:48:28.746+0000] {processor.py:830} INFO - Processing file /home/airflow/.local/lib/python3.12/site-packages/airflow/example_dags/tutorial_taskflow_api.py for tasks to queue
[2026-04-27T23:48:28.753+0000] {logging_mixin.py:188} INFO - [2026-04-27T23:48:28.750+0000] {dagbag.py:540} INFO - Filling up the DagBag from /home/airflow/.local/lib/python3.12/site-packages/airflow/example_dags/tutorial_taskflow_api.py
[2026-04-27T23:48:28.768+0000] {processor.py:840} INFO - DAG(s) 'tutorial_taskflow_api' retrieved from /home/airflow/.local/lib/python3.12/site-packages/airflow/example_dags/tutorial_taskflow_api.py
[2026-04-27T23:48:28.795+0000] {logging_mixin.py:188} INFO - [2026-04-27T23:48:28.795+0000] {dag.py:3096} INFO - Sync 1 DAGs
[2026-04-27T23:48:28.809+0000] {logging_mixin.py:188} INFO - [2026-04-27T23:48:28.809+0000] {dag.py:3954} INFO - Setting next_dagrun for tutorial_taskflow_api to None, run_after=None
[2026-04-27T23:48:28.834+0000] {processor.py:183} INFO - Processing /home/airflow/.local/lib/python3.12/site-packages/airflow/example_dags/tutorial_taskflow_api.py took 0.096 seconds
[2026-04-27T23:48:59.180+0000] {processor.py:161} INFO - Started process (PID=2149) to work on /home/airflow/.local/lib/python3.12/site-packages/airflow/example_dags/tutorial_taskflow_api.py
[2026-04-27T23:48:59.182+0000] {processor.py:830} INFO - Processing file /home/airflow/.local/lib/python3.12/site-packages/airflow/example_dags/tutorial_taskflow_api.py for tasks to queue
[2026-04-27T23:48:59.185+0000] {logging_mixin.py:188} INFO - [2026-04-27T23:48:59.185+0000] {dagbag.py:540} INFO - Filling up the DagBag from /home/airflow/.local/lib/python3.12/site-packages/airflow/example_dags/tutorial_taskflow_api.py
[2026-04-27T23:48:59.197+0000] {processor.py:840} INFO - DAG(s) 'tutorial_taskflow_api' retrieved from /home/airflow/.local/lib/python3.12/site-packages/airflow/example_dags/tutorial_taskflow_api.py
[2026-04-27T23:48:59.230+0000] {logging_mixin.py:188} INFO - [2026-04-27T23:48:59.229+0000] {dag.py:3096} INFO - Sync 1 DAGs
[2026-04-27T23:48:59.247+0000] {logging_mixin.py:188} INFO - [2026-04-27T23:48:59.246+0000] {dag.py:3954} INFO - Setting next_dagrun for tutorial_taskflow_api to None, run_after=None
[2026-04-27T23:48:59.276+0000] {processor.py:183} INFO - Processing /home/airflow/.local/lib/python3.12/site-packages/airflow/example_dags/tutorial_taskflow_api.py took 0.105 seconds
[2026-04-27T23:49:29.997+0000] {processor.py:161} INFO - Started process (PID=2207) to work on /home/airflow/.local/lib/python3.12/site-packages/airflow/example_dags/tutorial_taskflow_api.py
[2026-04-27T23:49:30.000+0000] {processor.py:830} INFO - Processing file /home/airflow/.local/lib/python3.12/site-packages/airflow/example_dags/tutorial_taskflow_api.py for tasks to queue
[2026-04-27T23:49:30.004+0000] {logging_mixin.py:188} INFO - [2026-04-27T23:49:30.004+0000] {dagbag.py:540} INFO - Filling up the DagBag from /home/airflow/.local/lib/python3.12/site-packages/airflow/example_dags/tutorial_taskflow_api.py
[2026-04-27T23:49:30.013+0000] {processor.py:840} INFO - DAG(s) 'tutorial_taskflow_api' retrieved from /home/airflow/.local/lib/python3.12/site-packages/airflow/example_dags/tutorial_taskflow_api.py
[2026-04-27T23:49:30.039+0000] {logging_mixin.py:188} INFO - [2026-04-27T23:49:30.039+0000] {dag.py:3096} INFO - Sync 1 DAGs
[2026-04-27T23:49:30.053+0000] {logging_mixin.py:188} INFO - [2026-04-27T23:49:30.053+0000] {dag.py:3954} INFO - Setting next_dagrun for tutorial_taskflow_api to None, run_after=None
[2026-04-27T23:49:30.075+0000] {processor.py:183} INFO - Processing /home/airflow/.local/lib/python3.12/site-packages/airflow/example_dags/tutorial_taskflow_api.py took 0.085 seconds
[2026-04-27T23:50:00.236+0000] {processor.py:161} INFO - Started process (PID=2266) to work on /home/airflow/.local/lib/python3.12/site-packages/airflow/example_dags/tutorial_taskflow_api.py
[2026-04-27T23:50:00.239+0000] {processor.py:830} INFO - Processing file /home/airflow/.local/lib/python3.12/site-packages/airflow/example_dags/tutorial_taskflow_api.py for tasks to queue
[2026-04-27T23:50:00.243+0000] {logging_mixin.py:188} INFO - [2026-04-27T23:50:00.242+0000] {dagbag.py:540} INFO - Filling up the DagBag from /home/airflow/.local/lib/python3.12/site-packages/airflow/example_dags/tutorial_taskflow_api.py
[2026-04-27T23:50:00.255+0000] {processor.py:840} INFO - DAG(s) 'tutorial_taskflow_api' retrieved from /home/airflow/.local/lib/python3.12/site-packages/airflow/example_dags/tutorial_taskflow_api.py
[2026-04-27T23:50:00.280+0000] {logging_mixin.py:188} INFO - [2026-04-27T23:50:00.280+0000] {dag.py:3096} INFO - Sync 1 DAGs
[2026-04-27T23:50:00.294+0000] {logging_mixin.py:188} INFO - [2026-04-27T23:50:00.294+0000] {dag.py:3954} INFO - Setting next_dagrun for tutorial_taskflow_api to None, run_after=None
[2026-04-27T23:50:00.315+0000] {processor.py:183} INFO - Processing /home/airflow/.local/lib/python3.12/site-packages/airflow/example_dags/tutorial_taskflow_api.py took 0.092 seconds
[2026-04-27T23:58:32.501+0000] {processor.py:161} INFO - Started process (PID=90) to work on /home/airflow/.local/lib/python3.12/site-packages/airflow/example_dags/tutorial_taskflow_api.py
[2026-04-27T23:58:32.503+0000] {processor.py:830} INFO - Processing file /home/airflow/.local/lib/python3.12/site-packages/airflow/example_dags/tutorial_taskflow_api.py for tasks to queue
[2026-04-27T23:58:32.505+0000] {logging_mixin.py:188} INFO - [2026-04-27T23:58:32.505+0000] {dagbag.py:540} INFO - Filling up the DagBag from /home/airflow/.local/lib/python3.12/site-packages/airflow/example_dags/tutorial_taskflow_api.py
[2026-04-27T23:58:32.513+0000] {processor.py:840} INFO - DAG(s) 'tutorial_taskflow_api' retrieved from /home/airflow/.local/lib/python3.12/site-packages/airflow/example_dags/tutorial_taskflow_api.py
[2026-04-27T23:58:32.633+0000] {logging_mixin.py:188} INFO - [2026-04-27T23:58:32.633+0000] {dag.py:3096} INFO - Sync 1 DAGs
[2026-04-27T23:58:32.645+0000] {logging_mixin.py:188} INFO - [2026-04-27T23:58:32.644+0000] {dag.py:3954} INFO - Setting next_dagrun for tutorial_taskflow_api to None, run_after=None
[2026-04-27T23:58:32.667+0000] {processor.py:183} INFO - Processing /home/airflow/.local/lib/python3.12/site-packages/airflow/example_dags/tutorial_taskflow_api.py took 0.173 seconds
[2026-04-27T23:59:47.158+0000] {processor.py:161} INFO - Started process (PID=84) to work on /home/airflow/.local/lib/python3.12/site-packages/airflow/example_dags/tutorial_taskflow_api.py
[2026-04-27T23:59:47.190+0000] {processor.py:830} INFO - Processing file /home/airflow/.local/lib/python3.12/site-packages/airflow/example_dags/tutorial_taskflow_api.py for tasks to queue
[2026-04-27T23:59:47.193+0000] {logging_mixin.py:188} INFO - [2026-04-27T23:59:47.193+0000] {dagbag.py:540} INFO - Filling up the DagBag from /home/airflow/.local/lib/python3.12/site-packages/airflow/example_dags/tutorial_taskflow_api.py
[2026-04-27T23:59:47.200+0000] {processor.py:840} INFO - DAG(s) 'tutorial_taskflow_api' retrieved from /home/airflow/.local/lib/python3.12/site-packages/airflow/example_dags/tutorial_taskflow_api.py
[2026-04-27T23:59:47.224+0000] {logging_mixin.py:188} INFO - [2026-04-27T23:59:47.224+0000] {dag.py:3096} INFO - Sync 1 DAGs
[2026-04-27T23:59:47.239+0000] {logging_mixin.py:188} INFO - [2026-04-27T23:59:47.239+0000] {dag.py:3954} INFO - Setting next_dagrun for tutorial_taskflow_api to None, run_after=None
[2026-04-27T23:59:47.261+0000] {processor.py:183} INFO - Processing /home/airflow/.local/lib/python3.12/site-packages/airflow/example_dags/tutorial_taskflow_api.py took 0.109 seconds
