[2026-04-27T23:30:29.229+0000] {processor.py:161} INFO - Started process (PID=107) to work on /home/airflow/.local/lib/python3.12/site-packages/airflow/example_dags/tutorial_dag.py
[2026-04-27T23:30:29.230+0000] {processor.py:830} INFO - Processing file /home/airflow/.local/lib/python3.12/site-packages/airflow/example_dags/tutorial_dag.py for tasks to queue
[2026-04-27T23:30:29.232+0000] {logging_mixin.py:188} INFO - [2026-04-27T23:30:29.232+0000] {dagbag.py:540} INFO - Filling up the DagBag from /home/airflow/.local/lib/python3.12/site-packages/airflow/example_dags/tutorial_dag.py
[2026-04-27T23:30:29.238+0000] {processor.py:840} INFO - DAG(s) 'tutorial_dag' retrieved from /home/airflow/.local/lib/python3.12/site-packages/airflow/example_dags/tutorial_dag.py
[2026-04-27T23:30:29.309+0000] {logging_mixin.py:188} INFO - [2026-04-27T23:30:29.309+0000] {dag.py:3096} INFO - Sync 1 DAGs
[2026-04-27T23:30:29.323+0000] {logging_mixin.py:188} INFO - [2026-04-27T23:30:29.323+0000] {dag.py:3954} INFO - Setting next_dagrun for tutorial_dag to None, run_after=None
[2026-04-27T23:30:29.344+0000] {processor.py:183} INFO - Processing /home/airflow/.local/lib/python3.12/site-packages/airflow/example_dags/tutorial_dag.py took 0.121 seconds
[2026-04-27T23:31:00.010+0000] {processor.py:161} INFO - Started process (PID=165) to work on /home/airflow/.local/lib/python3.12/site-packages/airflow/example_dags/tutorial_dag.py
[2026-04-27T23:31:00.010+0000] {processor.py:830} INFO - Processing file /home/airflow/.local/lib/python3.12/site-packages/airflow/example_dags/tutorial_dag.py for tasks to queue
[2026-04-27T23:31:00.013+0000] {logging_mixin.py:188} INFO - [2026-04-27T23:31:00.012+0000] {dagbag.py:540} INFO - Filling up the DagBag from /home/airflow/.local/lib/python3.12/site-packages/airflow/example_dags/tutorial_dag.py
[2026-04-27T23:31:00.018+0000] {processor.py:840} INFO - DAG(s) 'tutorial_dag' retrieved from /home/airflow/.local/lib/python3.12/site-packages/airflow/example_dags/tutorial_dag.py
[2026-04-27T23:31:00.040+0000] {logging_mixin.py:188} INFO - [2026-04-27T23:31:00.039+0000] {dag.py:3096} INFO - Sync 1 DAGs
[2026-04-27T23:31:00.053+0000] {logging_mixin.py:188} INFO - [2026-04-27T23:31:00.052+0000] {dag.py:3954} INFO - Setting next_dagrun for tutorial_dag to None, run_after=None
[2026-04-27T23:31:00.073+0000] {processor.py:183} INFO - Processing /home/airflow/.local/lib/python3.12/site-packages/airflow/example_dags/tutorial_dag.py took 0.069 seconds
[2026-04-27T23:32:19.842+0000] {processor.py:161} INFO - Started process (PID=231) to work on /home/airflow/.local/lib/python3.12/site-packages/airflow/example_dags/tutorial_dag.py
[2026-04-27T23:32:20.078+0000] {processor.py:830} INFO - Processing file /home/airflow/.local/lib/python3.12/site-packages/airflow/example_dags/tutorial_dag.py for tasks to queue
[2026-04-27T23:32:20.086+0000] {logging_mixin.py:188} INFO - [2026-04-27T23:32:20.085+0000] {dagbag.py:540} INFO - Filling up the DagBag from /home/airflow/.local/lib/python3.12/site-packages/airflow/example_dags/tutorial_dag.py
[2026-04-27T23:32:20.103+0000] {processor.py:840} INFO - DAG(s) 'tutorial_dag' retrieved from /home/airflow/.local/lib/python3.12/site-packages/airflow/example_dags/tutorial_dag.py
[2026-04-27T23:32:20.130+0000] {logging_mixin.py:188} INFO - [2026-04-27T23:32:20.129+0000] {dag.py:3096} INFO - Sync 1 DAGs
[2026-04-27T23:32:20.562+0000] {logging_mixin.py:188} INFO - [2026-04-27T23:32:20.561+0000] {dag.py:3954} INFO - Setting next_dagrun for tutorial_dag to None, run_after=None
[2026-04-27T23:32:21.913+0000] {processor.py:183} INFO - Processing /home/airflow/.local/lib/python3.12/site-packages/airflow/example_dags/tutorial_dag.py took 2.078 seconds
[2026-04-27T23:32:54.731+0000] {processor.py:161} INFO - Started process (PID=290) to work on /home/airflow/.local/lib/python3.12/site-packages/airflow/example_dags/tutorial_dag.py
[2026-04-27T23:32:54.733+0000] {processor.py:830} INFO - Processing file /home/airflow/.local/lib/python3.12/site-packages/airflow/example_dags/tutorial_dag.py for tasks to queue
[2026-04-27T23:32:54.736+0000] {logging_mixin.py:188} INFO - [2026-04-27T23:32:54.735+0000] {dagbag.py:540} INFO - Filling up the DagBag from /home/airflow/.local/lib/python3.12/site-packages/airflow/example_dags/tutorial_dag.py
[2026-04-27T23:32:54.743+0000] {processor.py:840} INFO - DAG(s) 'tutorial_dag' retrieved from /home/airflow/.local/lib/python3.12/site-packages/airflow/example_dags/tutorial_dag.py
[2026-04-27T23:32:54.766+0000] {logging_mixin.py:188} INFO - [2026-04-27T23:32:54.765+0000] {dag.py:3096} INFO - Sync 1 DAGs
[2026-04-27T23:32:54.779+0000] {logging_mixin.py:188} INFO - [2026-04-27T23:32:54.779+0000] {dag.py:3954} INFO - Setting next_dagrun for tutorial_dag to None, run_after=None
[2026-04-27T23:32:54.800+0000] {processor.py:183} INFO - Processing /home/airflow/.local/lib/python3.12/site-packages/airflow/example_dags/tutorial_dag.py took 0.076 seconds
[2026-04-27T23:33:26.363+0000] {processor.py:161} INFO - Started process (PID=349) to work on /home/airflow/.local/lib/python3.12/site-packages/airflow/example_dags/tutorial_dag.py
[2026-04-27T23:33:26.364+0000] {processor.py:830} INFO - Processing file /home/airflow/.local/lib/python3.12/site-packages/airflow/example_dags/tutorial_dag.py for tasks to queue
[2026-04-27T23:33:26.367+0000] {logging_mixin.py:188} INFO - [2026-04-27T23:33:26.366+0000] {dagbag.py:540} INFO - Filling up the DagBag from /home/airflow/.local/lib/python3.12/site-packages/airflow/example_dags/tutorial_dag.py
[2026-04-27T23:33:26.374+0000] {processor.py:840} INFO - DAG(s) 'tutorial_dag' retrieved from /home/airflow/.local/lib/python3.12/site-packages/airflow/example_dags/tutorial_dag.py
[2026-04-27T23:33:26.397+0000] {logging_mixin.py:188} INFO - [2026-04-27T23:33:26.397+0000] {dag.py:3096} INFO - Sync 1 DAGs
[2026-04-27T23:33:26.410+0000] {logging_mixin.py:188} INFO - [2026-04-27T23:33:26.410+0000] {dag.py:3954} INFO - Setting next_dagrun for tutorial_dag to None, run_after=None
[2026-04-27T23:33:26.430+0000] {processor.py:183} INFO - Processing /home/airflow/.local/lib/python3.12/site-packages/airflow/example_dags/tutorial_dag.py took 0.074 seconds
[2026-04-27T23:33:56.818+0000] {processor.py:161} INFO - Started process (PID=408) to work on /home/airflow/.local/lib/python3.12/site-packages/airflow/example_dags/tutorial_dag.py
[2026-04-27T23:33:56.820+0000] {processor.py:830} INFO - Processing file /home/airflow/.local/lib/python3.12/site-packages/airflow/example_dags/tutorial_dag.py for tasks to queue
[2026-04-27T23:33:56.822+0000] {logging_mixin.py:188} INFO - [2026-04-27T23:33:56.822+0000] {dagbag.py:540} INFO - Filling up the DagBag from /home/airflow/.local/lib/python3.12/site-packages/airflow/example_dags/tutorial_dag.py
[2026-04-27T23:33:56.828+0000] {processor.py:840} INFO - DAG(s) 'tutorial_dag' retrieved from /home/airflow/.local/lib/python3.12/site-packages/airflow/example_dags/tutorial_dag.py
[2026-04-27T23:33:56.852+0000] {logging_mixin.py:188} INFO - [2026-04-27T23:33:56.851+0000] {dag.py:3096} INFO - Sync 1 DAGs
[2026-04-27T23:33:56.865+0000] {logging_mixin.py:188} INFO - [2026-04-27T23:33:56.865+0000] {dag.py:3954} INFO - Setting next_dagrun for tutorial_dag to None, run_after=None
[2026-04-27T23:33:56.885+0000] {processor.py:183} INFO - Processing /home/airflow/.local/lib/python3.12/site-packages/airflow/example_dags/tutorial_dag.py took 0.074 seconds
[2026-04-27T23:34:28.620+0000] {processor.py:161} INFO - Started process (PID=470) to work on /home/airflow/.local/lib/python3.12/site-packages/airflow/example_dags/tutorial_dag.py
[2026-04-27T23:34:28.621+0000] {processor.py:830} INFO - Processing file /home/airflow/.local/lib/python3.12/site-packages/airflow/example_dags/tutorial_dag.py for tasks to queue
[2026-04-27T23:34:28.624+0000] {logging_mixin.py:188} INFO - [2026-04-27T23:34:28.623+0000] {dagbag.py:540} INFO - Filling up the DagBag from /home/airflow/.local/lib/python3.12/site-packages/airflow/example_dags/tutorial_dag.py
[2026-04-27T23:34:28.629+0000] {processor.py:840} INFO - DAG(s) 'tutorial_dag' retrieved from /home/airflow/.local/lib/python3.12/site-packages/airflow/example_dags/tutorial_dag.py
[2026-04-27T23:34:28.653+0000] {logging_mixin.py:188} INFO - [2026-04-27T23:34:28.653+0000] {dag.py:3096} INFO - Sync 1 DAGs
[2026-04-27T23:34:28.667+0000] {logging_mixin.py:188} INFO - [2026-04-27T23:34:28.667+0000] {dag.py:3954} INFO - Setting next_dagrun for tutorial_dag to None, run_after=None
[2026-04-27T23:34:28.688+0000] {processor.py:183} INFO - Processing /home/airflow/.local/lib/python3.12/site-packages/airflow/example_dags/tutorial_dag.py took 0.075 seconds
[2026-04-27T23:34:59.929+0000] {processor.py:161} INFO - Started process (PID=529) to work on /home/airflow/.local/lib/python3.12/site-packages/airflow/example_dags/tutorial_dag.py
[2026-04-27T23:34:59.931+0000] {processor.py:830} INFO - Processing file /home/airflow/.local/lib/python3.12/site-packages/airflow/example_dags/tutorial_dag.py for tasks to queue
[2026-04-27T23:34:59.933+0000] {logging_mixin.py:188} INFO - [2026-04-27T23:34:59.932+0000] {dagbag.py:540} INFO - Filling up the DagBag from /home/airflow/.local/lib/python3.12/site-packages/airflow/example_dags/tutorial_dag.py
[2026-04-27T23:34:59.938+0000] {processor.py:840} INFO - DAG(s) 'tutorial_dag' retrieved from /home/airflow/.local/lib/python3.12/site-packages/airflow/example_dags/tutorial_dag.py
[2026-04-27T23:34:59.958+0000] {logging_mixin.py:188} INFO - [2026-04-27T23:34:59.958+0000] {dag.py:3096} INFO - Sync 1 DAGs
[2026-04-27T23:34:59.971+0000] {logging_mixin.py:188} INFO - [2026-04-27T23:34:59.971+0000] {dag.py:3954} INFO - Setting next_dagrun for tutorial_dag to None, run_after=None
[2026-04-27T23:34:59.989+0000] {processor.py:183} INFO - Processing /home/airflow/.local/lib/python3.12/site-packages/airflow/example_dags/tutorial_dag.py took 0.066 seconds
[2026-04-27T23:35:31.122+0000] {processor.py:161} INFO - Started process (PID=588) to work on /home/airflow/.local/lib/python3.12/site-packages/airflow/example_dags/tutorial_dag.py
[2026-04-27T23:35:31.124+0000] {processor.py:830} INFO - Processing file /home/airflow/.local/lib/python3.12/site-packages/airflow/example_dags/tutorial_dag.py for tasks to queue
[2026-04-27T23:35:31.126+0000] {logging_mixin.py:188} INFO - [2026-04-27T23:35:31.125+0000] {dagbag.py:540} INFO - Filling up the DagBag from /home/airflow/.local/lib/python3.12/site-packages/airflow/example_dags/tutorial_dag.py
[2026-04-27T23:35:31.132+0000] {processor.py:840} INFO - DAG(s) 'tutorial_dag' retrieved from /home/airflow/.local/lib/python3.12/site-packages/airflow/example_dags/tutorial_dag.py
[2026-04-27T23:35:31.155+0000] {logging_mixin.py:188} INFO - [2026-04-27T23:35:31.155+0000] {dag.py:3096} INFO - Sync 1 DAGs
[2026-04-27T23:35:31.170+0000] {logging_mixin.py:188} INFO - [2026-04-27T23:35:31.169+0000] {dag.py:3954} INFO - Setting next_dagrun for tutorial_dag to None, run_after=None
[2026-04-27T23:35:31.191+0000] {processor.py:183} INFO - Processing /home/airflow/.local/lib/python3.12/site-packages/airflow/example_dags/tutorial_dag.py took 0.075 seconds
[2026-04-27T23:36:02.336+0000] {processor.py:161} INFO - Started process (PID=653) to work on /home/airflow/.local/lib/python3.12/site-packages/airflow/example_dags/tutorial_dag.py
[2026-04-27T23:36:02.337+0000] {processor.py:830} INFO - Processing file /home/airflow/.local/lib/python3.12/site-packages/airflow/example_dags/tutorial_dag.py for tasks to queue
[2026-04-27T23:36:02.339+0000] {logging_mixin.py:188} INFO - [2026-04-27T23:36:02.339+0000] {dagbag.py:540} INFO - Filling up the DagBag from /home/airflow/.local/lib/python3.12/site-packages/airflow/example_dags/tutorial_dag.py
[2026-04-27T23:36:02.345+0000] {processor.py:840} INFO - DAG(s) 'tutorial_dag' retrieved from /home/airflow/.local/lib/python3.12/site-packages/airflow/example_dags/tutorial_dag.py
[2026-04-27T23:36:02.367+0000] {logging_mixin.py:188} INFO - [2026-04-27T23:36:02.367+0000] {dag.py:3096} INFO - Sync 1 DAGs
[2026-04-27T23:36:02.380+0000] {logging_mixin.py:188} INFO - [2026-04-27T23:36:02.380+0000] {dag.py:3954} INFO - Setting next_dagrun for tutorial_dag to None, run_after=None
[2026-04-27T23:36:02.399+0000] {processor.py:183} INFO - Processing /home/airflow/.local/lib/python3.12/site-packages/airflow/example_dags/tutorial_dag.py took 0.070 seconds
[2026-04-27T23:36:34.460+0000] {processor.py:161} INFO - Started process (PID=716) to work on /home/airflow/.local/lib/python3.12/site-packages/airflow/example_dags/tutorial_dag.py
[2026-04-27T23:36:34.461+0000] {processor.py:830} INFO - Processing file /home/airflow/.local/lib/python3.12/site-packages/airflow/example_dags/tutorial_dag.py for tasks to queue
[2026-04-27T23:36:34.463+0000] {logging_mixin.py:188} INFO - [2026-04-27T23:36:34.463+0000] {dagbag.py:540} INFO - Filling up the DagBag from /home/airflow/.local/lib/python3.12/site-packages/airflow/example_dags/tutorial_dag.py
[2026-04-27T23:36:34.469+0000] {processor.py:840} INFO - DAG(s) 'tutorial_dag' retrieved from /home/airflow/.local/lib/python3.12/site-packages/airflow/example_dags/tutorial_dag.py
[2026-04-27T23:36:34.493+0000] {logging_mixin.py:188} INFO - [2026-04-27T23:36:34.493+0000] {dag.py:3096} INFO - Sync 1 DAGs
[2026-04-27T23:36:34.506+0000] {logging_mixin.py:188} INFO - [2026-04-27T23:36:34.506+0000] {dag.py:3954} INFO - Setting next_dagrun for tutorial_dag to None, run_after=None
[2026-04-27T23:36:34.527+0000] {processor.py:183} INFO - Processing /home/airflow/.local/lib/python3.12/site-packages/airflow/example_dags/tutorial_dag.py took 0.074 seconds
[2026-04-27T23:37:05.638+0000] {processor.py:161} INFO - Started process (PID=775) to work on /home/airflow/.local/lib/python3.12/site-packages/airflow/example_dags/tutorial_dag.py
[2026-04-27T23:37:05.639+0000] {processor.py:830} INFO - Processing file /home/airflow/.local/lib/python3.12/site-packages/airflow/example_dags/tutorial_dag.py for tasks to queue
[2026-04-27T23:37:05.642+0000] {logging_mixin.py:188} INFO - [2026-04-27T23:37:05.641+0000] {dagbag.py:540} INFO - Filling up the DagBag from /home/airflow/.local/lib/python3.12/site-packages/airflow/example_dags/tutorial_dag.py
[2026-04-27T23:37:05.648+0000] {processor.py:840} INFO - DAG(s) 'tutorial_dag' retrieved from /home/airflow/.local/lib/python3.12/site-packages/airflow/example_dags/tutorial_dag.py
[2026-04-27T23:37:05.670+0000] {logging_mixin.py:188} INFO - [2026-04-27T23:37:05.670+0000] {dag.py:3096} INFO - Sync 1 DAGs
[2026-04-27T23:37:05.684+0000] {logging_mixin.py:188} INFO - [2026-04-27T23:37:05.684+0000] {dag.py:3954} INFO - Setting next_dagrun for tutorial_dag to None, run_after=None
[2026-04-27T23:37:05.704+0000] {processor.py:183} INFO - Processing /home/airflow/.local/lib/python3.12/site-packages/airflow/example_dags/tutorial_dag.py took 0.072 seconds
[2026-04-27T23:37:36.211+0000] {processor.py:161} INFO - Started process (PID=834) to work on /home/airflow/.local/lib/python3.12/site-packages/airflow/example_dags/tutorial_dag.py
[2026-04-27T23:37:36.213+0000] {processor.py:830} INFO - Processing file /home/airflow/.local/lib/python3.12/site-packages/airflow/example_dags/tutorial_dag.py for tasks to queue
[2026-04-27T23:37:36.217+0000] {logging_mixin.py:188} INFO - [2026-04-27T23:37:36.216+0000] {dagbag.py:540} INFO - Filling up the DagBag from /home/airflow/.local/lib/python3.12/site-packages/airflow/example_dags/tutorial_dag.py
[2026-04-27T23:37:36.227+0000] {processor.py:840} INFO - DAG(s) 'tutorial_dag' retrieved from /home/airflow/.local/lib/python3.12/site-packages/airflow/example_dags/tutorial_dag.py
[2026-04-27T23:37:36.261+0000] {logging_mixin.py:188} INFO - [2026-04-27T23:37:36.261+0000] {dag.py:3096} INFO - Sync 1 DAGs
[2026-04-27T23:37:36.279+0000] {logging_mixin.py:188} INFO - [2026-04-27T23:37:36.279+0000] {dag.py:3954} INFO - Setting next_dagrun for tutorial_dag to None, run_after=None
[2026-04-27T23:37:36.301+0000] {processor.py:183} INFO - Processing /home/airflow/.local/lib/python3.12/site-packages/airflow/example_dags/tutorial_dag.py took 0.103 seconds
[2026-04-27T23:38:06.421+0000] {processor.py:161} INFO - Started process (PID=893) to work on /home/airflow/.local/lib/python3.12/site-packages/airflow/example_dags/tutorial_dag.py
[2026-04-27T23:38:06.422+0000] {processor.py:830} INFO - Processing file /home/airflow/.local/lib/python3.12/site-packages/airflow/example_dags/tutorial_dag.py for tasks to queue
[2026-04-27T23:38:06.424+0000] {logging_mixin.py:188} INFO - [2026-04-27T23:38:06.424+0000] {dagbag.py:540} INFO - Filling up the DagBag from /home/airflow/.local/lib/python3.12/site-packages/airflow/example_dags/tutorial_dag.py
[2026-04-27T23:38:06.430+0000] {processor.py:840} INFO - DAG(s) 'tutorial_dag' retrieved from /home/airflow/.local/lib/python3.12/site-packages/airflow/example_dags/tutorial_dag.py
[2026-04-27T23:38:06.454+0000] {logging_mixin.py:188} INFO - [2026-04-27T23:38:06.454+0000] {dag.py:3096} INFO - Sync 1 DAGs
[2026-04-27T23:38:06.468+0000] {logging_mixin.py:188} INFO - [2026-04-27T23:38:06.468+0000] {dag.py:3954} INFO - Setting next_dagrun for tutorial_dag to None, run_after=None
[2026-04-27T23:38:06.491+0000] {processor.py:183} INFO - Processing /home/airflow/.local/lib/python3.12/site-packages/airflow/example_dags/tutorial_dag.py took 0.077 seconds
[2026-04-27T23:38:37.686+0000] {processor.py:161} INFO - Started process (PID=952) to work on /home/airflow/.local/lib/python3.12/site-packages/airflow/example_dags/tutorial_dag.py
[2026-04-27T23:38:37.687+0000] {processor.py:830} INFO - Processing file /home/airflow/.local/lib/python3.12/site-packages/airflow/example_dags/tutorial_dag.py for tasks to queue
[2026-04-27T23:38:37.689+0000] {logging_mixin.py:188} INFO - [2026-04-27T23:38:37.689+0000] {dagbag.py:540} INFO - Filling up the DagBag from /home/airflow/.local/lib/python3.12/site-packages/airflow/example_dags/tutorial_dag.py
[2026-04-27T23:38:37.695+0000] {processor.py:840} INFO - DAG(s) 'tutorial_dag' retrieved from /home/airflow/.local/lib/python3.12/site-packages/airflow/example_dags/tutorial_dag.py
[2026-04-27T23:38:37.719+0000] {logging_mixin.py:188} INFO - [2026-04-27T23:38:37.719+0000] {dag.py:3096} INFO - Sync 1 DAGs
[2026-04-27T23:38:37.733+0000] {logging_mixin.py:188} INFO - [2026-04-27T23:38:37.733+0000] {dag.py:3954} INFO - Setting next_dagrun for tutorial_dag to None, run_after=None
[2026-04-27T23:38:37.755+0000] {processor.py:183} INFO - Processing /home/airflow/.local/lib/python3.12/site-packages/airflow/example_dags/tutorial_dag.py took 0.076 seconds
[2026-04-27T23:39:08.275+0000] {processor.py:161} INFO - Started process (PID=1011) to work on /home/airflow/.local/lib/python3.12/site-packages/airflow/example_dags/tutorial_dag.py
[2026-04-27T23:39:08.276+0000] {processor.py:830} INFO - Processing file /home/airflow/.local/lib/python3.12/site-packages/airflow/example_dags/tutorial_dag.py for tasks to queue
[2026-04-27T23:39:08.279+0000] {logging_mixin.py:188} INFO - [2026-04-27T23:39:08.279+0000] {dagbag.py:540} INFO - Filling up the DagBag from /home/airflow/.local/lib/python3.12/site-packages/airflow/example_dags/tutorial_dag.py
[2026-04-27T23:39:08.285+0000] {processor.py:840} INFO - DAG(s) 'tutorial_dag' retrieved from /home/airflow/.local/lib/python3.12/site-packages/airflow/example_dags/tutorial_dag.py
[2026-04-27T23:39:08.307+0000] {logging_mixin.py:188} INFO - [2026-04-27T23:39:08.306+0000] {dag.py:3096} INFO - Sync 1 DAGs
[2026-04-27T23:39:08.320+0000] {logging_mixin.py:188} INFO - [2026-04-27T23:39:08.320+0000] {dag.py:3954} INFO - Setting next_dagrun for tutorial_dag to None, run_after=None
[2026-04-27T23:39:08.339+0000] {processor.py:183} INFO - Processing /home/airflow/.local/lib/python3.12/site-packages/airflow/example_dags/tutorial_dag.py took 0.071 seconds
[2026-04-27T23:39:39.305+0000] {processor.py:161} INFO - Started process (PID=1071) to work on /home/airflow/.local/lib/python3.12/site-packages/airflow/example_dags/tutorial_dag.py
[2026-04-27T23:39:39.306+0000] {processor.py:830} INFO - Processing file /home/airflow/.local/lib/python3.12/site-packages/airflow/example_dags/tutorial_dag.py for tasks to queue
[2026-04-27T23:39:39.308+0000] {logging_mixin.py:188} INFO - [2026-04-27T23:39:39.308+0000] {dagbag.py:540} INFO - Filling up the DagBag from /home/airflow/.local/lib/python3.12/site-packages/airflow/example_dags/tutorial_dag.py
[2026-04-27T23:39:39.314+0000] {processor.py:840} INFO - DAG(s) 'tutorial_dag' retrieved from /home/airflow/.local/lib/python3.12/site-packages/airflow/example_dags/tutorial_dag.py
[2026-04-27T23:39:39.340+0000] {logging_mixin.py:188} INFO - [2026-04-27T23:39:39.340+0000] {dag.py:3096} INFO - Sync 1 DAGs
[2026-04-27T23:39:39.355+0000] {logging_mixin.py:188} INFO - [2026-04-27T23:39:39.355+0000] {dag.py:3954} INFO - Setting next_dagrun for tutorial_dag to None, run_after=None
[2026-04-27T23:39:39.377+0000] {processor.py:183} INFO - Processing /home/airflow/.local/lib/python3.12/site-packages/airflow/example_dags/tutorial_dag.py took 0.079 seconds
[2026-04-27T23:40:09.596+0000] {processor.py:161} INFO - Started process (PID=1130) to work on /home/airflow/.local/lib/python3.12/site-packages/airflow/example_dags/tutorial_dag.py
[2026-04-27T23:40:09.597+0000] {processor.py:830} INFO - Processing file /home/airflow/.local/lib/python3.12/site-packages/airflow/example_dags/tutorial_dag.py for tasks to queue
[2026-04-27T23:40:09.601+0000] {logging_mixin.py:188} INFO - [2026-04-27T23:40:09.600+0000] {dagbag.py:540} INFO - Filling up the DagBag from /home/airflow/.local/lib/python3.12/site-packages/airflow/example_dags/tutorial_dag.py
[2026-04-27T23:40:09.609+0000] {processor.py:840} INFO - DAG(s) 'tutorial_dag' retrieved from /home/airflow/.local/lib/python3.12/site-packages/airflow/example_dags/tutorial_dag.py
[2026-04-27T23:40:09.635+0000] {logging_mixin.py:188} INFO - [2026-04-27T23:40:09.635+0000] {dag.py:3096} INFO - Sync 1 DAGs
[2026-04-27T23:40:09.650+0000] {logging_mixin.py:188} INFO - [2026-04-27T23:40:09.650+0000] {dag.py:3954} INFO - Setting next_dagrun for tutorial_dag to None, run_after=None
[2026-04-27T23:40:09.671+0000] {processor.py:183} INFO - Processing /home/airflow/.local/lib/python3.12/site-packages/airflow/example_dags/tutorial_dag.py took 0.088 seconds
[2026-04-27T23:40:39.812+0000] {processor.py:161} INFO - Started process (PID=1189) to work on /home/airflow/.local/lib/python3.12/site-packages/airflow/example_dags/tutorial_dag.py
[2026-04-27T23:40:39.813+0000] {processor.py:830} INFO - Processing file /home/airflow/.local/lib/python3.12/site-packages/airflow/example_dags/tutorial_dag.py for tasks to queue
[2026-04-27T23:40:39.816+0000] {logging_mixin.py:188} INFO - [2026-04-27T23:40:39.816+0000] {dagbag.py:540} INFO - Filling up the DagBag from /home/airflow/.local/lib/python3.12/site-packages/airflow/example_dags/tutorial_dag.py
[2026-04-27T23:40:39.824+0000] {processor.py:840} INFO - DAG(s) 'tutorial_dag' retrieved from /home/airflow/.local/lib/python3.12/site-packages/airflow/example_dags/tutorial_dag.py
[2026-04-27T23:40:39.850+0000] {logging_mixin.py:188} INFO - [2026-04-27T23:40:39.850+0000] {dag.py:3096} INFO - Sync 1 DAGs
[2026-04-27T23:40:39.866+0000] {logging_mixin.py:188} INFO - [2026-04-27T23:40:39.866+0000] {dag.py:3954} INFO - Setting next_dagrun for tutorial_dag to None, run_after=None
[2026-04-27T23:40:39.887+0000] {processor.py:183} INFO - Processing /home/airflow/.local/lib/python3.12/site-packages/airflow/example_dags/tutorial_dag.py took 0.084 seconds
[2026-04-27T23:41:10.291+0000] {processor.py:161} INFO - Started process (PID=1248) to work on /home/airflow/.local/lib/python3.12/site-packages/airflow/example_dags/tutorial_dag.py
[2026-04-27T23:41:10.292+0000] {processor.py:830} INFO - Processing file /home/airflow/.local/lib/python3.12/site-packages/airflow/example_dags/tutorial_dag.py for tasks to queue
[2026-04-27T23:41:10.294+0000] {logging_mixin.py:188} INFO - [2026-04-27T23:41:10.294+0000] {dagbag.py:540} INFO - Filling up the DagBag from /home/airflow/.local/lib/python3.12/site-packages/airflow/example_dags/tutorial_dag.py
[2026-04-27T23:41:10.302+0000] {processor.py:840} INFO - DAG(s) 'tutorial_dag' retrieved from /home/airflow/.local/lib/python3.12/site-packages/airflow/example_dags/tutorial_dag.py
[2026-04-27T23:41:10.325+0000] {logging_mixin.py:188} INFO - [2026-04-27T23:41:10.325+0000] {dag.py:3096} INFO - Sync 1 DAGs
[2026-04-27T23:41:10.340+0000] {logging_mixin.py:188} INFO - [2026-04-27T23:41:10.340+0000] {dag.py:3954} INFO - Setting next_dagrun for tutorial_dag to None, run_after=None
[2026-04-27T23:41:10.362+0000] {processor.py:183} INFO - Processing /home/airflow/.local/lib/python3.12/site-packages/airflow/example_dags/tutorial_dag.py took 0.078 seconds
[2026-04-27T23:41:41.283+0000] {processor.py:161} INFO - Started process (PID=1307) to work on /home/airflow/.local/lib/python3.12/site-packages/airflow/example_dags/tutorial_dag.py
[2026-04-27T23:41:41.285+0000] {processor.py:830} INFO - Processing file /home/airflow/.local/lib/python3.12/site-packages/airflow/example_dags/tutorial_dag.py for tasks to queue
[2026-04-27T23:41:41.287+0000] {logging_mixin.py:188} INFO - [2026-04-27T23:41:41.286+0000] {dagbag.py:540} INFO - Filling up the DagBag from /home/airflow/.local/lib/python3.12/site-packages/airflow/example_dags/tutorial_dag.py
[2026-04-27T23:41:41.293+0000] {processor.py:840} INFO - DAG(s) 'tutorial_dag' retrieved from /home/airflow/.local/lib/python3.12/site-packages/airflow/example_dags/tutorial_dag.py
[2026-04-27T23:41:41.315+0000] {logging_mixin.py:188} INFO - [2026-04-27T23:41:41.314+0000] {dag.py:3096} INFO - Sync 1 DAGs
[2026-04-27T23:41:41.328+0000] {logging_mixin.py:188} INFO - [2026-04-27T23:41:41.328+0000] {dag.py:3954} INFO - Setting next_dagrun for tutorial_dag to None, run_after=None
[2026-04-27T23:41:41.349+0000] {processor.py:183} INFO - Processing /home/airflow/.local/lib/python3.12/site-packages/airflow/example_dags/tutorial_dag.py took 0.073 seconds
[2026-04-27T23:42:12.298+0000] {processor.py:161} INFO - Started process (PID=1366) to work on /home/airflow/.local/lib/python3.12/site-packages/airflow/example_dags/tutorial_dag.py
[2026-04-27T23:42:12.299+0000] {processor.py:830} INFO - Processing file /home/airflow/.local/lib/python3.12/site-packages/airflow/example_dags/tutorial_dag.py for tasks to queue
[2026-04-27T23:42:12.303+0000] {logging_mixin.py:188} INFO - [2026-04-27T23:42:12.302+0000] {dagbag.py:540} INFO - Filling up the DagBag from /home/airflow/.local/lib/python3.12/site-packages/airflow/example_dags/tutorial_dag.py
[2026-04-27T23:42:12.310+0000] {processor.py:840} INFO - DAG(s) 'tutorial_dag' retrieved from /home/airflow/.local/lib/python3.12/site-packages/airflow/example_dags/tutorial_dag.py
[2026-04-27T23:42:12.336+0000] {logging_mixin.py:188} INFO - [2026-04-27T23:42:12.335+0000] {dag.py:3096} INFO - Sync 1 DAGs
[2026-04-27T23:42:12.351+0000] {logging_mixin.py:188} INFO - [2026-04-27T23:42:12.350+0000] {dag.py:3954} INFO - Setting next_dagrun for tutorial_dag to None, run_after=None
[2026-04-27T23:42:12.523+0000] {processor.py:183} INFO - Processing /home/airflow/.local/lib/python3.12/site-packages/airflow/example_dags/tutorial_dag.py took 0.234 seconds
[2026-04-27T23:42:43.203+0000] {processor.py:161} INFO - Started process (PID=1425) to work on /home/airflow/.local/lib/python3.12/site-packages/airflow/example_dags/tutorial_dag.py
[2026-04-27T23:42:43.204+0000] {processor.py:830} INFO - Processing file /home/airflow/.local/lib/python3.12/site-packages/airflow/example_dags/tutorial_dag.py for tasks to queue
[2026-04-27T23:42:43.208+0000] {logging_mixin.py:188} INFO - [2026-04-27T23:42:43.207+0000] {dagbag.py:540} INFO - Filling up the DagBag from /home/airflow/.local/lib/python3.12/site-packages/airflow/example_dags/tutorial_dag.py
[2026-04-27T23:42:43.215+0000] {processor.py:840} INFO - DAG(s) 'tutorial_dag' retrieved from /home/airflow/.local/lib/python3.12/site-packages/airflow/example_dags/tutorial_dag.py
[2026-04-27T23:42:43.238+0000] {logging_mixin.py:188} INFO - [2026-04-27T23:42:43.238+0000] {dag.py:3096} INFO - Sync 1 DAGs
[2026-04-27T23:42:43.253+0000] {logging_mixin.py:188} INFO - [2026-04-27T23:42:43.253+0000] {dag.py:3954} INFO - Setting next_dagrun for tutorial_dag to None, run_after=None
[2026-04-27T23:42:43.278+0000] {processor.py:183} INFO - Processing /home/airflow/.local/lib/python3.12/site-packages/airflow/example_dags/tutorial_dag.py took 0.084 seconds
[2026-04-27T23:43:13.867+0000] {processor.py:161} INFO - Started process (PID=1484) to work on /home/airflow/.local/lib/python3.12/site-packages/airflow/example_dags/tutorial_dag.py
[2026-04-27T23:43:13.869+0000] {processor.py:830} INFO - Processing file /home/airflow/.local/lib/python3.12/site-packages/airflow/example_dags/tutorial_dag.py for tasks to queue
[2026-04-27T23:43:13.873+0000] {logging_mixin.py:188} INFO - [2026-04-27T23:43:13.872+0000] {dagbag.py:540} INFO - Filling up the DagBag from /home/airflow/.local/lib/python3.12/site-packages/airflow/example_dags/tutorial_dag.py
[2026-04-27T23:43:13.887+0000] {processor.py:840} INFO - DAG(s) 'tutorial_dag' retrieved from /home/airflow/.local/lib/python3.12/site-packages/airflow/example_dags/tutorial_dag.py
[2026-04-27T23:43:13.928+0000] {logging_mixin.py:188} INFO - [2026-04-27T23:43:13.928+0000] {dag.py:3096} INFO - Sync 1 DAGs
[2026-04-27T23:43:13.950+0000] {logging_mixin.py:188} INFO - [2026-04-27T23:43:13.950+0000] {dag.py:3954} INFO - Setting next_dagrun for tutorial_dag to None, run_after=None
[2026-04-27T23:43:13.981+0000] {processor.py:183} INFO - Processing /home/airflow/.local/lib/python3.12/site-packages/airflow/example_dags/tutorial_dag.py took 0.129 seconds
[2026-04-27T23:43:44.265+0000] {processor.py:161} INFO - Started process (PID=1543) to work on /home/airflow/.local/lib/python3.12/site-packages/airflow/example_dags/tutorial_dag.py
[2026-04-27T23:43:44.267+0000] {processor.py:830} INFO - Processing file /home/airflow/.local/lib/python3.12/site-packages/airflow/example_dags/tutorial_dag.py for tasks to queue
[2026-04-27T23:43:44.269+0000] {logging_mixin.py:188} INFO - [2026-04-27T23:43:44.269+0000] {dagbag.py:540} INFO - Filling up the DagBag from /home/airflow/.local/lib/python3.12/site-packages/airflow/example_dags/tutorial_dag.py
[2026-04-27T23:43:44.279+0000] {processor.py:840} INFO - DAG(s) 'tutorial_dag' retrieved from /home/airflow/.local/lib/python3.12/site-packages/airflow/example_dags/tutorial_dag.py
[2026-04-27T23:43:44.313+0000] {logging_mixin.py:188} INFO - [2026-04-27T23:43:44.313+0000] {dag.py:3096} INFO - Sync 1 DAGs
[2026-04-27T23:43:44.346+0000] {logging_mixin.py:188} INFO - [2026-04-27T23:43:44.345+0000] {dag.py:3954} INFO - Setting next_dagrun for tutorial_dag to None, run_after=None
[2026-04-27T23:43:44.413+0000] {processor.py:183} INFO - Processing /home/airflow/.local/lib/python3.12/site-packages/airflow/example_dags/tutorial_dag.py took 0.159 seconds
[2026-04-27T23:44:14.547+0000] {processor.py:161} INFO - Started process (PID=1602) to work on /home/airflow/.local/lib/python3.12/site-packages/airflow/example_dags/tutorial_dag.py
[2026-04-27T23:44:14.548+0000] {processor.py:830} INFO - Processing file /home/airflow/.local/lib/python3.12/site-packages/airflow/example_dags/tutorial_dag.py for tasks to queue
[2026-04-27T23:44:14.552+0000] {logging_mixin.py:188} INFO - [2026-04-27T23:44:14.551+0000] {dagbag.py:540} INFO - Filling up the DagBag from /home/airflow/.local/lib/python3.12/site-packages/airflow/example_dags/tutorial_dag.py
[2026-04-27T23:44:14.558+0000] {processor.py:840} INFO - DAG(s) 'tutorial_dag' retrieved from /home/airflow/.local/lib/python3.12/site-packages/airflow/example_dags/tutorial_dag.py
[2026-04-27T23:44:14.585+0000] {logging_mixin.py:188} INFO - [2026-04-27T23:44:14.585+0000] {dag.py:3096} INFO - Sync 1 DAGs
[2026-04-27T23:44:14.600+0000] {logging_mixin.py:188} INFO - [2026-04-27T23:44:14.600+0000] {dag.py:3954} INFO - Setting next_dagrun for tutorial_dag to None, run_after=None
[2026-04-27T23:44:14.621+0000] {processor.py:183} INFO - Processing /home/airflow/.local/lib/python3.12/site-packages/airflow/example_dags/tutorial_dag.py took 0.081 seconds
[2026-04-27T23:44:45.251+0000] {processor.py:161} INFO - Started process (PID=1661) to work on /home/airflow/.local/lib/python3.12/site-packages/airflow/example_dags/tutorial_dag.py
[2026-04-27T23:44:45.252+0000] {processor.py:830} INFO - Processing file /home/airflow/.local/lib/python3.12/site-packages/airflow/example_dags/tutorial_dag.py for tasks to queue
[2026-04-27T23:44:45.255+0000] {logging_mixin.py:188} INFO - [2026-04-27T23:44:45.254+0000] {dagbag.py:540} INFO - Filling up the DagBag from /home/airflow/.local/lib/python3.12/site-packages/airflow/example_dags/tutorial_dag.py
[2026-04-27T23:44:45.261+0000] {processor.py:840} INFO - DAG(s) 'tutorial_dag' retrieved from /home/airflow/.local/lib/python3.12/site-packages/airflow/example_dags/tutorial_dag.py
[2026-04-27T23:44:45.283+0000] {logging_mixin.py:188} INFO - [2026-04-27T23:44:45.283+0000] {dag.py:3096} INFO - Sync 1 DAGs
[2026-04-27T23:44:45.297+0000] {logging_mixin.py:188} INFO - [2026-04-27T23:44:45.297+0000] {dag.py:3954} INFO - Setting next_dagrun for tutorial_dag to None, run_after=None
[2026-04-27T23:44:45.327+0000] {processor.py:183} INFO - Processing /home/airflow/.local/lib/python3.12/site-packages/airflow/example_dags/tutorial_dag.py took 0.083 seconds
[2026-04-27T23:45:15.662+0000] {processor.py:161} INFO - Started process (PID=1720) to work on /home/airflow/.local/lib/python3.12/site-packages/airflow/example_dags/tutorial_dag.py
[2026-04-27T23:45:15.664+0000] {processor.py:830} INFO - Processing file /home/airflow/.local/lib/python3.12/site-packages/airflow/example_dags/tutorial_dag.py for tasks to queue
[2026-04-27T23:45:15.667+0000] {logging_mixin.py:188} INFO - [2026-04-27T23:45:15.666+0000] {dagbag.py:540} INFO - Filling up the DagBag from /home/airflow/.local/lib/python3.12/site-packages/airflow/example_dags/tutorial_dag.py
[2026-04-27T23:45:15.673+0000] {processor.py:840} INFO - DAG(s) 'tutorial_dag' retrieved from /home/airflow/.local/lib/python3.12/site-packages/airflow/example_dags/tutorial_dag.py
[2026-04-27T23:45:15.696+0000] {logging_mixin.py:188} INFO - [2026-04-27T23:45:15.696+0000] {dag.py:3096} INFO - Sync 1 DAGs
[2026-04-27T23:45:15.710+0000] {logging_mixin.py:188} INFO - [2026-04-27T23:45:15.710+0000] {dag.py:3954} INFO - Setting next_dagrun for tutorial_dag to None, run_after=None
[2026-04-27T23:45:15.734+0000] {processor.py:183} INFO - Processing /home/airflow/.local/lib/python3.12/site-packages/airflow/example_dags/tutorial_dag.py took 0.080 seconds
[2026-04-27T23:45:46.752+0000] {processor.py:161} INFO - Started process (PID=1779) to work on /home/airflow/.local/lib/python3.12/site-packages/airflow/example_dags/tutorial_dag.py
[2026-04-27T23:45:46.755+0000] {processor.py:830} INFO - Processing file /home/airflow/.local/lib/python3.12/site-packages/airflow/example_dags/tutorial_dag.py for tasks to queue
[2026-04-27T23:45:46.759+0000] {logging_mixin.py:188} INFO - [2026-04-27T23:45:46.758+0000] {dagbag.py:540} INFO - Filling up the DagBag from /home/airflow/.local/lib/python3.12/site-packages/airflow/example_dags/tutorial_dag.py
[2026-04-27T23:45:46.769+0000] {processor.py:840} INFO - DAG(s) 'tutorial_dag' retrieved from /home/airflow/.local/lib/python3.12/site-packages/airflow/example_dags/tutorial_dag.py
[2026-04-27T23:45:46.813+0000] {logging_mixin.py:188} INFO - [2026-04-27T23:45:46.813+0000] {dag.py:3096} INFO - Sync 1 DAGs
[2026-04-27T23:45:46.840+0000] {logging_mixin.py:188} INFO - [2026-04-27T23:45:46.839+0000] {dag.py:3954} INFO - Setting next_dagrun for tutorial_dag to None, run_after=None
[2026-04-27T23:45:46.874+0000] {processor.py:183} INFO - Processing /home/airflow/.local/lib/python3.12/site-packages/airflow/example_dags/tutorial_dag.py took 0.139 seconds
[2026-04-27T23:46:17.657+0000] {processor.py:161} INFO - Started process (PID=1840) to work on /home/airflow/.local/lib/python3.12/site-packages/airflow/example_dags/tutorial_dag.py
[2026-04-27T23:46:17.658+0000] {processor.py:830} INFO - Processing file /home/airflow/.local/lib/python3.12/site-packages/airflow/example_dags/tutorial_dag.py for tasks to queue
[2026-04-27T23:46:17.661+0000] {logging_mixin.py:188} INFO - [2026-04-27T23:46:17.660+0000] {dagbag.py:540} INFO - Filling up the DagBag from /home/airflow/.local/lib/python3.12/site-packages/airflow/example_dags/tutorial_dag.py
[2026-04-27T23:46:17.668+0000] {processor.py:840} INFO - DAG(s) 'tutorial_dag' retrieved from /home/airflow/.local/lib/python3.12/site-packages/airflow/example_dags/tutorial_dag.py
[2026-04-27T23:46:17.692+0000] {logging_mixin.py:188} INFO - [2026-04-27T23:46:17.692+0000] {dag.py:3096} INFO - Sync 1 DAGs
[2026-04-27T23:46:17.712+0000] {logging_mixin.py:188} INFO - [2026-04-27T23:46:17.712+0000] {dag.py:3954} INFO - Setting next_dagrun for tutorial_dag to None, run_after=None
[2026-04-27T23:46:17.733+0000] {processor.py:183} INFO - Processing /home/airflow/.local/lib/python3.12/site-packages/airflow/example_dags/tutorial_dag.py took 0.083 seconds
[2026-04-27T23:46:48.599+0000] {processor.py:161} INFO - Started process (PID=1899) to work on /home/airflow/.local/lib/python3.12/site-packages/airflow/example_dags/tutorial_dag.py
[2026-04-27T23:46:48.600+0000] {processor.py:830} INFO - Processing file /home/airflow/.local/lib/python3.12/site-packages/airflow/example_dags/tutorial_dag.py for tasks to queue
[2026-04-27T23:46:48.603+0000] {logging_mixin.py:188} INFO - [2026-04-27T23:46:48.602+0000] {dagbag.py:540} INFO - Filling up the DagBag from /home/airflow/.local/lib/python3.12/site-packages/airflow/example_dags/tutorial_dag.py
[2026-04-27T23:46:48.609+0000] {processor.py:840} INFO - DAG(s) 'tutorial_dag' retrieved from /home/airflow/.local/lib/python3.12/site-packages/airflow/example_dags/tutorial_dag.py
[2026-04-27T23:46:48.633+0000] {logging_mixin.py:188} INFO - [2026-04-27T23:46:48.633+0000] {dag.py:3096} INFO - Sync 1 DAGs
[2026-04-27T23:46:48.648+0000] {logging_mixin.py:188} INFO - [2026-04-27T23:46:48.647+0000] {dag.py:3954} INFO - Setting next_dagrun for tutorial_dag to None, run_after=None
[2026-04-27T23:46:48.671+0000] {processor.py:183} INFO - Processing /home/airflow/.local/lib/python3.12/site-packages/airflow/example_dags/tutorial_dag.py took 0.079 seconds
[2026-04-27T23:47:18.789+0000] {processor.py:161} INFO - Started process (PID=1958) to work on /home/airflow/.local/lib/python3.12/site-packages/airflow/example_dags/tutorial_dag.py
[2026-04-27T23:47:18.791+0000] {processor.py:830} INFO - Processing file /home/airflow/.local/lib/python3.12/site-packages/airflow/example_dags/tutorial_dag.py for tasks to queue
[2026-04-27T23:47:18.793+0000] {logging_mixin.py:188} INFO - [2026-04-27T23:47:18.793+0000] {dagbag.py:540} INFO - Filling up the DagBag from /home/airflow/.local/lib/python3.12/site-packages/airflow/example_dags/tutorial_dag.py
[2026-04-27T23:47:18.799+0000] {processor.py:840} INFO - DAG(s) 'tutorial_dag' retrieved from /home/airflow/.local/lib/python3.12/site-packages/airflow/example_dags/tutorial_dag.py
[2026-04-27T23:47:18.813+0000] {logging_mixin.py:188} INFO - [2026-04-27T23:47:18.813+0000] {dag.py:3096} INFO - Sync 1 DAGs
[2026-04-27T23:47:18.828+0000] {logging_mixin.py:188} INFO - [2026-04-27T23:47:18.828+0000] {dag.py:3954} INFO - Setting next_dagrun for tutorial_dag to None, run_after=None
[2026-04-27T23:47:18.851+0000] {processor.py:183} INFO - Processing /home/airflow/.local/lib/python3.12/site-packages/airflow/example_dags/tutorial_dag.py took 0.070 seconds
[2026-04-27T23:47:49.672+0000] {processor.py:161} INFO - Started process (PID=2017) to work on /home/airflow/.local/lib/python3.12/site-packages/airflow/example_dags/tutorial_dag.py
[2026-04-27T23:47:49.673+0000] {processor.py:830} INFO - Processing file /home/airflow/.local/lib/python3.12/site-packages/airflow/example_dags/tutorial_dag.py for tasks to queue
[2026-04-27T23:47:49.676+0000] {logging_mixin.py:188} INFO - [2026-04-27T23:47:49.675+0000] {dagbag.py:540} INFO - Filling up the DagBag from /home/airflow/.local/lib/python3.12/site-packages/airflow/example_dags/tutorial_dag.py
[2026-04-27T23:47:49.682+0000] {processor.py:840} INFO - DAG(s) 'tutorial_dag' retrieved from /home/airflow/.local/lib/python3.12/site-packages/airflow/example_dags/tutorial_dag.py
[2026-04-27T23:47:49.792+0000] {logging_mixin.py:188} INFO - [2026-04-27T23:47:49.792+0000] {dag.py:3096} INFO - Sync 1 DAGs
[2026-04-27T23:47:49.804+0000] {logging_mixin.py:188} INFO - [2026-04-27T23:47:49.804+0000] {dag.py:3954} INFO - Setting next_dagrun for tutorial_dag to None, run_after=None
[2026-04-27T23:47:49.826+0000] {processor.py:183} INFO - Processing /home/airflow/.local/lib/python3.12/site-packages/airflow/example_dags/tutorial_dag.py took 0.161 seconds
[2026-04-27T23:48:19.985+0000] {processor.py:161} INFO - Started process (PID=2076) to work on /home/airflow/.local/lib/python3.12/site-packages/airflow/example_dags/tutorial_dag.py
[2026-04-27T23:48:19.986+0000] {processor.py:830} INFO - Processing file /home/airflow/.local/lib/python3.12/site-packages/airflow/example_dags/tutorial_dag.py for tasks to queue
[2026-04-27T23:48:19.989+0000] {logging_mixin.py:188} INFO - [2026-04-27T23:48:19.989+0000] {dagbag.py:540} INFO - Filling up the DagBag from /home/airflow/.local/lib/python3.12/site-packages/airflow/example_dags/tutorial_dag.py
[2026-04-27T23:48:19.997+0000] {processor.py:840} INFO - DAG(s) 'tutorial_dag' retrieved from /home/airflow/.local/lib/python3.12/site-packages/airflow/example_dags/tutorial_dag.py
[2026-04-27T23:48:20.024+0000] {logging_mixin.py:188} INFO - [2026-04-27T23:48:20.024+0000] {dag.py:3096} INFO - Sync 1 DAGs
[2026-04-27T23:48:20.041+0000] {logging_mixin.py:188} INFO - [2026-04-27T23:48:20.041+0000] {dag.py:3954} INFO - Setting next_dagrun for tutorial_dag to None, run_after=None
[2026-04-27T23:48:20.064+0000] {processor.py:183} INFO - Processing /home/airflow/.local/lib/python3.12/site-packages/airflow/example_dags/tutorial_dag.py took 0.086 seconds
[2026-04-27T23:48:50.498+0000] {processor.py:161} INFO - Started process (PID=2135) to work on /home/airflow/.local/lib/python3.12/site-packages/airflow/example_dags/tutorial_dag.py
[2026-04-27T23:48:50.500+0000] {processor.py:830} INFO - Processing file /home/airflow/.local/lib/python3.12/site-packages/airflow/example_dags/tutorial_dag.py for tasks to queue
[2026-04-27T23:48:50.502+0000] {logging_mixin.py:188} INFO - [2026-04-27T23:48:50.502+0000] {dagbag.py:540} INFO - Filling up the DagBag from /home/airflow/.local/lib/python3.12/site-packages/airflow/example_dags/tutorial_dag.py
[2026-04-27T23:48:50.508+0000] {processor.py:840} INFO - DAG(s) 'tutorial_dag' retrieved from /home/airflow/.local/lib/python3.12/site-packages/airflow/example_dags/tutorial_dag.py
[2026-04-27T23:48:50.532+0000] {logging_mixin.py:188} INFO - [2026-04-27T23:48:50.531+0000] {dag.py:3096} INFO - Sync 1 DAGs
[2026-04-27T23:48:50.546+0000] {logging_mixin.py:188} INFO - [2026-04-27T23:48:50.546+0000] {dag.py:3954} INFO - Setting next_dagrun for tutorial_dag to None, run_after=None
[2026-04-27T23:48:50.570+0000] {processor.py:183} INFO - Processing /home/airflow/.local/lib/python3.12/site-packages/airflow/example_dags/tutorial_dag.py took 0.079 seconds
[2026-04-27T23:49:21.007+0000] {processor.py:161} INFO - Started process (PID=2194) to work on /home/airflow/.local/lib/python3.12/site-packages/airflow/example_dags/tutorial_dag.py
[2026-04-27T23:49:21.009+0000] {processor.py:830} INFO - Processing file /home/airflow/.local/lib/python3.12/site-packages/airflow/example_dags/tutorial_dag.py for tasks to queue
[2026-04-27T23:49:21.011+0000] {logging_mixin.py:188} INFO - [2026-04-27T23:49:21.011+0000] {dagbag.py:540} INFO - Filling up the DagBag from /home/airflow/.local/lib/python3.12/site-packages/airflow/example_dags/tutorial_dag.py
[2026-04-27T23:49:21.017+0000] {processor.py:840} INFO - DAG(s) 'tutorial_dag' retrieved from /home/airflow/.local/lib/python3.12/site-packages/airflow/example_dags/tutorial_dag.py
[2026-04-27T23:49:21.039+0000] {logging_mixin.py:188} INFO - [2026-04-27T23:49:21.039+0000] {dag.py:3096} INFO - Sync 1 DAGs
[2026-04-27T23:49:21.052+0000] {logging_mixin.py:188} INFO - [2026-04-27T23:49:21.051+0000] {dag.py:3954} INFO - Setting next_dagrun for tutorial_dag to None, run_after=None
[2026-04-27T23:49:21.893+0000] {processor.py:183} INFO - Processing /home/airflow/.local/lib/python3.12/site-packages/airflow/example_dags/tutorial_dag.py took 0.894 seconds
[2026-04-27T23:49:52.569+0000] {processor.py:161} INFO - Started process (PID=2253) to work on /home/airflow/.local/lib/python3.12/site-packages/airflow/example_dags/tutorial_dag.py
[2026-04-27T23:49:52.570+0000] {processor.py:830} INFO - Processing file /home/airflow/.local/lib/python3.12/site-packages/airflow/example_dags/tutorial_dag.py for tasks to queue
[2026-04-27T23:49:52.572+0000] {logging_mixin.py:188} INFO - [2026-04-27T23:49:52.572+0000] {dagbag.py:540} INFO - Filling up the DagBag from /home/airflow/.local/lib/python3.12/site-packages/airflow/example_dags/tutorial_dag.py
[2026-04-27T23:49:52.579+0000] {processor.py:840} INFO - DAG(s) 'tutorial_dag' retrieved from /home/airflow/.local/lib/python3.12/site-packages/airflow/example_dags/tutorial_dag.py
[2026-04-27T23:49:52.603+0000] {logging_mixin.py:188} INFO - [2026-04-27T23:49:52.603+0000] {dag.py:3096} INFO - Sync 1 DAGs
[2026-04-27T23:49:52.618+0000] {logging_mixin.py:188} INFO - [2026-04-27T23:49:52.618+0000] {dag.py:3954} INFO - Setting next_dagrun for tutorial_dag to None, run_after=None
[2026-04-27T23:49:52.640+0000] {processor.py:183} INFO - Processing /home/airflow/.local/lib/python3.12/site-packages/airflow/example_dags/tutorial_dag.py took 0.079 seconds
[2026-04-27T23:50:23.277+0000] {processor.py:161} INFO - Started process (PID=2312) to work on /home/airflow/.local/lib/python3.12/site-packages/airflow/example_dags/tutorial_dag.py
[2026-04-27T23:50:23.278+0000] {processor.py:830} INFO - Processing file /home/airflow/.local/lib/python3.12/site-packages/airflow/example_dags/tutorial_dag.py for tasks to queue
[2026-04-27T23:50:23.280+0000] {logging_mixin.py:188} INFO - [2026-04-27T23:50:23.280+0000] {dagbag.py:540} INFO - Filling up the DagBag from /home/airflow/.local/lib/python3.12/site-packages/airflow/example_dags/tutorial_dag.py
[2026-04-27T23:50:23.287+0000] {processor.py:840} INFO - DAG(s) 'tutorial_dag' retrieved from /home/airflow/.local/lib/python3.12/site-packages/airflow/example_dags/tutorial_dag.py
[2026-04-27T23:50:23.315+0000] {logging_mixin.py:188} INFO - [2026-04-27T23:50:23.315+0000] {dag.py:3096} INFO - Sync 1 DAGs
[2026-04-27T23:50:23.331+0000] {logging_mixin.py:188} INFO - [2026-04-27T23:50:23.331+0000] {dag.py:3954} INFO - Setting next_dagrun for tutorial_dag to None, run_after=None
[2026-04-27T23:50:23.358+0000] {processor.py:183} INFO - Processing /home/airflow/.local/lib/python3.12/site-packages/airflow/example_dags/tutorial_dag.py took 0.091 seconds
[2026-04-27T23:58:36.373+0000] {processor.py:161} INFO - Started process (PID=107) to work on /home/airflow/.local/lib/python3.12/site-packages/airflow/example_dags/tutorial_dag.py
[2026-04-27T23:58:36.429+0000] {processor.py:830} INFO - Processing file /home/airflow/.local/lib/python3.12/site-packages/airflow/example_dags/tutorial_dag.py for tasks to queue
[2026-04-27T23:58:36.431+0000] {logging_mixin.py:188} INFO - [2026-04-27T23:58:36.431+0000] {dagbag.py:540} INFO - Filling up the DagBag from /home/airflow/.local/lib/python3.12/site-packages/airflow/example_dags/tutorial_dag.py
[2026-04-27T23:58:36.438+0000] {processor.py:840} INFO - DAG(s) 'tutorial_dag' retrieved from /home/airflow/.local/lib/python3.12/site-packages/airflow/example_dags/tutorial_dag.py
[2026-04-27T23:58:36.545+0000] {logging_mixin.py:188} INFO - [2026-04-27T23:58:36.545+0000] {dag.py:3096} INFO - Sync 1 DAGs
[2026-04-27T23:58:36.555+0000] {logging_mixin.py:188} INFO - [2026-04-27T23:58:36.555+0000] {dag.py:3954} INFO - Setting next_dagrun for tutorial_dag to None, run_after=None
[2026-04-27T23:58:36.575+0000] {processor.py:183} INFO - Processing /home/airflow/.local/lib/python3.12/site-packages/airflow/example_dags/tutorial_dag.py took 0.208 seconds
[2026-04-27T23:59:49.441+0000] {processor.py:161} INFO - Started process (PID=101) to work on /home/airflow/.local/lib/python3.12/site-packages/airflow/example_dags/tutorial_dag.py
[2026-04-27T23:59:49.455+0000] {processor.py:830} INFO - Processing file /home/airflow/.local/lib/python3.12/site-packages/airflow/example_dags/tutorial_dag.py for tasks to queue
[2026-04-27T23:59:49.458+0000] {logging_mixin.py:188} INFO - [2026-04-27T23:59:49.457+0000] {dagbag.py:540} INFO - Filling up the DagBag from /home/airflow/.local/lib/python3.12/site-packages/airflow/example_dags/tutorial_dag.py
[2026-04-27T23:59:49.466+0000] {processor.py:840} INFO - DAG(s) 'tutorial_dag' retrieved from /home/airflow/.local/lib/python3.12/site-packages/airflow/example_dags/tutorial_dag.py
[2026-04-27T23:59:49.489+0000] {logging_mixin.py:188} INFO - [2026-04-27T23:59:49.489+0000] {dag.py:3096} INFO - Sync 1 DAGs
[2026-04-27T23:59:49.502+0000] {logging_mixin.py:188} INFO - [2026-04-27T23:59:49.502+0000] {dag.py:3954} INFO - Setting next_dagrun for tutorial_dag to None, run_after=None
[2026-04-27T23:59:49.525+0000] {processor.py:183} INFO - Processing /home/airflow/.local/lib/python3.12/site-packages/airflow/example_dags/tutorial_dag.py took 0.091 seconds
