[2026-04-27T23:30:00.357+0000] {processor.py:161} INFO - Started process (PID=71) to work on /home/airflow/.local/lib/python3.12/site-packages/airflow/example_dags/tutorial.py
[2026-04-27T23:30:00.359+0000] {processor.py:830} INFO - Processing file /home/airflow/.local/lib/python3.12/site-packages/airflow/example_dags/tutorial.py for tasks to queue
[2026-04-27T23:30:00.363+0000] {logging_mixin.py:188} INFO - [2026-04-27T23:30:00.362+0000] {dagbag.py:540} INFO - Filling up the DagBag from /home/airflow/.local/lib/python3.12/site-packages/airflow/example_dags/tutorial.py
[2026-04-27T23:30:00.377+0000] {processor.py:840} INFO - DAG(s) 'tutorial' retrieved from /home/airflow/.local/lib/python3.12/site-packages/airflow/example_dags/tutorial.py
[2026-04-27T23:30:00.813+0000] {logging_mixin.py:188} INFO - [2026-04-27T23:30:00.812+0000] {dag.py:3096} INFO - Sync 1 DAGs
[2026-04-27T23:30:00.915+0000] {logging_mixin.py:188} INFO - [2026-04-27T23:30:00.914+0000] {dag.py:3954} INFO - Setting next_dagrun for tutorial to 2026-04-26 00:00:00+00:00, run_after=2026-04-27 00:00:00+00:00
[2026-04-27T23:30:01.026+0000] {processor.py:183} INFO - Processing /home/airflow/.local/lib/python3.12/site-packages/airflow/example_dags/tutorial.py took 0.684 seconds
[2026-04-27T23:30:44.585+0000] {processor.py:161} INFO - Started process (PID=136) to work on /home/airflow/.local/lib/python3.12/site-packages/airflow/example_dags/tutorial.py
[2026-04-27T23:30:44.913+0000] {processor.py:830} INFO - Processing file /home/airflow/.local/lib/python3.12/site-packages/airflow/example_dags/tutorial.py for tasks to queue
[2026-04-27T23:30:44.915+0000] {logging_mixin.py:188} INFO - [2026-04-27T23:30:44.915+0000] {dagbag.py:540} INFO - Filling up the DagBag from /home/airflow/.local/lib/python3.12/site-packages/airflow/example_dags/tutorial.py
[2026-04-27T23:30:44.922+0000] {processor.py:840} INFO - DAG(s) 'tutorial' retrieved from /home/airflow/.local/lib/python3.12/site-packages/airflow/example_dags/tutorial.py
[2026-04-27T23:30:44.944+0000] {logging_mixin.py:188} INFO - [2026-04-27T23:30:44.944+0000] {dag.py:3096} INFO - Sync 1 DAGs
[2026-04-27T23:30:44.967+0000] {logging_mixin.py:188} INFO - [2026-04-27T23:30:44.967+0000] {dag.py:3954} INFO - Setting next_dagrun for tutorial to 2026-04-26 00:00:00+00:00, run_after=2026-04-27 00:00:00+00:00
[2026-04-27T23:30:45.497+0000] {processor.py:183} INFO - Processing /home/airflow/.local/lib/python3.12/site-packages/airflow/example_dags/tutorial.py took 0.918 seconds
[2026-04-27T23:31:25.547+0000] {processor.py:161} INFO - Started process (PID=193) to work on /home/airflow/.local/lib/python3.12/site-packages/airflow/example_dags/tutorial.py
[2026-04-27T23:31:26.611+0000] {processor.py:830} INFO - Processing file /home/airflow/.local/lib/python3.12/site-packages/airflow/example_dags/tutorial.py for tasks to queue
[2026-04-27T23:31:26.619+0000] {logging_mixin.py:188} INFO - [2026-04-27T23:31:26.617+0000] {dagbag.py:540} INFO - Filling up the DagBag from /home/airflow/.local/lib/python3.12/site-packages/airflow/example_dags/tutorial.py
[2026-04-27T23:31:26.633+0000] {processor.py:840} INFO - DAG(s) 'tutorial' retrieved from /home/airflow/.local/lib/python3.12/site-packages/airflow/example_dags/tutorial.py
[2026-04-27T23:31:26.658+0000] {logging_mixin.py:188} INFO - [2026-04-27T23:31:26.658+0000] {dag.py:3096} INFO - Sync 1 DAGs
[2026-04-27T23:31:26.679+0000] {logging_mixin.py:188} INFO - [2026-04-27T23:31:26.679+0000] {dag.py:3954} INFO - Setting next_dagrun for tutorial to 2026-04-26 00:00:00+00:00, run_after=2026-04-27 00:00:00+00:00
[2026-04-27T23:31:26.700+0000] {processor.py:183} INFO - Processing /home/airflow/.local/lib/python3.12/site-packages/airflow/example_dags/tutorial.py took 1.159 seconds
[2026-04-27T23:32:26.082+0000] {processor.py:161} INFO - Started process (PID=256) to work on /home/airflow/.local/lib/python3.12/site-packages/airflow/example_dags/tutorial.py
[2026-04-27T23:32:26.083+0000] {processor.py:830} INFO - Processing file /home/airflow/.local/lib/python3.12/site-packages/airflow/example_dags/tutorial.py for tasks to queue
[2026-04-27T23:32:26.086+0000] {logging_mixin.py:188} INFO - [2026-04-27T23:32:26.086+0000] {dagbag.py:540} INFO - Filling up the DagBag from /home/airflow/.local/lib/python3.12/site-packages/airflow/example_dags/tutorial.py
[2026-04-27T23:32:26.098+0000] {processor.py:840} INFO - DAG(s) 'tutorial' retrieved from /home/airflow/.local/lib/python3.12/site-packages/airflow/example_dags/tutorial.py
[2026-04-27T23:32:26.122+0000] {logging_mixin.py:188} INFO - [2026-04-27T23:32:26.122+0000] {dag.py:3096} INFO - Sync 1 DAGs
[2026-04-27T23:32:26.147+0000] {logging_mixin.py:188} INFO - [2026-04-27T23:32:26.147+0000] {dag.py:3954} INFO - Setting next_dagrun for tutorial to 2026-04-26 00:00:00+00:00, run_after=2026-04-27 00:00:00+00:00
[2026-04-27T23:32:26.172+0000] {processor.py:183} INFO - Processing /home/airflow/.local/lib/python3.12/site-packages/airflow/example_dags/tutorial.py took 0.100 seconds
[2026-04-27T23:32:59.508+0000] {processor.py:161} INFO - Started process (PID=315) to work on /home/airflow/.local/lib/python3.12/site-packages/airflow/example_dags/tutorial.py
[2026-04-27T23:32:59.509+0000] {processor.py:830} INFO - Processing file /home/airflow/.local/lib/python3.12/site-packages/airflow/example_dags/tutorial.py for tasks to queue
[2026-04-27T23:32:59.512+0000] {logging_mixin.py:188} INFO - [2026-04-27T23:32:59.512+0000] {dagbag.py:540} INFO - Filling up the DagBag from /home/airflow/.local/lib/python3.12/site-packages/airflow/example_dags/tutorial.py
[2026-04-27T23:32:59.521+0000] {processor.py:840} INFO - DAG(s) 'tutorial' retrieved from /home/airflow/.local/lib/python3.12/site-packages/airflow/example_dags/tutorial.py
[2026-04-27T23:32:59.552+0000] {logging_mixin.py:188} INFO - [2026-04-27T23:32:59.551+0000] {dag.py:3096} INFO - Sync 1 DAGs
[2026-04-27T23:32:59.581+0000] {logging_mixin.py:188} INFO - [2026-04-27T23:32:59.581+0000] {dag.py:3954} INFO - Setting next_dagrun for tutorial to 2026-04-26 00:00:00+00:00, run_after=2026-04-27 00:00:00+00:00
[2026-04-27T23:32:59.603+0000] {processor.py:183} INFO - Processing /home/airflow/.local/lib/python3.12/site-packages/airflow/example_dags/tutorial.py took 0.105 seconds
[2026-04-27T23:33:30.098+0000] {processor.py:161} INFO - Started process (PID=371) to work on /home/airflow/.local/lib/python3.12/site-packages/airflow/example_dags/tutorial.py
[2026-04-27T23:33:30.100+0000] {processor.py:830} INFO - Processing file /home/airflow/.local/lib/python3.12/site-packages/airflow/example_dags/tutorial.py for tasks to queue
[2026-04-27T23:33:30.102+0000] {logging_mixin.py:188} INFO - [2026-04-27T23:33:30.101+0000] {dagbag.py:540} INFO - Filling up the DagBag from /home/airflow/.local/lib/python3.12/site-packages/airflow/example_dags/tutorial.py
[2026-04-27T23:33:30.109+0000] {processor.py:840} INFO - DAG(s) 'tutorial' retrieved from /home/airflow/.local/lib/python3.12/site-packages/airflow/example_dags/tutorial.py
[2026-04-27T23:33:30.130+0000] {logging_mixin.py:188} INFO - [2026-04-27T23:33:30.130+0000] {dag.py:3096} INFO - Sync 1 DAGs
[2026-04-27T23:33:30.152+0000] {logging_mixin.py:188} INFO - [2026-04-27T23:33:30.152+0000] {dag.py:3954} INFO - Setting next_dagrun for tutorial to 2026-04-26 00:00:00+00:00, run_after=2026-04-27 00:00:00+00:00
[2026-04-27T23:33:30.172+0000] {processor.py:183} INFO - Processing /home/airflow/.local/lib/python3.12/site-packages/airflow/example_dags/tutorial.py took 0.080 seconds
[2026-04-27T23:34:00.692+0000] {processor.py:161} INFO - Started process (PID=428) to work on /home/airflow/.local/lib/python3.12/site-packages/airflow/example_dags/tutorial.py
[2026-04-27T23:34:00.694+0000] {processor.py:830} INFO - Processing file /home/airflow/.local/lib/python3.12/site-packages/airflow/example_dags/tutorial.py for tasks to queue
[2026-04-27T23:34:00.696+0000] {logging_mixin.py:188} INFO - [2026-04-27T23:34:00.696+0000] {dagbag.py:540} INFO - Filling up the DagBag from /home/airflow/.local/lib/python3.12/site-packages/airflow/example_dags/tutorial.py
[2026-04-27T23:34:00.702+0000] {processor.py:840} INFO - DAG(s) 'tutorial' retrieved from /home/airflow/.local/lib/python3.12/site-packages/airflow/example_dags/tutorial.py
[2026-04-27T23:34:00.724+0000] {logging_mixin.py:188} INFO - [2026-04-27T23:34:00.723+0000] {dag.py:3096} INFO - Sync 1 DAGs
[2026-04-27T23:34:00.745+0000] {logging_mixin.py:188} INFO - [2026-04-27T23:34:00.745+0000] {dag.py:3954} INFO - Setting next_dagrun for tutorial to 2026-04-26 00:00:00+00:00, run_after=2026-04-27 00:00:00+00:00
[2026-04-27T23:34:00.767+0000] {processor.py:183} INFO - Processing /home/airflow/.local/lib/python3.12/site-packages/airflow/example_dags/tutorial.py took 0.080 seconds
[2026-04-27T23:34:32.315+0000] {processor.py:161} INFO - Started process (PID=487) to work on /home/airflow/.local/lib/python3.12/site-packages/airflow/example_dags/tutorial.py
[2026-04-27T23:34:32.317+0000] {processor.py:830} INFO - Processing file /home/airflow/.local/lib/python3.12/site-packages/airflow/example_dags/tutorial.py for tasks to queue
[2026-04-27T23:34:32.319+0000] {logging_mixin.py:188} INFO - [2026-04-27T23:34:32.319+0000] {dagbag.py:540} INFO - Filling up the DagBag from /home/airflow/.local/lib/python3.12/site-packages/airflow/example_dags/tutorial.py
[2026-04-27T23:34:32.326+0000] {processor.py:840} INFO - DAG(s) 'tutorial' retrieved from /home/airflow/.local/lib/python3.12/site-packages/airflow/example_dags/tutorial.py
[2026-04-27T23:34:32.348+0000] {logging_mixin.py:188} INFO - [2026-04-27T23:34:32.347+0000] {dag.py:3096} INFO - Sync 1 DAGs
[2026-04-27T23:34:32.369+0000] {logging_mixin.py:188} INFO - [2026-04-27T23:34:32.369+0000] {dag.py:3954} INFO - Setting next_dagrun for tutorial to 2026-04-26 00:00:00+00:00, run_after=2026-04-27 00:00:00+00:00
[2026-04-27T23:34:32.389+0000] {processor.py:183} INFO - Processing /home/airflow/.local/lib/python3.12/site-packages/airflow/example_dags/tutorial.py took 0.080 seconds
[2026-04-27T23:35:02.478+0000] {processor.py:161} INFO - Started process (PID=545) to work on /home/airflow/.local/lib/python3.12/site-packages/airflow/example_dags/tutorial.py
[2026-04-27T23:35:02.479+0000] {processor.py:830} INFO - Processing file /home/airflow/.local/lib/python3.12/site-packages/airflow/example_dags/tutorial.py for tasks to queue
[2026-04-27T23:35:02.481+0000] {logging_mixin.py:188} INFO - [2026-04-27T23:35:02.481+0000] {dagbag.py:540} INFO - Filling up the DagBag from /home/airflow/.local/lib/python3.12/site-packages/airflow/example_dags/tutorial.py
[2026-04-27T23:35:02.488+0000] {processor.py:840} INFO - DAG(s) 'tutorial' retrieved from /home/airflow/.local/lib/python3.12/site-packages/airflow/example_dags/tutorial.py
[2026-04-27T23:35:02.511+0000] {logging_mixin.py:188} INFO - [2026-04-27T23:35:02.510+0000] {dag.py:3096} INFO - Sync 1 DAGs
[2026-04-27T23:35:02.533+0000] {logging_mixin.py:188} INFO - [2026-04-27T23:35:02.533+0000] {dag.py:3954} INFO - Setting next_dagrun for tutorial to 2026-04-26 00:00:00+00:00, run_after=2026-04-27 00:00:00+00:00
[2026-04-27T23:35:02.581+0000] {processor.py:183} INFO - Processing /home/airflow/.local/lib/python3.12/site-packages/airflow/example_dags/tutorial.py took 0.110 seconds
[2026-04-27T23:35:33.219+0000] {processor.py:161} INFO - Started process (PID=604) to work on /home/airflow/.local/lib/python3.12/site-packages/airflow/example_dags/tutorial.py
[2026-04-27T23:35:33.220+0000] {processor.py:830} INFO - Processing file /home/airflow/.local/lib/python3.12/site-packages/airflow/example_dags/tutorial.py for tasks to queue
[2026-04-27T23:35:33.223+0000] {logging_mixin.py:188} INFO - [2026-04-27T23:35:33.222+0000] {dagbag.py:540} INFO - Filling up the DagBag from /home/airflow/.local/lib/python3.12/site-packages/airflow/example_dags/tutorial.py
[2026-04-27T23:35:33.230+0000] {processor.py:840} INFO - DAG(s) 'tutorial' retrieved from /home/airflow/.local/lib/python3.12/site-packages/airflow/example_dags/tutorial.py
[2026-04-27T23:35:33.252+0000] {logging_mixin.py:188} INFO - [2026-04-27T23:35:33.252+0000] {dag.py:3096} INFO - Sync 1 DAGs
[2026-04-27T23:35:33.283+0000] {logging_mixin.py:188} INFO - [2026-04-27T23:35:33.283+0000] {dag.py:3954} INFO - Setting next_dagrun for tutorial to 2026-04-26 00:00:00+00:00, run_after=2026-04-27 00:00:00+00:00
[2026-04-27T23:35:33.305+0000] {processor.py:183} INFO - Processing /home/airflow/.local/lib/python3.12/site-packages/airflow/example_dags/tutorial.py took 0.092 seconds
[2026-04-27T23:36:04.078+0000] {processor.py:161} INFO - Started process (PID=663) to work on /home/airflow/.local/lib/python3.12/site-packages/airflow/example_dags/tutorial.py
[2026-04-27T23:36:04.080+0000] {processor.py:830} INFO - Processing file /home/airflow/.local/lib/python3.12/site-packages/airflow/example_dags/tutorial.py for tasks to queue
[2026-04-27T23:36:04.082+0000] {logging_mixin.py:188} INFO - [2026-04-27T23:36:04.082+0000] {dagbag.py:540} INFO - Filling up the DagBag from /home/airflow/.local/lib/python3.12/site-packages/airflow/example_dags/tutorial.py
[2026-04-27T23:36:04.088+0000] {processor.py:840} INFO - DAG(s) 'tutorial' retrieved from /home/airflow/.local/lib/python3.12/site-packages/airflow/example_dags/tutorial.py
[2026-04-27T23:36:04.113+0000] {logging_mixin.py:188} INFO - [2026-04-27T23:36:04.112+0000] {dag.py:3096} INFO - Sync 1 DAGs
[2026-04-27T23:36:04.139+0000] {logging_mixin.py:188} INFO - [2026-04-27T23:36:04.139+0000] {dag.py:3954} INFO - Setting next_dagrun for tutorial to 2026-04-26 00:00:00+00:00, run_after=2026-04-27 00:00:00+00:00
[2026-04-27T23:36:04.160+0000] {processor.py:183} INFO - Processing /home/airflow/.local/lib/python3.12/site-packages/airflow/example_dags/tutorial.py took 0.088 seconds
[2026-04-27T23:36:36.248+0000] {processor.py:161} INFO - Started process (PID=723) to work on /home/airflow/.local/lib/python3.12/site-packages/airflow/example_dags/tutorial.py
[2026-04-27T23:36:36.249+0000] {processor.py:830} INFO - Processing file /home/airflow/.local/lib/python3.12/site-packages/airflow/example_dags/tutorial.py for tasks to queue
[2026-04-27T23:36:36.252+0000] {logging_mixin.py:188} INFO - [2026-04-27T23:36:36.251+0000] {dagbag.py:540} INFO - Filling up the DagBag from /home/airflow/.local/lib/python3.12/site-packages/airflow/example_dags/tutorial.py
[2026-04-27T23:36:36.259+0000] {processor.py:840} INFO - DAG(s) 'tutorial' retrieved from /home/airflow/.local/lib/python3.12/site-packages/airflow/example_dags/tutorial.py
[2026-04-27T23:36:36.708+0000] {logging_mixin.py:188} INFO - [2026-04-27T23:36:36.708+0000] {dag.py:3096} INFO - Sync 1 DAGs
[2026-04-27T23:36:36.739+0000] {logging_mixin.py:188} INFO - [2026-04-27T23:36:36.738+0000] {dag.py:3954} INFO - Setting next_dagrun for tutorial to 2026-04-26 00:00:00+00:00, run_after=2026-04-27 00:00:00+00:00
[2026-04-27T23:36:36.761+0000] {processor.py:183} INFO - Processing /home/airflow/.local/lib/python3.12/site-packages/airflow/example_dags/tutorial.py took 0.519 seconds
[2026-04-27T23:37:07.139+0000] {processor.py:161} INFO - Started process (PID=782) to work on /home/airflow/.local/lib/python3.12/site-packages/airflow/example_dags/tutorial.py
[2026-04-27T23:37:07.140+0000] {processor.py:830} INFO - Processing file /home/airflow/.local/lib/python3.12/site-packages/airflow/example_dags/tutorial.py for tasks to queue
[2026-04-27T23:37:07.142+0000] {logging_mixin.py:188} INFO - [2026-04-27T23:37:07.142+0000] {dagbag.py:540} INFO - Filling up the DagBag from /home/airflow/.local/lib/python3.12/site-packages/airflow/example_dags/tutorial.py
[2026-04-27T23:37:07.149+0000] {processor.py:840} INFO - DAG(s) 'tutorial' retrieved from /home/airflow/.local/lib/python3.12/site-packages/airflow/example_dags/tutorial.py
[2026-04-27T23:37:07.171+0000] {logging_mixin.py:188} INFO - [2026-04-27T23:37:07.171+0000] {dag.py:3096} INFO - Sync 1 DAGs
[2026-04-27T23:37:07.194+0000] {logging_mixin.py:188} INFO - [2026-04-27T23:37:07.194+0000] {dag.py:3954} INFO - Setting next_dagrun for tutorial to 2026-04-26 00:00:00+00:00, run_after=2026-04-27 00:00:00+00:00
[2026-04-27T23:37:07.213+0000] {processor.py:183} INFO - Processing /home/airflow/.local/lib/python3.12/site-packages/airflow/example_dags/tutorial.py took 0.081 seconds
[2026-04-27T23:37:37.352+0000] {processor.py:161} INFO - Started process (PID=836) to work on /home/airflow/.local/lib/python3.12/site-packages/airflow/example_dags/tutorial.py
[2026-04-27T23:37:37.354+0000] {processor.py:830} INFO - Processing file /home/airflow/.local/lib/python3.12/site-packages/airflow/example_dags/tutorial.py for tasks to queue
[2026-04-27T23:37:37.356+0000] {logging_mixin.py:188} INFO - [2026-04-27T23:37:37.356+0000] {dagbag.py:540} INFO - Filling up the DagBag from /home/airflow/.local/lib/python3.12/site-packages/airflow/example_dags/tutorial.py
[2026-04-27T23:37:37.363+0000] {processor.py:840} INFO - DAG(s) 'tutorial' retrieved from /home/airflow/.local/lib/python3.12/site-packages/airflow/example_dags/tutorial.py
[2026-04-27T23:37:37.388+0000] {logging_mixin.py:188} INFO - [2026-04-27T23:37:37.388+0000] {dag.py:3096} INFO - Sync 1 DAGs
[2026-04-27T23:37:37.413+0000] {logging_mixin.py:188} INFO - [2026-04-27T23:37:37.412+0000] {dag.py:3954} INFO - Setting next_dagrun for tutorial to 2026-04-26 00:00:00+00:00, run_after=2026-04-27 00:00:00+00:00
[2026-04-27T23:37:37.435+0000] {processor.py:183} INFO - Processing /home/airflow/.local/lib/python3.12/site-packages/airflow/example_dags/tutorial.py took 0.091 seconds
[2026-04-27T23:38:07.649+0000] {processor.py:161} INFO - Started process (PID=895) to work on /home/airflow/.local/lib/python3.12/site-packages/airflow/example_dags/tutorial.py
[2026-04-27T23:38:07.651+0000] {processor.py:830} INFO - Processing file /home/airflow/.local/lib/python3.12/site-packages/airflow/example_dags/tutorial.py for tasks to queue
[2026-04-27T23:38:07.653+0000] {logging_mixin.py:188} INFO - [2026-04-27T23:38:07.653+0000] {dagbag.py:540} INFO - Filling up the DagBag from /home/airflow/.local/lib/python3.12/site-packages/airflow/example_dags/tutorial.py
[2026-04-27T23:38:07.662+0000] {processor.py:840} INFO - DAG(s) 'tutorial' retrieved from /home/airflow/.local/lib/python3.12/site-packages/airflow/example_dags/tutorial.py
[2026-04-27T23:38:07.686+0000] {logging_mixin.py:188} INFO - [2026-04-27T23:38:07.685+0000] {dag.py:3096} INFO - Sync 1 DAGs
[2026-04-27T23:38:07.709+0000] {logging_mixin.py:188} INFO - [2026-04-27T23:38:07.709+0000] {dag.py:3954} INFO - Setting next_dagrun for tutorial to 2026-04-26 00:00:00+00:00, run_after=2026-04-27 00:00:00+00:00
[2026-04-27T23:38:07.734+0000] {processor.py:183} INFO - Processing /home/airflow/.local/lib/python3.12/site-packages/airflow/example_dags/tutorial.py took 0.091 seconds
[2026-04-27T23:38:37.836+0000] {processor.py:161} INFO - Started process (PID=954) to work on /home/airflow/.local/lib/python3.12/site-packages/airflow/example_dags/tutorial.py
[2026-04-27T23:38:37.837+0000] {processor.py:830} INFO - Processing file /home/airflow/.local/lib/python3.12/site-packages/airflow/example_dags/tutorial.py for tasks to queue
[2026-04-27T23:38:37.841+0000] {logging_mixin.py:188} INFO - [2026-04-27T23:38:37.840+0000] {dagbag.py:540} INFO - Filling up the DagBag from /home/airflow/.local/lib/python3.12/site-packages/airflow/example_dags/tutorial.py
[2026-04-27T23:38:37.849+0000] {processor.py:840} INFO - DAG(s) 'tutorial' retrieved from /home/airflow/.local/lib/python3.12/site-packages/airflow/example_dags/tutorial.py
[2026-04-27T23:38:37.871+0000] {logging_mixin.py:188} INFO - [2026-04-27T23:38:37.871+0000] {dag.py:3096} INFO - Sync 1 DAGs
[2026-04-27T23:38:37.894+0000] {logging_mixin.py:188} INFO - [2026-04-27T23:38:37.894+0000] {dag.py:3954} INFO - Setting next_dagrun for tutorial to 2026-04-26 00:00:00+00:00, run_after=2026-04-27 00:00:00+00:00
[2026-04-27T23:38:38.257+0000] {processor.py:183} INFO - Processing /home/airflow/.local/lib/python3.12/site-packages/airflow/example_dags/tutorial.py took 0.428 seconds
[2026-04-27T23:39:09.391+0000] {processor.py:161} INFO - Started process (PID=1013) to work on /home/airflow/.local/lib/python3.12/site-packages/airflow/example_dags/tutorial.py
[2026-04-27T23:39:09.393+0000] {processor.py:830} INFO - Processing file /home/airflow/.local/lib/python3.12/site-packages/airflow/example_dags/tutorial.py for tasks to queue
[2026-04-27T23:39:09.395+0000] {logging_mixin.py:188} INFO - [2026-04-27T23:39:09.395+0000] {dagbag.py:540} INFO - Filling up the DagBag from /home/airflow/.local/lib/python3.12/site-packages/airflow/example_dags/tutorial.py
[2026-04-27T23:39:09.402+0000] {processor.py:840} INFO - DAG(s) 'tutorial' retrieved from /home/airflow/.local/lib/python3.12/site-packages/airflow/example_dags/tutorial.py
[2026-04-27T23:39:09.424+0000] {logging_mixin.py:188} INFO - [2026-04-27T23:39:09.424+0000] {dag.py:3096} INFO - Sync 1 DAGs
[2026-04-27T23:39:09.447+0000] {logging_mixin.py:188} INFO - [2026-04-27T23:39:09.447+0000] {dag.py:3954} INFO - Setting next_dagrun for tutorial to 2026-04-26 00:00:00+00:00, run_after=2026-04-27 00:00:00+00:00
[2026-04-27T23:39:09.471+0000] {processor.py:183} INFO - Processing /home/airflow/.local/lib/python3.12/site-packages/airflow/example_dags/tutorial.py took 0.086 seconds
[2026-04-27T23:39:40.492+0000] {processor.py:161} INFO - Started process (PID=1072) to work on /home/airflow/.local/lib/python3.12/site-packages/airflow/example_dags/tutorial.py
[2026-04-27T23:39:40.493+0000] {processor.py:830} INFO - Processing file /home/airflow/.local/lib/python3.12/site-packages/airflow/example_dags/tutorial.py for tasks to queue
[2026-04-27T23:39:40.495+0000] {logging_mixin.py:188} INFO - [2026-04-27T23:39:40.495+0000] {dagbag.py:540} INFO - Filling up the DagBag from /home/airflow/.local/lib/python3.12/site-packages/airflow/example_dags/tutorial.py
[2026-04-27T23:39:40.502+0000] {processor.py:840} INFO - DAG(s) 'tutorial' retrieved from /home/airflow/.local/lib/python3.12/site-packages/airflow/example_dags/tutorial.py
[2026-04-27T23:39:40.524+0000] {logging_mixin.py:188} INFO - [2026-04-27T23:39:40.524+0000] {dag.py:3096} INFO - Sync 1 DAGs
[2026-04-27T23:39:40.546+0000] {logging_mixin.py:188} INFO - [2026-04-27T23:39:40.546+0000] {dag.py:3954} INFO - Setting next_dagrun for tutorial to 2026-04-26 00:00:00+00:00, run_after=2026-04-27 00:00:00+00:00
[2026-04-27T23:39:40.569+0000] {processor.py:183} INFO - Processing /home/airflow/.local/lib/python3.12/site-packages/airflow/example_dags/tutorial.py took 0.083 seconds
[2026-04-27T23:40:10.717+0000] {processor.py:161} INFO - Started process (PID=1132) to work on /home/airflow/.local/lib/python3.12/site-packages/airflow/example_dags/tutorial.py
[2026-04-27T23:40:10.719+0000] {processor.py:830} INFO - Processing file /home/airflow/.local/lib/python3.12/site-packages/airflow/example_dags/tutorial.py for tasks to queue
[2026-04-27T23:40:10.723+0000] {logging_mixin.py:188} INFO - [2026-04-27T23:40:10.722+0000] {dagbag.py:540} INFO - Filling up the DagBag from /home/airflow/.local/lib/python3.12/site-packages/airflow/example_dags/tutorial.py
[2026-04-27T23:40:10.731+0000] {processor.py:840} INFO - DAG(s) 'tutorial' retrieved from /home/airflow/.local/lib/python3.12/site-packages/airflow/example_dags/tutorial.py
[2026-04-27T23:40:10.758+0000] {logging_mixin.py:188} INFO - [2026-04-27T23:40:10.758+0000] {dag.py:3096} INFO - Sync 1 DAGs
[2026-04-27T23:40:10.782+0000] {logging_mixin.py:188} INFO - [2026-04-27T23:40:10.782+0000] {dag.py:3954} INFO - Setting next_dagrun for tutorial to 2026-04-26 00:00:00+00:00, run_after=2026-04-27 00:00:00+00:00
[2026-04-27T23:40:10.805+0000] {processor.py:183} INFO - Processing /home/airflow/.local/lib/python3.12/site-packages/airflow/example_dags/tutorial.py took 0.098 seconds
[2026-04-27T23:40:41.409+0000] {processor.py:161} INFO - Started process (PID=1190) to work on /home/airflow/.local/lib/python3.12/site-packages/airflow/example_dags/tutorial.py
[2026-04-27T23:40:41.411+0000] {processor.py:830} INFO - Processing file /home/airflow/.local/lib/python3.12/site-packages/airflow/example_dags/tutorial.py for tasks to queue
[2026-04-27T23:40:41.414+0000] {logging_mixin.py:188} INFO - [2026-04-27T23:40:41.414+0000] {dagbag.py:540} INFO - Filling up the DagBag from /home/airflow/.local/lib/python3.12/site-packages/airflow/example_dags/tutorial.py
[2026-04-27T23:40:41.421+0000] {processor.py:840} INFO - DAG(s) 'tutorial' retrieved from /home/airflow/.local/lib/python3.12/site-packages/airflow/example_dags/tutorial.py
[2026-04-27T23:40:41.444+0000] {logging_mixin.py:188} INFO - [2026-04-27T23:40:41.443+0000] {dag.py:3096} INFO - Sync 1 DAGs
[2026-04-27T23:40:41.467+0000] {logging_mixin.py:188} INFO - [2026-04-27T23:40:41.466+0000] {dag.py:3954} INFO - Setting next_dagrun for tutorial to 2026-04-26 00:00:00+00:00, run_after=2026-04-27 00:00:00+00:00
[2026-04-27T23:40:41.639+0000] {processor.py:183} INFO - Processing /home/airflow/.local/lib/python3.12/site-packages/airflow/example_dags/tutorial.py took 0.237 seconds
[2026-04-27T23:41:12.304+0000] {processor.py:161} INFO - Started process (PID=1249) to work on /home/airflow/.local/lib/python3.12/site-packages/airflow/example_dags/tutorial.py
[2026-04-27T23:41:12.305+0000] {processor.py:830} INFO - Processing file /home/airflow/.local/lib/python3.12/site-packages/airflow/example_dags/tutorial.py for tasks to queue
[2026-04-27T23:41:12.308+0000] {logging_mixin.py:188} INFO - [2026-04-27T23:41:12.307+0000] {dagbag.py:540} INFO - Filling up the DagBag from /home/airflow/.local/lib/python3.12/site-packages/airflow/example_dags/tutorial.py
[2026-04-27T23:41:12.315+0000] {processor.py:840} INFO - DAG(s) 'tutorial' retrieved from /home/airflow/.local/lib/python3.12/site-packages/airflow/example_dags/tutorial.py
[2026-04-27T23:41:12.348+0000] {logging_mixin.py:188} INFO - [2026-04-27T23:41:12.348+0000] {dag.py:3096} INFO - Sync 1 DAGs
[2026-04-27T23:41:12.372+0000] {logging_mixin.py:188} INFO - [2026-04-27T23:41:12.372+0000] {dag.py:3954} INFO - Setting next_dagrun for tutorial to 2026-04-26 00:00:00+00:00, run_after=2026-04-27 00:00:00+00:00
[2026-04-27T23:41:12.395+0000] {processor.py:183} INFO - Processing /home/airflow/.local/lib/python3.12/site-packages/airflow/example_dags/tutorial.py took 0.098 seconds
[2026-04-27T23:41:42.510+0000] {processor.py:161} INFO - Started process (PID=1308) to work on /home/airflow/.local/lib/python3.12/site-packages/airflow/example_dags/tutorial.py
[2026-04-27T23:41:42.511+0000] {processor.py:830} INFO - Processing file /home/airflow/.local/lib/python3.12/site-packages/airflow/example_dags/tutorial.py for tasks to queue
[2026-04-27T23:41:42.514+0000] {logging_mixin.py:188} INFO - [2026-04-27T23:41:42.513+0000] {dagbag.py:540} INFO - Filling up the DagBag from /home/airflow/.local/lib/python3.12/site-packages/airflow/example_dags/tutorial.py
[2026-04-27T23:41:42.521+0000] {processor.py:840} INFO - DAG(s) 'tutorial' retrieved from /home/airflow/.local/lib/python3.12/site-packages/airflow/example_dags/tutorial.py
[2026-04-27T23:41:42.546+0000] {logging_mixin.py:188} INFO - [2026-04-27T23:41:42.546+0000] {dag.py:3096} INFO - Sync 1 DAGs
[2026-04-27T23:41:42.572+0000] {logging_mixin.py:188} INFO - [2026-04-27T23:41:42.572+0000] {dag.py:3954} INFO - Setting next_dagrun for tutorial to 2026-04-26 00:00:00+00:00, run_after=2026-04-27 00:00:00+00:00
[2026-04-27T23:41:42.593+0000] {processor.py:183} INFO - Processing /home/airflow/.local/lib/python3.12/site-packages/airflow/example_dags/tutorial.py took 0.090 seconds
[2026-04-27T23:42:13.355+0000] {processor.py:161} INFO - Started process (PID=1367) to work on /home/airflow/.local/lib/python3.12/site-packages/airflow/example_dags/tutorial.py
[2026-04-27T23:42:13.357+0000] {processor.py:830} INFO - Processing file /home/airflow/.local/lib/python3.12/site-packages/airflow/example_dags/tutorial.py for tasks to queue
[2026-04-27T23:42:13.360+0000] {logging_mixin.py:188} INFO - [2026-04-27T23:42:13.360+0000] {dagbag.py:540} INFO - Filling up the DagBag from /home/airflow/.local/lib/python3.12/site-packages/airflow/example_dags/tutorial.py
[2026-04-27T23:42:13.368+0000] {processor.py:840} INFO - DAG(s) 'tutorial' retrieved from /home/airflow/.local/lib/python3.12/site-packages/airflow/example_dags/tutorial.py
[2026-04-27T23:42:13.396+0000] {logging_mixin.py:188} INFO - [2026-04-27T23:42:13.396+0000] {dag.py:3096} INFO - Sync 1 DAGs
[2026-04-27T23:42:13.627+0000] {logging_mixin.py:188} INFO - [2026-04-27T23:42:13.625+0000] {dag.py:3954} INFO - Setting next_dagrun for tutorial to 2026-04-26 00:00:00+00:00, run_after=2026-04-27 00:00:00+00:00
[2026-04-27T23:42:13.665+0000] {processor.py:183} INFO - Processing /home/airflow/.local/lib/python3.12/site-packages/airflow/example_dags/tutorial.py took 0.318 seconds
[2026-04-27T23:42:44.242+0000] {processor.py:161} INFO - Started process (PID=1426) to work on /home/airflow/.local/lib/python3.12/site-packages/airflow/example_dags/tutorial.py
[2026-04-27T23:42:44.243+0000] {processor.py:830} INFO - Processing file /home/airflow/.local/lib/python3.12/site-packages/airflow/example_dags/tutorial.py for tasks to queue
[2026-04-27T23:42:44.245+0000] {logging_mixin.py:188} INFO - [2026-04-27T23:42:44.245+0000] {dagbag.py:540} INFO - Filling up the DagBag from /home/airflow/.local/lib/python3.12/site-packages/airflow/example_dags/tutorial.py
[2026-04-27T23:42:44.253+0000] {processor.py:840} INFO - DAG(s) 'tutorial' retrieved from /home/airflow/.local/lib/python3.12/site-packages/airflow/example_dags/tutorial.py
[2026-04-27T23:42:44.276+0000] {logging_mixin.py:188} INFO - [2026-04-27T23:42:44.276+0000] {dag.py:3096} INFO - Sync 1 DAGs
[2026-04-27T23:42:44.300+0000] {logging_mixin.py:188} INFO - [2026-04-27T23:42:44.300+0000] {dag.py:3954} INFO - Setting next_dagrun for tutorial to 2026-04-26 00:00:00+00:00, run_after=2026-04-27 00:00:00+00:00
[2026-04-27T23:42:44.322+0000] {processor.py:183} INFO - Processing /home/airflow/.local/lib/python3.12/site-packages/airflow/example_dags/tutorial.py took 0.088 seconds
[2026-04-27T23:43:14.906+0000] {processor.py:161} INFO - Started process (PID=1485) to work on /home/airflow/.local/lib/python3.12/site-packages/airflow/example_dags/tutorial.py
[2026-04-27T23:43:14.909+0000] {processor.py:830} INFO - Processing file /home/airflow/.local/lib/python3.12/site-packages/airflow/example_dags/tutorial.py for tasks to queue
[2026-04-27T23:43:14.912+0000] {logging_mixin.py:188} INFO - [2026-04-27T23:43:14.912+0000] {dagbag.py:540} INFO - Filling up the DagBag from /home/airflow/.local/lib/python3.12/site-packages/airflow/example_dags/tutorial.py
[2026-04-27T23:43:14.922+0000] {processor.py:840} INFO - DAG(s) 'tutorial' retrieved from /home/airflow/.local/lib/python3.12/site-packages/airflow/example_dags/tutorial.py
[2026-04-27T23:43:14.954+0000] {logging_mixin.py:188} INFO - [2026-04-27T23:43:14.954+0000] {dag.py:3096} INFO - Sync 1 DAGs
[2026-04-27T23:43:14.982+0000] {logging_mixin.py:188} INFO - [2026-04-27T23:43:14.982+0000] {dag.py:3954} INFO - Setting next_dagrun for tutorial to 2026-04-26 00:00:00+00:00, run_after=2026-04-27 00:00:00+00:00
[2026-04-27T23:43:15.008+0000] {processor.py:183} INFO - Processing /home/airflow/.local/lib/python3.12/site-packages/airflow/example_dags/tutorial.py took 0.112 seconds
[2026-04-27T23:43:45.359+0000] {processor.py:161} INFO - Started process (PID=1544) to work on /home/airflow/.local/lib/python3.12/site-packages/airflow/example_dags/tutorial.py
[2026-04-27T23:43:45.360+0000] {processor.py:830} INFO - Processing file /home/airflow/.local/lib/python3.12/site-packages/airflow/example_dags/tutorial.py for tasks to queue
[2026-04-27T23:43:45.363+0000] {logging_mixin.py:188} INFO - [2026-04-27T23:43:45.363+0000] {dagbag.py:540} INFO - Filling up the DagBag from /home/airflow/.local/lib/python3.12/site-packages/airflow/example_dags/tutorial.py
[2026-04-27T23:43:45.372+0000] {processor.py:840} INFO - DAG(s) 'tutorial' retrieved from /home/airflow/.local/lib/python3.12/site-packages/airflow/example_dags/tutorial.py
[2026-04-27T23:43:45.402+0000] {logging_mixin.py:188} INFO - [2026-04-27T23:43:45.401+0000] {dag.py:3096} INFO - Sync 1 DAGs
[2026-04-27T23:43:45.432+0000] {logging_mixin.py:188} INFO - [2026-04-27T23:43:45.432+0000] {dag.py:3954} INFO - Setting next_dagrun for tutorial to 2026-04-26 00:00:00+00:00, run_after=2026-04-27 00:00:00+00:00
[2026-04-27T23:43:45.463+0000] {processor.py:183} INFO - Processing /home/airflow/.local/lib/python3.12/site-packages/airflow/example_dags/tutorial.py took 0.114 seconds
[2026-04-27T23:44:15.674+0000] {processor.py:161} INFO - Started process (PID=1603) to work on /home/airflow/.local/lib/python3.12/site-packages/airflow/example_dags/tutorial.py
[2026-04-27T23:44:15.676+0000] {processor.py:830} INFO - Processing file /home/airflow/.local/lib/python3.12/site-packages/airflow/example_dags/tutorial.py for tasks to queue
[2026-04-27T23:44:15.678+0000] {logging_mixin.py:188} INFO - [2026-04-27T23:44:15.678+0000] {dagbag.py:540} INFO - Filling up the DagBag from /home/airflow/.local/lib/python3.12/site-packages/airflow/example_dags/tutorial.py
[2026-04-27T23:44:15.687+0000] {processor.py:840} INFO - DAG(s) 'tutorial' retrieved from /home/airflow/.local/lib/python3.12/site-packages/airflow/example_dags/tutorial.py
[2026-04-27T23:44:15.710+0000] {logging_mixin.py:188} INFO - [2026-04-27T23:44:15.710+0000] {dag.py:3096} INFO - Sync 1 DAGs
[2026-04-27T23:44:15.750+0000] {logging_mixin.py:188} INFO - [2026-04-27T23:44:15.749+0000] {dag.py:3954} INFO - Setting next_dagrun for tutorial to 2026-04-26 00:00:00+00:00, run_after=2026-04-27 00:00:00+00:00
[2026-04-27T23:44:15.783+0000] {processor.py:183} INFO - Processing /home/airflow/.local/lib/python3.12/site-packages/airflow/example_dags/tutorial.py took 0.117 seconds
[2026-04-27T23:44:46.285+0000] {processor.py:161} INFO - Started process (PID=1662) to work on /home/airflow/.local/lib/python3.12/site-packages/airflow/example_dags/tutorial.py
[2026-04-27T23:44:46.286+0000] {processor.py:830} INFO - Processing file /home/airflow/.local/lib/python3.12/site-packages/airflow/example_dags/tutorial.py for tasks to queue
[2026-04-27T23:44:46.289+0000] {logging_mixin.py:188} INFO - [2026-04-27T23:44:46.288+0000] {dagbag.py:540} INFO - Filling up the DagBag from /home/airflow/.local/lib/python3.12/site-packages/airflow/example_dags/tutorial.py
[2026-04-27T23:44:46.296+0000] {processor.py:840} INFO - DAG(s) 'tutorial' retrieved from /home/airflow/.local/lib/python3.12/site-packages/airflow/example_dags/tutorial.py
[2026-04-27T23:44:46.319+0000] {logging_mixin.py:188} INFO - [2026-04-27T23:44:46.319+0000] {dag.py:3096} INFO - Sync 1 DAGs
[2026-04-27T23:44:46.348+0000] {logging_mixin.py:188} INFO - [2026-04-27T23:44:46.348+0000] {dag.py:3954} INFO - Setting next_dagrun for tutorial to 2026-04-26 00:00:00+00:00, run_after=2026-04-27 00:00:00+00:00
[2026-04-27T23:44:46.377+0000] {processor.py:183} INFO - Processing /home/airflow/.local/lib/python3.12/site-packages/airflow/example_dags/tutorial.py took 0.099 seconds
[2026-04-27T23:45:16.721+0000] {processor.py:161} INFO - Started process (PID=1721) to work on /home/airflow/.local/lib/python3.12/site-packages/airflow/example_dags/tutorial.py
[2026-04-27T23:45:16.723+0000] {processor.py:830} INFO - Processing file /home/airflow/.local/lib/python3.12/site-packages/airflow/example_dags/tutorial.py for tasks to queue
[2026-04-27T23:45:16.727+0000] {logging_mixin.py:188} INFO - [2026-04-27T23:45:16.727+0000] {dagbag.py:540} INFO - Filling up the DagBag from /home/airflow/.local/lib/python3.12/site-packages/airflow/example_dags/tutorial.py
[2026-04-27T23:45:16.740+0000] {processor.py:840} INFO - DAG(s) 'tutorial' retrieved from /home/airflow/.local/lib/python3.12/site-packages/airflow/example_dags/tutorial.py
[2026-04-27T23:45:16.787+0000] {logging_mixin.py:188} INFO - [2026-04-27T23:45:16.786+0000] {dag.py:3096} INFO - Sync 1 DAGs
[2026-04-27T23:45:16.836+0000] {logging_mixin.py:188} INFO - [2026-04-27T23:45:16.835+0000] {dag.py:3954} INFO - Setting next_dagrun for tutorial to 2026-04-26 00:00:00+00:00, run_after=2026-04-27 00:00:00+00:00
[2026-04-27T23:45:16.873+0000] {processor.py:183} INFO - Processing /home/airflow/.local/lib/python3.12/site-packages/airflow/example_dags/tutorial.py took 0.164 seconds
[2026-04-27T23:45:46.917+0000] {processor.py:161} INFO - Started process (PID=1780) to work on /home/airflow/.local/lib/python3.12/site-packages/airflow/example_dags/tutorial.py
[2026-04-27T23:45:46.919+0000] {processor.py:830} INFO - Processing file /home/airflow/.local/lib/python3.12/site-packages/airflow/example_dags/tutorial.py for tasks to queue
[2026-04-27T23:45:46.921+0000] {logging_mixin.py:188} INFO - [2026-04-27T23:45:46.921+0000] {dagbag.py:540} INFO - Filling up the DagBag from /home/airflow/.local/lib/python3.12/site-packages/airflow/example_dags/tutorial.py
[2026-04-27T23:45:46.929+0000] {processor.py:840} INFO - DAG(s) 'tutorial' retrieved from /home/airflow/.local/lib/python3.12/site-packages/airflow/example_dags/tutorial.py
[2026-04-27T23:45:46.954+0000] {logging_mixin.py:188} INFO - [2026-04-27T23:45:46.954+0000] {dag.py:3096} INFO - Sync 1 DAGs
[2026-04-27T23:45:46.980+0000] {logging_mixin.py:188} INFO - [2026-04-27T23:45:46.979+0000] {dag.py:3954} INFO - Setting next_dagrun for tutorial to 2026-04-26 00:00:00+00:00, run_after=2026-04-27 00:00:00+00:00
[2026-04-27T23:45:47.001+0000] {processor.py:183} INFO - Processing /home/airflow/.local/lib/python3.12/site-packages/airflow/example_dags/tutorial.py took 0.091 seconds
[2026-04-27T23:46:17.400+0000] {processor.py:161} INFO - Started process (PID=1837) to work on /home/airflow/.local/lib/python3.12/site-packages/airflow/example_dags/tutorial.py
[2026-04-27T23:46:17.402+0000] {processor.py:830} INFO - Processing file /home/airflow/.local/lib/python3.12/site-packages/airflow/example_dags/tutorial.py for tasks to queue
[2026-04-27T23:46:17.405+0000] {logging_mixin.py:188} INFO - [2026-04-27T23:46:17.404+0000] {dagbag.py:540} INFO - Filling up the DagBag from /home/airflow/.local/lib/python3.12/site-packages/airflow/example_dags/tutorial.py
[2026-04-27T23:46:17.414+0000] {processor.py:840} INFO - DAG(s) 'tutorial' retrieved from /home/airflow/.local/lib/python3.12/site-packages/airflow/example_dags/tutorial.py
[2026-04-27T23:46:17.443+0000] {logging_mixin.py:188} INFO - [2026-04-27T23:46:17.443+0000] {dag.py:3096} INFO - Sync 1 DAGs
[2026-04-27T23:46:17.483+0000] {logging_mixin.py:188} INFO - [2026-04-27T23:46:17.483+0000] {dag.py:3954} INFO - Setting next_dagrun for tutorial to 2026-04-26 00:00:00+00:00, run_after=2026-04-27 00:00:00+00:00
[2026-04-27T23:46:17.512+0000] {processor.py:183} INFO - Processing /home/airflow/.local/lib/python3.12/site-packages/airflow/example_dags/tutorial.py took 0.120 seconds
[2026-04-27T23:46:48.064+0000] {processor.py:161} INFO - Started process (PID=1896) to work on /home/airflow/.local/lib/python3.12/site-packages/airflow/example_dags/tutorial.py
[2026-04-27T23:46:48.066+0000] {processor.py:830} INFO - Processing file /home/airflow/.local/lib/python3.12/site-packages/airflow/example_dags/tutorial.py for tasks to queue
[2026-04-27T23:46:48.069+0000] {logging_mixin.py:188} INFO - [2026-04-27T23:46:48.069+0000] {dagbag.py:540} INFO - Filling up the DagBag from /home/airflow/.local/lib/python3.12/site-packages/airflow/example_dags/tutorial.py
[2026-04-27T23:46:48.078+0000] {processor.py:840} INFO - DAG(s) 'tutorial' retrieved from /home/airflow/.local/lib/python3.12/site-packages/airflow/example_dags/tutorial.py
[2026-04-27T23:46:48.104+0000] {logging_mixin.py:188} INFO - [2026-04-27T23:46:48.103+0000] {dag.py:3096} INFO - Sync 1 DAGs
[2026-04-27T23:46:48.130+0000] {logging_mixin.py:188} INFO - [2026-04-27T23:46:48.130+0000] {dag.py:3954} INFO - Setting next_dagrun for tutorial to 2026-04-26 00:00:00+00:00, run_after=2026-04-27 00:00:00+00:00
[2026-04-27T23:46:48.202+0000] {processor.py:183} INFO - Processing /home/airflow/.local/lib/python3.12/site-packages/airflow/example_dags/tutorial.py took 0.147 seconds
[2026-04-27T23:47:18.357+0000] {processor.py:161} INFO - Started process (PID=1955) to work on /home/airflow/.local/lib/python3.12/site-packages/airflow/example_dags/tutorial.py
[2026-04-27T23:47:18.358+0000] {processor.py:830} INFO - Processing file /home/airflow/.local/lib/python3.12/site-packages/airflow/example_dags/tutorial.py for tasks to queue
[2026-04-27T23:47:18.361+0000] {logging_mixin.py:188} INFO - [2026-04-27T23:47:18.360+0000] {dagbag.py:540} INFO - Filling up the DagBag from /home/airflow/.local/lib/python3.12/site-packages/airflow/example_dags/tutorial.py
[2026-04-27T23:47:18.368+0000] {processor.py:840} INFO - DAG(s) 'tutorial' retrieved from /home/airflow/.local/lib/python3.12/site-packages/airflow/example_dags/tutorial.py
[2026-04-27T23:47:18.382+0000] {logging_mixin.py:188} INFO - [2026-04-27T23:47:18.381+0000] {dag.py:3096} INFO - Sync 1 DAGs
[2026-04-27T23:47:18.408+0000] {logging_mixin.py:188} INFO - [2026-04-27T23:47:18.408+0000] {dag.py:3954} INFO - Setting next_dagrun for tutorial to 2026-04-26 00:00:00+00:00, run_after=2026-04-27 00:00:00+00:00
[2026-04-27T23:47:18.430+0000] {processor.py:183} INFO - Processing /home/airflow/.local/lib/python3.12/site-packages/airflow/example_dags/tutorial.py took 0.081 seconds
[2026-04-27T23:47:49.239+0000] {processor.py:161} INFO - Started process (PID=2014) to work on /home/airflow/.local/lib/python3.12/site-packages/airflow/example_dags/tutorial.py
[2026-04-27T23:47:49.240+0000] {processor.py:830} INFO - Processing file /home/airflow/.local/lib/python3.12/site-packages/airflow/example_dags/tutorial.py for tasks to queue
[2026-04-27T23:47:49.243+0000] {logging_mixin.py:188} INFO - [2026-04-27T23:47:49.243+0000] {dagbag.py:540} INFO - Filling up the DagBag from /home/airflow/.local/lib/python3.12/site-packages/airflow/example_dags/tutorial.py
[2026-04-27T23:47:49.251+0000] {processor.py:840} INFO - DAG(s) 'tutorial' retrieved from /home/airflow/.local/lib/python3.12/site-packages/airflow/example_dags/tutorial.py
[2026-04-27T23:47:49.359+0000] {logging_mixin.py:188} INFO - [2026-04-27T23:47:49.359+0000] {dag.py:3096} INFO - Sync 1 DAGs
[2026-04-27T23:47:49.379+0000] {logging_mixin.py:188} INFO - [2026-04-27T23:47:49.379+0000] {dag.py:3954} INFO - Setting next_dagrun for tutorial to 2026-04-26 00:00:00+00:00, run_after=2026-04-27 00:00:00+00:00
[2026-04-27T23:47:49.401+0000] {processor.py:183} INFO - Processing /home/airflow/.local/lib/python3.12/site-packages/airflow/example_dags/tutorial.py took 0.169 seconds
[2026-04-27T23:48:19.518+0000] {processor.py:161} INFO - Started process (PID=2073) to work on /home/airflow/.local/lib/python3.12/site-packages/airflow/example_dags/tutorial.py
[2026-04-27T23:48:19.520+0000] {processor.py:830} INFO - Processing file /home/airflow/.local/lib/python3.12/site-packages/airflow/example_dags/tutorial.py for tasks to queue
[2026-04-27T23:48:19.523+0000] {logging_mixin.py:188} INFO - [2026-04-27T23:48:19.523+0000] {dagbag.py:540} INFO - Filling up the DagBag from /home/airflow/.local/lib/python3.12/site-packages/airflow/example_dags/tutorial.py
[2026-04-27T23:48:19.530+0000] {processor.py:840} INFO - DAG(s) 'tutorial' retrieved from /home/airflow/.local/lib/python3.12/site-packages/airflow/example_dags/tutorial.py
[2026-04-27T23:48:19.562+0000] {logging_mixin.py:188} INFO - [2026-04-27T23:48:19.561+0000] {dag.py:3096} INFO - Sync 1 DAGs
[2026-04-27T23:48:19.608+0000] {logging_mixin.py:188} INFO - [2026-04-27T23:48:19.607+0000] {dag.py:3954} INFO - Setting next_dagrun for tutorial to 2026-04-26 00:00:00+00:00, run_after=2026-04-27 00:00:00+00:00
[2026-04-27T23:48:19.647+0000] {processor.py:183} INFO - Processing /home/airflow/.local/lib/python3.12/site-packages/airflow/example_dags/tutorial.py took 0.139 seconds
[2026-04-27T23:48:50.003+0000] {processor.py:161} INFO - Started process (PID=2132) to work on /home/airflow/.local/lib/python3.12/site-packages/airflow/example_dags/tutorial.py
[2026-04-27T23:48:50.005+0000] {processor.py:830} INFO - Processing file /home/airflow/.local/lib/python3.12/site-packages/airflow/example_dags/tutorial.py for tasks to queue
[2026-04-27T23:48:50.010+0000] {logging_mixin.py:188} INFO - [2026-04-27T23:48:50.009+0000] {dagbag.py:540} INFO - Filling up the DagBag from /home/airflow/.local/lib/python3.12/site-packages/airflow/example_dags/tutorial.py
[2026-04-27T23:48:50.025+0000] {processor.py:840} INFO - DAG(s) 'tutorial' retrieved from /home/airflow/.local/lib/python3.12/site-packages/airflow/example_dags/tutorial.py
[2026-04-27T23:48:50.065+0000] {logging_mixin.py:188} INFO - [2026-04-27T23:48:50.065+0000] {dag.py:3096} INFO - Sync 1 DAGs
[2026-04-27T23:48:50.103+0000] {logging_mixin.py:188} INFO - [2026-04-27T23:48:50.103+0000] {dag.py:3954} INFO - Setting next_dagrun for tutorial to 2026-04-26 00:00:00+00:00, run_after=2026-04-27 00:00:00+00:00
[2026-04-27T23:48:50.139+0000] {processor.py:183} INFO - Processing /home/airflow/.local/lib/python3.12/site-packages/airflow/example_dags/tutorial.py took 0.154 seconds
[2026-04-27T23:49:20.720+0000] {processor.py:161} INFO - Started process (PID=2191) to work on /home/airflow/.local/lib/python3.12/site-packages/airflow/example_dags/tutorial.py
[2026-04-27T23:49:20.722+0000] {processor.py:830} INFO - Processing file /home/airflow/.local/lib/python3.12/site-packages/airflow/example_dags/tutorial.py for tasks to queue
[2026-04-27T23:49:20.726+0000] {logging_mixin.py:188} INFO - [2026-04-27T23:49:20.725+0000] {dagbag.py:540} INFO - Filling up the DagBag from /home/airflow/.local/lib/python3.12/site-packages/airflow/example_dags/tutorial.py
[2026-04-27T23:49:20.737+0000] {processor.py:840} INFO - DAG(s) 'tutorial' retrieved from /home/airflow/.local/lib/python3.12/site-packages/airflow/example_dags/tutorial.py
[2026-04-27T23:49:20.767+0000] {logging_mixin.py:188} INFO - [2026-04-27T23:49:20.766+0000] {dag.py:3096} INFO - Sync 1 DAGs
[2026-04-27T23:49:20.804+0000] {logging_mixin.py:188} INFO - [2026-04-27T23:49:20.804+0000] {dag.py:3954} INFO - Setting next_dagrun for tutorial to 2026-04-26 00:00:00+00:00, run_after=2026-04-27 00:00:00+00:00
[2026-04-27T23:49:20.831+0000] {processor.py:183} INFO - Processing /home/airflow/.local/lib/python3.12/site-packages/airflow/example_dags/tutorial.py took 0.120 seconds
[2026-04-27T23:49:51.426+0000] {processor.py:161} INFO - Started process (PID=2250) to work on /home/airflow/.local/lib/python3.12/site-packages/airflow/example_dags/tutorial.py
[2026-04-27T23:49:51.427+0000] {processor.py:830} INFO - Processing file /home/airflow/.local/lib/python3.12/site-packages/airflow/example_dags/tutorial.py for tasks to queue
[2026-04-27T23:49:51.430+0000] {logging_mixin.py:188} INFO - [2026-04-27T23:49:51.430+0000] {dagbag.py:540} INFO - Filling up the DagBag from /home/airflow/.local/lib/python3.12/site-packages/airflow/example_dags/tutorial.py
[2026-04-27T23:49:51.438+0000] {processor.py:840} INFO - DAG(s) 'tutorial' retrieved from /home/airflow/.local/lib/python3.12/site-packages/airflow/example_dags/tutorial.py
[2026-04-27T23:49:51.463+0000] {logging_mixin.py:188} INFO - [2026-04-27T23:49:51.462+0000] {dag.py:3096} INFO - Sync 1 DAGs
[2026-04-27T23:49:51.487+0000] {logging_mixin.py:188} INFO - [2026-04-27T23:49:51.487+0000] {dag.py:3954} INFO - Setting next_dagrun for tutorial to 2026-04-26 00:00:00+00:00, run_after=2026-04-27 00:00:00+00:00
[2026-04-27T23:49:51.509+0000] {processor.py:183} INFO - Processing /home/airflow/.local/lib/python3.12/site-packages/airflow/example_dags/tutorial.py took 0.090 seconds
[2026-04-27T23:50:22.120+0000] {processor.py:161} INFO - Started process (PID=2309) to work on /home/airflow/.local/lib/python3.12/site-packages/airflow/example_dags/tutorial.py
[2026-04-27T23:50:22.122+0000] {processor.py:830} INFO - Processing file /home/airflow/.local/lib/python3.12/site-packages/airflow/example_dags/tutorial.py for tasks to queue
[2026-04-27T23:50:22.124+0000] {logging_mixin.py:188} INFO - [2026-04-27T23:50:22.124+0000] {dagbag.py:540} INFO - Filling up the DagBag from /home/airflow/.local/lib/python3.12/site-packages/airflow/example_dags/tutorial.py
[2026-04-27T23:50:22.132+0000] {processor.py:840} INFO - DAG(s) 'tutorial' retrieved from /home/airflow/.local/lib/python3.12/site-packages/airflow/example_dags/tutorial.py
[2026-04-27T23:50:22.154+0000] {logging_mixin.py:188} INFO - [2026-04-27T23:50:22.154+0000] {dag.py:3096} INFO - Sync 1 DAGs
[2026-04-27T23:50:22.178+0000] {logging_mixin.py:188} INFO - [2026-04-27T23:50:22.178+0000] {dag.py:3954} INFO - Setting next_dagrun for tutorial to 2026-04-26 00:00:00+00:00, run_after=2026-04-27 00:00:00+00:00
[2026-04-27T23:50:22.205+0000] {processor.py:183} INFO - Processing /home/airflow/.local/lib/python3.12/site-packages/airflow/example_dags/tutorial.py took 0.092 seconds
[2026-04-27T23:58:28.765+0000] {processor.py:161} INFO - Started process (PID=77) to work on /home/airflow/.local/lib/python3.12/site-packages/airflow/example_dags/tutorial.py
[2026-04-27T23:58:28.832+0000] {processor.py:830} INFO - Processing file /home/airflow/.local/lib/python3.12/site-packages/airflow/example_dags/tutorial.py for tasks to queue
[2026-04-27T23:58:28.834+0000] {logging_mixin.py:188} INFO - [2026-04-27T23:58:28.834+0000] {dagbag.py:540} INFO - Filling up the DagBag from /home/airflow/.local/lib/python3.12/site-packages/airflow/example_dags/tutorial.py
[2026-04-27T23:58:28.853+0000] {processor.py:840} INFO - DAG(s) 'tutorial' retrieved from /home/airflow/.local/lib/python3.12/site-packages/airflow/example_dags/tutorial.py
[2026-04-27T23:58:28.970+0000] {logging_mixin.py:188} INFO - [2026-04-27T23:58:28.970+0000] {dag.py:3096} INFO - Sync 1 DAGs
[2026-04-27T23:58:28.990+0000] {logging_mixin.py:188} INFO - [2026-04-27T23:58:28.990+0000] {dag.py:3954} INFO - Setting next_dagrun for tutorial to 2026-04-26 00:00:00+00:00, run_after=2026-04-27 00:00:00+00:00
[2026-04-27T23:58:29.011+0000] {processor.py:183} INFO - Processing /home/airflow/.local/lib/python3.12/site-packages/airflow/example_dags/tutorial.py took 0.253 seconds
[2026-04-27T23:59:40.743+0000] {processor.py:161} INFO - Started process (PID=71) to work on /home/airflow/.local/lib/python3.12/site-packages/airflow/example_dags/tutorial.py
[2026-04-27T23:59:40.745+0000] {processor.py:830} INFO - Processing file /home/airflow/.local/lib/python3.12/site-packages/airflow/example_dags/tutorial.py for tasks to queue
[2026-04-27T23:59:40.748+0000] {logging_mixin.py:188} INFO - [2026-04-27T23:59:40.747+0000] {dagbag.py:540} INFO - Filling up the DagBag from /home/airflow/.local/lib/python3.12/site-packages/airflow/example_dags/tutorial.py
[2026-04-27T23:59:40.755+0000] {processor.py:840} INFO - DAG(s) 'tutorial' retrieved from /home/airflow/.local/lib/python3.12/site-packages/airflow/example_dags/tutorial.py
[2026-04-27T23:59:40.776+0000] {logging_mixin.py:188} INFO - [2026-04-27T23:59:40.776+0000] {dag.py:3096} INFO - Sync 1 DAGs
[2026-04-27T23:59:41.061+0000] {logging_mixin.py:188} INFO - [2026-04-27T23:59:41.061+0000] {dag.py:3954} INFO - Setting next_dagrun for tutorial to 2026-04-26 00:00:00+00:00, run_after=2026-04-27 00:00:00+00:00
[2026-04-27T23:59:41.086+0000] {processor.py:183} INFO - Processing /home/airflow/.local/lib/python3.12/site-packages/airflow/example_dags/tutorial.py took 0.350 seconds
