[2026-04-27T23:29:59.098+0000] {processor.py:161} INFO - Started process (PID=64) to work on /opt/airflow/dags/retail_dag.py
[2026-04-27T23:29:59.102+0000] {processor.py:830} INFO - Processing file /opt/airflow/dags/retail_dag.py for tasks to queue
[2026-04-27T23:29:59.108+0000] {logging_mixin.py:188} INFO - [2026-04-27T23:29:59.108+0000] {dagbag.py:540} INFO - Filling up the DagBag from /opt/airflow/dags/retail_dag.py
[2026-04-27T23:29:59.179+0000] {processor.py:840} INFO - DAG(s) 'dbt_orchestration' retrieved from /opt/airflow/dags/retail_dag.py
[2026-04-27T23:29:59.316+0000] {logging_mixin.py:188} INFO - [2026-04-27T23:29:59.316+0000] {dag.py:3096} INFO - Sync 1 DAGs
[2026-04-27T23:29:59.373+0000] {logging_mixin.py:188} INFO - [2026-04-27T23:29:59.372+0000] {dag.py:3954} INFO - Setting next_dagrun for dbt_orchestration to 2026-04-27 00:00:00+00:00, run_after=2026-04-28 00:00:00+00:00
[2026-04-27T23:29:59.415+0000] {processor.py:183} INFO - Processing /opt/airflow/dags/retail_dag.py took 0.337 seconds
[2026-04-27T23:30:37.130+0000] {processor.py:161} INFO - Started process (PID=129) to work on /opt/airflow/dags/retail_dag.py
[2026-04-27T23:30:37.588+0000] {processor.py:830} INFO - Processing file /opt/airflow/dags/retail_dag.py for tasks to queue
[2026-04-27T23:30:37.591+0000] {logging_mixin.py:188} INFO - [2026-04-27T23:30:37.590+0000] {dagbag.py:540} INFO - Filling up the DagBag from /opt/airflow/dags/retail_dag.py
[2026-04-27T23:30:37.654+0000] {processor.py:840} INFO - DAG(s) 'dbt_orchestration' retrieved from /opt/airflow/dags/retail_dag.py
[2026-04-27T23:30:37.680+0000] {logging_mixin.py:188} INFO - [2026-04-27T23:30:37.680+0000] {dag.py:3096} INFO - Sync 1 DAGs
[2026-04-27T23:30:38.070+0000] {logging_mixin.py:188} INFO - [2026-04-27T23:30:38.069+0000] {dag.py:3954} INFO - Setting next_dagrun for dbt_orchestration to 2026-04-27 00:00:00+00:00, run_after=2026-04-28 00:00:00+00:00
[2026-04-27T23:30:38.093+0000] {processor.py:183} INFO - Processing /opt/airflow/dags/retail_dag.py took 0.969 seconds
[2026-04-27T23:31:09.741+0000] {processor.py:161} INFO - Started process (PID=184) to work on /opt/airflow/dags/retail_dag.py
[2026-04-27T23:31:09.834+0000] {processor.py:830} INFO - Processing file /opt/airflow/dags/retail_dag.py for tasks to queue
[2026-04-27T23:31:09.836+0000] {logging_mixin.py:188} INFO - [2026-04-27T23:31:09.836+0000] {dagbag.py:540} INFO - Filling up the DagBag from /opt/airflow/dags/retail_dag.py
[2026-04-27T23:31:10.300+0000] {processor.py:840} INFO - DAG(s) 'dbt_orchestration' retrieved from /opt/airflow/dags/retail_dag.py
[2026-04-27T23:31:10.321+0000] {logging_mixin.py:188} INFO - [2026-04-27T23:31:10.321+0000] {dag.py:3096} INFO - Sync 1 DAGs
[2026-04-27T23:31:10.344+0000] {logging_mixin.py:188} INFO - [2026-04-27T23:31:10.344+0000] {dag.py:3954} INFO - Setting next_dagrun for dbt_orchestration to 2026-04-27 00:00:00+00:00, run_after=2026-04-28 00:00:00+00:00
[2026-04-27T23:31:10.365+0000] {processor.py:183} INFO - Processing /opt/airflow/dags/retail_dag.py took 0.630 seconds
[2026-04-27T23:32:25.083+0000] {processor.py:161} INFO - Started process (PID=249) to work on /opt/airflow/dags/retail_dag.py
[2026-04-27T23:32:25.084+0000] {processor.py:830} INFO - Processing file /opt/airflow/dags/retail_dag.py for tasks to queue
[2026-04-27T23:32:25.087+0000] {logging_mixin.py:188} INFO - [2026-04-27T23:32:25.086+0000] {dagbag.py:540} INFO - Filling up the DagBag from /opt/airflow/dags/retail_dag.py
[2026-04-27T23:32:25.113+0000] {processor.py:840} INFO - DAG(s) 'dbt_orchestration' retrieved from /opt/airflow/dags/retail_dag.py
[2026-04-27T23:32:25.135+0000] {logging_mixin.py:188} INFO - [2026-04-27T23:32:25.135+0000] {dag.py:3096} INFO - Sync 1 DAGs
[2026-04-27T23:32:25.159+0000] {logging_mixin.py:188} INFO - [2026-04-27T23:32:25.159+0000] {dag.py:3954} INFO - Setting next_dagrun for dbt_orchestration to 2026-04-27 00:00:00+00:00, run_after=2026-04-28 00:00:00+00:00
[2026-04-27T23:32:25.183+0000] {processor.py:183} INFO - Processing /opt/airflow/dags/retail_dag.py took 0.107 seconds
[2026-04-27T23:32:56.392+0000] {processor.py:161} INFO - Started process (PID=301) to work on /opt/airflow/dags/retail_dag.py
[2026-04-27T23:32:56.394+0000] {processor.py:830} INFO - Processing file /opt/airflow/dags/retail_dag.py for tasks to queue
[2026-04-27T23:32:56.396+0000] {logging_mixin.py:188} INFO - [2026-04-27T23:32:56.396+0000] {dagbag.py:540} INFO - Filling up the DagBag from /opt/airflow/dags/retail_dag.py
[2026-04-27T23:32:56.419+0000] {processor.py:840} INFO - DAG(s) 'dbt_orchestration' retrieved from /opt/airflow/dags/retail_dag.py
[2026-04-27T23:32:56.442+0000] {logging_mixin.py:188} INFO - [2026-04-27T23:32:56.442+0000] {dag.py:3096} INFO - Sync 1 DAGs
[2026-04-27T23:32:56.467+0000] {logging_mixin.py:188} INFO - [2026-04-27T23:32:56.466+0000] {dag.py:3954} INFO - Setting next_dagrun for dbt_orchestration to 2026-04-27 00:00:00+00:00, run_after=2026-04-28 00:00:00+00:00
[2026-04-27T23:32:56.490+0000] {processor.py:183} INFO - Processing /opt/airflow/dags/retail_dag.py took 0.105 seconds
[2026-04-27T23:33:26.709+0000] {processor.py:161} INFO - Started process (PID=353) to work on /opt/airflow/dags/retail_dag.py
[2026-04-27T23:33:26.710+0000] {processor.py:830} INFO - Processing file /opt/airflow/dags/retail_dag.py for tasks to queue
[2026-04-27T23:33:26.712+0000] {logging_mixin.py:188} INFO - [2026-04-27T23:33:26.712+0000] {dagbag.py:540} INFO - Filling up the DagBag from /opt/airflow/dags/retail_dag.py
[2026-04-27T23:33:26.737+0000] {processor.py:840} INFO - DAG(s) 'dbt_orchestration' retrieved from /opt/airflow/dags/retail_dag.py
[2026-04-27T23:33:26.761+0000] {logging_mixin.py:188} INFO - [2026-04-27T23:33:26.760+0000] {dag.py:3096} INFO - Sync 1 DAGs
[2026-04-27T23:33:26.794+0000] {logging_mixin.py:188} INFO - [2026-04-27T23:33:26.794+0000] {dag.py:3954} INFO - Setting next_dagrun for dbt_orchestration to 2026-04-27 00:00:00+00:00, run_after=2026-04-28 00:00:00+00:00
[2026-04-27T23:33:26.816+0000] {processor.py:183} INFO - Processing /opt/airflow/dags/retail_dag.py took 0.114 seconds
[2026-04-27T23:33:57.103+0000] {processor.py:161} INFO - Started process (PID=412) to work on /opt/airflow/dags/retail_dag.py
[2026-04-27T23:33:57.106+0000] {processor.py:830} INFO - Processing file /opt/airflow/dags/retail_dag.py for tasks to queue
[2026-04-27T23:33:57.109+0000] {logging_mixin.py:188} INFO - [2026-04-27T23:33:57.109+0000] {dagbag.py:540} INFO - Filling up the DagBag from /opt/airflow/dags/retail_dag.py
[2026-04-27T23:33:57.139+0000] {processor.py:840} INFO - DAG(s) 'dbt_orchestration' retrieved from /opt/airflow/dags/retail_dag.py
[2026-04-27T23:33:57.164+0000] {logging_mixin.py:188} INFO - [2026-04-27T23:33:57.164+0000] {dag.py:3096} INFO - Sync 1 DAGs
[2026-04-27T23:33:57.194+0000] {logging_mixin.py:188} INFO - [2026-04-27T23:33:57.194+0000] {dag.py:3954} INFO - Setting next_dagrun for dbt_orchestration to 2026-04-27 00:00:00+00:00, run_after=2026-04-28 00:00:00+00:00
[2026-04-27T23:33:57.214+0000] {processor.py:183} INFO - Processing /opt/airflow/dags/retail_dag.py took 0.120 seconds
[2026-04-27T23:34:27.546+0000] {processor.py:161} INFO - Started process (PID=466) to work on /opt/airflow/dags/retail_dag.py
[2026-04-27T23:34:27.547+0000] {processor.py:830} INFO - Processing file /opt/airflow/dags/retail_dag.py for tasks to queue
[2026-04-27T23:34:27.550+0000] {logging_mixin.py:188} INFO - [2026-04-27T23:34:27.549+0000] {dagbag.py:540} INFO - Filling up the DagBag from /opt/airflow/dags/retail_dag.py
[2026-04-27T23:34:27.579+0000] {processor.py:840} INFO - DAG(s) 'dbt_orchestration' retrieved from /opt/airflow/dags/retail_dag.py
[2026-04-27T23:34:27.612+0000] {logging_mixin.py:188} INFO - [2026-04-27T23:34:27.611+0000] {dag.py:3096} INFO - Sync 1 DAGs
[2026-04-27T23:34:27.653+0000] {logging_mixin.py:188} INFO - [2026-04-27T23:34:27.652+0000] {dag.py:3954} INFO - Setting next_dagrun for dbt_orchestration to 2026-04-27 00:00:00+00:00, run_after=2026-04-28 00:00:00+00:00
[2026-04-27T23:34:27.785+0000] {processor.py:183} INFO - Processing /opt/airflow/dags/retail_dag.py took 0.252 seconds
[2026-04-27T23:34:59.682+0000] {processor.py:161} INFO - Started process (PID=525) to work on /opt/airflow/dags/retail_dag.py
[2026-04-27T23:34:59.683+0000] {processor.py:830} INFO - Processing file /opt/airflow/dags/retail_dag.py for tasks to queue
[2026-04-27T23:34:59.685+0000] {logging_mixin.py:188} INFO - [2026-04-27T23:34:59.685+0000] {dagbag.py:540} INFO - Filling up the DagBag from /opt/airflow/dags/retail_dag.py
[2026-04-27T23:34:59.707+0000] {processor.py:840} INFO - DAG(s) 'dbt_orchestration' retrieved from /opt/airflow/dags/retail_dag.py
[2026-04-27T23:34:59.728+0000] {logging_mixin.py:188} INFO - [2026-04-27T23:34:59.727+0000] {dag.py:3096} INFO - Sync 1 DAGs
[2026-04-27T23:34:59.751+0000] {logging_mixin.py:188} INFO - [2026-04-27T23:34:59.750+0000] {dag.py:3954} INFO - Setting next_dagrun for dbt_orchestration to 2026-04-27 00:00:00+00:00, run_after=2026-04-28 00:00:00+00:00
[2026-04-27T23:34:59.772+0000] {processor.py:183} INFO - Processing /opt/airflow/dags/retail_dag.py took 0.098 seconds
[2026-04-27T23:35:30.581+0000] {processor.py:161} INFO - Started process (PID=584) to work on /opt/airflow/dags/retail_dag.py
[2026-04-27T23:35:30.582+0000] {processor.py:830} INFO - Processing file /opt/airflow/dags/retail_dag.py for tasks to queue
[2026-04-27T23:35:30.585+0000] {logging_mixin.py:188} INFO - [2026-04-27T23:35:30.584+0000] {dagbag.py:540} INFO - Filling up the DagBag from /opt/airflow/dags/retail_dag.py
[2026-04-27T23:35:30.883+0000] {processor.py:840} INFO - DAG(s) 'dbt_orchestration' retrieved from /opt/airflow/dags/retail_dag.py
[2026-04-27T23:35:30.911+0000] {logging_mixin.py:188} INFO - [2026-04-27T23:35:30.911+0000] {dag.py:3096} INFO - Sync 1 DAGs
[2026-04-27T23:35:30.938+0000] {logging_mixin.py:188} INFO - [2026-04-27T23:35:30.938+0000] {dag.py:3954} INFO - Setting next_dagrun for dbt_orchestration to 2026-04-27 00:00:00+00:00, run_after=2026-04-28 00:00:00+00:00
[2026-04-27T23:35:30.981+0000] {processor.py:183} INFO - Processing /opt/airflow/dags/retail_dag.py took 0.407 seconds
[2026-04-27T23:36:01.273+0000] {processor.py:161} INFO - Started process (PID=643) to work on /opt/airflow/dags/retail_dag.py
[2026-04-27T23:36:01.274+0000] {processor.py:830} INFO - Processing file /opt/airflow/dags/retail_dag.py for tasks to queue
[2026-04-27T23:36:01.277+0000] {logging_mixin.py:188} INFO - [2026-04-27T23:36:01.276+0000] {dagbag.py:540} INFO - Filling up the DagBag from /opt/airflow/dags/retail_dag.py
[2026-04-27T23:36:01.300+0000] {processor.py:840} INFO - DAG(s) 'dbt_orchestration' retrieved from /opt/airflow/dags/retail_dag.py
[2026-04-27T23:36:01.321+0000] {logging_mixin.py:188} INFO - [2026-04-27T23:36:01.321+0000] {dag.py:3096} INFO - Sync 1 DAGs
[2026-04-27T23:36:01.344+0000] {logging_mixin.py:188} INFO - [2026-04-27T23:36:01.344+0000] {dag.py:3954} INFO - Setting next_dagrun for dbt_orchestration to 2026-04-27 00:00:00+00:00, run_after=2026-04-28 00:00:00+00:00
[2026-04-27T23:36:01.454+0000] {processor.py:183} INFO - Processing /opt/airflow/dags/retail_dag.py took 0.188 seconds
[2026-04-27T23:36:32.237+0000] {processor.py:161} INFO - Started process (PID=709) to work on /opt/airflow/dags/retail_dag.py
[2026-04-27T23:36:32.238+0000] {processor.py:830} INFO - Processing file /opt/airflow/dags/retail_dag.py for tasks to queue
[2026-04-27T23:36:32.240+0000] {logging_mixin.py:188} INFO - [2026-04-27T23:36:32.240+0000] {dagbag.py:540} INFO - Filling up the DagBag from /opt/airflow/dags/retail_dag.py
[2026-04-27T23:36:32.266+0000] {processor.py:840} INFO - DAG(s) 'dbt_orchestration' retrieved from /opt/airflow/dags/retail_dag.py
[2026-04-27T23:36:32.288+0000] {logging_mixin.py:188} INFO - [2026-04-27T23:36:32.288+0000] {dag.py:3096} INFO - Sync 1 DAGs
[2026-04-27T23:36:32.311+0000] {logging_mixin.py:188} INFO - [2026-04-27T23:36:32.311+0000] {dag.py:3954} INFO - Setting next_dagrun for dbt_orchestration to 2026-04-27 00:00:00+00:00, run_after=2026-04-28 00:00:00+00:00
[2026-04-27T23:36:32.333+0000] {processor.py:183} INFO - Processing /opt/airflow/dags/retail_dag.py took 0.103 seconds
[2026-04-27T23:37:03.326+0000] {processor.py:161} INFO - Started process (PID=768) to work on /opt/airflow/dags/retail_dag.py
[2026-04-27T23:37:03.328+0000] {processor.py:830} INFO - Processing file /opt/airflow/dags/retail_dag.py for tasks to queue
[2026-04-27T23:37:03.330+0000] {logging_mixin.py:188} INFO - [2026-04-27T23:37:03.330+0000] {dagbag.py:540} INFO - Filling up the DagBag from /opt/airflow/dags/retail_dag.py
[2026-04-27T23:37:03.355+0000] {processor.py:840} INFO - DAG(s) 'dbt_orchestration' retrieved from /opt/airflow/dags/retail_dag.py
[2026-04-27T23:37:03.376+0000] {logging_mixin.py:188} INFO - [2026-04-27T23:37:03.375+0000] {dag.py:3096} INFO - Sync 1 DAGs
[2026-04-27T23:37:03.399+0000] {logging_mixin.py:188} INFO - [2026-04-27T23:37:03.399+0000] {dag.py:3954} INFO - Setting next_dagrun for dbt_orchestration to 2026-04-27 00:00:00+00:00, run_after=2026-04-28 00:00:00+00:00
[2026-04-27T23:37:03.421+0000] {processor.py:183} INFO - Processing /opt/airflow/dags/retail_dag.py took 0.103 seconds
[2026-04-27T23:37:33.746+0000] {processor.py:161} INFO - Started process (PID=827) to work on /opt/airflow/dags/retail_dag.py
[2026-04-27T23:37:33.747+0000] {processor.py:830} INFO - Processing file /opt/airflow/dags/retail_dag.py for tasks to queue
[2026-04-27T23:37:33.750+0000] {logging_mixin.py:188} INFO - [2026-04-27T23:37:33.750+0000] {dagbag.py:540} INFO - Filling up the DagBag from /opt/airflow/dags/retail_dag.py
[2026-04-27T23:37:33.777+0000] {processor.py:840} INFO - DAG(s) 'dbt_orchestration' retrieved from /opt/airflow/dags/retail_dag.py
[2026-04-27T23:37:33.803+0000] {logging_mixin.py:188} INFO - [2026-04-27T23:37:33.803+0000] {dag.py:3096} INFO - Sync 1 DAGs
[2026-04-27T23:37:33.830+0000] {logging_mixin.py:188} INFO - [2026-04-27T23:37:33.829+0000] {dag.py:3954} INFO - Setting next_dagrun for dbt_orchestration to 2026-04-27 00:00:00+00:00, run_after=2026-04-28 00:00:00+00:00
[2026-04-27T23:37:33.981+0000] {processor.py:183} INFO - Processing /opt/airflow/dags/retail_dag.py took 0.243 seconds
[2026-04-27T23:38:04.326+0000] {processor.py:161} INFO - Started process (PID=886) to work on /opt/airflow/dags/retail_dag.py
[2026-04-27T23:38:04.327+0000] {processor.py:830} INFO - Processing file /opt/airflow/dags/retail_dag.py for tasks to queue
[2026-04-27T23:38:04.329+0000] {logging_mixin.py:188} INFO - [2026-04-27T23:38:04.329+0000] {dagbag.py:540} INFO - Filling up the DagBag from /opt/airflow/dags/retail_dag.py
[2026-04-27T23:38:04.702+0000] {processor.py:840} INFO - DAG(s) 'dbt_orchestration' retrieved from /opt/airflow/dags/retail_dag.py
[2026-04-27T23:38:04.726+0000] {logging_mixin.py:188} INFO - [2026-04-27T23:38:04.726+0000] {dag.py:3096} INFO - Sync 1 DAGs
[2026-04-27T23:38:04.754+0000] {logging_mixin.py:188} INFO - [2026-04-27T23:38:04.753+0000] {dag.py:3954} INFO - Setting next_dagrun for dbt_orchestration to 2026-04-27 00:00:00+00:00, run_after=2026-04-28 00:00:00+00:00
[2026-04-27T23:38:04.776+0000] {processor.py:183} INFO - Processing /opt/airflow/dags/retail_dag.py took 0.457 seconds
[2026-04-27T23:38:35.160+0000] {processor.py:161} INFO - Started process (PID=945) to work on /opt/airflow/dags/retail_dag.py
[2026-04-27T23:38:35.162+0000] {processor.py:830} INFO - Processing file /opt/airflow/dags/retail_dag.py for tasks to queue
[2026-04-27T23:38:35.164+0000] {logging_mixin.py:188} INFO - [2026-04-27T23:38:35.164+0000] {dagbag.py:540} INFO - Filling up the DagBag from /opt/airflow/dags/retail_dag.py
[2026-04-27T23:38:35.185+0000] {processor.py:840} INFO - DAG(s) 'dbt_orchestration' retrieved from /opt/airflow/dags/retail_dag.py
[2026-04-27T23:38:35.208+0000] {logging_mixin.py:188} INFO - [2026-04-27T23:38:35.208+0000] {dag.py:3096} INFO - Sync 1 DAGs
[2026-04-27T23:38:35.232+0000] {logging_mixin.py:188} INFO - [2026-04-27T23:38:35.232+0000] {dag.py:3954} INFO - Setting next_dagrun for dbt_orchestration to 2026-04-27 00:00:00+00:00, run_after=2026-04-28 00:00:00+00:00
[2026-04-27T23:38:35.254+0000] {processor.py:183} INFO - Processing /opt/airflow/dags/retail_dag.py took 0.101 seconds
[2026-04-27T23:39:05.778+0000] {processor.py:161} INFO - Started process (PID=1004) to work on /opt/airflow/dags/retail_dag.py
[2026-04-27T23:39:05.779+0000] {processor.py:830} INFO - Processing file /opt/airflow/dags/retail_dag.py for tasks to queue
[2026-04-27T23:39:05.781+0000] {logging_mixin.py:188} INFO - [2026-04-27T23:39:05.781+0000] {dagbag.py:540} INFO - Filling up the DagBag from /opt/airflow/dags/retail_dag.py
[2026-04-27T23:39:05.801+0000] {processor.py:840} INFO - DAG(s) 'dbt_orchestration' retrieved from /opt/airflow/dags/retail_dag.py
[2026-04-27T23:39:05.823+0000] {logging_mixin.py:188} INFO - [2026-04-27T23:39:05.823+0000] {dag.py:3096} INFO - Sync 1 DAGs
[2026-04-27T23:39:05.868+0000] {logging_mixin.py:188} INFO - [2026-04-27T23:39:05.867+0000] {dag.py:3954} INFO - Setting next_dagrun for dbt_orchestration to 2026-04-27 00:00:00+00:00, run_after=2026-04-28 00:00:00+00:00
[2026-04-27T23:39:05.890+0000] {processor.py:183} INFO - Processing /opt/airflow/dags/retail_dag.py took 0.119 seconds
[2026-04-27T23:39:36.604+0000] {processor.py:161} INFO - Started process (PID=1063) to work on /opt/airflow/dags/retail_dag.py
[2026-04-27T23:39:36.605+0000] {processor.py:830} INFO - Processing file /opt/airflow/dags/retail_dag.py for tasks to queue
[2026-04-27T23:39:36.607+0000] {logging_mixin.py:188} INFO - [2026-04-27T23:39:36.607+0000] {dagbag.py:540} INFO - Filling up the DagBag from /opt/airflow/dags/retail_dag.py
[2026-04-27T23:39:36.630+0000] {processor.py:840} INFO - DAG(s) 'dbt_orchestration' retrieved from /opt/airflow/dags/retail_dag.py
[2026-04-27T23:39:36.653+0000] {logging_mixin.py:188} INFO - [2026-04-27T23:39:36.653+0000] {dag.py:3096} INFO - Sync 1 DAGs
[2026-04-27T23:39:36.734+0000] {logging_mixin.py:188} INFO - [2026-04-27T23:39:36.734+0000] {dag.py:3954} INFO - Setting next_dagrun for dbt_orchestration to 2026-04-27 00:00:00+00:00, run_after=2026-04-28 00:00:00+00:00
[2026-04-27T23:39:36.759+0000] {processor.py:183} INFO - Processing /opt/airflow/dags/retail_dag.py took 0.162 seconds
[2026-04-27T23:40:07.325+0000] {processor.py:161} INFO - Started process (PID=1122) to work on /opt/airflow/dags/retail_dag.py
[2026-04-27T23:40:07.327+0000] {processor.py:830} INFO - Processing file /opt/airflow/dags/retail_dag.py for tasks to queue
[2026-04-27T23:40:07.330+0000] {logging_mixin.py:188} INFO - [2026-04-27T23:40:07.330+0000] {dagbag.py:540} INFO - Filling up the DagBag from /opt/airflow/dags/retail_dag.py
[2026-04-27T23:40:07.351+0000] {processor.py:840} INFO - DAG(s) 'dbt_orchestration' retrieved from /opt/airflow/dags/retail_dag.py
[2026-04-27T23:40:07.380+0000] {logging_mixin.py:188} INFO - [2026-04-27T23:40:07.380+0000] {dag.py:3096} INFO - Sync 1 DAGs
[2026-04-27T23:40:07.411+0000] {logging_mixin.py:188} INFO - [2026-04-27T23:40:07.411+0000] {dag.py:3954} INFO - Setting next_dagrun for dbt_orchestration to 2026-04-27 00:00:00+00:00, run_after=2026-04-28 00:00:00+00:00
[2026-04-27T23:40:07.648+0000] {processor.py:183} INFO - Processing /opt/airflow/dags/retail_dag.py took 0.330 seconds
[2026-04-27T23:40:38.174+0000] {processor.py:161} INFO - Started process (PID=1181) to work on /opt/airflow/dags/retail_dag.py
[2026-04-27T23:40:38.175+0000] {processor.py:830} INFO - Processing file /opt/airflow/dags/retail_dag.py for tasks to queue
[2026-04-27T23:40:38.177+0000] {logging_mixin.py:188} INFO - [2026-04-27T23:40:38.177+0000] {dagbag.py:540} INFO - Filling up the DagBag from /opt/airflow/dags/retail_dag.py
[2026-04-27T23:40:38.199+0000] {processor.py:840} INFO - DAG(s) 'dbt_orchestration' retrieved from /opt/airflow/dags/retail_dag.py
[2026-04-27T23:40:38.223+0000] {logging_mixin.py:188} INFO - [2026-04-27T23:40:38.223+0000] {dag.py:3096} INFO - Sync 1 DAGs
[2026-04-27T23:40:38.248+0000] {logging_mixin.py:188} INFO - [2026-04-27T23:40:38.248+0000] {dag.py:3954} INFO - Setting next_dagrun for dbt_orchestration to 2026-04-27 00:00:00+00:00, run_after=2026-04-28 00:00:00+00:00
[2026-04-27T23:40:38.271+0000] {processor.py:183} INFO - Processing /opt/airflow/dags/retail_dag.py took 0.103 seconds
[2026-04-27T23:41:08.571+0000] {processor.py:161} INFO - Started process (PID=1240) to work on /opt/airflow/dags/retail_dag.py
[2026-04-27T23:41:08.572+0000] {processor.py:830} INFO - Processing file /opt/airflow/dags/retail_dag.py for tasks to queue
[2026-04-27T23:41:08.575+0000] {logging_mixin.py:188} INFO - [2026-04-27T23:41:08.574+0000] {dagbag.py:540} INFO - Filling up the DagBag from /opt/airflow/dags/retail_dag.py
[2026-04-27T23:41:08.596+0000] {processor.py:840} INFO - DAG(s) 'dbt_orchestration' retrieved from /opt/airflow/dags/retail_dag.py
[2026-04-27T23:41:08.619+0000] {logging_mixin.py:188} INFO - [2026-04-27T23:41:08.619+0000] {dag.py:3096} INFO - Sync 1 DAGs
[2026-04-27T23:41:08.644+0000] {logging_mixin.py:188} INFO - [2026-04-27T23:41:08.643+0000] {dag.py:3954} INFO - Setting next_dagrun for dbt_orchestration to 2026-04-27 00:00:00+00:00, run_after=2026-04-28 00:00:00+00:00
[2026-04-27T23:41:08.666+0000] {processor.py:183} INFO - Processing /opt/airflow/dags/retail_dag.py took 0.101 seconds
[2026-04-27T23:41:38.995+0000] {processor.py:161} INFO - Started process (PID=1299) to work on /opt/airflow/dags/retail_dag.py
[2026-04-27T23:41:38.996+0000] {processor.py:830} INFO - Processing file /opt/airflow/dags/retail_dag.py for tasks to queue
[2026-04-27T23:41:38.998+0000] {logging_mixin.py:188} INFO - [2026-04-27T23:41:38.998+0000] {dagbag.py:540} INFO - Filling up the DagBag from /opt/airflow/dags/retail_dag.py
[2026-04-27T23:41:39.022+0000] {processor.py:840} INFO - DAG(s) 'dbt_orchestration' retrieved from /opt/airflow/dags/retail_dag.py
[2026-04-27T23:41:39.212+0000] {logging_mixin.py:188} INFO - [2026-04-27T23:41:39.212+0000] {dag.py:3096} INFO - Sync 1 DAGs
[2026-04-27T23:41:39.299+0000] {logging_mixin.py:188} INFO - [2026-04-27T23:41:39.299+0000] {dag.py:3954} INFO - Setting next_dagrun for dbt_orchestration to 2026-04-27 00:00:00+00:00, run_after=2026-04-28 00:00:00+00:00
[2026-04-27T23:41:39.380+0000] {processor.py:183} INFO - Processing /opt/airflow/dags/retail_dag.py took 0.392 seconds
[2026-04-27T23:42:09.685+0000] {processor.py:161} INFO - Started process (PID=1358) to work on /opt/airflow/dags/retail_dag.py
[2026-04-27T23:42:09.687+0000] {processor.py:830} INFO - Processing file /opt/airflow/dags/retail_dag.py for tasks to queue
[2026-04-27T23:42:09.689+0000] {logging_mixin.py:188} INFO - [2026-04-27T23:42:09.689+0000] {dagbag.py:540} INFO - Filling up the DagBag from /opt/airflow/dags/retail_dag.py
[2026-04-27T23:42:09.716+0000] {processor.py:840} INFO - DAG(s) 'dbt_orchestration' retrieved from /opt/airflow/dags/retail_dag.py
[2026-04-27T23:42:09.739+0000] {logging_mixin.py:188} INFO - [2026-04-27T23:42:09.739+0000] {dag.py:3096} INFO - Sync 1 DAGs
[2026-04-27T23:42:09.769+0000] {logging_mixin.py:188} INFO - [2026-04-27T23:42:09.768+0000] {dag.py:3954} INFO - Setting next_dagrun for dbt_orchestration to 2026-04-27 00:00:00+00:00, run_after=2026-04-28 00:00:00+00:00
[2026-04-27T23:42:09.957+0000] {processor.py:183} INFO - Processing /opt/airflow/dags/retail_dag.py took 0.278 seconds
[2026-04-27T23:42:40.180+0000] {processor.py:161} INFO - Started process (PID=1418) to work on /opt/airflow/dags/retail_dag.py
[2026-04-27T23:42:40.181+0000] {processor.py:830} INFO - Processing file /opt/airflow/dags/retail_dag.py for tasks to queue
[2026-04-27T23:42:40.185+0000] {logging_mixin.py:188} INFO - [2026-04-27T23:42:40.184+0000] {dagbag.py:540} INFO - Filling up the DagBag from /opt/airflow/dags/retail_dag.py
[2026-04-27T23:42:40.221+0000] {processor.py:840} INFO - DAG(s) 'dbt_orchestration' retrieved from /opt/airflow/dags/retail_dag.py
[2026-04-27T23:42:40.246+0000] {logging_mixin.py:188} INFO - [2026-04-27T23:42:40.246+0000] {dag.py:3096} INFO - Sync 1 DAGs
[2026-04-27T23:42:40.276+0000] {logging_mixin.py:188} INFO - [2026-04-27T23:42:40.276+0000] {dag.py:3954} INFO - Setting next_dagrun for dbt_orchestration to 2026-04-27 00:00:00+00:00, run_after=2026-04-28 00:00:00+00:00
[2026-04-27T23:42:40.844+0000] {processor.py:183} INFO - Processing /opt/airflow/dags/retail_dag.py took 0.671 seconds
[2026-04-27T23:43:11.278+0000] {processor.py:161} INFO - Started process (PID=1476) to work on /opt/airflow/dags/retail_dag.py
[2026-04-27T23:43:11.280+0000] {processor.py:830} INFO - Processing file /opt/airflow/dags/retail_dag.py for tasks to queue
[2026-04-27T23:43:11.282+0000] {logging_mixin.py:188} INFO - [2026-04-27T23:43:11.282+0000] {dagbag.py:540} INFO - Filling up the DagBag from /opt/airflow/dags/retail_dag.py
[2026-04-27T23:43:11.310+0000] {processor.py:840} INFO - DAG(s) 'dbt_orchestration' retrieved from /opt/airflow/dags/retail_dag.py
[2026-04-27T23:43:11.333+0000] {logging_mixin.py:188} INFO - [2026-04-27T23:43:11.333+0000] {dag.py:3096} INFO - Sync 1 DAGs
[2026-04-27T23:43:11.369+0000] {logging_mixin.py:188} INFO - [2026-04-27T23:43:11.368+0000] {dag.py:3954} INFO - Setting next_dagrun for dbt_orchestration to 2026-04-27 00:00:00+00:00, run_after=2026-04-28 00:00:00+00:00
[2026-04-27T23:43:11.393+0000] {processor.py:183} INFO - Processing /opt/airflow/dags/retail_dag.py took 0.121 seconds
[2026-04-27T23:43:41.684+0000] {processor.py:161} INFO - Started process (PID=1535) to work on /opt/airflow/dags/retail_dag.py
[2026-04-27T23:43:41.686+0000] {processor.py:830} INFO - Processing file /opt/airflow/dags/retail_dag.py for tasks to queue
[2026-04-27T23:43:41.688+0000] {logging_mixin.py:188} INFO - [2026-04-27T23:43:41.688+0000] {dagbag.py:540} INFO - Filling up the DagBag from /opt/airflow/dags/retail_dag.py
[2026-04-27T23:43:41.710+0000] {processor.py:840} INFO - DAG(s) 'dbt_orchestration' retrieved from /opt/airflow/dags/retail_dag.py
[2026-04-27T23:43:41.733+0000] {logging_mixin.py:188} INFO - [2026-04-27T23:43:41.733+0000] {dag.py:3096} INFO - Sync 1 DAGs
[2026-04-27T23:43:41.760+0000] {logging_mixin.py:188} INFO - [2026-04-27T23:43:41.759+0000] {dag.py:3954} INFO - Setting next_dagrun for dbt_orchestration to 2026-04-27 00:00:00+00:00, run_after=2026-04-28 00:00:00+00:00
[2026-04-27T23:43:41.791+0000] {processor.py:183} INFO - Processing /opt/airflow/dags/retail_dag.py took 0.115 seconds
[2026-04-27T23:44:11.901+0000] {processor.py:161} INFO - Started process (PID=1594) to work on /opt/airflow/dags/retail_dag.py
[2026-04-27T23:44:12.783+0000] {processor.py:830} INFO - Processing file /opt/airflow/dags/retail_dag.py for tasks to queue
[2026-04-27T23:44:12.787+0000] {logging_mixin.py:188} INFO - [2026-04-27T23:44:12.787+0000] {dagbag.py:540} INFO - Filling up the DagBag from /opt/airflow/dags/retail_dag.py
[2026-04-27T23:44:12.811+0000] {processor.py:840} INFO - DAG(s) 'dbt_orchestration' retrieved from /opt/airflow/dags/retail_dag.py
[2026-04-27T23:44:12.838+0000] {logging_mixin.py:188} INFO - [2026-04-27T23:44:12.838+0000] {dag.py:3096} INFO - Sync 1 DAGs
[2026-04-27T23:44:12.867+0000] {logging_mixin.py:188} INFO - [2026-04-27T23:44:12.867+0000] {dag.py:3954} INFO - Setting next_dagrun for dbt_orchestration to 2026-04-27 00:00:00+00:00, run_after=2026-04-28 00:00:00+00:00
[2026-04-27T23:44:12.892+0000] {processor.py:183} INFO - Processing /opt/airflow/dags/retail_dag.py took 1.003 seconds
[2026-04-27T23:44:43.667+0000] {processor.py:161} INFO - Started process (PID=1653) to work on /opt/airflow/dags/retail_dag.py
[2026-04-27T23:44:43.669+0000] {processor.py:830} INFO - Processing file /opt/airflow/dags/retail_dag.py for tasks to queue
[2026-04-27T23:44:43.671+0000] {logging_mixin.py:188} INFO - [2026-04-27T23:44:43.671+0000] {dagbag.py:540} INFO - Filling up the DagBag from /opt/airflow/dags/retail_dag.py
[2026-04-27T23:44:43.696+0000] {processor.py:840} INFO - DAG(s) 'dbt_orchestration' retrieved from /opt/airflow/dags/retail_dag.py
[2026-04-27T23:44:43.719+0000] {logging_mixin.py:188} INFO - [2026-04-27T23:44:43.718+0000] {dag.py:3096} INFO - Sync 1 DAGs
[2026-04-27T23:44:43.749+0000] {logging_mixin.py:188} INFO - [2026-04-27T23:44:43.749+0000] {dag.py:3954} INFO - Setting next_dagrun for dbt_orchestration to 2026-04-27 00:00:00+00:00, run_after=2026-04-28 00:00:00+00:00
[2026-04-27T23:44:43.773+0000] {processor.py:183} INFO - Processing /opt/airflow/dags/retail_dag.py took 0.114 seconds
[2026-04-27T23:45:13.953+0000] {processor.py:161} INFO - Started process (PID=1712) to work on /opt/airflow/dags/retail_dag.py
[2026-04-27T23:45:13.955+0000] {processor.py:830} INFO - Processing file /opt/airflow/dags/retail_dag.py for tasks to queue
[2026-04-27T23:45:13.957+0000] {logging_mixin.py:188} INFO - [2026-04-27T23:45:13.957+0000] {dagbag.py:540} INFO - Filling up the DagBag from /opt/airflow/dags/retail_dag.py
[2026-04-27T23:45:13.981+0000] {processor.py:840} INFO - DAG(s) 'dbt_orchestration' retrieved from /opt/airflow/dags/retail_dag.py
[2026-04-27T23:45:14.018+0000] {logging_mixin.py:188} INFO - [2026-04-27T23:45:14.017+0000] {dag.py:3096} INFO - Sync 1 DAGs
[2026-04-27T23:45:14.064+0000] {logging_mixin.py:188} INFO - [2026-04-27T23:45:14.064+0000] {dag.py:3954} INFO - Setting next_dagrun for dbt_orchestration to 2026-04-27 00:00:00+00:00, run_after=2026-04-28 00:00:00+00:00
[2026-04-27T23:45:14.096+0000] {processor.py:183} INFO - Processing /opt/airflow/dags/retail_dag.py took 0.153 seconds
[2026-04-27T23:45:44.980+0000] {processor.py:161} INFO - Started process (PID=1771) to work on /opt/airflow/dags/retail_dag.py
[2026-04-27T23:45:44.982+0000] {processor.py:830} INFO - Processing file /opt/airflow/dags/retail_dag.py for tasks to queue
[2026-04-27T23:45:44.987+0000] {logging_mixin.py:188} INFO - [2026-04-27T23:45:44.987+0000] {dagbag.py:540} INFO - Filling up the DagBag from /opt/airflow/dags/retail_dag.py
[2026-04-27T23:45:45.040+0000] {processor.py:840} INFO - DAG(s) 'dbt_orchestration' retrieved from /opt/airflow/dags/retail_dag.py
[2026-04-27T23:45:45.065+0000] {logging_mixin.py:188} INFO - [2026-04-27T23:45:45.065+0000] {dag.py:3096} INFO - Sync 1 DAGs
[2026-04-27T23:45:45.092+0000] {logging_mixin.py:188} INFO - [2026-04-27T23:45:45.092+0000] {dag.py:3954} INFO - Setting next_dagrun for dbt_orchestration to 2026-04-27 00:00:00+00:00, run_after=2026-04-28 00:00:00+00:00
[2026-04-27T23:45:45.119+0000] {processor.py:183} INFO - Processing /opt/airflow/dags/retail_dag.py took 0.149 seconds
[2026-04-27T23:46:15.430+0000] {processor.py:161} INFO - Started process (PID=1830) to work on /opt/airflow/dags/retail_dag.py
[2026-04-27T23:46:15.431+0000] {processor.py:830} INFO - Processing file /opt/airflow/dags/retail_dag.py for tasks to queue
[2026-04-27T23:46:15.434+0000] {logging_mixin.py:188} INFO - [2026-04-27T23:46:15.433+0000] {dagbag.py:540} INFO - Filling up the DagBag from /opt/airflow/dags/retail_dag.py
[2026-04-27T23:46:15.454+0000] {processor.py:840} INFO - DAG(s) 'dbt_orchestration' retrieved from /opt/airflow/dags/retail_dag.py
[2026-04-27T23:46:15.484+0000] {logging_mixin.py:188} INFO - [2026-04-27T23:46:15.484+0000] {dag.py:3096} INFO - Sync 1 DAGs
[2026-04-27T23:46:15.533+0000] {logging_mixin.py:188} INFO - [2026-04-27T23:46:15.532+0000] {dag.py:3954} INFO - Setting next_dagrun for dbt_orchestration to 2026-04-27 00:00:00+00:00, run_after=2026-04-28 00:00:00+00:00
[2026-04-27T23:46:15.594+0000] {processor.py:183} INFO - Processing /opt/airflow/dags/retail_dag.py took 0.180 seconds
[2026-04-27T23:46:46.207+0000] {processor.py:161} INFO - Started process (PID=1889) to work on /opt/airflow/dags/retail_dag.py
[2026-04-27T23:46:46.209+0000] {processor.py:830} INFO - Processing file /opt/airflow/dags/retail_dag.py for tasks to queue
[2026-04-27T23:46:46.212+0000] {logging_mixin.py:188} INFO - [2026-04-27T23:46:46.212+0000] {dagbag.py:540} INFO - Filling up the DagBag from /opt/airflow/dags/retail_dag.py
[2026-04-27T23:46:46.235+0000] {processor.py:840} INFO - DAG(s) 'dbt_orchestration' retrieved from /opt/airflow/dags/retail_dag.py
[2026-04-27T23:46:46.260+0000] {logging_mixin.py:188} INFO - [2026-04-27T23:46:46.259+0000] {dag.py:3096} INFO - Sync 1 DAGs
[2026-04-27T23:46:46.291+0000] {logging_mixin.py:188} INFO - [2026-04-27T23:46:46.290+0000] {dag.py:3954} INFO - Setting next_dagrun for dbt_orchestration to 2026-04-27 00:00:00+00:00, run_after=2026-04-28 00:00:00+00:00
[2026-04-27T23:46:46.340+0000] {processor.py:183} INFO - Processing /opt/airflow/dags/retail_dag.py took 0.144 seconds
[2026-04-27T23:47:16.522+0000] {processor.py:161} INFO - Started process (PID=1948) to work on /opt/airflow/dags/retail_dag.py
[2026-04-27T23:47:16.524+0000] {processor.py:830} INFO - Processing file /opt/airflow/dags/retail_dag.py for tasks to queue
[2026-04-27T23:47:16.528+0000] {logging_mixin.py:188} INFO - [2026-04-27T23:47:16.527+0000] {dagbag.py:540} INFO - Filling up the DagBag from /opt/airflow/dags/retail_dag.py
[2026-04-27T23:47:16.562+0000] {processor.py:840} INFO - DAG(s) 'dbt_orchestration' retrieved from /opt/airflow/dags/retail_dag.py
[2026-04-27T23:47:16.586+0000] {logging_mixin.py:188} INFO - [2026-04-27T23:47:16.586+0000] {dag.py:3096} INFO - Sync 1 DAGs
[2026-04-27T23:47:16.617+0000] {logging_mixin.py:188} INFO - [2026-04-27T23:47:16.617+0000] {dag.py:3954} INFO - Setting next_dagrun for dbt_orchestration to 2026-04-27 00:00:00+00:00, run_after=2026-04-28 00:00:00+00:00
[2026-04-27T23:47:16.647+0000] {processor.py:183} INFO - Processing /opt/airflow/dags/retail_dag.py took 0.135 seconds
[2026-04-27T23:47:47.434+0000] {processor.py:161} INFO - Started process (PID=2007) to work on /opt/airflow/dags/retail_dag.py
[2026-04-27T23:47:47.436+0000] {processor.py:830} INFO - Processing file /opt/airflow/dags/retail_dag.py for tasks to queue
[2026-04-27T23:47:47.438+0000] {logging_mixin.py:188} INFO - [2026-04-27T23:47:47.438+0000] {dagbag.py:540} INFO - Filling up the DagBag from /opt/airflow/dags/retail_dag.py
[2026-04-27T23:47:47.460+0000] {processor.py:840} INFO - DAG(s) 'dbt_orchestration' retrieved from /opt/airflow/dags/retail_dag.py
[2026-04-27T23:47:47.494+0000] {logging_mixin.py:188} INFO - [2026-04-27T23:47:47.493+0000] {dag.py:3096} INFO - Sync 1 DAGs
[2026-04-27T23:47:47.539+0000] {logging_mixin.py:188} INFO - [2026-04-27T23:47:47.539+0000] {dag.py:3954} INFO - Setting next_dagrun for dbt_orchestration to 2026-04-27 00:00:00+00:00, run_after=2026-04-28 00:00:00+00:00
[2026-04-27T23:47:47.584+0000] {processor.py:183} INFO - Processing /opt/airflow/dags/retail_dag.py took 0.157 seconds
[2026-04-27T23:48:18.049+0000] {processor.py:161} INFO - Started process (PID=2066) to work on /opt/airflow/dags/retail_dag.py
[2026-04-27T23:48:18.050+0000] {processor.py:830} INFO - Processing file /opt/airflow/dags/retail_dag.py for tasks to queue
[2026-04-27T23:48:18.053+0000] {logging_mixin.py:188} INFO - [2026-04-27T23:48:18.052+0000] {dagbag.py:540} INFO - Filling up the DagBag from /opt/airflow/dags/retail_dag.py
[2026-04-27T23:48:18.073+0000] {processor.py:840} INFO - DAG(s) 'dbt_orchestration' retrieved from /opt/airflow/dags/retail_dag.py
[2026-04-27T23:48:18.096+0000] {logging_mixin.py:188} INFO - [2026-04-27T23:48:18.096+0000] {dag.py:3096} INFO - Sync 1 DAGs
[2026-04-27T23:48:18.124+0000] {logging_mixin.py:188} INFO - [2026-04-27T23:48:18.124+0000] {dag.py:3954} INFO - Setting next_dagrun for dbt_orchestration to 2026-04-27 00:00:00+00:00, run_after=2026-04-28 00:00:00+00:00
[2026-04-27T23:48:18.150+0000] {processor.py:183} INFO - Processing /opt/airflow/dags/retail_dag.py took 0.108 seconds
[2026-04-27T23:48:48.289+0000] {processor.py:161} INFO - Started process (PID=2125) to work on /opt/airflow/dags/retail_dag.py
[2026-04-27T23:48:48.290+0000] {processor.py:830} INFO - Processing file /opt/airflow/dags/retail_dag.py for tasks to queue
[2026-04-27T23:48:48.293+0000] {logging_mixin.py:188} INFO - [2026-04-27T23:48:48.292+0000] {dagbag.py:540} INFO - Filling up the DagBag from /opt/airflow/dags/retail_dag.py
[2026-04-27T23:48:48.315+0000] {processor.py:840} INFO - DAG(s) 'dbt_orchestration' retrieved from /opt/airflow/dags/retail_dag.py
[2026-04-27T23:48:48.357+0000] {logging_mixin.py:188} INFO - [2026-04-27T23:48:48.357+0000] {dag.py:3096} INFO - Sync 1 DAGs
[2026-04-27T23:48:48.411+0000] {logging_mixin.py:188} INFO - [2026-04-27T23:48:48.410+0000] {dag.py:3954} INFO - Setting next_dagrun for dbt_orchestration to 2026-04-27 00:00:00+00:00, run_after=2026-04-28 00:00:00+00:00
[2026-04-27T23:48:48.473+0000] {processor.py:183} INFO - Processing /opt/airflow/dags/retail_dag.py took 0.192 seconds
[2026-04-27T23:49:19.323+0000] {processor.py:161} INFO - Started process (PID=2184) to work on /opt/airflow/dags/retail_dag.py
[2026-04-27T23:49:19.324+0000] {processor.py:830} INFO - Processing file /opt/airflow/dags/retail_dag.py for tasks to queue
[2026-04-27T23:49:19.327+0000] {logging_mixin.py:188} INFO - [2026-04-27T23:49:19.327+0000] {dagbag.py:540} INFO - Filling up the DagBag from /opt/airflow/dags/retail_dag.py
[2026-04-27T23:49:19.350+0000] {processor.py:840} INFO - DAG(s) 'dbt_orchestration' retrieved from /opt/airflow/dags/retail_dag.py
[2026-04-27T23:49:19.370+0000] {logging_mixin.py:188} INFO - [2026-04-27T23:49:19.370+0000] {dag.py:3096} INFO - Sync 1 DAGs
[2026-04-27T23:49:19.396+0000] {logging_mixin.py:188} INFO - [2026-04-27T23:49:19.395+0000] {dag.py:3954} INFO - Setting next_dagrun for dbt_orchestration to 2026-04-27 00:00:00+00:00, run_after=2026-04-28 00:00:00+00:00
[2026-04-27T23:49:19.417+0000] {processor.py:183} INFO - Processing /opt/airflow/dags/retail_dag.py took 0.100 seconds
[2026-04-27T23:49:49.884+0000] {processor.py:161} INFO - Started process (PID=2243) to work on /opt/airflow/dags/retail_dag.py
[2026-04-27T23:49:49.885+0000] {processor.py:830} INFO - Processing file /opt/airflow/dags/retail_dag.py for tasks to queue
[2026-04-27T23:49:49.888+0000] {logging_mixin.py:188} INFO - [2026-04-27T23:49:49.888+0000] {dagbag.py:540} INFO - Filling up the DagBag from /opt/airflow/dags/retail_dag.py
[2026-04-27T23:49:49.910+0000] {processor.py:840} INFO - DAG(s) 'dbt_orchestration' retrieved from /opt/airflow/dags/retail_dag.py
[2026-04-27T23:49:49.936+0000] {logging_mixin.py:188} INFO - [2026-04-27T23:49:49.936+0000] {dag.py:3096} INFO - Sync 1 DAGs
[2026-04-27T23:49:49.963+0000] {logging_mixin.py:188} INFO - [2026-04-27T23:49:49.963+0000] {dag.py:3954} INFO - Setting next_dagrun for dbt_orchestration to 2026-04-27 00:00:00+00:00, run_after=2026-04-28 00:00:00+00:00
[2026-04-27T23:49:49.988+0000] {processor.py:183} INFO - Processing /opt/airflow/dags/retail_dag.py took 0.112 seconds
[2026-04-27T23:50:20.592+0000] {processor.py:161} INFO - Started process (PID=2302) to work on /opt/airflow/dags/retail_dag.py
[2026-04-27T23:50:20.594+0000] {processor.py:830} INFO - Processing file /opt/airflow/dags/retail_dag.py for tasks to queue
[2026-04-27T23:50:20.596+0000] {logging_mixin.py:188} INFO - [2026-04-27T23:50:20.596+0000] {dagbag.py:540} INFO - Filling up the DagBag from /opt/airflow/dags/retail_dag.py
[2026-04-27T23:50:20.618+0000] {processor.py:840} INFO - DAG(s) 'dbt_orchestration' retrieved from /opt/airflow/dags/retail_dag.py
[2026-04-27T23:50:20.650+0000] {logging_mixin.py:188} INFO - [2026-04-27T23:50:20.649+0000] {dag.py:3096} INFO - Sync 1 DAGs
[2026-04-27T23:50:20.679+0000] {logging_mixin.py:188} INFO - [2026-04-27T23:50:20.679+0000] {dag.py:3954} INFO - Setting next_dagrun for dbt_orchestration to 2026-04-27 00:00:00+00:00, run_after=2026-04-28 00:00:00+00:00
[2026-04-27T23:50:20.702+0000] {processor.py:183} INFO - Processing /opt/airflow/dags/retail_dag.py took 0.118 seconds
[2026-04-27T23:58:25.599+0000] {processor.py:161} INFO - Started process (PID=70) to work on /opt/airflow/dags/retail_dag.py
[2026-04-27T23:58:25.610+0000] {processor.py:830} INFO - Processing file /opt/airflow/dags/retail_dag.py for tasks to queue
[2026-04-27T23:58:25.613+0000] {logging_mixin.py:188} INFO - [2026-04-27T23:58:25.613+0000] {dagbag.py:540} INFO - Filling up the DagBag from /opt/airflow/dags/retail_dag.py
[2026-04-27T23:58:25.768+0000] {processor.py:840} INFO - DAG(s) 'dbt_orchestration' retrieved from /opt/airflow/dags/retail_dag.py
[2026-04-27T23:58:27.141+0000] {logging_mixin.py:188} INFO - [2026-04-27T23:58:27.140+0000] {dag.py:3096} INFO - Sync 1 DAGs
[2026-04-27T23:58:27.163+0000] {logging_mixin.py:188} INFO - [2026-04-27T23:58:27.163+0000] {dag.py:3954} INFO - Setting next_dagrun for dbt_orchestration to 2026-04-27 00:00:00+00:00, run_after=2026-04-28 00:00:00+00:00
[2026-04-27T23:58:27.187+0000] {processor.py:183} INFO - Processing /opt/airflow/dags/retail_dag.py took 1.596 seconds
[2026-04-27T23:59:38.723+0000] {processor.py:161} INFO - Started process (PID=64) to work on /opt/airflow/dags/retail_dag.py
[2026-04-27T23:59:38.751+0000] {processor.py:830} INFO - Processing file /opt/airflow/dags/retail_dag.py for tasks to queue
[2026-04-27T23:59:38.754+0000] {logging_mixin.py:188} INFO - [2026-04-27T23:59:38.754+0000] {dagbag.py:540} INFO - Filling up the DagBag from /opt/airflow/dags/retail_dag.py
[2026-04-27T23:59:38.786+0000] {processor.py:840} INFO - DAG(s) 'dbt_orchestration' retrieved from /opt/airflow/dags/retail_dag.py
[2026-04-27T23:59:38.840+0000] {logging_mixin.py:188} INFO - [2026-04-27T23:59:38.840+0000] {dag.py:3096} INFO - Sync 1 DAGs
[2026-04-27T23:59:38.866+0000] {logging_mixin.py:188} INFO - [2026-04-27T23:59:38.866+0000] {dag.py:3954} INFO - Setting next_dagrun for dbt_orchestration to 2026-04-27 00:00:00+00:00, run_after=2026-04-28 00:00:00+00:00
[2026-04-27T23:59:39.455+0000] {processor.py:183} INFO - Processing /opt/airflow/dags/retail_dag.py took 0.739 seconds
