[2026-05-01T19:59:29.779+0000] {local_task_job_runner.py:120} INFO - ::group::Pre task execution logs
[2026-05-01T19:59:29.814+0000] {taskinstance.py:2073} INFO - Dependencies all met for dep_context=non-requeueable deps ti=<TaskInstance: dbt_orchestration.dbt_debug manual__2026-05-01T19:59:26.232922+00:00 [queued]>
[2026-05-01T19:59:29.822+0000] {taskinstance.py:2073} INFO - Dependencies all met for dep_context=requeueable deps ti=<TaskInstance: dbt_orchestration.dbt_debug manual__2026-05-01T19:59:26.232922+00:00 [queued]>
[2026-05-01T19:59:29.822+0000] {taskinstance.py:2303} INFO - Starting attempt 1 of 1
[2026-05-01T19:59:30.648+0000] {taskinstance.py:2327} INFO - Executing <Task(BashOperator): dbt_debug> on 2026-05-01 19:59:26.232922+00:00
[2026-05-01T19:59:30.657+0000] {standard_task_runner.py:90} INFO - Running: ['***', 'tasks', 'run', 'dbt_orchestration', 'dbt_debug', 'manual__2026-05-01T19:59:26.232922+00:00', '--job-id', '3', '--raw', '--subdir', 'DAGS_FOLDER/retail_dag.py', '--cfg-path', '/tmp/tmpfx1ulcgb']
[2026-05-01T19:59:30.660+0000] {logging_mixin.py:188} WARNING - /home/***/.local/lib/python3.12/site-packages/***/task/task_runner/standard_task_runner.py:61 DeprecationWarning: This process (pid=879) is multi-threaded, use of fork() may lead to deadlocks in the child.
[2026-05-01T19:59:30.661+0000] {standard_task_runner.py:91} INFO - Job 3: Subtask dbt_debug
[2026-05-01T19:59:30.661+0000] {standard_task_runner.py:63} INFO - Started process 922 to run task
[2026-05-01T19:59:34.496+0000] {task_command.py:426} INFO - Running <TaskInstance: dbt_orchestration.dbt_debug manual__2026-05-01T19:59:26.232922+00:00 [running]> on host 2cc3e406ff1e
[2026-05-01T19:59:34.587+0000] {taskinstance.py:2644} INFO - Exporting env vars: AIRFLOW_CTX_DAG_OWNER='***' AIRFLOW_CTX_DAG_ID='dbt_orchestration' AIRFLOW_CTX_TASK_ID='dbt_debug' AIRFLOW_CTX_EXECUTION_DATE='2026-05-01T19:59:26.232922+00:00' AIRFLOW_CTX_TRY_NUMBER='1' AIRFLOW_CTX_DAG_RUN_ID='manual__2026-05-01T19:59:26.232922+00:00'
[2026-05-01T19:59:34.589+0000] {taskinstance.py:430} INFO - ::endgroup::
[2026-05-01T19:59:34.590+0000] {subprocess.py:63} INFO - Tmp dir root location: /tmp
[2026-05-01T19:59:34.591+0000] {subprocess.py:75} INFO - Running command: ['/usr/bin/bash', '-c', '\n        cd /opt/***/dbt_project &&         dbt debug --profiles-dir /opt/***/dbt_project\n        ']
[2026-05-01T19:59:34.603+0000] {subprocess.py:86} INFO - Output:
[2026-05-01T19:59:43.098+0000] {subprocess.py:93} INFO - [0m19:59:43  Running with dbt=1.7.14
[2026-05-01T19:59:43.104+0000] {subprocess.py:93} INFO - [0m19:59:43  dbt version: 1.7.14
[2026-05-01T19:59:43.106+0000] {subprocess.py:93} INFO - [0m19:59:43  python version: 3.12.2
[2026-05-01T19:59:43.108+0000] {subprocess.py:93} INFO - [0m19:59:43  python path: /home/***/.local/bin/python
[2026-05-01T19:59:43.110+0000] {subprocess.py:93} INFO - [0m19:59:43  os info: Linux-6.6.87.1-microsoft-standard-WSL2-x86_64-with-glibc2.36
[2026-05-01T19:59:43.128+0000] {subprocess.py:93} INFO - [0m19:59:43  Using profiles dir at /opt/***/dbt_project
[2026-05-01T19:59:43.130+0000] {subprocess.py:93} INFO - [0m19:59:43  Using profiles.yml file at /opt/***/dbt_project/profiles.yml
[2026-05-01T19:59:43.132+0000] {subprocess.py:93} INFO - [0m19:59:43  Using dbt_project.yml file at /opt/***/dbt_project/dbt_project.yml
[2026-05-01T19:59:43.234+0000] {subprocess.py:93} INFO - [0m19:59:43  Configuration:
[2026-05-01T19:59:43.235+0000] {subprocess.py:93} INFO - [0m19:59:43    profiles.yml file [[31mERROR invalid[0m]
[2026-05-01T19:59:43.236+0000] {subprocess.py:93} INFO - [0m19:59:43    dbt_project.yml file [[32mOK found and valid[0m]
[2026-05-01T19:59:43.238+0000] {subprocess.py:93} INFO - [0m19:59:43  Required dependencies:
[2026-05-01T19:59:43.249+0000] {subprocess.py:93} INFO - [0m19:59:43   - git [[31mERROR[0m]
[2026-05-01T19:59:43.250+0000] {subprocess.py:93} INFO - 
[2026-05-01T19:59:43.250+0000] {subprocess.py:93} INFO - [0m19:59:43  Connection test skipped since no profile was found
[2026-05-01T19:59:43.252+0000] {subprocess.py:93} INFO - [0m19:59:43  [31m2 checks failed:[0m
[2026-05-01T19:59:43.253+0000] {subprocess.py:93} INFO - [0m19:59:43  Profile loading failed for the following reason:
[2026-05-01T19:59:43.254+0000] {subprocess.py:93} INFO - Runtime Error
[2026-05-01T19:59:43.254+0000] {subprocess.py:93} INFO -   Could not find profile named 'dbt_project'
[2026-05-01T19:59:43.255+0000] {subprocess.py:93} INFO - 
[2026-05-01T19:59:43.255+0000] {subprocess.py:93} INFO - 
[2026-05-01T19:59:43.256+0000] {subprocess.py:93} INFO - [0m19:59:43  Error from git --help: User does not have permissions for this command: "git"
[2026-05-01T19:59:43.256+0000] {subprocess.py:93} INFO - 
[2026-05-01T19:59:44.896+0000] {subprocess.py:97} INFO - Command exited with return code 1
[2026-05-01T19:59:44.898+0000] {taskinstance.py:441} INFO - ::group::Post task execution logs
[2026-05-01T19:59:44.908+0000] {taskinstance.py:2890} ERROR - Task failed with exception
Traceback (most recent call last):
  File "/home/airflow/.local/lib/python3.12/site-packages/airflow/models/taskinstance.py", line 465, in _execute_task
    result = _execute_callable(context=context, **execute_callable_kwargs)
             ^^^^^^^^^^^^^^^^^^^^^^^^^^^^^^^^^^^^^^^^^^^^^^^^^^^^^^^^^^^^^
  File "/home/airflow/.local/lib/python3.12/site-packages/airflow/models/taskinstance.py", line 432, in _execute_callable
    return execute_callable(context=context, **execute_callable_kwargs)
           ^^^^^^^^^^^^^^^^^^^^^^^^^^^^^^^^^^^^^^^^^^^^^^^^^^^^^^^^^^^^
  File "/home/airflow/.local/lib/python3.12/site-packages/airflow/models/baseoperator.py", line 400, in wrapper
    return func(self, *args, **kwargs)
           ^^^^^^^^^^^^^^^^^^^^^^^^^^^
  File "/home/airflow/.local/lib/python3.12/site-packages/airflow/operators/bash.py", line 243, in execute
    raise AirflowException(
airflow.exceptions.AirflowException: Bash command failed. The command returned a non-zero exit code 1.
[2026-05-01T19:59:44.914+0000] {taskinstance.py:1205} INFO - Marking task as FAILED. dag_id=dbt_orchestration, task_id=dbt_debug, execution_date=20260501T195926, start_date=20260501T195929, end_date=20260501T195944
[2026-05-01T19:59:44.927+0000] {standard_task_runner.py:110} ERROR - Failed to execute job 3 for task dbt_debug (Bash command failed. The command returned a non-zero exit code 1.; 922)
[2026-05-01T19:59:44.955+0000] {local_task_job_runner.py:240} INFO - Task exited with return code 1
[2026-05-01T19:59:44.976+0000] {taskinstance.py:3482} INFO - 0 downstream tasks scheduled from follow-on schedule check
[2026-05-01T19:59:44.980+0000] {local_task_job_runner.py:222} INFO - ::endgroup::
