[2026-05-08T22:18:11.025+0000] {local_task_job_runner.py:120} INFO - ::group::Pre task execution logs
[2026-05-08T22:18:11.158+0000] {taskinstance.py:2073} INFO - Dependencies all met for dep_context=non-requeueable deps ti=<TaskInstance: etl_pipeline.dbt_run manual__2026-05-08T22:17:44.115005+00:00 [queued]>
[2026-05-08T22:18:11.178+0000] {taskinstance.py:2073} INFO - Dependencies all met for dep_context=requeueable deps ti=<TaskInstance: etl_pipeline.dbt_run manual__2026-05-08T22:17:44.115005+00:00 [queued]>
[2026-05-08T22:18:11.179+0000] {taskinstance.py:2303} INFO - Starting attempt 1 of 1
[2026-05-08T22:18:11.201+0000] {taskinstance.py:2327} INFO - Executing <Task(BashOperator): dbt_run> on 2026-05-08 22:17:44.115005+00:00
[2026-05-08T22:18:11.215+0000] {standard_task_runner.py:90} INFO - Running: ['airflow', 'tasks', 'run', 'etl_pipeline', 'dbt_run', 'manual__2026-05-08T22:17:44.115005+00:00', '--job-id', '39', '--raw', '--subdir', 'DAGS_FOLDER/retail_dag.py', '--cfg-path', '/tmp/tmpwdupqnn0']
[2026-05-08T22:18:11.220+0000] {standard_task_runner.py:91} INFO - Job 39: Subtask dbt_run
[2026-05-08T22:18:11.220+0000] {logging_mixin.py:188} WARNING - /home/airflow/.local/lib/python3.12/site-packages/airflow/task/task_runner/standard_task_runner.py:61 DeprecationWarning: This process (pid=882) is multi-threaded, use of fork() may lead to deadlocks in the child.
[2026-05-08T22:18:11.221+0000] {standard_task_runner.py:63} INFO - Started process 926 to run task
[2026-05-08T22:18:11.605+0000] {task_command.py:426} INFO - Running <TaskInstance: etl_pipeline.dbt_run manual__2026-05-08T22:17:44.115005+00:00 [running]> on host aa323f196282
[2026-05-08T22:18:12.247+0000] {taskinstance.py:2644} INFO - Exporting env vars: AIRFLOW_CTX_DAG_OWNER='airflow' AIRFLOW_CTX_DAG_ID='etl_pipeline' AIRFLOW_CTX_TASK_ID='dbt_run' AIRFLOW_CTX_EXECUTION_DATE='2026-05-08T22:17:44.115005+00:00' AIRFLOW_CTX_TRY_NUMBER='1' AIRFLOW_CTX_DAG_RUN_ID='manual__2026-05-08T22:17:44.115005+00:00'
[2026-05-08T22:18:12.251+0000] {taskinstance.py:430} INFO - ::endgroup::
[2026-05-08T22:18:12.253+0000] {subprocess.py:63} INFO - Tmp dir root location: /tmp
[2026-05-08T22:18:12.255+0000] {subprocess.py:75} INFO - Running command: ['/usr/bin/bash', '-c', 'cd /opt/airflow/dbt_project && dbt run']
[2026-05-08T22:18:12.271+0000] {subprocess.py:86} INFO - Output:
[2026-05-08T22:18:16.497+0000] {subprocess.py:93} INFO - [0m22:18:16  Running with dbt=1.7.14
[2026-05-08T22:18:17.027+0000] {subprocess.py:93} INFO - [0m22:18:17  Registered adapter: postgres=1.7.14
[2026-05-08T22:18:20.404+0000] {subprocess.py:93} INFO - [0m22:18:20  Unable to do partial parsing because of a version mismatch
[2026-05-08T22:18:22.766+0000] {subprocess.py:93} INFO - [0m22:18:22  Found 4 models, 1 source, 0 exposures, 0 metrics, 402 macros, 0 groups, 0 semantic models
[2026-05-08T22:18:22.771+0000] {subprocess.py:93} INFO - [0m22:18:22
[2026-05-08T22:18:23.679+0000] {subprocess.py:93} INFO - [0m22:18:23  Concurrency: 4 threads (target='dev')
[2026-05-08T22:18:23.681+0000] {subprocess.py:93} INFO - [0m22:18:23
[2026-05-08T22:18:23.695+0000] {subprocess.py:93} INFO - [0m22:18:23  1 of 4 START sql table model raw.my_first_dbt_model ............................ [RUN]
[2026-05-08T22:18:23.696+0000] {subprocess.py:93} INFO - [0m22:18:23  2 of 4 START sql view model silver.stg_walmart ................................. [RUN]
[2026-05-08T22:18:24.277+0000] {subprocess.py:93} INFO - [0m22:18:24  1 of 4 ERROR creating sql table model raw.my_first_dbt_model ................... [[31mERROR[0m in 0.58s]
[2026-05-08T22:18:24.285+0000] {subprocess.py:93} INFO - [0m22:18:24  3 of 4 SKIP relation raw.my_second_dbt_model ................................... [[33mSKIP[0m]
[2026-05-08T22:18:24.450+0000] {subprocess.py:93} INFO - [0m22:18:24  2 of 4 OK created sql view model silver.stg_walmart ............................ [[32mCREATE VIEW[0m in 0.75s]
[2026-05-08T22:18:24.456+0000] {subprocess.py:93} INFO - [0m22:18:24  4 of 4 START sql table model gold.fact_sales ................................... [RUN]
[2026-05-08T22:18:24.879+0000] {subprocess.py:93} INFO - [0m22:18:24  4 of 4 OK created sql table model gold.fact_sales .............................. [[32mSELECT 6435[0m in 0.42s]
[2026-05-08T22:18:24.963+0000] {subprocess.py:93} INFO - [0m22:18:24
[2026-05-08T22:18:24.964+0000] {subprocess.py:93} INFO - [0m22:18:24  Finished running 2 table models, 2 view models in 0 hours 0 minutes and 2.19 seconds (2.19s).
[2026-05-08T22:18:25.079+0000] {subprocess.py:93} INFO - [0m22:18:25
[2026-05-08T22:18:25.080+0000] {subprocess.py:93} INFO - [0m22:18:25  [31mCompleted with 1 error and 0 warnings:[0m
[2026-05-08T22:18:25.082+0000] {subprocess.py:93} INFO - [0m22:18:25
[2026-05-08T22:18:25.084+0000] {subprocess.py:93} INFO - [0m22:18:25    Database Error in model my_first_dbt_model (models/example/my_first_dbt_model.sql)
[2026-05-08T22:18:25.085+0000] {subprocess.py:93} INFO -   syntax error at or near ")"
[2026-05-08T22:18:25.085+0000] {subprocess.py:93} INFO -   LINE 38:   );
[2026-05-08T22:18:25.086+0000] {subprocess.py:93} INFO -              ^
[2026-05-08T22:18:25.086+0000] {subprocess.py:93} INFO -   compiled Code at target/run/dbt_project/models/example/my_first_dbt_model.sql
[2026-05-08T22:18:25.087+0000] {subprocess.py:93} INFO - [0m22:18:25
[2026-05-08T22:18:25.087+0000] {subprocess.py:93} INFO - [0m22:18:25  Done. PASS=2 WARN=0 ERROR=1 SKIP=1 TOTAL=4
[2026-05-08T22:18:27.406+0000] {subprocess.py:97} INFO - Command exited with return code 1
[2026-05-08T22:18:27.407+0000] {taskinstance.py:441} INFO - ::group::Post task execution logs
[2026-05-08T22:18:27.465+0000] {taskinstance.py:2890} ERROR - Task failed with exception
Traceback (most recent call last):
  File "/home/airflow/.local/lib/python3.12/site-packages/airflow/models/taskinstance.py", line 465, in _execute_task
    result = _execute_callable(context=context, **execute_callable_kwargs)
             ^^^^^^^^^^^^^^^^^^^^^^^^^^^^^^^^^^^^^^^^^^^^^^^^^^^^^^^^^^^^^
  File "/home/airflow/.local/lib/python3.12/site-packages/airflow/models/taskinstance.py", line 432, in _execute_callable
    return execute_callable(context=context, **execute_callable_kwargs)
           ^^^^^^^^^^^^^^^^^^^^^^^^^^^^^^^^^^^^^^^^^^^^^^^^^^^^^^^^^^^^
  File "/home/airflow/.local/lib/python3.12/site-packages/airflow/models/baseoperator.py", line 400, in wrapper
    return func(self, *args, **kwargs)
           ^^^^^^^^^^^^^^^^^^^^^^^^^^^
  File "/home/airflow/.local/lib/python3.12/site-packages/airflow/operators/bash.py", line 243, in execute
    raise AirflowException(
airflow.exceptions.AirflowException: Bash command failed. The command returned a non-zero exit code 1.
[2026-05-08T22:18:27.471+0000] {taskinstance.py:1205} INFO - Marking task as FAILED. dag_id=etl_pipeline, task_id=dbt_run, execution_date=20260508T221744, start_date=20260508T221811, end_date=20260508T221827
[2026-05-08T22:18:27.535+0000] {standard_task_runner.py:110} ERROR - Failed to execute job 39 for task dbt_run (Bash command failed. The command returned a non-zero exit code 1.; 926)
[2026-05-08T22:18:27.575+0000] {local_task_job_runner.py:240} INFO - Task exited with return code 1
[2026-05-08T22:18:27.655+0000] {taskinstance.py:3482} INFO - 0 downstream tasks scheduled from follow-on schedule check
[2026-05-08T22:18:27.661+0000] {local_task_job_runner.py:222} INFO - ::endgroup::
