[2026-05-01T14:30:12.491+0000] {local_task_job_runner.py:120} INFO - ::group::Pre task execution logs
[2026-05-01T14:30:12.524+0000] {taskinstance.py:2073} INFO - Dependencies all met for dep_context=non-requeueable deps ti=<TaskInstance: dbt_orchestration.dbt_run scheduled__2026-04-30T00:00:00+00:00 [queued]>
[2026-05-01T14:30:12.535+0000] {taskinstance.py:2073} INFO - Dependencies all met for dep_context=requeueable deps ti=<TaskInstance: dbt_orchestration.dbt_run scheduled__2026-04-30T00:00:00+00:00 [queued]>
[2026-05-01T14:30:12.536+0000] {taskinstance.py:2303} INFO - Starting attempt 1 of 1
[2026-05-01T14:30:12.576+0000] {taskinstance.py:2327} INFO - Executing <Task(BashOperator): dbt_run> on 2026-04-30 00:00:00+00:00
[2026-05-01T14:30:12.587+0000] {warnings.py:110} WARNING - /home/***/.local/lib/python3.12/site-packages/***/task/task_runner/standard_task_runner.py:61: DeprecationWarning: This process (pid=90) is multi-threaded, use of fork() may lead to deadlocks in the child.
  pid = os.fork()

[2026-05-01T14:30:12.590+0000] {standard_task_runner.py:63} INFO - Started process 93 to run task
[2026-05-01T14:30:12.589+0000] {standard_task_runner.py:90} INFO - Running: ['***', 'tasks', 'run', 'dbt_orchestration', 'dbt_run', 'scheduled__2026-04-30T00:00:00+00:00', '--job-id', '3', '--raw', '--subdir', 'DAGS_FOLDER/retail_dag.py', '--cfg-path', '/tmp/tmp8gogie8_']
[2026-05-01T14:30:12.596+0000] {standard_task_runner.py:91} INFO - Job 3: Subtask dbt_run
[2026-05-01T14:30:13.575+0000] {task_command.py:426} INFO - Running <TaskInstance: dbt_orchestration.dbt_run scheduled__2026-04-30T00:00:00+00:00 [running]> on host 3ca9ba6d349a
[2026-05-01T14:30:13.688+0000] {taskinstance.py:2644} INFO - Exporting env vars: AIRFLOW_CTX_DAG_OWNER='***' AIRFLOW_CTX_DAG_ID='dbt_orchestration' AIRFLOW_CTX_TASK_ID='dbt_run' AIRFLOW_CTX_EXECUTION_DATE='2026-04-30T00:00:00+00:00' AIRFLOW_CTX_TRY_NUMBER='1' AIRFLOW_CTX_DAG_RUN_ID='scheduled__2026-04-30T00:00:00+00:00'
[2026-05-01T14:30:13.691+0000] {taskinstance.py:430} INFO - ::endgroup::
[2026-05-01T14:30:13.692+0000] {subprocess.py:63} INFO - Tmp dir root location: /tmp
[2026-05-01T14:30:13.694+0000] {subprocess.py:75} INFO - Running command: ['/usr/bin/bash', '-c', '\n        cd /opt/***/dbt_project &&\n        dbt debug --profiles-dir . &&\n        dbt run --profiles-dir .\n        ']
[2026-05-01T14:30:13.709+0000] {subprocess.py:86} INFO - Output:
[2026-05-01T14:30:13.713+0000] {subprocess.py:93} INFO - /usr/bin/bash: line 3: dbt: command not found
[2026-05-01T14:30:13.714+0000] {subprocess.py:97} INFO - Command exited with return code 127
[2026-05-01T14:30:13.715+0000] {taskinstance.py:441} INFO - ::group::Post task execution logs
[2026-05-01T14:30:13.729+0000] {taskinstance.py:2890} ERROR - Task failed with exception
Traceback (most recent call last):
  File "/home/airflow/.local/lib/python3.12/site-packages/airflow/models/taskinstance.py", line 460, in _execute_task
    result = _execute_callable(context=context, **execute_callable_kwargs)
             ^^^^^^^^^^^^^^^^^^^^^^^^^^^^^^^^^^^^^^^^^^^^^^^^^^^^^^^^^^^^^
  File "/home/airflow/.local/lib/python3.12/site-packages/airflow/models/taskinstance.py", line 432, in _execute_callable
    return execute_callable(context=context, **execute_callable_kwargs)
           ^^^^^^^^^^^^^^^^^^^^^^^^^^^^^^^^^^^^^^^^^^^^^^^^^^^^^^^^^^^^
  File "/home/airflow/.local/lib/python3.12/site-packages/airflow/models/baseoperator.py", line 400, in wrapper
    return func(self, *args, **kwargs)
           ^^^^^^^^^^^^^^^^^^^^^^^^^^^
  File "/home/airflow/.local/lib/python3.12/site-packages/airflow/operators/bash.py", line 243, in execute
    raise AirflowException(
airflow.exceptions.AirflowException: Bash command failed. The command returned a non-zero exit code 127.
[2026-05-01T14:30:13.736+0000] {taskinstance.py:1205} INFO - Marking task as FAILED. dag_id=dbt_orchestration, task_id=dbt_run, execution_date=20260430T000000, start_date=20260501T143012, end_date=20260501T143013
[2026-05-01T14:30:13.755+0000] {standard_task_runner.py:110} ERROR - Failed to execute job 3 for task dbt_run (Bash command failed. The command returned a non-zero exit code 127.; 93)
[2026-05-01T14:30:13.775+0000] {local_task_job_runner.py:240} INFO - Task exited with return code 1
[2026-05-01T14:30:13.807+0000] {taskinstance.py:3482} INFO - 0 downstream tasks scheduled from follow-on schedule check
[2026-05-01T14:30:13.812+0000] {local_task_job_runner.py:222} INFO - ::endgroup::
[2026-05-01T16:31:11.320+0000] {local_task_job_runner.py:120} INFO - ::group::Pre task execution logs
[2026-05-01T16:31:11.353+0000] {taskinstance.py:2073} INFO - Dependencies all met for dep_context=non-requeueable deps ti=<TaskInstance: dbt_orchestration.dbt_run scheduled__2026-04-30T00:00:00+00:00 [queued]>
[2026-05-01T16:31:11.360+0000] {taskinstance.py:2073} INFO - Dependencies all met for dep_context=requeueable deps ti=<TaskInstance: dbt_orchestration.dbt_run scheduled__2026-04-30T00:00:00+00:00 [queued]>
[2026-05-01T16:31:11.361+0000] {taskinstance.py:2303} INFO - Starting attempt 1 of 1
[2026-05-01T16:31:11.376+0000] {taskinstance.py:2327} INFO - Executing <Task(BashOperator): dbt_run> on 2026-04-30 00:00:00+00:00
[2026-05-01T16:31:11.464+0000] {warnings.py:110} WARNING - /home/***/.local/lib/python3.12/site-packages/***/task/task_runner/standard_task_runner.py:61: DeprecationWarning: This process (pid=97) is multi-threaded, use of fork() may lead to deadlocks in the child.
  pid = os.fork()

[2026-05-01T16:31:11.470+0000] {standard_task_runner.py:63} INFO - Started process 101 to run task
[2026-05-01T16:31:11.468+0000] {standard_task_runner.py:90} INFO - Running: ['***', 'tasks', 'run', 'dbt_orchestration', 'dbt_run', 'scheduled__2026-04-30T00:00:00+00:00', '--job-id', '3', '--raw', '--subdir', 'DAGS_FOLDER/retail_dag.py', '--cfg-path', '/tmp/tmpjxc0kjay']
[2026-05-01T16:31:11.477+0000] {standard_task_runner.py:91} INFO - Job 3: Subtask dbt_run
[2026-05-01T16:31:29.927+0000] {task_command.py:426} INFO - Running <TaskInstance: dbt_orchestration.dbt_run scheduled__2026-04-30T00:00:00+00:00 [running]> on host 2c4f98c9da6f
[2026-05-01T16:31:30.047+0000] {taskinstance.py:2644} INFO - Exporting env vars: AIRFLOW_CTX_DAG_OWNER='***' AIRFLOW_CTX_DAG_ID='dbt_orchestration' AIRFLOW_CTX_TASK_ID='dbt_run' AIRFLOW_CTX_EXECUTION_DATE='2026-04-30T00:00:00+00:00' AIRFLOW_CTX_TRY_NUMBER='1' AIRFLOW_CTX_DAG_RUN_ID='scheduled__2026-04-30T00:00:00+00:00'
[2026-05-01T16:31:30.051+0000] {taskinstance.py:430} INFO - ::endgroup::
[2026-05-01T16:31:30.052+0000] {subprocess.py:63} INFO - Tmp dir root location: /tmp
[2026-05-01T16:31:30.054+0000] {subprocess.py:75} INFO - Running command: ['/usr/bin/bash', '-c', '\n        cd /opt/***/dbt_project &&\n        dbt debug --profiles-dir . &&\n        dbt run --profiles-dir .\n        ']
[2026-05-01T16:31:30.069+0000] {subprocess.py:86} INFO - Output:
[2026-05-01T16:31:33.927+0000] {subprocess.py:93} INFO - [0m16:31:33  Running with dbt=1.7.14
[2026-05-01T16:31:33.932+0000] {subprocess.py:93} INFO - [0m16:31:33  dbt version: 1.7.14
[2026-05-01T16:31:33.933+0000] {subprocess.py:93} INFO - [0m16:31:33  python version: 3.12.2
[2026-05-01T16:31:33.934+0000] {subprocess.py:93} INFO - [0m16:31:33  python path: /home/***/.local/bin/python
[2026-05-01T16:31:33.936+0000] {subprocess.py:93} INFO - [0m16:31:33  os info: Linux-6.6.87.1-microsoft-standard-WSL2-x86_64-with-glibc2.36
[2026-05-01T16:31:33.938+0000] {subprocess.py:93} INFO - [0m16:31:33  Encountered an error:
[2026-05-01T16:31:33.939+0000] {subprocess.py:93} INFO - [Errno 21] Is a directory: './profiles.yml'
[2026-05-01T16:31:33.947+0000] {subprocess.py:93} INFO - [0m16:31:33  Traceback (most recent call last):
[2026-05-01T16:31:33.948+0000] {subprocess.py:93} INFO -   File "/home/***/.local/lib/python3.12/site-packages/dbt/cli/requires.py", line 91, in wrapper
[2026-05-01T16:31:34.046+0000] {subprocess.py:93} INFO -     result, success = func(*args, **kwargs)
[2026-05-01T16:31:34.046+0000] {subprocess.py:93} INFO -                       ^^^^^^^^^^^^^^^^^^^^^
[2026-05-01T16:31:34.047+0000] {subprocess.py:93} INFO -   File "/home/***/.local/lib/python3.12/site-packages/dbt/cli/requires.py", line 76, in wrapper
[2026-05-01T16:31:34.163+0000] {subprocess.py:93} INFO -     return func(*args, **kwargs)
[2026-05-01T16:31:34.164+0000] {subprocess.py:93} INFO -            ^^^^^^^^^^^^^^^^^^^^^
[2026-05-01T16:31:34.165+0000] {subprocess.py:93} INFO -   File "/home/***/.local/lib/python3.12/site-packages/dbt/cli/main.py", line 444, in debug
[2026-05-01T16:31:34.167+0000] {subprocess.py:93} INFO -     results = task.run()
[2026-05-01T16:31:34.168+0000] {subprocess.py:93} INFO -               ^^^^^^^^^^
[2026-05-01T16:31:34.168+0000] {subprocess.py:93} INFO -   File "/home/***/.local/lib/python3.12/site-packages/dbt/task/debug.py", line 123, in run
[2026-05-01T16:31:34.169+0000] {subprocess.py:93} INFO -     load_profile_status: SubtaskStatus = self._load_profile()
[2026-05-01T16:31:34.170+0000] {subprocess.py:93} INFO -                                          ^^^^^^^^^^^^^^^^^^^^
[2026-05-01T16:31:34.171+0000] {subprocess.py:93} INFO -   File "/home/***/.local/lib/python3.12/site-packages/dbt/task/debug.py", line 203, in _load_profile
[2026-05-01T16:31:34.172+0000] {subprocess.py:93} INFO -     raw_profile_data = load_yaml_text(dbt.clients.system.load_file_contents(self.profile_path))
[2026-05-01T16:31:34.174+0000] {subprocess.py:93} INFO -                                       ^^^^^^^^^^^^^^^^^^^^^^^^^^^^^^^^^^^^^^^^^^^^^^^^^^^^^^^^
[2026-05-01T16:31:34.175+0000] {subprocess.py:93} INFO -   File "/home/***/.local/lib/python3.12/site-packages/dbt/clients/system.py", line 97, in load_file_contents
[2026-05-01T16:31:34.176+0000] {subprocess.py:93} INFO -     with open(path, "rb") as handle:
[2026-05-01T16:31:34.177+0000] {subprocess.py:93} INFO -          ^^^^^^^^^^^^^^^^
[2026-05-01T16:31:34.177+0000] {subprocess.py:93} INFO - IsADirectoryError: [Errno 21] Is a directory: './profiles.yml'
[2026-05-01T16:31:34.178+0000] {subprocess.py:93} INFO - 
[2026-05-01T16:31:41.903+0000] {subprocess.py:97} INFO - Command exited with return code 2
[2026-05-01T16:31:41.904+0000] {taskinstance.py:441} INFO - ::group::Post task execution logs
[2026-05-01T16:31:41.915+0000] {taskinstance.py:2890} ERROR - Task failed with exception
Traceback (most recent call last):
  File "/home/airflow/.local/lib/python3.12/site-packages/airflow/models/taskinstance.py", line 460, in _execute_task
    result = _execute_callable(context=context, **execute_callable_kwargs)
             ^^^^^^^^^^^^^^^^^^^^^^^^^^^^^^^^^^^^^^^^^^^^^^^^^^^^^^^^^^^^^
  File "/home/airflow/.local/lib/python3.12/site-packages/airflow/models/taskinstance.py", line 432, in _execute_callable
    return execute_callable(context=context, **execute_callable_kwargs)
           ^^^^^^^^^^^^^^^^^^^^^^^^^^^^^^^^^^^^^^^^^^^^^^^^^^^^^^^^^^^^
  File "/home/airflow/.local/lib/python3.12/site-packages/airflow/models/baseoperator.py", line 400, in wrapper
    return func(self, *args, **kwargs)
           ^^^^^^^^^^^^^^^^^^^^^^^^^^^
  File "/home/airflow/.local/lib/python3.12/site-packages/airflow/operators/bash.py", line 243, in execute
    raise AirflowException(
airflow.exceptions.AirflowException: Bash command failed. The command returned a non-zero exit code 2.
[2026-05-01T16:31:41.920+0000] {taskinstance.py:1205} INFO - Marking task as FAILED. dag_id=dbt_orchestration, task_id=dbt_run, execution_date=20260430T000000, start_date=20260501T163111, end_date=20260501T163141
[2026-05-01T16:31:41.935+0000] {standard_task_runner.py:110} ERROR - Failed to execute job 3 for task dbt_run (Bash command failed. The command returned a non-zero exit code 2.; 101)
[2026-05-01T16:31:41.972+0000] {local_task_job_runner.py:240} INFO - Task exited with return code 1
[2026-05-01T16:31:41.992+0000] {taskinstance.py:3482} INFO - 0 downstream tasks scheduled from follow-on schedule check
[2026-05-01T16:31:41.997+0000] {local_task_job_runner.py:222} INFO - ::endgroup::
