[2026-04-25T22:06:12.352+0000] {processor.py:161} INFO - Started process (PID=76) to work on /home/airflow/.local/lib/python3.12/site-packages/airflow/example_dags/example_time_delta_sensor_async.py
[2026-04-25T22:06:12.354+0000] {processor.py:830} INFO - Processing file /home/airflow/.local/lib/python3.12/site-packages/airflow/example_dags/example_time_delta_sensor_async.py for tasks to queue
[2026-04-25T22:06:12.357+0000] {logging_mixin.py:188} INFO - [2026-04-25T22:06:12.356+0000] {dagbag.py:540} INFO - Filling up the DagBag from /home/airflow/.local/lib/python3.12/site-packages/airflow/example_dags/example_time_delta_sensor_async.py
[2026-04-25T22:06:12.365+0000] {processor.py:840} INFO - DAG(s) 'example_time_delta_sensor_async' retrieved from /home/airflow/.local/lib/python3.12/site-packages/airflow/example_dags/example_time_delta_sensor_async.py
[2026-04-25T22:06:12.495+0000] {logging_mixin.py:188} INFO - [2026-04-25T22:06:12.495+0000] {dag.py:3096} INFO - Sync 1 DAGs
[2026-04-25T22:06:12.581+0000] {logging_mixin.py:188} INFO - [2026-04-25T22:06:12.581+0000] {dag.py:3954} INFO - Setting next_dagrun for example_time_delta_sensor_async to None, run_after=None
[2026-04-25T22:06:12.607+0000] {processor.py:183} INFO - Processing /home/airflow/.local/lib/python3.12/site-packages/airflow/example_dags/example_time_delta_sensor_async.py took 0.264 seconds
[2026-04-25T22:06:43.490+0000] {processor.py:161} INFO - Started process (PID=134) to work on /home/airflow/.local/lib/python3.12/site-packages/airflow/example_dags/example_time_delta_sensor_async.py
[2026-04-25T22:06:43.494+0000] {processor.py:830} INFO - Processing file /home/airflow/.local/lib/python3.12/site-packages/airflow/example_dags/example_time_delta_sensor_async.py for tasks to queue
[2026-04-25T22:06:43.500+0000] {logging_mixin.py:188} INFO - [2026-04-25T22:06:43.499+0000] {dagbag.py:540} INFO - Filling up the DagBag from /home/airflow/.local/lib/python3.12/site-packages/airflow/example_dags/example_time_delta_sensor_async.py
[2026-04-25T22:06:43.512+0000] {processor.py:840} INFO - DAG(s) 'example_time_delta_sensor_async' retrieved from /home/airflow/.local/lib/python3.12/site-packages/airflow/example_dags/example_time_delta_sensor_async.py
[2026-04-25T22:06:43.590+0000] {logging_mixin.py:188} INFO - [2026-04-25T22:06:43.589+0000] {dag.py:3096} INFO - Sync 1 DAGs
[2026-04-25T22:06:43.627+0000] {logging_mixin.py:188} INFO - [2026-04-25T22:06:43.626+0000] {dag.py:3954} INFO - Setting next_dagrun for example_time_delta_sensor_async to None, run_after=None
[2026-04-25T22:06:43.661+0000] {processor.py:183} INFO - Processing /home/airflow/.local/lib/python3.12/site-packages/airflow/example_dags/example_time_delta_sensor_async.py took 0.183 seconds
[2026-04-25T22:07:38.579+0000] {processor.py:161} INFO - Started process (PID=192) to work on /home/airflow/.local/lib/python3.12/site-packages/airflow/example_dags/example_time_delta_sensor_async.py
[2026-04-25T22:07:38.607+0000] {processor.py:830} INFO - Processing file /home/airflow/.local/lib/python3.12/site-packages/airflow/example_dags/example_time_delta_sensor_async.py for tasks to queue
[2026-04-25T22:07:38.610+0000] {logging_mixin.py:188} INFO - [2026-04-25T22:07:38.609+0000] {dagbag.py:540} INFO - Filling up the DagBag from /home/airflow/.local/lib/python3.12/site-packages/airflow/example_dags/example_time_delta_sensor_async.py
[2026-04-25T22:07:39.518+0000] {processor.py:840} INFO - DAG(s) 'example_time_delta_sensor_async' retrieved from /home/airflow/.local/lib/python3.12/site-packages/airflow/example_dags/example_time_delta_sensor_async.py
[2026-04-25T22:07:39.648+0000] {logging_mixin.py:188} INFO - [2026-04-25T22:07:39.648+0000] {dag.py:3096} INFO - Sync 1 DAGs
[2026-04-25T22:07:42.255+0000] {logging_mixin.py:188} INFO - [2026-04-25T22:07:42.255+0000] {dag.py:3954} INFO - Setting next_dagrun for example_time_delta_sensor_async to None, run_after=None
[2026-04-25T22:07:44.606+0000] {processor.py:183} INFO - Processing /home/airflow/.local/lib/python3.12/site-packages/airflow/example_dags/example_time_delta_sensor_async.py took 6.034 seconds
[2026-04-25T22:08:14.945+0000] {processor.py:161} INFO - Started process (PID=250) to work on /home/airflow/.local/lib/python3.12/site-packages/airflow/example_dags/example_time_delta_sensor_async.py
[2026-04-25T22:08:14.947+0000] {processor.py:830} INFO - Processing file /home/airflow/.local/lib/python3.12/site-packages/airflow/example_dags/example_time_delta_sensor_async.py for tasks to queue
[2026-04-25T22:08:14.949+0000] {logging_mixin.py:188} INFO - [2026-04-25T22:08:14.949+0000] {dagbag.py:540} INFO - Filling up the DagBag from /home/airflow/.local/lib/python3.12/site-packages/airflow/example_dags/example_time_delta_sensor_async.py
[2026-04-25T22:08:14.954+0000] {processor.py:840} INFO - DAG(s) 'example_time_delta_sensor_async' retrieved from /home/airflow/.local/lib/python3.12/site-packages/airflow/example_dags/example_time_delta_sensor_async.py
[2026-04-25T22:08:14.977+0000] {logging_mixin.py:188} INFO - [2026-04-25T22:08:14.977+0000] {dag.py:3096} INFO - Sync 1 DAGs
[2026-04-25T22:08:14.992+0000] {logging_mixin.py:188} INFO - [2026-04-25T22:08:14.991+0000] {dag.py:3954} INFO - Setting next_dagrun for example_time_delta_sensor_async to None, run_after=None
[2026-04-25T22:08:15.012+0000] {processor.py:183} INFO - Processing /home/airflow/.local/lib/python3.12/site-packages/airflow/example_dags/example_time_delta_sensor_async.py took 0.074 seconds
[2026-04-25T22:08:45.363+0000] {processor.py:161} INFO - Started process (PID=308) to work on /home/airflow/.local/lib/python3.12/site-packages/airflow/example_dags/example_time_delta_sensor_async.py
[2026-04-25T22:08:45.365+0000] {processor.py:830} INFO - Processing file /home/airflow/.local/lib/python3.12/site-packages/airflow/example_dags/example_time_delta_sensor_async.py for tasks to queue
[2026-04-25T22:08:45.368+0000] {logging_mixin.py:188} INFO - [2026-04-25T22:08:45.368+0000] {dagbag.py:540} INFO - Filling up the DagBag from /home/airflow/.local/lib/python3.12/site-packages/airflow/example_dags/example_time_delta_sensor_async.py
[2026-04-25T22:08:45.375+0000] {processor.py:840} INFO - DAG(s) 'example_time_delta_sensor_async' retrieved from /home/airflow/.local/lib/python3.12/site-packages/airflow/example_dags/example_time_delta_sensor_async.py
[2026-04-25T22:08:45.406+0000] {logging_mixin.py:188} INFO - [2026-04-25T22:08:45.406+0000] {dag.py:3096} INFO - Sync 1 DAGs
[2026-04-25T22:08:45.422+0000] {logging_mixin.py:188} INFO - [2026-04-25T22:08:45.422+0000] {dag.py:3954} INFO - Setting next_dagrun for example_time_delta_sensor_async to None, run_after=None
[2026-04-25T22:08:45.449+0000] {processor.py:183} INFO - Processing /home/airflow/.local/lib/python3.12/site-packages/airflow/example_dags/example_time_delta_sensor_async.py took 0.094 seconds
[2026-04-25T22:09:15.582+0000] {processor.py:161} INFO - Started process (PID=366) to work on /home/airflow/.local/lib/python3.12/site-packages/airflow/example_dags/example_time_delta_sensor_async.py
[2026-04-25T22:09:15.584+0000] {processor.py:830} INFO - Processing file /home/airflow/.local/lib/python3.12/site-packages/airflow/example_dags/example_time_delta_sensor_async.py for tasks to queue
[2026-04-25T22:09:15.587+0000] {logging_mixin.py:188} INFO - [2026-04-25T22:09:15.587+0000] {dagbag.py:540} INFO - Filling up the DagBag from /home/airflow/.local/lib/python3.12/site-packages/airflow/example_dags/example_time_delta_sensor_async.py
[2026-04-25T22:09:15.599+0000] {processor.py:840} INFO - DAG(s) 'example_time_delta_sensor_async' retrieved from /home/airflow/.local/lib/python3.12/site-packages/airflow/example_dags/example_time_delta_sensor_async.py
[2026-04-25T22:09:15.630+0000] {logging_mixin.py:188} INFO - [2026-04-25T22:09:15.629+0000] {dag.py:3096} INFO - Sync 1 DAGs
[2026-04-25T22:09:15.649+0000] {logging_mixin.py:188} INFO - [2026-04-25T22:09:15.649+0000] {dag.py:3954} INFO - Setting next_dagrun for example_time_delta_sensor_async to None, run_after=None
[2026-04-25T22:09:15.676+0000] {processor.py:183} INFO - Processing /home/airflow/.local/lib/python3.12/site-packages/airflow/example_dags/example_time_delta_sensor_async.py took 0.106 seconds
[2026-04-25T22:09:46.099+0000] {processor.py:161} INFO - Started process (PID=424) to work on /home/airflow/.local/lib/python3.12/site-packages/airflow/example_dags/example_time_delta_sensor_async.py
[2026-04-25T22:09:46.100+0000] {processor.py:830} INFO - Processing file /home/airflow/.local/lib/python3.12/site-packages/airflow/example_dags/example_time_delta_sensor_async.py for tasks to queue
[2026-04-25T22:09:46.103+0000] {logging_mixin.py:188} INFO - [2026-04-25T22:09:46.102+0000] {dagbag.py:540} INFO - Filling up the DagBag from /home/airflow/.local/lib/python3.12/site-packages/airflow/example_dags/example_time_delta_sensor_async.py
[2026-04-25T22:09:46.108+0000] {processor.py:840} INFO - DAG(s) 'example_time_delta_sensor_async' retrieved from /home/airflow/.local/lib/python3.12/site-packages/airflow/example_dags/example_time_delta_sensor_async.py
[2026-04-25T22:09:46.132+0000] {logging_mixin.py:188} INFO - [2026-04-25T22:09:46.132+0000] {dag.py:3096} INFO - Sync 1 DAGs
[2026-04-25T22:09:46.148+0000] {logging_mixin.py:188} INFO - [2026-04-25T22:09:46.147+0000] {dag.py:3954} INFO - Setting next_dagrun for example_time_delta_sensor_async to None, run_after=None
[2026-04-25T22:09:46.169+0000] {processor.py:183} INFO - Processing /home/airflow/.local/lib/python3.12/site-packages/airflow/example_dags/example_time_delta_sensor_async.py took 0.077 seconds
[2026-04-25T22:10:16.690+0000] {processor.py:161} INFO - Started process (PID=482) to work on /home/airflow/.local/lib/python3.12/site-packages/airflow/example_dags/example_time_delta_sensor_async.py
[2026-04-25T22:10:16.692+0000] {processor.py:830} INFO - Processing file /home/airflow/.local/lib/python3.12/site-packages/airflow/example_dags/example_time_delta_sensor_async.py for tasks to queue
[2026-04-25T22:10:16.694+0000] {logging_mixin.py:188} INFO - [2026-04-25T22:10:16.694+0000] {dagbag.py:540} INFO - Filling up the DagBag from /home/airflow/.local/lib/python3.12/site-packages/airflow/example_dags/example_time_delta_sensor_async.py
[2026-04-25T22:10:16.700+0000] {processor.py:840} INFO - DAG(s) 'example_time_delta_sensor_async' retrieved from /home/airflow/.local/lib/python3.12/site-packages/airflow/example_dags/example_time_delta_sensor_async.py
[2026-04-25T22:10:16.725+0000] {logging_mixin.py:188} INFO - [2026-04-25T22:10:16.724+0000] {dag.py:3096} INFO - Sync 1 DAGs
[2026-04-25T22:10:16.745+0000] {logging_mixin.py:188} INFO - [2026-04-25T22:10:16.744+0000] {dag.py:3954} INFO - Setting next_dagrun for example_time_delta_sensor_async to None, run_after=None
[2026-04-25T22:10:16.765+0000] {processor.py:183} INFO - Processing /home/airflow/.local/lib/python3.12/site-packages/airflow/example_dags/example_time_delta_sensor_async.py took 0.081 seconds
[2026-04-25T22:10:47.003+0000] {processor.py:161} INFO - Started process (PID=540) to work on /home/airflow/.local/lib/python3.12/site-packages/airflow/example_dags/example_time_delta_sensor_async.py
[2026-04-25T22:10:47.004+0000] {processor.py:830} INFO - Processing file /home/airflow/.local/lib/python3.12/site-packages/airflow/example_dags/example_time_delta_sensor_async.py for tasks to queue
[2026-04-25T22:10:47.006+0000] {logging_mixin.py:188} INFO - [2026-04-25T22:10:47.006+0000] {dagbag.py:540} INFO - Filling up the DagBag from /home/airflow/.local/lib/python3.12/site-packages/airflow/example_dags/example_time_delta_sensor_async.py
[2026-04-25T22:10:47.011+0000] {processor.py:840} INFO - DAG(s) 'example_time_delta_sensor_async' retrieved from /home/airflow/.local/lib/python3.12/site-packages/airflow/example_dags/example_time_delta_sensor_async.py
[2026-04-25T22:10:47.034+0000] {logging_mixin.py:188} INFO - [2026-04-25T22:10:47.033+0000] {dag.py:3096} INFO - Sync 1 DAGs
[2026-04-25T22:10:47.046+0000] {logging_mixin.py:188} INFO - [2026-04-25T22:10:47.046+0000] {dag.py:3954} INFO - Setting next_dagrun for example_time_delta_sensor_async to None, run_after=None
[2026-04-25T22:10:47.072+0000] {processor.py:183} INFO - Processing /home/airflow/.local/lib/python3.12/site-packages/airflow/example_dags/example_time_delta_sensor_async.py took 0.076 seconds
[2026-04-25T22:11:17.370+0000] {processor.py:161} INFO - Started process (PID=604) to work on /home/airflow/.local/lib/python3.12/site-packages/airflow/example_dags/example_time_delta_sensor_async.py
[2026-04-25T22:11:17.371+0000] {processor.py:830} INFO - Processing file /home/airflow/.local/lib/python3.12/site-packages/airflow/example_dags/example_time_delta_sensor_async.py for tasks to queue
[2026-04-25T22:11:17.374+0000] {logging_mixin.py:188} INFO - [2026-04-25T22:11:17.373+0000] {dagbag.py:540} INFO - Filling up the DagBag from /home/airflow/.local/lib/python3.12/site-packages/airflow/example_dags/example_time_delta_sensor_async.py
[2026-04-25T22:11:17.381+0000] {processor.py:840} INFO - DAG(s) 'example_time_delta_sensor_async' retrieved from /home/airflow/.local/lib/python3.12/site-packages/airflow/example_dags/example_time_delta_sensor_async.py
[2026-04-25T22:11:17.398+0000] {logging_mixin.py:188} INFO - [2026-04-25T22:11:17.397+0000] {dag.py:3096} INFO - Sync 1 DAGs
[2026-04-25T22:11:17.415+0000] {logging_mixin.py:188} INFO - [2026-04-25T22:11:17.414+0000] {dag.py:3954} INFO - Setting next_dagrun for example_time_delta_sensor_async to None, run_after=None
[2026-04-25T22:11:17.440+0000] {processor.py:183} INFO - Processing /home/airflow/.local/lib/python3.12/site-packages/airflow/example_dags/example_time_delta_sensor_async.py took 0.080 seconds
[2026-04-25T22:11:48.497+0000] {processor.py:161} INFO - Started process (PID=660) to work on /home/airflow/.local/lib/python3.12/site-packages/airflow/example_dags/example_time_delta_sensor_async.py
[2026-04-25T22:11:48.498+0000] {processor.py:830} INFO - Processing file /home/airflow/.local/lib/python3.12/site-packages/airflow/example_dags/example_time_delta_sensor_async.py for tasks to queue
[2026-04-25T22:11:48.501+0000] {logging_mixin.py:188} INFO - [2026-04-25T22:11:48.500+0000] {dagbag.py:540} INFO - Filling up the DagBag from /home/airflow/.local/lib/python3.12/site-packages/airflow/example_dags/example_time_delta_sensor_async.py
[2026-04-25T22:11:48.508+0000] {processor.py:840} INFO - DAG(s) 'example_time_delta_sensor_async' retrieved from /home/airflow/.local/lib/python3.12/site-packages/airflow/example_dags/example_time_delta_sensor_async.py
[2026-04-25T22:11:48.790+0000] {logging_mixin.py:188} INFO - [2026-04-25T22:11:48.790+0000] {dag.py:3096} INFO - Sync 1 DAGs
[2026-04-25T22:11:48.800+0000] {logging_mixin.py:188} INFO - [2026-04-25T22:11:48.800+0000] {dag.py:3954} INFO - Setting next_dagrun for example_time_delta_sensor_async to None, run_after=None
[2026-04-25T22:11:48.824+0000] {processor.py:183} INFO - Processing /home/airflow/.local/lib/python3.12/site-packages/airflow/example_dags/example_time_delta_sensor_async.py took 0.333 seconds
[2026-04-25T22:12:15.522+0000] {processor.py:161} INFO - Started process (PID=65) to work on /home/airflow/.local/lib/python3.12/site-packages/airflow/example_dags/example_time_delta_sensor_async.py
[2026-04-25T22:12:15.523+0000] {processor.py:830} INFO - Processing file /home/airflow/.local/lib/python3.12/site-packages/airflow/example_dags/example_time_delta_sensor_async.py for tasks to queue
[2026-04-25T22:12:15.526+0000] {logging_mixin.py:188} INFO - [2026-04-25T22:12:15.526+0000] {dagbag.py:540} INFO - Filling up the DagBag from /home/airflow/.local/lib/python3.12/site-packages/airflow/example_dags/example_time_delta_sensor_async.py
[2026-04-25T22:12:15.534+0000] {processor.py:840} INFO - DAG(s) 'example_time_delta_sensor_async' retrieved from /home/airflow/.local/lib/python3.12/site-packages/airflow/example_dags/example_time_delta_sensor_async.py
[2026-04-25T22:12:15.551+0000] {logging_mixin.py:188} INFO - [2026-04-25T22:12:15.550+0000] {dag.py:3096} INFO - Sync 1 DAGs
[2026-04-25T22:12:15.570+0000] {logging_mixin.py:188} INFO - [2026-04-25T22:12:15.570+0000] {dag.py:3954} INFO - Setting next_dagrun for example_time_delta_sensor_async to None, run_after=None
[2026-04-25T22:12:15.605+0000] {processor.py:183} INFO - Processing /home/airflow/.local/lib/python3.12/site-packages/airflow/example_dags/example_time_delta_sensor_async.py took 0.090 seconds
[2026-04-25T22:12:46.309+0000] {processor.py:161} INFO - Started process (PID=123) to work on /home/airflow/.local/lib/python3.12/site-packages/airflow/example_dags/example_time_delta_sensor_async.py
[2026-04-25T22:12:46.310+0000] {processor.py:830} INFO - Processing file /home/airflow/.local/lib/python3.12/site-packages/airflow/example_dags/example_time_delta_sensor_async.py for tasks to queue
[2026-04-25T22:12:46.313+0000] {logging_mixin.py:188} INFO - [2026-04-25T22:12:46.312+0000] {dagbag.py:540} INFO - Filling up the DagBag from /home/airflow/.local/lib/python3.12/site-packages/airflow/example_dags/example_time_delta_sensor_async.py
[2026-04-25T22:12:46.318+0000] {processor.py:840} INFO - DAG(s) 'example_time_delta_sensor_async' retrieved from /home/airflow/.local/lib/python3.12/site-packages/airflow/example_dags/example_time_delta_sensor_async.py
[2026-04-25T22:12:46.432+0000] {logging_mixin.py:188} INFO - [2026-04-25T22:12:46.432+0000] {dag.py:3096} INFO - Sync 1 DAGs
[2026-04-25T22:12:46.445+0000] {logging_mixin.py:188} INFO - [2026-04-25T22:12:46.445+0000] {dag.py:3954} INFO - Setting next_dagrun for example_time_delta_sensor_async to None, run_after=None
[2026-04-25T22:12:46.471+0000] {processor.py:183} INFO - Processing /home/airflow/.local/lib/python3.12/site-packages/airflow/example_dags/example_time_delta_sensor_async.py took 0.168 seconds
[2026-04-25T22:13:17.404+0000] {processor.py:161} INFO - Started process (PID=181) to work on /home/airflow/.local/lib/python3.12/site-packages/airflow/example_dags/example_time_delta_sensor_async.py
[2026-04-25T22:13:17.405+0000] {processor.py:830} INFO - Processing file /home/airflow/.local/lib/python3.12/site-packages/airflow/example_dags/example_time_delta_sensor_async.py for tasks to queue
[2026-04-25T22:13:17.408+0000] {logging_mixin.py:188} INFO - [2026-04-25T22:13:17.408+0000] {dagbag.py:540} INFO - Filling up the DagBag from /home/airflow/.local/lib/python3.12/site-packages/airflow/example_dags/example_time_delta_sensor_async.py
[2026-04-25T22:13:17.414+0000] {processor.py:840} INFO - DAG(s) 'example_time_delta_sensor_async' retrieved from /home/airflow/.local/lib/python3.12/site-packages/airflow/example_dags/example_time_delta_sensor_async.py
[2026-04-25T22:13:17.440+0000] {logging_mixin.py:188} INFO - [2026-04-25T22:13:17.439+0000] {dag.py:3096} INFO - Sync 1 DAGs
[2026-04-25T22:13:17.453+0000] {logging_mixin.py:188} INFO - [2026-04-25T22:13:17.453+0000] {dag.py:3954} INFO - Setting next_dagrun for example_time_delta_sensor_async to None, run_after=None
[2026-04-25T22:13:17.475+0000] {processor.py:183} INFO - Processing /home/airflow/.local/lib/python3.12/site-packages/airflow/example_dags/example_time_delta_sensor_async.py took 0.082 seconds
