[2026-04-25T22:06:12.999+0000] {processor.py:161} INFO - Started process (PID=79) to work on /home/airflow/.local/lib/python3.12/site-packages/airflow/example_dags/example_datasets.py
[2026-04-25T22:06:13.001+0000] {processor.py:830} INFO - Processing file /home/airflow/.local/lib/python3.12/site-packages/airflow/example_dags/example_datasets.py for tasks to queue
[2026-04-25T22:06:13.003+0000] {logging_mixin.py:188} INFO - [2026-04-25T22:06:13.003+0000] {dagbag.py:540} INFO - Filling up the DagBag from /home/airflow/.local/lib/python3.12/site-packages/airflow/example_dags/example_datasets.py
[2026-04-25T22:06:13.027+0000] {processor.py:840} INFO - DAG(s) 'conditional_dataset_and_time_based_timetable', 'dataset_consumes_1_never_scheduled', 'consume_1_or_both_2_and_3_with_dataset_expressions', 'dataset_produces_1', 'dataset_consumes_unknown_never_scheduled', 'dataset_consumes_1', 'dataset_consumes_1_and_2', 'consume_1_and_2_with_dataset_expressions', 'consume_1_or_2_with_dataset_expressions', 'dataset_produces_2' retrieved from /home/airflow/.local/lib/python3.12/site-packages/airflow/example_dags/example_datasets.py
[2026-04-25T22:06:13.290+0000] {logging_mixin.py:188} INFO - [2026-04-25T22:06:13.290+0000] {dag.py:3096} INFO - Sync 10 DAGs
[2026-04-25T22:06:13.317+0000] {logging_mixin.py:188} INFO - [2026-04-25T22:06:13.317+0000] {dag.py:3954} INFO - Setting next_dagrun for conditional_dataset_and_time_based_timetable to 2026-04-22 01:00:00+00:00, run_after=2026-04-22 01:00:00+00:00
[2026-04-25T22:06:13.322+0000] {logging_mixin.py:188} INFO - [2026-04-25T22:06:13.322+0000] {dag.py:3954} INFO - Setting next_dagrun for consume_1_and_2_with_dataset_expressions to None, run_after=None
[2026-04-25T22:06:13.324+0000] {logging_mixin.py:188} INFO - [2026-04-25T22:06:13.324+0000] {dag.py:3954} INFO - Setting next_dagrun for consume_1_or_2_with_dataset_expressions to None, run_after=None
[2026-04-25T22:06:13.327+0000] {logging_mixin.py:188} INFO - [2026-04-25T22:06:13.326+0000] {dag.py:3954} INFO - Setting next_dagrun for consume_1_or_both_2_and_3_with_dataset_expressions to None, run_after=None
[2026-04-25T22:06:13.329+0000] {logging_mixin.py:188} INFO - [2026-04-25T22:06:13.329+0000] {dag.py:3954} INFO - Setting next_dagrun for dataset_consumes_1 to None, run_after=None
[2026-04-25T22:06:13.331+0000] {logging_mixin.py:188} INFO - [2026-04-25T22:06:13.331+0000] {dag.py:3954} INFO - Setting next_dagrun for dataset_consumes_1_and_2 to None, run_after=None
[2026-04-25T22:06:13.333+0000] {logging_mixin.py:188} INFO - [2026-04-25T22:06:13.333+0000] {dag.py:3954} INFO - Setting next_dagrun for dataset_consumes_1_never_scheduled to None, run_after=None
[2026-04-25T22:06:13.335+0000] {logging_mixin.py:188} INFO - [2026-04-25T22:06:13.335+0000] {dag.py:3954} INFO - Setting next_dagrun for dataset_consumes_unknown_never_scheduled to None, run_after=None
[2026-04-25T22:06:13.338+0000] {logging_mixin.py:188} INFO - [2026-04-25T22:06:13.338+0000] {dag.py:3954} INFO - Setting next_dagrun for dataset_produces_1 to 2026-04-24 00:00:00+00:00, run_after=2026-04-25 00:00:00+00:00
[2026-04-25T22:06:13.340+0000] {logging_mixin.py:188} INFO - [2026-04-25T22:06:13.340+0000] {dag.py:3954} INFO - Setting next_dagrun for dataset_produces_2 to None, run_after=None
[2026-04-25T22:06:13.387+0000] {processor.py:183} INFO - Processing /home/airflow/.local/lib/python3.12/site-packages/airflow/example_dags/example_datasets.py took 0.398 seconds
[2026-04-25T22:06:43.890+0000] {processor.py:161} INFO - Started process (PID=137) to work on /home/airflow/.local/lib/python3.12/site-packages/airflow/example_dags/example_datasets.py
[2026-04-25T22:06:43.891+0000] {processor.py:830} INFO - Processing file /home/airflow/.local/lib/python3.12/site-packages/airflow/example_dags/example_datasets.py for tasks to queue
[2026-04-25T22:06:43.893+0000] {logging_mixin.py:188} INFO - [2026-04-25T22:06:43.893+0000] {dagbag.py:540} INFO - Filling up the DagBag from /home/airflow/.local/lib/python3.12/site-packages/airflow/example_dags/example_datasets.py
[2026-04-25T22:06:43.928+0000] {processor.py:840} INFO - DAG(s) 'dataset_produces_2', 'consume_1_or_2_with_dataset_expressions', 'dataset_consumes_unknown_never_scheduled', 'consume_1_and_2_with_dataset_expressions', 'dataset_consumes_1_and_2', 'consume_1_or_both_2_and_3_with_dataset_expressions', 'dataset_produces_1', 'dataset_consumes_1_never_scheduled', 'conditional_dataset_and_time_based_timetable', 'dataset_consumes_1' retrieved from /home/airflow/.local/lib/python3.12/site-packages/airflow/example_dags/example_datasets.py
[2026-04-25T22:06:44.098+0000] {logging_mixin.py:188} INFO - [2026-04-25T22:06:44.097+0000] {dag.py:3096} INFO - Sync 10 DAGs
[2026-04-25T22:06:44.194+0000] {logging_mixin.py:188} INFO - [2026-04-25T22:06:44.194+0000] {dag.py:3954} INFO - Setting next_dagrun for conditional_dataset_and_time_based_timetable to 2026-04-22 01:00:00+00:00, run_after=2026-04-22 01:00:00+00:00
[2026-04-25T22:06:44.205+0000] {logging_mixin.py:188} INFO - [2026-04-25T22:06:44.205+0000] {dag.py:3954} INFO - Setting next_dagrun for consume_1_and_2_with_dataset_expressions to None, run_after=None
[2026-04-25T22:06:44.209+0000] {logging_mixin.py:188} INFO - [2026-04-25T22:06:44.208+0000] {dag.py:3954} INFO - Setting next_dagrun for consume_1_or_2_with_dataset_expressions to None, run_after=None
[2026-04-25T22:06:44.212+0000] {logging_mixin.py:188} INFO - [2026-04-25T22:06:44.211+0000] {dag.py:3954} INFO - Setting next_dagrun for consume_1_or_both_2_and_3_with_dataset_expressions to None, run_after=None
[2026-04-25T22:06:44.217+0000] {logging_mixin.py:188} INFO - [2026-04-25T22:06:44.216+0000] {dag.py:3954} INFO - Setting next_dagrun for dataset_consumes_1 to None, run_after=None
[2026-04-25T22:06:44.222+0000] {logging_mixin.py:188} INFO - [2026-04-25T22:06:44.221+0000] {dag.py:3954} INFO - Setting next_dagrun for dataset_consumes_1_and_2 to None, run_after=None
[2026-04-25T22:06:44.225+0000] {logging_mixin.py:188} INFO - [2026-04-25T22:06:44.224+0000] {dag.py:3954} INFO - Setting next_dagrun for dataset_consumes_1_never_scheduled to None, run_after=None
[2026-04-25T22:06:44.228+0000] {logging_mixin.py:188} INFO - [2026-04-25T22:06:44.228+0000] {dag.py:3954} INFO - Setting next_dagrun for dataset_consumes_unknown_never_scheduled to None, run_after=None
[2026-04-25T22:06:44.236+0000] {logging_mixin.py:188} INFO - [2026-04-25T22:06:44.236+0000] {dag.py:3954} INFO - Setting next_dagrun for dataset_produces_1 to 2026-04-24 00:00:00+00:00, run_after=2026-04-25 00:00:00+00:00
[2026-04-25T22:06:44.240+0000] {logging_mixin.py:188} INFO - [2026-04-25T22:06:44.239+0000] {dag.py:3954} INFO - Setting next_dagrun for dataset_produces_2 to None, run_after=None
[2026-04-25T22:06:44.343+0000] {processor.py:183} INFO - Processing /home/airflow/.local/lib/python3.12/site-packages/airflow/example_dags/example_datasets.py took 0.463 seconds
[2026-04-25T22:07:47.783+0000] {processor.py:161} INFO - Started process (PID=201) to work on /home/airflow/.local/lib/python3.12/site-packages/airflow/example_dags/example_datasets.py
[2026-04-25T22:07:48.129+0000] {processor.py:830} INFO - Processing file /home/airflow/.local/lib/python3.12/site-packages/airflow/example_dags/example_datasets.py for tasks to queue
[2026-04-25T22:07:48.134+0000] {logging_mixin.py:188} INFO - [2026-04-25T22:07:48.133+0000] {dagbag.py:540} INFO - Filling up the DagBag from /home/airflow/.local/lib/python3.12/site-packages/airflow/example_dags/example_datasets.py
[2026-04-25T22:07:49.854+0000] {processor.py:840} INFO - DAG(s) 'consume_1_or_both_2_and_3_with_dataset_expressions', 'dataset_consumes_1', 'conditional_dataset_and_time_based_timetable', 'dataset_consumes_1_never_scheduled', 'consume_1_and_2_with_dataset_expressions', 'dataset_consumes_1_and_2', 'dataset_produces_1', 'dataset_consumes_unknown_never_scheduled', 'dataset_produces_2', 'consume_1_or_2_with_dataset_expressions' retrieved from /home/airflow/.local/lib/python3.12/site-packages/airflow/example_dags/example_datasets.py
[2026-04-25T22:07:59.623+0000] {logging_mixin.py:188} INFO - [2026-04-25T22:07:59.623+0000] {dag.py:3096} INFO - Sync 10 DAGs
[2026-04-25T22:08:03.524+0000] {logging_mixin.py:188} INFO - [2026-04-25T22:08:03.524+0000] {dag.py:3954} INFO - Setting next_dagrun for conditional_dataset_and_time_based_timetable to 2026-04-22 01:00:00+00:00, run_after=2026-04-22 01:00:00+00:00
[2026-04-25T22:08:03.530+0000] {logging_mixin.py:188} INFO - [2026-04-25T22:08:03.529+0000] {dag.py:3954} INFO - Setting next_dagrun for consume_1_and_2_with_dataset_expressions to None, run_after=None
[2026-04-25T22:08:03.714+0000] {logging_mixin.py:188} INFO - [2026-04-25T22:08:03.713+0000] {dag.py:3954} INFO - Setting next_dagrun for consume_1_or_2_with_dataset_expressions to None, run_after=None
[2026-04-25T22:08:03.716+0000] {logging_mixin.py:188} INFO - [2026-04-25T22:08:03.715+0000] {dag.py:3954} INFO - Setting next_dagrun for consume_1_or_both_2_and_3_with_dataset_expressions to None, run_after=None
[2026-04-25T22:08:03.717+0000] {logging_mixin.py:188} INFO - [2026-04-25T22:08:03.717+0000] {dag.py:3954} INFO - Setting next_dagrun for dataset_consumes_1 to None, run_after=None
[2026-04-25T22:08:03.719+0000] {logging_mixin.py:188} INFO - [2026-04-25T22:08:03.719+0000] {dag.py:3954} INFO - Setting next_dagrun for dataset_consumes_1_and_2 to None, run_after=None
[2026-04-25T22:08:03.721+0000] {logging_mixin.py:188} INFO - [2026-04-25T22:08:03.721+0000] {dag.py:3954} INFO - Setting next_dagrun for dataset_consumes_1_never_scheduled to None, run_after=None
[2026-04-25T22:08:03.723+0000] {logging_mixin.py:188} INFO - [2026-04-25T22:08:03.722+0000] {dag.py:3954} INFO - Setting next_dagrun for dataset_consumes_unknown_never_scheduled to None, run_after=None
[2026-04-25T22:08:03.726+0000] {logging_mixin.py:188} INFO - [2026-04-25T22:08:03.725+0000] {dag.py:3954} INFO - Setting next_dagrun for dataset_produces_1 to 2026-04-24 00:00:00+00:00, run_after=2026-04-25 00:00:00+00:00
[2026-04-25T22:08:03.728+0000] {logging_mixin.py:188} INFO - [2026-04-25T22:08:03.728+0000] {dag.py:3954} INFO - Setting next_dagrun for dataset_produces_2 to None, run_after=None
[2026-04-25T22:08:04.107+0000] {processor.py:183} INFO - Processing /home/airflow/.local/lib/python3.12/site-packages/airflow/example_dags/example_datasets.py took 17.398 seconds
[2026-04-25T22:08:34.485+0000] {processor.py:161} INFO - Started process (PID=261) to work on /home/airflow/.local/lib/python3.12/site-packages/airflow/example_dags/example_datasets.py
[2026-04-25T22:08:34.486+0000] {processor.py:830} INFO - Processing file /home/airflow/.local/lib/python3.12/site-packages/airflow/example_dags/example_datasets.py for tasks to queue
[2026-04-25T22:08:34.489+0000] {logging_mixin.py:188} INFO - [2026-04-25T22:08:34.488+0000] {dagbag.py:540} INFO - Filling up the DagBag from /home/airflow/.local/lib/python3.12/site-packages/airflow/example_dags/example_datasets.py
[2026-04-25T22:08:34.506+0000] {processor.py:840} INFO - DAG(s) 'dataset_consumes_1_and_2', 'consume_1_or_2_with_dataset_expressions', 'dataset_consumes_1', 'dataset_produces_2', 'dataset_produces_1', 'conditional_dataset_and_time_based_timetable', 'dataset_consumes_unknown_never_scheduled', 'dataset_consumes_1_never_scheduled', 'consume_1_or_both_2_and_3_with_dataset_expressions', 'consume_1_and_2_with_dataset_expressions' retrieved from /home/airflow/.local/lib/python3.12/site-packages/airflow/example_dags/example_datasets.py
[2026-04-25T22:08:34.607+0000] {logging_mixin.py:188} INFO - [2026-04-25T22:08:34.607+0000] {dag.py:3096} INFO - Sync 10 DAGs
[2026-04-25T22:08:34.632+0000] {logging_mixin.py:188} INFO - [2026-04-25T22:08:34.632+0000] {dag.py:3954} INFO - Setting next_dagrun for conditional_dataset_and_time_based_timetable to 2026-04-22 01:00:00+00:00, run_after=2026-04-22 01:00:00+00:00
[2026-04-25T22:08:34.637+0000] {logging_mixin.py:188} INFO - [2026-04-25T22:08:34.636+0000] {dag.py:3954} INFO - Setting next_dagrun for consume_1_and_2_with_dataset_expressions to None, run_after=None
[2026-04-25T22:08:34.639+0000] {logging_mixin.py:188} INFO - [2026-04-25T22:08:34.638+0000] {dag.py:3954} INFO - Setting next_dagrun for consume_1_or_2_with_dataset_expressions to None, run_after=None
[2026-04-25T22:08:34.640+0000] {logging_mixin.py:188} INFO - [2026-04-25T22:08:34.640+0000] {dag.py:3954} INFO - Setting next_dagrun for consume_1_or_both_2_and_3_with_dataset_expressions to None, run_after=None
[2026-04-25T22:08:34.642+0000] {logging_mixin.py:188} INFO - [2026-04-25T22:08:34.642+0000] {dag.py:3954} INFO - Setting next_dagrun for dataset_consumes_1 to None, run_after=None
[2026-04-25T22:08:34.643+0000] {logging_mixin.py:188} INFO - [2026-04-25T22:08:34.643+0000] {dag.py:3954} INFO - Setting next_dagrun for dataset_consumes_1_and_2 to None, run_after=None
[2026-04-25T22:08:34.645+0000] {logging_mixin.py:188} INFO - [2026-04-25T22:08:34.645+0000] {dag.py:3954} INFO - Setting next_dagrun for dataset_consumes_1_never_scheduled to None, run_after=None
[2026-04-25T22:08:34.646+0000] {logging_mixin.py:188} INFO - [2026-04-25T22:08:34.646+0000] {dag.py:3954} INFO - Setting next_dagrun for dataset_consumes_unknown_never_scheduled to None, run_after=None
[2026-04-25T22:08:34.649+0000] {logging_mixin.py:188} INFO - [2026-04-25T22:08:34.649+0000] {dag.py:3954} INFO - Setting next_dagrun for dataset_produces_1 to 2026-04-24 00:00:00+00:00, run_after=2026-04-25 00:00:00+00:00
[2026-04-25T22:08:34.650+0000] {logging_mixin.py:188} INFO - [2026-04-25T22:08:34.650+0000] {dag.py:3954} INFO - Setting next_dagrun for dataset_produces_2 to None, run_after=None
[2026-04-25T22:08:34.686+0000] {processor.py:183} INFO - Processing /home/airflow/.local/lib/python3.12/site-packages/airflow/example_dags/example_datasets.py took 0.209 seconds
[2026-04-25T22:09:04.838+0000] {processor.py:161} INFO - Started process (PID=319) to work on /home/airflow/.local/lib/python3.12/site-packages/airflow/example_dags/example_datasets.py
[2026-04-25T22:09:04.839+0000] {processor.py:830} INFO - Processing file /home/airflow/.local/lib/python3.12/site-packages/airflow/example_dags/example_datasets.py for tasks to queue
[2026-04-25T22:09:04.842+0000] {logging_mixin.py:188} INFO - [2026-04-25T22:09:04.841+0000] {dagbag.py:540} INFO - Filling up the DagBag from /home/airflow/.local/lib/python3.12/site-packages/airflow/example_dags/example_datasets.py
[2026-04-25T22:09:04.857+0000] {processor.py:840} INFO - DAG(s) 'dataset_produces_2', 'dataset_consumes_1_and_2', 'consume_1_or_both_2_and_3_with_dataset_expressions', 'dataset_produces_1', 'dataset_consumes_unknown_never_scheduled', 'consume_1_and_2_with_dataset_expressions', 'conditional_dataset_and_time_based_timetable', 'dataset_consumes_1_never_scheduled', 'dataset_consumes_1', 'consume_1_or_2_with_dataset_expressions' retrieved from /home/airflow/.local/lib/python3.12/site-packages/airflow/example_dags/example_datasets.py
[2026-04-25T22:09:04.911+0000] {logging_mixin.py:188} INFO - [2026-04-25T22:09:04.911+0000] {dag.py:3096} INFO - Sync 10 DAGs
[2026-04-25T22:09:04.942+0000] {logging_mixin.py:188} INFO - [2026-04-25T22:09:04.942+0000] {dag.py:3954} INFO - Setting next_dagrun for conditional_dataset_and_time_based_timetable to 2026-04-22 01:00:00+00:00, run_after=2026-04-22 01:00:00+00:00
[2026-04-25T22:09:04.948+0000] {logging_mixin.py:188} INFO - [2026-04-25T22:09:04.948+0000] {dag.py:3954} INFO - Setting next_dagrun for consume_1_and_2_with_dataset_expressions to None, run_after=None
[2026-04-25T22:09:04.951+0000] {logging_mixin.py:188} INFO - [2026-04-25T22:09:04.950+0000] {dag.py:3954} INFO - Setting next_dagrun for consume_1_or_2_with_dataset_expressions to None, run_after=None
[2026-04-25T22:09:04.952+0000] {logging_mixin.py:188} INFO - [2026-04-25T22:09:04.952+0000] {dag.py:3954} INFO - Setting next_dagrun for consume_1_or_both_2_and_3_with_dataset_expressions to None, run_after=None
[2026-04-25T22:09:04.954+0000] {logging_mixin.py:188} INFO - [2026-04-25T22:09:04.954+0000] {dag.py:3954} INFO - Setting next_dagrun for dataset_consumes_1 to None, run_after=None
[2026-04-25T22:09:04.955+0000] {logging_mixin.py:188} INFO - [2026-04-25T22:09:04.955+0000] {dag.py:3954} INFO - Setting next_dagrun for dataset_consumes_1_and_2 to None, run_after=None
[2026-04-25T22:09:04.957+0000] {logging_mixin.py:188} INFO - [2026-04-25T22:09:04.956+0000] {dag.py:3954} INFO - Setting next_dagrun for dataset_consumes_1_never_scheduled to None, run_after=None
[2026-04-25T22:09:04.958+0000] {logging_mixin.py:188} INFO - [2026-04-25T22:09:04.958+0000] {dag.py:3954} INFO - Setting next_dagrun for dataset_consumes_unknown_never_scheduled to None, run_after=None
[2026-04-25T22:09:04.961+0000] {logging_mixin.py:188} INFO - [2026-04-25T22:09:04.961+0000] {dag.py:3954} INFO - Setting next_dagrun for dataset_produces_1 to 2026-04-24 00:00:00+00:00, run_after=2026-04-25 00:00:00+00:00
[2026-04-25T22:09:04.964+0000] {logging_mixin.py:188} INFO - [2026-04-25T22:09:04.963+0000] {dag.py:3954} INFO - Setting next_dagrun for dataset_produces_2 to None, run_after=None
[2026-04-25T22:09:04.998+0000] {processor.py:183} INFO - Processing /home/airflow/.local/lib/python3.12/site-packages/airflow/example_dags/example_datasets.py took 0.168 seconds
[2026-04-25T22:09:35.102+0000] {processor.py:161} INFO - Started process (PID=377) to work on /home/airflow/.local/lib/python3.12/site-packages/airflow/example_dags/example_datasets.py
[2026-04-25T22:09:35.103+0000] {processor.py:830} INFO - Processing file /home/airflow/.local/lib/python3.12/site-packages/airflow/example_dags/example_datasets.py for tasks to queue
[2026-04-25T22:09:35.105+0000] {logging_mixin.py:188} INFO - [2026-04-25T22:09:35.105+0000] {dagbag.py:540} INFO - Filling up the DagBag from /home/airflow/.local/lib/python3.12/site-packages/airflow/example_dags/example_datasets.py
[2026-04-25T22:09:35.121+0000] {processor.py:840} INFO - DAG(s) 'consume_1_or_2_with_dataset_expressions', 'consume_1_and_2_with_dataset_expressions', 'conditional_dataset_and_time_based_timetable', 'dataset_consumes_unknown_never_scheduled', 'dataset_produces_1', 'dataset_consumes_1_and_2', 'dataset_consumes_1', 'consume_1_or_both_2_and_3_with_dataset_expressions', 'dataset_consumes_1_never_scheduled', 'dataset_produces_2' retrieved from /home/airflow/.local/lib/python3.12/site-packages/airflow/example_dags/example_datasets.py
[2026-04-25T22:09:35.172+0000] {logging_mixin.py:188} INFO - [2026-04-25T22:09:35.172+0000] {dag.py:3096} INFO - Sync 10 DAGs
[2026-04-25T22:09:35.205+0000] {logging_mixin.py:188} INFO - [2026-04-25T22:09:35.204+0000] {dag.py:3954} INFO - Setting next_dagrun for conditional_dataset_and_time_based_timetable to 2026-04-22 01:00:00+00:00, run_after=2026-04-22 01:00:00+00:00
[2026-04-25T22:09:35.209+0000] {logging_mixin.py:188} INFO - [2026-04-25T22:09:35.209+0000] {dag.py:3954} INFO - Setting next_dagrun for consume_1_and_2_with_dataset_expressions to None, run_after=None
[2026-04-25T22:09:35.211+0000] {logging_mixin.py:188} INFO - [2026-04-25T22:09:35.211+0000] {dag.py:3954} INFO - Setting next_dagrun for consume_1_or_2_with_dataset_expressions to None, run_after=None
[2026-04-25T22:09:35.213+0000] {logging_mixin.py:188} INFO - [2026-04-25T22:09:35.213+0000] {dag.py:3954} INFO - Setting next_dagrun for consume_1_or_both_2_and_3_with_dataset_expressions to None, run_after=None
[2026-04-25T22:09:35.215+0000] {logging_mixin.py:188} INFO - [2026-04-25T22:09:35.215+0000] {dag.py:3954} INFO - Setting next_dagrun for dataset_consumes_1 to None, run_after=None
[2026-04-25T22:09:35.217+0000] {logging_mixin.py:188} INFO - [2026-04-25T22:09:35.217+0000] {dag.py:3954} INFO - Setting next_dagrun for dataset_consumes_1_and_2 to None, run_after=None
[2026-04-25T22:09:35.219+0000] {logging_mixin.py:188} INFO - [2026-04-25T22:09:35.219+0000] {dag.py:3954} INFO - Setting next_dagrun for dataset_consumes_1_never_scheduled to None, run_after=None
[2026-04-25T22:09:35.221+0000] {logging_mixin.py:188} INFO - [2026-04-25T22:09:35.221+0000] {dag.py:3954} INFO - Setting next_dagrun for dataset_consumes_unknown_never_scheduled to None, run_after=None
[2026-04-25T22:09:35.224+0000] {logging_mixin.py:188} INFO - [2026-04-25T22:09:35.224+0000] {dag.py:3954} INFO - Setting next_dagrun for dataset_produces_1 to 2026-04-24 00:00:00+00:00, run_after=2026-04-25 00:00:00+00:00
[2026-04-25T22:09:35.226+0000] {logging_mixin.py:188} INFO - [2026-04-25T22:09:35.226+0000] {dag.py:3954} INFO - Setting next_dagrun for dataset_produces_2 to None, run_after=None
[2026-04-25T22:09:35.266+0000] {processor.py:183} INFO - Processing /home/airflow/.local/lib/python3.12/site-packages/airflow/example_dags/example_datasets.py took 0.171 seconds
[2026-04-25T22:10:05.465+0000] {processor.py:161} INFO - Started process (PID=435) to work on /home/airflow/.local/lib/python3.12/site-packages/airflow/example_dags/example_datasets.py
[2026-04-25T22:10:05.467+0000] {processor.py:830} INFO - Processing file /home/airflow/.local/lib/python3.12/site-packages/airflow/example_dags/example_datasets.py for tasks to queue
[2026-04-25T22:10:05.469+0000] {logging_mixin.py:188} INFO - [2026-04-25T22:10:05.468+0000] {dagbag.py:540} INFO - Filling up the DagBag from /home/airflow/.local/lib/python3.12/site-packages/airflow/example_dags/example_datasets.py
[2026-04-25T22:10:05.484+0000] {processor.py:840} INFO - DAG(s) 'dataset_produces_1', 'dataset_consumes_1', 'dataset_consumes_1_never_scheduled', 'dataset_produces_2', 'conditional_dataset_and_time_based_timetable', 'dataset_consumes_unknown_never_scheduled', 'consume_1_or_2_with_dataset_expressions', 'consume_1_or_both_2_and_3_with_dataset_expressions', 'dataset_consumes_1_and_2', 'consume_1_and_2_with_dataset_expressions' retrieved from /home/airflow/.local/lib/python3.12/site-packages/airflow/example_dags/example_datasets.py
[2026-04-25T22:10:05.548+0000] {logging_mixin.py:188} INFO - [2026-04-25T22:10:05.547+0000] {dag.py:3096} INFO - Sync 10 DAGs
[2026-04-25T22:10:05.582+0000] {logging_mixin.py:188} INFO - [2026-04-25T22:10:05.581+0000] {dag.py:3954} INFO - Setting next_dagrun for conditional_dataset_and_time_based_timetable to 2026-04-22 01:00:00+00:00, run_after=2026-04-22 01:00:00+00:00
[2026-04-25T22:10:05.589+0000] {logging_mixin.py:188} INFO - [2026-04-25T22:10:05.589+0000] {dag.py:3954} INFO - Setting next_dagrun for consume_1_and_2_with_dataset_expressions to None, run_after=None
[2026-04-25T22:10:05.594+0000] {logging_mixin.py:188} INFO - [2026-04-25T22:10:05.593+0000] {dag.py:3954} INFO - Setting next_dagrun for consume_1_or_2_with_dataset_expressions to None, run_after=None
[2026-04-25T22:10:05.596+0000] {logging_mixin.py:188} INFO - [2026-04-25T22:10:05.596+0000] {dag.py:3954} INFO - Setting next_dagrun for consume_1_or_both_2_and_3_with_dataset_expressions to None, run_after=None
[2026-04-25T22:10:05.600+0000] {logging_mixin.py:188} INFO - [2026-04-25T22:10:05.599+0000] {dag.py:3954} INFO - Setting next_dagrun for dataset_consumes_1 to None, run_after=None
[2026-04-25T22:10:05.603+0000] {logging_mixin.py:188} INFO - [2026-04-25T22:10:05.603+0000] {dag.py:3954} INFO - Setting next_dagrun for dataset_consumes_1_and_2 to None, run_after=None
[2026-04-25T22:10:05.606+0000] {logging_mixin.py:188} INFO - [2026-04-25T22:10:05.606+0000] {dag.py:3954} INFO - Setting next_dagrun for dataset_consumes_1_never_scheduled to None, run_after=None
[2026-04-25T22:10:05.608+0000] {logging_mixin.py:188} INFO - [2026-04-25T22:10:05.608+0000] {dag.py:3954} INFO - Setting next_dagrun for dataset_consumes_unknown_never_scheduled to None, run_after=None
[2026-04-25T22:10:05.613+0000] {logging_mixin.py:188} INFO - [2026-04-25T22:10:05.613+0000] {dag.py:3954} INFO - Setting next_dagrun for dataset_produces_1 to 2026-04-24 00:00:00+00:00, run_after=2026-04-25 00:00:00+00:00
[2026-04-25T22:10:05.618+0000] {logging_mixin.py:188} INFO - [2026-04-25T22:10:05.618+0000] {dag.py:3954} INFO - Setting next_dagrun for dataset_produces_2 to None, run_after=None
[2026-04-25T22:10:05.676+0000] {processor.py:183} INFO - Processing /home/airflow/.local/lib/python3.12/site-packages/airflow/example_dags/example_datasets.py took 0.217 seconds
[2026-04-25T22:10:35.806+0000] {processor.py:161} INFO - Started process (PID=493) to work on /home/airflow/.local/lib/python3.12/site-packages/airflow/example_dags/example_datasets.py
[2026-04-25T22:10:35.808+0000] {processor.py:830} INFO - Processing file /home/airflow/.local/lib/python3.12/site-packages/airflow/example_dags/example_datasets.py for tasks to queue
[2026-04-25T22:10:35.810+0000] {logging_mixin.py:188} INFO - [2026-04-25T22:10:35.810+0000] {dagbag.py:540} INFO - Filling up the DagBag from /home/airflow/.local/lib/python3.12/site-packages/airflow/example_dags/example_datasets.py
[2026-04-25T22:10:35.826+0000] {processor.py:840} INFO - DAG(s) 'consume_1_or_2_with_dataset_expressions', 'dataset_consumes_1', 'dataset_consumes_1_and_2', 'dataset_produces_1', 'conditional_dataset_and_time_based_timetable', 'dataset_consumes_unknown_never_scheduled', 'consume_1_or_both_2_and_3_with_dataset_expressions', 'consume_1_and_2_with_dataset_expressions', 'dataset_consumes_1_never_scheduled', 'dataset_produces_2' retrieved from /home/airflow/.local/lib/python3.12/site-packages/airflow/example_dags/example_datasets.py
[2026-04-25T22:10:35.878+0000] {logging_mixin.py:188} INFO - [2026-04-25T22:10:35.877+0000] {dag.py:3096} INFO - Sync 10 DAGs
[2026-04-25T22:10:35.908+0000] {logging_mixin.py:188} INFO - [2026-04-25T22:10:35.908+0000] {dag.py:3954} INFO - Setting next_dagrun for conditional_dataset_and_time_based_timetable to 2026-04-22 01:00:00+00:00, run_after=2026-04-22 01:00:00+00:00
[2026-04-25T22:10:35.912+0000] {logging_mixin.py:188} INFO - [2026-04-25T22:10:35.912+0000] {dag.py:3954} INFO - Setting next_dagrun for consume_1_and_2_with_dataset_expressions to None, run_after=None
[2026-04-25T22:10:35.913+0000] {logging_mixin.py:188} INFO - [2026-04-25T22:10:35.913+0000] {dag.py:3954} INFO - Setting next_dagrun for consume_1_or_2_with_dataset_expressions to None, run_after=None
[2026-04-25T22:10:35.915+0000] {logging_mixin.py:188} INFO - [2026-04-25T22:10:35.915+0000] {dag.py:3954} INFO - Setting next_dagrun for consume_1_or_both_2_and_3_with_dataset_expressions to None, run_after=None
[2026-04-25T22:10:35.917+0000] {logging_mixin.py:188} INFO - [2026-04-25T22:10:35.916+0000] {dag.py:3954} INFO - Setting next_dagrun for dataset_consumes_1 to None, run_after=None
[2026-04-25T22:10:35.918+0000] {logging_mixin.py:188} INFO - [2026-04-25T22:10:35.918+0000] {dag.py:3954} INFO - Setting next_dagrun for dataset_consumes_1_and_2 to None, run_after=None
[2026-04-25T22:10:35.919+0000] {logging_mixin.py:188} INFO - [2026-04-25T22:10:35.919+0000] {dag.py:3954} INFO - Setting next_dagrun for dataset_consumes_1_never_scheduled to None, run_after=None
[2026-04-25T22:10:35.921+0000] {logging_mixin.py:188} INFO - [2026-04-25T22:10:35.921+0000] {dag.py:3954} INFO - Setting next_dagrun for dataset_consumes_unknown_never_scheduled to None, run_after=None
[2026-04-25T22:10:35.924+0000] {logging_mixin.py:188} INFO - [2026-04-25T22:10:35.923+0000] {dag.py:3954} INFO - Setting next_dagrun for dataset_produces_1 to 2026-04-24 00:00:00+00:00, run_after=2026-04-25 00:00:00+00:00
[2026-04-25T22:10:35.925+0000] {logging_mixin.py:188} INFO - [2026-04-25T22:10:35.925+0000] {dag.py:3954} INFO - Setting next_dagrun for dataset_produces_2 to None, run_after=None
[2026-04-25T22:10:35.963+0000] {processor.py:183} INFO - Processing /home/airflow/.local/lib/python3.12/site-packages/airflow/example_dags/example_datasets.py took 0.164 seconds
[2026-04-25T22:11:06.379+0000] {processor.py:161} INFO - Started process (PID=551) to work on /home/airflow/.local/lib/python3.12/site-packages/airflow/example_dags/example_datasets.py
[2026-04-25T22:11:06.380+0000] {processor.py:830} INFO - Processing file /home/airflow/.local/lib/python3.12/site-packages/airflow/example_dags/example_datasets.py for tasks to queue
[2026-04-25T22:11:06.383+0000] {logging_mixin.py:188} INFO - [2026-04-25T22:11:06.382+0000] {dagbag.py:540} INFO - Filling up the DagBag from /home/airflow/.local/lib/python3.12/site-packages/airflow/example_dags/example_datasets.py
[2026-04-25T22:11:06.399+0000] {processor.py:840} INFO - DAG(s) 'dataset_consumes_1_and_2', 'dataset_produces_1', 'consume_1_and_2_with_dataset_expressions', 'dataset_consumes_1', 'dataset_consumes_1_never_scheduled', 'dataset_produces_2', 'dataset_consumes_unknown_never_scheduled', 'consume_1_or_2_with_dataset_expressions', 'conditional_dataset_and_time_based_timetable', 'consume_1_or_both_2_and_3_with_dataset_expressions' retrieved from /home/airflow/.local/lib/python3.12/site-packages/airflow/example_dags/example_datasets.py
[2026-04-25T22:11:06.419+0000] {logging_mixin.py:188} INFO - [2026-04-25T22:11:06.418+0000] {dag.py:3096} INFO - Sync 10 DAGs
[2026-04-25T22:11:06.455+0000] {logging_mixin.py:188} INFO - [2026-04-25T22:11:06.454+0000] {dag.py:3954} INFO - Setting next_dagrun for conditional_dataset_and_time_based_timetable to 2026-04-22 01:00:00+00:00, run_after=2026-04-22 01:00:00+00:00
[2026-04-25T22:11:06.460+0000] {logging_mixin.py:188} INFO - [2026-04-25T22:11:06.460+0000] {dag.py:3954} INFO - Setting next_dagrun for consume_1_and_2_with_dataset_expressions to None, run_after=None
[2026-04-25T22:11:06.463+0000] {logging_mixin.py:188} INFO - [2026-04-25T22:11:06.462+0000] {dag.py:3954} INFO - Setting next_dagrun for consume_1_or_2_with_dataset_expressions to None, run_after=None
[2026-04-25T22:11:06.467+0000] {logging_mixin.py:188} INFO - [2026-04-25T22:11:06.467+0000] {dag.py:3954} INFO - Setting next_dagrun for consume_1_or_both_2_and_3_with_dataset_expressions to None, run_after=None
[2026-04-25T22:11:06.470+0000] {logging_mixin.py:188} INFO - [2026-04-25T22:11:06.469+0000] {dag.py:3954} INFO - Setting next_dagrun for dataset_consumes_1 to None, run_after=None
[2026-04-25T22:11:06.472+0000] {logging_mixin.py:188} INFO - [2026-04-25T22:11:06.472+0000] {dag.py:3954} INFO - Setting next_dagrun for dataset_consumes_1_and_2 to None, run_after=None
[2026-04-25T22:11:06.474+0000] {logging_mixin.py:188} INFO - [2026-04-25T22:11:06.474+0000] {dag.py:3954} INFO - Setting next_dagrun for dataset_consumes_1_never_scheduled to None, run_after=None
[2026-04-25T22:11:06.476+0000] {logging_mixin.py:188} INFO - [2026-04-25T22:11:06.476+0000] {dag.py:3954} INFO - Setting next_dagrun for dataset_consumes_unknown_never_scheduled to None, run_after=None
[2026-04-25T22:11:06.480+0000] {logging_mixin.py:188} INFO - [2026-04-25T22:11:06.479+0000] {dag.py:3954} INFO - Setting next_dagrun for dataset_produces_1 to 2026-04-24 00:00:00+00:00, run_after=2026-04-25 00:00:00+00:00
[2026-04-25T22:11:06.482+0000] {logging_mixin.py:188} INFO - [2026-04-25T22:11:06.481+0000] {dag.py:3954} INFO - Setting next_dagrun for dataset_produces_2 to None, run_after=None
[2026-04-25T22:11:06.522+0000] {processor.py:183} INFO - Processing /home/airflow/.local/lib/python3.12/site-packages/airflow/example_dags/example_datasets.py took 0.150 seconds
[2026-04-25T22:11:38.576+0000] {processor.py:161} INFO - Started process (PID=609) to work on /home/airflow/.local/lib/python3.12/site-packages/airflow/example_dags/example_datasets.py
[2026-04-25T22:11:38.578+0000] {processor.py:830} INFO - Processing file /home/airflow/.local/lib/python3.12/site-packages/airflow/example_dags/example_datasets.py for tasks to queue
[2026-04-25T22:11:38.580+0000] {logging_mixin.py:188} INFO - [2026-04-25T22:11:38.580+0000] {dagbag.py:540} INFO - Filling up the DagBag from /home/airflow/.local/lib/python3.12/site-packages/airflow/example_dags/example_datasets.py
[2026-04-25T22:11:38.596+0000] {processor.py:840} INFO - DAG(s) 'conditional_dataset_and_time_based_timetable', 'consume_1_or_both_2_and_3_with_dataset_expressions', 'dataset_consumes_1', 'dataset_consumes_unknown_never_scheduled', 'dataset_produces_2', 'dataset_produces_1', 'consume_1_and_2_with_dataset_expressions', 'dataset_consumes_1_never_scheduled', 'consume_1_or_2_with_dataset_expressions', 'dataset_consumes_1_and_2' retrieved from /home/airflow/.local/lib/python3.12/site-packages/airflow/example_dags/example_datasets.py
[2026-04-25T22:11:38.903+0000] {logging_mixin.py:188} INFO - [2026-04-25T22:11:38.903+0000] {dag.py:3096} INFO - Sync 10 DAGs
[2026-04-25T22:11:39.098+0000] {logging_mixin.py:188} INFO - [2026-04-25T22:11:39.097+0000] {dag.py:3954} INFO - Setting next_dagrun for conditional_dataset_and_time_based_timetable to 2026-04-22 01:00:00+00:00, run_after=2026-04-22 01:00:00+00:00
[2026-04-25T22:11:39.101+0000] {logging_mixin.py:188} INFO - [2026-04-25T22:11:39.101+0000] {dag.py:3954} INFO - Setting next_dagrun for consume_1_and_2_with_dataset_expressions to None, run_after=None
[2026-04-25T22:11:39.103+0000] {logging_mixin.py:188} INFO - [2026-04-25T22:11:39.103+0000] {dag.py:3954} INFO - Setting next_dagrun for consume_1_or_2_with_dataset_expressions to None, run_after=None
[2026-04-25T22:11:39.105+0000] {logging_mixin.py:188} INFO - [2026-04-25T22:11:39.105+0000] {dag.py:3954} INFO - Setting next_dagrun for consume_1_or_both_2_and_3_with_dataset_expressions to None, run_after=None
[2026-04-25T22:11:39.107+0000] {logging_mixin.py:188} INFO - [2026-04-25T22:11:39.106+0000] {dag.py:3954} INFO - Setting next_dagrun for dataset_consumes_1 to None, run_after=None
[2026-04-25T22:11:39.109+0000] {logging_mixin.py:188} INFO - [2026-04-25T22:11:39.108+0000] {dag.py:3954} INFO - Setting next_dagrun for dataset_consumes_1_and_2 to None, run_after=None
[2026-04-25T22:11:39.110+0000] {logging_mixin.py:188} INFO - [2026-04-25T22:11:39.110+0000] {dag.py:3954} INFO - Setting next_dagrun for dataset_consumes_1_never_scheduled to None, run_after=None
[2026-04-25T22:11:39.112+0000] {logging_mixin.py:188} INFO - [2026-04-25T22:11:39.112+0000] {dag.py:3954} INFO - Setting next_dagrun for dataset_consumes_unknown_never_scheduled to None, run_after=None
[2026-04-25T22:11:39.114+0000] {logging_mixin.py:188} INFO - [2026-04-25T22:11:39.114+0000] {dag.py:3954} INFO - Setting next_dagrun for dataset_produces_1 to 2026-04-24 00:00:00+00:00, run_after=2026-04-25 00:00:00+00:00
[2026-04-25T22:11:39.116+0000] {logging_mixin.py:188} INFO - [2026-04-25T22:11:39.116+0000] {dag.py:3954} INFO - Setting next_dagrun for dataset_produces_2 to None, run_after=None
[2026-04-25T22:11:39.152+0000] {processor.py:183} INFO - Processing /home/airflow/.local/lib/python3.12/site-packages/airflow/example_dags/example_datasets.py took 0.589 seconds
[2026-04-25T22:12:15.706+0000] {processor.py:161} INFO - Started process (PID=68) to work on /home/airflow/.local/lib/python3.12/site-packages/airflow/example_dags/example_datasets.py
[2026-04-25T22:12:15.708+0000] {processor.py:830} INFO - Processing file /home/airflow/.local/lib/python3.12/site-packages/airflow/example_dags/example_datasets.py for tasks to queue
[2026-04-25T22:12:15.711+0000] {logging_mixin.py:188} INFO - [2026-04-25T22:12:15.711+0000] {dagbag.py:540} INFO - Filling up the DagBag from /home/airflow/.local/lib/python3.12/site-packages/airflow/example_dags/example_datasets.py
[2026-04-25T22:12:15.736+0000] {processor.py:840} INFO - DAG(s) 'dataset_produces_2', 'conditional_dataset_and_time_based_timetable', 'dataset_consumes_1_never_scheduled', 'dataset_produces_1', 'consume_1_or_both_2_and_3_with_dataset_expressions', 'dataset_consumes_unknown_never_scheduled', 'consume_1_and_2_with_dataset_expressions', 'dataset_consumes_1_and_2', 'consume_1_or_2_with_dataset_expressions', 'dataset_consumes_1' retrieved from /home/airflow/.local/lib/python3.12/site-packages/airflow/example_dags/example_datasets.py
[2026-04-25T22:12:15.767+0000] {logging_mixin.py:188} INFO - [2026-04-25T22:12:15.767+0000] {dag.py:3096} INFO - Sync 10 DAGs
[2026-04-25T22:12:15.805+0000] {logging_mixin.py:188} INFO - [2026-04-25T22:12:15.805+0000] {dag.py:3954} INFO - Setting next_dagrun for conditional_dataset_and_time_based_timetable to 2026-04-22 01:00:00+00:00, run_after=2026-04-22 01:00:00+00:00
[2026-04-25T22:12:15.811+0000] {logging_mixin.py:188} INFO - [2026-04-25T22:12:15.810+0000] {dag.py:3954} INFO - Setting next_dagrun for consume_1_and_2_with_dataset_expressions to None, run_after=None
[2026-04-25T22:12:15.813+0000] {logging_mixin.py:188} INFO - [2026-04-25T22:12:15.813+0000] {dag.py:3954} INFO - Setting next_dagrun for consume_1_or_2_with_dataset_expressions to None, run_after=None
[2026-04-25T22:12:15.815+0000] {logging_mixin.py:188} INFO - [2026-04-25T22:12:15.815+0000] {dag.py:3954} INFO - Setting next_dagrun for consume_1_or_both_2_and_3_with_dataset_expressions to None, run_after=None
[2026-04-25T22:12:15.817+0000] {logging_mixin.py:188} INFO - [2026-04-25T22:12:15.817+0000] {dag.py:3954} INFO - Setting next_dagrun for dataset_consumes_1 to None, run_after=None
[2026-04-25T22:12:15.820+0000] {logging_mixin.py:188} INFO - [2026-04-25T22:12:15.819+0000] {dag.py:3954} INFO - Setting next_dagrun for dataset_consumes_1_and_2 to None, run_after=None
[2026-04-25T22:12:15.822+0000] {logging_mixin.py:188} INFO - [2026-04-25T22:12:15.821+0000] {dag.py:3954} INFO - Setting next_dagrun for dataset_consumes_1_never_scheduled to None, run_after=None
[2026-04-25T22:12:15.824+0000] {logging_mixin.py:188} INFO - [2026-04-25T22:12:15.823+0000] {dag.py:3954} INFO - Setting next_dagrun for dataset_consumes_unknown_never_scheduled to None, run_after=None
[2026-04-25T22:12:15.827+0000] {logging_mixin.py:188} INFO - [2026-04-25T22:12:15.827+0000] {dag.py:3954} INFO - Setting next_dagrun for dataset_produces_1 to 2026-04-24 00:00:00+00:00, run_after=2026-04-25 00:00:00+00:00
[2026-04-25T22:12:15.830+0000] {logging_mixin.py:188} INFO - [2026-04-25T22:12:15.829+0000] {dag.py:3954} INFO - Setting next_dagrun for dataset_produces_2 to None, run_after=None
[2026-04-25T22:12:15.891+0000] {processor.py:183} INFO - Processing /home/airflow/.local/lib/python3.12/site-packages/airflow/example_dags/example_datasets.py took 0.195 seconds
[2026-04-25T22:12:46.544+0000] {processor.py:161} INFO - Started process (PID=126) to work on /home/airflow/.local/lib/python3.12/site-packages/airflow/example_dags/example_datasets.py
[2026-04-25T22:12:46.546+0000] {processor.py:830} INFO - Processing file /home/airflow/.local/lib/python3.12/site-packages/airflow/example_dags/example_datasets.py for tasks to queue
[2026-04-25T22:12:46.549+0000] {logging_mixin.py:188} INFO - [2026-04-25T22:12:46.548+0000] {dagbag.py:540} INFO - Filling up the DagBag from /home/airflow/.local/lib/python3.12/site-packages/airflow/example_dags/example_datasets.py
[2026-04-25T22:12:46.567+0000] {processor.py:840} INFO - DAG(s) 'consume_1_or_both_2_and_3_with_dataset_expressions', 'dataset_consumes_1_never_scheduled', 'dataset_produces_2', 'consume_1_and_2_with_dataset_expressions', 'dataset_consumes_unknown_never_scheduled', 'conditional_dataset_and_time_based_timetable', 'dataset_consumes_1_and_2', 'dataset_produces_1', 'dataset_consumes_1', 'consume_1_or_2_with_dataset_expressions' retrieved from /home/airflow/.local/lib/python3.12/site-packages/airflow/example_dags/example_datasets.py
[2026-04-25T22:12:46.782+0000] {logging_mixin.py:188} INFO - [2026-04-25T22:12:46.782+0000] {dag.py:3096} INFO - Sync 10 DAGs
[2026-04-25T22:12:46.807+0000] {logging_mixin.py:188} INFO - [2026-04-25T22:12:46.807+0000] {dag.py:3954} INFO - Setting next_dagrun for conditional_dataset_and_time_based_timetable to 2026-04-22 01:00:00+00:00, run_after=2026-04-22 01:00:00+00:00
[2026-04-25T22:12:46.810+0000] {logging_mixin.py:188} INFO - [2026-04-25T22:12:46.810+0000] {dag.py:3954} INFO - Setting next_dagrun for consume_1_and_2_with_dataset_expressions to None, run_after=None
[2026-04-25T22:12:46.812+0000] {logging_mixin.py:188} INFO - [2026-04-25T22:12:46.812+0000] {dag.py:3954} INFO - Setting next_dagrun for consume_1_or_2_with_dataset_expressions to None, run_after=None
[2026-04-25T22:12:46.814+0000] {logging_mixin.py:188} INFO - [2026-04-25T22:12:46.814+0000] {dag.py:3954} INFO - Setting next_dagrun for consume_1_or_both_2_and_3_with_dataset_expressions to None, run_after=None
[2026-04-25T22:12:46.815+0000] {logging_mixin.py:188} INFO - [2026-04-25T22:12:46.815+0000] {dag.py:3954} INFO - Setting next_dagrun for dataset_consumes_1 to None, run_after=None
[2026-04-25T22:12:46.817+0000] {logging_mixin.py:188} INFO - [2026-04-25T22:12:46.816+0000] {dag.py:3954} INFO - Setting next_dagrun for dataset_consumes_1_and_2 to None, run_after=None
[2026-04-25T22:12:46.818+0000] {logging_mixin.py:188} INFO - [2026-04-25T22:12:46.818+0000] {dag.py:3954} INFO - Setting next_dagrun for dataset_consumes_1_never_scheduled to None, run_after=None
[2026-04-25T22:12:46.819+0000] {logging_mixin.py:188} INFO - [2026-04-25T22:12:46.819+0000] {dag.py:3954} INFO - Setting next_dagrun for dataset_consumes_unknown_never_scheduled to None, run_after=None
[2026-04-25T22:12:46.822+0000] {logging_mixin.py:188} INFO - [2026-04-25T22:12:46.822+0000] {dag.py:3954} INFO - Setting next_dagrun for dataset_produces_1 to 2026-04-24 00:00:00+00:00, run_after=2026-04-25 00:00:00+00:00
[2026-04-25T22:12:46.824+0000] {logging_mixin.py:188} INFO - [2026-04-25T22:12:46.824+0000] {dag.py:3954} INFO - Setting next_dagrun for dataset_produces_2 to None, run_after=None
[2026-04-25T22:12:46.862+0000] {processor.py:183} INFO - Processing /home/airflow/.local/lib/python3.12/site-packages/airflow/example_dags/example_datasets.py took 0.326 seconds
[2026-04-25T22:13:17.540+0000] {processor.py:161} INFO - Started process (PID=184) to work on /home/airflow/.local/lib/python3.12/site-packages/airflow/example_dags/example_datasets.py
[2026-04-25T22:13:17.541+0000] {processor.py:830} INFO - Processing file /home/airflow/.local/lib/python3.12/site-packages/airflow/example_dags/example_datasets.py for tasks to queue
[2026-04-25T22:13:17.544+0000] {logging_mixin.py:188} INFO - [2026-04-25T22:13:17.544+0000] {dagbag.py:540} INFO - Filling up the DagBag from /home/airflow/.local/lib/python3.12/site-packages/airflow/example_dags/example_datasets.py
[2026-04-25T22:13:17.561+0000] {processor.py:840} INFO - DAG(s) 'dataset_consumes_1_and_2', 'dataset_consumes_1', 'conditional_dataset_and_time_based_timetable', 'consume_1_or_both_2_and_3_with_dataset_expressions', 'dataset_produces_1', 'dataset_produces_2', 'consume_1_and_2_with_dataset_expressions', 'dataset_consumes_1_never_scheduled', 'dataset_consumes_unknown_never_scheduled', 'consume_1_or_2_with_dataset_expressions' retrieved from /home/airflow/.local/lib/python3.12/site-packages/airflow/example_dags/example_datasets.py
[2026-04-25T22:13:17.614+0000] {logging_mixin.py:188} INFO - [2026-04-25T22:13:17.614+0000] {dag.py:3096} INFO - Sync 10 DAGs
[2026-04-25T22:13:17.640+0000] {logging_mixin.py:188} INFO - [2026-04-25T22:13:17.639+0000] {dag.py:3954} INFO - Setting next_dagrun for conditional_dataset_and_time_based_timetable to 2026-04-22 01:00:00+00:00, run_after=2026-04-22 01:00:00+00:00
[2026-04-25T22:13:17.645+0000] {logging_mixin.py:188} INFO - [2026-04-25T22:13:17.644+0000] {dag.py:3954} INFO - Setting next_dagrun for consume_1_and_2_with_dataset_expressions to None, run_after=None
[2026-04-25T22:13:17.647+0000] {logging_mixin.py:188} INFO - [2026-04-25T22:13:17.646+0000] {dag.py:3954} INFO - Setting next_dagrun for consume_1_or_2_with_dataset_expressions to None, run_after=None
[2026-04-25T22:13:17.648+0000] {logging_mixin.py:188} INFO - [2026-04-25T22:13:17.648+0000] {dag.py:3954} INFO - Setting next_dagrun for consume_1_or_both_2_and_3_with_dataset_expressions to None, run_after=None
[2026-04-25T22:13:17.650+0000] {logging_mixin.py:188} INFO - [2026-04-25T22:13:17.650+0000] {dag.py:3954} INFO - Setting next_dagrun for dataset_consumes_1 to None, run_after=None
[2026-04-25T22:13:17.652+0000] {logging_mixin.py:188} INFO - [2026-04-25T22:13:17.652+0000] {dag.py:3954} INFO - Setting next_dagrun for dataset_consumes_1_and_2 to None, run_after=None
[2026-04-25T22:13:17.654+0000] {logging_mixin.py:188} INFO - [2026-04-25T22:13:17.654+0000] {dag.py:3954} INFO - Setting next_dagrun for dataset_consumes_1_never_scheduled to None, run_after=None
[2026-04-25T22:13:17.656+0000] {logging_mixin.py:188} INFO - [2026-04-25T22:13:17.656+0000] {dag.py:3954} INFO - Setting next_dagrun for dataset_consumes_unknown_never_scheduled to None, run_after=None
[2026-04-25T22:13:17.659+0000] {logging_mixin.py:188} INFO - [2026-04-25T22:13:17.658+0000] {dag.py:3954} INFO - Setting next_dagrun for dataset_produces_1 to 2026-04-24 00:00:00+00:00, run_after=2026-04-25 00:00:00+00:00
[2026-04-25T22:13:17.660+0000] {logging_mixin.py:188} INFO - [2026-04-25T22:13:17.660+0000] {dag.py:3954} INFO - Setting next_dagrun for dataset_produces_2 to None, run_after=None
[2026-04-25T22:13:17.696+0000] {processor.py:183} INFO - Processing /home/airflow/.local/lib/python3.12/site-packages/airflow/example_dags/example_datasets.py took 0.164 seconds
