[2026-04-25T22:06:10.504+0000] {processor.py:161} INFO - Started process (PID=69) to work on /home/airflow/.local/lib/python3.12/site-packages/airflow/example_dags/example_python_decorator.py
[2026-04-25T22:06:10.507+0000] {processor.py:830} INFO - Processing file /home/airflow/.local/lib/python3.12/site-packages/airflow/example_dags/example_python_decorator.py for tasks to queue
[2026-04-25T22:06:10.514+0000] {logging_mixin.py:188} INFO - [2026-04-25T22:06:10.512+0000] {dagbag.py:540} INFO - Filling up the DagBag from /home/airflow/.local/lib/python3.12/site-packages/airflow/example_dags/example_python_decorator.py
[2026-04-25T22:06:10.580+0000] {processor.py:840} INFO - DAG(s) 'example_python_decorator' retrieved from /home/airflow/.local/lib/python3.12/site-packages/airflow/example_dags/example_python_decorator.py
[2026-04-25T22:06:11.205+0000] {logging_mixin.py:188} INFO - [2026-04-25T22:06:11.205+0000] {dag.py:3096} INFO - Sync 1 DAGs
[2026-04-25T22:06:11.226+0000] {logging_mixin.py:188} INFO - [2026-04-25T22:06:11.226+0000] {dag.py:3954} INFO - Setting next_dagrun for example_python_decorator to None, run_after=None
[2026-04-25T22:06:11.262+0000] {processor.py:183} INFO - Processing /home/airflow/.local/lib/python3.12/site-packages/airflow/example_dags/example_python_decorator.py took 0.773 seconds
[2026-04-25T22:06:41.509+0000] {processor.py:161} INFO - Started process (PID=127) to work on /home/airflow/.local/lib/python3.12/site-packages/airflow/example_dags/example_python_decorator.py
[2026-04-25T22:06:41.511+0000] {processor.py:830} INFO - Processing file /home/airflow/.local/lib/python3.12/site-packages/airflow/example_dags/example_python_decorator.py for tasks to queue
[2026-04-25T22:06:41.515+0000] {logging_mixin.py:188} INFO - [2026-04-25T22:06:41.514+0000] {dagbag.py:540} INFO - Filling up the DagBag from /home/airflow/.local/lib/python3.12/site-packages/airflow/example_dags/example_python_decorator.py
[2026-04-25T22:06:41.545+0000] {processor.py:840} INFO - DAG(s) 'example_python_decorator' retrieved from /home/airflow/.local/lib/python3.12/site-packages/airflow/example_dags/example_python_decorator.py
[2026-04-25T22:06:41.589+0000] {logging_mixin.py:188} INFO - [2026-04-25T22:06:41.589+0000] {dag.py:3096} INFO - Sync 1 DAGs
[2026-04-25T22:06:41.612+0000] {logging_mixin.py:188} INFO - [2026-04-25T22:06:41.612+0000] {dag.py:3954} INFO - Setting next_dagrun for example_python_decorator to None, run_after=None
[2026-04-25T22:06:41.637+0000] {processor.py:183} INFO - Processing /home/airflow/.local/lib/python3.12/site-packages/airflow/example_dags/example_python_decorator.py took 0.144 seconds
[2026-04-25T22:07:13.737+0000] {processor.py:161} INFO - Started process (PID=185) to work on /home/airflow/.local/lib/python3.12/site-packages/airflow/example_dags/example_python_decorator.py
[2026-04-25T22:07:14.755+0000] {processor.py:830} INFO - Processing file /home/airflow/.local/lib/python3.12/site-packages/airflow/example_dags/example_python_decorator.py for tasks to queue
[2026-04-25T22:07:14.786+0000] {logging_mixin.py:188} INFO - [2026-04-25T22:07:14.785+0000] {dagbag.py:540} INFO - Filling up the DagBag from /home/airflow/.local/lib/python3.12/site-packages/airflow/example_dags/example_python_decorator.py
[2026-04-25T22:07:17.321+0000] {processor.py:840} INFO - DAG(s) 'example_python_decorator' retrieved from /home/airflow/.local/lib/python3.12/site-packages/airflow/example_dags/example_python_decorator.py
[2026-04-25T22:07:19.103+0000] {logging_mixin.py:188} INFO - [2026-04-25T22:07:19.103+0000] {dag.py:3096} INFO - Sync 1 DAGs
[2026-04-25T22:07:20.412+0000] {logging_mixin.py:188} INFO - [2026-04-25T22:07:20.411+0000] {dag.py:3954} INFO - Setting next_dagrun for example_python_decorator to None, run_after=None
[2026-04-25T22:07:21.568+0000] {processor.py:183} INFO - Processing /home/airflow/.local/lib/python3.12/site-packages/airflow/example_dags/example_python_decorator.py took 9.057 seconds
[2026-04-25T22:08:09.017+0000] {processor.py:161} INFO - Started process (PID=242) to work on /home/airflow/.local/lib/python3.12/site-packages/airflow/example_dags/example_python_decorator.py
[2026-04-25T22:08:09.019+0000] {processor.py:830} INFO - Processing file /home/airflow/.local/lib/python3.12/site-packages/airflow/example_dags/example_python_decorator.py for tasks to queue
[2026-04-25T22:08:09.021+0000] {logging_mixin.py:188} INFO - [2026-04-25T22:08:09.021+0000] {dagbag.py:540} INFO - Filling up the DagBag from /home/airflow/.local/lib/python3.12/site-packages/airflow/example_dags/example_python_decorator.py
[2026-04-25T22:08:09.037+0000] {processor.py:840} INFO - DAG(s) 'example_python_decorator' retrieved from /home/airflow/.local/lib/python3.12/site-packages/airflow/example_dags/example_python_decorator.py
[2026-04-25T22:08:09.071+0000] {logging_mixin.py:188} INFO - [2026-04-25T22:08:09.071+0000] {dag.py:3096} INFO - Sync 1 DAGs
[2026-04-25T22:08:09.091+0000] {logging_mixin.py:188} INFO - [2026-04-25T22:08:09.091+0000] {dag.py:3954} INFO - Setting next_dagrun for example_python_decorator to None, run_after=None
[2026-04-25T22:08:09.118+0000] {processor.py:183} INFO - Processing /home/airflow/.local/lib/python3.12/site-packages/airflow/example_dags/example_python_decorator.py took 0.108 seconds
[2026-04-25T22:08:39.867+0000] {processor.py:161} INFO - Started process (PID=298) to work on /home/airflow/.local/lib/python3.12/site-packages/airflow/example_dags/example_python_decorator.py
[2026-04-25T22:08:39.869+0000] {processor.py:830} INFO - Processing file /home/airflow/.local/lib/python3.12/site-packages/airflow/example_dags/example_python_decorator.py for tasks to queue
[2026-04-25T22:08:39.871+0000] {logging_mixin.py:188} INFO - [2026-04-25T22:08:39.871+0000] {dagbag.py:540} INFO - Filling up the DagBag from /home/airflow/.local/lib/python3.12/site-packages/airflow/example_dags/example_python_decorator.py
[2026-04-25T22:08:39.886+0000] {processor.py:840} INFO - DAG(s) 'example_python_decorator' retrieved from /home/airflow/.local/lib/python3.12/site-packages/airflow/example_dags/example_python_decorator.py
[2026-04-25T22:08:39.912+0000] {logging_mixin.py:188} INFO - [2026-04-25T22:08:39.912+0000] {dag.py:3096} INFO - Sync 1 DAGs
[2026-04-25T22:08:39.925+0000] {logging_mixin.py:188} INFO - [2026-04-25T22:08:39.925+0000] {dag.py:3954} INFO - Setting next_dagrun for example_python_decorator to None, run_after=None
[2026-04-25T22:08:39.947+0000] {processor.py:183} INFO - Processing /home/airflow/.local/lib/python3.12/site-packages/airflow/example_dags/example_python_decorator.py took 0.087 seconds
[2026-04-25T22:09:10.516+0000] {processor.py:161} INFO - Started process (PID=356) to work on /home/airflow/.local/lib/python3.12/site-packages/airflow/example_dags/example_python_decorator.py
[2026-04-25T22:09:10.517+0000] {processor.py:830} INFO - Processing file /home/airflow/.local/lib/python3.12/site-packages/airflow/example_dags/example_python_decorator.py for tasks to queue
[2026-04-25T22:09:10.520+0000] {logging_mixin.py:188} INFO - [2026-04-25T22:09:10.520+0000] {dagbag.py:540} INFO - Filling up the DagBag from /home/airflow/.local/lib/python3.12/site-packages/airflow/example_dags/example_python_decorator.py
[2026-04-25T22:09:10.535+0000] {processor.py:840} INFO - DAG(s) 'example_python_decorator' retrieved from /home/airflow/.local/lib/python3.12/site-packages/airflow/example_dags/example_python_decorator.py
[2026-04-25T22:09:10.559+0000] {logging_mixin.py:188} INFO - [2026-04-25T22:09:10.559+0000] {dag.py:3096} INFO - Sync 1 DAGs
[2026-04-25T22:09:10.573+0000] {logging_mixin.py:188} INFO - [2026-04-25T22:09:10.573+0000] {dag.py:3954} INFO - Setting next_dagrun for example_python_decorator to None, run_after=None
[2026-04-25T22:09:10.592+0000] {processor.py:183} INFO - Processing /home/airflow/.local/lib/python3.12/site-packages/airflow/example_dags/example_python_decorator.py took 0.084 seconds
[2026-04-25T22:09:40.871+0000] {processor.py:161} INFO - Started process (PID=410) to work on /home/airflow/.local/lib/python3.12/site-packages/airflow/example_dags/example_python_decorator.py
[2026-04-25T22:09:40.873+0000] {processor.py:830} INFO - Processing file /home/airflow/.local/lib/python3.12/site-packages/airflow/example_dags/example_python_decorator.py for tasks to queue
[2026-04-25T22:09:40.875+0000] {logging_mixin.py:188} INFO - [2026-04-25T22:09:40.875+0000] {dagbag.py:540} INFO - Filling up the DagBag from /home/airflow/.local/lib/python3.12/site-packages/airflow/example_dags/example_python_decorator.py
[2026-04-25T22:09:40.892+0000] {processor.py:840} INFO - DAG(s) 'example_python_decorator' retrieved from /home/airflow/.local/lib/python3.12/site-packages/airflow/example_dags/example_python_decorator.py
[2026-04-25T22:09:40.917+0000] {logging_mixin.py:188} INFO - [2026-04-25T22:09:40.917+0000] {dag.py:3096} INFO - Sync 1 DAGs
[2026-04-25T22:09:40.931+0000] {logging_mixin.py:188} INFO - [2026-04-25T22:09:40.930+0000] {dag.py:3954} INFO - Setting next_dagrun for example_python_decorator to None, run_after=None
[2026-04-25T22:09:40.951+0000] {processor.py:183} INFO - Processing /home/airflow/.local/lib/python3.12/site-packages/airflow/example_dags/example_python_decorator.py took 0.087 seconds
[2026-04-25T22:10:11.017+0000] {processor.py:161} INFO - Started process (PID=464) to work on /home/airflow/.local/lib/python3.12/site-packages/airflow/example_dags/example_python_decorator.py
[2026-04-25T22:10:11.018+0000] {processor.py:830} INFO - Processing file /home/airflow/.local/lib/python3.12/site-packages/airflow/example_dags/example_python_decorator.py for tasks to queue
[2026-04-25T22:10:11.020+0000] {logging_mixin.py:188} INFO - [2026-04-25T22:10:11.020+0000] {dagbag.py:540} INFO - Filling up the DagBag from /home/airflow/.local/lib/python3.12/site-packages/airflow/example_dags/example_python_decorator.py
[2026-04-25T22:10:11.037+0000] {processor.py:840} INFO - DAG(s) 'example_python_decorator' retrieved from /home/airflow/.local/lib/python3.12/site-packages/airflow/example_dags/example_python_decorator.py
[2026-04-25T22:10:11.064+0000] {logging_mixin.py:188} INFO - [2026-04-25T22:10:11.063+0000] {dag.py:3096} INFO - Sync 1 DAGs
[2026-04-25T22:10:11.078+0000] {logging_mixin.py:188} INFO - [2026-04-25T22:10:11.078+0000] {dag.py:3954} INFO - Setting next_dagrun for example_python_decorator to None, run_after=None
[2026-04-25T22:10:11.098+0000] {processor.py:183} INFO - Processing /home/airflow/.local/lib/python3.12/site-packages/airflow/example_dags/example_python_decorator.py took 0.090 seconds
[2026-04-25T22:10:42.098+0000] {processor.py:161} INFO - Started process (PID=522) to work on /home/airflow/.local/lib/python3.12/site-packages/airflow/example_dags/example_python_decorator.py
[2026-04-25T22:10:42.099+0000] {processor.py:830} INFO - Processing file /home/airflow/.local/lib/python3.12/site-packages/airflow/example_dags/example_python_decorator.py for tasks to queue
[2026-04-25T22:10:42.101+0000] {logging_mixin.py:188} INFO - [2026-04-25T22:10:42.101+0000] {dagbag.py:540} INFO - Filling up the DagBag from /home/airflow/.local/lib/python3.12/site-packages/airflow/example_dags/example_python_decorator.py
[2026-04-25T22:10:42.118+0000] {processor.py:840} INFO - DAG(s) 'example_python_decorator' retrieved from /home/airflow/.local/lib/python3.12/site-packages/airflow/example_dags/example_python_decorator.py
[2026-04-25T22:10:42.144+0000] {logging_mixin.py:188} INFO - [2026-04-25T22:10:42.143+0000] {dag.py:3096} INFO - Sync 1 DAGs
[2026-04-25T22:10:42.157+0000] {logging_mixin.py:188} INFO - [2026-04-25T22:10:42.157+0000] {dag.py:3954} INFO - Setting next_dagrun for example_python_decorator to None, run_after=None
[2026-04-25T22:10:42.177+0000] {processor.py:183} INFO - Processing /home/airflow/.local/lib/python3.12/site-packages/airflow/example_dags/example_python_decorator.py took 0.085 seconds
[2026-04-25T22:11:12.381+0000] {processor.py:161} INFO - Started process (PID=578) to work on /home/airflow/.local/lib/python3.12/site-packages/airflow/example_dags/example_python_decorator.py
[2026-04-25T22:11:12.383+0000] {processor.py:830} INFO - Processing file /home/airflow/.local/lib/python3.12/site-packages/airflow/example_dags/example_python_decorator.py for tasks to queue
[2026-04-25T22:11:12.385+0000] {logging_mixin.py:188} INFO - [2026-04-25T22:11:12.385+0000] {dagbag.py:540} INFO - Filling up the DagBag from /home/airflow/.local/lib/python3.12/site-packages/airflow/example_dags/example_python_decorator.py
[2026-04-25T22:11:12.403+0000] {processor.py:840} INFO - DAG(s) 'example_python_decorator' retrieved from /home/airflow/.local/lib/python3.12/site-packages/airflow/example_dags/example_python_decorator.py
[2026-04-25T22:11:12.419+0000] {logging_mixin.py:188} INFO - [2026-04-25T22:11:12.418+0000] {dag.py:3096} INFO - Sync 1 DAGs
[2026-04-25T22:11:12.436+0000] {logging_mixin.py:188} INFO - [2026-04-25T22:11:12.435+0000] {dag.py:3954} INFO - Setting next_dagrun for example_python_decorator to None, run_after=None
[2026-04-25T22:11:12.459+0000] {processor.py:183} INFO - Processing /home/airflow/.local/lib/python3.12/site-packages/airflow/example_dags/example_python_decorator.py took 0.087 seconds
[2026-04-25T22:11:44.348+0000] {processor.py:161} INFO - Started process (PID=634) to work on /home/airflow/.local/lib/python3.12/site-packages/airflow/example_dags/example_python_decorator.py
[2026-04-25T22:11:44.350+0000] {processor.py:830} INFO - Processing file /home/airflow/.local/lib/python3.12/site-packages/airflow/example_dags/example_python_decorator.py for tasks to queue
[2026-04-25T22:11:44.354+0000] {logging_mixin.py:188} INFO - [2026-04-25T22:11:44.353+0000] {dagbag.py:540} INFO - Filling up the DagBag from /home/airflow/.local/lib/python3.12/site-packages/airflow/example_dags/example_python_decorator.py
[2026-04-25T22:11:44.373+0000] {processor.py:840} INFO - DAG(s) 'example_python_decorator' retrieved from /home/airflow/.local/lib/python3.12/site-packages/airflow/example_dags/example_python_decorator.py
[2026-04-25T22:11:44.501+0000] {logging_mixin.py:188} INFO - [2026-04-25T22:11:44.501+0000] {dag.py:3096} INFO - Sync 1 DAGs
[2026-04-25T22:11:44.515+0000] {logging_mixin.py:188} INFO - [2026-04-25T22:11:44.515+0000] {dag.py:3954} INFO - Setting next_dagrun for example_python_decorator to None, run_after=None
[2026-04-25T22:11:44.689+0000] {processor.py:183} INFO - Processing /home/airflow/.local/lib/python3.12/site-packages/airflow/example_dags/example_python_decorator.py took 0.349 seconds
[2026-04-25T22:12:14.001+0000] {processor.py:161} INFO - Started process (PID=58) to work on /home/airflow/.local/lib/python3.12/site-packages/airflow/example_dags/example_python_decorator.py
[2026-04-25T22:12:14.005+0000] {processor.py:830} INFO - Processing file /home/airflow/.local/lib/python3.12/site-packages/airflow/example_dags/example_python_decorator.py for tasks to queue
[2026-04-25T22:12:14.012+0000] {logging_mixin.py:188} INFO - [2026-04-25T22:12:14.011+0000] {dagbag.py:540} INFO - Filling up the DagBag from /home/airflow/.local/lib/python3.12/site-packages/airflow/example_dags/example_python_decorator.py
[2026-04-25T22:12:14.076+0000] {processor.py:840} INFO - DAG(s) 'example_python_decorator' retrieved from /home/airflow/.local/lib/python3.12/site-packages/airflow/example_dags/example_python_decorator.py
[2026-04-25T22:12:14.137+0000] {logging_mixin.py:188} INFO - [2026-04-25T22:12:14.137+0000] {dag.py:3096} INFO - Sync 1 DAGs
[2026-04-25T22:12:14.174+0000] {logging_mixin.py:188} INFO - [2026-04-25T22:12:14.174+0000] {dag.py:3954} INFO - Setting next_dagrun for example_python_decorator to None, run_after=None
[2026-04-25T22:12:14.206+0000] {processor.py:183} INFO - Processing /home/airflow/.local/lib/python3.12/site-packages/airflow/example_dags/example_python_decorator.py took 0.227 seconds
[2026-04-25T22:12:44.626+0000] {processor.py:161} INFO - Started process (PID=116) to work on /home/airflow/.local/lib/python3.12/site-packages/airflow/example_dags/example_python_decorator.py
[2026-04-25T22:12:44.627+0000] {processor.py:830} INFO - Processing file /home/airflow/.local/lib/python3.12/site-packages/airflow/example_dags/example_python_decorator.py for tasks to queue
[2026-04-25T22:12:44.630+0000] {logging_mixin.py:188} INFO - [2026-04-25T22:12:44.629+0000] {dagbag.py:540} INFO - Filling up the DagBag from /home/airflow/.local/lib/python3.12/site-packages/airflow/example_dags/example_python_decorator.py
[2026-04-25T22:12:44.644+0000] {processor.py:840} INFO - DAG(s) 'example_python_decorator' retrieved from /home/airflow/.local/lib/python3.12/site-packages/airflow/example_dags/example_python_decorator.py
[2026-04-25T22:12:44.762+0000] {logging_mixin.py:188} INFO - [2026-04-25T22:12:44.762+0000] {dag.py:3096} INFO - Sync 1 DAGs
[2026-04-25T22:12:44.773+0000] {logging_mixin.py:188} INFO - [2026-04-25T22:12:44.773+0000] {dag.py:3954} INFO - Setting next_dagrun for example_python_decorator to None, run_after=None
[2026-04-25T22:12:44.799+0000] {processor.py:183} INFO - Processing /home/airflow/.local/lib/python3.12/site-packages/airflow/example_dags/example_python_decorator.py took 0.180 seconds
[2026-04-25T22:13:14.958+0000] {processor.py:161} INFO - Started process (PID=174) to work on /home/airflow/.local/lib/python3.12/site-packages/airflow/example_dags/example_python_decorator.py
[2026-04-25T22:13:14.959+0000] {processor.py:830} INFO - Processing file /home/airflow/.local/lib/python3.12/site-packages/airflow/example_dags/example_python_decorator.py for tasks to queue
[2026-04-25T22:13:14.962+0000] {logging_mixin.py:188} INFO - [2026-04-25T22:13:14.961+0000] {dagbag.py:540} INFO - Filling up the DagBag from /home/airflow/.local/lib/python3.12/site-packages/airflow/example_dags/example_python_decorator.py
[2026-04-25T22:13:14.977+0000] {processor.py:840} INFO - DAG(s) 'example_python_decorator' retrieved from /home/airflow/.local/lib/python3.12/site-packages/airflow/example_dags/example_python_decorator.py
[2026-04-25T22:13:15.002+0000] {logging_mixin.py:188} INFO - [2026-04-25T22:13:15.002+0000] {dag.py:3096} INFO - Sync 1 DAGs
[2026-04-25T22:13:15.015+0000] {logging_mixin.py:188} INFO - [2026-04-25T22:13:15.014+0000] {dag.py:3954} INFO - Setting next_dagrun for example_python_decorator to None, run_after=None
[2026-04-25T22:13:15.034+0000] {processor.py:183} INFO - Processing /home/airflow/.local/lib/python3.12/site-packages/airflow/example_dags/example_python_decorator.py took 0.083 seconds
