[2026-04-25T22:06:17.943+0000] {processor.py:161} INFO - Started process (PID=110) to work on /home/airflow/.local/lib/python3.12/site-packages/airflow/example_dags/example_xcom.py
[2026-04-25T22:06:17.944+0000] {processor.py:830} INFO - Processing file /home/airflow/.local/lib/python3.12/site-packages/airflow/example_dags/example_xcom.py for tasks to queue
[2026-04-25T22:06:17.948+0000] {logging_mixin.py:188} INFO - [2026-04-25T22:06:17.948+0000] {dagbag.py:540} INFO - Filling up the DagBag from /home/airflow/.local/lib/python3.12/site-packages/airflow/example_dags/example_xcom.py
[2026-04-25T22:06:17.959+0000] {processor.py:840} INFO - DAG(s) 'example_xcom' retrieved from /home/airflow/.local/lib/python3.12/site-packages/airflow/example_dags/example_xcom.py
[2026-04-25T22:06:18.091+0000] {logging_mixin.py:188} INFO - [2026-04-25T22:06:18.090+0000] {dag.py:3096} INFO - Sync 1 DAGs
[2026-04-25T22:06:18.113+0000] {logging_mixin.py:188} INFO - [2026-04-25T22:06:18.112+0000] {dag.py:3954} INFO - Setting next_dagrun for example_xcom to 2021-01-01 00:00:00+00:00, run_after=2021-01-01 00:00:00+00:00
[2026-04-25T22:06:18.134+0000] {processor.py:183} INFO - Processing /home/airflow/.local/lib/python3.12/site-packages/airflow/example_dags/example_xcom.py took 0.198 seconds
[2026-04-25T22:06:58.306+0000] {processor.py:161} INFO - Started process (PID=168) to work on /home/airflow/.local/lib/python3.12/site-packages/airflow/example_dags/example_xcom.py
[2026-04-25T22:06:58.307+0000] {processor.py:830} INFO - Processing file /home/airflow/.local/lib/python3.12/site-packages/airflow/example_dags/example_xcom.py for tasks to queue
[2026-04-25T22:06:58.309+0000] {logging_mixin.py:188} INFO - [2026-04-25T22:06:58.309+0000] {dagbag.py:540} INFO - Filling up the DagBag from /home/airflow/.local/lib/python3.12/site-packages/airflow/example_dags/example_xcom.py
[2026-04-25T22:06:58.318+0000] {processor.py:840} INFO - DAG(s) 'example_xcom' retrieved from /home/airflow/.local/lib/python3.12/site-packages/airflow/example_dags/example_xcom.py
[2026-04-25T22:06:58.343+0000] {logging_mixin.py:188} INFO - [2026-04-25T22:06:58.342+0000] {dag.py:3096} INFO - Sync 1 DAGs
[2026-04-25T22:06:58.365+0000] {logging_mixin.py:188} INFO - [2026-04-25T22:06:58.364+0000] {dag.py:3954} INFO - Setting next_dagrun for example_xcom to 2021-01-01 00:00:00+00:00, run_after=2021-01-01 00:00:00+00:00
[2026-04-25T22:06:58.383+0000] {processor.py:183} INFO - Processing /home/airflow/.local/lib/python3.12/site-packages/airflow/example_dags/example_xcom.py took 0.084 seconds
[2026-04-25T22:08:08.316+0000] {processor.py:161} INFO - Started process (PID=232) to work on /home/airflow/.local/lib/python3.12/site-packages/airflow/example_dags/example_xcom.py
[2026-04-25T22:08:08.349+0000] {processor.py:830} INFO - Processing file /home/airflow/.local/lib/python3.12/site-packages/airflow/example_dags/example_xcom.py for tasks to queue
[2026-04-25T22:08:08.353+0000] {logging_mixin.py:188} INFO - [2026-04-25T22:08:08.352+0000] {dagbag.py:540} INFO - Filling up the DagBag from /home/airflow/.local/lib/python3.12/site-packages/airflow/example_dags/example_xcom.py
[2026-04-25T22:08:08.365+0000] {processor.py:840} INFO - DAG(s) 'example_xcom' retrieved from /home/airflow/.local/lib/python3.12/site-packages/airflow/example_dags/example_xcom.py
[2026-04-25T22:08:08.395+0000] {logging_mixin.py:188} INFO - [2026-04-25T22:08:08.395+0000] {dag.py:3096} INFO - Sync 1 DAGs
[2026-04-25T22:08:08.419+0000] {logging_mixin.py:188} INFO - [2026-04-25T22:08:08.419+0000] {dag.py:3954} INFO - Setting next_dagrun for example_xcom to 2021-01-01 00:00:00+00:00, run_after=2021-01-01 00:00:00+00:00
[2026-04-25T22:08:08.439+0000] {processor.py:183} INFO - Processing /home/airflow/.local/lib/python3.12/site-packages/airflow/example_dags/example_xcom.py took 0.131 seconds
[2026-04-25T22:08:39.266+0000] {processor.py:161} INFO - Started process (PID=290) to work on /home/airflow/.local/lib/python3.12/site-packages/airflow/example_dags/example_xcom.py
[2026-04-25T22:08:39.268+0000] {processor.py:830} INFO - Processing file /home/airflow/.local/lib/python3.12/site-packages/airflow/example_dags/example_xcom.py for tasks to queue
[2026-04-25T22:08:39.274+0000] {logging_mixin.py:188} INFO - [2026-04-25T22:08:39.273+0000] {dagbag.py:540} INFO - Filling up the DagBag from /home/airflow/.local/lib/python3.12/site-packages/airflow/example_dags/example_xcom.py
[2026-04-25T22:08:39.296+0000] {processor.py:840} INFO - DAG(s) 'example_xcom' retrieved from /home/airflow/.local/lib/python3.12/site-packages/airflow/example_dags/example_xcom.py
[2026-04-25T22:08:39.348+0000] {logging_mixin.py:188} INFO - [2026-04-25T22:08:39.348+0000] {dag.py:3096} INFO - Sync 1 DAGs
[2026-04-25T22:08:39.412+0000] {logging_mixin.py:188} INFO - [2026-04-25T22:08:39.410+0000] {dag.py:3954} INFO - Setting next_dagrun for example_xcom to 2021-01-01 00:00:00+00:00, run_after=2021-01-01 00:00:00+00:00
[2026-04-25T22:08:39.460+0000] {processor.py:183} INFO - Processing /home/airflow/.local/lib/python3.12/site-packages/airflow/example_dags/example_xcom.py took 0.206 seconds
[2026-04-25T22:09:10.062+0000] {processor.py:161} INFO - Started process (PID=348) to work on /home/airflow/.local/lib/python3.12/site-packages/airflow/example_dags/example_xcom.py
[2026-04-25T22:09:10.063+0000] {processor.py:830} INFO - Processing file /home/airflow/.local/lib/python3.12/site-packages/airflow/example_dags/example_xcom.py for tasks to queue
[2026-04-25T22:09:10.066+0000] {logging_mixin.py:188} INFO - [2026-04-25T22:09:10.065+0000] {dagbag.py:540} INFO - Filling up the DagBag from /home/airflow/.local/lib/python3.12/site-packages/airflow/example_dags/example_xcom.py
[2026-04-25T22:09:10.074+0000] {processor.py:840} INFO - DAG(s) 'example_xcom' retrieved from /home/airflow/.local/lib/python3.12/site-packages/airflow/example_dags/example_xcom.py
[2026-04-25T22:09:10.097+0000] {logging_mixin.py:188} INFO - [2026-04-25T22:09:10.097+0000] {dag.py:3096} INFO - Sync 1 DAGs
[2026-04-25T22:09:10.118+0000] {logging_mixin.py:188} INFO - [2026-04-25T22:09:10.118+0000] {dag.py:3954} INFO - Setting next_dagrun for example_xcom to 2021-01-01 00:00:00+00:00, run_after=2021-01-01 00:00:00+00:00
[2026-04-25T22:09:10.137+0000] {processor.py:183} INFO - Processing /home/airflow/.local/lib/python3.12/site-packages/airflow/example_dags/example_xcom.py took 0.082 seconds
[2026-04-25T22:09:40.581+0000] {processor.py:161} INFO - Started process (PID=406) to work on /home/airflow/.local/lib/python3.12/site-packages/airflow/example_dags/example_xcom.py
[2026-04-25T22:09:40.582+0000] {processor.py:830} INFO - Processing file /home/airflow/.local/lib/python3.12/site-packages/airflow/example_dags/example_xcom.py for tasks to queue
[2026-04-25T22:09:40.585+0000] {logging_mixin.py:188} INFO - [2026-04-25T22:09:40.584+0000] {dagbag.py:540} INFO - Filling up the DagBag from /home/airflow/.local/lib/python3.12/site-packages/airflow/example_dags/example_xcom.py
[2026-04-25T22:09:40.595+0000] {processor.py:840} INFO - DAG(s) 'example_xcom' retrieved from /home/airflow/.local/lib/python3.12/site-packages/airflow/example_dags/example_xcom.py
[2026-04-25T22:09:40.622+0000] {logging_mixin.py:188} INFO - [2026-04-25T22:09:40.621+0000] {dag.py:3096} INFO - Sync 1 DAGs
[2026-04-25T22:09:40.644+0000] {logging_mixin.py:188} INFO - [2026-04-25T22:09:40.643+0000] {dag.py:3954} INFO - Setting next_dagrun for example_xcom to 2021-01-01 00:00:00+00:00, run_after=2021-01-01 00:00:00+00:00
[2026-04-25T22:09:40.664+0000] {processor.py:183} INFO - Processing /home/airflow/.local/lib/python3.12/site-packages/airflow/example_dags/example_xcom.py took 0.091 seconds
[2026-04-25T22:10:11.134+0000] {processor.py:161} INFO - Started process (PID=466) to work on /home/airflow/.local/lib/python3.12/site-packages/airflow/example_dags/example_xcom.py
[2026-04-25T22:10:11.135+0000] {processor.py:830} INFO - Processing file /home/airflow/.local/lib/python3.12/site-packages/airflow/example_dags/example_xcom.py for tasks to queue
[2026-04-25T22:10:11.137+0000] {logging_mixin.py:188} INFO - [2026-04-25T22:10:11.137+0000] {dagbag.py:540} INFO - Filling up the DagBag from /home/airflow/.local/lib/python3.12/site-packages/airflow/example_dags/example_xcom.py
[2026-04-25T22:10:11.147+0000] {processor.py:840} INFO - DAG(s) 'example_xcom' retrieved from /home/airflow/.local/lib/python3.12/site-packages/airflow/example_dags/example_xcom.py
[2026-04-25T22:10:11.172+0000] {logging_mixin.py:188} INFO - [2026-04-25T22:10:11.171+0000] {dag.py:3096} INFO - Sync 1 DAGs
[2026-04-25T22:10:11.196+0000] {logging_mixin.py:188} INFO - [2026-04-25T22:10:11.195+0000] {dag.py:3954} INFO - Setting next_dagrun for example_xcom to 2021-01-01 00:00:00+00:00, run_after=2021-01-01 00:00:00+00:00
[2026-04-25T22:10:11.219+0000] {processor.py:183} INFO - Processing /home/airflow/.local/lib/python3.12/site-packages/airflow/example_dags/example_xcom.py took 0.093 seconds
[2026-04-25T22:10:42.466+0000] {processor.py:161} INFO - Started process (PID=528) to work on /home/airflow/.local/lib/python3.12/site-packages/airflow/example_dags/example_xcom.py
[2026-04-25T22:10:42.467+0000] {processor.py:830} INFO - Processing file /home/airflow/.local/lib/python3.12/site-packages/airflow/example_dags/example_xcom.py for tasks to queue
[2026-04-25T22:10:42.470+0000] {logging_mixin.py:188} INFO - [2026-04-25T22:10:42.469+0000] {dagbag.py:540} INFO - Filling up the DagBag from /home/airflow/.local/lib/python3.12/site-packages/airflow/example_dags/example_xcom.py
[2026-04-25T22:10:42.479+0000] {processor.py:840} INFO - DAG(s) 'example_xcom' retrieved from /home/airflow/.local/lib/python3.12/site-packages/airflow/example_dags/example_xcom.py
[2026-04-25T22:10:42.501+0000] {logging_mixin.py:188} INFO - [2026-04-25T22:10:42.500+0000] {dag.py:3096} INFO - Sync 1 DAGs
[2026-04-25T22:10:42.523+0000] {logging_mixin.py:188} INFO - [2026-04-25T22:10:42.522+0000] {dag.py:3954} INFO - Setting next_dagrun for example_xcom to 2021-01-01 00:00:00+00:00, run_after=2021-01-01 00:00:00+00:00
[2026-04-25T22:10:42.543+0000] {processor.py:183} INFO - Processing /home/airflow/.local/lib/python3.12/site-packages/airflow/example_dags/example_xcom.py took 0.083 seconds
[2026-04-25T22:11:13.226+0000] {processor.py:161} INFO - Started process (PID=586) to work on /home/airflow/.local/lib/python3.12/site-packages/airflow/example_dags/example_xcom.py
[2026-04-25T22:11:13.228+0000] {processor.py:830} INFO - Processing file /home/airflow/.local/lib/python3.12/site-packages/airflow/example_dags/example_xcom.py for tasks to queue
[2026-04-25T22:11:13.231+0000] {logging_mixin.py:188} INFO - [2026-04-25T22:11:13.231+0000] {dagbag.py:540} INFO - Filling up the DagBag from /home/airflow/.local/lib/python3.12/site-packages/airflow/example_dags/example_xcom.py
[2026-04-25T22:11:13.245+0000] {processor.py:840} INFO - DAG(s) 'example_xcom' retrieved from /home/airflow/.local/lib/python3.12/site-packages/airflow/example_dags/example_xcom.py
[2026-04-25T22:11:13.262+0000] {logging_mixin.py:188} INFO - [2026-04-25T22:11:13.262+0000] {dag.py:3096} INFO - Sync 1 DAGs
[2026-04-25T22:11:13.290+0000] {logging_mixin.py:188} INFO - [2026-04-25T22:11:13.290+0000] {dag.py:3954} INFO - Setting next_dagrun for example_xcom to 2021-01-01 00:00:00+00:00, run_after=2021-01-01 00:00:00+00:00
[2026-04-25T22:11:13.324+0000] {processor.py:183} INFO - Processing /home/airflow/.local/lib/python3.12/site-packages/airflow/example_dags/example_xcom.py took 0.109 seconds
[2026-04-25T22:11:46.355+0000] {processor.py:161} INFO - Started process (PID=644) to work on /home/airflow/.local/lib/python3.12/site-packages/airflow/example_dags/example_xcom.py
[2026-04-25T22:11:46.356+0000] {processor.py:830} INFO - Processing file /home/airflow/.local/lib/python3.12/site-packages/airflow/example_dags/example_xcom.py for tasks to queue
[2026-04-25T22:11:46.358+0000] {logging_mixin.py:188} INFO - [2026-04-25T22:11:46.358+0000] {dagbag.py:540} INFO - Filling up the DagBag from /home/airflow/.local/lib/python3.12/site-packages/airflow/example_dags/example_xcom.py
[2026-04-25T22:11:46.367+0000] {processor.py:840} INFO - DAG(s) 'example_xcom' retrieved from /home/airflow/.local/lib/python3.12/site-packages/airflow/example_dags/example_xcom.py
[2026-04-25T22:11:46.486+0000] {logging_mixin.py:188} INFO - [2026-04-25T22:11:46.486+0000] {dag.py:3096} INFO - Sync 1 DAGs
[2026-04-25T22:11:46.662+0000] {logging_mixin.py:188} INFO - [2026-04-25T22:11:46.662+0000] {dag.py:3954} INFO - Setting next_dagrun for example_xcom to 2021-01-01 00:00:00+00:00, run_after=2021-01-01 00:00:00+00:00
[2026-04-25T22:11:46.684+0000] {processor.py:183} INFO - Processing /home/airflow/.local/lib/python3.12/site-packages/airflow/example_dags/example_xcom.py took 0.336 seconds
[2026-04-25T22:12:18.938+0000] {processor.py:161} INFO - Started process (PID=105) to work on /home/airflow/.local/lib/python3.12/site-packages/airflow/example_dags/example_xcom.py
[2026-04-25T22:12:18.939+0000] {processor.py:830} INFO - Processing file /home/airflow/.local/lib/python3.12/site-packages/airflow/example_dags/example_xcom.py for tasks to queue
[2026-04-25T22:12:18.941+0000] {logging_mixin.py:188} INFO - [2026-04-25T22:12:18.941+0000] {dagbag.py:540} INFO - Filling up the DagBag from /home/airflow/.local/lib/python3.12/site-packages/airflow/example_dags/example_xcom.py
[2026-04-25T22:12:18.950+0000] {processor.py:840} INFO - DAG(s) 'example_xcom' retrieved from /home/airflow/.local/lib/python3.12/site-packages/airflow/example_dags/example_xcom.py
[2026-04-25T22:12:18.965+0000] {logging_mixin.py:188} INFO - [2026-04-25T22:12:18.965+0000] {dag.py:3096} INFO - Sync 1 DAGs
[2026-04-25T22:12:18.999+0000] {logging_mixin.py:188} INFO - [2026-04-25T22:12:18.999+0000] {dag.py:3954} INFO - Setting next_dagrun for example_xcom to 2021-01-01 00:00:00+00:00, run_after=2021-01-01 00:00:00+00:00
[2026-04-25T22:12:19.025+0000] {processor.py:183} INFO - Processing /home/airflow/.local/lib/python3.12/site-packages/airflow/example_dags/example_xcom.py took 0.095 seconds
[2026-04-25T22:12:51.049+0000] {processor.py:161} INFO - Started process (PID=163) to work on /home/airflow/.local/lib/python3.12/site-packages/airflow/example_dags/example_xcom.py
[2026-04-25T22:12:51.051+0000] {processor.py:830} INFO - Processing file /home/airflow/.local/lib/python3.12/site-packages/airflow/example_dags/example_xcom.py for tasks to queue
[2026-04-25T22:12:51.053+0000] {logging_mixin.py:188} INFO - [2026-04-25T22:12:51.053+0000] {dagbag.py:540} INFO - Filling up the DagBag from /home/airflow/.local/lib/python3.12/site-packages/airflow/example_dags/example_xcom.py
[2026-04-25T22:12:51.062+0000] {processor.py:840} INFO - DAG(s) 'example_xcom' retrieved from /home/airflow/.local/lib/python3.12/site-packages/airflow/example_dags/example_xcom.py
[2026-04-25T22:12:51.173+0000] {logging_mixin.py:188} INFO - [2026-04-25T22:12:51.173+0000] {dag.py:3096} INFO - Sync 1 DAGs
[2026-04-25T22:12:51.197+0000] {logging_mixin.py:188} INFO - [2026-04-25T22:12:51.197+0000] {dag.py:3954} INFO - Setting next_dagrun for example_xcom to 2021-01-01 00:00:00+00:00, run_after=2021-01-01 00:00:00+00:00
[2026-04-25T22:12:51.218+0000] {processor.py:183} INFO - Processing /home/airflow/.local/lib/python3.12/site-packages/airflow/example_dags/example_xcom.py took 0.175 seconds
[2026-04-25T22:13:22.437+0000] {processor.py:161} INFO - Started process (PID=221) to work on /home/airflow/.local/lib/python3.12/site-packages/airflow/example_dags/example_xcom.py
[2026-04-25T22:13:22.438+0000] {processor.py:830} INFO - Processing file /home/airflow/.local/lib/python3.12/site-packages/airflow/example_dags/example_xcom.py for tasks to queue
[2026-04-25T22:13:22.441+0000] {logging_mixin.py:188} INFO - [2026-04-25T22:13:22.440+0000] {dagbag.py:540} INFO - Filling up the DagBag from /home/airflow/.local/lib/python3.12/site-packages/airflow/example_dags/example_xcom.py
[2026-04-25T22:13:22.449+0000] {processor.py:840} INFO - DAG(s) 'example_xcom' retrieved from /home/airflow/.local/lib/python3.12/site-packages/airflow/example_dags/example_xcom.py
[2026-04-25T22:13:22.473+0000] {logging_mixin.py:188} INFO - [2026-04-25T22:13:22.472+0000] {dag.py:3096} INFO - Sync 1 DAGs
[2026-04-25T22:13:22.495+0000] {logging_mixin.py:188} INFO - [2026-04-25T22:13:22.495+0000] {dag.py:3954} INFO - Setting next_dagrun for example_xcom to 2021-01-01 00:00:00+00:00, run_after=2021-01-01 00:00:00+00:00
[2026-04-25T22:13:22.517+0000] {processor.py:183} INFO - Processing /home/airflow/.local/lib/python3.12/site-packages/airflow/example_dags/example_xcom.py took 0.086 seconds
