[2026-04-25T22:06:15.734+0000] {processor.py:161} INFO - Started process (PID=96) to work on /home/airflow/.local/lib/python3.12/site-packages/airflow/example_dags/example_trigger_target_dag.py
[2026-04-25T22:06:15.736+0000] {processor.py:830} INFO - Processing file /home/airflow/.local/lib/python3.12/site-packages/airflow/example_dags/example_trigger_target_dag.py for tasks to queue
[2026-04-25T22:06:15.738+0000] {logging_mixin.py:188} INFO - [2026-04-25T22:06:15.738+0000] {dagbag.py:540} INFO - Filling up the DagBag from /home/airflow/.local/lib/python3.12/site-packages/airflow/example_dags/example_trigger_target_dag.py
[2026-04-25T22:06:15.748+0000] {processor.py:840} INFO - DAG(s) 'example_trigger_target_dag' retrieved from /home/airflow/.local/lib/python3.12/site-packages/airflow/example_dags/example_trigger_target_dag.py
[2026-04-25T22:06:15.894+0000] {logging_mixin.py:188} INFO - [2026-04-25T22:06:15.893+0000] {dag.py:3096} INFO - Sync 1 DAGs
[2026-04-25T22:06:15.907+0000] {logging_mixin.py:188} INFO - [2026-04-25T22:06:15.907+0000] {dag.py:3954} INFO - Setting next_dagrun for example_trigger_target_dag to None, run_after=None
[2026-04-25T22:06:15.929+0000] {processor.py:183} INFO - Processing /home/airflow/.local/lib/python3.12/site-packages/airflow/example_dags/example_trigger_target_dag.py took 0.203 seconds
[2026-04-25T22:06:57.174+0000] {processor.py:161} INFO - Started process (PID=154) to work on /home/airflow/.local/lib/python3.12/site-packages/airflow/example_dags/example_trigger_target_dag.py
[2026-04-25T22:06:57.175+0000] {processor.py:830} INFO - Processing file /home/airflow/.local/lib/python3.12/site-packages/airflow/example_dags/example_trigger_target_dag.py for tasks to queue
[2026-04-25T22:06:57.178+0000] {logging_mixin.py:188} INFO - [2026-04-25T22:06:57.177+0000] {dagbag.py:540} INFO - Filling up the DagBag from /home/airflow/.local/lib/python3.12/site-packages/airflow/example_dags/example_trigger_target_dag.py
[2026-04-25T22:06:57.184+0000] {processor.py:840} INFO - DAG(s) 'example_trigger_target_dag' retrieved from /home/airflow/.local/lib/python3.12/site-packages/airflow/example_dags/example_trigger_target_dag.py
[2026-04-25T22:06:57.207+0000] {logging_mixin.py:188} INFO - [2026-04-25T22:06:57.206+0000] {dag.py:3096} INFO - Sync 1 DAGs
[2026-04-25T22:06:57.220+0000] {logging_mixin.py:188} INFO - [2026-04-25T22:06:57.220+0000] {dag.py:3954} INFO - Setting next_dagrun for example_trigger_target_dag to None, run_after=None
[2026-04-25T22:06:57.240+0000] {processor.py:183} INFO - Processing /home/airflow/.local/lib/python3.12/site-packages/airflow/example_dags/example_trigger_target_dag.py took 0.073 seconds
[2026-04-25T22:08:06.945+0000] {processor.py:161} INFO - Started process (PID=218) to work on /home/airflow/.local/lib/python3.12/site-packages/airflow/example_dags/example_trigger_target_dag.py
[2026-04-25T22:08:06.975+0000] {processor.py:830} INFO - Processing file /home/airflow/.local/lib/python3.12/site-packages/airflow/example_dags/example_trigger_target_dag.py for tasks to queue
[2026-04-25T22:08:06.978+0000] {logging_mixin.py:188} INFO - [2026-04-25T22:08:06.977+0000] {dagbag.py:540} INFO - Filling up the DagBag from /home/airflow/.local/lib/python3.12/site-packages/airflow/example_dags/example_trigger_target_dag.py
[2026-04-25T22:08:06.985+0000] {processor.py:840} INFO - DAG(s) 'example_trigger_target_dag' retrieved from /home/airflow/.local/lib/python3.12/site-packages/airflow/example_dags/example_trigger_target_dag.py
[2026-04-25T22:08:07.009+0000] {logging_mixin.py:188} INFO - [2026-04-25T22:08:07.008+0000] {dag.py:3096} INFO - Sync 1 DAGs
[2026-04-25T22:08:07.023+0000] {logging_mixin.py:188} INFO - [2026-04-25T22:08:07.022+0000] {dag.py:3954} INFO - Setting next_dagrun for example_trigger_target_dag to None, run_after=None
[2026-04-25T22:08:07.048+0000] {processor.py:183} INFO - Processing /home/airflow/.local/lib/python3.12/site-packages/airflow/example_dags/example_trigger_target_dag.py took 0.110 seconds
[2026-04-25T22:08:38.109+0000] {processor.py:161} INFO - Started process (PID=276) to work on /home/airflow/.local/lib/python3.12/site-packages/airflow/example_dags/example_trigger_target_dag.py
[2026-04-25T22:08:38.110+0000] {processor.py:830} INFO - Processing file /home/airflow/.local/lib/python3.12/site-packages/airflow/example_dags/example_trigger_target_dag.py for tasks to queue
[2026-04-25T22:08:38.112+0000] {logging_mixin.py:188} INFO - [2026-04-25T22:08:38.112+0000] {dagbag.py:540} INFO - Filling up the DagBag from /home/airflow/.local/lib/python3.12/site-packages/airflow/example_dags/example_trigger_target_dag.py
[2026-04-25T22:08:38.119+0000] {processor.py:840} INFO - DAG(s) 'example_trigger_target_dag' retrieved from /home/airflow/.local/lib/python3.12/site-packages/airflow/example_dags/example_trigger_target_dag.py
[2026-04-25T22:08:38.142+0000] {logging_mixin.py:188} INFO - [2026-04-25T22:08:38.142+0000] {dag.py:3096} INFO - Sync 1 DAGs
[2026-04-25T22:08:38.155+0000] {logging_mixin.py:188} INFO - [2026-04-25T22:08:38.155+0000] {dag.py:3954} INFO - Setting next_dagrun for example_trigger_target_dag to None, run_after=None
[2026-04-25T22:08:38.175+0000] {processor.py:183} INFO - Processing /home/airflow/.local/lib/python3.12/site-packages/airflow/example_dags/example_trigger_target_dag.py took 0.073 seconds
[2026-04-25T22:09:08.974+0000] {processor.py:161} INFO - Started process (PID=334) to work on /home/airflow/.local/lib/python3.12/site-packages/airflow/example_dags/example_trigger_target_dag.py
[2026-04-25T22:09:08.975+0000] {processor.py:830} INFO - Processing file /home/airflow/.local/lib/python3.12/site-packages/airflow/example_dags/example_trigger_target_dag.py for tasks to queue
[2026-04-25T22:09:08.978+0000] {logging_mixin.py:188} INFO - [2026-04-25T22:09:08.977+0000] {dagbag.py:540} INFO - Filling up the DagBag from /home/airflow/.local/lib/python3.12/site-packages/airflow/example_dags/example_trigger_target_dag.py
[2026-04-25T22:09:08.985+0000] {processor.py:840} INFO - DAG(s) 'example_trigger_target_dag' retrieved from /home/airflow/.local/lib/python3.12/site-packages/airflow/example_dags/example_trigger_target_dag.py
[2026-04-25T22:09:09.011+0000] {logging_mixin.py:188} INFO - [2026-04-25T22:09:09.011+0000] {dag.py:3096} INFO - Sync 1 DAGs
[2026-04-25T22:09:09.025+0000] {logging_mixin.py:188} INFO - [2026-04-25T22:09:09.025+0000] {dag.py:3954} INFO - Setting next_dagrun for example_trigger_target_dag to None, run_after=None
[2026-04-25T22:09:09.047+0000] {processor.py:183} INFO - Processing /home/airflow/.local/lib/python3.12/site-packages/airflow/example_dags/example_trigger_target_dag.py took 0.081 seconds
[2026-04-25T22:09:39.260+0000] {processor.py:161} INFO - Started process (PID=392) to work on /home/airflow/.local/lib/python3.12/site-packages/airflow/example_dags/example_trigger_target_dag.py
[2026-04-25T22:09:39.262+0000] {processor.py:830} INFO - Processing file /home/airflow/.local/lib/python3.12/site-packages/airflow/example_dags/example_trigger_target_dag.py for tasks to queue
[2026-04-25T22:09:39.265+0000] {logging_mixin.py:188} INFO - [2026-04-25T22:09:39.265+0000] {dagbag.py:540} INFO - Filling up the DagBag from /home/airflow/.local/lib/python3.12/site-packages/airflow/example_dags/example_trigger_target_dag.py
[2026-04-25T22:09:39.280+0000] {processor.py:840} INFO - DAG(s) 'example_trigger_target_dag' retrieved from /home/airflow/.local/lib/python3.12/site-packages/airflow/example_dags/example_trigger_target_dag.py
[2026-04-25T22:09:39.321+0000] {logging_mixin.py:188} INFO - [2026-04-25T22:09:39.320+0000] {dag.py:3096} INFO - Sync 1 DAGs
[2026-04-25T22:09:39.368+0000] {logging_mixin.py:188} INFO - [2026-04-25T22:09:39.368+0000] {dag.py:3954} INFO - Setting next_dagrun for example_trigger_target_dag to None, run_after=None
[2026-04-25T22:09:39.407+0000] {processor.py:183} INFO - Processing /home/airflow/.local/lib/python3.12/site-packages/airflow/example_dags/example_trigger_target_dag.py took 0.158 seconds
[2026-04-25T22:10:09.860+0000] {processor.py:161} INFO - Started process (PID=450) to work on /home/airflow/.local/lib/python3.12/site-packages/airflow/example_dags/example_trigger_target_dag.py
[2026-04-25T22:10:09.861+0000] {processor.py:830} INFO - Processing file /home/airflow/.local/lib/python3.12/site-packages/airflow/example_dags/example_trigger_target_dag.py for tasks to queue
[2026-04-25T22:10:09.864+0000] {logging_mixin.py:188} INFO - [2026-04-25T22:10:09.863+0000] {dagbag.py:540} INFO - Filling up the DagBag from /home/airflow/.local/lib/python3.12/site-packages/airflow/example_dags/example_trigger_target_dag.py
[2026-04-25T22:10:09.872+0000] {processor.py:840} INFO - DAG(s) 'example_trigger_target_dag' retrieved from /home/airflow/.local/lib/python3.12/site-packages/airflow/example_dags/example_trigger_target_dag.py
[2026-04-25T22:10:09.894+0000] {logging_mixin.py:188} INFO - [2026-04-25T22:10:09.894+0000] {dag.py:3096} INFO - Sync 1 DAGs
[2026-04-25T22:10:09.909+0000] {logging_mixin.py:188} INFO - [2026-04-25T22:10:09.908+0000] {dag.py:3954} INFO - Setting next_dagrun for example_trigger_target_dag to None, run_after=None
[2026-04-25T22:10:09.934+0000] {processor.py:183} INFO - Processing /home/airflow/.local/lib/python3.12/site-packages/airflow/example_dags/example_trigger_target_dag.py took 0.081 seconds
[2026-04-25T22:10:40.011+0000] {processor.py:161} INFO - Started process (PID=507) to work on /home/airflow/.local/lib/python3.12/site-packages/airflow/example_dags/example_trigger_target_dag.py
[2026-04-25T22:10:40.012+0000] {processor.py:830} INFO - Processing file /home/airflow/.local/lib/python3.12/site-packages/airflow/example_dags/example_trigger_target_dag.py for tasks to queue
[2026-04-25T22:10:40.014+0000] {logging_mixin.py:188} INFO - [2026-04-25T22:10:40.014+0000] {dagbag.py:540} INFO - Filling up the DagBag from /home/airflow/.local/lib/python3.12/site-packages/airflow/example_dags/example_trigger_target_dag.py
[2026-04-25T22:10:40.021+0000] {processor.py:840} INFO - DAG(s) 'example_trigger_target_dag' retrieved from /home/airflow/.local/lib/python3.12/site-packages/airflow/example_dags/example_trigger_target_dag.py
[2026-04-25T22:10:40.042+0000] {logging_mixin.py:188} INFO - [2026-04-25T22:10:40.042+0000] {dag.py:3096} INFO - Sync 1 DAGs
[2026-04-25T22:10:40.055+0000] {logging_mixin.py:188} INFO - [2026-04-25T22:10:40.055+0000] {dag.py:3954} INFO - Setting next_dagrun for example_trigger_target_dag to None, run_after=None
[2026-04-25T22:10:40.073+0000] {processor.py:183} INFO - Processing /home/airflow/.local/lib/python3.12/site-packages/airflow/example_dags/example_trigger_target_dag.py took 0.069 seconds
[2026-04-25T22:11:10.535+0000] {processor.py:161} INFO - Started process (PID=565) to work on /home/airflow/.local/lib/python3.12/site-packages/airflow/example_dags/example_trigger_target_dag.py
[2026-04-25T22:11:10.537+0000] {processor.py:830} INFO - Processing file /home/airflow/.local/lib/python3.12/site-packages/airflow/example_dags/example_trigger_target_dag.py for tasks to queue
[2026-04-25T22:11:10.539+0000] {logging_mixin.py:188} INFO - [2026-04-25T22:11:10.539+0000] {dagbag.py:540} INFO - Filling up the DagBag from /home/airflow/.local/lib/python3.12/site-packages/airflow/example_dags/example_trigger_target_dag.py
[2026-04-25T22:11:10.546+0000] {processor.py:840} INFO - DAG(s) 'example_trigger_target_dag' retrieved from /home/airflow/.local/lib/python3.12/site-packages/airflow/example_dags/example_trigger_target_dag.py
[2026-04-25T22:11:10.560+0000] {logging_mixin.py:188} INFO - [2026-04-25T22:11:10.560+0000] {dag.py:3096} INFO - Sync 1 DAGs
[2026-04-25T22:11:10.574+0000] {logging_mixin.py:188} INFO - [2026-04-25T22:11:10.574+0000] {dag.py:3954} INFO - Setting next_dagrun for example_trigger_target_dag to None, run_after=None
[2026-04-25T22:11:10.594+0000] {processor.py:183} INFO - Processing /home/airflow/.local/lib/python3.12/site-packages/airflow/example_dags/example_trigger_target_dag.py took 0.065 seconds
[2026-04-25T22:11:41.014+0000] {processor.py:161} INFO - Started process (PID=623) to work on /home/airflow/.local/lib/python3.12/site-packages/airflow/example_dags/example_trigger_target_dag.py
[2026-04-25T22:11:41.016+0000] {processor.py:830} INFO - Processing file /home/airflow/.local/lib/python3.12/site-packages/airflow/example_dags/example_trigger_target_dag.py for tasks to queue
[2026-04-25T22:11:41.018+0000] {logging_mixin.py:188} INFO - [2026-04-25T22:11:41.017+0000] {dagbag.py:540} INFO - Filling up the DagBag from /home/airflow/.local/lib/python3.12/site-packages/airflow/example_dags/example_trigger_target_dag.py
[2026-04-25T22:11:41.026+0000] {processor.py:840} INFO - DAG(s) 'example_trigger_target_dag' retrieved from /home/airflow/.local/lib/python3.12/site-packages/airflow/example_dags/example_trigger_target_dag.py
[2026-04-25T22:11:41.140+0000] {logging_mixin.py:188} INFO - [2026-04-25T22:11:41.140+0000] {dag.py:3096} INFO - Sync 1 DAGs
[2026-04-25T22:11:41.152+0000] {logging_mixin.py:188} INFO - [2026-04-25T22:11:41.152+0000] {dag.py:3954} INFO - Setting next_dagrun for example_trigger_target_dag to None, run_after=None
[2026-04-25T22:11:41.177+0000] {processor.py:183} INFO - Processing /home/airflow/.local/lib/python3.12/site-packages/airflow/example_dags/example_trigger_target_dag.py took 0.170 seconds
[2026-04-25T22:12:17.819+0000] {processor.py:161} INFO - Started process (PID=85) to work on /home/airflow/.local/lib/python3.12/site-packages/airflow/example_dags/example_trigger_target_dag.py
[2026-04-25T22:12:17.820+0000] {processor.py:830} INFO - Processing file /home/airflow/.local/lib/python3.12/site-packages/airflow/example_dags/example_trigger_target_dag.py for tasks to queue
[2026-04-25T22:12:17.822+0000] {logging_mixin.py:188} INFO - [2026-04-25T22:12:17.822+0000] {dagbag.py:540} INFO - Filling up the DagBag from /home/airflow/.local/lib/python3.12/site-packages/airflow/example_dags/example_trigger_target_dag.py
[2026-04-25T22:12:17.831+0000] {processor.py:840} INFO - DAG(s) 'example_trigger_target_dag' retrieved from /home/airflow/.local/lib/python3.12/site-packages/airflow/example_dags/example_trigger_target_dag.py
[2026-04-25T22:12:17.846+0000] {logging_mixin.py:188} INFO - [2026-04-25T22:12:17.845+0000] {dag.py:3096} INFO - Sync 1 DAGs
[2026-04-25T22:12:17.861+0000] {logging_mixin.py:188} INFO - [2026-04-25T22:12:17.861+0000] {dag.py:3954} INFO - Setting next_dagrun for example_trigger_target_dag to None, run_after=None
[2026-04-25T22:12:17.884+0000] {processor.py:183} INFO - Processing /home/airflow/.local/lib/python3.12/site-packages/airflow/example_dags/example_trigger_target_dag.py took 0.071 seconds
[2026-04-25T22:12:49.479+0000] {processor.py:161} INFO - Started process (PID=149) to work on /home/airflow/.local/lib/python3.12/site-packages/airflow/example_dags/example_trigger_target_dag.py
[2026-04-25T22:12:49.481+0000] {processor.py:830} INFO - Processing file /home/airflow/.local/lib/python3.12/site-packages/airflow/example_dags/example_trigger_target_dag.py for tasks to queue
[2026-04-25T22:12:49.484+0000] {logging_mixin.py:188} INFO - [2026-04-25T22:12:49.484+0000] {dagbag.py:540} INFO - Filling up the DagBag from /home/airflow/.local/lib/python3.12/site-packages/airflow/example_dags/example_trigger_target_dag.py
[2026-04-25T22:12:49.497+0000] {processor.py:840} INFO - DAG(s) 'example_trigger_target_dag' retrieved from /home/airflow/.local/lib/python3.12/site-packages/airflow/example_dags/example_trigger_target_dag.py
[2026-04-25T22:12:49.677+0000] {logging_mixin.py:188} INFO - [2026-04-25T22:12:49.677+0000] {dag.py:3096} INFO - Sync 1 DAGs
[2026-04-25T22:12:49.689+0000] {logging_mixin.py:188} INFO - [2026-04-25T22:12:49.688+0000] {dag.py:3954} INFO - Setting next_dagrun for example_trigger_target_dag to None, run_after=None
[2026-04-25T22:12:49.710+0000] {processor.py:183} INFO - Processing /home/airflow/.local/lib/python3.12/site-packages/airflow/example_dags/example_trigger_target_dag.py took 0.244 seconds
[2026-04-25T22:13:19.915+0000] {processor.py:161} INFO - Started process (PID=207) to work on /home/airflow/.local/lib/python3.12/site-packages/airflow/example_dags/example_trigger_target_dag.py
[2026-04-25T22:13:19.917+0000] {processor.py:830} INFO - Processing file /home/airflow/.local/lib/python3.12/site-packages/airflow/example_dags/example_trigger_target_dag.py for tasks to queue
[2026-04-25T22:13:19.919+0000] {logging_mixin.py:188} INFO - [2026-04-25T22:13:19.918+0000] {dagbag.py:540} INFO - Filling up the DagBag from /home/airflow/.local/lib/python3.12/site-packages/airflow/example_dags/example_trigger_target_dag.py
[2026-04-25T22:13:19.926+0000] {processor.py:840} INFO - DAG(s) 'example_trigger_target_dag' retrieved from /home/airflow/.local/lib/python3.12/site-packages/airflow/example_dags/example_trigger_target_dag.py
[2026-04-25T22:13:19.949+0000] {logging_mixin.py:188} INFO - [2026-04-25T22:13:19.949+0000] {dag.py:3096} INFO - Sync 1 DAGs
[2026-04-25T22:13:19.963+0000] {logging_mixin.py:188} INFO - [2026-04-25T22:13:19.962+0000] {dag.py:3954} INFO - Setting next_dagrun for example_trigger_target_dag to None, run_after=None
[2026-04-25T22:13:19.983+0000] {processor.py:183} INFO - Processing /home/airflow/.local/lib/python3.12/site-packages/airflow/example_dags/example_trigger_target_dag.py took 0.075 seconds
