[2026-04-25T22:06:10.510+0000] {processor.py:161} INFO - Started process (PID=70) to work on /home/airflow/.local/lib/python3.12/site-packages/airflow/example_dags/example_branch_datetime_operator.py
[2026-04-25T22:06:10.514+0000] {processor.py:830} INFO - Processing file /home/airflow/.local/lib/python3.12/site-packages/airflow/example_dags/example_branch_datetime_operator.py for tasks to queue
[2026-04-25T22:06:10.518+0000] {logging_mixin.py:188} INFO - [2026-04-25T22:06:10.518+0000] {dagbag.py:540} INFO - Filling up the DagBag from /home/airflow/.local/lib/python3.12/site-packages/airflow/example_dags/example_branch_datetime_operator.py
[2026-04-25T22:06:10.569+0000] {processor.py:840} INFO - DAG(s) 'example_branch_datetime_operator', 'example_branch_datetime_operator_2', 'example_branch_datetime_operator_3' retrieved from /home/airflow/.local/lib/python3.12/site-packages/airflow/example_dags/example_branch_datetime_operator.py
[2026-04-25T22:06:11.242+0000] {logging_mixin.py:188} INFO - [2026-04-25T22:06:11.241+0000] {dag.py:3096} INFO - Sync 3 DAGs
[2026-04-25T22:06:11.288+0000] {logging_mixin.py:188} INFO - [2026-04-25T22:06:11.287+0000] {dag.py:3954} INFO - Setting next_dagrun for example_branch_datetime_operator to 2026-04-24 00:00:00+00:00, run_after=2026-04-25 00:00:00+00:00
[2026-04-25T22:06:11.295+0000] {logging_mixin.py:188} INFO - [2026-04-25T22:06:11.295+0000] {dag.py:3954} INFO - Setting next_dagrun for example_branch_datetime_operator_2 to 2026-04-24 00:00:00+00:00, run_after=2026-04-25 00:00:00+00:00
[2026-04-25T22:06:11.300+0000] {logging_mixin.py:188} INFO - [2026-04-25T22:06:11.299+0000] {dag.py:3954} INFO - Setting next_dagrun for example_branch_datetime_operator_3 to 2026-04-24 00:00:00+00:00, run_after=2026-04-25 00:00:00+00:00
[2026-04-25T22:06:11.329+0000] {processor.py:183} INFO - Processing /home/airflow/.local/lib/python3.12/site-packages/airflow/example_dags/example_branch_datetime_operator.py took 0.834 seconds
[2026-04-25T22:06:41.514+0000] {processor.py:161} INFO - Started process (PID=128) to work on /home/airflow/.local/lib/python3.12/site-packages/airflow/example_dags/example_branch_datetime_operator.py
[2026-04-25T22:06:41.517+0000] {processor.py:830} INFO - Processing file /home/airflow/.local/lib/python3.12/site-packages/airflow/example_dags/example_branch_datetime_operator.py for tasks to queue
[2026-04-25T22:06:41.524+0000] {logging_mixin.py:188} INFO - [2026-04-25T22:06:41.523+0000] {dagbag.py:540} INFO - Filling up the DagBag from /home/airflow/.local/lib/python3.12/site-packages/airflow/example_dags/example_branch_datetime_operator.py
[2026-04-25T22:06:41.542+0000] {processor.py:840} INFO - DAG(s) 'example_branch_datetime_operator_3', 'example_branch_datetime_operator_2', 'example_branch_datetime_operator' retrieved from /home/airflow/.local/lib/python3.12/site-packages/airflow/example_dags/example_branch_datetime_operator.py
[2026-04-25T22:06:41.595+0000] {logging_mixin.py:188} INFO - [2026-04-25T22:06:41.594+0000] {dag.py:3096} INFO - Sync 3 DAGs
[2026-04-25T22:06:41.630+0000] {logging_mixin.py:188} INFO - [2026-04-25T22:06:41.629+0000] {dag.py:3954} INFO - Setting next_dagrun for example_branch_datetime_operator to 2026-04-24 00:00:00+00:00, run_after=2026-04-25 00:00:00+00:00
[2026-04-25T22:06:41.635+0000] {logging_mixin.py:188} INFO - [2026-04-25T22:06:41.635+0000] {dag.py:3954} INFO - Setting next_dagrun for example_branch_datetime_operator_2 to 2026-04-24 00:00:00+00:00, run_after=2026-04-25 00:00:00+00:00
[2026-04-25T22:06:41.639+0000] {logging_mixin.py:188} INFO - [2026-04-25T22:06:41.638+0000] {dag.py:3954} INFO - Setting next_dagrun for example_branch_datetime_operator_3 to 2026-04-24 00:00:00+00:00, run_after=2026-04-25 00:00:00+00:00
[2026-04-25T22:06:41.660+0000] {processor.py:183} INFO - Processing /home/airflow/.local/lib/python3.12/site-packages/airflow/example_dags/example_branch_datetime_operator.py took 0.160 seconds
[2026-04-25T22:07:16.622+0000] {processor.py:161} INFO - Started process (PID=186) to work on /home/airflow/.local/lib/python3.12/site-packages/airflow/example_dags/example_branch_datetime_operator.py
[2026-04-25T22:07:16.833+0000] {processor.py:830} INFO - Processing file /home/airflow/.local/lib/python3.12/site-packages/airflow/example_dags/example_branch_datetime_operator.py for tasks to queue
[2026-04-25T22:07:17.817+0000] {logging_mixin.py:188} INFO - [2026-04-25T22:07:17.728+0000] {dagbag.py:540} INFO - Filling up the DagBag from /home/airflow/.local/lib/python3.12/site-packages/airflow/example_dags/example_branch_datetime_operator.py
[2026-04-25T22:07:20.082+0000] {processor.py:840} INFO - DAG(s) 'example_branch_datetime_operator_2', 'example_branch_datetime_operator_3', 'example_branch_datetime_operator' retrieved from /home/airflow/.local/lib/python3.12/site-packages/airflow/example_dags/example_branch_datetime_operator.py
[2026-04-25T22:07:22.037+0000] {logging_mixin.py:188} INFO - [2026-04-25T22:07:22.037+0000] {dag.py:3096} INFO - Sync 3 DAGs
[2026-04-25T22:07:22.448+0000] {logging_mixin.py:188} INFO - [2026-04-25T22:07:22.448+0000] {dag.py:3954} INFO - Setting next_dagrun for example_branch_datetime_operator to 2026-04-24 00:00:00+00:00, run_after=2026-04-25 00:00:00+00:00
[2026-04-25T22:07:22.454+0000] {logging_mixin.py:188} INFO - [2026-04-25T22:07:22.453+0000] {dag.py:3954} INFO - Setting next_dagrun for example_branch_datetime_operator_2 to 2026-04-24 00:00:00+00:00, run_after=2026-04-25 00:00:00+00:00
[2026-04-25T22:07:22.457+0000] {logging_mixin.py:188} INFO - [2026-04-25T22:07:22.457+0000] {dag.py:3954} INFO - Setting next_dagrun for example_branch_datetime_operator_3 to 2026-04-24 00:00:00+00:00, run_after=2026-04-25 00:00:00+00:00
[2026-04-25T22:07:22.737+0000] {processor.py:183} INFO - Processing /home/airflow/.local/lib/python3.12/site-packages/airflow/example_dags/example_branch_datetime_operator.py took 7.696 seconds
[2026-04-25T22:08:09.176+0000] {processor.py:161} INFO - Started process (PID=244) to work on /home/airflow/.local/lib/python3.12/site-packages/airflow/example_dags/example_branch_datetime_operator.py
[2026-04-25T22:08:09.177+0000] {processor.py:830} INFO - Processing file /home/airflow/.local/lib/python3.12/site-packages/airflow/example_dags/example_branch_datetime_operator.py for tasks to queue
[2026-04-25T22:08:09.181+0000] {logging_mixin.py:188} INFO - [2026-04-25T22:08:09.180+0000] {dagbag.py:540} INFO - Filling up the DagBag from /home/airflow/.local/lib/python3.12/site-packages/airflow/example_dags/example_branch_datetime_operator.py
[2026-04-25T22:08:09.200+0000] {processor.py:840} INFO - DAG(s) 'example_branch_datetime_operator', 'example_branch_datetime_operator_2', 'example_branch_datetime_operator_3' retrieved from /home/airflow/.local/lib/python3.12/site-packages/airflow/example_dags/example_branch_datetime_operator.py
[2026-04-25T22:08:09.267+0000] {logging_mixin.py:188} INFO - [2026-04-25T22:08:09.266+0000] {dag.py:3096} INFO - Sync 3 DAGs
[2026-04-25T22:08:09.330+0000] {logging_mixin.py:188} INFO - [2026-04-25T22:08:09.329+0000] {dag.py:3954} INFO - Setting next_dagrun for example_branch_datetime_operator to 2026-04-24 00:00:00+00:00, run_after=2026-04-25 00:00:00+00:00
[2026-04-25T22:08:09.341+0000] {logging_mixin.py:188} INFO - [2026-04-25T22:08:09.340+0000] {dag.py:3954} INFO - Setting next_dagrun for example_branch_datetime_operator_2 to 2026-04-24 00:00:00+00:00, run_after=2026-04-25 00:00:00+00:00
[2026-04-25T22:08:09.346+0000] {logging_mixin.py:188} INFO - [2026-04-25T22:08:09.345+0000] {dag.py:3954} INFO - Setting next_dagrun for example_branch_datetime_operator_3 to 2026-04-24 00:00:00+00:00, run_after=2026-04-25 00:00:00+00:00
[2026-04-25T22:08:09.387+0000] {processor.py:183} INFO - Processing /home/airflow/.local/lib/python3.12/site-packages/airflow/example_dags/example_branch_datetime_operator.py took 0.224 seconds
[2026-04-25T22:08:39.867+0000] {processor.py:161} INFO - Started process (PID=299) to work on /home/airflow/.local/lib/python3.12/site-packages/airflow/example_dags/example_branch_datetime_operator.py
[2026-04-25T22:08:39.869+0000] {processor.py:830} INFO - Processing file /home/airflow/.local/lib/python3.12/site-packages/airflow/example_dags/example_branch_datetime_operator.py for tasks to queue
[2026-04-25T22:08:39.871+0000] {logging_mixin.py:188} INFO - [2026-04-25T22:08:39.871+0000] {dagbag.py:540} INFO - Filling up the DagBag from /home/airflow/.local/lib/python3.12/site-packages/airflow/example_dags/example_branch_datetime_operator.py
[2026-04-25T22:08:39.882+0000] {processor.py:840} INFO - DAG(s) 'example_branch_datetime_operator_3', 'example_branch_datetime_operator_2', 'example_branch_datetime_operator' retrieved from /home/airflow/.local/lib/python3.12/site-packages/airflow/example_dags/example_branch_datetime_operator.py
[2026-04-25T22:08:39.914+0000] {logging_mixin.py:188} INFO - [2026-04-25T22:08:39.914+0000] {dag.py:3096} INFO - Sync 3 DAGs
[2026-04-25T22:08:39.939+0000] {logging_mixin.py:188} INFO - [2026-04-25T22:08:39.939+0000] {dag.py:3954} INFO - Setting next_dagrun for example_branch_datetime_operator to 2026-04-24 00:00:00+00:00, run_after=2026-04-25 00:00:00+00:00
[2026-04-25T22:08:39.945+0000] {logging_mixin.py:188} INFO - [2026-04-25T22:08:39.945+0000] {dag.py:3954} INFO - Setting next_dagrun for example_branch_datetime_operator_2 to 2026-04-24 00:00:00+00:00, run_after=2026-04-25 00:00:00+00:00
[2026-04-25T22:08:39.948+0000] {logging_mixin.py:188} INFO - [2026-04-25T22:08:39.948+0000] {dag.py:3954} INFO - Setting next_dagrun for example_branch_datetime_operator_3 to 2026-04-24 00:00:00+00:00, run_after=2026-04-25 00:00:00+00:00
[2026-04-25T22:08:39.971+0000] {processor.py:183} INFO - Processing /home/airflow/.local/lib/python3.12/site-packages/airflow/example_dags/example_branch_datetime_operator.py took 0.111 seconds
[2026-04-25T22:09:10.541+0000] {processor.py:161} INFO - Started process (PID=357) to work on /home/airflow/.local/lib/python3.12/site-packages/airflow/example_dags/example_branch_datetime_operator.py
[2026-04-25T22:09:10.542+0000] {processor.py:830} INFO - Processing file /home/airflow/.local/lib/python3.12/site-packages/airflow/example_dags/example_branch_datetime_operator.py for tasks to queue
[2026-04-25T22:09:10.545+0000] {logging_mixin.py:188} INFO - [2026-04-25T22:09:10.545+0000] {dagbag.py:540} INFO - Filling up the DagBag from /home/airflow/.local/lib/python3.12/site-packages/airflow/example_dags/example_branch_datetime_operator.py
[2026-04-25T22:09:10.556+0000] {processor.py:840} INFO - DAG(s) 'example_branch_datetime_operator_3', 'example_branch_datetime_operator', 'example_branch_datetime_operator_2' retrieved from /home/airflow/.local/lib/python3.12/site-packages/airflow/example_dags/example_branch_datetime_operator.py
[2026-04-25T22:09:10.587+0000] {logging_mixin.py:188} INFO - [2026-04-25T22:09:10.587+0000] {dag.py:3096} INFO - Sync 3 DAGs
[2026-04-25T22:09:10.613+0000] {logging_mixin.py:188} INFO - [2026-04-25T22:09:10.613+0000] {dag.py:3954} INFO - Setting next_dagrun for example_branch_datetime_operator to 2026-04-24 00:00:00+00:00, run_after=2026-04-25 00:00:00+00:00
[2026-04-25T22:09:10.619+0000] {logging_mixin.py:188} INFO - [2026-04-25T22:09:10.619+0000] {dag.py:3954} INFO - Setting next_dagrun for example_branch_datetime_operator_2 to 2026-04-24 00:00:00+00:00, run_after=2026-04-25 00:00:00+00:00
[2026-04-25T22:09:10.622+0000] {logging_mixin.py:188} INFO - [2026-04-25T22:09:10.622+0000] {dag.py:3954} INFO - Setting next_dagrun for example_branch_datetime_operator_3 to 2026-04-24 00:00:00+00:00, run_after=2026-04-25 00:00:00+00:00
[2026-04-25T22:09:10.641+0000] {processor.py:183} INFO - Processing /home/airflow/.local/lib/python3.12/site-packages/airflow/example_dags/example_branch_datetime_operator.py took 0.107 seconds
[2026-04-25T22:09:40.873+0000] {processor.py:161} INFO - Started process (PID=411) to work on /home/airflow/.local/lib/python3.12/site-packages/airflow/example_dags/example_branch_datetime_operator.py
[2026-04-25T22:09:40.874+0000] {processor.py:830} INFO - Processing file /home/airflow/.local/lib/python3.12/site-packages/airflow/example_dags/example_branch_datetime_operator.py for tasks to queue
[2026-04-25T22:09:40.877+0000] {logging_mixin.py:188} INFO - [2026-04-25T22:09:40.876+0000] {dagbag.py:540} INFO - Filling up the DagBag from /home/airflow/.local/lib/python3.12/site-packages/airflow/example_dags/example_branch_datetime_operator.py
[2026-04-25T22:09:40.888+0000] {processor.py:840} INFO - DAG(s) 'example_branch_datetime_operator_2', 'example_branch_datetime_operator', 'example_branch_datetime_operator_3' retrieved from /home/airflow/.local/lib/python3.12/site-packages/airflow/example_dags/example_branch_datetime_operator.py
[2026-04-25T22:09:40.919+0000] {logging_mixin.py:188} INFO - [2026-04-25T22:09:40.919+0000] {dag.py:3096} INFO - Sync 3 DAGs
[2026-04-25T22:09:40.944+0000] {logging_mixin.py:188} INFO - [2026-04-25T22:09:40.944+0000] {dag.py:3954} INFO - Setting next_dagrun for example_branch_datetime_operator to 2026-04-24 00:00:00+00:00, run_after=2026-04-25 00:00:00+00:00
[2026-04-25T22:09:40.950+0000] {logging_mixin.py:188} INFO - [2026-04-25T22:09:40.949+0000] {dag.py:3954} INFO - Setting next_dagrun for example_branch_datetime_operator_2 to 2026-04-24 00:00:00+00:00, run_after=2026-04-25 00:00:00+00:00
[2026-04-25T22:09:40.953+0000] {logging_mixin.py:188} INFO - [2026-04-25T22:09:40.952+0000] {dag.py:3954} INFO - Setting next_dagrun for example_branch_datetime_operator_3 to 2026-04-24 00:00:00+00:00, run_after=2026-04-25 00:00:00+00:00
[2026-04-25T22:09:40.971+0000] {processor.py:183} INFO - Processing /home/airflow/.local/lib/python3.12/site-packages/airflow/example_dags/example_branch_datetime_operator.py took 0.105 seconds
[2026-04-25T22:10:11.040+0000] {processor.py:161} INFO - Started process (PID=465) to work on /home/airflow/.local/lib/python3.12/site-packages/airflow/example_dags/example_branch_datetime_operator.py
[2026-04-25T22:10:11.042+0000] {processor.py:830} INFO - Processing file /home/airflow/.local/lib/python3.12/site-packages/airflow/example_dags/example_branch_datetime_operator.py for tasks to queue
[2026-04-25T22:10:11.044+0000] {logging_mixin.py:188} INFO - [2026-04-25T22:10:11.044+0000] {dagbag.py:540} INFO - Filling up the DagBag from /home/airflow/.local/lib/python3.12/site-packages/airflow/example_dags/example_branch_datetime_operator.py
[2026-04-25T22:10:11.056+0000] {processor.py:840} INFO - DAG(s) 'example_branch_datetime_operator_3', 'example_branch_datetime_operator_2', 'example_branch_datetime_operator' retrieved from /home/airflow/.local/lib/python3.12/site-packages/airflow/example_dags/example_branch_datetime_operator.py
[2026-04-25T22:10:11.087+0000] {logging_mixin.py:188} INFO - [2026-04-25T22:10:11.087+0000] {dag.py:3096} INFO - Sync 3 DAGs
[2026-04-25T22:10:11.114+0000] {logging_mixin.py:188} INFO - [2026-04-25T22:10:11.114+0000] {dag.py:3954} INFO - Setting next_dagrun for example_branch_datetime_operator to 2026-04-24 00:00:00+00:00, run_after=2026-04-25 00:00:00+00:00
[2026-04-25T22:10:11.120+0000] {logging_mixin.py:188} INFO - [2026-04-25T22:10:11.120+0000] {dag.py:3954} INFO - Setting next_dagrun for example_branch_datetime_operator_2 to 2026-04-24 00:00:00+00:00, run_after=2026-04-25 00:00:00+00:00
[2026-04-25T22:10:11.123+0000] {logging_mixin.py:188} INFO - [2026-04-25T22:10:11.123+0000] {dag.py:3954} INFO - Setting next_dagrun for example_branch_datetime_operator_3 to 2026-04-24 00:00:00+00:00, run_after=2026-04-25 00:00:00+00:00
[2026-04-25T22:10:11.141+0000] {processor.py:183} INFO - Processing /home/airflow/.local/lib/python3.12/site-packages/airflow/example_dags/example_branch_datetime_operator.py took 0.107 seconds
[2026-04-25T22:10:42.111+0000] {processor.py:161} INFO - Started process (PID=523) to work on /home/airflow/.local/lib/python3.12/site-packages/airflow/example_dags/example_branch_datetime_operator.py
[2026-04-25T22:10:42.112+0000] {processor.py:830} INFO - Processing file /home/airflow/.local/lib/python3.12/site-packages/airflow/example_dags/example_branch_datetime_operator.py for tasks to queue
[2026-04-25T22:10:42.114+0000] {logging_mixin.py:188} INFO - [2026-04-25T22:10:42.114+0000] {dagbag.py:540} INFO - Filling up the DagBag from /home/airflow/.local/lib/python3.12/site-packages/airflow/example_dags/example_branch_datetime_operator.py
[2026-04-25T22:10:42.125+0000] {processor.py:840} INFO - DAG(s) 'example_branch_datetime_operator_2', 'example_branch_datetime_operator_3', 'example_branch_datetime_operator' retrieved from /home/airflow/.local/lib/python3.12/site-packages/airflow/example_dags/example_branch_datetime_operator.py
[2026-04-25T22:10:42.156+0000] {logging_mixin.py:188} INFO - [2026-04-25T22:10:42.155+0000] {dag.py:3096} INFO - Sync 3 DAGs
[2026-04-25T22:10:42.179+0000] {logging_mixin.py:188} INFO - [2026-04-25T22:10:42.179+0000] {dag.py:3954} INFO - Setting next_dagrun for example_branch_datetime_operator to 2026-04-24 00:00:00+00:00, run_after=2026-04-25 00:00:00+00:00
[2026-04-25T22:10:42.185+0000] {logging_mixin.py:188} INFO - [2026-04-25T22:10:42.185+0000] {dag.py:3954} INFO - Setting next_dagrun for example_branch_datetime_operator_2 to 2026-04-24 00:00:00+00:00, run_after=2026-04-25 00:00:00+00:00
[2026-04-25T22:10:42.188+0000] {logging_mixin.py:188} INFO - [2026-04-25T22:10:42.188+0000] {dag.py:3954} INFO - Setting next_dagrun for example_branch_datetime_operator_3 to 2026-04-24 00:00:00+00:00, run_after=2026-04-25 00:00:00+00:00
[2026-04-25T22:10:42.207+0000] {processor.py:183} INFO - Processing /home/airflow/.local/lib/python3.12/site-packages/airflow/example_dags/example_branch_datetime_operator.py took 0.106 seconds
[2026-04-25T22:11:12.424+0000] {processor.py:161} INFO - Started process (PID=579) to work on /home/airflow/.local/lib/python3.12/site-packages/airflow/example_dags/example_branch_datetime_operator.py
[2026-04-25T22:11:12.425+0000] {processor.py:830} INFO - Processing file /home/airflow/.local/lib/python3.12/site-packages/airflow/example_dags/example_branch_datetime_operator.py for tasks to queue
[2026-04-25T22:11:12.428+0000] {logging_mixin.py:188} INFO - [2026-04-25T22:11:12.427+0000] {dagbag.py:540} INFO - Filling up the DagBag from /home/airflow/.local/lib/python3.12/site-packages/airflow/example_dags/example_branch_datetime_operator.py
[2026-04-25T22:11:12.441+0000] {processor.py:840} INFO - DAG(s) 'example_branch_datetime_operator_3', 'example_branch_datetime_operator', 'example_branch_datetime_operator_2' retrieved from /home/airflow/.local/lib/python3.12/site-packages/airflow/example_dags/example_branch_datetime_operator.py
[2026-04-25T22:11:12.459+0000] {logging_mixin.py:188} INFO - [2026-04-25T22:11:12.459+0000] {dag.py:3096} INFO - Sync 3 DAGs
[2026-04-25T22:11:12.492+0000] {logging_mixin.py:188} INFO - [2026-04-25T22:11:12.492+0000] {dag.py:3954} INFO - Setting next_dagrun for example_branch_datetime_operator to 2026-04-24 00:00:00+00:00, run_after=2026-04-25 00:00:00+00:00
[2026-04-25T22:11:12.499+0000] {logging_mixin.py:188} INFO - [2026-04-25T22:11:12.499+0000] {dag.py:3954} INFO - Setting next_dagrun for example_branch_datetime_operator_2 to 2026-04-24 00:00:00+00:00, run_after=2026-04-25 00:00:00+00:00
[2026-04-25T22:11:12.502+0000] {logging_mixin.py:188} INFO - [2026-04-25T22:11:12.502+0000] {dag.py:3954} INFO - Setting next_dagrun for example_branch_datetime_operator_3 to 2026-04-24 00:00:00+00:00, run_after=2026-04-25 00:00:00+00:00
[2026-04-25T22:11:12.531+0000] {processor.py:183} INFO - Processing /home/airflow/.local/lib/python3.12/site-packages/airflow/example_dags/example_branch_datetime_operator.py took 0.114 seconds
[2026-04-25T22:11:44.381+0000] {processor.py:161} INFO - Started process (PID=635) to work on /home/airflow/.local/lib/python3.12/site-packages/airflow/example_dags/example_branch_datetime_operator.py
[2026-04-25T22:11:44.383+0000] {processor.py:830} INFO - Processing file /home/airflow/.local/lib/python3.12/site-packages/airflow/example_dags/example_branch_datetime_operator.py for tasks to queue
[2026-04-25T22:11:44.385+0000] {logging_mixin.py:188} INFO - [2026-04-25T22:11:44.385+0000] {dagbag.py:540} INFO - Filling up the DagBag from /home/airflow/.local/lib/python3.12/site-packages/airflow/example_dags/example_branch_datetime_operator.py
[2026-04-25T22:11:44.399+0000] {processor.py:840} INFO - DAG(s) 'example_branch_datetime_operator', 'example_branch_datetime_operator_2', 'example_branch_datetime_operator_3' retrieved from /home/airflow/.local/lib/python3.12/site-packages/airflow/example_dags/example_branch_datetime_operator.py
[2026-04-25T22:11:44.556+0000] {logging_mixin.py:188} INFO - [2026-04-25T22:11:44.556+0000] {dag.py:3096} INFO - Sync 3 DAGs
[2026-04-25T22:11:44.731+0000] {logging_mixin.py:188} INFO - [2026-04-25T22:11:44.731+0000] {dag.py:3954} INFO - Setting next_dagrun for example_branch_datetime_operator to 2026-04-24 00:00:00+00:00, run_after=2026-04-25 00:00:00+00:00
[2026-04-25T22:11:44.736+0000] {logging_mixin.py:188} INFO - [2026-04-25T22:11:44.736+0000] {dag.py:3954} INFO - Setting next_dagrun for example_branch_datetime_operator_2 to 2026-04-24 00:00:00+00:00, run_after=2026-04-25 00:00:00+00:00
[2026-04-25T22:11:44.739+0000] {logging_mixin.py:188} INFO - [2026-04-25T22:11:44.739+0000] {dag.py:3954} INFO - Setting next_dagrun for example_branch_datetime_operator_3 to 2026-04-24 00:00:00+00:00, run_after=2026-04-25 00:00:00+00:00
[2026-04-25T22:11:44.757+0000] {processor.py:183} INFO - Processing /home/airflow/.local/lib/python3.12/site-packages/airflow/example_dags/example_branch_datetime_operator.py took 0.384 seconds
[2026-04-25T22:12:14.006+0000] {processor.py:161} INFO - Started process (PID=59) to work on /home/airflow/.local/lib/python3.12/site-packages/airflow/example_dags/example_branch_datetime_operator.py
[2026-04-25T22:12:14.009+0000] {processor.py:830} INFO - Processing file /home/airflow/.local/lib/python3.12/site-packages/airflow/example_dags/example_branch_datetime_operator.py for tasks to queue
[2026-04-25T22:12:14.016+0000] {logging_mixin.py:188} INFO - [2026-04-25T22:12:14.015+0000] {dagbag.py:540} INFO - Filling up the DagBag from /home/airflow/.local/lib/python3.12/site-packages/airflow/example_dags/example_branch_datetime_operator.py
[2026-04-25T22:12:14.069+0000] {processor.py:840} INFO - DAG(s) 'example_branch_datetime_operator_3', 'example_branch_datetime_operator', 'example_branch_datetime_operator_2' retrieved from /home/airflow/.local/lib/python3.12/site-packages/airflow/example_dags/example_branch_datetime_operator.py
[2026-04-25T22:12:14.140+0000] {logging_mixin.py:188} INFO - [2026-04-25T22:12:14.139+0000] {dag.py:3096} INFO - Sync 3 DAGs
[2026-04-25T22:12:14.201+0000] {logging_mixin.py:188} INFO - [2026-04-25T22:12:14.200+0000] {dag.py:3954} INFO - Setting next_dagrun for example_branch_datetime_operator to 2026-04-24 00:00:00+00:00, run_after=2026-04-25 00:00:00+00:00
[2026-04-25T22:12:14.208+0000] {logging_mixin.py:188} INFO - [2026-04-25T22:12:14.208+0000] {dag.py:3954} INFO - Setting next_dagrun for example_branch_datetime_operator_2 to 2026-04-24 00:00:00+00:00, run_after=2026-04-25 00:00:00+00:00
[2026-04-25T22:12:14.214+0000] {logging_mixin.py:188} INFO - [2026-04-25T22:12:14.214+0000] {dag.py:3954} INFO - Setting next_dagrun for example_branch_datetime_operator_3 to 2026-04-24 00:00:00+00:00, run_after=2026-04-25 00:00:00+00:00
[2026-04-25T22:12:14.247+0000] {processor.py:183} INFO - Processing /home/airflow/.local/lib/python3.12/site-packages/airflow/example_dags/example_branch_datetime_operator.py took 0.261 seconds
[2026-04-25T22:12:44.627+0000] {processor.py:161} INFO - Started process (PID=117) to work on /home/airflow/.local/lib/python3.12/site-packages/airflow/example_dags/example_branch_datetime_operator.py
[2026-04-25T22:12:44.628+0000] {processor.py:830} INFO - Processing file /home/airflow/.local/lib/python3.12/site-packages/airflow/example_dags/example_branch_datetime_operator.py for tasks to queue
[2026-04-25T22:12:44.630+0000] {logging_mixin.py:188} INFO - [2026-04-25T22:12:44.629+0000] {dagbag.py:540} INFO - Filling up the DagBag from /home/airflow/.local/lib/python3.12/site-packages/airflow/example_dags/example_branch_datetime_operator.py
[2026-04-25T22:12:44.641+0000] {processor.py:840} INFO - DAG(s) 'example_branch_datetime_operator', 'example_branch_datetime_operator_2', 'example_branch_datetime_operator_3' retrieved from /home/airflow/.local/lib/python3.12/site-packages/airflow/example_dags/example_branch_datetime_operator.py
[2026-04-25T22:12:44.781+0000] {logging_mixin.py:188} INFO - [2026-04-25T22:12:44.781+0000] {dag.py:3096} INFO - Sync 3 DAGs
[2026-04-25T22:12:44.803+0000] {logging_mixin.py:188} INFO - [2026-04-25T22:12:44.802+0000] {dag.py:3954} INFO - Setting next_dagrun for example_branch_datetime_operator to 2026-04-24 00:00:00+00:00, run_after=2026-04-25 00:00:00+00:00
[2026-04-25T22:12:44.808+0000] {logging_mixin.py:188} INFO - [2026-04-25T22:12:44.808+0000] {dag.py:3954} INFO - Setting next_dagrun for example_branch_datetime_operator_2 to 2026-04-24 00:00:00+00:00, run_after=2026-04-25 00:00:00+00:00
[2026-04-25T22:12:44.811+0000] {logging_mixin.py:188} INFO - [2026-04-25T22:12:44.811+0000] {dag.py:3954} INFO - Setting next_dagrun for example_branch_datetime_operator_3 to 2026-04-24 00:00:00+00:00, run_after=2026-04-25 00:00:00+00:00
[2026-04-25T22:12:44.831+0000] {processor.py:183} INFO - Processing /home/airflow/.local/lib/python3.12/site-packages/airflow/example_dags/example_branch_datetime_operator.py took 0.211 seconds
[2026-04-25T22:13:14.957+0000] {processor.py:161} INFO - Started process (PID=175) to work on /home/airflow/.local/lib/python3.12/site-packages/airflow/example_dags/example_branch_datetime_operator.py
[2026-04-25T22:13:14.959+0000] {processor.py:830} INFO - Processing file /home/airflow/.local/lib/python3.12/site-packages/airflow/example_dags/example_branch_datetime_operator.py for tasks to queue
[2026-04-25T22:13:14.961+0000] {logging_mixin.py:188} INFO - [2026-04-25T22:13:14.961+0000] {dagbag.py:540} INFO - Filling up the DagBag from /home/airflow/.local/lib/python3.12/site-packages/airflow/example_dags/example_branch_datetime_operator.py
[2026-04-25T22:13:14.971+0000] {processor.py:840} INFO - DAG(s) 'example_branch_datetime_operator_3', 'example_branch_datetime_operator', 'example_branch_datetime_operator_2' retrieved from /home/airflow/.local/lib/python3.12/site-packages/airflow/example_dags/example_branch_datetime_operator.py
[2026-04-25T22:13:15.002+0000] {logging_mixin.py:188} INFO - [2026-04-25T22:13:15.001+0000] {dag.py:3096} INFO - Sync 3 DAGs
[2026-04-25T22:13:15.025+0000] {logging_mixin.py:188} INFO - [2026-04-25T22:13:15.025+0000] {dag.py:3954} INFO - Setting next_dagrun for example_branch_datetime_operator to 2026-04-24 00:00:00+00:00, run_after=2026-04-25 00:00:00+00:00
[2026-04-25T22:13:15.030+0000] {logging_mixin.py:188} INFO - [2026-04-25T22:13:15.030+0000] {dag.py:3954} INFO - Setting next_dagrun for example_branch_datetime_operator_2 to 2026-04-24 00:00:00+00:00, run_after=2026-04-25 00:00:00+00:00
[2026-04-25T22:13:15.033+0000] {logging_mixin.py:188} INFO - [2026-04-25T22:13:15.033+0000] {dag.py:3954} INFO - Setting next_dagrun for example_branch_datetime_operator_3 to 2026-04-24 00:00:00+00:00, run_after=2026-04-25 00:00:00+00:00
[2026-04-25T22:13:15.052+0000] {processor.py:183} INFO - Processing /home/airflow/.local/lib/python3.12/site-packages/airflow/example_dags/example_branch_datetime_operator.py took 0.101 seconds
