[2026-04-25T22:06:18.118+0000] {processor.py:161} INFO - Started process (PID=111) to work on /home/airflow/.local/lib/python3.12/site-packages/airflow/example_dags/example_display_name.py
[2026-04-25T22:06:18.120+0000] {processor.py:830} INFO - Processing file /home/airflow/.local/lib/python3.12/site-packages/airflow/example_dags/example_display_name.py for tasks to queue
[2026-04-25T22:06:18.122+0000] {logging_mixin.py:188} INFO - [2026-04-25T22:06:18.122+0000] {dagbag.py:540} INFO - Filling up the DagBag from /home/airflow/.local/lib/python3.12/site-packages/airflow/example_dags/example_display_name.py
[2026-04-25T22:06:18.132+0000] {processor.py:840} INFO - DAG(s) 'example_display_name' retrieved from /home/airflow/.local/lib/python3.12/site-packages/airflow/example_dags/example_display_name.py
[2026-04-25T22:06:18.250+0000] {logging_mixin.py:188} INFO - [2026-04-25T22:06:18.250+0000] {dag.py:3096} INFO - Sync 1 DAGs
[2026-04-25T22:06:18.261+0000] {logging_mixin.py:188} INFO - [2026-04-25T22:06:18.261+0000] {dag.py:3954} INFO - Setting next_dagrun for example_display_name to None, run_after=None
[2026-04-25T22:06:18.282+0000] {processor.py:183} INFO - Processing /home/airflow/.local/lib/python3.12/site-packages/airflow/example_dags/example_display_name.py took 0.172 seconds
[2026-04-25T22:06:58.323+0000] {processor.py:161} INFO - Started process (PID=169) to work on /home/airflow/.local/lib/python3.12/site-packages/airflow/example_dags/example_display_name.py
[2026-04-25T22:06:58.324+0000] {processor.py:830} INFO - Processing file /home/airflow/.local/lib/python3.12/site-packages/airflow/example_dags/example_display_name.py for tasks to queue
[2026-04-25T22:06:58.327+0000] {logging_mixin.py:188} INFO - [2026-04-25T22:06:58.327+0000] {dagbag.py:540} INFO - Filling up the DagBag from /home/airflow/.local/lib/python3.12/site-packages/airflow/example_dags/example_display_name.py
[2026-04-25T22:06:58.334+0000] {processor.py:840} INFO - DAG(s) 'example_display_name' retrieved from /home/airflow/.local/lib/python3.12/site-packages/airflow/example_dags/example_display_name.py
[2026-04-25T22:06:58.357+0000] {logging_mixin.py:188} INFO - [2026-04-25T22:06:58.357+0000] {dag.py:3096} INFO - Sync 1 DAGs
[2026-04-25T22:06:58.451+0000] {logging_mixin.py:188} INFO - [2026-04-25T22:06:58.450+0000] {dag.py:3954} INFO - Setting next_dagrun for example_display_name to None, run_after=None
[2026-04-25T22:06:58.542+0000] {processor.py:183} INFO - Processing /home/airflow/.local/lib/python3.12/site-packages/airflow/example_dags/example_display_name.py took 0.226 seconds
[2026-04-25T22:08:08.342+0000] {processor.py:161} INFO - Started process (PID=233) to work on /home/airflow/.local/lib/python3.12/site-packages/airflow/example_dags/example_display_name.py
[2026-04-25T22:08:08.358+0000] {processor.py:830} INFO - Processing file /home/airflow/.local/lib/python3.12/site-packages/airflow/example_dags/example_display_name.py for tasks to queue
[2026-04-25T22:08:08.360+0000] {logging_mixin.py:188} INFO - [2026-04-25T22:08:08.360+0000] {dagbag.py:540} INFO - Filling up the DagBag from /home/airflow/.local/lib/python3.12/site-packages/airflow/example_dags/example_display_name.py
[2026-04-25T22:08:08.368+0000] {processor.py:840} INFO - DAG(s) 'example_display_name' retrieved from /home/airflow/.local/lib/python3.12/site-packages/airflow/example_dags/example_display_name.py
[2026-04-25T22:08:08.398+0000] {logging_mixin.py:188} INFO - [2026-04-25T22:08:08.398+0000] {dag.py:3096} INFO - Sync 1 DAGs
[2026-04-25T22:08:08.412+0000] {logging_mixin.py:188} INFO - [2026-04-25T22:08:08.412+0000] {dag.py:3954} INFO - Setting next_dagrun for example_display_name to None, run_after=None
[2026-04-25T22:08:08.431+0000] {processor.py:183} INFO - Processing /home/airflow/.local/lib/python3.12/site-packages/airflow/example_dags/example_display_name.py took 0.096 seconds
[2026-04-25T22:08:39.372+0000] {processor.py:161} INFO - Started process (PID=291) to work on /home/airflow/.local/lib/python3.12/site-packages/airflow/example_dags/example_display_name.py
[2026-04-25T22:08:39.374+0000] {processor.py:830} INFO - Processing file /home/airflow/.local/lib/python3.12/site-packages/airflow/example_dags/example_display_name.py for tasks to queue
[2026-04-25T22:08:39.379+0000] {logging_mixin.py:188} INFO - [2026-04-25T22:08:39.379+0000] {dagbag.py:540} INFO - Filling up the DagBag from /home/airflow/.local/lib/python3.12/site-packages/airflow/example_dags/example_display_name.py
[2026-04-25T22:08:39.391+0000] {processor.py:840} INFO - DAG(s) 'example_display_name' retrieved from /home/airflow/.local/lib/python3.12/site-packages/airflow/example_dags/example_display_name.py
[2026-04-25T22:08:39.451+0000] {logging_mixin.py:188} INFO - [2026-04-25T22:08:39.451+0000] {dag.py:3096} INFO - Sync 1 DAGs
[2026-04-25T22:08:39.483+0000] {logging_mixin.py:188} INFO - [2026-04-25T22:08:39.482+0000] {dag.py:3954} INFO - Setting next_dagrun for example_display_name to None, run_after=None
[2026-04-25T22:08:39.506+0000] {processor.py:183} INFO - Processing /home/airflow/.local/lib/python3.12/site-packages/airflow/example_dags/example_display_name.py took 0.149 seconds
[2026-04-25T22:09:10.183+0000] {processor.py:161} INFO - Started process (PID=349) to work on /home/airflow/.local/lib/python3.12/site-packages/airflow/example_dags/example_display_name.py
[2026-04-25T22:09:10.184+0000] {processor.py:830} INFO - Processing file /home/airflow/.local/lib/python3.12/site-packages/airflow/example_dags/example_display_name.py for tasks to queue
[2026-04-25T22:09:10.187+0000] {logging_mixin.py:188} INFO - [2026-04-25T22:09:10.186+0000] {dagbag.py:540} INFO - Filling up the DagBag from /home/airflow/.local/lib/python3.12/site-packages/airflow/example_dags/example_display_name.py
[2026-04-25T22:09:10.193+0000] {processor.py:840} INFO - DAG(s) 'example_display_name' retrieved from /home/airflow/.local/lib/python3.12/site-packages/airflow/example_dags/example_display_name.py
[2026-04-25T22:09:10.221+0000] {logging_mixin.py:188} INFO - [2026-04-25T22:09:10.221+0000] {dag.py:3096} INFO - Sync 1 DAGs
[2026-04-25T22:09:10.235+0000] {logging_mixin.py:188} INFO - [2026-04-25T22:09:10.235+0000] {dag.py:3954} INFO - Setting next_dagrun for example_display_name to None, run_after=None
[2026-04-25T22:09:10.256+0000] {processor.py:183} INFO - Processing /home/airflow/.local/lib/python3.12/site-packages/airflow/example_dags/example_display_name.py took 0.079 seconds
[2026-04-25T22:09:40.632+0000] {processor.py:161} INFO - Started process (PID=407) to work on /home/airflow/.local/lib/python3.12/site-packages/airflow/example_dags/example_display_name.py
[2026-04-25T22:09:40.634+0000] {processor.py:830} INFO - Processing file /home/airflow/.local/lib/python3.12/site-packages/airflow/example_dags/example_display_name.py for tasks to queue
[2026-04-25T22:09:40.636+0000] {logging_mixin.py:188} INFO - [2026-04-25T22:09:40.636+0000] {dagbag.py:540} INFO - Filling up the DagBag from /home/airflow/.local/lib/python3.12/site-packages/airflow/example_dags/example_display_name.py
[2026-04-25T22:09:40.644+0000] {processor.py:840} INFO - DAG(s) 'example_display_name' retrieved from /home/airflow/.local/lib/python3.12/site-packages/airflow/example_dags/example_display_name.py
[2026-04-25T22:09:40.669+0000] {logging_mixin.py:188} INFO - [2026-04-25T22:09:40.669+0000] {dag.py:3096} INFO - Sync 1 DAGs
[2026-04-25T22:09:40.685+0000] {logging_mixin.py:188} INFO - [2026-04-25T22:09:40.685+0000] {dag.py:3954} INFO - Setting next_dagrun for example_display_name to None, run_after=None
[2026-04-25T22:09:40.708+0000] {processor.py:183} INFO - Processing /home/airflow/.local/lib/python3.12/site-packages/airflow/example_dags/example_display_name.py took 0.084 seconds
[2026-04-25T22:10:11.176+0000] {processor.py:161} INFO - Started process (PID=467) to work on /home/airflow/.local/lib/python3.12/site-packages/airflow/example_dags/example_display_name.py
[2026-04-25T22:10:11.178+0000] {processor.py:830} INFO - Processing file /home/airflow/.local/lib/python3.12/site-packages/airflow/example_dags/example_display_name.py for tasks to queue
[2026-04-25T22:10:11.180+0000] {logging_mixin.py:188} INFO - [2026-04-25T22:10:11.180+0000] {dagbag.py:540} INFO - Filling up the DagBag from /home/airflow/.local/lib/python3.12/site-packages/airflow/example_dags/example_display_name.py
[2026-04-25T22:10:11.187+0000] {processor.py:840} INFO - DAG(s) 'example_display_name' retrieved from /home/airflow/.local/lib/python3.12/site-packages/airflow/example_dags/example_display_name.py
[2026-04-25T22:10:11.212+0000] {logging_mixin.py:188} INFO - [2026-04-25T22:10:11.211+0000] {dag.py:3096} INFO - Sync 1 DAGs
[2026-04-25T22:10:11.226+0000] {logging_mixin.py:188} INFO - [2026-04-25T22:10:11.226+0000] {dag.py:3954} INFO - Setting next_dagrun for example_display_name to None, run_after=None
[2026-04-25T22:10:11.248+0000] {processor.py:183} INFO - Processing /home/airflow/.local/lib/python3.12/site-packages/airflow/example_dags/example_display_name.py took 0.079 seconds
[2026-04-25T22:10:42.586+0000] {processor.py:161} INFO - Started process (PID=529) to work on /home/airflow/.local/lib/python3.12/site-packages/airflow/example_dags/example_display_name.py
[2026-04-25T22:10:42.588+0000] {processor.py:830} INFO - Processing file /home/airflow/.local/lib/python3.12/site-packages/airflow/example_dags/example_display_name.py for tasks to queue
[2026-04-25T22:10:42.590+0000] {logging_mixin.py:188} INFO - [2026-04-25T22:10:42.590+0000] {dagbag.py:540} INFO - Filling up the DagBag from /home/airflow/.local/lib/python3.12/site-packages/airflow/example_dags/example_display_name.py
[2026-04-25T22:10:42.596+0000] {processor.py:840} INFO - DAG(s) 'example_display_name' retrieved from /home/airflow/.local/lib/python3.12/site-packages/airflow/example_dags/example_display_name.py
[2026-04-25T22:10:42.619+0000] {logging_mixin.py:188} INFO - [2026-04-25T22:10:42.619+0000] {dag.py:3096} INFO - Sync 1 DAGs
[2026-04-25T22:10:42.632+0000] {logging_mixin.py:188} INFO - [2026-04-25T22:10:42.632+0000] {dag.py:3954} INFO - Setting next_dagrun for example_display_name to None, run_after=None
[2026-04-25T22:10:42.651+0000] {processor.py:183} INFO - Processing /home/airflow/.local/lib/python3.12/site-packages/airflow/example_dags/example_display_name.py took 0.071 seconds
[2026-04-25T22:11:13.373+0000] {processor.py:161} INFO - Started process (PID=587) to work on /home/airflow/.local/lib/python3.12/site-packages/airflow/example_dags/example_display_name.py
[2026-04-25T22:11:13.375+0000] {processor.py:830} INFO - Processing file /home/airflow/.local/lib/python3.12/site-packages/airflow/example_dags/example_display_name.py for tasks to queue
[2026-04-25T22:11:13.380+0000] {logging_mixin.py:188} INFO - [2026-04-25T22:11:13.379+0000] {dagbag.py:540} INFO - Filling up the DagBag from /home/airflow/.local/lib/python3.12/site-packages/airflow/example_dags/example_display_name.py
[2026-04-25T22:11:13.388+0000] {processor.py:840} INFO - DAG(s) 'example_display_name' retrieved from /home/airflow/.local/lib/python3.12/site-packages/airflow/example_dags/example_display_name.py
[2026-04-25T22:11:13.405+0000] {logging_mixin.py:188} INFO - [2026-04-25T22:11:13.405+0000] {dag.py:3096} INFO - Sync 1 DAGs
[2026-04-25T22:11:13.424+0000] {logging_mixin.py:188} INFO - [2026-04-25T22:11:13.424+0000] {dag.py:3954} INFO - Setting next_dagrun for example_display_name to None, run_after=None
[2026-04-25T22:11:13.446+0000] {processor.py:183} INFO - Processing /home/airflow/.local/lib/python3.12/site-packages/airflow/example_dags/example_display_name.py took 0.081 seconds
[2026-04-25T22:11:46.693+0000] {processor.py:161} INFO - Started process (PID=645) to work on /home/airflow/.local/lib/python3.12/site-packages/airflow/example_dags/example_display_name.py
[2026-04-25T22:11:46.694+0000] {processor.py:830} INFO - Processing file /home/airflow/.local/lib/python3.12/site-packages/airflow/example_dags/example_display_name.py for tasks to queue
[2026-04-25T22:11:46.697+0000] {logging_mixin.py:188} INFO - [2026-04-25T22:11:46.696+0000] {dagbag.py:540} INFO - Filling up the DagBag from /home/airflow/.local/lib/python3.12/site-packages/airflow/example_dags/example_display_name.py
[2026-04-25T22:11:46.704+0000] {processor.py:840} INFO - DAG(s) 'example_display_name' retrieved from /home/airflow/.local/lib/python3.12/site-packages/airflow/example_dags/example_display_name.py
[2026-04-25T22:11:46.813+0000] {logging_mixin.py:188} INFO - [2026-04-25T22:11:46.813+0000] {dag.py:3096} INFO - Sync 1 DAGs
[2026-04-25T22:11:46.983+0000] {logging_mixin.py:188} INFO - [2026-04-25T22:11:46.983+0000] {dag.py:3954} INFO - Setting next_dagrun for example_display_name to None, run_after=None
[2026-04-25T22:11:47.004+0000] {processor.py:183} INFO - Processing /home/airflow/.local/lib/python3.12/site-packages/airflow/example_dags/example_display_name.py took 0.318 seconds
[2026-04-25T22:12:19.028+0000] {processor.py:161} INFO - Started process (PID=106) to work on /home/airflow/.local/lib/python3.12/site-packages/airflow/example_dags/example_display_name.py
[2026-04-25T22:12:19.029+0000] {processor.py:830} INFO - Processing file /home/airflow/.local/lib/python3.12/site-packages/airflow/example_dags/example_display_name.py for tasks to queue
[2026-04-25T22:12:19.032+0000] {logging_mixin.py:188} INFO - [2026-04-25T22:12:19.032+0000] {dagbag.py:540} INFO - Filling up the DagBag from /home/airflow/.local/lib/python3.12/site-packages/airflow/example_dags/example_display_name.py
[2026-04-25T22:12:19.044+0000] {processor.py:840} INFO - DAG(s) 'example_display_name' retrieved from /home/airflow/.local/lib/python3.12/site-packages/airflow/example_dags/example_display_name.py
[2026-04-25T22:12:19.064+0000] {logging_mixin.py:188} INFO - [2026-04-25T22:12:19.063+0000] {dag.py:3096} INFO - Sync 1 DAGs
[2026-04-25T22:12:19.089+0000] {logging_mixin.py:188} INFO - [2026-04-25T22:12:19.088+0000] {dag.py:3954} INFO - Setting next_dagrun for example_display_name to None, run_after=None
[2026-04-25T22:12:19.121+0000] {processor.py:183} INFO - Processing /home/airflow/.local/lib/python3.12/site-packages/airflow/example_dags/example_display_name.py took 0.104 seconds
[2026-04-25T22:12:51.206+0000] {processor.py:161} INFO - Started process (PID=164) to work on /home/airflow/.local/lib/python3.12/site-packages/airflow/example_dags/example_display_name.py
[2026-04-25T22:12:51.208+0000] {processor.py:830} INFO - Processing file /home/airflow/.local/lib/python3.12/site-packages/airflow/example_dags/example_display_name.py for tasks to queue
[2026-04-25T22:12:51.210+0000] {logging_mixin.py:188} INFO - [2026-04-25T22:12:51.210+0000] {dagbag.py:540} INFO - Filling up the DagBag from /home/airflow/.local/lib/python3.12/site-packages/airflow/example_dags/example_display_name.py
[2026-04-25T22:12:51.217+0000] {processor.py:840} INFO - DAG(s) 'example_display_name' retrieved from /home/airflow/.local/lib/python3.12/site-packages/airflow/example_dags/example_display_name.py
[2026-04-25T22:12:51.329+0000] {logging_mixin.py:188} INFO - [2026-04-25T22:12:51.329+0000] {dag.py:3096} INFO - Sync 1 DAGs
[2026-04-25T22:12:51.341+0000] {logging_mixin.py:188} INFO - [2026-04-25T22:12:51.340+0000] {dag.py:3954} INFO - Setting next_dagrun for example_display_name to None, run_after=None
[2026-04-25T22:12:51.363+0000] {processor.py:183} INFO - Processing /home/airflow/.local/lib/python3.12/site-packages/airflow/example_dags/example_display_name.py took 0.163 seconds
[2026-04-25T22:13:22.553+0000] {processor.py:161} INFO - Started process (PID=222) to work on /home/airflow/.local/lib/python3.12/site-packages/airflow/example_dags/example_display_name.py
[2026-04-25T22:13:22.555+0000] {processor.py:830} INFO - Processing file /home/airflow/.local/lib/python3.12/site-packages/airflow/example_dags/example_display_name.py for tasks to queue
[2026-04-25T22:13:22.557+0000] {logging_mixin.py:188} INFO - [2026-04-25T22:13:22.557+0000] {dagbag.py:540} INFO - Filling up the DagBag from /home/airflow/.local/lib/python3.12/site-packages/airflow/example_dags/example_display_name.py
[2026-04-25T22:13:22.564+0000] {processor.py:840} INFO - DAG(s) 'example_display_name' retrieved from /home/airflow/.local/lib/python3.12/site-packages/airflow/example_dags/example_display_name.py
[2026-04-25T22:13:22.588+0000] {logging_mixin.py:188} INFO - [2026-04-25T22:13:22.587+0000] {dag.py:3096} INFO - Sync 1 DAGs
[2026-04-25T22:13:22.601+0000] {logging_mixin.py:188} INFO - [2026-04-25T22:13:22.601+0000] {dag.py:3954} INFO - Setting next_dagrun for example_display_name to None, run_after=None
[2026-04-25T22:13:22.619+0000] {processor.py:183} INFO - Processing /home/airflow/.local/lib/python3.12/site-packages/airflow/example_dags/example_display_name.py took 0.073 seconds
