[2026-04-25T22:06:14.552+0000] {processor.py:161} INFO - Started process (PID=87) to work on /home/airflow/.local/lib/python3.12/site-packages/airflow/example_dags/example_branch_labels.py
[2026-04-25T22:06:14.554+0000] {processor.py:830} INFO - Processing file /home/airflow/.local/lib/python3.12/site-packages/airflow/example_dags/example_branch_labels.py for tasks to queue
[2026-04-25T22:06:14.556+0000] {logging_mixin.py:188} INFO - [2026-04-25T22:06:14.556+0000] {dagbag.py:540} INFO - Filling up the DagBag from /home/airflow/.local/lib/python3.12/site-packages/airflow/example_dags/example_branch_labels.py
[2026-04-25T22:06:14.568+0000] {processor.py:840} INFO - DAG(s) 'example_branch_labels' retrieved from /home/airflow/.local/lib/python3.12/site-packages/airflow/example_dags/example_branch_labels.py
[2026-04-25T22:06:14.703+0000] {logging_mixin.py:188} INFO - [2026-04-25T22:06:14.703+0000] {dag.py:3096} INFO - Sync 1 DAGs
[2026-04-25T22:06:14.728+0000] {logging_mixin.py:188} INFO - [2026-04-25T22:06:14.728+0000] {dag.py:3954} INFO - Setting next_dagrun for example_branch_labels to 2026-04-24 00:00:00+00:00, run_after=2026-04-25 00:00:00+00:00
[2026-04-25T22:06:14.750+0000] {processor.py:183} INFO - Processing /home/airflow/.local/lib/python3.12/site-packages/airflow/example_dags/example_branch_labels.py took 0.206 seconds
[2026-04-25T22:06:48.330+0000] {processor.py:161} INFO - Started process (PID=145) to work on /home/airflow/.local/lib/python3.12/site-packages/airflow/example_dags/example_branch_labels.py
[2026-04-25T22:06:48.332+0000] {processor.py:830} INFO - Processing file /home/airflow/.local/lib/python3.12/site-packages/airflow/example_dags/example_branch_labels.py for tasks to queue
[2026-04-25T22:06:48.335+0000] {logging_mixin.py:188} INFO - [2026-04-25T22:06:48.335+0000] {dagbag.py:540} INFO - Filling up the DagBag from /home/airflow/.local/lib/python3.12/site-packages/airflow/example_dags/example_branch_labels.py
[2026-04-25T22:06:48.391+0000] {processor.py:840} INFO - DAG(s) 'example_branch_labels' retrieved from /home/airflow/.local/lib/python3.12/site-packages/airflow/example_dags/example_branch_labels.py
[2026-04-25T22:06:48.416+0000] {logging_mixin.py:188} INFO - [2026-04-25T22:06:48.416+0000] {dag.py:3096} INFO - Sync 1 DAGs
[2026-04-25T22:06:48.598+0000] {logging_mixin.py:188} INFO - [2026-04-25T22:06:48.598+0000] {dag.py:3954} INFO - Setting next_dagrun for example_branch_labels to 2026-04-24 00:00:00+00:00, run_after=2026-04-25 00:00:00+00:00
[2026-04-25T22:06:49.456+0000] {processor.py:183} INFO - Processing /home/airflow/.local/lib/python3.12/site-packages/airflow/example_dags/example_branch_labels.py took 1.137 seconds
[2026-04-25T22:08:05.623+0000] {processor.py:161} INFO - Started process (PID=209) to work on /home/airflow/.local/lib/python3.12/site-packages/airflow/example_dags/example_branch_labels.py
[2026-04-25T22:08:05.630+0000] {processor.py:830} INFO - Processing file /home/airflow/.local/lib/python3.12/site-packages/airflow/example_dags/example_branch_labels.py for tasks to queue
[2026-04-25T22:08:05.633+0000] {logging_mixin.py:188} INFO - [2026-04-25T22:08:05.632+0000] {dagbag.py:540} INFO - Filling up the DagBag from /home/airflow/.local/lib/python3.12/site-packages/airflow/example_dags/example_branch_labels.py
[2026-04-25T22:08:05.642+0000] {processor.py:840} INFO - DAG(s) 'example_branch_labels' retrieved from /home/airflow/.local/lib/python3.12/site-packages/airflow/example_dags/example_branch_labels.py
[2026-04-25T22:08:05.747+0000] {logging_mixin.py:188} INFO - [2026-04-25T22:08:05.746+0000] {dag.py:3096} INFO - Sync 1 DAGs
[2026-04-25T22:08:05.772+0000] {logging_mixin.py:188} INFO - [2026-04-25T22:08:05.772+0000] {dag.py:3954} INFO - Setting next_dagrun for example_branch_labels to 2026-04-24 00:00:00+00:00, run_after=2026-04-25 00:00:00+00:00
[2026-04-25T22:08:05.792+0000] {processor.py:183} INFO - Processing /home/airflow/.local/lib/python3.12/site-packages/airflow/example_dags/example_branch_labels.py took 0.177 seconds
[2026-04-25T22:08:35.898+0000] {processor.py:161} INFO - Started process (PID=267) to work on /home/airflow/.local/lib/python3.12/site-packages/airflow/example_dags/example_branch_labels.py
[2026-04-25T22:08:35.900+0000] {processor.py:830} INFO - Processing file /home/airflow/.local/lib/python3.12/site-packages/airflow/example_dags/example_branch_labels.py for tasks to queue
[2026-04-25T22:08:35.903+0000] {logging_mixin.py:188} INFO - [2026-04-25T22:08:35.903+0000] {dagbag.py:540} INFO - Filling up the DagBag from /home/airflow/.local/lib/python3.12/site-packages/airflow/example_dags/example_branch_labels.py
[2026-04-25T22:08:35.918+0000] {processor.py:840} INFO - DAG(s) 'example_branch_labels' retrieved from /home/airflow/.local/lib/python3.12/site-packages/airflow/example_dags/example_branch_labels.py
[2026-04-25T22:08:36.070+0000] {logging_mixin.py:188} INFO - [2026-04-25T22:08:36.069+0000] {dag.py:3096} INFO - Sync 1 DAGs
[2026-04-25T22:08:36.093+0000] {logging_mixin.py:188} INFO - [2026-04-25T22:08:36.093+0000] {dag.py:3954} INFO - Setting next_dagrun for example_branch_labels to 2026-04-24 00:00:00+00:00, run_after=2026-04-25 00:00:00+00:00
[2026-04-25T22:08:36.112+0000] {processor.py:183} INFO - Processing /home/airflow/.local/lib/python3.12/site-packages/airflow/example_dags/example_branch_labels.py took 0.225 seconds
[2026-04-25T22:09:06.234+0000] {processor.py:161} INFO - Started process (PID=325) to work on /home/airflow/.local/lib/python3.12/site-packages/airflow/example_dags/example_branch_labels.py
[2026-04-25T22:09:06.235+0000] {processor.py:830} INFO - Processing file /home/airflow/.local/lib/python3.12/site-packages/airflow/example_dags/example_branch_labels.py for tasks to queue
[2026-04-25T22:09:06.237+0000] {logging_mixin.py:188} INFO - [2026-04-25T22:09:06.237+0000] {dagbag.py:540} INFO - Filling up the DagBag from /home/airflow/.local/lib/python3.12/site-packages/airflow/example_dags/example_branch_labels.py
[2026-04-25T22:09:06.246+0000] {processor.py:840} INFO - DAG(s) 'example_branch_labels' retrieved from /home/airflow/.local/lib/python3.12/site-packages/airflow/example_dags/example_branch_labels.py
[2026-04-25T22:09:06.270+0000] {logging_mixin.py:188} INFO - [2026-04-25T22:09:06.269+0000] {dag.py:3096} INFO - Sync 1 DAGs
[2026-04-25T22:09:06.293+0000] {logging_mixin.py:188} INFO - [2026-04-25T22:09:06.293+0000] {dag.py:3954} INFO - Setting next_dagrun for example_branch_labels to 2026-04-24 00:00:00+00:00, run_after=2026-04-25 00:00:00+00:00
[2026-04-25T22:09:06.313+0000] {processor.py:183} INFO - Processing /home/airflow/.local/lib/python3.12/site-packages/airflow/example_dags/example_branch_labels.py took 0.086 seconds
[2026-04-25T22:09:36.475+0000] {processor.py:161} INFO - Started process (PID=383) to work on /home/airflow/.local/lib/python3.12/site-packages/airflow/example_dags/example_branch_labels.py
[2026-04-25T22:09:36.476+0000] {processor.py:830} INFO - Processing file /home/airflow/.local/lib/python3.12/site-packages/airflow/example_dags/example_branch_labels.py for tasks to queue
[2026-04-25T22:09:36.478+0000] {logging_mixin.py:188} INFO - [2026-04-25T22:09:36.478+0000] {dagbag.py:540} INFO - Filling up the DagBag from /home/airflow/.local/lib/python3.12/site-packages/airflow/example_dags/example_branch_labels.py
[2026-04-25T22:09:36.487+0000] {processor.py:840} INFO - DAG(s) 'example_branch_labels' retrieved from /home/airflow/.local/lib/python3.12/site-packages/airflow/example_dags/example_branch_labels.py
[2026-04-25T22:09:36.510+0000] {logging_mixin.py:188} INFO - [2026-04-25T22:09:36.510+0000] {dag.py:3096} INFO - Sync 1 DAGs
[2026-04-25T22:09:36.535+0000] {logging_mixin.py:188} INFO - [2026-04-25T22:09:36.535+0000] {dag.py:3954} INFO - Setting next_dagrun for example_branch_labels to 2026-04-24 00:00:00+00:00, run_after=2026-04-25 00:00:00+00:00
[2026-04-25T22:09:36.554+0000] {processor.py:183} INFO - Processing /home/airflow/.local/lib/python3.12/site-packages/airflow/example_dags/example_branch_labels.py took 0.087 seconds
[2026-04-25T22:10:06.869+0000] {processor.py:161} INFO - Started process (PID=441) to work on /home/airflow/.local/lib/python3.12/site-packages/airflow/example_dags/example_branch_labels.py
[2026-04-25T22:10:06.871+0000] {processor.py:830} INFO - Processing file /home/airflow/.local/lib/python3.12/site-packages/airflow/example_dags/example_branch_labels.py for tasks to queue
[2026-04-25T22:10:06.874+0000] {logging_mixin.py:188} INFO - [2026-04-25T22:10:06.873+0000] {dagbag.py:540} INFO - Filling up the DagBag from /home/airflow/.local/lib/python3.12/site-packages/airflow/example_dags/example_branch_labels.py
[2026-04-25T22:10:06.883+0000] {processor.py:840} INFO - DAG(s) 'example_branch_labels' retrieved from /home/airflow/.local/lib/python3.12/site-packages/airflow/example_dags/example_branch_labels.py
[2026-04-25T22:10:06.907+0000] {logging_mixin.py:188} INFO - [2026-04-25T22:10:06.907+0000] {dag.py:3096} INFO - Sync 1 DAGs
[2026-04-25T22:10:06.930+0000] {logging_mixin.py:188} INFO - [2026-04-25T22:10:06.930+0000] {dag.py:3954} INFO - Setting next_dagrun for example_branch_labels to 2026-04-24 00:00:00+00:00, run_after=2026-04-25 00:00:00+00:00
[2026-04-25T22:10:06.949+0000] {processor.py:183} INFO - Processing /home/airflow/.local/lib/python3.12/site-packages/airflow/example_dags/example_branch_labels.py took 0.090 seconds
[2026-04-25T22:10:37.217+0000] {processor.py:161} INFO - Started process (PID=499) to work on /home/airflow/.local/lib/python3.12/site-packages/airflow/example_dags/example_branch_labels.py
[2026-04-25T22:10:37.219+0000] {processor.py:830} INFO - Processing file /home/airflow/.local/lib/python3.12/site-packages/airflow/example_dags/example_branch_labels.py for tasks to queue
[2026-04-25T22:10:37.222+0000] {logging_mixin.py:188} INFO - [2026-04-25T22:10:37.222+0000] {dagbag.py:540} INFO - Filling up the DagBag from /home/airflow/.local/lib/python3.12/site-packages/airflow/example_dags/example_branch_labels.py
[2026-04-25T22:10:37.232+0000] {processor.py:840} INFO - DAG(s) 'example_branch_labels' retrieved from /home/airflow/.local/lib/python3.12/site-packages/airflow/example_dags/example_branch_labels.py
[2026-04-25T22:10:37.264+0000] {logging_mixin.py:188} INFO - [2026-04-25T22:10:37.264+0000] {dag.py:3096} INFO - Sync 1 DAGs
[2026-04-25T22:10:37.293+0000] {logging_mixin.py:188} INFO - [2026-04-25T22:10:37.293+0000] {dag.py:3954} INFO - Setting next_dagrun for example_branch_labels to 2026-04-24 00:00:00+00:00, run_after=2026-04-25 00:00:00+00:00
[2026-04-25T22:10:37.323+0000] {processor.py:183} INFO - Processing /home/airflow/.local/lib/python3.12/site-packages/airflow/example_dags/example_branch_labels.py took 0.113 seconds
[2026-04-25T22:11:07.863+0000] {processor.py:161} INFO - Started process (PID=557) to work on /home/airflow/.local/lib/python3.12/site-packages/airflow/example_dags/example_branch_labels.py
[2026-04-25T22:11:07.864+0000] {processor.py:830} INFO - Processing file /home/airflow/.local/lib/python3.12/site-packages/airflow/example_dags/example_branch_labels.py for tasks to queue
[2026-04-25T22:11:07.866+0000] {logging_mixin.py:188} INFO - [2026-04-25T22:11:07.866+0000] {dagbag.py:540} INFO - Filling up the DagBag from /home/airflow/.local/lib/python3.12/site-packages/airflow/example_dags/example_branch_labels.py
[2026-04-25T22:11:07.875+0000] {processor.py:840} INFO - DAG(s) 'example_branch_labels' retrieved from /home/airflow/.local/lib/python3.12/site-packages/airflow/example_dags/example_branch_labels.py
[2026-04-25T22:11:07.888+0000] {logging_mixin.py:188} INFO - [2026-04-25T22:11:07.888+0000] {dag.py:3096} INFO - Sync 1 DAGs
[2026-04-25T22:11:07.914+0000] {logging_mixin.py:188} INFO - [2026-04-25T22:11:07.914+0000] {dag.py:3954} INFO - Setting next_dagrun for example_branch_labels to 2026-04-24 00:00:00+00:00, run_after=2026-04-25 00:00:00+00:00
[2026-04-25T22:11:07.987+0000] {processor.py:183} INFO - Processing /home/airflow/.local/lib/python3.12/site-packages/airflow/example_dags/example_branch_labels.py took 0.131 seconds
[2026-04-25T22:11:39.551+0000] {processor.py:161} INFO - Started process (PID=615) to work on /home/airflow/.local/lib/python3.12/site-packages/airflow/example_dags/example_branch_labels.py
[2026-04-25T22:11:39.554+0000] {processor.py:830} INFO - Processing file /home/airflow/.local/lib/python3.12/site-packages/airflow/example_dags/example_branch_labels.py for tasks to queue
[2026-04-25T22:11:39.559+0000] {logging_mixin.py:188} INFO - [2026-04-25T22:11:39.558+0000] {dagbag.py:540} INFO - Filling up the DagBag from /home/airflow/.local/lib/python3.12/site-packages/airflow/example_dags/example_branch_labels.py
[2026-04-25T22:11:39.574+0000] {processor.py:840} INFO - DAG(s) 'example_branch_labels' retrieved from /home/airflow/.local/lib/python3.12/site-packages/airflow/example_dags/example_branch_labels.py
[2026-04-25T22:11:39.897+0000] {logging_mixin.py:188} INFO - [2026-04-25T22:11:39.896+0000] {dag.py:3096} INFO - Sync 1 DAGs
[2026-04-25T22:11:39.973+0000] {logging_mixin.py:188} INFO - [2026-04-25T22:11:39.972+0000] {dag.py:3954} INFO - Setting next_dagrun for example_branch_labels to 2026-04-24 00:00:00+00:00, run_after=2026-04-25 00:00:00+00:00
[2026-04-25T22:11:40.005+0000] {processor.py:183} INFO - Processing /home/airflow/.local/lib/python3.12/site-packages/airflow/example_dags/example_branch_labels.py took 0.469 seconds
[2026-04-25T22:12:16.501+0000] {processor.py:161} INFO - Started process (PID=76) to work on /home/airflow/.local/lib/python3.12/site-packages/airflow/example_dags/example_branch_labels.py
[2026-04-25T22:12:16.504+0000] {processor.py:830} INFO - Processing file /home/airflow/.local/lib/python3.12/site-packages/airflow/example_dags/example_branch_labels.py for tasks to queue
[2026-04-25T22:12:16.514+0000] {logging_mixin.py:188} INFO - [2026-04-25T22:12:16.513+0000] {dagbag.py:540} INFO - Filling up the DagBag from /home/airflow/.local/lib/python3.12/site-packages/airflow/example_dags/example_branch_labels.py
[2026-04-25T22:12:16.546+0000] {processor.py:840} INFO - DAG(s) 'example_branch_labels' retrieved from /home/airflow/.local/lib/python3.12/site-packages/airflow/example_dags/example_branch_labels.py
[2026-04-25T22:12:16.583+0000] {logging_mixin.py:188} INFO - [2026-04-25T22:12:16.582+0000] {dag.py:3096} INFO - Sync 1 DAGs
[2026-04-25T22:12:16.657+0000] {logging_mixin.py:188} INFO - [2026-04-25T22:12:16.656+0000] {dag.py:3954} INFO - Setting next_dagrun for example_branch_labels to 2026-04-24 00:00:00+00:00, run_after=2026-04-25 00:00:00+00:00
[2026-04-25T22:12:16.701+0000] {processor.py:183} INFO - Processing /home/airflow/.local/lib/python3.12/site-packages/airflow/example_dags/example_branch_labels.py took 0.220 seconds
[2026-04-25T22:12:48.286+0000] {processor.py:161} INFO - Started process (PID=134) to work on /home/airflow/.local/lib/python3.12/site-packages/airflow/example_dags/example_branch_labels.py
[2026-04-25T22:12:48.287+0000] {processor.py:830} INFO - Processing file /home/airflow/.local/lib/python3.12/site-packages/airflow/example_dags/example_branch_labels.py for tasks to queue
[2026-04-25T22:12:48.290+0000] {logging_mixin.py:188} INFO - [2026-04-25T22:12:48.290+0000] {dagbag.py:540} INFO - Filling up the DagBag from /home/airflow/.local/lib/python3.12/site-packages/airflow/example_dags/example_branch_labels.py
[2026-04-25T22:12:48.298+0000] {processor.py:840} INFO - DAG(s) 'example_branch_labels' retrieved from /home/airflow/.local/lib/python3.12/site-packages/airflow/example_dags/example_branch_labels.py
[2026-04-25T22:12:48.412+0000] {logging_mixin.py:188} INFO - [2026-04-25T22:12:48.412+0000] {dag.py:3096} INFO - Sync 1 DAGs
[2026-04-25T22:12:48.433+0000] {logging_mixin.py:188} INFO - [2026-04-25T22:12:48.433+0000] {dag.py:3954} INFO - Setting next_dagrun for example_branch_labels to 2026-04-24 00:00:00+00:00, run_after=2026-04-25 00:00:00+00:00
[2026-04-25T22:12:48.458+0000] {processor.py:183} INFO - Processing /home/airflow/.local/lib/python3.12/site-packages/airflow/example_dags/example_branch_labels.py took 0.179 seconds
[2026-04-25T22:13:19.036+0000] {processor.py:161} INFO - Started process (PID=198) to work on /home/airflow/.local/lib/python3.12/site-packages/airflow/example_dags/example_branch_labels.py
[2026-04-25T22:13:19.037+0000] {processor.py:830} INFO - Processing file /home/airflow/.local/lib/python3.12/site-packages/airflow/example_dags/example_branch_labels.py for tasks to queue
[2026-04-25T22:13:19.039+0000] {logging_mixin.py:188} INFO - [2026-04-25T22:13:19.039+0000] {dagbag.py:540} INFO - Filling up the DagBag from /home/airflow/.local/lib/python3.12/site-packages/airflow/example_dags/example_branch_labels.py
[2026-04-25T22:13:19.048+0000] {processor.py:840} INFO - DAG(s) 'example_branch_labels' retrieved from /home/airflow/.local/lib/python3.12/site-packages/airflow/example_dags/example_branch_labels.py
[2026-04-25T22:13:19.073+0000] {logging_mixin.py:188} INFO - [2026-04-25T22:13:19.073+0000] {dag.py:3096} INFO - Sync 1 DAGs
[2026-04-25T22:13:19.096+0000] {logging_mixin.py:188} INFO - [2026-04-25T22:13:19.096+0000] {dag.py:3954} INFO - Setting next_dagrun for example_branch_labels to 2026-04-24 00:00:00+00:00, run_after=2026-04-25 00:00:00+00:00
[2026-04-25T22:13:19.115+0000] {processor.py:183} INFO - Processing /home/airflow/.local/lib/python3.12/site-packages/airflow/example_dags/example_branch_labels.py took 0.085 seconds
