[2026-04-25T22:06:18.226+0000] {processor.py:161} INFO - Started process (PID=112) to work on /home/airflow/.local/lib/python3.12/site-packages/airflow/example_dags/example_params_ui_tutorial.py
[2026-04-25T22:06:18.227+0000] {processor.py:830} INFO - Processing file /home/airflow/.local/lib/python3.12/site-packages/airflow/example_dags/example_params_ui_tutorial.py for tasks to queue
[2026-04-25T22:06:18.230+0000] {logging_mixin.py:188} INFO - [2026-04-25T22:06:18.229+0000] {dagbag.py:540} INFO - Filling up the DagBag from /home/airflow/.local/lib/python3.12/site-packages/airflow/example_dags/example_params_ui_tutorial.py
[2026-04-25T22:06:18.245+0000] {processor.py:840} INFO - DAG(s) 'example_params_ui_tutorial' retrieved from /home/airflow/.local/lib/python3.12/site-packages/airflow/example_dags/example_params_ui_tutorial.py
[2026-04-25T22:06:18.391+0000] {logging_mixin.py:188} INFO - [2026-04-25T22:06:18.390+0000] {dag.py:3096} INFO - Sync 1 DAGs
[2026-04-25T22:06:18.406+0000] {logging_mixin.py:188} INFO - [2026-04-25T22:06:18.406+0000] {dag.py:3954} INFO - Setting next_dagrun for example_params_ui_tutorial to None, run_after=None
[2026-04-25T22:06:18.429+0000] {processor.py:183} INFO - Processing /home/airflow/.local/lib/python3.12/site-packages/airflow/example_dags/example_params_ui_tutorial.py took 0.209 seconds
[2026-04-25T22:06:58.423+0000] {processor.py:161} INFO - Started process (PID=170) to work on /home/airflow/.local/lib/python3.12/site-packages/airflow/example_dags/example_params_ui_tutorial.py
[2026-04-25T22:06:58.424+0000] {processor.py:830} INFO - Processing file /home/airflow/.local/lib/python3.12/site-packages/airflow/example_dags/example_params_ui_tutorial.py for tasks to queue
[2026-04-25T22:06:58.427+0000] {logging_mixin.py:188} INFO - [2026-04-25T22:06:58.426+0000] {dagbag.py:540} INFO - Filling up the DagBag from /home/airflow/.local/lib/python3.12/site-packages/airflow/example_dags/example_params_ui_tutorial.py
[2026-04-25T22:06:58.439+0000] {processor.py:840} INFO - DAG(s) 'example_params_ui_tutorial' retrieved from /home/airflow/.local/lib/python3.12/site-packages/airflow/example_dags/example_params_ui_tutorial.py
[2026-04-25T22:06:58.493+0000] {logging_mixin.py:188} INFO - [2026-04-25T22:06:58.492+0000] {dag.py:3096} INFO - Sync 1 DAGs
[2026-04-25T22:06:58.506+0000] {logging_mixin.py:188} INFO - [2026-04-25T22:06:58.505+0000] {dag.py:3954} INFO - Setting next_dagrun for example_params_ui_tutorial to None, run_after=None
[2026-04-25T22:06:58.524+0000] {processor.py:183} INFO - Processing /home/airflow/.local/lib/python3.12/site-packages/airflow/example_dags/example_params_ui_tutorial.py took 0.107 seconds
[2026-04-25T22:08:08.478+0000] {processor.py:161} INFO - Started process (PID=234) to work on /home/airflow/.local/lib/python3.12/site-packages/airflow/example_dags/example_params_ui_tutorial.py
[2026-04-25T22:08:08.505+0000] {processor.py:830} INFO - Processing file /home/airflow/.local/lib/python3.12/site-packages/airflow/example_dags/example_params_ui_tutorial.py for tasks to queue
[2026-04-25T22:08:08.507+0000] {logging_mixin.py:188} INFO - [2026-04-25T22:08:08.507+0000] {dagbag.py:540} INFO - Filling up the DagBag from /home/airflow/.local/lib/python3.12/site-packages/airflow/example_dags/example_params_ui_tutorial.py
[2026-04-25T22:08:08.522+0000] {processor.py:840} INFO - DAG(s) 'example_params_ui_tutorial' retrieved from /home/airflow/.local/lib/python3.12/site-packages/airflow/example_dags/example_params_ui_tutorial.py
[2026-04-25T22:08:08.589+0000] {logging_mixin.py:188} INFO - [2026-04-25T22:08:08.589+0000] {dag.py:3096} INFO - Sync 1 DAGs
[2026-04-25T22:08:08.604+0000] {logging_mixin.py:188} INFO - [2026-04-25T22:08:08.604+0000] {dag.py:3954} INFO - Setting next_dagrun for example_params_ui_tutorial to None, run_after=None
[2026-04-25T22:08:08.626+0000] {processor.py:183} INFO - Processing /home/airflow/.local/lib/python3.12/site-packages/airflow/example_dags/example_params_ui_tutorial.py took 0.157 seconds
[2026-04-25T22:08:39.507+0000] {processor.py:161} INFO - Started process (PID=292) to work on /home/airflow/.local/lib/python3.12/site-packages/airflow/example_dags/example_params_ui_tutorial.py
[2026-04-25T22:08:39.509+0000] {processor.py:830} INFO - Processing file /home/airflow/.local/lib/python3.12/site-packages/airflow/example_dags/example_params_ui_tutorial.py for tasks to queue
[2026-04-25T22:08:39.511+0000] {logging_mixin.py:188} INFO - [2026-04-25T22:08:39.511+0000] {dagbag.py:540} INFO - Filling up the DagBag from /home/airflow/.local/lib/python3.12/site-packages/airflow/example_dags/example_params_ui_tutorial.py
[2026-04-25T22:08:39.530+0000] {processor.py:840} INFO - DAG(s) 'example_params_ui_tutorial' retrieved from /home/airflow/.local/lib/python3.12/site-packages/airflow/example_dags/example_params_ui_tutorial.py
[2026-04-25T22:08:39.602+0000] {logging_mixin.py:188} INFO - [2026-04-25T22:08:39.601+0000] {dag.py:3096} INFO - Sync 1 DAGs
[2026-04-25T22:08:39.616+0000] {logging_mixin.py:188} INFO - [2026-04-25T22:08:39.615+0000] {dag.py:3954} INFO - Setting next_dagrun for example_params_ui_tutorial to None, run_after=None
[2026-04-25T22:08:39.633+0000] {processor.py:183} INFO - Processing /home/airflow/.local/lib/python3.12/site-packages/airflow/example_dags/example_params_ui_tutorial.py took 0.134 seconds
[2026-04-25T22:09:10.183+0000] {processor.py:161} INFO - Started process (PID=350) to work on /home/airflow/.local/lib/python3.12/site-packages/airflow/example_dags/example_params_ui_tutorial.py
[2026-04-25T22:09:10.184+0000] {processor.py:830} INFO - Processing file /home/airflow/.local/lib/python3.12/site-packages/airflow/example_dags/example_params_ui_tutorial.py for tasks to queue
[2026-04-25T22:09:10.186+0000] {logging_mixin.py:188} INFO - [2026-04-25T22:09:10.186+0000] {dagbag.py:540} INFO - Filling up the DagBag from /home/airflow/.local/lib/python3.12/site-packages/airflow/example_dags/example_params_ui_tutorial.py
[2026-04-25T22:09:10.199+0000] {processor.py:840} INFO - DAG(s) 'example_params_ui_tutorial' retrieved from /home/airflow/.local/lib/python3.12/site-packages/airflow/example_dags/example_params_ui_tutorial.py
[2026-04-25T22:09:10.253+0000] {logging_mixin.py:188} INFO - [2026-04-25T22:09:10.253+0000] {dag.py:3096} INFO - Sync 1 DAGs
[2026-04-25T22:09:10.267+0000] {logging_mixin.py:188} INFO - [2026-04-25T22:09:10.267+0000] {dag.py:3954} INFO - Setting next_dagrun for example_params_ui_tutorial to None, run_after=None
[2026-04-25T22:09:10.289+0000] {processor.py:183} INFO - Processing /home/airflow/.local/lib/python3.12/site-packages/airflow/example_dags/example_params_ui_tutorial.py took 0.113 seconds
[2026-04-25T22:09:40.705+0000] {processor.py:161} INFO - Started process (PID=408) to work on /home/airflow/.local/lib/python3.12/site-packages/airflow/example_dags/example_params_ui_tutorial.py
[2026-04-25T22:09:40.707+0000] {processor.py:830} INFO - Processing file /home/airflow/.local/lib/python3.12/site-packages/airflow/example_dags/example_params_ui_tutorial.py for tasks to queue
[2026-04-25T22:09:40.709+0000] {logging_mixin.py:188} INFO - [2026-04-25T22:09:40.709+0000] {dagbag.py:540} INFO - Filling up the DagBag from /home/airflow/.local/lib/python3.12/site-packages/airflow/example_dags/example_params_ui_tutorial.py
[2026-04-25T22:09:40.723+0000] {processor.py:840} INFO - DAG(s) 'example_params_ui_tutorial' retrieved from /home/airflow/.local/lib/python3.12/site-packages/airflow/example_dags/example_params_ui_tutorial.py
[2026-04-25T22:09:40.779+0000] {logging_mixin.py:188} INFO - [2026-04-25T22:09:40.779+0000] {dag.py:3096} INFO - Sync 1 DAGs
[2026-04-25T22:09:40.797+0000] {logging_mixin.py:188} INFO - [2026-04-25T22:09:40.797+0000] {dag.py:3954} INFO - Setting next_dagrun for example_params_ui_tutorial to None, run_after=None
[2026-04-25T22:09:40.819+0000] {processor.py:183} INFO - Processing /home/airflow/.local/lib/python3.12/site-packages/airflow/example_dags/example_params_ui_tutorial.py took 0.122 seconds
[2026-04-25T22:10:11.256+0000] {processor.py:161} INFO - Started process (PID=468) to work on /home/airflow/.local/lib/python3.12/site-packages/airflow/example_dags/example_params_ui_tutorial.py
[2026-04-25T22:10:11.258+0000] {processor.py:830} INFO - Processing file /home/airflow/.local/lib/python3.12/site-packages/airflow/example_dags/example_params_ui_tutorial.py for tasks to queue
[2026-04-25T22:10:11.260+0000] {logging_mixin.py:188} INFO - [2026-04-25T22:10:11.260+0000] {dagbag.py:540} INFO - Filling up the DagBag from /home/airflow/.local/lib/python3.12/site-packages/airflow/example_dags/example_params_ui_tutorial.py
[2026-04-25T22:10:11.274+0000] {processor.py:840} INFO - DAG(s) 'example_params_ui_tutorial' retrieved from /home/airflow/.local/lib/python3.12/site-packages/airflow/example_dags/example_params_ui_tutorial.py
[2026-04-25T22:10:11.330+0000] {logging_mixin.py:188} INFO - [2026-04-25T22:10:11.330+0000] {dag.py:3096} INFO - Sync 1 DAGs
[2026-04-25T22:10:11.344+0000] {logging_mixin.py:188} INFO - [2026-04-25T22:10:11.344+0000] {dag.py:3954} INFO - Setting next_dagrun for example_params_ui_tutorial to None, run_after=None
[2026-04-25T22:10:11.365+0000] {processor.py:183} INFO - Processing /home/airflow/.local/lib/python3.12/site-packages/airflow/example_dags/example_params_ui_tutorial.py took 0.116 seconds
[2026-04-25T22:10:42.586+0000] {processor.py:161} INFO - Started process (PID=530) to work on /home/airflow/.local/lib/python3.12/site-packages/airflow/example_dags/example_params_ui_tutorial.py
[2026-04-25T22:10:42.588+0000] {processor.py:830} INFO - Processing file /home/airflow/.local/lib/python3.12/site-packages/airflow/example_dags/example_params_ui_tutorial.py for tasks to queue
[2026-04-25T22:10:42.590+0000] {logging_mixin.py:188} INFO - [2026-04-25T22:10:42.590+0000] {dagbag.py:540} INFO - Filling up the DagBag from /home/airflow/.local/lib/python3.12/site-packages/airflow/example_dags/example_params_ui_tutorial.py
[2026-04-25T22:10:42.603+0000] {processor.py:840} INFO - DAG(s) 'example_params_ui_tutorial' retrieved from /home/airflow/.local/lib/python3.12/site-packages/airflow/example_dags/example_params_ui_tutorial.py
[2026-04-25T22:10:42.659+0000] {logging_mixin.py:188} INFO - [2026-04-25T22:10:42.659+0000] {dag.py:3096} INFO - Sync 1 DAGs
[2026-04-25T22:10:42.673+0000] {logging_mixin.py:188} INFO - [2026-04-25T22:10:42.673+0000] {dag.py:3954} INFO - Setting next_dagrun for example_params_ui_tutorial to None, run_after=None
[2026-04-25T22:10:42.693+0000] {processor.py:183} INFO - Processing /home/airflow/.local/lib/python3.12/site-packages/airflow/example_dags/example_params_ui_tutorial.py took 0.113 seconds
[2026-04-25T22:11:13.379+0000] {processor.py:161} INFO - Started process (PID=588) to work on /home/airflow/.local/lib/python3.12/site-packages/airflow/example_dags/example_params_ui_tutorial.py
[2026-04-25T22:11:13.381+0000] {processor.py:830} INFO - Processing file /home/airflow/.local/lib/python3.12/site-packages/airflow/example_dags/example_params_ui_tutorial.py for tasks to queue
[2026-04-25T22:11:13.384+0000] {logging_mixin.py:188} INFO - [2026-04-25T22:11:13.384+0000] {dagbag.py:540} INFO - Filling up the DagBag from /home/airflow/.local/lib/python3.12/site-packages/airflow/example_dags/example_params_ui_tutorial.py
[2026-04-25T22:11:13.400+0000] {processor.py:840} INFO - DAG(s) 'example_params_ui_tutorial' retrieved from /home/airflow/.local/lib/python3.12/site-packages/airflow/example_dags/example_params_ui_tutorial.py
[2026-04-25T22:11:13.418+0000] {logging_mixin.py:188} INFO - [2026-04-25T22:11:13.417+0000] {dag.py:3096} INFO - Sync 1 DAGs
[2026-04-25T22:11:13.437+0000] {logging_mixin.py:188} INFO - [2026-04-25T22:11:13.436+0000] {dag.py:3954} INFO - Setting next_dagrun for example_params_ui_tutorial to None, run_after=None
[2026-04-25T22:11:13.460+0000] {processor.py:183} INFO - Processing /home/airflow/.local/lib/python3.12/site-packages/airflow/example_dags/example_params_ui_tutorial.py took 0.092 seconds
[2026-04-25T22:11:46.731+0000] {processor.py:161} INFO - Started process (PID=646) to work on /home/airflow/.local/lib/python3.12/site-packages/airflow/example_dags/example_params_ui_tutorial.py
[2026-04-25T22:11:46.732+0000] {processor.py:830} INFO - Processing file /home/airflow/.local/lib/python3.12/site-packages/airflow/example_dags/example_params_ui_tutorial.py for tasks to queue
[2026-04-25T22:11:46.735+0000] {logging_mixin.py:188} INFO - [2026-04-25T22:11:46.734+0000] {dagbag.py:540} INFO - Filling up the DagBag from /home/airflow/.local/lib/python3.12/site-packages/airflow/example_dags/example_params_ui_tutorial.py
[2026-04-25T22:11:46.747+0000] {processor.py:840} INFO - DAG(s) 'example_params_ui_tutorial' retrieved from /home/airflow/.local/lib/python3.12/site-packages/airflow/example_dags/example_params_ui_tutorial.py
[2026-04-25T22:11:47.056+0000] {logging_mixin.py:188} INFO - [2026-04-25T22:11:47.056+0000] {dag.py:3096} INFO - Sync 1 DAGs
[2026-04-25T22:11:47.066+0000] {logging_mixin.py:188} INFO - [2026-04-25T22:11:47.066+0000] {dag.py:3954} INFO - Setting next_dagrun for example_params_ui_tutorial to None, run_after=None
[2026-04-25T22:11:47.087+0000] {processor.py:183} INFO - Processing /home/airflow/.local/lib/python3.12/site-packages/airflow/example_dags/example_params_ui_tutorial.py took 0.363 seconds
[2026-04-25T22:12:19.079+0000] {processor.py:161} INFO - Started process (PID=107) to work on /home/airflow/.local/lib/python3.12/site-packages/airflow/example_dags/example_params_ui_tutorial.py
[2026-04-25T22:12:19.081+0000] {processor.py:830} INFO - Processing file /home/airflow/.local/lib/python3.12/site-packages/airflow/example_dags/example_params_ui_tutorial.py for tasks to queue
[2026-04-25T22:12:19.084+0000] {logging_mixin.py:188} INFO - [2026-04-25T22:12:19.083+0000] {dagbag.py:540} INFO - Filling up the DagBag from /home/airflow/.local/lib/python3.12/site-packages/airflow/example_dags/example_params_ui_tutorial.py
[2026-04-25T22:12:19.103+0000] {processor.py:840} INFO - DAG(s) 'example_params_ui_tutorial' retrieved from /home/airflow/.local/lib/python3.12/site-packages/airflow/example_dags/example_params_ui_tutorial.py
[2026-04-25T22:12:19.122+0000] {logging_mixin.py:188} INFO - [2026-04-25T22:12:19.122+0000] {dag.py:3096} INFO - Sync 1 DAGs
[2026-04-25T22:12:19.146+0000] {logging_mixin.py:188} INFO - [2026-04-25T22:12:19.145+0000] {dag.py:3954} INFO - Setting next_dagrun for example_params_ui_tutorial to None, run_after=None
[2026-04-25T22:12:19.182+0000] {processor.py:183} INFO - Processing /home/airflow/.local/lib/python3.12/site-packages/airflow/example_dags/example_params_ui_tutorial.py took 0.115 seconds
[2026-04-25T22:12:51.260+0000] {processor.py:161} INFO - Started process (PID=165) to work on /home/airflow/.local/lib/python3.12/site-packages/airflow/example_dags/example_params_ui_tutorial.py
[2026-04-25T22:12:51.261+0000] {processor.py:830} INFO - Processing file /home/airflow/.local/lib/python3.12/site-packages/airflow/example_dags/example_params_ui_tutorial.py for tasks to queue
[2026-04-25T22:12:51.263+0000] {logging_mixin.py:188} INFO - [2026-04-25T22:12:51.263+0000] {dagbag.py:540} INFO - Filling up the DagBag from /home/airflow/.local/lib/python3.12/site-packages/airflow/example_dags/example_params_ui_tutorial.py
[2026-04-25T22:12:51.276+0000] {processor.py:840} INFO - DAG(s) 'example_params_ui_tutorial' retrieved from /home/airflow/.local/lib/python3.12/site-packages/airflow/example_dags/example_params_ui_tutorial.py
[2026-04-25T22:12:51.415+0000] {logging_mixin.py:188} INFO - [2026-04-25T22:12:51.414+0000] {dag.py:3096} INFO - Sync 1 DAGs
[2026-04-25T22:12:51.427+0000] {logging_mixin.py:188} INFO - [2026-04-25T22:12:51.427+0000] {dag.py:3954} INFO - Setting next_dagrun for example_params_ui_tutorial to None, run_after=None
[2026-04-25T22:12:51.455+0000] {processor.py:183} INFO - Processing /home/airflow/.local/lib/python3.12/site-packages/airflow/example_dags/example_params_ui_tutorial.py took 0.203 seconds
[2026-04-25T22:13:22.664+0000] {processor.py:161} INFO - Started process (PID=223) to work on /home/airflow/.local/lib/python3.12/site-packages/airflow/example_dags/example_params_ui_tutorial.py
[2026-04-25T22:13:22.666+0000] {processor.py:830} INFO - Processing file /home/airflow/.local/lib/python3.12/site-packages/airflow/example_dags/example_params_ui_tutorial.py for tasks to queue
[2026-04-25T22:13:22.668+0000] {logging_mixin.py:188} INFO - [2026-04-25T22:13:22.668+0000] {dagbag.py:540} INFO - Filling up the DagBag from /home/airflow/.local/lib/python3.12/site-packages/airflow/example_dags/example_params_ui_tutorial.py
[2026-04-25T22:13:22.680+0000] {processor.py:840} INFO - DAG(s) 'example_params_ui_tutorial' retrieved from /home/airflow/.local/lib/python3.12/site-packages/airflow/example_dags/example_params_ui_tutorial.py
[2026-04-25T22:13:22.734+0000] {logging_mixin.py:188} INFO - [2026-04-25T22:13:22.734+0000] {dag.py:3096} INFO - Sync 1 DAGs
[2026-04-25T22:13:22.751+0000] {logging_mixin.py:188} INFO - [2026-04-25T22:13:22.750+0000] {dag.py:3954} INFO - Setting next_dagrun for example_params_ui_tutorial to None, run_after=None
[2026-04-25T22:13:22.773+0000] {processor.py:183} INFO - Processing /home/airflow/.local/lib/python3.12/site-packages/airflow/example_dags/example_params_ui_tutorial.py took 0.115 seconds
