[2026-04-25T22:06:15.547+0000] {processor.py:161} INFO - Started process (PID=95) to work on /home/airflow/.local/lib/python3.12/site-packages/airflow/example_dags/example_skip_dag.py
[2026-04-25T22:06:15.548+0000] {processor.py:830} INFO - Processing file /home/airflow/.local/lib/python3.12/site-packages/airflow/example_dags/example_skip_dag.py for tasks to queue
[2026-04-25T22:06:15.551+0000] {logging_mixin.py:188} INFO - [2026-04-25T22:06:15.550+0000] {dagbag.py:540} INFO - Filling up the DagBag from /home/airflow/.local/lib/python3.12/site-packages/airflow/example_dags/example_skip_dag.py
[2026-04-25T22:06:15.560+0000] {processor.py:840} INFO - DAG(s) 'example_skip_dag' retrieved from /home/airflow/.local/lib/python3.12/site-packages/airflow/example_dags/example_skip_dag.py
[2026-04-25T22:06:15.670+0000] {logging_mixin.py:188} INFO - [2026-04-25T22:06:15.669+0000] {dag.py:3096} INFO - Sync 1 DAGs
[2026-04-25T22:06:15.696+0000] {logging_mixin.py:188} INFO - [2026-04-25T22:06:15.696+0000] {dag.py:3954} INFO - Setting next_dagrun for example_skip_dag to 2026-04-24 00:00:00+00:00, run_after=2026-04-25 00:00:00+00:00
[2026-04-25T22:06:15.718+0000] {processor.py:183} INFO - Processing /home/airflow/.local/lib/python3.12/site-packages/airflow/example_dags/example_skip_dag.py took 0.177 seconds
[2026-04-25T22:06:57.174+0000] {processor.py:161} INFO - Started process (PID=153) to work on /home/airflow/.local/lib/python3.12/site-packages/airflow/example_dags/example_skip_dag.py
[2026-04-25T22:06:57.175+0000] {processor.py:830} INFO - Processing file /home/airflow/.local/lib/python3.12/site-packages/airflow/example_dags/example_skip_dag.py for tasks to queue
[2026-04-25T22:06:57.178+0000] {logging_mixin.py:188} INFO - [2026-04-25T22:06:57.177+0000] {dagbag.py:540} INFO - Filling up the DagBag from /home/airflow/.local/lib/python3.12/site-packages/airflow/example_dags/example_skip_dag.py
[2026-04-25T22:06:57.185+0000] {processor.py:840} INFO - DAG(s) 'example_skip_dag' retrieved from /home/airflow/.local/lib/python3.12/site-packages/airflow/example_dags/example_skip_dag.py
[2026-04-25T22:06:57.209+0000] {logging_mixin.py:188} INFO - [2026-04-25T22:06:57.208+0000] {dag.py:3096} INFO - Sync 1 DAGs
[2026-04-25T22:06:57.232+0000] {logging_mixin.py:188} INFO - [2026-04-25T22:06:57.232+0000] {dag.py:3954} INFO - Setting next_dagrun for example_skip_dag to 2026-04-24 00:00:00+00:00, run_after=2026-04-25 00:00:00+00:00
[2026-04-25T22:06:57.262+0000] {processor.py:183} INFO - Processing /home/airflow/.local/lib/python3.12/site-packages/airflow/example_dags/example_skip_dag.py took 0.095 seconds
[2026-04-25T22:08:06.907+0000] {processor.py:161} INFO - Started process (PID=217) to work on /home/airflow/.local/lib/python3.12/site-packages/airflow/example_dags/example_skip_dag.py
[2026-04-25T22:08:06.934+0000] {processor.py:830} INFO - Processing file /home/airflow/.local/lib/python3.12/site-packages/airflow/example_dags/example_skip_dag.py for tasks to queue
[2026-04-25T22:08:06.937+0000] {logging_mixin.py:188} INFO - [2026-04-25T22:08:06.936+0000] {dagbag.py:540} INFO - Filling up the DagBag from /home/airflow/.local/lib/python3.12/site-packages/airflow/example_dags/example_skip_dag.py
[2026-04-25T22:08:06.946+0000] {processor.py:840} INFO - DAG(s) 'example_skip_dag' retrieved from /home/airflow/.local/lib/python3.12/site-packages/airflow/example_dags/example_skip_dag.py
[2026-04-25T22:08:06.970+0000] {logging_mixin.py:188} INFO - [2026-04-25T22:08:06.970+0000] {dag.py:3096} INFO - Sync 1 DAGs
[2026-04-25T22:08:06.995+0000] {logging_mixin.py:188} INFO - [2026-04-25T22:08:06.995+0000] {dag.py:3954} INFO - Setting next_dagrun for example_skip_dag to 2026-04-24 00:00:00+00:00, run_after=2026-04-25 00:00:00+00:00
[2026-04-25T22:08:07.018+0000] {processor.py:183} INFO - Processing /home/airflow/.local/lib/python3.12/site-packages/airflow/example_dags/example_skip_dag.py took 0.118 seconds
[2026-04-25T22:08:37.904+0000] {processor.py:161} INFO - Started process (PID=275) to work on /home/airflow/.local/lib/python3.12/site-packages/airflow/example_dags/example_skip_dag.py
[2026-04-25T22:08:37.974+0000] {processor.py:830} INFO - Processing file /home/airflow/.local/lib/python3.12/site-packages/airflow/example_dags/example_skip_dag.py for tasks to queue
[2026-04-25T22:08:37.977+0000] {logging_mixin.py:188} INFO - [2026-04-25T22:08:37.976+0000] {dagbag.py:540} INFO - Filling up the DagBag from /home/airflow/.local/lib/python3.12/site-packages/airflow/example_dags/example_skip_dag.py
[2026-04-25T22:08:37.985+0000] {processor.py:840} INFO - DAG(s) 'example_skip_dag' retrieved from /home/airflow/.local/lib/python3.12/site-packages/airflow/example_dags/example_skip_dag.py
[2026-04-25T22:08:38.012+0000] {logging_mixin.py:188} INFO - [2026-04-25T22:08:38.011+0000] {dag.py:3096} INFO - Sync 1 DAGs
[2026-04-25T22:08:38.038+0000] {logging_mixin.py:188} INFO - [2026-04-25T22:08:38.038+0000] {dag.py:3954} INFO - Setting next_dagrun for example_skip_dag to 2026-04-24 00:00:00+00:00, run_after=2026-04-25 00:00:00+00:00
[2026-04-25T22:08:38.062+0000] {processor.py:183} INFO - Processing /home/airflow/.local/lib/python3.12/site-packages/airflow/example_dags/example_skip_dag.py took 0.165 seconds
[2026-04-25T22:09:08.891+0000] {processor.py:161} INFO - Started process (PID=333) to work on /home/airflow/.local/lib/python3.12/site-packages/airflow/example_dags/example_skip_dag.py
[2026-04-25T22:09:08.892+0000] {processor.py:830} INFO - Processing file /home/airflow/.local/lib/python3.12/site-packages/airflow/example_dags/example_skip_dag.py for tasks to queue
[2026-04-25T22:09:08.894+0000] {logging_mixin.py:188} INFO - [2026-04-25T22:09:08.894+0000] {dagbag.py:540} INFO - Filling up the DagBag from /home/airflow/.local/lib/python3.12/site-packages/airflow/example_dags/example_skip_dag.py
[2026-04-25T22:09:08.902+0000] {processor.py:840} INFO - DAG(s) 'example_skip_dag' retrieved from /home/airflow/.local/lib/python3.12/site-packages/airflow/example_dags/example_skip_dag.py
[2026-04-25T22:09:08.927+0000] {logging_mixin.py:188} INFO - [2026-04-25T22:09:08.927+0000] {dag.py:3096} INFO - Sync 1 DAGs
[2026-04-25T22:09:08.958+0000] {logging_mixin.py:188} INFO - [2026-04-25T22:09:08.958+0000] {dag.py:3954} INFO - Setting next_dagrun for example_skip_dag to 2026-04-24 00:00:00+00:00, run_after=2026-04-25 00:00:00+00:00
[2026-04-25T22:09:08.980+0000] {processor.py:183} INFO - Processing /home/airflow/.local/lib/python3.12/site-packages/airflow/example_dags/example_skip_dag.py took 0.098 seconds
[2026-04-25T22:09:39.101+0000] {processor.py:161} INFO - Started process (PID=391) to work on /home/airflow/.local/lib/python3.12/site-packages/airflow/example_dags/example_skip_dag.py
[2026-04-25T22:09:39.103+0000] {processor.py:830} INFO - Processing file /home/airflow/.local/lib/python3.12/site-packages/airflow/example_dags/example_skip_dag.py for tasks to queue
[2026-04-25T22:09:39.105+0000] {logging_mixin.py:188} INFO - [2026-04-25T22:09:39.105+0000] {dagbag.py:540} INFO - Filling up the DagBag from /home/airflow/.local/lib/python3.12/site-packages/airflow/example_dags/example_skip_dag.py
[2026-04-25T22:09:39.112+0000] {processor.py:840} INFO - DAG(s) 'example_skip_dag' retrieved from /home/airflow/.local/lib/python3.12/site-packages/airflow/example_dags/example_skip_dag.py
[2026-04-25T22:09:39.140+0000] {logging_mixin.py:188} INFO - [2026-04-25T22:09:39.140+0000] {dag.py:3096} INFO - Sync 1 DAGs
[2026-04-25T22:09:39.171+0000] {logging_mixin.py:188} INFO - [2026-04-25T22:09:39.171+0000] {dag.py:3954} INFO - Setting next_dagrun for example_skip_dag to 2026-04-24 00:00:00+00:00, run_after=2026-04-25 00:00:00+00:00
[2026-04-25T22:09:39.205+0000] {processor.py:183} INFO - Processing /home/airflow/.local/lib/python3.12/site-packages/airflow/example_dags/example_skip_dag.py took 0.110 seconds
[2026-04-25T22:10:09.735+0000] {processor.py:161} INFO - Started process (PID=448) to work on /home/airflow/.local/lib/python3.12/site-packages/airflow/example_dags/example_skip_dag.py
[2026-04-25T22:10:09.737+0000] {processor.py:830} INFO - Processing file /home/airflow/.local/lib/python3.12/site-packages/airflow/example_dags/example_skip_dag.py for tasks to queue
[2026-04-25T22:10:09.740+0000] {logging_mixin.py:188} INFO - [2026-04-25T22:10:09.740+0000] {dagbag.py:540} INFO - Filling up the DagBag from /home/airflow/.local/lib/python3.12/site-packages/airflow/example_dags/example_skip_dag.py
[2026-04-25T22:10:09.748+0000] {processor.py:840} INFO - DAG(s) 'example_skip_dag' retrieved from /home/airflow/.local/lib/python3.12/site-packages/airflow/example_dags/example_skip_dag.py
[2026-04-25T22:10:09.772+0000] {logging_mixin.py:188} INFO - [2026-04-25T22:10:09.771+0000] {dag.py:3096} INFO - Sync 1 DAGs
[2026-04-25T22:10:09.795+0000] {logging_mixin.py:188} INFO - [2026-04-25T22:10:09.795+0000] {dag.py:3954} INFO - Setting next_dagrun for example_skip_dag to 2026-04-24 00:00:00+00:00, run_after=2026-04-25 00:00:00+00:00
[2026-04-25T22:10:09.816+0000] {processor.py:183} INFO - Processing /home/airflow/.local/lib/python3.12/site-packages/airflow/example_dags/example_skip_dag.py took 0.088 seconds
[2026-04-25T22:10:39.895+0000] {processor.py:161} INFO - Started process (PID=506) to work on /home/airflow/.local/lib/python3.12/site-packages/airflow/example_dags/example_skip_dag.py
[2026-04-25T22:10:39.896+0000] {processor.py:830} INFO - Processing file /home/airflow/.local/lib/python3.12/site-packages/airflow/example_dags/example_skip_dag.py for tasks to queue
[2026-04-25T22:10:39.898+0000] {logging_mixin.py:188} INFO - [2026-04-25T22:10:39.898+0000] {dagbag.py:540} INFO - Filling up the DagBag from /home/airflow/.local/lib/python3.12/site-packages/airflow/example_dags/example_skip_dag.py
[2026-04-25T22:10:39.906+0000] {processor.py:840} INFO - DAG(s) 'example_skip_dag' retrieved from /home/airflow/.local/lib/python3.12/site-packages/airflow/example_dags/example_skip_dag.py
[2026-04-25T22:10:39.929+0000] {logging_mixin.py:188} INFO - [2026-04-25T22:10:39.928+0000] {dag.py:3096} INFO - Sync 1 DAGs
[2026-04-25T22:10:39.951+0000] {logging_mixin.py:188} INFO - [2026-04-25T22:10:39.950+0000] {dag.py:3954} INFO - Setting next_dagrun for example_skip_dag to 2026-04-24 00:00:00+00:00, run_after=2026-04-25 00:00:00+00:00
[2026-04-25T22:10:39.968+0000] {processor.py:183} INFO - Processing /home/airflow/.local/lib/python3.12/site-packages/airflow/example_dags/example_skip_dag.py took 0.080 seconds
[2026-04-25T22:11:10.533+0000] {processor.py:161} INFO - Started process (PID=564) to work on /home/airflow/.local/lib/python3.12/site-packages/airflow/example_dags/example_skip_dag.py
[2026-04-25T22:11:10.534+0000] {processor.py:830} INFO - Processing file /home/airflow/.local/lib/python3.12/site-packages/airflow/example_dags/example_skip_dag.py for tasks to queue
[2026-04-25T22:11:10.536+0000] {logging_mixin.py:188} INFO - [2026-04-25T22:11:10.536+0000] {dagbag.py:540} INFO - Filling up the DagBag from /home/airflow/.local/lib/python3.12/site-packages/airflow/example_dags/example_skip_dag.py
[2026-04-25T22:11:10.543+0000] {processor.py:840} INFO - DAG(s) 'example_skip_dag' retrieved from /home/airflow/.local/lib/python3.12/site-packages/airflow/example_dags/example_skip_dag.py
[2026-04-25T22:11:10.557+0000] {logging_mixin.py:188} INFO - [2026-04-25T22:11:10.557+0000] {dag.py:3096} INFO - Sync 1 DAGs
[2026-04-25T22:11:10.580+0000] {logging_mixin.py:188} INFO - [2026-04-25T22:11:10.580+0000] {dag.py:3954} INFO - Setting next_dagrun for example_skip_dag to 2026-04-24 00:00:00+00:00, run_after=2026-04-25 00:00:00+00:00
[2026-04-25T22:11:10.599+0000] {processor.py:183} INFO - Processing /home/airflow/.local/lib/python3.12/site-packages/airflow/example_dags/example_skip_dag.py took 0.074 seconds
[2026-04-25T22:11:40.936+0000] {processor.py:161} INFO - Started process (PID=622) to work on /home/airflow/.local/lib/python3.12/site-packages/airflow/example_dags/example_skip_dag.py
[2026-04-25T22:11:40.937+0000] {processor.py:830} INFO - Processing file /home/airflow/.local/lib/python3.12/site-packages/airflow/example_dags/example_skip_dag.py for tasks to queue
[2026-04-25T22:11:40.940+0000] {logging_mixin.py:188} INFO - [2026-04-25T22:11:40.940+0000] {dagbag.py:540} INFO - Filling up the DagBag from /home/airflow/.local/lib/python3.12/site-packages/airflow/example_dags/example_skip_dag.py
[2026-04-25T22:11:40.947+0000] {processor.py:840} INFO - DAG(s) 'example_skip_dag' retrieved from /home/airflow/.local/lib/python3.12/site-packages/airflow/example_dags/example_skip_dag.py
[2026-04-25T22:11:41.065+0000] {logging_mixin.py:188} INFO - [2026-04-25T22:11:41.065+0000] {dag.py:3096} INFO - Sync 1 DAGs
[2026-04-25T22:11:41.084+0000] {logging_mixin.py:188} INFO - [2026-04-25T22:11:41.084+0000] {dag.py:3954} INFO - Setting next_dagrun for example_skip_dag to 2026-04-24 00:00:00+00:00, run_after=2026-04-25 00:00:00+00:00
[2026-04-25T22:11:41.289+0000] {processor.py:183} INFO - Processing /home/airflow/.local/lib/python3.12/site-packages/airflow/example_dags/example_skip_dag.py took 0.360 seconds
[2026-04-25T22:12:17.698+0000] {processor.py:161} INFO - Started process (PID=84) to work on /home/airflow/.local/lib/python3.12/site-packages/airflow/example_dags/example_skip_dag.py
[2026-04-25T22:12:17.700+0000] {processor.py:830} INFO - Processing file /home/airflow/.local/lib/python3.12/site-packages/airflow/example_dags/example_skip_dag.py for tasks to queue
[2026-04-25T22:12:17.703+0000] {logging_mixin.py:188} INFO - [2026-04-25T22:12:17.702+0000] {dagbag.py:540} INFO - Filling up the DagBag from /home/airflow/.local/lib/python3.12/site-packages/airflow/example_dags/example_skip_dag.py
[2026-04-25T22:12:17.715+0000] {processor.py:840} INFO - DAG(s) 'example_skip_dag' retrieved from /home/airflow/.local/lib/python3.12/site-packages/airflow/example_dags/example_skip_dag.py
[2026-04-25T22:12:17.730+0000] {logging_mixin.py:188} INFO - [2026-04-25T22:12:17.730+0000] {dag.py:3096} INFO - Sync 1 DAGs
[2026-04-25T22:12:17.755+0000] {logging_mixin.py:188} INFO - [2026-04-25T22:12:17.755+0000] {dag.py:3954} INFO - Setting next_dagrun for example_skip_dag to 2026-04-24 00:00:00+00:00, run_after=2026-04-25 00:00:00+00:00
[2026-04-25T22:12:17.775+0000] {processor.py:183} INFO - Processing /home/airflow/.local/lib/python3.12/site-packages/airflow/example_dags/example_skip_dag.py took 0.086 seconds
[2026-04-25T22:12:49.392+0000] {processor.py:161} INFO - Started process (PID=148) to work on /home/airflow/.local/lib/python3.12/site-packages/airflow/example_dags/example_skip_dag.py
[2026-04-25T22:12:49.394+0000] {processor.py:830} INFO - Processing file /home/airflow/.local/lib/python3.12/site-packages/airflow/example_dags/example_skip_dag.py for tasks to queue
[2026-04-25T22:12:49.397+0000] {logging_mixin.py:188} INFO - [2026-04-25T22:12:49.396+0000] {dagbag.py:540} INFO - Filling up the DagBag from /home/airflow/.local/lib/python3.12/site-packages/airflow/example_dags/example_skip_dag.py
[2026-04-25T22:12:49.409+0000] {processor.py:840} INFO - DAG(s) 'example_skip_dag' retrieved from /home/airflow/.local/lib/python3.12/site-packages/airflow/example_dags/example_skip_dag.py
[2026-04-25T22:12:49.626+0000] {logging_mixin.py:188} INFO - [2026-04-25T22:12:49.626+0000] {dag.py:3096} INFO - Sync 1 DAGs
[2026-04-25T22:12:49.657+0000] {logging_mixin.py:188} INFO - [2026-04-25T22:12:49.656+0000] {dag.py:3954} INFO - Setting next_dagrun for example_skip_dag to 2026-04-24 00:00:00+00:00, run_after=2026-04-25 00:00:00+00:00
[2026-04-25T22:12:49.680+0000] {processor.py:183} INFO - Processing /home/airflow/.local/lib/python3.12/site-packages/airflow/example_dags/example_skip_dag.py took 0.300 seconds
[2026-04-25T22:13:19.843+0000] {processor.py:161} INFO - Started process (PID=206) to work on /home/airflow/.local/lib/python3.12/site-packages/airflow/example_dags/example_skip_dag.py
[2026-04-25T22:13:19.845+0000] {processor.py:830} INFO - Processing file /home/airflow/.local/lib/python3.12/site-packages/airflow/example_dags/example_skip_dag.py for tasks to queue
[2026-04-25T22:13:19.847+0000] {logging_mixin.py:188} INFO - [2026-04-25T22:13:19.847+0000] {dagbag.py:540} INFO - Filling up the DagBag from /home/airflow/.local/lib/python3.12/site-packages/airflow/example_dags/example_skip_dag.py
[2026-04-25T22:13:19.854+0000] {processor.py:840} INFO - DAG(s) 'example_skip_dag' retrieved from /home/airflow/.local/lib/python3.12/site-packages/airflow/example_dags/example_skip_dag.py
[2026-04-25T22:13:19.880+0000] {logging_mixin.py:188} INFO - [2026-04-25T22:13:19.879+0000] {dag.py:3096} INFO - Sync 1 DAGs
[2026-04-25T22:13:19.902+0000] {logging_mixin.py:188} INFO - [2026-04-25T22:13:19.902+0000] {dag.py:3954} INFO - Setting next_dagrun for example_skip_dag to 2026-04-24 00:00:00+00:00, run_after=2026-04-25 00:00:00+00:00
[2026-04-25T22:13:19.922+0000] {processor.py:183} INFO - Processing /home/airflow/.local/lib/python3.12/site-packages/airflow/example_dags/example_skip_dag.py took 0.085 seconds
