[2026-04-25T22:06:18.470+0000] {processor.py:161} INFO - Started process (PID=114) to work on /home/airflow/.local/lib/python3.12/site-packages/airflow/example_dags/example_xcomargs.py
[2026-04-25T22:06:18.471+0000] {processor.py:830} INFO - Processing file /home/airflow/.local/lib/python3.12/site-packages/airflow/example_dags/example_xcomargs.py for tasks to queue
[2026-04-25T22:06:18.473+0000] {logging_mixin.py:188} INFO - [2026-04-25T22:06:18.473+0000] {dagbag.py:540} INFO - Filling up the DagBag from /home/airflow/.local/lib/python3.12/site-packages/airflow/example_dags/example_xcomargs.py
[2026-04-25T22:06:18.485+0000] {processor.py:840} INFO - DAG(s) 'example_xcom_args', 'example_xcom_args_with_operators' retrieved from /home/airflow/.local/lib/python3.12/site-packages/airflow/example_dags/example_xcomargs.py
[2026-04-25T22:06:18.612+0000] {logging_mixin.py:188} INFO - [2026-04-25T22:06:18.611+0000] {dag.py:3096} INFO - Sync 2 DAGs
[2026-04-25T22:06:18.624+0000] {logging_mixin.py:188} INFO - [2026-04-25T22:06:18.623+0000] {dag.py:3954} INFO - Setting next_dagrun for example_xcom_args to None, run_after=None
[2026-04-25T22:06:18.627+0000] {logging_mixin.py:188} INFO - [2026-04-25T22:06:18.627+0000] {dag.py:3954} INFO - Setting next_dagrun for example_xcom_args_with_operators to None, run_after=None
[2026-04-25T22:06:18.647+0000] {processor.py:183} INFO - Processing /home/airflow/.local/lib/python3.12/site-packages/airflow/example_dags/example_xcomargs.py took 0.184 seconds
[2026-04-25T22:06:58.582+0000] {processor.py:161} INFO - Started process (PID=172) to work on /home/airflow/.local/lib/python3.12/site-packages/airflow/example_dags/example_xcomargs.py
[2026-04-25T22:06:58.584+0000] {processor.py:830} INFO - Processing file /home/airflow/.local/lib/python3.12/site-packages/airflow/example_dags/example_xcomargs.py for tasks to queue
[2026-04-25T22:06:58.586+0000] {logging_mixin.py:188} INFO - [2026-04-25T22:06:58.586+0000] {dagbag.py:540} INFO - Filling up the DagBag from /home/airflow/.local/lib/python3.12/site-packages/airflow/example_dags/example_xcomargs.py
[2026-04-25T22:06:58.596+0000] {processor.py:840} INFO - DAG(s) 'example_xcom_args_with_operators', 'example_xcom_args' retrieved from /home/airflow/.local/lib/python3.12/site-packages/airflow/example_dags/example_xcomargs.py
[2026-04-25T22:06:58.622+0000] {logging_mixin.py:188} INFO - [2026-04-25T22:06:58.622+0000] {dag.py:3096} INFO - Sync 2 DAGs
[2026-04-25T22:06:58.637+0000] {logging_mixin.py:188} INFO - [2026-04-25T22:06:58.637+0000] {dag.py:3954} INFO - Setting next_dagrun for example_xcom_args to None, run_after=None
[2026-04-25T22:06:58.642+0000] {logging_mixin.py:188} INFO - [2026-04-25T22:06:58.642+0000] {dag.py:3954} INFO - Setting next_dagrun for example_xcom_args_with_operators to None, run_after=None
[2026-04-25T22:06:58.660+0000] {processor.py:183} INFO - Processing /home/airflow/.local/lib/python3.12/site-packages/airflow/example_dags/example_xcomargs.py took 0.085 seconds
[2026-04-25T22:08:08.661+0000] {processor.py:161} INFO - Started process (PID=236) to work on /home/airflow/.local/lib/python3.12/site-packages/airflow/example_dags/example_xcomargs.py
[2026-04-25T22:08:08.685+0000] {processor.py:830} INFO - Processing file /home/airflow/.local/lib/python3.12/site-packages/airflow/example_dags/example_xcomargs.py for tasks to queue
[2026-04-25T22:08:08.687+0000] {logging_mixin.py:188} INFO - [2026-04-25T22:08:08.687+0000] {dagbag.py:540} INFO - Filling up the DagBag from /home/airflow/.local/lib/python3.12/site-packages/airflow/example_dags/example_xcomargs.py
[2026-04-25T22:08:08.697+0000] {processor.py:840} INFO - DAG(s) 'example_xcom_args', 'example_xcom_args_with_operators' retrieved from /home/airflow/.local/lib/python3.12/site-packages/airflow/example_dags/example_xcomargs.py
[2026-04-25T22:08:08.725+0000] {logging_mixin.py:188} INFO - [2026-04-25T22:08:08.725+0000] {dag.py:3096} INFO - Sync 2 DAGs
[2026-04-25T22:08:08.742+0000] {logging_mixin.py:188} INFO - [2026-04-25T22:08:08.741+0000] {dag.py:3954} INFO - Setting next_dagrun for example_xcom_args to None, run_after=None
[2026-04-25T22:08:08.747+0000] {logging_mixin.py:188} INFO - [2026-04-25T22:08:08.747+0000] {dag.py:3954} INFO - Setting next_dagrun for example_xcom_args_with_operators to None, run_after=None
[2026-04-25T22:08:08.767+0000] {processor.py:183} INFO - Processing /home/airflow/.local/lib/python3.12/site-packages/airflow/example_dags/example_xcomargs.py took 0.113 seconds
[2026-04-25T22:08:39.675+0000] {processor.py:161} INFO - Started process (PID=294) to work on /home/airflow/.local/lib/python3.12/site-packages/airflow/example_dags/example_xcomargs.py
[2026-04-25T22:08:39.677+0000] {processor.py:830} INFO - Processing file /home/airflow/.local/lib/python3.12/site-packages/airflow/example_dags/example_xcomargs.py for tasks to queue
[2026-04-25T22:08:39.679+0000] {logging_mixin.py:188} INFO - [2026-04-25T22:08:39.679+0000] {dagbag.py:540} INFO - Filling up the DagBag from /home/airflow/.local/lib/python3.12/site-packages/airflow/example_dags/example_xcomargs.py
[2026-04-25T22:08:39.689+0000] {processor.py:840} INFO - DAG(s) 'example_xcom_args', 'example_xcom_args_with_operators' retrieved from /home/airflow/.local/lib/python3.12/site-packages/airflow/example_dags/example_xcomargs.py
[2026-04-25T22:08:39.720+0000] {logging_mixin.py:188} INFO - [2026-04-25T22:08:39.720+0000] {dag.py:3096} INFO - Sync 2 DAGs
[2026-04-25T22:08:39.734+0000] {logging_mixin.py:188} INFO - [2026-04-25T22:08:39.734+0000] {dag.py:3954} INFO - Setting next_dagrun for example_xcom_args to None, run_after=None
[2026-04-25T22:08:39.739+0000] {logging_mixin.py:188} INFO - [2026-04-25T22:08:39.738+0000] {dag.py:3954} INFO - Setting next_dagrun for example_xcom_args_with_operators to None, run_after=None
[2026-04-25T22:08:39.757+0000] {processor.py:183} INFO - Processing /home/airflow/.local/lib/python3.12/site-packages/airflow/example_dags/example_xcomargs.py took 0.089 seconds
[2026-04-25T22:09:10.330+0000] {processor.py:161} INFO - Started process (PID=352) to work on /home/airflow/.local/lib/python3.12/site-packages/airflow/example_dags/example_xcomargs.py
[2026-04-25T22:09:10.332+0000] {processor.py:830} INFO - Processing file /home/airflow/.local/lib/python3.12/site-packages/airflow/example_dags/example_xcomargs.py for tasks to queue
[2026-04-25T22:09:10.334+0000] {logging_mixin.py:188} INFO - [2026-04-25T22:09:10.334+0000] {dagbag.py:540} INFO - Filling up the DagBag from /home/airflow/.local/lib/python3.12/site-packages/airflow/example_dags/example_xcomargs.py
[2026-04-25T22:09:10.346+0000] {processor.py:840} INFO - DAG(s) 'example_xcom_args_with_operators', 'example_xcom_args' retrieved from /home/airflow/.local/lib/python3.12/site-packages/airflow/example_dags/example_xcomargs.py
[2026-04-25T22:09:10.375+0000] {logging_mixin.py:188} INFO - [2026-04-25T22:09:10.375+0000] {dag.py:3096} INFO - Sync 2 DAGs
[2026-04-25T22:09:10.389+0000] {logging_mixin.py:188} INFO - [2026-04-25T22:09:10.389+0000] {dag.py:3954} INFO - Setting next_dagrun for example_xcom_args to None, run_after=None
[2026-04-25T22:09:10.393+0000] {logging_mixin.py:188} INFO - [2026-04-25T22:09:10.393+0000] {dag.py:3954} INFO - Setting next_dagrun for example_xcom_args_with_operators to None, run_after=None
[2026-04-25T22:09:10.411+0000] {processor.py:183} INFO - Processing /home/airflow/.local/lib/python3.12/site-packages/airflow/example_dags/example_xcomargs.py took 0.088 seconds
[2026-04-25T22:09:41.123+0000] {processor.py:161} INFO - Started process (PID=414) to work on /home/airflow/.local/lib/python3.12/site-packages/airflow/example_dags/example_xcomargs.py
[2026-04-25T22:09:41.124+0000] {processor.py:830} INFO - Processing file /home/airflow/.local/lib/python3.12/site-packages/airflow/example_dags/example_xcomargs.py for tasks to queue
[2026-04-25T22:09:41.126+0000] {logging_mixin.py:188} INFO - [2026-04-25T22:09:41.126+0000] {dagbag.py:540} INFO - Filling up the DagBag from /home/airflow/.local/lib/python3.12/site-packages/airflow/example_dags/example_xcomargs.py
[2026-04-25T22:09:41.140+0000] {processor.py:840} INFO - DAG(s) 'example_xcom_args_with_operators', 'example_xcom_args' retrieved from /home/airflow/.local/lib/python3.12/site-packages/airflow/example_dags/example_xcomargs.py
[2026-04-25T22:09:41.170+0000] {logging_mixin.py:188} INFO - [2026-04-25T22:09:41.170+0000] {dag.py:3096} INFO - Sync 2 DAGs
[2026-04-25T22:09:41.185+0000] {logging_mixin.py:188} INFO - [2026-04-25T22:09:41.184+0000] {dag.py:3954} INFO - Setting next_dagrun for example_xcom_args to None, run_after=None
[2026-04-25T22:09:41.189+0000] {logging_mixin.py:188} INFO - [2026-04-25T22:09:41.189+0000] {dag.py:3954} INFO - Setting next_dagrun for example_xcom_args_with_operators to None, run_after=None
[2026-04-25T22:09:41.208+0000] {processor.py:183} INFO - Processing /home/airflow/.local/lib/python3.12/site-packages/airflow/example_dags/example_xcomargs.py took 0.092 seconds
[2026-04-25T22:10:11.547+0000] {processor.py:161} INFO - Started process (PID=472) to work on /home/airflow/.local/lib/python3.12/site-packages/airflow/example_dags/example_xcomargs.py
[2026-04-25T22:10:11.548+0000] {processor.py:830} INFO - Processing file /home/airflow/.local/lib/python3.12/site-packages/airflow/example_dags/example_xcomargs.py for tasks to queue
[2026-04-25T22:10:11.551+0000] {logging_mixin.py:188} INFO - [2026-04-25T22:10:11.550+0000] {dagbag.py:540} INFO - Filling up the DagBag from /home/airflow/.local/lib/python3.12/site-packages/airflow/example_dags/example_xcomargs.py
[2026-04-25T22:10:11.560+0000] {processor.py:840} INFO - DAG(s) 'example_xcom_args', 'example_xcom_args_with_operators' retrieved from /home/airflow/.local/lib/python3.12/site-packages/airflow/example_dags/example_xcomargs.py
[2026-04-25T22:10:11.588+0000] {logging_mixin.py:188} INFO - [2026-04-25T22:10:11.588+0000] {dag.py:3096} INFO - Sync 2 DAGs
[2026-04-25T22:10:11.605+0000] {logging_mixin.py:188} INFO - [2026-04-25T22:10:11.604+0000] {dag.py:3954} INFO - Setting next_dagrun for example_xcom_args to None, run_after=None
[2026-04-25T22:10:11.609+0000] {logging_mixin.py:188} INFO - [2026-04-25T22:10:11.608+0000] {dag.py:3954} INFO - Setting next_dagrun for example_xcom_args_with_operators to None, run_after=None
[2026-04-25T22:10:11.627+0000] {processor.py:183} INFO - Processing /home/airflow/.local/lib/python3.12/site-packages/airflow/example_dags/example_xcomargs.py took 0.087 seconds
[2026-04-25T22:10:42.731+0000] {processor.py:161} INFO - Started process (PID=532) to work on /home/airflow/.local/lib/python3.12/site-packages/airflow/example_dags/example_xcomargs.py
[2026-04-25T22:10:42.732+0000] {processor.py:830} INFO - Processing file /home/airflow/.local/lib/python3.12/site-packages/airflow/example_dags/example_xcomargs.py for tasks to queue
[2026-04-25T22:10:42.735+0000] {logging_mixin.py:188} INFO - [2026-04-25T22:10:42.735+0000] {dagbag.py:540} INFO - Filling up the DagBag from /home/airflow/.local/lib/python3.12/site-packages/airflow/example_dags/example_xcomargs.py
[2026-04-25T22:10:42.745+0000] {processor.py:840} INFO - DAG(s) 'example_xcom_args_with_operators', 'example_xcom_args' retrieved from /home/airflow/.local/lib/python3.12/site-packages/airflow/example_dags/example_xcomargs.py
[2026-04-25T22:10:42.774+0000] {logging_mixin.py:188} INFO - [2026-04-25T22:10:42.774+0000] {dag.py:3096} INFO - Sync 2 DAGs
[2026-04-25T22:10:42.789+0000] {logging_mixin.py:188} INFO - [2026-04-25T22:10:42.789+0000] {dag.py:3954} INFO - Setting next_dagrun for example_xcom_args to None, run_after=None
[2026-04-25T22:10:42.793+0000] {logging_mixin.py:188} INFO - [2026-04-25T22:10:42.793+0000] {dag.py:3954} INFO - Setting next_dagrun for example_xcom_args_with_operators to None, run_after=None
[2026-04-25T22:10:42.813+0000] {processor.py:183} INFO - Processing /home/airflow/.local/lib/python3.12/site-packages/airflow/example_dags/example_xcomargs.py took 0.089 seconds
[2026-04-25T22:11:13.504+0000] {processor.py:161} INFO - Started process (PID=590) to work on /home/airflow/.local/lib/python3.12/site-packages/airflow/example_dags/example_xcomargs.py
[2026-04-25T22:11:13.505+0000] {processor.py:830} INFO - Processing file /home/airflow/.local/lib/python3.12/site-packages/airflow/example_dags/example_xcomargs.py for tasks to queue
[2026-04-25T22:11:13.508+0000] {logging_mixin.py:188} INFO - [2026-04-25T22:11:13.507+0000] {dagbag.py:540} INFO - Filling up the DagBag from /home/airflow/.local/lib/python3.12/site-packages/airflow/example_dags/example_xcomargs.py
[2026-04-25T22:11:13.519+0000] {processor.py:840} INFO - DAG(s) 'example_xcom_args_with_operators', 'example_xcom_args' retrieved from /home/airflow/.local/lib/python3.12/site-packages/airflow/example_dags/example_xcomargs.py
[2026-04-25T22:11:13.534+0000] {logging_mixin.py:188} INFO - [2026-04-25T22:11:13.533+0000] {dag.py:3096} INFO - Sync 2 DAGs
[2026-04-25T22:11:13.550+0000] {logging_mixin.py:188} INFO - [2026-04-25T22:11:13.550+0000] {dag.py:3954} INFO - Setting next_dagrun for example_xcom_args to None, run_after=None
[2026-04-25T22:11:13.554+0000] {logging_mixin.py:188} INFO - [2026-04-25T22:11:13.554+0000] {dag.py:3954} INFO - Setting next_dagrun for example_xcom_args_with_operators to None, run_after=None
[2026-04-25T22:11:13.576+0000] {processor.py:183} INFO - Processing /home/airflow/.local/lib/python3.12/site-packages/airflow/example_dags/example_xcomargs.py took 0.079 seconds
[2026-04-25T22:11:47.128+0000] {processor.py:161} INFO - Started process (PID=648) to work on /home/airflow/.local/lib/python3.12/site-packages/airflow/example_dags/example_xcomargs.py
[2026-04-25T22:11:47.130+0000] {processor.py:830} INFO - Processing file /home/airflow/.local/lib/python3.12/site-packages/airflow/example_dags/example_xcomargs.py for tasks to queue
[2026-04-25T22:11:47.132+0000] {logging_mixin.py:188} INFO - [2026-04-25T22:11:47.132+0000] {dagbag.py:540} INFO - Filling up the DagBag from /home/airflow/.local/lib/python3.12/site-packages/airflow/example_dags/example_xcomargs.py
[2026-04-25T22:11:47.142+0000] {processor.py:840} INFO - DAG(s) 'example_xcom_args', 'example_xcom_args_with_operators' retrieved from /home/airflow/.local/lib/python3.12/site-packages/airflow/example_dags/example_xcomargs.py
[2026-04-25T22:11:47.443+0000] {logging_mixin.py:188} INFO - [2026-04-25T22:11:47.443+0000] {dag.py:3096} INFO - Sync 2 DAGs
[2026-04-25T22:11:47.454+0000] {logging_mixin.py:188} INFO - [2026-04-25T22:11:47.454+0000] {dag.py:3954} INFO - Setting next_dagrun for example_xcom_args to None, run_after=None
[2026-04-25T22:11:47.457+0000] {logging_mixin.py:188} INFO - [2026-04-25T22:11:47.457+0000] {dag.py:3954} INFO - Setting next_dagrun for example_xcom_args_with_operators to None, run_after=None
[2026-04-25T22:11:47.479+0000] {processor.py:183} INFO - Processing /home/airflow/.local/lib/python3.12/site-packages/airflow/example_dags/example_xcomargs.py took 0.358 seconds
[2026-04-25T22:12:19.245+0000] {processor.py:161} INFO - Started process (PID=109) to work on /home/airflow/.local/lib/python3.12/site-packages/airflow/example_dags/example_xcomargs.py
[2026-04-25T22:12:19.247+0000] {processor.py:830} INFO - Processing file /home/airflow/.local/lib/python3.12/site-packages/airflow/example_dags/example_xcomargs.py for tasks to queue
[2026-04-25T22:12:19.249+0000] {logging_mixin.py:188} INFO - [2026-04-25T22:12:19.249+0000] {dagbag.py:540} INFO - Filling up the DagBag from /home/airflow/.local/lib/python3.12/site-packages/airflow/example_dags/example_xcomargs.py
[2026-04-25T22:12:19.271+0000] {processor.py:840} INFO - DAG(s) 'example_xcom_args_with_operators', 'example_xcom_args' retrieved from /home/airflow/.local/lib/python3.12/site-packages/airflow/example_dags/example_xcomargs.py
[2026-04-25T22:12:19.293+0000] {logging_mixin.py:188} INFO - [2026-04-25T22:12:19.293+0000] {dag.py:3096} INFO - Sync 2 DAGs
[2026-04-25T22:12:19.332+0000] {logging_mixin.py:188} INFO - [2026-04-25T22:12:19.331+0000] {dag.py:3954} INFO - Setting next_dagrun for example_xcom_args to None, run_after=None
[2026-04-25T22:12:19.344+0000] {logging_mixin.py:188} INFO - [2026-04-25T22:12:19.344+0000] {dag.py:3954} INFO - Setting next_dagrun for example_xcom_args_with_operators to None, run_after=None
[2026-04-25T22:12:19.419+0000] {processor.py:183} INFO - Processing /home/airflow/.local/lib/python3.12/site-packages/airflow/example_dags/example_xcomargs.py took 0.189 seconds
[2026-04-25T22:12:51.500+0000] {processor.py:161} INFO - Started process (PID=167) to work on /home/airflow/.local/lib/python3.12/site-packages/airflow/example_dags/example_xcomargs.py
[2026-04-25T22:12:51.502+0000] {processor.py:830} INFO - Processing file /home/airflow/.local/lib/python3.12/site-packages/airflow/example_dags/example_xcomargs.py for tasks to queue
[2026-04-25T22:12:51.505+0000] {logging_mixin.py:188} INFO - [2026-04-25T22:12:51.504+0000] {dagbag.py:540} INFO - Filling up the DagBag from /home/airflow/.local/lib/python3.12/site-packages/airflow/example_dags/example_xcomargs.py
[2026-04-25T22:12:51.515+0000] {processor.py:840} INFO - DAG(s) 'example_xcom_args', 'example_xcom_args_with_operators' retrieved from /home/airflow/.local/lib/python3.12/site-packages/airflow/example_dags/example_xcomargs.py
[2026-04-25T22:12:51.657+0000] {logging_mixin.py:188} INFO - [2026-04-25T22:12:51.657+0000] {dag.py:3096} INFO - Sync 2 DAGs
[2026-04-25T22:12:51.672+0000] {logging_mixin.py:188} INFO - [2026-04-25T22:12:51.672+0000] {dag.py:3954} INFO - Setting next_dagrun for example_xcom_args to None, run_after=None
[2026-04-25T22:12:51.676+0000] {logging_mixin.py:188} INFO - [2026-04-25T22:12:51.676+0000] {dag.py:3954} INFO - Setting next_dagrun for example_xcom_args_with_operators to None, run_after=None
[2026-04-25T22:12:51.699+0000] {processor.py:183} INFO - Processing /home/airflow/.local/lib/python3.12/site-packages/airflow/example_dags/example_xcomargs.py took 0.205 seconds
[2026-04-25T22:13:22.780+0000] {processor.py:161} INFO - Started process (PID=225) to work on /home/airflow/.local/lib/python3.12/site-packages/airflow/example_dags/example_xcomargs.py
[2026-04-25T22:13:22.782+0000] {processor.py:830} INFO - Processing file /home/airflow/.local/lib/python3.12/site-packages/airflow/example_dags/example_xcomargs.py for tasks to queue
[2026-04-25T22:13:22.784+0000] {logging_mixin.py:188} INFO - [2026-04-25T22:13:22.784+0000] {dagbag.py:540} INFO - Filling up the DagBag from /home/airflow/.local/lib/python3.12/site-packages/airflow/example_dags/example_xcomargs.py
[2026-04-25T22:13:22.794+0000] {processor.py:840} INFO - DAG(s) 'example_xcom_args', 'example_xcom_args_with_operators' retrieved from /home/airflow/.local/lib/python3.12/site-packages/airflow/example_dags/example_xcomargs.py
[2026-04-25T22:13:22.821+0000] {logging_mixin.py:188} INFO - [2026-04-25T22:13:22.821+0000] {dag.py:3096} INFO - Sync 2 DAGs
[2026-04-25T22:13:22.837+0000] {logging_mixin.py:188} INFO - [2026-04-25T22:13:22.837+0000] {dag.py:3954} INFO - Setting next_dagrun for example_xcom_args to None, run_after=None
[2026-04-25T22:13:22.842+0000] {logging_mixin.py:188} INFO - [2026-04-25T22:13:22.841+0000] {dag.py:3954} INFO - Setting next_dagrun for example_xcom_args_with_operators to None, run_after=None
[2026-04-25T22:13:22.864+0000] {processor.py:183} INFO - Processing /home/airflow/.local/lib/python3.12/site-packages/airflow/example_dags/example_xcomargs.py took 0.091 seconds
