[2026-04-25T22:06:11.903+0000] {processor.py:161} INFO - Started process (PID=73) to work on /home/airflow/.local/lib/python3.12/site-packages/airflow/example_dags/example_subdag_operator.py
[2026-04-25T22:06:11.905+0000] {processor.py:830} INFO - Processing file /home/airflow/.local/lib/python3.12/site-packages/airflow/example_dags/example_subdag_operator.py for tasks to queue
[2026-04-25T22:06:11.911+0000] {logging_mixin.py:188} INFO - [2026-04-25T22:06:11.911+0000] {dagbag.py:540} INFO - Filling up the DagBag from /home/airflow/.local/lib/python3.12/site-packages/airflow/example_dags/example_subdag_operator.py
[2026-04-25T22:06:11.967+0000] {processor.py:840} INFO - DAG(s) 'example_subdag_operator.section-1', 'example_subdag_operator.section-2', 'example_subdag_operator' retrieved from /home/airflow/.local/lib/python3.12/site-packages/airflow/example_dags/example_subdag_operator.py
[2026-04-25T22:06:12.194+0000] {logging_mixin.py:188} INFO - [2026-04-25T22:06:12.193+0000] {dag.py:3096} INFO - Sync 3 DAGs
[2026-04-25T22:06:12.227+0000] {logging_mixin.py:188} INFO - [2026-04-25T22:06:12.226+0000] {dag.py:3954} INFO - Setting next_dagrun for example_subdag_operator to 2022-01-01 00:00:00+00:00, run_after=2022-01-01 00:00:00+00:00
[2026-04-25T22:06:12.234+0000] {logging_mixin.py:188} INFO - [2026-04-25T22:06:12.233+0000] {dag.py:3954} INFO - Setting next_dagrun for example_subdag_operator.section-1 to None, run_after=None
[2026-04-25T22:06:12.237+0000] {logging_mixin.py:188} INFO - [2026-04-25T22:06:12.236+0000] {dag.py:3954} INFO - Setting next_dagrun for example_subdag_operator.section-2 to None, run_after=None
[2026-04-25T22:06:12.257+0000] {logging_mixin.py:188} INFO - [2026-04-25T22:06:12.256+0000] {dag.py:3096} INFO - Sync 2 DAGs
[2026-04-25T22:06:12.265+0000] {logging_mixin.py:188} INFO - [2026-04-25T22:06:12.265+0000] {dag.py:3954} INFO - Setting next_dagrun for example_subdag_operator.section-1 to None, run_after=None
[2026-04-25T22:06:12.266+0000] {logging_mixin.py:188} INFO - [2026-04-25T22:06:12.266+0000] {dag.py:3954} INFO - Setting next_dagrun for example_subdag_operator.section-2 to None, run_after=None
[2026-04-25T22:06:12.292+0000] {processor.py:183} INFO - Processing /home/airflow/.local/lib/python3.12/site-packages/airflow/example_dags/example_subdag_operator.py took 0.406 seconds
[2026-04-25T22:06:42.954+0000] {processor.py:161} INFO - Started process (PID=131) to work on /home/airflow/.local/lib/python3.12/site-packages/airflow/example_dags/example_subdag_operator.py
[2026-04-25T22:06:42.956+0000] {processor.py:830} INFO - Processing file /home/airflow/.local/lib/python3.12/site-packages/airflow/example_dags/example_subdag_operator.py for tasks to queue
[2026-04-25T22:06:42.960+0000] {logging_mixin.py:188} INFO - [2026-04-25T22:06:42.959+0000] {dagbag.py:540} INFO - Filling up the DagBag from /home/airflow/.local/lib/python3.12/site-packages/airflow/example_dags/example_subdag_operator.py
[2026-04-25T22:06:43.031+0000] {processor.py:840} INFO - DAG(s) 'example_subdag_operator.section-1', 'example_subdag_operator.section-2', 'example_subdag_operator' retrieved from /home/airflow/.local/lib/python3.12/site-packages/airflow/example_dags/example_subdag_operator.py
[2026-04-25T22:06:43.092+0000] {logging_mixin.py:188} INFO - [2026-04-25T22:06:43.092+0000] {dag.py:3096} INFO - Sync 3 DAGs
[2026-04-25T22:06:43.144+0000] {logging_mixin.py:188} INFO - [2026-04-25T22:06:43.144+0000] {dag.py:3954} INFO - Setting next_dagrun for example_subdag_operator to 2022-01-01 00:00:00+00:00, run_after=2022-01-01 00:00:00+00:00
[2026-04-25T22:06:43.155+0000] {logging_mixin.py:188} INFO - [2026-04-25T22:06:43.154+0000] {dag.py:3954} INFO - Setting next_dagrun for example_subdag_operator.section-1 to None, run_after=None
[2026-04-25T22:06:43.159+0000] {logging_mixin.py:188} INFO - [2026-04-25T22:06:43.158+0000] {dag.py:3954} INFO - Setting next_dagrun for example_subdag_operator.section-2 to None, run_after=None
[2026-04-25T22:06:43.176+0000] {logging_mixin.py:188} INFO - [2026-04-25T22:06:43.176+0000] {dag.py:3096} INFO - Sync 2 DAGs
[2026-04-25T22:06:43.190+0000] {logging_mixin.py:188} INFO - [2026-04-25T22:06:43.190+0000] {dag.py:3954} INFO - Setting next_dagrun for example_subdag_operator.section-1 to None, run_after=None
[2026-04-25T22:06:43.192+0000] {logging_mixin.py:188} INFO - [2026-04-25T22:06:43.191+0000] {dag.py:3954} INFO - Setting next_dagrun for example_subdag_operator.section-2 to None, run_after=None
[2026-04-25T22:06:43.220+0000] {processor.py:183} INFO - Processing /home/airflow/.local/lib/python3.12/site-packages/airflow/example_dags/example_subdag_operator.py took 0.279 seconds
[2026-04-25T22:07:29.238+0000] {processor.py:161} INFO - Started process (PID=189) to work on /home/airflow/.local/lib/python3.12/site-packages/airflow/example_dags/example_subdag_operator.py
[2026-04-25T22:07:29.240+0000] {processor.py:830} INFO - Processing file /home/airflow/.local/lib/python3.12/site-packages/airflow/example_dags/example_subdag_operator.py for tasks to queue
[2026-04-25T22:07:29.242+0000] {logging_mixin.py:188} INFO - [2026-04-25T22:07:29.242+0000] {dagbag.py:540} INFO - Filling up the DagBag from /home/airflow/.local/lib/python3.12/site-packages/airflow/example_dags/example_subdag_operator.py
[2026-04-25T22:07:31.275+0000] {processor.py:840} INFO - DAG(s) 'example_subdag_operator.section-1', 'example_subdag_operator.section-2', 'example_subdag_operator' retrieved from /home/airflow/.local/lib/python3.12/site-packages/airflow/example_dags/example_subdag_operator.py
[2026-04-25T22:07:31.584+0000] {logging_mixin.py:188} INFO - [2026-04-25T22:07:31.584+0000] {dag.py:3096} INFO - Sync 3 DAGs
[2026-04-25T22:07:35.106+0000] {logging_mixin.py:188} INFO - [2026-04-25T22:07:35.105+0000] {dag.py:3954} INFO - Setting next_dagrun for example_subdag_operator to 2022-01-01 00:00:00+00:00, run_after=2022-01-01 00:00:00+00:00
[2026-04-25T22:07:35.110+0000] {logging_mixin.py:188} INFO - [2026-04-25T22:07:35.110+0000] {dag.py:3954} INFO - Setting next_dagrun for example_subdag_operator.section-1 to None, run_after=None
[2026-04-25T22:07:35.113+0000] {logging_mixin.py:188} INFO - [2026-04-25T22:07:35.112+0000] {dag.py:3954} INFO - Setting next_dagrun for example_subdag_operator.section-2 to None, run_after=None
[2026-04-25T22:07:35.316+0000] {logging_mixin.py:188} INFO - [2026-04-25T22:07:35.316+0000] {dag.py:3096} INFO - Sync 2 DAGs
[2026-04-25T22:07:35.357+0000] {logging_mixin.py:188} INFO - [2026-04-25T22:07:35.357+0000] {dag.py:3954} INFO - Setting next_dagrun for example_subdag_operator.section-1 to None, run_after=None
[2026-04-25T22:07:35.365+0000] {logging_mixin.py:188} INFO - [2026-04-25T22:07:35.365+0000] {dag.py:3954} INFO - Setting next_dagrun for example_subdag_operator.section-2 to None, run_after=None
[2026-04-25T22:07:35.521+0000] {processor.py:183} INFO - Processing /home/airflow/.local/lib/python3.12/site-packages/airflow/example_dags/example_subdag_operator.py took 7.046 seconds
[2026-04-25T22:08:09.823+0000] {processor.py:161} INFO - Started process (PID=247) to work on /home/airflow/.local/lib/python3.12/site-packages/airflow/example_dags/example_subdag_operator.py
[2026-04-25T22:08:09.824+0000] {processor.py:830} INFO - Processing file /home/airflow/.local/lib/python3.12/site-packages/airflow/example_dags/example_subdag_operator.py for tasks to queue
[2026-04-25T22:08:09.828+0000] {logging_mixin.py:188} INFO - [2026-04-25T22:08:09.827+0000] {dagbag.py:540} INFO - Filling up the DagBag from /home/airflow/.local/lib/python3.12/site-packages/airflow/example_dags/example_subdag_operator.py
[2026-04-25T22:08:09.956+0000] {processor.py:840} INFO - DAG(s) 'example_subdag_operator.section-1', 'example_subdag_operator.section-2', 'example_subdag_operator' retrieved from /home/airflow/.local/lib/python3.12/site-packages/airflow/example_dags/example_subdag_operator.py
[2026-04-25T22:08:09.980+0000] {logging_mixin.py:188} INFO - [2026-04-25T22:08:09.980+0000] {dag.py:3096} INFO - Sync 3 DAGs
[2026-04-25T22:08:10.005+0000] {logging_mixin.py:188} INFO - [2026-04-25T22:08:10.005+0000] {dag.py:3954} INFO - Setting next_dagrun for example_subdag_operator to 2022-01-01 00:00:00+00:00, run_after=2022-01-01 00:00:00+00:00
[2026-04-25T22:08:10.010+0000] {logging_mixin.py:188} INFO - [2026-04-25T22:08:10.010+0000] {dag.py:3954} INFO - Setting next_dagrun for example_subdag_operator.section-1 to None, run_after=None
[2026-04-25T22:08:10.012+0000] {logging_mixin.py:188} INFO - [2026-04-25T22:08:10.012+0000] {dag.py:3954} INFO - Setting next_dagrun for example_subdag_operator.section-2 to None, run_after=None
[2026-04-25T22:08:10.020+0000] {logging_mixin.py:188} INFO - [2026-04-25T22:08:10.019+0000] {dag.py:3096} INFO - Sync 2 DAGs
[2026-04-25T22:08:10.026+0000] {logging_mixin.py:188} INFO - [2026-04-25T22:08:10.025+0000] {dag.py:3954} INFO - Setting next_dagrun for example_subdag_operator.section-1 to None, run_after=None
[2026-04-25T22:08:10.026+0000] {logging_mixin.py:188} INFO - [2026-04-25T22:08:10.026+0000] {dag.py:3954} INFO - Setting next_dagrun for example_subdag_operator.section-2 to None, run_after=None
[2026-04-25T22:08:10.060+0000] {processor.py:183} INFO - Processing /home/airflow/.local/lib/python3.12/site-packages/airflow/example_dags/example_subdag_operator.py took 0.246 seconds
[2026-04-25T22:08:40.138+0000] {processor.py:161} INFO - Started process (PID=303) to work on /home/airflow/.local/lib/python3.12/site-packages/airflow/example_dags/example_subdag_operator.py
[2026-04-25T22:08:40.139+0000] {processor.py:830} INFO - Processing file /home/airflow/.local/lib/python3.12/site-packages/airflow/example_dags/example_subdag_operator.py for tasks to queue
[2026-04-25T22:08:40.142+0000] {logging_mixin.py:188} INFO - [2026-04-25T22:08:40.141+0000] {dagbag.py:540} INFO - Filling up the DagBag from /home/airflow/.local/lib/python3.12/site-packages/airflow/example_dags/example_subdag_operator.py
[2026-04-25T22:08:40.173+0000] {processor.py:840} INFO - DAG(s) 'example_subdag_operator.section-1', 'example_subdag_operator.section-2', 'example_subdag_operator' retrieved from /home/airflow/.local/lib/python3.12/site-packages/airflow/example_dags/example_subdag_operator.py
[2026-04-25T22:08:40.190+0000] {logging_mixin.py:188} INFO - [2026-04-25T22:08:40.190+0000] {dag.py:3096} INFO - Sync 3 DAGs
[2026-04-25T22:08:40.214+0000] {logging_mixin.py:188} INFO - [2026-04-25T22:08:40.213+0000] {dag.py:3954} INFO - Setting next_dagrun for example_subdag_operator to 2022-01-01 00:00:00+00:00, run_after=2022-01-01 00:00:00+00:00
[2026-04-25T22:08:40.219+0000] {logging_mixin.py:188} INFO - [2026-04-25T22:08:40.218+0000] {dag.py:3954} INFO - Setting next_dagrun for example_subdag_operator.section-1 to None, run_after=None
[2026-04-25T22:08:40.221+0000] {logging_mixin.py:188} INFO - [2026-04-25T22:08:40.221+0000] {dag.py:3954} INFO - Setting next_dagrun for example_subdag_operator.section-2 to None, run_after=None
[2026-04-25T22:08:40.229+0000] {logging_mixin.py:188} INFO - [2026-04-25T22:08:40.229+0000] {dag.py:3096} INFO - Sync 2 DAGs
[2026-04-25T22:08:40.238+0000] {logging_mixin.py:188} INFO - [2026-04-25T22:08:40.238+0000] {dag.py:3954} INFO - Setting next_dagrun for example_subdag_operator.section-1 to None, run_after=None
[2026-04-25T22:08:40.239+0000] {logging_mixin.py:188} INFO - [2026-04-25T22:08:40.239+0000] {dag.py:3954} INFO - Setting next_dagrun for example_subdag_operator.section-2 to None, run_after=None
[2026-04-25T22:08:40.251+0000] {processor.py:183} INFO - Processing /home/airflow/.local/lib/python3.12/site-packages/airflow/example_dags/example_subdag_operator.py took 0.122 seconds
[2026-04-25T22:09:10.753+0000] {processor.py:161} INFO - Started process (PID=360) to work on /home/airflow/.local/lib/python3.12/site-packages/airflow/example_dags/example_subdag_operator.py
[2026-04-25T22:09:10.755+0000] {processor.py:830} INFO - Processing file /home/airflow/.local/lib/python3.12/site-packages/airflow/example_dags/example_subdag_operator.py for tasks to queue
[2026-04-25T22:09:10.757+0000] {logging_mixin.py:188} INFO - [2026-04-25T22:09:10.756+0000] {dagbag.py:540} INFO - Filling up the DagBag from /home/airflow/.local/lib/python3.12/site-packages/airflow/example_dags/example_subdag_operator.py
[2026-04-25T22:09:10.784+0000] {processor.py:840} INFO - DAG(s) 'example_subdag_operator.section-1', 'example_subdag_operator.section-2', 'example_subdag_operator' retrieved from /home/airflow/.local/lib/python3.12/site-packages/airflow/example_dags/example_subdag_operator.py
[2026-04-25T22:09:10.801+0000] {logging_mixin.py:188} INFO - [2026-04-25T22:09:10.800+0000] {dag.py:3096} INFO - Sync 3 DAGs
[2026-04-25T22:09:10.824+0000] {logging_mixin.py:188} INFO - [2026-04-25T22:09:10.823+0000] {dag.py:3954} INFO - Setting next_dagrun for example_subdag_operator to 2022-01-01 00:00:00+00:00, run_after=2022-01-01 00:00:00+00:00
[2026-04-25T22:09:10.828+0000] {logging_mixin.py:188} INFO - [2026-04-25T22:09:10.828+0000] {dag.py:3954} INFO - Setting next_dagrun for example_subdag_operator.section-1 to None, run_after=None
[2026-04-25T22:09:10.830+0000] {logging_mixin.py:188} INFO - [2026-04-25T22:09:10.830+0000] {dag.py:3954} INFO - Setting next_dagrun for example_subdag_operator.section-2 to None, run_after=None
[2026-04-25T22:09:10.837+0000] {logging_mixin.py:188} INFO - [2026-04-25T22:09:10.837+0000] {dag.py:3096} INFO - Sync 2 DAGs
[2026-04-25T22:09:10.843+0000] {logging_mixin.py:188} INFO - [2026-04-25T22:09:10.843+0000] {dag.py:3954} INFO - Setting next_dagrun for example_subdag_operator.section-1 to None, run_after=None
[2026-04-25T22:09:10.844+0000] {logging_mixin.py:188} INFO - [2026-04-25T22:09:10.844+0000] {dag.py:3954} INFO - Setting next_dagrun for example_subdag_operator.section-2 to None, run_after=None
[2026-04-25T22:09:10.857+0000] {processor.py:183} INFO - Processing /home/airflow/.local/lib/python3.12/site-packages/airflow/example_dags/example_subdag_operator.py took 0.110 seconds
[2026-04-25T22:09:41.425+0000] {processor.py:161} INFO - Started process (PID=418) to work on /home/airflow/.local/lib/python3.12/site-packages/airflow/example_dags/example_subdag_operator.py
[2026-04-25T22:09:41.427+0000] {processor.py:830} INFO - Processing file /home/airflow/.local/lib/python3.12/site-packages/airflow/example_dags/example_subdag_operator.py for tasks to queue
[2026-04-25T22:09:41.429+0000] {logging_mixin.py:188} INFO - [2026-04-25T22:09:41.429+0000] {dagbag.py:540} INFO - Filling up the DagBag from /home/airflow/.local/lib/python3.12/site-packages/airflow/example_dags/example_subdag_operator.py
[2026-04-25T22:09:41.456+0000] {processor.py:840} INFO - DAG(s) 'example_subdag_operator.section-1', 'example_subdag_operator.section-2', 'example_subdag_operator' retrieved from /home/airflow/.local/lib/python3.12/site-packages/airflow/example_dags/example_subdag_operator.py
[2026-04-25T22:09:41.472+0000] {logging_mixin.py:188} INFO - [2026-04-25T22:09:41.472+0000] {dag.py:3096} INFO - Sync 3 DAGs
[2026-04-25T22:09:41.494+0000] {logging_mixin.py:188} INFO - [2026-04-25T22:09:41.494+0000] {dag.py:3954} INFO - Setting next_dagrun for example_subdag_operator to 2022-01-01 00:00:00+00:00, run_after=2022-01-01 00:00:00+00:00
[2026-04-25T22:09:41.498+0000] {logging_mixin.py:188} INFO - [2026-04-25T22:09:41.498+0000] {dag.py:3954} INFO - Setting next_dagrun for example_subdag_operator.section-1 to None, run_after=None
[2026-04-25T22:09:41.500+0000] {logging_mixin.py:188} INFO - [2026-04-25T22:09:41.500+0000] {dag.py:3954} INFO - Setting next_dagrun for example_subdag_operator.section-2 to None, run_after=None
[2026-04-25T22:09:41.507+0000] {logging_mixin.py:188} INFO - [2026-04-25T22:09:41.507+0000] {dag.py:3096} INFO - Sync 2 DAGs
[2026-04-25T22:09:41.516+0000] {logging_mixin.py:188} INFO - [2026-04-25T22:09:41.516+0000] {dag.py:3954} INFO - Setting next_dagrun for example_subdag_operator.section-1 to None, run_after=None
[2026-04-25T22:09:41.517+0000] {logging_mixin.py:188} INFO - [2026-04-25T22:09:41.517+0000] {dag.py:3954} INFO - Setting next_dagrun for example_subdag_operator.section-2 to None, run_after=None
[2026-04-25T22:09:41.528+0000] {processor.py:183} INFO - Processing /home/airflow/.local/lib/python3.12/site-packages/airflow/example_dags/example_subdag_operator.py took 0.111 seconds
[2026-04-25T22:10:11.807+0000] {processor.py:161} INFO - Started process (PID=475) to work on /home/airflow/.local/lib/python3.12/site-packages/airflow/example_dags/example_subdag_operator.py
[2026-04-25T22:10:11.809+0000] {processor.py:830} INFO - Processing file /home/airflow/.local/lib/python3.12/site-packages/airflow/example_dags/example_subdag_operator.py for tasks to queue
[2026-04-25T22:10:11.812+0000] {logging_mixin.py:188} INFO - [2026-04-25T22:10:11.811+0000] {dagbag.py:540} INFO - Filling up the DagBag from /home/airflow/.local/lib/python3.12/site-packages/airflow/example_dags/example_subdag_operator.py
[2026-04-25T22:10:11.839+0000] {processor.py:840} INFO - DAG(s) 'example_subdag_operator.section-1', 'example_subdag_operator.section-2', 'example_subdag_operator' retrieved from /home/airflow/.local/lib/python3.12/site-packages/airflow/example_dags/example_subdag_operator.py
[2026-04-25T22:10:11.856+0000] {logging_mixin.py:188} INFO - [2026-04-25T22:10:11.856+0000] {dag.py:3096} INFO - Sync 3 DAGs
[2026-04-25T22:10:11.878+0000] {logging_mixin.py:188} INFO - [2026-04-25T22:10:11.878+0000] {dag.py:3954} INFO - Setting next_dagrun for example_subdag_operator to 2022-01-01 00:00:00+00:00, run_after=2022-01-01 00:00:00+00:00
[2026-04-25T22:10:11.882+0000] {logging_mixin.py:188} INFO - [2026-04-25T22:10:11.882+0000] {dag.py:3954} INFO - Setting next_dagrun for example_subdag_operator.section-1 to None, run_after=None
[2026-04-25T22:10:11.884+0000] {logging_mixin.py:188} INFO - [2026-04-25T22:10:11.884+0000] {dag.py:3954} INFO - Setting next_dagrun for example_subdag_operator.section-2 to None, run_after=None
[2026-04-25T22:10:11.891+0000] {logging_mixin.py:188} INFO - [2026-04-25T22:10:11.891+0000] {dag.py:3096} INFO - Sync 2 DAGs
[2026-04-25T22:10:11.897+0000] {logging_mixin.py:188} INFO - [2026-04-25T22:10:11.897+0000] {dag.py:3954} INFO - Setting next_dagrun for example_subdag_operator.section-1 to None, run_after=None
[2026-04-25T22:10:11.898+0000] {logging_mixin.py:188} INFO - [2026-04-25T22:10:11.898+0000] {dag.py:3954} INFO - Setting next_dagrun for example_subdag_operator.section-2 to None, run_after=None
[2026-04-25T22:10:11.911+0000] {processor.py:183} INFO - Processing /home/airflow/.local/lib/python3.12/site-packages/airflow/example_dags/example_subdag_operator.py took 0.111 seconds
[2026-04-25T22:10:42.333+0000] {processor.py:161} INFO - Started process (PID=526) to work on /home/airflow/.local/lib/python3.12/site-packages/airflow/example_dags/example_subdag_operator.py
[2026-04-25T22:10:42.334+0000] {processor.py:830} INFO - Processing file /home/airflow/.local/lib/python3.12/site-packages/airflow/example_dags/example_subdag_operator.py for tasks to queue
[2026-04-25T22:10:42.337+0000] {logging_mixin.py:188} INFO - [2026-04-25T22:10:42.336+0000] {dagbag.py:540} INFO - Filling up the DagBag from /home/airflow/.local/lib/python3.12/site-packages/airflow/example_dags/example_subdag_operator.py
[2026-04-25T22:10:42.362+0000] {processor.py:840} INFO - DAG(s) 'example_subdag_operator.section-1', 'example_subdag_operator.section-2', 'example_subdag_operator' retrieved from /home/airflow/.local/lib/python3.12/site-packages/airflow/example_dags/example_subdag_operator.py
[2026-04-25T22:10:42.379+0000] {logging_mixin.py:188} INFO - [2026-04-25T22:10:42.379+0000] {dag.py:3096} INFO - Sync 3 DAGs
[2026-04-25T22:10:42.401+0000] {logging_mixin.py:188} INFO - [2026-04-25T22:10:42.400+0000] {dag.py:3954} INFO - Setting next_dagrun for example_subdag_operator to 2022-01-01 00:00:00+00:00, run_after=2022-01-01 00:00:00+00:00
[2026-04-25T22:10:42.405+0000] {logging_mixin.py:188} INFO - [2026-04-25T22:10:42.405+0000] {dag.py:3954} INFO - Setting next_dagrun for example_subdag_operator.section-1 to None, run_after=None
[2026-04-25T22:10:42.407+0000] {logging_mixin.py:188} INFO - [2026-04-25T22:10:42.407+0000] {dag.py:3954} INFO - Setting next_dagrun for example_subdag_operator.section-2 to None, run_after=None
[2026-04-25T22:10:42.413+0000] {logging_mixin.py:188} INFO - [2026-04-25T22:10:42.413+0000] {dag.py:3096} INFO - Sync 2 DAGs
[2026-04-25T22:10:42.418+0000] {logging_mixin.py:188} INFO - [2026-04-25T22:10:42.418+0000] {dag.py:3954} INFO - Setting next_dagrun for example_subdag_operator.section-1 to None, run_after=None
[2026-04-25T22:10:42.419+0000] {logging_mixin.py:188} INFO - [2026-04-25T22:10:42.419+0000] {dag.py:3954} INFO - Setting next_dagrun for example_subdag_operator.section-2 to None, run_after=None
[2026-04-25T22:10:42.431+0000] {processor.py:183} INFO - Processing /home/airflow/.local/lib/python3.12/site-packages/airflow/example_dags/example_subdag_operator.py took 0.105 seconds
[2026-04-25T22:11:13.005+0000] {processor.py:161} INFO - Started process (PID=584) to work on /home/airflow/.local/lib/python3.12/site-packages/airflow/example_dags/example_subdag_operator.py
[2026-04-25T22:11:13.006+0000] {processor.py:830} INFO - Processing file /home/airflow/.local/lib/python3.12/site-packages/airflow/example_dags/example_subdag_operator.py for tasks to queue
[2026-04-25T22:11:13.010+0000] {logging_mixin.py:188} INFO - [2026-04-25T22:11:13.009+0000] {dagbag.py:540} INFO - Filling up the DagBag from /home/airflow/.local/lib/python3.12/site-packages/airflow/example_dags/example_subdag_operator.py
[2026-04-25T22:11:13.049+0000] {processor.py:840} INFO - DAG(s) 'example_subdag_operator.section-1', 'example_subdag_operator.section-2', 'example_subdag_operator' retrieved from /home/airflow/.local/lib/python3.12/site-packages/airflow/example_dags/example_subdag_operator.py
[2026-04-25T22:11:13.055+0000] {logging_mixin.py:188} INFO - [2026-04-25T22:11:13.055+0000] {dag.py:3096} INFO - Sync 3 DAGs
[2026-04-25T22:11:13.085+0000] {logging_mixin.py:188} INFO - [2026-04-25T22:11:13.085+0000] {dag.py:3954} INFO - Setting next_dagrun for example_subdag_operator to 2022-01-01 00:00:00+00:00, run_after=2022-01-01 00:00:00+00:00
[2026-04-25T22:11:13.090+0000] {logging_mixin.py:188} INFO - [2026-04-25T22:11:13.090+0000] {dag.py:3954} INFO - Setting next_dagrun for example_subdag_operator.section-1 to None, run_after=None
[2026-04-25T22:11:13.092+0000] {logging_mixin.py:188} INFO - [2026-04-25T22:11:13.092+0000] {dag.py:3954} INFO - Setting next_dagrun for example_subdag_operator.section-2 to None, run_after=None
[2026-04-25T22:11:13.107+0000] {logging_mixin.py:188} INFO - [2026-04-25T22:11:13.106+0000] {dag.py:3096} INFO - Sync 2 DAGs
[2026-04-25T22:11:13.117+0000] {logging_mixin.py:188} INFO - [2026-04-25T22:11:13.117+0000] {dag.py:3954} INFO - Setting next_dagrun for example_subdag_operator.section-1 to None, run_after=None
[2026-04-25T22:11:13.119+0000] {logging_mixin.py:188} INFO - [2026-04-25T22:11:13.118+0000] {dag.py:3954} INFO - Setting next_dagrun for example_subdag_operator.section-2 to None, run_after=None
[2026-04-25T22:11:13.152+0000] {processor.py:183} INFO - Processing /home/airflow/.local/lib/python3.12/site-packages/airflow/example_dags/example_subdag_operator.py took 0.157 seconds
[2026-04-25T22:11:45.128+0000] {processor.py:161} INFO - Started process (PID=638) to work on /home/airflow/.local/lib/python3.12/site-packages/airflow/example_dags/example_subdag_operator.py
[2026-04-25T22:11:45.129+0000] {processor.py:830} INFO - Processing file /home/airflow/.local/lib/python3.12/site-packages/airflow/example_dags/example_subdag_operator.py for tasks to queue
[2026-04-25T22:11:45.131+0000] {logging_mixin.py:188} INFO - [2026-04-25T22:11:45.131+0000] {dagbag.py:540} INFO - Filling up the DagBag from /home/airflow/.local/lib/python3.12/site-packages/airflow/example_dags/example_subdag_operator.py
[2026-04-25T22:11:45.168+0000] {processor.py:840} INFO - DAG(s) 'example_subdag_operator.section-1', 'example_subdag_operator.section-2', 'example_subdag_operator' retrieved from /home/airflow/.local/lib/python3.12/site-packages/airflow/example_dags/example_subdag_operator.py
[2026-04-25T22:11:45.295+0000] {logging_mixin.py:188} INFO - [2026-04-25T22:11:45.294+0000] {dag.py:3096} INFO - Sync 3 DAGs
[2026-04-25T22:11:45.485+0000] {logging_mixin.py:188} INFO - [2026-04-25T22:11:45.485+0000] {dag.py:3954} INFO - Setting next_dagrun for example_subdag_operator to 2022-01-01 00:00:00+00:00, run_after=2022-01-01 00:00:00+00:00
[2026-04-25T22:11:45.490+0000] {logging_mixin.py:188} INFO - [2026-04-25T22:11:45.490+0000] {dag.py:3954} INFO - Setting next_dagrun for example_subdag_operator.section-1 to None, run_after=None
[2026-04-25T22:11:45.493+0000] {logging_mixin.py:188} INFO - [2026-04-25T22:11:45.492+0000] {dag.py:3954} INFO - Setting next_dagrun for example_subdag_operator.section-2 to None, run_after=None
[2026-04-25T22:11:45.503+0000] {logging_mixin.py:188} INFO - [2026-04-25T22:11:45.503+0000] {dag.py:3096} INFO - Sync 2 DAGs
[2026-04-25T22:11:45.510+0000] {logging_mixin.py:188} INFO - [2026-04-25T22:11:45.510+0000] {dag.py:3954} INFO - Setting next_dagrun for example_subdag_operator.section-1 to None, run_after=None
[2026-04-25T22:11:45.511+0000] {logging_mixin.py:188} INFO - [2026-04-25T22:11:45.511+0000] {dag.py:3954} INFO - Setting next_dagrun for example_subdag_operator.section-2 to None, run_after=None
[2026-04-25T22:11:45.524+0000] {processor.py:183} INFO - Processing /home/airflow/.local/lib/python3.12/site-packages/airflow/example_dags/example_subdag_operator.py took 0.405 seconds
[2026-04-25T22:12:14.456+0000] {processor.py:161} INFO - Started process (PID=62) to work on /home/airflow/.local/lib/python3.12/site-packages/airflow/example_dags/example_subdag_operator.py
[2026-04-25T22:12:14.459+0000] {processor.py:830} INFO - Processing file /home/airflow/.local/lib/python3.12/site-packages/airflow/example_dags/example_subdag_operator.py for tasks to queue
[2026-04-25T22:12:14.465+0000] {logging_mixin.py:188} INFO - [2026-04-25T22:12:14.465+0000] {dagbag.py:540} INFO - Filling up the DagBag from /home/airflow/.local/lib/python3.12/site-packages/airflow/example_dags/example_subdag_operator.py
[2026-04-25T22:12:14.518+0000] {processor.py:840} INFO - DAG(s) 'example_subdag_operator.section-1', 'example_subdag_operator.section-2', 'example_subdag_operator' retrieved from /home/airflow/.local/lib/python3.12/site-packages/airflow/example_dags/example_subdag_operator.py
[2026-04-25T22:12:14.526+0000] {logging_mixin.py:188} INFO - [2026-04-25T22:12:14.526+0000] {dag.py:3096} INFO - Sync 3 DAGs
[2026-04-25T22:12:14.596+0000] {logging_mixin.py:188} INFO - [2026-04-25T22:12:14.596+0000] {dag.py:3954} INFO - Setting next_dagrun for example_subdag_operator to 2022-01-01 00:00:00+00:00, run_after=2022-01-01 00:00:00+00:00
[2026-04-25T22:12:14.602+0000] {logging_mixin.py:188} INFO - [2026-04-25T22:12:14.601+0000] {dag.py:3954} INFO - Setting next_dagrun for example_subdag_operator.section-1 to None, run_after=None
[2026-04-25T22:12:14.604+0000] {logging_mixin.py:188} INFO - [2026-04-25T22:12:14.604+0000] {dag.py:3954} INFO - Setting next_dagrun for example_subdag_operator.section-2 to None, run_after=None
[2026-04-25T22:12:14.621+0000] {logging_mixin.py:188} INFO - [2026-04-25T22:12:14.621+0000] {dag.py:3096} INFO - Sync 2 DAGs
[2026-04-25T22:12:14.633+0000] {logging_mixin.py:188} INFO - [2026-04-25T22:12:14.633+0000] {dag.py:3954} INFO - Setting next_dagrun for example_subdag_operator.section-1 to None, run_after=None
[2026-04-25T22:12:14.635+0000] {logging_mixin.py:188} INFO - [2026-04-25T22:12:14.634+0000] {dag.py:3954} INFO - Setting next_dagrun for example_subdag_operator.section-2 to None, run_after=None
[2026-04-25T22:12:14.660+0000] {processor.py:183} INFO - Processing /home/airflow/.local/lib/python3.12/site-packages/airflow/example_dags/example_subdag_operator.py took 0.226 seconds
[2026-04-25T22:12:45.051+0000] {processor.py:161} INFO - Started process (PID=120) to work on /home/airflow/.local/lib/python3.12/site-packages/airflow/example_dags/example_subdag_operator.py
[2026-04-25T22:12:45.052+0000] {processor.py:830} INFO - Processing file /home/airflow/.local/lib/python3.12/site-packages/airflow/example_dags/example_subdag_operator.py for tasks to queue
[2026-04-25T22:12:45.055+0000] {logging_mixin.py:188} INFO - [2026-04-25T22:12:45.055+0000] {dagbag.py:540} INFO - Filling up the DagBag from /home/airflow/.local/lib/python3.12/site-packages/airflow/example_dags/example_subdag_operator.py
[2026-04-25T22:12:45.081+0000] {processor.py:840} INFO - DAG(s) 'example_subdag_operator.section-1', 'example_subdag_operator.section-2', 'example_subdag_operator' retrieved from /home/airflow/.local/lib/python3.12/site-packages/airflow/example_dags/example_subdag_operator.py
[2026-04-25T22:12:45.186+0000] {logging_mixin.py:188} INFO - [2026-04-25T22:12:45.186+0000] {dag.py:3096} INFO - Sync 3 DAGs
[2026-04-25T22:12:45.207+0000] {logging_mixin.py:188} INFO - [2026-04-25T22:12:45.206+0000] {dag.py:3954} INFO - Setting next_dagrun for example_subdag_operator to 2022-01-01 00:00:00+00:00, run_after=2022-01-01 00:00:00+00:00
[2026-04-25T22:12:45.210+0000] {logging_mixin.py:188} INFO - [2026-04-25T22:12:45.210+0000] {dag.py:3954} INFO - Setting next_dagrun for example_subdag_operator.section-1 to None, run_after=None
[2026-04-25T22:12:45.212+0000] {logging_mixin.py:188} INFO - [2026-04-25T22:12:45.211+0000] {dag.py:3954} INFO - Setting next_dagrun for example_subdag_operator.section-2 to None, run_after=None
[2026-04-25T22:12:45.221+0000] {logging_mixin.py:188} INFO - [2026-04-25T22:12:45.220+0000] {dag.py:3096} INFO - Sync 2 DAGs
[2026-04-25T22:12:45.226+0000] {logging_mixin.py:188} INFO - [2026-04-25T22:12:45.226+0000] {dag.py:3954} INFO - Setting next_dagrun for example_subdag_operator.section-1 to None, run_after=None
[2026-04-25T22:12:45.227+0000] {logging_mixin.py:188} INFO - [2026-04-25T22:12:45.227+0000] {dag.py:3954} INFO - Setting next_dagrun for example_subdag_operator.section-2 to None, run_after=None
[2026-04-25T22:12:45.240+0000] {processor.py:183} INFO - Processing /home/airflow/.local/lib/python3.12/site-packages/airflow/example_dags/example_subdag_operator.py took 0.195 seconds
[2026-04-25T22:13:16.238+0000] {processor.py:161} INFO - Started process (PID=178) to work on /home/airflow/.local/lib/python3.12/site-packages/airflow/example_dags/example_subdag_operator.py
[2026-04-25T22:13:16.239+0000] {processor.py:830} INFO - Processing file /home/airflow/.local/lib/python3.12/site-packages/airflow/example_dags/example_subdag_operator.py for tasks to queue
[2026-04-25T22:13:16.241+0000] {logging_mixin.py:188} INFO - [2026-04-25T22:13:16.241+0000] {dagbag.py:540} INFO - Filling up the DagBag from /home/airflow/.local/lib/python3.12/site-packages/airflow/example_dags/example_subdag_operator.py
[2026-04-25T22:13:16.268+0000] {processor.py:840} INFO - DAG(s) 'example_subdag_operator.section-1', 'example_subdag_operator.section-2', 'example_subdag_operator' retrieved from /home/airflow/.local/lib/python3.12/site-packages/airflow/example_dags/example_subdag_operator.py
[2026-04-25T22:13:16.284+0000] {logging_mixin.py:188} INFO - [2026-04-25T22:13:16.284+0000] {dag.py:3096} INFO - Sync 3 DAGs
[2026-04-25T22:13:16.306+0000] {logging_mixin.py:188} INFO - [2026-04-25T22:13:16.305+0000] {dag.py:3954} INFO - Setting next_dagrun for example_subdag_operator to 2022-01-01 00:00:00+00:00, run_after=2022-01-01 00:00:00+00:00
[2026-04-25T22:13:16.310+0000] {logging_mixin.py:188} INFO - [2026-04-25T22:13:16.310+0000] {dag.py:3954} INFO - Setting next_dagrun for example_subdag_operator.section-1 to None, run_after=None
[2026-04-25T22:13:16.311+0000] {logging_mixin.py:188} INFO - [2026-04-25T22:13:16.311+0000] {dag.py:3954} INFO - Setting next_dagrun for example_subdag_operator.section-2 to None, run_after=None
[2026-04-25T22:13:16.319+0000] {logging_mixin.py:188} INFO - [2026-04-25T22:13:16.319+0000] {dag.py:3096} INFO - Sync 2 DAGs
[2026-04-25T22:13:16.324+0000] {logging_mixin.py:188} INFO - [2026-04-25T22:13:16.324+0000] {dag.py:3954} INFO - Setting next_dagrun for example_subdag_operator.section-1 to None, run_after=None
[2026-04-25T22:13:16.325+0000] {logging_mixin.py:188} INFO - [2026-04-25T22:13:16.325+0000] {dag.py:3954} INFO - Setting next_dagrun for example_subdag_operator.section-2 to None, run_after=None
[2026-04-25T22:13:16.337+0000] {processor.py:183} INFO - Processing /home/airflow/.local/lib/python3.12/site-packages/airflow/example_dags/example_subdag_operator.py took 0.106 seconds
