[2026-04-25T22:06:18.324+0000] {processor.py:161} INFO - Started process (PID=113) to work on /home/airflow/.local/lib/python3.12/site-packages/airflow/example_dags/example_python_operator.py
[2026-04-25T22:06:18.325+0000] {processor.py:830} INFO - Processing file /home/airflow/.local/lib/python3.12/site-packages/airflow/example_dags/example_python_operator.py for tasks to queue
[2026-04-25T22:06:18.328+0000] {logging_mixin.py:188} INFO - [2026-04-25T22:06:18.327+0000] {dagbag.py:540} INFO - Filling up the DagBag from /home/airflow/.local/lib/python3.12/site-packages/airflow/example_dags/example_python_operator.py
[2026-04-25T22:06:18.383+0000] {processor.py:840} INFO - DAG(s) 'example_python_operator' retrieved from /home/airflow/.local/lib/python3.12/site-packages/airflow/example_dags/example_python_operator.py
[2026-04-25T22:06:18.505+0000] {logging_mixin.py:188} INFO - [2026-04-25T22:06:18.505+0000] {dag.py:3096} INFO - Sync 1 DAGs
[2026-04-25T22:06:18.517+0000] {logging_mixin.py:188} INFO - [2026-04-25T22:06:18.516+0000] {dag.py:3954} INFO - Setting next_dagrun for example_python_operator to None, run_after=None
[2026-04-25T22:06:18.538+0000] {processor.py:183} INFO - Processing /home/airflow/.local/lib/python3.12/site-packages/airflow/example_dags/example_python_operator.py took 0.221 seconds
[2026-04-25T22:06:58.560+0000] {processor.py:161} INFO - Started process (PID=171) to work on /home/airflow/.local/lib/python3.12/site-packages/airflow/example_dags/example_python_operator.py
[2026-04-25T22:06:58.561+0000] {processor.py:830} INFO - Processing file /home/airflow/.local/lib/python3.12/site-packages/airflow/example_dags/example_python_operator.py for tasks to queue
[2026-04-25T22:06:58.564+0000] {logging_mixin.py:188} INFO - [2026-04-25T22:06:58.563+0000] {dagbag.py:540} INFO - Filling up the DagBag from /home/airflow/.local/lib/python3.12/site-packages/airflow/example_dags/example_python_operator.py
[2026-04-25T22:06:58.575+0000] {processor.py:840} INFO - DAG(s) 'example_python_operator' retrieved from /home/airflow/.local/lib/python3.12/site-packages/airflow/example_dags/example_python_operator.py
[2026-04-25T22:06:58.600+0000] {logging_mixin.py:188} INFO - [2026-04-25T22:06:58.600+0000] {dag.py:3096} INFO - Sync 1 DAGs
[2026-04-25T22:06:58.613+0000] {logging_mixin.py:188} INFO - [2026-04-25T22:06:58.613+0000] {dag.py:3954} INFO - Setting next_dagrun for example_python_operator to None, run_after=None
[2026-04-25T22:06:58.632+0000] {processor.py:183} INFO - Processing /home/airflow/.local/lib/python3.12/site-packages/airflow/example_dags/example_python_operator.py took 0.079 seconds
[2026-04-25T22:08:08.486+0000] {processor.py:161} INFO - Started process (PID=235) to work on /home/airflow/.local/lib/python3.12/site-packages/airflow/example_dags/example_python_operator.py
[2026-04-25T22:08:08.529+0000] {processor.py:830} INFO - Processing file /home/airflow/.local/lib/python3.12/site-packages/airflow/example_dags/example_python_operator.py for tasks to queue
[2026-04-25T22:08:08.532+0000] {logging_mixin.py:188} INFO - [2026-04-25T22:08:08.531+0000] {dagbag.py:540} INFO - Filling up the DagBag from /home/airflow/.local/lib/python3.12/site-packages/airflow/example_dags/example_python_operator.py
[2026-04-25T22:08:08.554+0000] {processor.py:840} INFO - DAG(s) 'example_python_operator' retrieved from /home/airflow/.local/lib/python3.12/site-packages/airflow/example_dags/example_python_operator.py
[2026-04-25T22:08:08.580+0000] {logging_mixin.py:188} INFO - [2026-04-25T22:08:08.580+0000] {dag.py:3096} INFO - Sync 1 DAGs
[2026-04-25T22:08:08.596+0000] {logging_mixin.py:188} INFO - [2026-04-25T22:08:08.596+0000] {dag.py:3954} INFO - Setting next_dagrun for example_python_operator to None, run_after=None
[2026-04-25T22:08:08.618+0000] {processor.py:183} INFO - Processing /home/airflow/.local/lib/python3.12/site-packages/airflow/example_dags/example_python_operator.py took 0.140 seconds
[2026-04-25T22:08:39.556+0000] {processor.py:161} INFO - Started process (PID=293) to work on /home/airflow/.local/lib/python3.12/site-packages/airflow/example_dags/example_python_operator.py
[2026-04-25T22:08:39.558+0000] {processor.py:830} INFO - Processing file /home/airflow/.local/lib/python3.12/site-packages/airflow/example_dags/example_python_operator.py for tasks to queue
[2026-04-25T22:08:39.562+0000] {logging_mixin.py:188} INFO - [2026-04-25T22:08:39.561+0000] {dagbag.py:540} INFO - Filling up the DagBag from /home/airflow/.local/lib/python3.12/site-packages/airflow/example_dags/example_python_operator.py
[2026-04-25T22:08:39.576+0000] {processor.py:840} INFO - DAG(s) 'example_python_operator' retrieved from /home/airflow/.local/lib/python3.12/site-packages/airflow/example_dags/example_python_operator.py
[2026-04-25T22:08:39.602+0000] {logging_mixin.py:188} INFO - [2026-04-25T22:08:39.601+0000] {dag.py:3096} INFO - Sync 1 DAGs
[2026-04-25T22:08:39.615+0000] {logging_mixin.py:188} INFO - [2026-04-25T22:08:39.615+0000] {dag.py:3954} INFO - Setting next_dagrun for example_python_operator to None, run_after=None
[2026-04-25T22:08:39.634+0000] {processor.py:183} INFO - Processing /home/airflow/.local/lib/python3.12/site-packages/airflow/example_dags/example_python_operator.py took 0.087 seconds
[2026-04-25T22:09:10.297+0000] {processor.py:161} INFO - Started process (PID=351) to work on /home/airflow/.local/lib/python3.12/site-packages/airflow/example_dags/example_python_operator.py
[2026-04-25T22:09:10.301+0000] {processor.py:830} INFO - Processing file /home/airflow/.local/lib/python3.12/site-packages/airflow/example_dags/example_python_operator.py for tasks to queue
[2026-04-25T22:09:10.303+0000] {logging_mixin.py:188} INFO - [2026-04-25T22:09:10.303+0000] {dagbag.py:540} INFO - Filling up the DagBag from /home/airflow/.local/lib/python3.12/site-packages/airflow/example_dags/example_python_operator.py
[2026-04-25T22:09:10.315+0000] {processor.py:840} INFO - DAG(s) 'example_python_operator' retrieved from /home/airflow/.local/lib/python3.12/site-packages/airflow/example_dags/example_python_operator.py
[2026-04-25T22:09:10.341+0000] {logging_mixin.py:188} INFO - [2026-04-25T22:09:10.341+0000] {dag.py:3096} INFO - Sync 1 DAGs
[2026-04-25T22:09:10.355+0000] {logging_mixin.py:188} INFO - [2026-04-25T22:09:10.354+0000] {dag.py:3954} INFO - Setting next_dagrun for example_python_operator to None, run_after=None
[2026-04-25T22:09:10.375+0000] {processor.py:183} INFO - Processing /home/airflow/.local/lib/python3.12/site-packages/airflow/example_dags/example_python_operator.py took 0.085 seconds
[2026-04-25T22:09:40.748+0000] {processor.py:161} INFO - Started process (PID=409) to work on /home/airflow/.local/lib/python3.12/site-packages/airflow/example_dags/example_python_operator.py
[2026-04-25T22:09:40.749+0000] {processor.py:830} INFO - Processing file /home/airflow/.local/lib/python3.12/site-packages/airflow/example_dags/example_python_operator.py for tasks to queue
[2026-04-25T22:09:40.752+0000] {logging_mixin.py:188} INFO - [2026-04-25T22:09:40.751+0000] {dagbag.py:540} INFO - Filling up the DagBag from /home/airflow/.local/lib/python3.12/site-packages/airflow/example_dags/example_python_operator.py
[2026-04-25T22:09:40.764+0000] {processor.py:840} INFO - DAG(s) 'example_python_operator' retrieved from /home/airflow/.local/lib/python3.12/site-packages/airflow/example_dags/example_python_operator.py
[2026-04-25T22:09:40.795+0000] {logging_mixin.py:188} INFO - [2026-04-25T22:09:40.795+0000] {dag.py:3096} INFO - Sync 1 DAGs
[2026-04-25T22:09:40.809+0000] {logging_mixin.py:188} INFO - [2026-04-25T22:09:40.809+0000] {dag.py:3954} INFO - Setting next_dagrun for example_python_operator to None, run_after=None
[2026-04-25T22:09:40.832+0000] {processor.py:183} INFO - Processing /home/airflow/.local/lib/python3.12/site-packages/airflow/example_dags/example_python_operator.py took 0.092 seconds
[2026-04-25T22:10:11.284+0000] {processor.py:161} INFO - Started process (PID=469) to work on /home/airflow/.local/lib/python3.12/site-packages/airflow/example_dags/example_python_operator.py
[2026-04-25T22:10:11.286+0000] {processor.py:830} INFO - Processing file /home/airflow/.local/lib/python3.12/site-packages/airflow/example_dags/example_python_operator.py for tasks to queue
[2026-04-25T22:10:11.288+0000] {logging_mixin.py:188} INFO - [2026-04-25T22:10:11.287+0000] {dagbag.py:540} INFO - Filling up the DagBag from /home/airflow/.local/lib/python3.12/site-packages/airflow/example_dags/example_python_operator.py
[2026-04-25T22:10:11.301+0000] {processor.py:840} INFO - DAG(s) 'example_python_operator' retrieved from /home/airflow/.local/lib/python3.12/site-packages/airflow/example_dags/example_python_operator.py
[2026-04-25T22:10:11.326+0000] {logging_mixin.py:188} INFO - [2026-04-25T22:10:11.326+0000] {dag.py:3096} INFO - Sync 1 DAGs
[2026-04-25T22:10:11.340+0000] {logging_mixin.py:188} INFO - [2026-04-25T22:10:11.340+0000] {dag.py:3954} INFO - Setting next_dagrun for example_python_operator to None, run_after=None
[2026-04-25T22:10:11.360+0000] {processor.py:183} INFO - Processing /home/airflow/.local/lib/python3.12/site-packages/airflow/example_dags/example_python_operator.py took 0.083 seconds
[2026-04-25T22:10:42.689+0000] {processor.py:161} INFO - Started process (PID=531) to work on /home/airflow/.local/lib/python3.12/site-packages/airflow/example_dags/example_python_operator.py
[2026-04-25T22:10:42.690+0000] {processor.py:830} INFO - Processing file /home/airflow/.local/lib/python3.12/site-packages/airflow/example_dags/example_python_operator.py for tasks to queue
[2026-04-25T22:10:42.693+0000] {logging_mixin.py:188} INFO - [2026-04-25T22:10:42.692+0000] {dagbag.py:540} INFO - Filling up the DagBag from /home/airflow/.local/lib/python3.12/site-packages/airflow/example_dags/example_python_operator.py
[2026-04-25T22:10:42.705+0000] {processor.py:840} INFO - DAG(s) 'example_python_operator' retrieved from /home/airflow/.local/lib/python3.12/site-packages/airflow/example_dags/example_python_operator.py
[2026-04-25T22:10:42.730+0000] {logging_mixin.py:188} INFO - [2026-04-25T22:10:42.730+0000] {dag.py:3096} INFO - Sync 1 DAGs
[2026-04-25T22:10:42.746+0000] {logging_mixin.py:188} INFO - [2026-04-25T22:10:42.746+0000] {dag.py:3954} INFO - Setting next_dagrun for example_python_operator to None, run_after=None
[2026-04-25T22:10:42.767+0000] {processor.py:183} INFO - Processing /home/airflow/.local/lib/python3.12/site-packages/airflow/example_dags/example_python_operator.py took 0.085 seconds
[2026-04-25T22:11:13.487+0000] {processor.py:161} INFO - Started process (PID=589) to work on /home/airflow/.local/lib/python3.12/site-packages/airflow/example_dags/example_python_operator.py
[2026-04-25T22:11:13.489+0000] {processor.py:830} INFO - Processing file /home/airflow/.local/lib/python3.12/site-packages/airflow/example_dags/example_python_operator.py for tasks to queue
[2026-04-25T22:11:13.493+0000] {logging_mixin.py:188} INFO - [2026-04-25T22:11:13.492+0000] {dagbag.py:540} INFO - Filling up the DagBag from /home/airflow/.local/lib/python3.12/site-packages/airflow/example_dags/example_python_operator.py
[2026-04-25T22:11:13.506+0000] {processor.py:840} INFO - DAG(s) 'example_python_operator' retrieved from /home/airflow/.local/lib/python3.12/site-packages/airflow/example_dags/example_python_operator.py
[2026-04-25T22:11:13.521+0000] {logging_mixin.py:188} INFO - [2026-04-25T22:11:13.520+0000] {dag.py:3096} INFO - Sync 1 DAGs
[2026-04-25T22:11:13.536+0000] {logging_mixin.py:188} INFO - [2026-04-25T22:11:13.536+0000] {dag.py:3954} INFO - Setting next_dagrun for example_python_operator to None, run_after=None
[2026-04-25T22:11:13.556+0000] {processor.py:183} INFO - Processing /home/airflow/.local/lib/python3.12/site-packages/airflow/example_dags/example_python_operator.py took 0.077 seconds
[2026-04-25T22:11:47.048+0000] {processor.py:161} INFO - Started process (PID=647) to work on /home/airflow/.local/lib/python3.12/site-packages/airflow/example_dags/example_python_operator.py
[2026-04-25T22:11:47.049+0000] {processor.py:830} INFO - Processing file /home/airflow/.local/lib/python3.12/site-packages/airflow/example_dags/example_python_operator.py for tasks to queue
[2026-04-25T22:11:47.052+0000] {logging_mixin.py:188} INFO - [2026-04-25T22:11:47.051+0000] {dagbag.py:540} INFO - Filling up the DagBag from /home/airflow/.local/lib/python3.12/site-packages/airflow/example_dags/example_python_operator.py
[2026-04-25T22:11:47.064+0000] {processor.py:840} INFO - DAG(s) 'example_python_operator' retrieved from /home/airflow/.local/lib/python3.12/site-packages/airflow/example_dags/example_python_operator.py
[2026-04-25T22:11:47.360+0000] {logging_mixin.py:188} INFO - [2026-04-25T22:11:47.360+0000] {dag.py:3096} INFO - Sync 1 DAGs
[2026-04-25T22:11:47.416+0000] {logging_mixin.py:188} INFO - [2026-04-25T22:11:47.415+0000] {dag.py:3954} INFO - Setting next_dagrun for example_python_operator to None, run_after=None
[2026-04-25T22:11:47.501+0000] {processor.py:183} INFO - Processing /home/airflow/.local/lib/python3.12/site-packages/airflow/example_dags/example_python_operator.py took 0.460 seconds
[2026-04-25T22:12:19.172+0000] {processor.py:161} INFO - Started process (PID=108) to work on /home/airflow/.local/lib/python3.12/site-packages/airflow/example_dags/example_python_operator.py
[2026-04-25T22:12:19.175+0000] {processor.py:830} INFO - Processing file /home/airflow/.local/lib/python3.12/site-packages/airflow/example_dags/example_python_operator.py for tasks to queue
[2026-04-25T22:12:19.178+0000] {logging_mixin.py:188} INFO - [2026-04-25T22:12:19.177+0000] {dagbag.py:540} INFO - Filling up the DagBag from /home/airflow/.local/lib/python3.12/site-packages/airflow/example_dags/example_python_operator.py
[2026-04-25T22:12:19.199+0000] {processor.py:840} INFO - DAG(s) 'example_python_operator' retrieved from /home/airflow/.local/lib/python3.12/site-packages/airflow/example_dags/example_python_operator.py
[2026-04-25T22:12:19.220+0000] {logging_mixin.py:188} INFO - [2026-04-25T22:12:19.219+0000] {dag.py:3096} INFO - Sync 1 DAGs
[2026-04-25T22:12:19.258+0000] {logging_mixin.py:188} INFO - [2026-04-25T22:12:19.257+0000] {dag.py:3954} INFO - Setting next_dagrun for example_python_operator to None, run_after=None
[2026-04-25T22:12:19.295+0000] {processor.py:183} INFO - Processing /home/airflow/.local/lib/python3.12/site-packages/airflow/example_dags/example_python_operator.py took 0.134 seconds
[2026-04-25T22:12:51.402+0000] {processor.py:161} INFO - Started process (PID=166) to work on /home/airflow/.local/lib/python3.12/site-packages/airflow/example_dags/example_python_operator.py
[2026-04-25T22:12:51.403+0000] {processor.py:830} INFO - Processing file /home/airflow/.local/lib/python3.12/site-packages/airflow/example_dags/example_python_operator.py for tasks to queue
[2026-04-25T22:12:51.406+0000] {logging_mixin.py:188} INFO - [2026-04-25T22:12:51.405+0000] {dagbag.py:540} INFO - Filling up the DagBag from /home/airflow/.local/lib/python3.12/site-packages/airflow/example_dags/example_python_operator.py
[2026-04-25T22:12:51.417+0000] {processor.py:840} INFO - DAG(s) 'example_python_operator' retrieved from /home/airflow/.local/lib/python3.12/site-packages/airflow/example_dags/example_python_operator.py
[2026-04-25T22:12:51.559+0000] {logging_mixin.py:188} INFO - [2026-04-25T22:12:51.558+0000] {dag.py:3096} INFO - Sync 1 DAGs
[2026-04-25T22:12:51.573+0000] {logging_mixin.py:188} INFO - [2026-04-25T22:12:51.573+0000] {dag.py:3954} INFO - Setting next_dagrun for example_python_operator to None, run_after=None
[2026-04-25T22:12:51.595+0000] {processor.py:183} INFO - Processing /home/airflow/.local/lib/python3.12/site-packages/airflow/example_dags/example_python_operator.py took 0.200 seconds
[2026-04-25T22:13:22.664+0000] {processor.py:161} INFO - Started process (PID=224) to work on /home/airflow/.local/lib/python3.12/site-packages/airflow/example_dags/example_python_operator.py
[2026-04-25T22:13:22.666+0000] {processor.py:830} INFO - Processing file /home/airflow/.local/lib/python3.12/site-packages/airflow/example_dags/example_python_operator.py for tasks to queue
[2026-04-25T22:13:22.668+0000] {logging_mixin.py:188} INFO - [2026-04-25T22:13:22.668+0000] {dagbag.py:540} INFO - Filling up the DagBag from /home/airflow/.local/lib/python3.12/site-packages/airflow/example_dags/example_python_operator.py
[2026-04-25T22:13:22.679+0000] {processor.py:840} INFO - DAG(s) 'example_python_operator' retrieved from /home/airflow/.local/lib/python3.12/site-packages/airflow/example_dags/example_python_operator.py
[2026-04-25T22:13:22.705+0000] {logging_mixin.py:188} INFO - [2026-04-25T22:13:22.705+0000] {dag.py:3096} INFO - Sync 1 DAGs
[2026-04-25T22:13:22.719+0000] {logging_mixin.py:188} INFO - [2026-04-25T22:13:22.718+0000] {dag.py:3954} INFO - Setting next_dagrun for example_python_operator to None, run_after=None
[2026-04-25T22:13:22.740+0000] {processor.py:183} INFO - Processing /home/airflow/.local/lib/python3.12/site-packages/airflow/example_dags/example_python_operator.py took 0.082 seconds
