[2026-04-25T22:06:15.332+0000] {processor.py:161} INFO - Started process (PID=93) to work on /home/airflow/.local/lib/python3.12/site-packages/airflow/example_dags/example_short_circuit_operator.py
[2026-04-25T22:06:15.333+0000] {processor.py:830} INFO - Processing file /home/airflow/.local/lib/python3.12/site-packages/airflow/example_dags/example_short_circuit_operator.py for tasks to queue
[2026-04-25T22:06:15.336+0000] {logging_mixin.py:188} INFO - [2026-04-25T22:06:15.335+0000] {dagbag.py:540} INFO - Filling up the DagBag from /home/airflow/.local/lib/python3.12/site-packages/airflow/example_dags/example_short_circuit_operator.py
[2026-04-25T22:06:15.347+0000] {processor.py:840} INFO - DAG(s) 'example_short_circuit_operator' retrieved from /home/airflow/.local/lib/python3.12/site-packages/airflow/example_dags/example_short_circuit_operator.py
[2026-04-25T22:06:15.462+0000] {logging_mixin.py:188} INFO - [2026-04-25T22:06:15.462+0000] {dag.py:3096} INFO - Sync 1 DAGs
[2026-04-25T22:06:15.484+0000] {logging_mixin.py:188} INFO - [2026-04-25T22:06:15.484+0000] {dag.py:3954} INFO - Setting next_dagrun for example_short_circuit_operator to 2026-04-24 00:00:00+00:00, run_after=2026-04-25 00:00:00+00:00
[2026-04-25T22:06:15.507+0000] {processor.py:183} INFO - Processing /home/airflow/.local/lib/python3.12/site-packages/airflow/example_dags/example_short_circuit_operator.py took 0.182 seconds
[2026-04-25T22:06:56.797+0000] {processor.py:161} INFO - Started process (PID=151) to work on /home/airflow/.local/lib/python3.12/site-packages/airflow/example_dags/example_short_circuit_operator.py
[2026-04-25T22:06:56.798+0000] {processor.py:830} INFO - Processing file /home/airflow/.local/lib/python3.12/site-packages/airflow/example_dags/example_short_circuit_operator.py for tasks to queue
[2026-04-25T22:06:56.802+0000] {logging_mixin.py:188} INFO - [2026-04-25T22:06:56.802+0000] {dagbag.py:540} INFO - Filling up the DagBag from /home/airflow/.local/lib/python3.12/site-packages/airflow/example_dags/example_short_circuit_operator.py
[2026-04-25T22:06:56.815+0000] {processor.py:840} INFO - DAG(s) 'example_short_circuit_operator' retrieved from /home/airflow/.local/lib/python3.12/site-packages/airflow/example_dags/example_short_circuit_operator.py
[2026-04-25T22:06:56.905+0000] {logging_mixin.py:188} INFO - [2026-04-25T22:06:56.904+0000] {dag.py:3096} INFO - Sync 1 DAGs
[2026-04-25T22:06:56.938+0000] {logging_mixin.py:188} INFO - [2026-04-25T22:06:56.938+0000] {dag.py:3954} INFO - Setting next_dagrun for example_short_circuit_operator to 2026-04-24 00:00:00+00:00, run_after=2026-04-25 00:00:00+00:00
[2026-04-25T22:06:56.993+0000] {processor.py:183} INFO - Processing /home/airflow/.local/lib/python3.12/site-packages/airflow/example_dags/example_short_circuit_operator.py took 0.205 seconds
[2026-04-25T22:08:06.761+0000] {processor.py:161} INFO - Started process (PID=215) to work on /home/airflow/.local/lib/python3.12/site-packages/airflow/example_dags/example_short_circuit_operator.py
[2026-04-25T22:08:06.771+0000] {processor.py:830} INFO - Processing file /home/airflow/.local/lib/python3.12/site-packages/airflow/example_dags/example_short_circuit_operator.py for tasks to queue
[2026-04-25T22:08:06.773+0000] {logging_mixin.py:188} INFO - [2026-04-25T22:08:06.773+0000] {dagbag.py:540} INFO - Filling up the DagBag from /home/airflow/.local/lib/python3.12/site-packages/airflow/example_dags/example_short_circuit_operator.py
[2026-04-25T22:08:06.782+0000] {processor.py:840} INFO - DAG(s) 'example_short_circuit_operator' retrieved from /home/airflow/.local/lib/python3.12/site-packages/airflow/example_dags/example_short_circuit_operator.py
[2026-04-25T22:08:06.807+0000] {logging_mixin.py:188} INFO - [2026-04-25T22:08:06.807+0000] {dag.py:3096} INFO - Sync 1 DAGs
[2026-04-25T22:08:06.831+0000] {logging_mixin.py:188} INFO - [2026-04-25T22:08:06.830+0000] {dag.py:3954} INFO - Setting next_dagrun for example_short_circuit_operator to 2026-04-24 00:00:00+00:00, run_after=2026-04-25 00:00:00+00:00
[2026-04-25T22:08:06.852+0000] {processor.py:183} INFO - Processing /home/airflow/.local/lib/python3.12/site-packages/airflow/example_dags/example_short_circuit_operator.py took 0.098 seconds
[2026-04-25T22:08:37.741+0000] {processor.py:161} INFO - Started process (PID=273) to work on /home/airflow/.local/lib/python3.12/site-packages/airflow/example_dags/example_short_circuit_operator.py
[2026-04-25T22:08:37.743+0000] {processor.py:830} INFO - Processing file /home/airflow/.local/lib/python3.12/site-packages/airflow/example_dags/example_short_circuit_operator.py for tasks to queue
[2026-04-25T22:08:37.746+0000] {logging_mixin.py:188} INFO - [2026-04-25T22:08:37.745+0000] {dagbag.py:540} INFO - Filling up the DagBag from /home/airflow/.local/lib/python3.12/site-packages/airflow/example_dags/example_short_circuit_operator.py
[2026-04-25T22:08:37.756+0000] {processor.py:840} INFO - DAG(s) 'example_short_circuit_operator' retrieved from /home/airflow/.local/lib/python3.12/site-packages/airflow/example_dags/example_short_circuit_operator.py
[2026-04-25T22:08:37.787+0000] {logging_mixin.py:188} INFO - [2026-04-25T22:08:37.786+0000] {dag.py:3096} INFO - Sync 1 DAGs
[2026-04-25T22:08:37.817+0000] {logging_mixin.py:188} INFO - [2026-04-25T22:08:37.816+0000] {dag.py:3954} INFO - Setting next_dagrun for example_short_circuit_operator to 2026-04-24 00:00:00+00:00, run_after=2026-04-25 00:00:00+00:00
[2026-04-25T22:08:37.848+0000] {processor.py:183} INFO - Processing /home/airflow/.local/lib/python3.12/site-packages/airflow/example_dags/example_short_circuit_operator.py took 0.114 seconds
[2026-04-25T22:09:08.634+0000] {processor.py:161} INFO - Started process (PID=331) to work on /home/airflow/.local/lib/python3.12/site-packages/airflow/example_dags/example_short_circuit_operator.py
[2026-04-25T22:09:08.635+0000] {processor.py:830} INFO - Processing file /home/airflow/.local/lib/python3.12/site-packages/airflow/example_dags/example_short_circuit_operator.py for tasks to queue
[2026-04-25T22:09:08.637+0000] {logging_mixin.py:188} INFO - [2026-04-25T22:09:08.637+0000] {dagbag.py:540} INFO - Filling up the DagBag from /home/airflow/.local/lib/python3.12/site-packages/airflow/example_dags/example_short_circuit_operator.py
[2026-04-25T22:09:08.645+0000] {processor.py:840} INFO - DAG(s) 'example_short_circuit_operator' retrieved from /home/airflow/.local/lib/python3.12/site-packages/airflow/example_dags/example_short_circuit_operator.py
[2026-04-25T22:09:08.674+0000] {logging_mixin.py:188} INFO - [2026-04-25T22:09:08.674+0000] {dag.py:3096} INFO - Sync 1 DAGs
[2026-04-25T22:09:08.699+0000] {logging_mixin.py:188} INFO - [2026-04-25T22:09:08.699+0000] {dag.py:3954} INFO - Setting next_dagrun for example_short_circuit_operator to 2026-04-24 00:00:00+00:00, run_after=2026-04-25 00:00:00+00:00
[2026-04-25T22:09:08.720+0000] {processor.py:183} INFO - Processing /home/airflow/.local/lib/python3.12/site-packages/airflow/example_dags/example_short_circuit_operator.py took 0.093 seconds
[2026-04-25T22:09:38.845+0000] {processor.py:161} INFO - Started process (PID=388) to work on /home/airflow/.local/lib/python3.12/site-packages/airflow/example_dags/example_short_circuit_operator.py
[2026-04-25T22:09:38.847+0000] {processor.py:830} INFO - Processing file /home/airflow/.local/lib/python3.12/site-packages/airflow/example_dags/example_short_circuit_operator.py for tasks to queue
[2026-04-25T22:09:38.849+0000] {logging_mixin.py:188} INFO - [2026-04-25T22:09:38.849+0000] {dagbag.py:540} INFO - Filling up the DagBag from /home/airflow/.local/lib/python3.12/site-packages/airflow/example_dags/example_short_circuit_operator.py
[2026-04-25T22:09:38.857+0000] {processor.py:840} INFO - DAG(s) 'example_short_circuit_operator' retrieved from /home/airflow/.local/lib/python3.12/site-packages/airflow/example_dags/example_short_circuit_operator.py
[2026-04-25T22:09:38.884+0000] {logging_mixin.py:188} INFO - [2026-04-25T22:09:38.883+0000] {dag.py:3096} INFO - Sync 1 DAGs
[2026-04-25T22:09:38.907+0000] {logging_mixin.py:188} INFO - [2026-04-25T22:09:38.907+0000] {dag.py:3954} INFO - Setting next_dagrun for example_short_circuit_operator to 2026-04-24 00:00:00+00:00, run_after=2026-04-25 00:00:00+00:00
[2026-04-25T22:09:38.929+0000] {processor.py:183} INFO - Processing /home/airflow/.local/lib/python3.12/site-packages/airflow/example_dags/example_short_circuit_operator.py took 0.091 seconds
[2026-04-25T22:10:09.300+0000] {processor.py:161} INFO - Started process (PID=446) to work on /home/airflow/.local/lib/python3.12/site-packages/airflow/example_dags/example_short_circuit_operator.py
[2026-04-25T22:10:09.304+0000] {processor.py:830} INFO - Processing file /home/airflow/.local/lib/python3.12/site-packages/airflow/example_dags/example_short_circuit_operator.py for tasks to queue
[2026-04-25T22:10:09.311+0000] {logging_mixin.py:188} INFO - [2026-04-25T22:10:09.310+0000] {dagbag.py:540} INFO - Filling up the DagBag from /home/airflow/.local/lib/python3.12/site-packages/airflow/example_dags/example_short_circuit_operator.py
[2026-04-25T22:10:09.336+0000] {processor.py:840} INFO - DAG(s) 'example_short_circuit_operator' retrieved from /home/airflow/.local/lib/python3.12/site-packages/airflow/example_dags/example_short_circuit_operator.py
[2026-04-25T22:10:09.403+0000] {logging_mixin.py:188} INFO - [2026-04-25T22:10:09.402+0000] {dag.py:3096} INFO - Sync 1 DAGs
[2026-04-25T22:10:09.475+0000] {logging_mixin.py:188} INFO - [2026-04-25T22:10:09.474+0000] {dag.py:3954} INFO - Setting next_dagrun for example_short_circuit_operator to 2026-04-24 00:00:00+00:00, run_after=2026-04-25 00:00:00+00:00
[2026-04-25T22:10:09.513+0000] {processor.py:183} INFO - Processing /home/airflow/.local/lib/python3.12/site-packages/airflow/example_dags/example_short_circuit_operator.py took 0.231 seconds
[2026-04-25T22:10:39.643+0000] {processor.py:161} INFO - Started process (PID=504) to work on /home/airflow/.local/lib/python3.12/site-packages/airflow/example_dags/example_short_circuit_operator.py
[2026-04-25T22:10:39.644+0000] {processor.py:830} INFO - Processing file /home/airflow/.local/lib/python3.12/site-packages/airflow/example_dags/example_short_circuit_operator.py for tasks to queue
[2026-04-25T22:10:39.647+0000] {logging_mixin.py:188} INFO - [2026-04-25T22:10:39.646+0000] {dagbag.py:540} INFO - Filling up the DagBag from /home/airflow/.local/lib/python3.12/site-packages/airflow/example_dags/example_short_circuit_operator.py
[2026-04-25T22:10:39.655+0000] {processor.py:840} INFO - DAG(s) 'example_short_circuit_operator' retrieved from /home/airflow/.local/lib/python3.12/site-packages/airflow/example_dags/example_short_circuit_operator.py
[2026-04-25T22:10:39.681+0000] {logging_mixin.py:188} INFO - [2026-04-25T22:10:39.681+0000] {dag.py:3096} INFO - Sync 1 DAGs
[2026-04-25T22:10:39.703+0000] {logging_mixin.py:188} INFO - [2026-04-25T22:10:39.703+0000] {dag.py:3954} INFO - Setting next_dagrun for example_short_circuit_operator to 2026-04-24 00:00:00+00:00, run_after=2026-04-25 00:00:00+00:00
[2026-04-25T22:10:39.726+0000] {processor.py:183} INFO - Processing /home/airflow/.local/lib/python3.12/site-packages/airflow/example_dags/example_short_circuit_operator.py took 0.089 seconds
[2026-04-25T22:11:10.192+0000] {processor.py:161} INFO - Started process (PID=562) to work on /home/airflow/.local/lib/python3.12/site-packages/airflow/example_dags/example_short_circuit_operator.py
[2026-04-25T22:11:10.194+0000] {processor.py:830} INFO - Processing file /home/airflow/.local/lib/python3.12/site-packages/airflow/example_dags/example_short_circuit_operator.py for tasks to queue
[2026-04-25T22:11:10.196+0000] {logging_mixin.py:188} INFO - [2026-04-25T22:11:10.196+0000] {dagbag.py:540} INFO - Filling up the DagBag from /home/airflow/.local/lib/python3.12/site-packages/airflow/example_dags/example_short_circuit_operator.py
[2026-04-25T22:11:10.204+0000] {processor.py:840} INFO - DAG(s) 'example_short_circuit_operator' retrieved from /home/airflow/.local/lib/python3.12/site-packages/airflow/example_dags/example_short_circuit_operator.py
[2026-04-25T22:11:10.219+0000] {logging_mixin.py:188} INFO - [2026-04-25T22:11:10.218+0000] {dag.py:3096} INFO - Sync 1 DAGs
[2026-04-25T22:11:10.242+0000] {logging_mixin.py:188} INFO - [2026-04-25T22:11:10.242+0000] {dag.py:3954} INFO - Setting next_dagrun for example_short_circuit_operator to 2026-04-24 00:00:00+00:00, run_after=2026-04-25 00:00:00+00:00
[2026-04-25T22:11:10.284+0000] {processor.py:183} INFO - Processing /home/airflow/.local/lib/python3.12/site-packages/airflow/example_dags/example_short_circuit_operator.py took 0.099 seconds
[2026-04-25T22:11:40.357+0000] {processor.py:161} INFO - Started process (PID=619) to work on /home/airflow/.local/lib/python3.12/site-packages/airflow/example_dags/example_short_circuit_operator.py
[2026-04-25T22:11:40.358+0000] {processor.py:830} INFO - Processing file /home/airflow/.local/lib/python3.12/site-packages/airflow/example_dags/example_short_circuit_operator.py for tasks to queue
[2026-04-25T22:11:40.360+0000] {logging_mixin.py:188} INFO - [2026-04-25T22:11:40.360+0000] {dagbag.py:540} INFO - Filling up the DagBag from /home/airflow/.local/lib/python3.12/site-packages/airflow/example_dags/example_short_circuit_operator.py
[2026-04-25T22:11:40.370+0000] {processor.py:840} INFO - DAG(s) 'example_short_circuit_operator' retrieved from /home/airflow/.local/lib/python3.12/site-packages/airflow/example_dags/example_short_circuit_operator.py
[2026-04-25T22:11:40.518+0000] {logging_mixin.py:188} INFO - [2026-04-25T22:11:40.518+0000] {dag.py:3096} INFO - Sync 1 DAGs
[2026-04-25T22:11:40.551+0000] {logging_mixin.py:188} INFO - [2026-04-25T22:11:40.551+0000] {dag.py:3954} INFO - Setting next_dagrun for example_short_circuit_operator to 2026-04-24 00:00:00+00:00, run_after=2026-04-25 00:00:00+00:00
[2026-04-25T22:11:40.756+0000] {processor.py:183} INFO - Processing /home/airflow/.local/lib/python3.12/site-packages/airflow/example_dags/example_short_circuit_operator.py took 0.408 seconds
[2026-04-25T22:12:17.505+0000] {processor.py:161} INFO - Started process (PID=82) to work on /home/airflow/.local/lib/python3.12/site-packages/airflow/example_dags/example_short_circuit_operator.py
[2026-04-25T22:12:17.507+0000] {processor.py:830} INFO - Processing file /home/airflow/.local/lib/python3.12/site-packages/airflow/example_dags/example_short_circuit_operator.py for tasks to queue
[2026-04-25T22:12:17.513+0000] {logging_mixin.py:188} INFO - [2026-04-25T22:12:17.512+0000] {dagbag.py:540} INFO - Filling up the DagBag from /home/airflow/.local/lib/python3.12/site-packages/airflow/example_dags/example_short_circuit_operator.py
[2026-04-25T22:12:17.538+0000] {processor.py:840} INFO - DAG(s) 'example_short_circuit_operator' retrieved from /home/airflow/.local/lib/python3.12/site-packages/airflow/example_dags/example_short_circuit_operator.py
[2026-04-25T22:12:17.570+0000] {logging_mixin.py:188} INFO - [2026-04-25T22:12:17.570+0000] {dag.py:3096} INFO - Sync 1 DAGs
[2026-04-25T22:12:17.616+0000] {logging_mixin.py:188} INFO - [2026-04-25T22:12:17.615+0000] {dag.py:3954} INFO - Setting next_dagrun for example_short_circuit_operator to 2026-04-24 00:00:00+00:00, run_after=2026-04-25 00:00:00+00:00
[2026-04-25T22:12:17.650+0000] {processor.py:183} INFO - Processing /home/airflow/.local/lib/python3.12/site-packages/airflow/example_dags/example_short_circuit_operator.py took 0.158 seconds
[2026-04-25T22:12:48.997+0000] {processor.py:161} INFO - Started process (PID=146) to work on /home/airflow/.local/lib/python3.12/site-packages/airflow/example_dags/example_short_circuit_operator.py
[2026-04-25T22:12:48.998+0000] {processor.py:830} INFO - Processing file /home/airflow/.local/lib/python3.12/site-packages/airflow/example_dags/example_short_circuit_operator.py for tasks to queue
[2026-04-25T22:12:49.000+0000] {logging_mixin.py:188} INFO - [2026-04-25T22:12:49.000+0000] {dagbag.py:540} INFO - Filling up the DagBag from /home/airflow/.local/lib/python3.12/site-packages/airflow/example_dags/example_short_circuit_operator.py
[2026-04-25T22:12:49.009+0000] {processor.py:840} INFO - DAG(s) 'example_short_circuit_operator' retrieved from /home/airflow/.local/lib/python3.12/site-packages/airflow/example_dags/example_short_circuit_operator.py
[2026-04-25T22:12:49.127+0000] {logging_mixin.py:188} INFO - [2026-04-25T22:12:49.127+0000] {dag.py:3096} INFO - Sync 1 DAGs
[2026-04-25T22:12:49.306+0000] {logging_mixin.py:188} INFO - [2026-04-25T22:12:49.305+0000] {dag.py:3954} INFO - Setting next_dagrun for example_short_circuit_operator to 2026-04-24 00:00:00+00:00, run_after=2026-04-25 00:00:00+00:00
[2026-04-25T22:12:49.335+0000] {processor.py:183} INFO - Processing /home/airflow/.local/lib/python3.12/site-packages/airflow/example_dags/example_short_circuit_operator.py took 0.345 seconds
[2026-04-25T22:13:19.724+0000] {processor.py:161} INFO - Started process (PID=204) to work on /home/airflow/.local/lib/python3.12/site-packages/airflow/example_dags/example_short_circuit_operator.py
[2026-04-25T22:13:19.726+0000] {processor.py:830} INFO - Processing file /home/airflow/.local/lib/python3.12/site-packages/airflow/example_dags/example_short_circuit_operator.py for tasks to queue
[2026-04-25T22:13:19.728+0000] {logging_mixin.py:188} INFO - [2026-04-25T22:13:19.727+0000] {dagbag.py:540} INFO - Filling up the DagBag from /home/airflow/.local/lib/python3.12/site-packages/airflow/example_dags/example_short_circuit_operator.py
[2026-04-25T22:13:19.736+0000] {processor.py:840} INFO - DAG(s) 'example_short_circuit_operator' retrieved from /home/airflow/.local/lib/python3.12/site-packages/airflow/example_dags/example_short_circuit_operator.py
[2026-04-25T22:13:19.760+0000] {logging_mixin.py:188} INFO - [2026-04-25T22:13:19.760+0000] {dag.py:3096} INFO - Sync 1 DAGs
[2026-04-25T22:13:19.784+0000] {logging_mixin.py:188} INFO - [2026-04-25T22:13:19.784+0000] {dag.py:3954} INFO - Setting next_dagrun for example_short_circuit_operator to 2026-04-24 00:00:00+00:00, run_after=2026-04-25 00:00:00+00:00
[2026-04-25T22:13:19.803+0000] {processor.py:183} INFO - Processing /home/airflow/.local/lib/python3.12/site-packages/airflow/example_dags/example_short_circuit_operator.py took 0.087 seconds
