[2026-04-25T22:06:16.507+0000] {processor.py:161} INFO - Started process (PID=101) to work on /home/airflow/.local/lib/python3.12/site-packages/airflow/example_dags/example_setup_teardown.py
[2026-04-25T22:06:16.508+0000] {processor.py:830} INFO - Processing file /home/airflow/.local/lib/python3.12/site-packages/airflow/example_dags/example_setup_teardown.py for tasks to queue
[2026-04-25T22:06:16.511+0000] {logging_mixin.py:188} INFO - [2026-04-25T22:06:16.511+0000] {dagbag.py:540} INFO - Filling up the DagBag from /home/airflow/.local/lib/python3.12/site-packages/airflow/example_dags/example_setup_teardown.py
[2026-04-25T22:06:16.519+0000] {processor.py:840} INFO - DAG(s) 'example_setup_teardown' retrieved from /home/airflow/.local/lib/python3.12/site-packages/airflow/example_dags/example_setup_teardown.py
[2026-04-25T22:06:16.635+0000] {logging_mixin.py:188} INFO - [2026-04-25T22:06:16.635+0000] {dag.py:3096} INFO - Sync 1 DAGs
[2026-04-25T22:06:16.656+0000] {logging_mixin.py:188} INFO - [2026-04-25T22:06:16.656+0000] {dag.py:3954} INFO - Setting next_dagrun for example_setup_teardown to 2026-04-24 00:00:00+00:00, run_after=2026-04-25 00:00:00+00:00
[2026-04-25T22:06:16.679+0000] {processor.py:183} INFO - Processing /home/airflow/.local/lib/python3.12/site-packages/airflow/example_dags/example_setup_teardown.py took 0.179 seconds
[2026-04-25T22:06:57.507+0000] {processor.py:161} INFO - Started process (PID=159) to work on /home/airflow/.local/lib/python3.12/site-packages/airflow/example_dags/example_setup_teardown.py
[2026-04-25T22:06:57.508+0000] {processor.py:830} INFO - Processing file /home/airflow/.local/lib/python3.12/site-packages/airflow/example_dags/example_setup_teardown.py for tasks to queue
[2026-04-25T22:06:57.511+0000] {logging_mixin.py:188} INFO - [2026-04-25T22:06:57.510+0000] {dagbag.py:540} INFO - Filling up the DagBag from /home/airflow/.local/lib/python3.12/site-packages/airflow/example_dags/example_setup_teardown.py
[2026-04-25T22:06:57.518+0000] {processor.py:840} INFO - DAG(s) 'example_setup_teardown' retrieved from /home/airflow/.local/lib/python3.12/site-packages/airflow/example_dags/example_setup_teardown.py
[2026-04-25T22:06:57.542+0000] {logging_mixin.py:188} INFO - [2026-04-25T22:06:57.542+0000] {dag.py:3096} INFO - Sync 1 DAGs
[2026-04-25T22:06:57.565+0000] {logging_mixin.py:188} INFO - [2026-04-25T22:06:57.565+0000] {dag.py:3954} INFO - Setting next_dagrun for example_setup_teardown to 2026-04-24 00:00:00+00:00, run_after=2026-04-25 00:00:00+00:00
[2026-04-25T22:06:57.585+0000] {processor.py:183} INFO - Processing /home/airflow/.local/lib/python3.12/site-packages/airflow/example_dags/example_setup_teardown.py took 0.085 seconds
[2026-04-25T22:08:07.496+0000] {processor.py:161} INFO - Started process (PID=223) to work on /home/airflow/.local/lib/python3.12/site-packages/airflow/example_dags/example_setup_teardown.py
[2026-04-25T22:08:07.515+0000] {processor.py:830} INFO - Processing file /home/airflow/.local/lib/python3.12/site-packages/airflow/example_dags/example_setup_teardown.py for tasks to queue
[2026-04-25T22:08:07.518+0000] {logging_mixin.py:188} INFO - [2026-04-25T22:08:07.517+0000] {dagbag.py:540} INFO - Filling up the DagBag from /home/airflow/.local/lib/python3.12/site-packages/airflow/example_dags/example_setup_teardown.py
[2026-04-25T22:08:07.527+0000] {processor.py:840} INFO - DAG(s) 'example_setup_teardown' retrieved from /home/airflow/.local/lib/python3.12/site-packages/airflow/example_dags/example_setup_teardown.py
[2026-04-25T22:08:07.554+0000] {logging_mixin.py:188} INFO - [2026-04-25T22:08:07.554+0000] {dag.py:3096} INFO - Sync 1 DAGs
[2026-04-25T22:08:07.596+0000] {logging_mixin.py:188} INFO - [2026-04-25T22:08:07.596+0000] {dag.py:3954} INFO - Setting next_dagrun for example_setup_teardown to 2026-04-24 00:00:00+00:00, run_after=2026-04-25 00:00:00+00:00
[2026-04-25T22:08:07.627+0000] {processor.py:183} INFO - Processing /home/airflow/.local/lib/python3.12/site-packages/airflow/example_dags/example_setup_teardown.py took 0.141 seconds
[2026-04-25T22:08:38.476+0000] {processor.py:161} INFO - Started process (PID=281) to work on /home/airflow/.local/lib/python3.12/site-packages/airflow/example_dags/example_setup_teardown.py
[2026-04-25T22:08:38.478+0000] {processor.py:830} INFO - Processing file /home/airflow/.local/lib/python3.12/site-packages/airflow/example_dags/example_setup_teardown.py for tasks to queue
[2026-04-25T22:08:38.480+0000] {logging_mixin.py:188} INFO - [2026-04-25T22:08:38.480+0000] {dagbag.py:540} INFO - Filling up the DagBag from /home/airflow/.local/lib/python3.12/site-packages/airflow/example_dags/example_setup_teardown.py
[2026-04-25T22:08:38.489+0000] {processor.py:840} INFO - DAG(s) 'example_setup_teardown' retrieved from /home/airflow/.local/lib/python3.12/site-packages/airflow/example_dags/example_setup_teardown.py
[2026-04-25T22:08:38.513+0000] {logging_mixin.py:188} INFO - [2026-04-25T22:08:38.513+0000] {dag.py:3096} INFO - Sync 1 DAGs
[2026-04-25T22:08:38.537+0000] {logging_mixin.py:188} INFO - [2026-04-25T22:08:38.537+0000] {dag.py:3954} INFO - Setting next_dagrun for example_setup_teardown to 2026-04-24 00:00:00+00:00, run_after=2026-04-25 00:00:00+00:00
[2026-04-25T22:08:38.559+0000] {processor.py:183} INFO - Processing /home/airflow/.local/lib/python3.12/site-packages/airflow/example_dags/example_setup_teardown.py took 0.089 seconds
[2026-04-25T22:09:09.339+0000] {processor.py:161} INFO - Started process (PID=339) to work on /home/airflow/.local/lib/python3.12/site-packages/airflow/example_dags/example_setup_teardown.py
[2026-04-25T22:09:09.382+0000] {processor.py:830} INFO - Processing file /home/airflow/.local/lib/python3.12/site-packages/airflow/example_dags/example_setup_teardown.py for tasks to queue
[2026-04-25T22:09:09.385+0000] {logging_mixin.py:188} INFO - [2026-04-25T22:09:09.385+0000] {dagbag.py:540} INFO - Filling up the DagBag from /home/airflow/.local/lib/python3.12/site-packages/airflow/example_dags/example_setup_teardown.py
[2026-04-25T22:09:09.397+0000] {processor.py:840} INFO - DAG(s) 'example_setup_teardown' retrieved from /home/airflow/.local/lib/python3.12/site-packages/airflow/example_dags/example_setup_teardown.py
[2026-04-25T22:09:09.426+0000] {logging_mixin.py:188} INFO - [2026-04-25T22:09:09.426+0000] {dag.py:3096} INFO - Sync 1 DAGs
[2026-04-25T22:09:09.486+0000] {logging_mixin.py:188} INFO - [2026-04-25T22:09:09.485+0000] {dag.py:3954} INFO - Setting next_dagrun for example_setup_teardown to 2026-04-24 00:00:00+00:00, run_after=2026-04-25 00:00:00+00:00
[2026-04-25T22:09:09.540+0000] {processor.py:183} INFO - Processing /home/airflow/.local/lib/python3.12/site-packages/airflow/example_dags/example_setup_teardown.py took 0.215 seconds
[2026-04-25T22:09:39.979+0000] {processor.py:161} INFO - Started process (PID=397) to work on /home/airflow/.local/lib/python3.12/site-packages/airflow/example_dags/example_setup_teardown.py
[2026-04-25T22:09:39.980+0000] {processor.py:830} INFO - Processing file /home/airflow/.local/lib/python3.12/site-packages/airflow/example_dags/example_setup_teardown.py for tasks to queue
[2026-04-25T22:09:39.982+0000] {logging_mixin.py:188} INFO - [2026-04-25T22:09:39.982+0000] {dagbag.py:540} INFO - Filling up the DagBag from /home/airflow/.local/lib/python3.12/site-packages/airflow/example_dags/example_setup_teardown.py
[2026-04-25T22:09:39.990+0000] {processor.py:840} INFO - DAG(s) 'example_setup_teardown' retrieved from /home/airflow/.local/lib/python3.12/site-packages/airflow/example_dags/example_setup_teardown.py
[2026-04-25T22:09:40.015+0000] {logging_mixin.py:188} INFO - [2026-04-25T22:09:40.014+0000] {dag.py:3096} INFO - Sync 1 DAGs
[2026-04-25T22:09:40.038+0000] {logging_mixin.py:188} INFO - [2026-04-25T22:09:40.038+0000] {dag.py:3954} INFO - Setting next_dagrun for example_setup_teardown to 2026-04-24 00:00:00+00:00, run_after=2026-04-25 00:00:00+00:00
[2026-04-25T22:09:40.061+0000] {processor.py:183} INFO - Processing /home/airflow/.local/lib/python3.12/site-packages/airflow/example_dags/example_setup_teardown.py took 0.088 seconds
[2026-04-25T22:10:10.392+0000] {processor.py:161} INFO - Started process (PID=455) to work on /home/airflow/.local/lib/python3.12/site-packages/airflow/example_dags/example_setup_teardown.py
[2026-04-25T22:10:10.393+0000] {processor.py:830} INFO - Processing file /home/airflow/.local/lib/python3.12/site-packages/airflow/example_dags/example_setup_teardown.py for tasks to queue
[2026-04-25T22:10:10.395+0000] {logging_mixin.py:188} INFO - [2026-04-25T22:10:10.395+0000] {dagbag.py:540} INFO - Filling up the DagBag from /home/airflow/.local/lib/python3.12/site-packages/airflow/example_dags/example_setup_teardown.py
[2026-04-25T22:10:10.403+0000] {processor.py:840} INFO - DAG(s) 'example_setup_teardown' retrieved from /home/airflow/.local/lib/python3.12/site-packages/airflow/example_dags/example_setup_teardown.py
[2026-04-25T22:10:10.427+0000] {logging_mixin.py:188} INFO - [2026-04-25T22:10:10.427+0000] {dag.py:3096} INFO - Sync 1 DAGs
[2026-04-25T22:10:10.455+0000] {logging_mixin.py:188} INFO - [2026-04-25T22:10:10.455+0000] {dag.py:3954} INFO - Setting next_dagrun for example_setup_teardown to 2026-04-24 00:00:00+00:00, run_after=2026-04-25 00:00:00+00:00
[2026-04-25T22:10:10.477+0000] {processor.py:183} INFO - Processing /home/airflow/.local/lib/python3.12/site-packages/airflow/example_dags/example_setup_teardown.py took 0.093 seconds
[2026-04-25T22:10:41.512+0000] {processor.py:161} INFO - Started process (PID=513) to work on /home/airflow/.local/lib/python3.12/site-packages/airflow/example_dags/example_setup_teardown.py
[2026-04-25T22:10:41.513+0000] {processor.py:830} INFO - Processing file /home/airflow/.local/lib/python3.12/site-packages/airflow/example_dags/example_setup_teardown.py for tasks to queue
[2026-04-25T22:10:41.516+0000] {logging_mixin.py:188} INFO - [2026-04-25T22:10:41.515+0000] {dagbag.py:540} INFO - Filling up the DagBag from /home/airflow/.local/lib/python3.12/site-packages/airflow/example_dags/example_setup_teardown.py
[2026-04-25T22:10:41.524+0000] {processor.py:840} INFO - DAG(s) 'example_setup_teardown' retrieved from /home/airflow/.local/lib/python3.12/site-packages/airflow/example_dags/example_setup_teardown.py
[2026-04-25T22:10:41.551+0000] {logging_mixin.py:188} INFO - [2026-04-25T22:10:41.551+0000] {dag.py:3096} INFO - Sync 1 DAGs
[2026-04-25T22:10:41.574+0000] {logging_mixin.py:188} INFO - [2026-04-25T22:10:41.574+0000] {dag.py:3954} INFO - Setting next_dagrun for example_setup_teardown to 2026-04-24 00:00:00+00:00, run_after=2026-04-25 00:00:00+00:00
[2026-04-25T22:10:41.598+0000] {processor.py:183} INFO - Processing /home/airflow/.local/lib/python3.12/site-packages/airflow/example_dags/example_setup_teardown.py took 0.093 seconds
[2026-04-25T22:11:11.924+0000] {processor.py:161} INFO - Started process (PID=571) to work on /home/airflow/.local/lib/python3.12/site-packages/airflow/example_dags/example_setup_teardown.py
[2026-04-25T22:11:11.925+0000] {processor.py:830} INFO - Processing file /home/airflow/.local/lib/python3.12/site-packages/airflow/example_dags/example_setup_teardown.py for tasks to queue
[2026-04-25T22:11:11.928+0000] {logging_mixin.py:188} INFO - [2026-04-25T22:11:11.928+0000] {dagbag.py:540} INFO - Filling up the DagBag from /home/airflow/.local/lib/python3.12/site-packages/airflow/example_dags/example_setup_teardown.py
[2026-04-25T22:11:11.937+0000] {processor.py:840} INFO - DAG(s) 'example_setup_teardown' retrieved from /home/airflow/.local/lib/python3.12/site-packages/airflow/example_dags/example_setup_teardown.py
[2026-04-25T22:11:11.952+0000] {logging_mixin.py:188} INFO - [2026-04-25T22:11:11.952+0000] {dag.py:3096} INFO - Sync 1 DAGs
[2026-04-25T22:11:11.979+0000] {logging_mixin.py:188} INFO - [2026-04-25T22:11:11.978+0000] {dag.py:3954} INFO - Setting next_dagrun for example_setup_teardown to 2026-04-24 00:00:00+00:00, run_after=2026-04-25 00:00:00+00:00
[2026-04-25T22:11:12.004+0000] {processor.py:183} INFO - Processing /home/airflow/.local/lib/python3.12/site-packages/airflow/example_dags/example_setup_teardown.py took 0.087 seconds
[2026-04-25T22:11:43.438+0000] {processor.py:161} INFO - Started process (PID=629) to work on /home/airflow/.local/lib/python3.12/site-packages/airflow/example_dags/example_setup_teardown.py
[2026-04-25T22:11:43.441+0000] {processor.py:830} INFO - Processing file /home/airflow/.local/lib/python3.12/site-packages/airflow/example_dags/example_setup_teardown.py for tasks to queue
[2026-04-25T22:11:43.448+0000] {logging_mixin.py:188} INFO - [2026-04-25T22:11:43.448+0000] {dagbag.py:540} INFO - Filling up the DagBag from /home/airflow/.local/lib/python3.12/site-packages/airflow/example_dags/example_setup_teardown.py
[2026-04-25T22:11:43.462+0000] {processor.py:840} INFO - DAG(s) 'example_setup_teardown' retrieved from /home/airflow/.local/lib/python3.12/site-packages/airflow/example_dags/example_setup_teardown.py
[2026-04-25T22:11:43.622+0000] {logging_mixin.py:188} INFO - [2026-04-25T22:11:43.621+0000] {dag.py:3096} INFO - Sync 1 DAGs
[2026-04-25T22:11:43.646+0000] {logging_mixin.py:188} INFO - [2026-04-25T22:11:43.646+0000] {dag.py:3954} INFO - Setting next_dagrun for example_setup_teardown to 2026-04-24 00:00:00+00:00, run_after=2026-04-25 00:00:00+00:00
[2026-04-25T22:11:43.820+0000] {processor.py:183} INFO - Processing /home/airflow/.local/lib/python3.12/site-packages/airflow/example_dags/example_setup_teardown.py took 0.394 seconds
[2026-04-25T22:12:18.058+0000] {processor.py:161} INFO - Started process (PID=90) to work on /home/airflow/.local/lib/python3.12/site-packages/airflow/example_dags/example_setup_teardown.py
[2026-04-25T22:12:18.059+0000] {processor.py:830} INFO - Processing file /home/airflow/.local/lib/python3.12/site-packages/airflow/example_dags/example_setup_teardown.py for tasks to queue
[2026-04-25T22:12:18.065+0000] {logging_mixin.py:188} INFO - [2026-04-25T22:12:18.064+0000] {dagbag.py:540} INFO - Filling up the DagBag from /home/airflow/.local/lib/python3.12/site-packages/airflow/example_dags/example_setup_teardown.py
[2026-04-25T22:12:18.072+0000] {processor.py:840} INFO - DAG(s) 'example_setup_teardown' retrieved from /home/airflow/.local/lib/python3.12/site-packages/airflow/example_dags/example_setup_teardown.py
[2026-04-25T22:12:18.089+0000] {logging_mixin.py:188} INFO - [2026-04-25T22:12:18.089+0000] {dag.py:3096} INFO - Sync 1 DAGs
[2026-04-25T22:12:18.118+0000] {logging_mixin.py:188} INFO - [2026-04-25T22:12:18.118+0000] {dag.py:3954} INFO - Setting next_dagrun for example_setup_teardown to 2026-04-24 00:00:00+00:00, run_after=2026-04-25 00:00:00+00:00
[2026-04-25T22:12:18.143+0000] {processor.py:183} INFO - Processing /home/airflow/.local/lib/python3.12/site-packages/airflow/example_dags/example_setup_teardown.py took 0.094 seconds
[2026-04-25T22:12:50.178+0000] {processor.py:161} INFO - Started process (PID=154) to work on /home/airflow/.local/lib/python3.12/site-packages/airflow/example_dags/example_setup_teardown.py
[2026-04-25T22:12:50.180+0000] {processor.py:830} INFO - Processing file /home/airflow/.local/lib/python3.12/site-packages/airflow/example_dags/example_setup_teardown.py for tasks to queue
[2026-04-25T22:12:50.182+0000] {logging_mixin.py:188} INFO - [2026-04-25T22:12:50.182+0000] {dagbag.py:540} INFO - Filling up the DagBag from /home/airflow/.local/lib/python3.12/site-packages/airflow/example_dags/example_setup_teardown.py
[2026-04-25T22:12:50.191+0000] {processor.py:840} INFO - DAG(s) 'example_setup_teardown' retrieved from /home/airflow/.local/lib/python3.12/site-packages/airflow/example_dags/example_setup_teardown.py
[2026-04-25T22:12:50.312+0000] {logging_mixin.py:188} INFO - [2026-04-25T22:12:50.312+0000] {dag.py:3096} INFO - Sync 1 DAGs
[2026-04-25T22:12:50.334+0000] {logging_mixin.py:188} INFO - [2026-04-25T22:12:50.333+0000] {dag.py:3954} INFO - Setting next_dagrun for example_setup_teardown to 2026-04-24 00:00:00+00:00, run_after=2026-04-25 00:00:00+00:00
[2026-04-25T22:12:50.356+0000] {processor.py:183} INFO - Processing /home/airflow/.local/lib/python3.12/site-packages/airflow/example_dags/example_setup_teardown.py took 0.185 seconds
[2026-04-25T22:13:21.596+0000] {processor.py:161} INFO - Started process (PID=212) to work on /home/airflow/.local/lib/python3.12/site-packages/airflow/example_dags/example_setup_teardown.py
[2026-04-25T22:13:21.597+0000] {processor.py:830} INFO - Processing file /home/airflow/.local/lib/python3.12/site-packages/airflow/example_dags/example_setup_teardown.py for tasks to queue
[2026-04-25T22:13:21.600+0000] {logging_mixin.py:188} INFO - [2026-04-25T22:13:21.600+0000] {dagbag.py:540} INFO - Filling up the DagBag from /home/airflow/.local/lib/python3.12/site-packages/airflow/example_dags/example_setup_teardown.py
[2026-04-25T22:13:21.610+0000] {processor.py:840} INFO - DAG(s) 'example_setup_teardown' retrieved from /home/airflow/.local/lib/python3.12/site-packages/airflow/example_dags/example_setup_teardown.py
[2026-04-25T22:13:21.637+0000] {logging_mixin.py:188} INFO - [2026-04-25T22:13:21.636+0000] {dag.py:3096} INFO - Sync 1 DAGs
[2026-04-25T22:13:21.661+0000] {logging_mixin.py:188} INFO - [2026-04-25T22:13:21.661+0000] {dag.py:3954} INFO - Setting next_dagrun for example_setup_teardown to 2026-04-24 00:00:00+00:00, run_after=2026-04-25 00:00:00+00:00
[2026-04-25T22:13:21.684+0000] {processor.py:183} INFO - Processing /home/airflow/.local/lib/python3.12/site-packages/airflow/example_dags/example_setup_teardown.py took 0.097 seconds
