[2026-04-25T22:06:16.508+0000] {processor.py:161} INFO - Started process (PID=102) to work on /home/airflow/.local/lib/python3.12/site-packages/airflow/example_dags/example_local_kubernetes_executor.py
[2026-04-25T22:06:16.509+0000] {processor.py:830} INFO - Processing file /home/airflow/.local/lib/python3.12/site-packages/airflow/example_dags/example_local_kubernetes_executor.py for tasks to queue
[2026-04-25T22:06:16.512+0000] {logging_mixin.py:188} INFO - [2026-04-25T22:06:16.512+0000] {dagbag.py:540} INFO - Filling up the DagBag from /home/airflow/.local/lib/python3.12/site-packages/airflow/example_dags/example_local_kubernetes_executor.py
[2026-04-25T22:06:16.521+0000] {processor.py:840} INFO - DAG(s) 'example_local_kubernetes_executor' retrieved from /home/airflow/.local/lib/python3.12/site-packages/airflow/example_dags/example_local_kubernetes_executor.py
[2026-04-25T22:06:16.644+0000] {logging_mixin.py:188} INFO - [2026-04-25T22:06:16.644+0000] {dag.py:3096} INFO - Sync 1 DAGs
[2026-04-25T22:06:16.656+0000] {logging_mixin.py:188} INFO - [2026-04-25T22:06:16.656+0000] {dag.py:3954} INFO - Setting next_dagrun for example_local_kubernetes_executor to None, run_after=None
[2026-04-25T22:06:16.678+0000] {processor.py:183} INFO - Processing /home/airflow/.local/lib/python3.12/site-packages/airflow/example_dags/example_local_kubernetes_executor.py took 0.176 seconds
[2026-04-25T22:06:57.554+0000] {processor.py:161} INFO - Started process (PID=160) to work on /home/airflow/.local/lib/python3.12/site-packages/airflow/example_dags/example_local_kubernetes_executor.py
[2026-04-25T22:06:57.556+0000] {processor.py:830} INFO - Processing file /home/airflow/.local/lib/python3.12/site-packages/airflow/example_dags/example_local_kubernetes_executor.py for tasks to queue
[2026-04-25T22:06:57.558+0000] {logging_mixin.py:188} INFO - [2026-04-25T22:06:57.558+0000] {dagbag.py:540} INFO - Filling up the DagBag from /home/airflow/.local/lib/python3.12/site-packages/airflow/example_dags/example_local_kubernetes_executor.py
[2026-04-25T22:06:57.567+0000] {processor.py:840} INFO - DAG(s) 'example_local_kubernetes_executor' retrieved from /home/airflow/.local/lib/python3.12/site-packages/airflow/example_dags/example_local_kubernetes_executor.py
[2026-04-25T22:06:57.608+0000] {logging_mixin.py:188} INFO - [2026-04-25T22:06:57.607+0000] {dag.py:3096} INFO - Sync 1 DAGs
[2026-04-25T22:06:57.626+0000] {logging_mixin.py:188} INFO - [2026-04-25T22:06:57.626+0000] {dag.py:3954} INFO - Setting next_dagrun for example_local_kubernetes_executor to None, run_after=None
[2026-04-25T22:06:57.652+0000] {processor.py:183} INFO - Processing /home/airflow/.local/lib/python3.12/site-packages/airflow/example_dags/example_local_kubernetes_executor.py took 0.105 seconds
[2026-04-25T22:08:07.536+0000] {processor.py:161} INFO - Started process (PID=224) to work on /home/airflow/.local/lib/python3.12/site-packages/airflow/example_dags/example_local_kubernetes_executor.py
[2026-04-25T22:08:07.581+0000] {processor.py:830} INFO - Processing file /home/airflow/.local/lib/python3.12/site-packages/airflow/example_dags/example_local_kubernetes_executor.py for tasks to queue
[2026-04-25T22:08:07.585+0000] {logging_mixin.py:188} INFO - [2026-04-25T22:08:07.585+0000] {dagbag.py:540} INFO - Filling up the DagBag from /home/airflow/.local/lib/python3.12/site-packages/airflow/example_dags/example_local_kubernetes_executor.py
[2026-04-25T22:08:07.602+0000] {processor.py:840} INFO - DAG(s) 'example_local_kubernetes_executor' retrieved from /home/airflow/.local/lib/python3.12/site-packages/airflow/example_dags/example_local_kubernetes_executor.py
[2026-04-25T22:08:07.657+0000] {logging_mixin.py:188} INFO - [2026-04-25T22:08:07.657+0000] {dag.py:3096} INFO - Sync 1 DAGs
[2026-04-25T22:08:07.674+0000] {logging_mixin.py:188} INFO - [2026-04-25T22:08:07.674+0000] {dag.py:3954} INFO - Setting next_dagrun for example_local_kubernetes_executor to None, run_after=None
[2026-04-25T22:08:07.699+0000] {processor.py:183} INFO - Processing /home/airflow/.local/lib/python3.12/site-packages/airflow/example_dags/example_local_kubernetes_executor.py took 0.171 seconds
[2026-04-25T22:08:38.610+0000] {processor.py:161} INFO - Started process (PID=282) to work on /home/airflow/.local/lib/python3.12/site-packages/airflow/example_dags/example_local_kubernetes_executor.py
[2026-04-25T22:08:38.612+0000] {processor.py:830} INFO - Processing file /home/airflow/.local/lib/python3.12/site-packages/airflow/example_dags/example_local_kubernetes_executor.py for tasks to queue
[2026-04-25T22:08:38.614+0000] {logging_mixin.py:188} INFO - [2026-04-25T22:08:38.614+0000] {dagbag.py:540} INFO - Filling up the DagBag from /home/airflow/.local/lib/python3.12/site-packages/airflow/example_dags/example_local_kubernetes_executor.py
[2026-04-25T22:08:38.623+0000] {processor.py:840} INFO - DAG(s) 'example_local_kubernetes_executor' retrieved from /home/airflow/.local/lib/python3.12/site-packages/airflow/example_dags/example_local_kubernetes_executor.py
[2026-04-25T22:08:38.660+0000] {logging_mixin.py:188} INFO - [2026-04-25T22:08:38.660+0000] {dag.py:3096} INFO - Sync 1 DAGs
[2026-04-25T22:08:38.674+0000] {logging_mixin.py:188} INFO - [2026-04-25T22:08:38.674+0000] {dag.py:3954} INFO - Setting next_dagrun for example_local_kubernetes_executor to None, run_after=None
[2026-04-25T22:08:38.696+0000] {processor.py:183} INFO - Processing /home/airflow/.local/lib/python3.12/site-packages/airflow/example_dags/example_local_kubernetes_executor.py took 0.092 seconds
[2026-04-25T22:09:09.460+0000] {processor.py:161} INFO - Started process (PID=340) to work on /home/airflow/.local/lib/python3.12/site-packages/airflow/example_dags/example_local_kubernetes_executor.py
[2026-04-25T22:09:09.464+0000] {processor.py:830} INFO - Processing file /home/airflow/.local/lib/python3.12/site-packages/airflow/example_dags/example_local_kubernetes_executor.py for tasks to queue
[2026-04-25T22:09:09.471+0000] {logging_mixin.py:188} INFO - [2026-04-25T22:09:09.470+0000] {dagbag.py:540} INFO - Filling up the DagBag from /home/airflow/.local/lib/python3.12/site-packages/airflow/example_dags/example_local_kubernetes_executor.py
[2026-04-25T22:09:09.505+0000] {processor.py:840} INFO - DAG(s) 'example_local_kubernetes_executor' retrieved from /home/airflow/.local/lib/python3.12/site-packages/airflow/example_dags/example_local_kubernetes_executor.py
[2026-04-25T22:09:09.580+0000] {logging_mixin.py:188} INFO - [2026-04-25T22:09:09.580+0000] {dag.py:3096} INFO - Sync 1 DAGs
[2026-04-25T22:09:09.594+0000] {logging_mixin.py:188} INFO - [2026-04-25T22:09:09.594+0000] {dag.py:3954} INFO - Setting next_dagrun for example_local_kubernetes_executor to None, run_after=None
[2026-04-25T22:09:09.617+0000] {processor.py:183} INFO - Processing /home/airflow/.local/lib/python3.12/site-packages/airflow/example_dags/example_local_kubernetes_executor.py took 0.178 seconds
[2026-04-25T22:09:39.979+0000] {processor.py:161} INFO - Started process (PID=398) to work on /home/airflow/.local/lib/python3.12/site-packages/airflow/example_dags/example_local_kubernetes_executor.py
[2026-04-25T22:09:39.980+0000] {processor.py:830} INFO - Processing file /home/airflow/.local/lib/python3.12/site-packages/airflow/example_dags/example_local_kubernetes_executor.py for tasks to queue
[2026-04-25T22:09:39.982+0000] {logging_mixin.py:188} INFO - [2026-04-25T22:09:39.982+0000] {dagbag.py:540} INFO - Filling up the DagBag from /home/airflow/.local/lib/python3.12/site-packages/airflow/example_dags/example_local_kubernetes_executor.py
[2026-04-25T22:09:39.992+0000] {processor.py:840} INFO - DAG(s) 'example_local_kubernetes_executor' retrieved from /home/airflow/.local/lib/python3.12/site-packages/airflow/example_dags/example_local_kubernetes_executor.py
[2026-04-25T22:09:40.029+0000] {logging_mixin.py:188} INFO - [2026-04-25T22:09:40.029+0000] {dag.py:3096} INFO - Sync 1 DAGs
[2026-04-25T22:09:40.044+0000] {logging_mixin.py:188} INFO - [2026-04-25T22:09:40.044+0000] {dag.py:3954} INFO - Setting next_dagrun for example_local_kubernetes_executor to None, run_after=None
[2026-04-25T22:09:40.067+0000] {processor.py:183} INFO - Processing /home/airflow/.local/lib/python3.12/site-packages/airflow/example_dags/example_local_kubernetes_executor.py took 0.094 seconds
[2026-04-25T22:10:10.496+0000] {processor.py:161} INFO - Started process (PID=456) to work on /home/airflow/.local/lib/python3.12/site-packages/airflow/example_dags/example_local_kubernetes_executor.py
[2026-04-25T22:10:10.497+0000] {processor.py:830} INFO - Processing file /home/airflow/.local/lib/python3.12/site-packages/airflow/example_dags/example_local_kubernetes_executor.py for tasks to queue
[2026-04-25T22:10:10.500+0000] {logging_mixin.py:188} INFO - [2026-04-25T22:10:10.499+0000] {dagbag.py:540} INFO - Filling up the DagBag from /home/airflow/.local/lib/python3.12/site-packages/airflow/example_dags/example_local_kubernetes_executor.py
[2026-04-25T22:10:10.509+0000] {processor.py:840} INFO - DAG(s) 'example_local_kubernetes_executor' retrieved from /home/airflow/.local/lib/python3.12/site-packages/airflow/example_dags/example_local_kubernetes_executor.py
[2026-04-25T22:10:10.545+0000] {logging_mixin.py:188} INFO - [2026-04-25T22:10:10.545+0000] {dag.py:3096} INFO - Sync 1 DAGs
[2026-04-25T22:10:10.559+0000] {logging_mixin.py:188} INFO - [2026-04-25T22:10:10.558+0000] {dag.py:3954} INFO - Setting next_dagrun for example_local_kubernetes_executor to None, run_after=None
[2026-04-25T22:10:10.578+0000] {processor.py:183} INFO - Processing /home/airflow/.local/lib/python3.12/site-packages/airflow/example_dags/example_local_kubernetes_executor.py took 0.092 seconds
[2026-04-25T22:10:41.606+0000] {processor.py:161} INFO - Started process (PID=514) to work on /home/airflow/.local/lib/python3.12/site-packages/airflow/example_dags/example_local_kubernetes_executor.py
[2026-04-25T22:10:41.609+0000] {processor.py:830} INFO - Processing file /home/airflow/.local/lib/python3.12/site-packages/airflow/example_dags/example_local_kubernetes_executor.py for tasks to queue
[2026-04-25T22:10:41.611+0000] {logging_mixin.py:188} INFO - [2026-04-25T22:10:41.611+0000] {dagbag.py:540} INFO - Filling up the DagBag from /home/airflow/.local/lib/python3.12/site-packages/airflow/example_dags/example_local_kubernetes_executor.py
[2026-04-25T22:10:41.620+0000] {processor.py:840} INFO - DAG(s) 'example_local_kubernetes_executor' retrieved from /home/airflow/.local/lib/python3.12/site-packages/airflow/example_dags/example_local_kubernetes_executor.py
[2026-04-25T22:10:41.658+0000] {logging_mixin.py:188} INFO - [2026-04-25T22:10:41.658+0000] {dag.py:3096} INFO - Sync 1 DAGs
[2026-04-25T22:10:41.671+0000] {logging_mixin.py:188} INFO - [2026-04-25T22:10:41.671+0000] {dag.py:3954} INFO - Setting next_dagrun for example_local_kubernetes_executor to None, run_after=None
[2026-04-25T22:10:41.690+0000] {processor.py:183} INFO - Processing /home/airflow/.local/lib/python3.12/site-packages/airflow/example_dags/example_local_kubernetes_executor.py took 0.091 seconds
[2026-04-25T22:11:12.005+0000] {processor.py:161} INFO - Started process (PID=572) to work on /home/airflow/.local/lib/python3.12/site-packages/airflow/example_dags/example_local_kubernetes_executor.py
[2026-04-25T22:11:12.007+0000] {processor.py:830} INFO - Processing file /home/airflow/.local/lib/python3.12/site-packages/airflow/example_dags/example_local_kubernetes_executor.py for tasks to queue
[2026-04-25T22:11:12.009+0000] {logging_mixin.py:188} INFO - [2026-04-25T22:11:12.009+0000] {dagbag.py:540} INFO - Filling up the DagBag from /home/airflow/.local/lib/python3.12/site-packages/airflow/example_dags/example_local_kubernetes_executor.py
[2026-04-25T22:11:12.019+0000] {processor.py:840} INFO - DAG(s) 'example_local_kubernetes_executor' retrieved from /home/airflow/.local/lib/python3.12/site-packages/airflow/example_dags/example_local_kubernetes_executor.py
[2026-04-25T22:11:12.034+0000] {logging_mixin.py:188} INFO - [2026-04-25T22:11:12.033+0000] {dag.py:3096} INFO - Sync 1 DAGs
[2026-04-25T22:11:12.049+0000] {logging_mixin.py:188} INFO - [2026-04-25T22:11:12.048+0000] {dag.py:3954} INFO - Setting next_dagrun for example_local_kubernetes_executor to None, run_after=None
[2026-04-25T22:11:12.072+0000] {processor.py:183} INFO - Processing /home/airflow/.local/lib/python3.12/site-packages/airflow/example_dags/example_local_kubernetes_executor.py took 0.074 seconds
[2026-04-25T22:11:43.483+0000] {processor.py:161} INFO - Started process (PID=630) to work on /home/airflow/.local/lib/python3.12/site-packages/airflow/example_dags/example_local_kubernetes_executor.py
[2026-04-25T22:11:43.485+0000] {processor.py:830} INFO - Processing file /home/airflow/.local/lib/python3.12/site-packages/airflow/example_dags/example_local_kubernetes_executor.py for tasks to queue
[2026-04-25T22:11:43.489+0000] {logging_mixin.py:188} INFO - [2026-04-25T22:11:43.488+0000] {dagbag.py:540} INFO - Filling up the DagBag from /home/airflow/.local/lib/python3.12/site-packages/airflow/example_dags/example_local_kubernetes_executor.py
[2026-04-25T22:11:43.501+0000] {processor.py:840} INFO - DAG(s) 'example_local_kubernetes_executor' retrieved from /home/airflow/.local/lib/python3.12/site-packages/airflow/example_dags/example_local_kubernetes_executor.py
[2026-04-25T22:11:43.665+0000] {logging_mixin.py:188} INFO - [2026-04-25T22:11:43.665+0000] {dag.py:3096} INFO - Sync 1 DAGs
[2026-04-25T22:11:43.679+0000] {logging_mixin.py:188} INFO - [2026-04-25T22:11:43.679+0000] {dag.py:3954} INFO - Setting next_dagrun for example_local_kubernetes_executor to None, run_after=None
[2026-04-25T22:11:43.704+0000] {processor.py:183} INFO - Processing /home/airflow/.local/lib/python3.12/site-packages/airflow/example_dags/example_local_kubernetes_executor.py took 0.228 seconds
[2026-04-25T22:12:18.170+0000] {processor.py:161} INFO - Started process (PID=91) to work on /home/airflow/.local/lib/python3.12/site-packages/airflow/example_dags/example_local_kubernetes_executor.py
[2026-04-25T22:12:18.172+0000] {processor.py:830} INFO - Processing file /home/airflow/.local/lib/python3.12/site-packages/airflow/example_dags/example_local_kubernetes_executor.py for tasks to queue
[2026-04-25T22:12:18.178+0000] {logging_mixin.py:188} INFO - [2026-04-25T22:12:18.177+0000] {dagbag.py:540} INFO - Filling up the DagBag from /home/airflow/.local/lib/python3.12/site-packages/airflow/example_dags/example_local_kubernetes_executor.py
[2026-04-25T22:12:18.193+0000] {processor.py:840} INFO - DAG(s) 'example_local_kubernetes_executor' retrieved from /home/airflow/.local/lib/python3.12/site-packages/airflow/example_dags/example_local_kubernetes_executor.py
[2026-04-25T22:12:18.210+0000] {logging_mixin.py:188} INFO - [2026-04-25T22:12:18.209+0000] {dag.py:3096} INFO - Sync 1 DAGs
[2026-04-25T22:12:18.229+0000] {logging_mixin.py:188} INFO - [2026-04-25T22:12:18.229+0000] {dag.py:3954} INFO - Setting next_dagrun for example_local_kubernetes_executor to None, run_after=None
[2026-04-25T22:12:18.256+0000] {processor.py:183} INFO - Processing /home/airflow/.local/lib/python3.12/site-packages/airflow/example_dags/example_local_kubernetes_executor.py took 0.098 seconds
[2026-04-25T22:12:50.216+0000] {processor.py:161} INFO - Started process (PID=155) to work on /home/airflow/.local/lib/python3.12/site-packages/airflow/example_dags/example_local_kubernetes_executor.py
[2026-04-25T22:12:50.217+0000] {processor.py:830} INFO - Processing file /home/airflow/.local/lib/python3.12/site-packages/airflow/example_dags/example_local_kubernetes_executor.py for tasks to queue
[2026-04-25T22:12:50.220+0000] {logging_mixin.py:188} INFO - [2026-04-25T22:12:50.220+0000] {dagbag.py:540} INFO - Filling up the DagBag from /home/airflow/.local/lib/python3.12/site-packages/airflow/example_dags/example_local_kubernetes_executor.py
[2026-04-25T22:12:50.231+0000] {processor.py:840} INFO - DAG(s) 'example_local_kubernetes_executor' retrieved from /home/airflow/.local/lib/python3.12/site-packages/airflow/example_dags/example_local_kubernetes_executor.py
[2026-04-25T22:12:50.353+0000] {logging_mixin.py:188} INFO - [2026-04-25T22:12:50.353+0000] {dag.py:3096} INFO - Sync 1 DAGs
[2026-04-25T22:12:50.365+0000] {logging_mixin.py:188} INFO - [2026-04-25T22:12:50.365+0000] {dag.py:3954} INFO - Setting next_dagrun for example_local_kubernetes_executor to None, run_after=None
[2026-04-25T22:12:50.385+0000] {processor.py:183} INFO - Processing /home/airflow/.local/lib/python3.12/site-packages/airflow/example_dags/example_local_kubernetes_executor.py took 0.178 seconds
[2026-04-25T22:13:21.729+0000] {processor.py:161} INFO - Started process (PID=213) to work on /home/airflow/.local/lib/python3.12/site-packages/airflow/example_dags/example_local_kubernetes_executor.py
[2026-04-25T22:13:21.730+0000] {processor.py:830} INFO - Processing file /home/airflow/.local/lib/python3.12/site-packages/airflow/example_dags/example_local_kubernetes_executor.py for tasks to queue
[2026-04-25T22:13:21.732+0000] {logging_mixin.py:188} INFO - [2026-04-25T22:13:21.732+0000] {dagbag.py:540} INFO - Filling up the DagBag from /home/airflow/.local/lib/python3.12/site-packages/airflow/example_dags/example_local_kubernetes_executor.py
[2026-04-25T22:13:21.741+0000] {processor.py:840} INFO - DAG(s) 'example_local_kubernetes_executor' retrieved from /home/airflow/.local/lib/python3.12/site-packages/airflow/example_dags/example_local_kubernetes_executor.py
[2026-04-25T22:13:21.776+0000] {logging_mixin.py:188} INFO - [2026-04-25T22:13:21.776+0000] {dag.py:3096} INFO - Sync 1 DAGs
[2026-04-25T22:13:21.789+0000] {logging_mixin.py:188} INFO - [2026-04-25T22:13:21.788+0000] {dag.py:3954} INFO - Setting next_dagrun for example_local_kubernetes_executor to None, run_after=None
[2026-04-25T22:13:21.809+0000] {processor.py:183} INFO - Processing /home/airflow/.local/lib/python3.12/site-packages/airflow/example_dags/example_local_kubernetes_executor.py took 0.086 seconds
