[2026-04-25T22:06:17.689+0000] {processor.py:161} INFO - Started process (PID=107) to work on /home/airflow/.local/lib/python3.12/site-packages/airflow/example_dags/example_nested_branch_dag.py
[2026-04-25T22:06:17.690+0000] {processor.py:830} INFO - Processing file /home/airflow/.local/lib/python3.12/site-packages/airflow/example_dags/example_nested_branch_dag.py for tasks to queue
[2026-04-25T22:06:17.693+0000] {logging_mixin.py:188} INFO - [2026-04-25T22:06:17.692+0000] {dagbag.py:540} INFO - Filling up the DagBag from /home/airflow/.local/lib/python3.12/site-packages/airflow/example_dags/example_nested_branch_dag.py
[2026-04-25T22:06:17.705+0000] {processor.py:840} INFO - DAG(s) 'example_nested_branch_dag' retrieved from /home/airflow/.local/lib/python3.12/site-packages/airflow/example_dags/example_nested_branch_dag.py
[2026-04-25T22:06:17.834+0000] {logging_mixin.py:188} INFO - [2026-04-25T22:06:17.834+0000] {dag.py:3096} INFO - Sync 1 DAGs
[2026-04-25T22:06:17.857+0000] {logging_mixin.py:188} INFO - [2026-04-25T22:06:17.857+0000] {dag.py:3954} INFO - Setting next_dagrun for example_nested_branch_dag to 2026-04-24 00:00:00+00:00, run_after=2026-04-25 00:00:00+00:00
[2026-04-25T22:06:17.881+0000] {processor.py:183} INFO - Processing /home/airflow/.local/lib/python3.12/site-packages/airflow/example_dags/example_nested_branch_dag.py took 0.199 seconds
[2026-04-25T22:06:57.914+0000] {processor.py:161} INFO - Started process (PID=165) to work on /home/airflow/.local/lib/python3.12/site-packages/airflow/example_dags/example_nested_branch_dag.py
[2026-04-25T22:06:57.915+0000] {processor.py:830} INFO - Processing file /home/airflow/.local/lib/python3.12/site-packages/airflow/example_dags/example_nested_branch_dag.py for tasks to queue
[2026-04-25T22:06:57.918+0000] {logging_mixin.py:188} INFO - [2026-04-25T22:06:57.918+0000] {dagbag.py:540} INFO - Filling up the DagBag from /home/airflow/.local/lib/python3.12/site-packages/airflow/example_dags/example_nested_branch_dag.py
[2026-04-25T22:06:57.931+0000] {processor.py:840} INFO - DAG(s) 'example_nested_branch_dag' retrieved from /home/airflow/.local/lib/python3.12/site-packages/airflow/example_dags/example_nested_branch_dag.py
[2026-04-25T22:06:57.997+0000] {logging_mixin.py:188} INFO - [2026-04-25T22:06:57.997+0000] {dag.py:3096} INFO - Sync 1 DAGs
[2026-04-25T22:06:58.026+0000] {logging_mixin.py:188} INFO - [2026-04-25T22:06:58.026+0000] {dag.py:3954} INFO - Setting next_dagrun for example_nested_branch_dag to 2026-04-24 00:00:00+00:00, run_after=2026-04-25 00:00:00+00:00
[2026-04-25T22:06:58.209+0000] {processor.py:183} INFO - Processing /home/airflow/.local/lib/python3.12/site-packages/airflow/example_dags/example_nested_branch_dag.py took 0.302 seconds
[2026-04-25T22:08:07.964+0000] {processor.py:161} INFO - Started process (PID=229) to work on /home/airflow/.local/lib/python3.12/site-packages/airflow/example_dags/example_nested_branch_dag.py
[2026-04-25T22:08:08.039+0000] {processor.py:830} INFO - Processing file /home/airflow/.local/lib/python3.12/site-packages/airflow/example_dags/example_nested_branch_dag.py for tasks to queue
[2026-04-25T22:08:08.041+0000] {logging_mixin.py:188} INFO - [2026-04-25T22:08:08.041+0000] {dagbag.py:540} INFO - Filling up the DagBag from /home/airflow/.local/lib/python3.12/site-packages/airflow/example_dags/example_nested_branch_dag.py
[2026-04-25T22:08:08.054+0000] {processor.py:840} INFO - DAG(s) 'example_nested_branch_dag' retrieved from /home/airflow/.local/lib/python3.12/site-packages/airflow/example_dags/example_nested_branch_dag.py
[2026-04-25T22:08:08.082+0000] {logging_mixin.py:188} INFO - [2026-04-25T22:08:08.082+0000] {dag.py:3096} INFO - Sync 1 DAGs
[2026-04-25T22:08:08.108+0000] {logging_mixin.py:188} INFO - [2026-04-25T22:08:08.108+0000] {dag.py:3954} INFO - Setting next_dagrun for example_nested_branch_dag to 2026-04-24 00:00:00+00:00, run_after=2026-04-25 00:00:00+00:00
[2026-04-25T22:08:08.139+0000] {processor.py:183} INFO - Processing /home/airflow/.local/lib/python3.12/site-packages/airflow/example_dags/example_nested_branch_dag.py took 0.183 seconds
[2026-04-25T22:08:38.968+0000] {processor.py:161} INFO - Started process (PID=287) to work on /home/airflow/.local/lib/python3.12/site-packages/airflow/example_dags/example_nested_branch_dag.py
[2026-04-25T22:08:38.969+0000] {processor.py:830} INFO - Processing file /home/airflow/.local/lib/python3.12/site-packages/airflow/example_dags/example_nested_branch_dag.py for tasks to queue
[2026-04-25T22:08:38.972+0000] {logging_mixin.py:188} INFO - [2026-04-25T22:08:38.972+0000] {dagbag.py:540} INFO - Filling up the DagBag from /home/airflow/.local/lib/python3.12/site-packages/airflow/example_dags/example_nested_branch_dag.py
[2026-04-25T22:08:38.984+0000] {processor.py:840} INFO - DAG(s) 'example_nested_branch_dag' retrieved from /home/airflow/.local/lib/python3.12/site-packages/airflow/example_dags/example_nested_branch_dag.py
[2026-04-25T22:08:39.016+0000] {logging_mixin.py:188} INFO - [2026-04-25T22:08:39.016+0000] {dag.py:3096} INFO - Sync 1 DAGs
[2026-04-25T22:08:39.050+0000] {logging_mixin.py:188} INFO - [2026-04-25T22:08:39.050+0000] {dag.py:3954} INFO - Setting next_dagrun for example_nested_branch_dag to 2026-04-24 00:00:00+00:00, run_after=2026-04-25 00:00:00+00:00
[2026-04-25T22:08:39.085+0000] {processor.py:183} INFO - Processing /home/airflow/.local/lib/python3.12/site-packages/airflow/example_dags/example_nested_branch_dag.py took 0.124 seconds
[2026-04-25T22:09:09.823+0000] {processor.py:161} INFO - Started process (PID=345) to work on /home/airflow/.local/lib/python3.12/site-packages/airflow/example_dags/example_nested_branch_dag.py
[2026-04-25T22:09:09.824+0000] {processor.py:830} INFO - Processing file /home/airflow/.local/lib/python3.12/site-packages/airflow/example_dags/example_nested_branch_dag.py for tasks to queue
[2026-04-25T22:09:09.826+0000] {logging_mixin.py:188} INFO - [2026-04-25T22:09:09.826+0000] {dagbag.py:540} INFO - Filling up the DagBag from /home/airflow/.local/lib/python3.12/site-packages/airflow/example_dags/example_nested_branch_dag.py
[2026-04-25T22:09:09.839+0000] {processor.py:840} INFO - DAG(s) 'example_nested_branch_dag' retrieved from /home/airflow/.local/lib/python3.12/site-packages/airflow/example_dags/example_nested_branch_dag.py
[2026-04-25T22:09:09.864+0000] {logging_mixin.py:188} INFO - [2026-04-25T22:09:09.864+0000] {dag.py:3096} INFO - Sync 1 DAGs
[2026-04-25T22:09:09.891+0000] {logging_mixin.py:188} INFO - [2026-04-25T22:09:09.890+0000] {dag.py:3954} INFO - Setting next_dagrun for example_nested_branch_dag to 2026-04-24 00:00:00+00:00, run_after=2026-04-25 00:00:00+00:00
[2026-04-25T22:09:09.913+0000] {processor.py:183} INFO - Processing /home/airflow/.local/lib/python3.12/site-packages/airflow/example_dags/example_nested_branch_dag.py took 0.098 seconds
[2026-04-25T22:09:40.369+0000] {processor.py:161} INFO - Started process (PID=403) to work on /home/airflow/.local/lib/python3.12/site-packages/airflow/example_dags/example_nested_branch_dag.py
[2026-04-25T22:09:40.371+0000] {processor.py:830} INFO - Processing file /home/airflow/.local/lib/python3.12/site-packages/airflow/example_dags/example_nested_branch_dag.py for tasks to queue
[2026-04-25T22:09:40.373+0000] {logging_mixin.py:188} INFO - [2026-04-25T22:09:40.373+0000] {dagbag.py:540} INFO - Filling up the DagBag from /home/airflow/.local/lib/python3.12/site-packages/airflow/example_dags/example_nested_branch_dag.py
[2026-04-25T22:09:40.384+0000] {processor.py:840} INFO - DAG(s) 'example_nested_branch_dag' retrieved from /home/airflow/.local/lib/python3.12/site-packages/airflow/example_dags/example_nested_branch_dag.py
[2026-04-25T22:09:40.408+0000] {logging_mixin.py:188} INFO - [2026-04-25T22:09:40.407+0000] {dag.py:3096} INFO - Sync 1 DAGs
[2026-04-25T22:09:40.432+0000] {logging_mixin.py:188} INFO - [2026-04-25T22:09:40.432+0000] {dag.py:3954} INFO - Setting next_dagrun for example_nested_branch_dag to 2026-04-24 00:00:00+00:00, run_after=2026-04-25 00:00:00+00:00
[2026-04-25T22:09:40.453+0000] {processor.py:183} INFO - Processing /home/airflow/.local/lib/python3.12/site-packages/airflow/example_dags/example_nested_branch_dag.py took 0.090 seconds
[2026-04-25T22:10:10.793+0000] {processor.py:161} INFO - Started process (PID=461) to work on /home/airflow/.local/lib/python3.12/site-packages/airflow/example_dags/example_nested_branch_dag.py
[2026-04-25T22:10:10.795+0000] {processor.py:830} INFO - Processing file /home/airflow/.local/lib/python3.12/site-packages/airflow/example_dags/example_nested_branch_dag.py for tasks to queue
[2026-04-25T22:10:10.798+0000] {logging_mixin.py:188} INFO - [2026-04-25T22:10:10.797+0000] {dagbag.py:540} INFO - Filling up the DagBag from /home/airflow/.local/lib/python3.12/site-packages/airflow/example_dags/example_nested_branch_dag.py
[2026-04-25T22:10:10.811+0000] {processor.py:840} INFO - DAG(s) 'example_nested_branch_dag' retrieved from /home/airflow/.local/lib/python3.12/site-packages/airflow/example_dags/example_nested_branch_dag.py
[2026-04-25T22:10:10.842+0000] {logging_mixin.py:188} INFO - [2026-04-25T22:10:10.842+0000] {dag.py:3096} INFO - Sync 1 DAGs
[2026-04-25T22:10:10.869+0000] {logging_mixin.py:188} INFO - [2026-04-25T22:10:10.869+0000] {dag.py:3954} INFO - Setting next_dagrun for example_nested_branch_dag to 2026-04-24 00:00:00+00:00, run_after=2026-04-25 00:00:00+00:00
[2026-04-25T22:10:10.891+0000] {processor.py:183} INFO - Processing /home/airflow/.local/lib/python3.12/site-packages/airflow/example_dags/example_nested_branch_dag.py took 0.105 seconds
[2026-04-25T22:10:41.872+0000] {processor.py:161} INFO - Started process (PID=519) to work on /home/airflow/.local/lib/python3.12/site-packages/airflow/example_dags/example_nested_branch_dag.py
[2026-04-25T22:10:41.873+0000] {processor.py:830} INFO - Processing file /home/airflow/.local/lib/python3.12/site-packages/airflow/example_dags/example_nested_branch_dag.py for tasks to queue
[2026-04-25T22:10:41.875+0000] {logging_mixin.py:188} INFO - [2026-04-25T22:10:41.875+0000] {dagbag.py:540} INFO - Filling up the DagBag from /home/airflow/.local/lib/python3.12/site-packages/airflow/example_dags/example_nested_branch_dag.py
[2026-04-25T22:10:41.887+0000] {processor.py:840} INFO - DAG(s) 'example_nested_branch_dag' retrieved from /home/airflow/.local/lib/python3.12/site-packages/airflow/example_dags/example_nested_branch_dag.py
[2026-04-25T22:10:41.911+0000] {logging_mixin.py:188} INFO - [2026-04-25T22:10:41.910+0000] {dag.py:3096} INFO - Sync 1 DAGs
[2026-04-25T22:10:41.934+0000] {logging_mixin.py:188} INFO - [2026-04-25T22:10:41.934+0000] {dag.py:3954} INFO - Setting next_dagrun for example_nested_branch_dag to 2026-04-24 00:00:00+00:00, run_after=2026-04-25 00:00:00+00:00
[2026-04-25T22:10:41.953+0000] {processor.py:183} INFO - Processing /home/airflow/.local/lib/python3.12/site-packages/airflow/example_dags/example_nested_branch_dag.py took 0.088 seconds
[2026-04-25T22:11:12.288+0000] {processor.py:161} INFO - Started process (PID=577) to work on /home/airflow/.local/lib/python3.12/site-packages/airflow/example_dags/example_nested_branch_dag.py
[2026-04-25T22:11:12.289+0000] {processor.py:830} INFO - Processing file /home/airflow/.local/lib/python3.12/site-packages/airflow/example_dags/example_nested_branch_dag.py for tasks to queue
[2026-04-25T22:11:12.292+0000] {logging_mixin.py:188} INFO - [2026-04-25T22:11:12.292+0000] {dagbag.py:540} INFO - Filling up the DagBag from /home/airflow/.local/lib/python3.12/site-packages/airflow/example_dags/example_nested_branch_dag.py
[2026-04-25T22:11:12.306+0000] {processor.py:840} INFO - DAG(s) 'example_nested_branch_dag' retrieved from /home/airflow/.local/lib/python3.12/site-packages/airflow/example_dags/example_nested_branch_dag.py
[2026-04-25T22:11:12.325+0000] {logging_mixin.py:188} INFO - [2026-04-25T22:11:12.324+0000] {dag.py:3096} INFO - Sync 1 DAGs
[2026-04-25T22:11:12.359+0000] {logging_mixin.py:188} INFO - [2026-04-25T22:11:12.358+0000] {dag.py:3954} INFO - Setting next_dagrun for example_nested_branch_dag to 2026-04-24 00:00:00+00:00, run_after=2026-04-25 00:00:00+00:00
[2026-04-25T22:11:12.382+0000] {processor.py:183} INFO - Processing /home/airflow/.local/lib/python3.12/site-packages/airflow/example_dags/example_nested_branch_dag.py took 0.103 seconds
[2026-04-25T22:11:45.958+0000] {processor.py:161} INFO - Started process (PID=641) to work on /home/airflow/.local/lib/python3.12/site-packages/airflow/example_dags/example_nested_branch_dag.py
[2026-04-25T22:11:45.959+0000] {processor.py:830} INFO - Processing file /home/airflow/.local/lib/python3.12/site-packages/airflow/example_dags/example_nested_branch_dag.py for tasks to queue
[2026-04-25T22:11:45.962+0000] {logging_mixin.py:188} INFO - [2026-04-25T22:11:45.962+0000] {dagbag.py:540} INFO - Filling up the DagBag from /home/airflow/.local/lib/python3.12/site-packages/airflow/example_dags/example_nested_branch_dag.py
[2026-04-25T22:11:45.973+0000] {processor.py:840} INFO - DAG(s) 'example_nested_branch_dag' retrieved from /home/airflow/.local/lib/python3.12/site-packages/airflow/example_dags/example_nested_branch_dag.py
[2026-04-25T22:11:46.087+0000] {logging_mixin.py:188} INFO - [2026-04-25T22:11:46.086+0000] {dag.py:3096} INFO - Sync 1 DAGs
[2026-04-25T22:11:46.261+0000] {logging_mixin.py:188} INFO - [2026-04-25T22:11:46.261+0000] {dag.py:3954} INFO - Setting next_dagrun for example_nested_branch_dag to 2026-04-24 00:00:00+00:00, run_after=2026-04-25 00:00:00+00:00
[2026-04-25T22:11:46.284+0000] {processor.py:183} INFO - Processing /home/airflow/.local/lib/python3.12/site-packages/airflow/example_dags/example_nested_branch_dag.py took 0.332 seconds
[2026-04-25T22:12:18.779+0000] {processor.py:161} INFO - Started process (PID=102) to work on /home/airflow/.local/lib/python3.12/site-packages/airflow/example_dags/example_nested_branch_dag.py
[2026-04-25T22:12:18.781+0000] {processor.py:830} INFO - Processing file /home/airflow/.local/lib/python3.12/site-packages/airflow/example_dags/example_nested_branch_dag.py for tasks to queue
[2026-04-25T22:12:18.783+0000] {logging_mixin.py:188} INFO - [2026-04-25T22:12:18.783+0000] {dagbag.py:540} INFO - Filling up the DagBag from /home/airflow/.local/lib/python3.12/site-packages/airflow/example_dags/example_nested_branch_dag.py
[2026-04-25T22:12:18.797+0000] {processor.py:840} INFO - DAG(s) 'example_nested_branch_dag' retrieved from /home/airflow/.local/lib/python3.12/site-packages/airflow/example_dags/example_nested_branch_dag.py
[2026-04-25T22:12:18.812+0000] {logging_mixin.py:188} INFO - [2026-04-25T22:12:18.812+0000] {dag.py:3096} INFO - Sync 1 DAGs
[2026-04-25T22:12:18.842+0000] {logging_mixin.py:188} INFO - [2026-04-25T22:12:18.841+0000] {dag.py:3954} INFO - Setting next_dagrun for example_nested_branch_dag to 2026-04-24 00:00:00+00:00, run_after=2026-04-25 00:00:00+00:00
[2026-04-25T22:12:18.866+0000] {processor.py:183} INFO - Processing /home/airflow/.local/lib/python3.12/site-packages/airflow/example_dags/example_nested_branch_dag.py took 0.094 seconds
[2026-04-25T22:12:50.806+0000] {processor.py:161} INFO - Started process (PID=160) to work on /home/airflow/.local/lib/python3.12/site-packages/airflow/example_dags/example_nested_branch_dag.py
[2026-04-25T22:12:50.808+0000] {processor.py:830} INFO - Processing file /home/airflow/.local/lib/python3.12/site-packages/airflow/example_dags/example_nested_branch_dag.py for tasks to queue
[2026-04-25T22:12:50.810+0000] {logging_mixin.py:188} INFO - [2026-04-25T22:12:50.810+0000] {dagbag.py:540} INFO - Filling up the DagBag from /home/airflow/.local/lib/python3.12/site-packages/airflow/example_dags/example_nested_branch_dag.py
[2026-04-25T22:12:50.820+0000] {processor.py:840} INFO - DAG(s) 'example_nested_branch_dag' retrieved from /home/airflow/.local/lib/python3.12/site-packages/airflow/example_dags/example_nested_branch_dag.py
[2026-04-25T22:12:50.932+0000] {logging_mixin.py:188} INFO - [2026-04-25T22:12:50.931+0000] {dag.py:3096} INFO - Sync 1 DAGs
[2026-04-25T22:12:50.952+0000] {logging_mixin.py:188} INFO - [2026-04-25T22:12:50.952+0000] {dag.py:3954} INFO - Setting next_dagrun for example_nested_branch_dag to 2026-04-24 00:00:00+00:00, run_after=2026-04-25 00:00:00+00:00
[2026-04-25T22:12:50.975+0000] {processor.py:183} INFO - Processing /home/airflow/.local/lib/python3.12/site-packages/airflow/example_dags/example_nested_branch_dag.py took 0.175 seconds
[2026-04-25T22:13:22.134+0000] {processor.py:161} INFO - Started process (PID=218) to work on /home/airflow/.local/lib/python3.12/site-packages/airflow/example_dags/example_nested_branch_dag.py
[2026-04-25T22:13:22.135+0000] {processor.py:830} INFO - Processing file /home/airflow/.local/lib/python3.12/site-packages/airflow/example_dags/example_nested_branch_dag.py for tasks to queue
[2026-04-25T22:13:22.139+0000] {logging_mixin.py:188} INFO - [2026-04-25T22:13:22.138+0000] {dagbag.py:540} INFO - Filling up the DagBag from /home/airflow/.local/lib/python3.12/site-packages/airflow/example_dags/example_nested_branch_dag.py
[2026-04-25T22:13:22.153+0000] {processor.py:840} INFO - DAG(s) 'example_nested_branch_dag' retrieved from /home/airflow/.local/lib/python3.12/site-packages/airflow/example_dags/example_nested_branch_dag.py
[2026-04-25T22:13:22.181+0000] {logging_mixin.py:188} INFO - [2026-04-25T22:13:22.181+0000] {dag.py:3096} INFO - Sync 1 DAGs
[2026-04-25T22:13:22.209+0000] {logging_mixin.py:188} INFO - [2026-04-25T22:13:22.208+0000] {dag.py:3954} INFO - Setting next_dagrun for example_nested_branch_dag to 2026-04-24 00:00:00+00:00, run_after=2026-04-25 00:00:00+00:00
[2026-04-25T22:13:22.238+0000] {processor.py:183} INFO - Processing /home/airflow/.local/lib/python3.12/site-packages/airflow/example_dags/example_nested_branch_dag.py took 0.113 seconds
