[2026-05-02T06:47:51.521+0000] {local_task_job_runner.py:120} INFO - ::group::Pre task execution logs
[2026-05-02T06:47:51.550+0000] {taskinstance.py:2073} INFO - Dependencies all met for dep_context=non-requeueable deps ti=<TaskInstance: etl_pipeline.ingestion manual__2026-05-02T06:47:43.937938+00:00 [queued]>
[2026-05-02T06:47:51.558+0000] {taskinstance.py:2073} INFO - Dependencies all met for dep_context=requeueable deps ti=<TaskInstance: etl_pipeline.ingestion manual__2026-05-02T06:47:43.937938+00:00 [queued]>
[2026-05-02T06:47:51.559+0000] {taskinstance.py:2303} INFO - Starting attempt 1 of 1
[2026-05-02T06:47:51.575+0000] {taskinstance.py:2327} INFO - Executing <Task(BashOperator): ingestion> on 2026-05-02 06:47:43.937938+00:00
[2026-05-02T06:47:51.584+0000] {standard_task_runner.py:90} INFO - Running: ['airflow', 'tasks', 'run', 'etl_pipeline', 'ingestion', 'manual__2026-05-02T06:47:43.937938+00:00', '--job-id', '7', '--raw', '--subdir', 'DAGS_FOLDER/retail_dag.py', '--cfg-path', '/tmp/tmp7i1o00bx']
[2026-05-02T06:47:51.587+0000] {logging_mixin.py:188} WARNING - /home/airflow/.local/lib/python3.12/site-packages/airflow/task/task_runner/standard_task_runner.py:61 DeprecationWarning: This process (pid=767) is multi-threaded, use of fork() may lead to deadlocks in the child.
[2026-05-02T06:47:51.587+0000] {standard_task_runner.py:91} INFO - Job 7: Subtask ingestion
[2026-05-02T06:47:51.588+0000] {standard_task_runner.py:63} INFO - Started process 960 to run task
[2026-05-02T06:47:56.078+0000] {task_command.py:426} INFO - Running <TaskInstance: etl_pipeline.ingestion manual__2026-05-02T06:47:43.937938+00:00 [running]> on host 031d388c913c
[2026-05-02T06:47:56.158+0000] {taskinstance.py:2644} INFO - Exporting env vars: AIRFLOW_CTX_DAG_OWNER='airflow' AIRFLOW_CTX_DAG_ID='etl_pipeline' AIRFLOW_CTX_TASK_ID='ingestion' AIRFLOW_CTX_EXECUTION_DATE='2026-05-02T06:47:43.937938+00:00' AIRFLOW_CTX_TRY_NUMBER='1' AIRFLOW_CTX_DAG_RUN_ID='manual__2026-05-02T06:47:43.937938+00:00'
[2026-05-02T06:47:56.161+0000] {taskinstance.py:430} INFO - ::endgroup::
[2026-05-02T06:47:56.162+0000] {subprocess.py:63} INFO - Tmp dir root location: /tmp
[2026-05-02T06:47:56.224+0000] {subprocess.py:75} INFO - Running command: ['/usr/bin/bash', '-c', 'python /opt/airflow/ingestion/ingestion.py']
[2026-05-02T06:47:56.236+0000] {subprocess.py:86} INFO - Output:
[2026-05-02T06:48:21.987+0000] {subprocess.py:93} INFO - Loaded rows: 6435
[2026-05-02T06:48:21.988+0000] {subprocess.py:93} INFO - Saved parquet file
[2026-05-02T06:48:22.024+0000] {subprocess.py:93} INFO - Traceback (most recent call last):
[2026-05-02T06:48:22.025+0000] {subprocess.py:93} INFO -   File "/home/airflow/.local/lib/python3.12/site-packages/sqlalchemy/engine/base.py", line 1910, in _execute_context
[2026-05-02T06:48:22.026+0000] {subprocess.py:93} INFO -     self.dialect.do_execute(
[2026-05-02T06:48:22.027+0000] {subprocess.py:93} INFO -   File "/home/airflow/.local/lib/python3.12/site-packages/sqlalchemy/engine/default.py", line 736, in do_execute
[2026-05-02T06:48:22.028+0000] {subprocess.py:93} INFO -     cursor.execute(statement, parameters)
[2026-05-02T06:48:22.029+0000] {subprocess.py:93} INFO - psycopg2.errors.InvalidSchemaName: schema "raw" does not exist
[2026-05-02T06:48:22.030+0000] {subprocess.py:93} INFO - 
[2026-05-02T06:48:22.031+0000] {subprocess.py:93} INFO - 
[2026-05-02T06:48:22.032+0000] {subprocess.py:93} INFO - The above exception was the direct cause of the following exception:
[2026-05-02T06:48:22.033+0000] {subprocess.py:93} INFO - 
[2026-05-02T06:48:22.034+0000] {subprocess.py:93} INFO - Traceback (most recent call last):
[2026-05-02T06:48:22.035+0000] {subprocess.py:93} INFO -   File "/opt/airflow/ingestion/ingestion.py", line 36, in <module>
[2026-05-02T06:48:22.037+0000] {subprocess.py:93} INFO -     conn.execute(text("TRUNCATE TABLE raw.walmart_sales"))
[2026-05-02T06:48:22.039+0000] {subprocess.py:93} INFO -   File "/home/airflow/.local/lib/python3.12/site-packages/sqlalchemy/engine/base.py", line 1385, in execute
[2026-05-02T06:48:22.040+0000] {subprocess.py:93} INFO -     return meth(self, multiparams, params, _EMPTY_EXECUTION_OPTS)
[2026-05-02T06:48:22.041+0000] {subprocess.py:93} INFO -            ^^^^^^^^^^^^^^^^^^^^^^^^^^^^^^^^^^^^^^^^^^^^^^^^^^^^^^
[2026-05-02T06:48:22.042+0000] {subprocess.py:93} INFO -   File "/home/airflow/.local/lib/python3.12/site-packages/sqlalchemy/sql/elements.py", line 334, in _execute_on_connection
[2026-05-02T06:48:22.043+0000] {subprocess.py:93} INFO -     return connection._execute_clauseelement(
[2026-05-02T06:48:22.044+0000] {subprocess.py:93} INFO -            ^^^^^^^^^^^^^^^^^^^^^^^^^^^^^^^^^^
[2026-05-02T06:48:22.045+0000] {subprocess.py:93} INFO -   File "/home/airflow/.local/lib/python3.12/site-packages/sqlalchemy/engine/base.py", line 1577, in _execute_clauseelement
[2026-05-02T06:48:22.046+0000] {subprocess.py:93} INFO -     ret = self._execute_context(
[2026-05-02T06:48:22.047+0000] {subprocess.py:93} INFO -           ^^^^^^^^^^^^^^^^^^^^^^
[2026-05-02T06:48:22.049+0000] {subprocess.py:93} INFO -   File "/home/airflow/.local/lib/python3.12/site-packages/sqlalchemy/engine/base.py", line 1953, in _execute_context
[2026-05-02T06:48:22.050+0000] {subprocess.py:93} INFO -     self._handle_dbapi_exception(
[2026-05-02T06:48:22.050+0000] {subprocess.py:93} INFO -   File "/home/airflow/.local/lib/python3.12/site-packages/sqlalchemy/engine/base.py", line 2134, in _handle_dbapi_exception
[2026-05-02T06:48:22.051+0000] {subprocess.py:93} INFO -     util.raise_(
[2026-05-02T06:48:22.052+0000] {subprocess.py:93} INFO -   File "/home/airflow/.local/lib/python3.12/site-packages/sqlalchemy/util/compat.py", line 211, in raise_
[2026-05-02T06:48:22.053+0000] {subprocess.py:93} INFO -     raise exception
[2026-05-02T06:48:22.054+0000] {subprocess.py:93} INFO -   File "/home/airflow/.local/lib/python3.12/site-packages/sqlalchemy/engine/base.py", line 1910, in _execute_context
[2026-05-02T06:48:22.055+0000] {subprocess.py:93} INFO -     self.dialect.do_execute(
[2026-05-02T06:48:22.056+0000] {subprocess.py:93} INFO -   File "/home/airflow/.local/lib/python3.12/site-packages/sqlalchemy/engine/default.py", line 736, in do_execute
[2026-05-02T06:48:22.057+0000] {subprocess.py:93} INFO -     cursor.execute(statement, parameters)
[2026-05-02T06:48:22.058+0000] {subprocess.py:93} INFO - sqlalchemy.exc.ProgrammingError: (psycopg2.errors.InvalidSchemaName) schema "raw" does not exist
[2026-05-02T06:48:22.059+0000] {subprocess.py:93} INFO - 
[2026-05-02T06:48:22.060+0000] {subprocess.py:93} INFO - [SQL: TRUNCATE TABLE raw.walmart_sales]
[2026-05-02T06:48:22.061+0000] {subprocess.py:93} INFO - (Background on this error at: https://sqlalche.me/e/14/f405)
[2026-05-02T06:48:22.324+0000] {subprocess.py:97} INFO - Command exited with return code 1
[2026-05-02T06:48:22.353+0000] {taskinstance.py:441} INFO - ::group::Post task execution logs
[2026-05-02T06:48:22.365+0000] {taskinstance.py:2890} ERROR - Task failed with exception
Traceback (most recent call last):
  File "/home/airflow/.local/lib/python3.12/site-packages/airflow/models/taskinstance.py", line 465, in _execute_task
    result = _execute_callable(context=context, **execute_callable_kwargs)
             ^^^^^^^^^^^^^^^^^^^^^^^^^^^^^^^^^^^^^^^^^^^^^^^^^^^^^^^^^^^^^
  File "/home/airflow/.local/lib/python3.12/site-packages/airflow/models/taskinstance.py", line 432, in _execute_callable
    return execute_callable(context=context, **execute_callable_kwargs)
           ^^^^^^^^^^^^^^^^^^^^^^^^^^^^^^^^^^^^^^^^^^^^^^^^^^^^^^^^^^^^
  File "/home/airflow/.local/lib/python3.12/site-packages/airflow/models/baseoperator.py", line 400, in wrapper
    return func(self, *args, **kwargs)
           ^^^^^^^^^^^^^^^^^^^^^^^^^^^
  File "/home/airflow/.local/lib/python3.12/site-packages/airflow/operators/bash.py", line 243, in execute
    raise AirflowException(
airflow.exceptions.AirflowException: Bash command failed. The command returned a non-zero exit code 1.
[2026-05-02T06:48:22.371+0000] {taskinstance.py:1205} INFO - Marking task as FAILED. dag_id=etl_pipeline, task_id=ingestion, execution_date=20260502T064743, start_date=20260502T064751, end_date=20260502T064822
[2026-05-02T06:48:22.990+0000] {standard_task_runner.py:110} ERROR - Failed to execute job 7 for task ingestion (Bash command failed. The command returned a non-zero exit code 1.; 960)
[2026-05-02T06:48:23.016+0000] {local_task_job_runner.py:240} INFO - Task exited with return code 1
[2026-05-02T06:48:23.038+0000] {taskinstance.py:3482} INFO - 0 downstream tasks scheduled from follow-on schedule check
[2026-05-02T06:48:23.043+0000] {local_task_job_runner.py:222} INFO - ::endgroup::
