[2026-05-08T20:17:55.677+0000] {local_task_job_runner.py:120} INFO - ::group::Pre task execution logs
[2026-05-08T20:17:55.755+0000] {taskinstance.py:2073} INFO - Dependencies all met for dep_context=non-requeueable deps ti=<TaskInstance: etl_pipeline.dbt_deps manual__2026-05-08T20:17:45.633405+00:00 [queued]>
[2026-05-08T20:17:55.767+0000] {taskinstance.py:2073} INFO - Dependencies all met for dep_context=requeueable deps ti=<TaskInstance: etl_pipeline.dbt_deps manual__2026-05-08T20:17:45.633405+00:00 [queued]>
[2026-05-08T20:17:55.768+0000] {taskinstance.py:2303} INFO - Starting attempt 1 of 1
[2026-05-08T20:17:55.786+0000] {taskinstance.py:2327} INFO - Executing <Task(BashOperator): dbt_deps> on 2026-05-08 20:17:45.633405+00:00
[2026-05-08T20:17:55.795+0000] {standard_task_runner.py:90} INFO - Running: ['airflow', 'tasks', 'run', 'etl_pipeline', 'dbt_deps', 'manual__2026-05-08T20:17:45.633405+00:00', '--job-id', '30', '--raw', '--subdir', 'DAGS_FOLDER/retail_dag.py', '--cfg-path', '/tmp/tmpnyyaqsi4']
[2026-05-08T20:17:55.798+0000] {logging_mixin.py:188} WARNING - /home/airflow/.local/lib/python3.12/site-packages/airflow/task/task_runner/standard_task_runner.py:61 DeprecationWarning: This process (pid=749) is multi-threaded, use of fork() may lead to deadlocks in the child.
[2026-05-08T20:17:55.798+0000] {standard_task_runner.py:91} INFO - Job 30: Subtask dbt_deps
[2026-05-08T20:17:55.799+0000] {standard_task_runner.py:63} INFO - Started process 751 to run task
[2026-05-08T20:17:56.116+0000] {task_command.py:426} INFO - Running <TaskInstance: etl_pipeline.dbt_deps manual__2026-05-08T20:17:45.633405+00:00 [running]> on host a0642a92ef20
[2026-05-08T20:17:56.418+0000] {taskinstance.py:2644} INFO - Exporting env vars: AIRFLOW_CTX_DAG_OWNER='airflow' AIRFLOW_CTX_DAG_ID='etl_pipeline' AIRFLOW_CTX_TASK_ID='dbt_deps' AIRFLOW_CTX_EXECUTION_DATE='2026-05-08T20:17:45.633405+00:00' AIRFLOW_CTX_TRY_NUMBER='1' AIRFLOW_CTX_DAG_RUN_ID='manual__2026-05-08T20:17:45.633405+00:00'
[2026-05-08T20:17:56.420+0000] {taskinstance.py:430} INFO - ::endgroup::
[2026-05-08T20:17:56.422+0000] {subprocess.py:63} INFO - Tmp dir root location: /tmp
[2026-05-08T20:17:56.423+0000] {subprocess.py:75} INFO - Running command: ['/usr/bin/bash', '-c', 'cd /opt/airflow/dbt_project && dbt deps']
[2026-05-08T20:17:56.435+0000] {subprocess.py:86} INFO - Output:
[2026-05-08T20:18:03.329+0000] {subprocess.py:93} INFO - [0m20:18:03  Running with dbt=1.7.14
[2026-05-08T20:18:03.631+0000] {subprocess.py:93} INFO - [0m20:18:03  Warning: No packages were found in packages.yml
[2026-05-08T20:18:03.652+0000] {subprocess.py:93} INFO - [0m20:18:03  Warning: No packages were found in packages.yml
[2026-05-08T20:18:06.290+0000] {subprocess.py:97} INFO - Command exited with return code 0
[2026-05-08T20:18:06.292+0000] {taskinstance.py:441} INFO - ::group::Post task execution logs
[2026-05-08T20:18:06.574+0000] {taskinstance.py:1205} INFO - Marking task as SUCCESS. dag_id=etl_pipeline, task_id=dbt_deps, execution_date=20260508T201745, start_date=20260508T201755, end_date=20260508T201806
[2026-05-08T20:18:06.629+0000] {local_task_job_runner.py:240} INFO - Task exited with return code 0
[2026-05-08T20:18:06.755+0000] {taskinstance.py:3482} INFO - 0 downstream tasks scheduled from follow-on schedule check
[2026-05-08T20:18:06.760+0000] {local_task_job_runner.py:222} INFO - ::endgroup::
